"../../../MyProject12/Content/3D_ASSETS_DANIEL/V1/New/new_colors.uasset" 0
"../../../MyProject12/Content/3D_ASSETS_DANIEL/V1/New/phong1.uasset" 1
"../../../MyProject12/Content/3D_ASSETS_DANIEL/V1/New/barrels_3.uasset" 2
"../../../MyProject12/Content/3D_ASSETS_DANIEL/V1/New/barrels_4.uasset" 3
"../../../MyProject12/Content/3D_ASSETS_DANIEL/V1/New/boxes_1.uasset" 4
"../../../MyProject12/Content/3D_ASSETS_DANIEL/V1/New/boxes_2.uasset" 5
"../../../MyProject12/Content/3D_ASSETS_DANIEL/V1/New/city_1_house_5.uasset" 6
"../../../MyProject12/Content/3D_ASSETS_DANIEL/V1/New/city_1_house_7.uasset" 7
"../../../MyProject12/Content/3D_ASSETS_DANIEL/V1/New/desert_house_2.uasset" 8
"../../../MyProject12/Content/3D_ASSETS_DANIEL/V1/New/desert_house_3.uasset" 9
"../../../MyProject12/Content/3D_ASSETS_DANIEL/V1/New/desert_house_6.uasset" 10
"../../../MyProject12/Content/3D_ASSETS_DANIEL/V1/New/food_basket_blue_1.uasset" 11
"../../../MyProject12/Content/3D_ASSETS_DANIEL/V1/New/food_basket_blue_2.uasset" 12
"../../../MyProject12/Content/3D_ASSETS_DANIEL/V1/New/food_basket_blue_3.uasset" 13
"../../../MyProject12/Content/3D_ASSETS_DANIEL/V1/New/food_basket_blue_4.uasset" 14
"../../../MyProject12/Content/3D_ASSETS_DANIEL/V1/New/food_basket_green.uasset" 15
"../../../MyProject12/Content/3D_ASSETS_DANIEL/V1/New/food_basket_orange.uasset" 16
"../../../MyProject12/Content/3D_ASSETS_DANIEL/V1/New/food_basket_yellow.uasset" 17
"../../../MyProject12/Content/3D_ASSETS_DANIEL/V1/New/food_box_full_1.uasset" 18
"../../../MyProject12/Content/3D_ASSETS_DANIEL/V1/New/food_box_full_5.uasset" 19
"../../../MyProject12/Content/3D_ASSETS_DANIEL/V1/New/food_box_full_6.uasset" 20
"../../../MyProject12/Content/3D_ASSETS_DANIEL/V1/New/ladder_1.uasset" 21
"../../../MyProject12/Content/3D_ASSETS_DANIEL/V1/New/monster_bones_1.uasset" 22
"../../../MyProject12/Content/3D_ASSETS_DANIEL/V1/New/monster_bones_2.uasset" 23
"../../../MyProject12/Content/3D_ASSETS_DANIEL/V1/New/monster_camp_bed_1.uasset" 24
"../../../MyProject12/Content/3D_ASSETS_DANIEL/V1/New/monster_camp_tent_mini_empty.uasset" 25
"../../../MyProject12/Content/3D_ASSETS_DANIEL/V1/New/monster_camp_tent_regular_1.uasset" 26
"../../../MyProject12/Content/3D_ASSETS_DANIEL/V1/New/monster_camp_tent_regular_3.uasset" 27
"../../../MyProject12/Content/3D_ASSETS_DANIEL/V1/New/monster_camp_tent_round_2.uasset" 28
"../../../MyProject12/Content/3D_ASSETS_DANIEL/V1/New/monster_camp_tent_round_3.uasset" 29
"../../../MyProject12/Content/3D_ASSETS_DANIEL/V1/New/ruins_wall_3.uasset" 30
"../../../MyProject12/Content/3D_ASSETS_DANIEL/V1/New/snow_log_1.uasset" 31
"../../../MyProject12/Content/3D_ASSETS_DANIEL/V1/New/snow_log_3.uasset" 32
"../../../MyProject12/Content/3D_ASSETS_DANIEL/V1/New/snow_log_4.uasset" 33
"../../../MyProject12/Content/3D_ASSETS_DANIEL/V1/New/stone_path_v1_small_1.uasset" 34
"../../../MyProject12/Content/3D_ASSETS_DANIEL/V1/New/stone_path_v1_small_2.uasset" 35
"../../../MyProject12/Content/3D_ASSETS_DANIEL/V1/New/stone_path_v1_small_3.uasset" 36
"../../../MyProject12/Content/3D_ASSETS_DANIEL/V1/New/swamp_house_1.uasset" 37
"../../../MyProject12/Content/3D_ASSETS_DANIEL/V1/New/wood_fence_v1_1.uasset" 38
"../../../MyProject12/Content/Blueprints/gameplay/Attacks/TimingInformation.uasset" 39
"../../../MyProject12/Content/Blueprints/gameplay/Attacks/Ability.uasset" 40
"../../../MyProject12/Content/Blueprints/gameplay/Attacks/AnimationInformation.uasset" 41
"../../../MyProject12/Content/Blueprints/gameplay/Attacks/Attack.uasset" 42
"../../../Engine/Content/EngineMeshes/Humanoid.uasset" 43
"../../../MyProject12/Content/InfinityBladeWarriors/Character/CompleteCharacters/SK_Mannequin_Skeleton.uasset" 44
"../../../MyProject12/Content/InfinityBladeWarriors/animations/ThirdPersonCastAOE.uasset" 45
"../../../MyProject12/Content/InfinityBladeWarriors/animations/ThirdPersonCastLaneBurst.uasset" 46
"../../../MyProject12/Content/InfinityBladeWarriors/animations/ThirdPersonIdle.uasset" 47
"../../../MyProject12/Content/InfinityBladeWarriors/animations/ThirdPersonRun.uasset" 48
"../../../MyProject12/Content/InfinityBladeWarriors/animations/ThirdPersonWalk.uasset" 49
"../../../MyProject12/Content/InfinityBladeWarriors/animations/0_baseIDLEBLEND.uasset" 50
"../../../Engine/Content/EditorBlueprintResources/StandardMacros.uasset" 51
"../../../MyProject12/Content/InfinityBladeWarriors/animations/0_baseANimBP.uasset" 52
"../../../MyProject12/Content/FogOfWar/Blueprints/FOWComponent.uasset" 53
"../../../Engine/Content/Functions/Engine_MaterialFunctions01/Density/ExponentialDensity.uasset" 54
"../../../Engine/Content/Functions/Engine_MaterialFunctions01/Gradient/RadialGradientExponential.uasset" 55
"../../../MyProject12/Content/TopDownBP/Blueprints/M_Cursor_Decal.uasset" 56
"../../../MyProject12/Content/InfinityBladeWarriors/Character/CompleteCharacters/Textures_Materials/CharM_Base/T_CharM_Base_D.uasset" 57
"../../../MyProject12/Content/InfinityBladeWarriors/Character/CompleteCharacters/Textures_Materials/CharM_Base/T_CharM_Base_M.uasset" 58
"../../../MyProject12/Content/InfinityBladeWarriors/Character/CompleteCharacters/Textures_Materials/CharM_Base/T_CharM_Base_N.uasset" 59
"../../../MyProject12/Content/InfinityBladeWarriors/Character/CompleteCharacters/Textures_Materials/CharM_Base/M_CharM_Base.uasset" 60
"../../../MyProject12/Content/InfinityBladeWarriors/Character/CompleteCharacters/sk_CharM_Base.uasset" 61
"../../../MyProject12/Content/Blueprints/characters/0_base.uasset" 62
"../../../MyProject12/Content/Blueprints/gameplay/Attacks/AttackComponent.uasset" 63
"../../../MyProject12/Content/Blueprints/gameplay/Attacks/AttackKeys.uasset" 64
"../../../MyProject12/Content/Blueprints/gameplay/Attacks/damageInformation.uasset" 65
"../../../MyProject12/Content/Blueprints/gameplay/Attacks/DamageType.uasset" 66
"../../../MyProject12/Content/Blueprints/gameplay/Attacks/MovementInformation.uasset" 67
"../../../MyProject12/Content/Blueprints/gameplay/Attacks/MovementType.uasset" 68
"../../../MyProject12/Content/Blueprints/gameplay/Attacks/TargettingInformation.uasset" 69
"../../../MyProject12/Content/Blueprints/gameplay/Attacks/TargettingType.uasset" 70
"../../../MyProject12/Content/FogOfWar/ExampleMap/Materials/SimpleColor.uasset" 71
"../../../MyProject12/Content/FogOfWar/ExampleMap/Materials/SimpleBlue.uasset" 72
"../../../MyProject12/Content/FogOfWar/ExampleMap/Materials/SimpleGreen.uasset" 73
"../../../MyProject12/Content/FogOfWar/ExampleMap/Materials/SimpleRed.uasset" 74
"../../../MyProject12/Content/FogOfWar/ExampleMap/Blueprints/VisibilityMode.uasset" 75
"../../../MyProject12/Content/FogOfWar/ExampleMap/Meshes/Mesh_SmallCube.uasset" 76
"../../../MyProject12/Content/FogOfWar/ExampleMap/Blueprints/Box.uasset" 77
"../../../MyProject12/Content/FogOfWar/ExampleMap/Mannequin/Character/Mesh/UE4_Mannequin_Skeleton.uasset" 78
"../../../MyProject12/Content/FogOfWar/ExampleMap/Mannequin/Animations/ThirdPerson_Jump.uasset" 79
"../../../MyProject12/Content/FogOfWar/ExampleMap/Mannequin/Animations/ThirdPersonJump_Loop.uasset" 80
"../../../MyProject12/Content/FogOfWar/ExampleMap/Mannequin/Animations/ThirdPersonJump_Start.uasset" 81
"../../../MyProject12/Content/FogOfWar/ExampleMap/Mannequin/Animations/ThirdPersonIdle.uasset" 82
"../../../MyProject12/Content/FogOfWar/ExampleMap/Mannequin/Animations/ThirdPersonRun.uasset" 83
"../../../MyProject12/Content/FogOfWar/ExampleMap/Mannequin/Animations/ThirdPersonWalk.uasset" 84
"../../../MyProject12/Content/FogOfWar/ExampleMap/Mannequin/Animations/ThirdPerson_IdleRun_2D.uasset" 85
"../../../MyProject12/Content/FogOfWar/ExampleMap/Mannequin/Animations/ThirdPerson_AnimBP.uasset" 86
"../../../Engine/Content/Functions/Engine_MaterialFunctions02/Utility/BlendAngleCorrectedNormals.uasset" 87
"../../../Engine/Content/Functions/MaterialLayerFunctions/MatLayerBlend_NormalBlend.uasset" 88
"../../../Engine/Content/Functions/MaterialLayerFunctions/MatLayerBlend_Simple.uasset" 89
"../../../MyProject12/Content/FogOfWar/ExampleMap/Mannequin/Character/Materials/MaterialLayers/T_ML_Rubber_Blue_01_D.uasset" 90
"../../../MyProject12/Content/FogOfWar/ExampleMap/Mannequin/Character/Materials/MaterialLayers/T_ML_Rubber_Blue_01_N.uasset" 91
"../../../MyProject12/Content/FogOfWar/ExampleMap/Mannequin/Character/Materials/MaterialLayers/ML_GlossyBlack_Latex_UE4.uasset" 92
"../../../MyProject12/Content/FogOfWar/ExampleMap/Mannequin/Character/Materials/MaterialLayers/ML_Plastic_Shiny_Beige.uasset" 93
"../../../MyProject12/Content/FogOfWar/ExampleMap/Mannequin/Character/Textures/UE4_LOGO_CARD.uasset" 94
"../../../MyProject12/Content/FogOfWar/ExampleMap/Mannequin/Character/Materials/MaterialLayers/ML_Plastic_Shiny_Beige_LOGO.uasset" 95
"../../../MyProject12/Content/FogOfWar/ExampleMap/Mannequin/Character/Materials/MaterialLayers/T_ML_Aluminum01.uasset" 96
"../../../MyProject12/Content/FogOfWar/ExampleMap/Mannequin/Character/Materials/MaterialLayers/T_ML_Aluminum01_N.uasset" 97
"../../../MyProject12/Content/FogOfWar/ExampleMap/Mannequin/Character/Materials/MaterialLayers/ML_SoftMetal_UE4.uasset" 98
"../../../MyProject12/Content/FogOfWar/ExampleMap/Mannequin/Character/Textures/UE4_Mannequin__normals.uasset" 99
"../../../MyProject12/Content/FogOfWar/ExampleMap/Mannequin/Character/Textures/UE4_Mannequin_MAT_MASKA.uasset" 100
"../../../MyProject12/Content/FogOfWar/ExampleMap/Mannequin/Character/Materials/M_UE4Man_Body.uasset" 101
"../../../MyProject12/Content/FogOfWar/ExampleMap/Mannequin/Character/Textures/UE4Man_Logo_N.uasset" 102
"../../../MyProject12/Content/FogOfWar/ExampleMap/Mannequin/Character/Materials/M_UE4Man_ChestLogo.uasset" 103
"../../../MyProject12/Content/FogOfWar/ExampleMap/Mannequin/Character/Mesh/SK_Mannequin.uasset" 104
"../../../MyProject12/Content/FogOfWar/ExampleMap/Blueprints/BP_Example_Character.uasset" 105
"../../../MyProject12/Content/FogOfWar/Materials/M_Fog_Black.uasset" 106
"../../../MyProject12/Content/FogOfWar/Materials/M_Fog_Gray.uasset" 107
"../../../MyProject12/Content/FogOfWar/Materials/M_FogPostProcess.uasset" 108
"../../../MyProject12/Content/FogOfWar/Blueprints/FogType.uasset" 109
"../../../MyProject12/Content/FogOfWar/Blueprints/FogDrawingActor.uasset" 110
"../../../MyProject12/Content/FogOfWar/ExampleMap/Blueprints/UMG_FogControl.uasset" 111
"../../../MyProject12/Content/FogOfWar/ExampleMap/Blueprints/BP_Example_PlayerController.uasset" 112
"../../../MyProject12/Content/FogOfWar/ExampleMap/Blueprints/BP_Example_GameMode.uasset" 113
"../../../MyProject12/Content/FogOfWar/ExampleMap/Mannequin/Animations/ThirdPersonJump_End.uasset" 114
"../../../MyProject12/Content/FogOfWar/ExampleMap/Mannequin/Character/Mesh/SK_Mannequin_PhysicsAsset.uasset" 115
"../../../MyProject12/Content/FogOfWar/ExampleMap/Materials/m_WallMaster.uasset" 116
"../../../MyProject12/Content/FogOfWar/ExampleMap/Materials/MovingWall.uasset" 117
"../../../MyProject12/Content/FogOfWar/ExampleMap/Materials/OnOffWall.uasset" 118
"../../../MyProject12/Content/FogOfWar/ExampleMap/Meshes/Mesh_Floor.uasset" 119
"../../../Engine/Content/Functions/Engine_MaterialFunctions01/Opacity/CameraDepthFade.uasset" 120
"../../../Engine/Content/EngineMaterials/T_Default_Material_Grid_M.uasset" 121
"../../../Engine/Content/EngineMaterials/T_Default_Material_Grid_N.uasset" 122
"../../../Engine/Content/EngineMaterials/WorldGridMaterial.uasset" 123
"../../../MyProject12/Content/FogOfWar/ExampleMap/Meshes/Mesh_Wall.uasset" 124
"../../../MyProject12/Content/Geometry/Meshes/CubeMaterial.uasset" 125
"../../../MyProject12/Content/Geometry/Meshes/TemplateFloor.uasset" 126
"../../../MyProject12/Content/InfinityBladeWarriors/animations/ThirdPersonJump_Loop.uasset" 127
"../../../MyProject12/Content/InfinityBladeWarriors/animations/ThirdPersonJump_Start.uasset" 128
"../../../MyProject12/Content/InfinityBladeWarriors/animations/ThirdPerson_Jump.uasset" 129
"../../../Engine/Content/EditorBlueprintResources/ActorMacros.uasset" 130
"../../../MyProject12/Content/Blueprints/allLevels/PlayerInfo.uasset" 131
"../../../MyProject12/Content/Blueprints/allLevels/playerSaveGame.uasset" 132
"../../../MyProject12/Content/InfinityBladeWarriors/Character/CompleteCharacters/Textures_Materials/CharM_Barbarous/T_CharM_Barbarous_D.uasset" 133
"../../../MyProject12/Content/InfinityBladeWarriors/Character/CompleteCharacters/Textures_Materials/CharM_Cardboard/Char_M_Cardboard_D.uasset" 134
"../../../MyProject12/Content/InfinityBladeWarriors/Character/CompleteCharacters/Textures_Materials/CharM_FrostGiant/T_Char_M_FrostGiant_D.uasset" 135
"../../../MyProject12/Content/StarterContent/Textures/T_Brick_Clay_New_D.uasset" 136
"../../../MyProject12/Content/StarterContent/Textures/T_Brick_Clay_New_N.uasset" 137
"../../../MyProject12/Content/StarterContent/Textures/T_Burst_M.uasset" 138
"../../../MyProject12/Content/StarterContent/Textures/T_Bush_N.uasset" 139
"../../../MyProject12/Content/StarterContent/Textures/T_Ceramic_Tile_M.uasset" 140
"../../../MyProject12/Content/UI/MainMenu/optionsMenu.uasset" 141
"../../../MyProject12/Content/UI/allLevels/loadingScreen.uasset" 142
"../../../MyProject12/Content/UI/MainMenu/hostMenu.uasset" 143
"../../../MyProject12/Content/UI/MainMenu/mainMenu.uasset" 144
"../../../MyProject12/Content/UI/MainMenu/serverMenu.uasset" 145
"../../../MyProject12/Content/Blueprints/allLevels/gameInfoInstance.uasset" 146
"../../../MyProject12/Content/Blueprints/gameplay/gameplayGM.uasset" 147
"../../../MyProject12/Content/InfinityBladeWarriors/Character/CompleteCharacters/Textures_Materials/CharM_Barbarous/T_CharM_Barbarous_MetalMask.uasset" 148
"../../../MyProject12/Content/InfinityBladeWarriors/Character/CompleteCharacters/Textures_Materials/CharM_Barbarous/T_CharM_Barbarous_N.uasset" 149
"../../../MyProject12/Content/InfinityBladeWarriors/Character/CompleteCharacters/Textures_Materials/CharM_Barbarous/M_Char_Barbrous.uasset" 150
"../../../MyProject12/Content/InfinityBladeWarriors/Character/CompleteCharacters/SK_CharM_Barbarous.uasset" 151
"../../../MyProject12/Content/Blueprints/characters/Barbarous.uasset" 152
"../../../MyProject12/Content/InfinityBladeWarriors/Character/CompleteCharacters/Textures_Materials/CharM_Forge/CharM_Forge_D.uasset" 153
"../../../MyProject12/Content/InfinityBladeWarriors/Character/CompleteCharacters/Textures_Materials/CharM_Forge/CharM_Forge_MetalMask.uasset" 154
"../../../MyProject12/Content/InfinityBladeWarriors/Character/CompleteCharacters/Textures_Materials/CharM_Forge/CharM_Forge_N.uasset" 155
"../../../MyProject12/Content/InfinityBladeWarriors/Character/CompleteCharacters/Textures_Materials/CharM_Forge/M_Char_Forge.uasset" 156
"../../../MyProject12/Content/InfinityBladeWarriors/Character/CompleteCharacters/SK_CharM_Forge.uasset" 157
"../../../MyProject12/Content/Blueprints/characters/Forge.uasset" 158
"../../../MyProject12/Content/InfinityBladeWarriors/Character/CompleteCharacters/Textures_Materials/CharM_FrostGiant/T_Char_M_FrostGiant_Masks.uasset" 159
"../../../MyProject12/Content/InfinityBladeWarriors/Character/CompleteCharacters/Textures_Materials/CharM_FrostGiant/T_Char_M_FrostGiant_MaterialMask.uasset" 160
"../../../MyProject12/Content/InfinityBladeWarriors/Character/CompleteCharacters/Textures_Materials/CharM_FrostGiant/T_Char_M_FrostGiant_N.uasset" 161
"../../../MyProject12/Content/InfinityBladeWarriors/Character/CompleteCharacters/Textures_Materials/CharM_FrostGiant/M_Char_FrostGiant.uasset" 162
"../../../MyProject12/Content/InfinityBladeWarriors/Character/CompleteCharacters/SK_CharM_FrostGiant.uasset" 163
"../../../MyProject12/Content/Blueprints/characters/Frosty.uasset" 164
"../../../MyProject12/Content/Mannequin/Character/Textures/UE4_LOGO_CARD.uasset" 165
"../../../MyProject12/Content/Textures/barbarous.uasset" 166
"../../../MyProject12/Content/Textures/forge.uasset" 167
"../../../MyProject12/Content/Textures/frosty.uasset" 168
"../../../MyProject12/Content/UI/Lobby/characterSelect.uasset" 169
"../../../MyProject12/Content/UI/Lobby/connectedPlayer.uasset" 170
"../../../MyProject12/Content/Textures/arena01.uasset" 171
"../../../MyProject12/Content/Textures/arena02.uasset" 172
"../../../MyProject12/Content/UI/Lobby/playerButton.uasset" 173
"../../../MyProject12/Content/UI/Lobby/gameSettings.uasset" 174
"../../../MyProject12/Content/UI/Lobby/lobbyMenu.uasset" 175
"../../../MyProject12/Content/Blueprints/lobby/lobbyGM.uasset" 176
"../../../MyProject12/Content/Blueprints/lobby/lobbyPlayerController.uasset" 177
"../../../MyProject12/Content/UI/allLevels/ChatText.uasset" 178
"../../../MyProject12/Content/UI/allLevels/chatWIndow.uasset" 179
"../../../MyProject12/Content/UI/allLevels/gameplayChat.uasset" 180
"../../../MyProject12/Content/InfinityBladeWarriors/animations/sprites/aoeSprite1.uasset" 181
"../../../MyProject12/Content/InfinityBladeWarriors/animations/sprites/aoe1.uasset" 182
"../../../MyProject12/Content/InfinityBladeWarriors/animations/sprites/aoeSprite2.uasset" 183
"../../../MyProject12/Content/InfinityBladeWarriors/animations/sprites/aoe2.uasset" 184
"../../../MyProject12/Content/InfinityBladeWarriors/animations/sprites/aoeSprite3.uasset" 185
"../../../MyProject12/Content/InfinityBladeWarriors/animations/sprites/aoe3.uasset" 186
"../../../MyProject12/Content/InfinityBladeWarriors/animations/sprites/aoe.uasset" 187
"../../../MyProject12/Content/InfinityBladeWarriors/animations/sprites/laneBurst1.uasset" 188
"../../../MyProject12/Content/InfinityBladeWarriors/animations/sprites/burst1.uasset" 189
"../../../MyProject12/Content/InfinityBladeWarriors/animations/sprites/laneBurst2.uasset" 190
"../../../MyProject12/Content/InfinityBladeWarriors/animations/sprites/burst2.uasset" 191
"../../../MyProject12/Content/InfinityBladeWarriors/animations/sprites/laneBurst3.uasset" 192
"../../../MyProject12/Content/InfinityBladeWarriors/animations/sprites/burst3.uasset" 193
"../../../MyProject12/Content/InfinityBladeWarriors/animations/sprites/burst.uasset" 194
"../../../MyProject12/Content/Blueprints/gameplay/gameplayPC.uasset" 195
"../../../MyProject12/Content/InfinityBladeWarriors/animations/sprites/aoeSpell.uasset" 196
"../../../MyProject12/Content/InfinityBladeWarriors/animations/sprites/burstSpell.uasset" 197
"../../../MyProject12/Content/InfinityBladeWarriors/Character/CompleteCharacters/Textures_Materials/CharM_Pit/T_CharM_Pit_D.uasset" 198
"../../../MyProject12/Content/InfinityBladeWarriors/Character/CompleteCharacters/Textures_Materials/CharM_Pit/T_CharM_Pit_Mask.uasset" 199
"../../../MyProject12/Content/InfinityBladeWarriors/Character/CompleteCharacters/Textures_Materials/CharM_Pit/T_CharM_Pit_N.uasset" 200
"../../../MyProject12/Content/InfinityBladeWarriors/Character/CompleteCharacters/Textures_Materials/CharM_Pit/M_Char_Pit.uasset" 201
"../../../MyProject12/Content/InfinityBladeWarriors/Character/CompleteCharacters/SK_CharM_Pit.uasset" 202
"../../../MyProject12/Content/InfinityBladeWarriors/Character/CompleteCharacters/Textures_Materials/CharM_Barbarous/T_CharM_BarbarousElite_D.uasset" 203
"../../../MyProject12/Content/InfinityBladeWarriors/Character/CompleteCharacters/Textures_Materials/CharM_Barbarous/M_Char_Barbarous_Elite.uasset" 204
"../../../MyProject12/Content/InfinityBladeWarriors/Character/CompleteCharacters/Textures_Materials/CharM_Barbarous/SK_CharM_Barbarous_Skeleton.uasset" 205
"../../../MyProject12/Content/InfinityBladeWarriors/Character/CompleteCharacters/Textures_Materials/CharM_Base/T_CharM_Base_D_MetalMask.uasset" 206
"../../../MyProject12/Content/InfinityBladeWarriors/Character/CompleteCharacters/Textures_Materials/CharM_Bladed/T_CharM_Bladed_Elite_D.uasset" 207
"../../../MyProject12/Content/InfinityBladeWarriors/Character/CompleteCharacters/Textures_Materials/CharM_Natural/T_CharM_NaturalElite_D.uasset" 208
"../../../MyProject12/Content/InfinityBladeWarriors/Character/CompleteCharacters/Textures_Materials/CharM_Natural/T_CharM_NaturalElite_Mask.uasset" 209
"../../../MyProject12/Content/InfinityBladeWarriors/Character/CompleteCharacters/Textures_Materials/CharM_Natural/T_CharM_NaturalElite_N.uasset" 210
"../../../MyProject12/Content/InfinityBladeWarriors/Character/CompleteCharacters/Textures_Materials/CharM_Pit/T_CharM_Trench_D.uasset" 211
"../../../MyProject12/Content/InfinityBladeWarriors/Character/CompleteCharacters/Textures_Materials/CharM_Pit/M_Char_Pit2.uasset" 212
"../../../MyProject12/Content/InfinityBladeWarriors/Character/CompleteCharacters/Textures_Materials/CharM_Pit/T_CharM_Pit3_D.uasset" 213
"../../../MyProject12/Content/InfinityBladeWarriors/Character/CompleteCharacters/Textures_Materials/CharM_Pit/M_Char_Pit3.uasset" 214
"../../../MyProject12/Content/InfinityBladeWarriors/Character/CompleteCharacters/Textures_Materials/CharM_Pit/T_CharM_Gorge_D.uasset" 215
"../../../MyProject12/Content/InfinityBladeWarriors/Character/CompleteCharacters/Textures_Materials/CharM_Ram/T_CharM_Ram_C_D.uasset" 216
"../../../MyProject12/Content/InfinityBladeWarriors/Character/CompleteCharacters/Textures_Materials/CharM_Ram/T_CharM_Ram_D.uasset" 217
"../../../MyProject12/Content/InfinityBladeWarriors/Character/CompleteCharacters/Textures_Materials/CharM_Shell/T_CharM_ShellB_D.uasset" 218
"../../../MyProject12/Content/InfinityBladeWarriors/Character/CompleteCharacters/Textures_Materials/CharM_Shell/T_CharM_Shell_C.uasset" 219
"../../../MyProject12/Content/InfinityBladeWarriors/Character/CompleteCharacters/Textures_Materials/CharM_Bladed/T_CharM_Bladed_D.uasset" 220
"../../../MyProject12/Content/InfinityBladeWarriors/Character/CompleteCharacters/Textures_Materials/CharM_Bladed/T_CharM_Bladed_MetalMask1.uasset" 221
"../../../MyProject12/Content/InfinityBladeWarriors/Character/CompleteCharacters/Textures_Materials/CharM_Bladed/T_CharM_Bladed_N.uasset" 222
"../../../MyProject12/Content/InfinityBladeWarriors/Character/CompleteCharacters/Textures_Materials/CharM_solid/M_CharM_Solid_Alternate.uasset" 223
"../../../MyProject12/Content/InfinityBladeWarriors/Character/CompleteCharacters/Textures_Materials/CharM_solid/T_CharM_Solid_Alt.uasset" 224
"../../../MyProject12/Content/InfinityBladeWarriors/Character/CompleteCharacters/Textures_Materials/CharM_solid/T_CharM_Solid_Alternate.uasset" 225
"../../../MyProject12/Content/InfinityBladeWarriors/Character/CompleteCharacters/Textures_Materials/CharM_solid/T_CharM_Solid_Alt_Mask.uasset" 226
"../../../MyProject12/Content/InfinityBladeWarriors/Character/CompleteCharacters/Textures_Materials/CharM_Warrior/T_CharM_Warrior_Emissive.uasset" 227
"../../../MyProject12/Content/Mannequin/Character/Mesh/UE4_Mannequin_Skeleton.uasset" 228
"../../../MyProject12/Content/Mannequin/Animations/Standing_2H_Magic_Area_Attack_02_mixamo_com.uasset" 229
"../../../MyProject12/Content/Mannequin/Animations/Standing_2H_Magic_Attack_01_mixamo_com.uasset" 230
"../../../MyProject12/Content/Mannequin/Animations/ThirdPersonJump_End.uasset" 231
"../../../MyProject12/Content/StarterContent/Materials/M_Basic_Wall.uasset" 232
"../../../MyProject12/Content/StarterContent/Architecture/Pillar_50x500.uasset" 233
"../../../MyProject12/Content/StarterContent/Architecture/Wall_400x300.uasset" 234
"../../../MyProject12/Content/StarterContent/Architecture/Wall_400x400.uasset" 235
"../../../MyProject12/Content/StarterContent/Architecture/Wall_500x500.uasset" 236
"../../../MyProject12/Content/StarterContent/Architecture/Wall_Door_400x400.uasset" 237
"../../../MyProject12/Content/StarterContent/Architecture/Wall_Window_400x400.uasset" 238
"../../../MyProject12/Content/StarterContent/Audio/Light01_Cue.uasset" 239
"../../../MyProject12/Content/StarterContent/Audio/Light02_Cue.uasset" 240
"../../../MyProject12/Content/StarterContent/Audio/Explosion_Cue.uasset" 241
"../../../MyProject12/Content/StarterContent/Particles/Materials/M_Burst.uasset" 242
"../../../MyProject12/Content/StarterContent/Textures/T_Explosion_SubUV.uasset" 243
"../../../MyProject12/Content/StarterContent/Particles/Materials/M_explosion_subUV.uasset" 244
"../../../MyProject12/Content/StarterContent/Particles/Materials/m_flare_01.uasset" 245
"../../../Engine/Content/Functions/Engine_MaterialFunctions01/Gradient/RadialGradient.uasset" 246
"../../../MyProject12/Content/StarterContent/Particles/Materials/M_radial_ramp.uasset" 247
"../../../MyProject12/Content/StarterContent/Textures/T_Smoke_SubUV.uasset" 248
"../../../MyProject12/Content/StarterContent/Textures/T_Smoke_Tiled_D.uasset" 249
"../../../MyProject12/Content/StarterContent/Particles/Materials/M_smoke_subUV.uasset" 250
"../../../MyProject12/Content/StarterContent/Particles/P_Explosion.uasset" 251
"../../../MyProject12/Content/StarterContent/Blueprints/Blueprint_Effect_Explosion.uasset" 252
"../../../Engine/Content/EditorMeshes/ColorCalibrator/T_ColorGrid.uasset" 253
"../../../MyProject12/Content/StarterContent/Materials/M_ColorGrid_LowSpec.uasset" 254
"../../../MyProject12/Content/StarterContent/Textures/T_Bush_D.uasset" 255
"../../../MyProject12/Content/StarterContent/Props/Materials/M_Bush.uasset" 256
"../../../MyProject12/Content/StarterContent/Props/SM_Bush.uasset" 257
"../../../MyProject12/Content/StarterContent/Textures/T_Chair_M.uasset" 258
"../../../MyProject12/Content/StarterContent/Textures/T_Chair_N.uasset" 259
"../../../MyProject12/Content/StarterContent/Props/Materials/M_Chair.uasset" 260
"../../../MyProject12/Content/StarterContent/Props/SM_Couch.uasset" 261
"../../../MyProject12/Content/StarterContent/Materials/M_Glass.uasset" 262
"../../../MyProject12/Content/StarterContent/Textures/T_Door_M.uasset" 263
"../../../MyProject12/Content/StarterContent/Textures/T_Door_N.uasset" 264
"../../../MyProject12/Content/StarterContent/Props/Materials/M_Door.uasset" 265
"../../../MyProject12/Content/StarterContent/Props/SM_Door.uasset" 266
"../../../MyProject12/Content/StarterContent/Props/Materials/M_MaterialSphere.uasset" 267
"../../../MyProject12/Content/StarterContent/Props/Materials/M_MaterialSphere_Plain.uasset" 268
"../../../MyProject12/Content/StarterContent/Props/SM_MatPreviewMesh_02.uasset" 269
"../../../MyProject12/Content/StarterContent/Textures/T_Detail_Rocky_N.uasset" 270
"../../../MyProject12/Content/StarterContent/Textures/T_Rock_Basalt_D.uasset" 271
"../../../MyProject12/Content/StarterContent/Textures/T_RockMesh_M.uasset" 272
"../../../MyProject12/Content/StarterContent/Textures/T_RockMesh_N.uasset" 273
"../../../MyProject12/Content/StarterContent/Props/Materials/M_Rock.uasset" 274
"../../../MyProject12/Content/StarterContent/Props/SM_Rock.uasset" 275
"../../../MyProject12/Content/StarterContent/Textures/T_Shelf_M.uasset" 276
"../../../MyProject12/Content/StarterContent/Textures/T_Shelf_N.uasset" 277
"../../../MyProject12/Content/StarterContent/Props/Materials/M_Shelf.uasset" 278
"../../../MyProject12/Content/StarterContent/Props/SM_Shelf.uasset" 279
"../../../MyProject12/Content/StarterContent/Materials/M_Basic_Floor.uasset" 280
"../../../MyProject12/Content/StarterContent/Props/SM_Stairs.uasset" 281
"../../../MyProject12/Content/StarterContent/Shapes/Shape_Cone.uasset" 282
"../../../MyProject12/Content/StarterContent/Shapes/Shape_Cylinder.uasset" 283
"../../../MyProject12/Content/StarterContent/Shapes/Shape_NarrowCapsule.uasset" 284
"../../../MyProject12/Content/StarterContent/Shapes/Shape_Pipe.uasset" 285
"../../../MyProject12/Content/StarterContent/Shapes/Shape_Pipe_180.uasset" 286
"../../../MyProject12/Content/StarterContent/Shapes/Shape_Pipe_90.uasset" 287
"../../../MyProject12/Content/StarterContent/Shapes/Shape_Plane.uasset" 288
"../../../MyProject12/Content/StarterContent/Shapes/Shape_Torus.uasset" 289
"../../../MyProject12/Content/StarterContent/Shapes/Shape_Trim.uasset" 290
"../../../MyProject12/Content/StarterContent/Shapes/Shape_Trim_90_In.uasset" 291
"../../../MyProject12/Content/StarterContent/Shapes/Shape_Trim_90_Out.uasset" 292
"../../../MyProject12/Content/StarterContent/Shapes/Shape_TriPyramid.uasset" 293
"../../../MyProject12/Content/StarterContent/Shapes/Shape_Tube.uasset" 294
"../../../MyProject12/Content/StarterContent/Shapes/Shape_Wedge_A.uasset" 295
"../../../MyProject12/Content/StarterContent/Shapes/Shape_Wedge_B.uasset" 296
"../../../MyProject12/Content/StarterContent/Shapes/Shape_WideCapsule.uasset" 297
"../../../MyProject12/Content/UI/MainMenu/errorDialogue.uasset" 298
"../../../Engine/Content/EngineMaterials/DefaultMaterial.uasset" 299
"../../../Engine/Content/BasicShapes/Cone.uasset" 300
"../../../Engine/Content/BasicShapes/Cylinder.uasset" 301
"../../../Engine/Content/BasicShapes/Plane.uasset" 302
"../../../Engine/Content/BasicShapes/Sphere.uasset" 303
"../../../Engine/Content/EditorLandscapeResources/DataLayer.uasset" 304
"../../../Engine/Content/EditorMaterials/GizmoMaterial.uasset" 305
"../../../Engine/Content/EditorMaterials/MAT_Groups_Toggle.uasset" 306
"../../../Engine/Content/EditorMaterials/MAT_Groups_Visibility.uasset" 307
"../../../Engine/Content/EditorMaterials/PreviewShadowIndicator.uasset" 308
"../../../Engine/Content/EditorMaterials/PreviewShadowIndicatorMaterial.uasset" 309
"../../../Engine/Content/EditorMaterials/MatineeGroups/MAT_ColorTrack.uasset" 310
"../../../Engine/Content/EditorMaterials/MatineeGroups/MAT_Groups_Anim.uasset" 311
"../../../Engine/Content/EditorMaterials/MatineeGroups/MAT_Groups_AudioMaster.uasset" 312
"../../../Engine/Content/EditorMaterials/MatineeGroups/MAT_Groups_Director.uasset" 313
"../../../Engine/Content/EditorMaterials/MatineeGroups/MAT_Groups_Event.uasset" 314
"../../../Engine/Content/EditorMaterials/MatineeGroups/MAT_Groups_Fade.uasset" 315
"../../../Engine/Content/EditorMaterials/MatineeGroups/MAT_Groups_Float.uasset" 316
"../../../Engine/Content/EditorMaterials/MatineeGroups/MAT_Groups_Move.uasset" 317
"../../../Engine/Content/EditorMaterials/MatineeGroups/MAT_Groups_Slomo.uasset" 318
"../../../Engine/Content/EditorMaterials/MatineeGroups/MAT_Groups_Sound.uasset" 319
"../../../Engine/Content/EditorMaterials/MatineeGroups/MAT_Groups_Vector.uasset" 320
"../../../Engine/Content/EditorMaterials/ParticleSystems/PSysThumbnail_NoImage.uasset" 321
"../../../Engine/Content/EditorMaterials/ParticleSystems/PSysThumbnail_OOD.uasset" 322
"../../../Engine/Content/EditorMaterials/Camera/CineMat.uasset" 323
"../../../Engine/Content/EditorMaterials/Camera/MI_CineMat_Rig.uasset" 324
"../../../Engine/Content/EditorMeshes/Camera/SM_CraneRig_Arm.uasset" 325
"../../../Engine/Content/EditorMeshes/Camera/SM_CraneRig_Base.uasset" 326
"../../../Engine/Content/EditorMeshes/Camera/SM_CraneRig_Body.uasset" 327
"../../../Engine/Content/EditorMeshes/Camera/SM_CraneRig_Mount.uasset" 328
"../../../Engine/Content/EditorMeshes/Camera/SM_RailRig_Mount.uasset" 329
"../../../Engine/Content/EditorMeshes/Camera/SM_RailRig_Track.uasset" 330
"../../../Engine/Content/EditorResources/BSPVertex.uasset" 331
"../../../Engine/Content/EditorResources/EmptyActor.uasset" 332
"../../../Engine/Content/EditorResources/S_Actor.uasset" 333
"../../../Engine/Content/EditorResources/S_Trigger.uasset" 334
"../../../Engine/Content/EditorResources/AudioIcons/S_AudioComponent.uasset" 335
"../../../Engine/Content/EditorResources/AudioIcons/S_AudioComponent_AutoActivate.uasset" 336
"../../../Engine/Content/EditorResources/LightIcons/S_LightError.uasset" 337
"../../../Engine/Content/EditorResources/SequenceRecorder/Countdown.uasset" 338
"../../../Engine/Content/EditorResources/SequenceRecorder/RecordingIndicator.uasset" 339
"../../../Engine/Content/EditorSounds/Notifications/CompileFailed.uasset" 340
"../../../Engine/Content/EditorSounds/Notifications/CompileFailed_Cue.uasset" 341
"../../../Engine/Content/EditorSounds/Notifications/CompileSuccess.uasset" 342
"../../../Engine/Content/EditorSounds/Notifications/CompileStart_Cue.uasset" 343
"../../../Engine/Content/EditorSounds/Notifications/CompileSuccess_Cue.uasset" 344
"../../../Engine/Content/EngineDamageTypes/DmgTypeBP_Environmental.uasset" 345
"../../../Engine/Content/EngineDebugMaterials/HeatmapGradient.uasset" 346
"../../../Engine/Content/EngineDebugMaterials/BoneWeightMaterial.uasset" 347
"../../../Engine/Content/EngineDebugMaterials/ClothMaterial.uasset" 348
"../../../Engine/Content/EngineDebugMaterials/ClothMaterial_WF.uasset" 349
"../../../Engine/Content/EngineDebugMaterials/DebugEditorMaterial.uasset" 350
"../../../Engine/Content/EngineDebugMaterials/DebugMeshMaterial.uasset" 351
"../../../Engine/Content/EngineDebugMaterials/GeomMaterial.uasset" 352
"../../../Engine/Content/EngineFonts/Faces/RobotoBold.uasset" 353
"../../../Engine/Content/EngineFonts/Faces/RobotoBoldItalic.uasset" 354
"../../../Engine/Content/EngineFonts/Faces/RobotoItalic.uasset" 355
"../../../Engine/Content/EngineFonts/Faces/RobotoLight.uasset" 356
"../../../Engine/Content/EngineFonts/Faces/RobotoRegular.uasset" 357
"../../../Engine/Content/EngineFonts/Roboto.uasset" 358
"../../../Engine/Content/EngineFonts/Faces/RobotoTiny.uasset" 359
"../../../Engine/Content/EngineFonts/RobotoTiny.uasset" 360
"../../../Engine/Content/EngineMaterials/DefaultBloomKernel.uasset" 361
"../../../Engine/Content/EngineMaterials/DefaultBokeh.uasset" 362
"../../../Engine/Content/EngineMaterials/DefaultDiffuse.uasset" 363
"../../../Engine/Content/EngineMaterials/DefaultDeferredDecalMaterial.uasset" 364
"../../../Engine/Content/EngineMaterials/DefaultLightFunctionMaterial.uasset" 365
"../../../Engine/Content/EngineMaterials/DefaultPhysicalMaterial.uasset" 366
"../../../Engine/Content/Functions/Engine_MaterialFunctions02/Utility/BreakOutFloat2Components.uasset" 367
"../../../Engine/Content/EngineMaterials/DefaultPostProcessMaterial.uasset" 368
"../../../Engine/Content/EngineFonts/RobotoDistanceField.uasset" 369
"../../../Engine/Content/EngineMaterials/DefaultTextMaterialOpaque.uasset" 370
"../../../Engine/Content/EngineMaterials/DefaultWhiteGrid.uasset" 371
"../../../Engine/Content/EngineMaterials/EditorBrushMaterial.uasset" 372
"../../../Engine/Content/EngineMaterials/Good64x64TilingNoiseHighFreq.uasset" 373
"../../../Engine/Content/EngineMaterials/MiniFont.uasset" 374
"../../../Engine/Content/EngineMaterials/InvalidLightmapSettings.uasset" 375
"../../../Engine/Content/EngineMaterials/M_InvalidLightmapSettings.uasset" 376
"../../../Engine/Content/Functions/Engine_MaterialFunctions02/WorldPositionOffset/CameraOffset.uasset" 377
"../../../Engine/Content/EngineMaterials/PhAT_JointLimitMaterial.uasset" 378
"../../../Engine/Content/EngineMaterials/PreintegratedSkinBRDF.uasset" 379
"../../../Engine/Content/EngineMaterials/RemoveSurfaceMaterial.uasset" 380
"../../../Engine/Content/EngineMaterials/WeightMapPlaceholderTexture.uasset" 381
"../../../Engine/Content/EngineResources/WhiteSquareTexture.uasset" 382
"../../../Engine/Content/EngineMaterials/Widget3DPassThrough.uasset" 383
"../../../Engine/Content/EngineMaterials/Widget3DPassThrough_Masked.uasset" 384
"../../../Engine/Content/EngineMaterials/Widget3DPassThrough_Opaque.uasset" 385
"../../../Engine/Content/EngineMaterials/Widget3DPassThrough_Masked_OneSided.uasset" 386
"../../../Engine/Content/EngineMaterials/Widget3DPassThrough_Opaque_OneSided.uasset" 387
"../../../Engine/Content/EngineMaterials/Widget3DPassThrough_Translucent.uasset" 388
"../../../Engine/Content/EngineMaterials/Widget3DPassThrough_Translucent_OneSided.uasset" 389
"../../../Engine/Content/EngineMeshes/Cube.uasset" 390
"../../../Engine/Content/EngineMeshes/Cylinder.uasset" 391
"../../../Engine/Content/EngineMeshes/Sphere.uasset" 392
"../../../Engine/Content/EngineResources/Black.uasset" 393
"../../../Engine/Content/EngineResources/DefaultTexture.uasset" 394
"../../../Engine/Content/EngineResources/DefaultTextureCube.uasset" 395
"../../../Engine/Content/EngineResources/GradientTexture0.uasset" 396
"../../../Engine/Content/EngineSounds/Master.uasset" 397
"../../../Engine/Content/Functions/Engine_MaterialFunctions01/Shading/ConvertFromDiffSpec.uasset" 398
"../../../Engine/Content/Functions/Engine_MaterialFunctions01/Shading/PowerToRoughness.uasset" 399
"../../../Engine/Content/Maps/Templates/Thumbnails/Default.uasset" 400
"../../../Engine/Content/Maps/Templates/Thumbnails/VR-Basic.uasset" 401
"../../../Engine/Content/MobileResources/T_MobileControls_texture.uasset" 402
"../../../Engine/Content/MobileResources/T_MobileMenu2.uasset" 403
"../../../Engine/Content/MobileResources/HUD/AnalogHat.uasset" 404
"../../../Engine/Content/MobileResources/HUD/VirtualJoystick_Background.uasset" 405
"../../../Engine/Content/MobileResources/HUD/VirtualJoystick_Thumb.uasset" 406
"../../../Engine/Content/MobileResources/HUD/DefaultVirtualJoysticks.uasset" 407
"../../../Engine/Content/MobileResources/HUD/LeftVirtualJoystickOnly.uasset" 408
"../../../Engine/Content/MobileResources/HUD/MobileHUDButton1_off.uasset" 409
"../../../Engine/Content/MobileResources/HUD/MobileHUDButton1_on.uasset" 410
"../../../Engine/Content/MobileResources/HUD/MobileHUDButton2_off.uasset" 411
"../../../Engine/Content/MobileResources/HUD/MobileHUDButton2_on.uasset" 412
"../../../Engine/Content/MobileResources/HUD/MobileHUDButton3.uasset" 413
"../../../Engine/Content/MobileResources/HUD/MobileHUDButtonFire.uasset" 414
"../../../Engine/Content/MobileResources/HUD/MobileHUDDirectionPad.uasset" 415
"../../../Engine/Content/MobileResources/HUD/MobileHUDDirectionPad2.uasset" 416
"../../../Engine/Content/MobileResources/HUD/MobileHUDDirectionPad3.uasset" 417
"../../../Engine/Content/MobileResources/HUD/MobileHUDDirectionStick.uasset" 418
"../../../Engine/Content/MobileResources/HUD/T_Castle_ThumbstickInner.uasset" 419
"../../../Engine/Content/MobileResources/HUD/T_Castle_ThumbstickOutter.uasset" 420
"../../../Engine/Content/Tutorial/ContentIntroCurve.uasset" 421
"../../../Engine/Content/Tutorial/Basics/TutorialAssets/icon_tab_Levels_40x.uasset" 422
"../../../Engine/Content/Tutorial/BlueprintTutorials/TutorialAssets/BlueprintInterface_64x.uasset" 423
"../../../Engine/Content/Tutorial/BlueprintTutorials/TutorialAssets/BlueprintMacroLibrary_64x.uasset" 424
"../../../Engine/Content/Tutorial/BlueprintTutorials/TutorialAssets/Blueprint_64x.uasset" 425
"../../../Engine/Content/Tutorial/BlueprintTutorials/TutorialAssets/Tutorial_BP_Interface.uasset" 426
"../../../Engine/Content/Tutorial/Foliage/TutorialAssets/Foliage.uasset" 427
"../../../Engine/Content/Tutorial/Landscape/TutorialAssets/Landscape.uasset" 428
"../../../Engine/Content/Tutorial/Paper2D/TutorialAssets/Paper2DFlipbook_TutorialIcon.uasset" 429
"../../../Engine/Content/Tutorial/Paper2D/TutorialAssets/Paper2DSprite_TutorialIcon.uasset" 430
"../../../Engine/Content/Tutorial/SubEditors/TutorialAssets/icon_Editor_Preferences_General_40x.uasset" 431
"../../../Engine/Content/Tutorial/SubEditors/TutorialAssets/icon_ShowSkeletalMeshes_40x.uasset" 432
"../../../Engine/Content/Tutorial/SubEditors/TutorialAssets/TutorialMaterial.uasset" 433
"../../../Engine/Content/Tutorial/SubEditors/TutorialAssets/T_SmokeSubUV_8X8.uasset" 434
"../../../Engine/Content/Tutorial/SubEditors/TutorialAssets/T_soft_smoke.uasset" 435
"../../../Engine/Content/Tutorial/SubEditors/TutorialAssets/M_smoke_subUV_blackbody.uasset" 436
"../../../Engine/Content/Tutorial/SubEditors/TutorialAssets/TutorialParticleSystem.uasset" 437
"../../../Engine/Content/VREditor/Devices/Generic/GenericHMDMaterial.uasset" 438
"../../../Engine/Content/VREditor/Devices/Generic/GenericHMD.uasset" 439
"../../../Engine/Content/VREditor/FloatingText/LineMaterial.uasset" 440
"../../../Engine/Content/VREditor/FloatingText/JointSphere.uasset" 441
"../../../Engine/Content/VREditor/FloatingText/LineSegmentCylinder.uasset" 442
"../../../Engine/Content/VREditor/Fonts/VRText_RobotoLarge.uasset" 443
"../../../Engine/Content/VREditor/Fonts/VRTextMaterial.uasset" 444
"../../../Engine/Content/VREditor/Fonts/TranslucentVRTextMaterial.uasset" 445
"../../../Engine/Content/VREditor/LaserPointer/CursorPointer.uasset" 446
"../../../Engine/Content/VREditor/LaserPointer/VR_LaserPower_01.uasset" 447
"../../../Engine/Content/VREditor/TransformGizmo/TransformGizmoMaterial.uasset" 448
"../../../Engine/Content/VREditor/LaserPointer/HoverMaterial.uasset" 449
"../../../Engine/Content/VREditor/TransformGizmo/TranslucentTransformGizmoMaterial.uasset" 450
"../../../Engine/Content/VREditor/LaserPointer/TranslucentHoverMaterial.uasset" 451
"../../../Engine/Content/VREditor/LaserPointer/HoverMesh.uasset" 452
"../../../Engine/Content/VREditor/LaserPointer/LaserPointerMaterial.uasset" 453
"../../../Engine/Content/VREditor/LaserPointer/LaserPointerMaterialInst.uasset" 454
"../../../Engine/Content/VREditor/LaserPointer/TranslucentLaserPointerMaterialInst.uasset" 455
"../../../Engine/Content/VREditor/LaserPointer/LaserPointerMesh.uasset" 456
"../../../Engine/Content/VREditor/LaserPointer/LaserPointerMesh_End.uasset" 457
"../../../Engine/Content/VREditor/LaserPointer/LaserPointerMesh_Start.uasset" 458
"../../../Engine/Content/Functions/Engine_MaterialFunctions02/Utility/BreakOutFloat3Components.uasset" 459
"../../../Engine/Content/Functions/Engine_MaterialFunctions02/Math/Transform3x3Matrix.uasset" 460
"../../../Engine/Content/Functions/Engine_MaterialFunctions02/SplitComponents.uasset" 461
"../../../Engine/Content/Functions/Engine_MaterialFunctions02/Utility/MakeFloat3.uasset" 462
"../../../Engine/Content/VREditor/SnapGrid/SnapGridMaterial.uasset" 463
"../../../Engine/Content/VREditor/SnapGrid/SnapGridPlaneMesh.uasset" 464
"../../../Engine/Content/VREditor/Sounds/VR_teleport.uasset" 465
"../../../Engine/Content/VREditor/Sounds/UI/Click_on_Button_Cue.uasset" 466
"../../../Engine/Content/VREditor/Sounds/UI/Dockable_Window_Close.uasset" 467
"../../../Engine/Content/VREditor/Sounds/UI/Dockable_Window_Drop.uasset" 468
"../../../Engine/Content/VREditor/Sounds/UI/Dockable_Window_Open.uasset" 469
"../../../Engine/Content/VREditor/Sounds/UI/Dockable_Window_Pick_Up.uasset" 470
"../../../Engine/Content/VREditor/Sounds/UI/Drop_Item_From_ContentBrowser.uasset" 471
"../../../Engine/Content/VREditor/Sounds/UI/Floating_UI_Open-001.uasset" 472
"../../../Engine/Content/VREditor/Sounds/UI/Gizmo_Handle_Clicked.uasset" 473
"../../../Engine/Content/VREditor/Sounds/UI/Object_PickUp.uasset" 474
"../../../Engine/Content/VREditor/Sounds/UI/Object_Snaps_To_Another_Actor.uasset" 475
"../../../Engine/Content/VREditor/Sounds/UI/Object_Snaps_To_Grid.uasset" 476
"../../../Engine/Content/VREditor/Sounds/UI/Radial_Menu_FadeOut.uasset" 477
"../../../Engine/Content/VREditor/Sounds/UI/Scaling_Down.uasset" 478
"../../../Engine/Content/VREditor/Sounds/UI/Scaling_Up.uasset" 479
"../../../Engine/Content/VREditor/Sounds/UI/Selection_Changes.uasset" 480
"../../../Engine/Content/VREditor/Sounds/UI/Teleport_Mode_Entered.uasset" 481
"../../../Engine/Content/VREditor/Teleport/TeleportDirectionMaterial.uasset" 482
"../../../Engine/Content/VREditor/Teleport/TeleportDirectionMaterial_Inst.uasset" 483
"../../../Engine/Content/VREditor/Teleport/TeleportDirectionMesh.uasset" 484
"../../../Engine/Content/VREditor/TransformGizmo/BoundingBoxCorner.uasset" 485
"../../../Engine/Content/VREditor/TransformGizmo/BoundingBoxEdge.uasset" 486
"../../../Engine/Content/VREditor/TransformGizmo/PlaneTranslationHandle.uasset" 487
"../../../Engine/Content/VREditor/TransformGizmo/RotationHandleFull.uasset" 488
"../../../Engine/Content/VREditor/TransformGizmo/RotationHandleIndicator.uasset" 489
"../../../Engine/Content/VREditor/TransformGizmo/RotationHandleQuarter.uasset" 490
"../../../Engine/Content/VREditor/TransformGizmo/Main.uasset" 491
"../../../Engine/Content/VREditor/TransformGizmo/Xray.uasset" 492
"../../../Engine/Content/VREditor/TransformGizmo/SM_Dialog_Close.uasset" 493
"../../../Engine/Content/VREditor/TransformGizmo/SM_Dialog_Move.uasset" 494
"../../../Engine/Content/VREditor/TransformGizmo/SM_Sequencer_Key.uasset" 495
"../../../Engine/Content/VREditor/TransformGizmo/SM_Sequencer_Node.uasset" 496
"../../../Engine/Content/VREditor/TransformGizmo/StartRotationHandleIndicator.uasset" 497
"../../../Engine/Content/VREditor/TransformGizmo/TranslucentTransformGizmoMaterial_Inst.uasset" 498
"../../../Engine/Content/VREditor/TransformGizmo/TransformGizmoFreeRotation.uasset" 499
"../../../Engine/Content/VREditor/TransformGizmo/TransformGizmoMaterial_Inst.uasset" 500
"../../../Engine/Content/VREditor/TransformGizmo/TranslateArrowHandle.uasset" 501
"../../../Engine/Content/VREditor/TransformGizmo/UniformScaleHandle.uasset" 502
"../../../Engine/Content/VREditor/UI/KeyDiskMaterial.uasset" 503
"../../../Engine/Content/VREditor/UI/DiscMaterial.uasset" 504
"../../../Engine/Content/VREditor/UI/SM_Radial_Disk.uasset" 505
"../../../Engine/Content/VREditor/WorldMovementGrid/SimpleGrid.uasset" 506
"../../../Engine/Content/VREditor/WorldMovementGrid/GridMaterial.uasset" 507
"../../../Engine/Content/VREditor/WorldMovementGrid/GridPostProcess.uasset" 508
"../../../Engine/Content/EditorLandscapeResources/FlattenHeightMat.uasset" 509
"../../../Engine/Content/VREditor/WorldMovementGrid/PlaneMesh.uasset" 510
"../../../Engine/Plugins/2D/Paper2D/Content/PlaceholderTextures/DummySpriteTexture.uasset" 511
"../../../Engine/Plugins/2D/Paper2D/Content/DummySprite.uasset" 512
"../../../Engine/Plugins/2D/Paper2D/Content/DefaultPaperTerrainMaterial.uasset" 513
"../../../Engine/Plugins/2D/Paper2D/Content/DefaultSpriteMaterial.uasset" 514
"../../../Engine/Plugins/2D/Paper2D/Content/MaskedUnlitSpriteMaterial.uasset" 515
"../../../Engine/Plugins/2D/Paper2D/Content/OpaqueUnlitSpriteMaterial.uasset" 516
"../../../Engine/Plugins/Media/MediaCompositing/Content/DefaultMediaPlaneMaterial.uasset" 517
"../../../Engine/Content/Functions/Engine_MaterialFunctions01/Texturing/ScaleUVsByCenter.uasset" 518
"../../../Engine/Content/Functions/Engine_MaterialFunctions02/Utility/MakeFloat4.uasset" 519
"../../../Engine/Plugins/Runtime/AppleARKit/Content/ARKitCameraMaterial.uasset" 520
"../../../Engine/Plugins/Runtime/Oculus/OculusVR/Content/Textures/GearVRController_AO.uasset" 521
"../../../Engine/Plugins/Runtime/Oculus/OculusVR/Content/Textures/GearVRController_Color.uasset" 522
"../../../Engine/Plugins/Runtime/Oculus/OculusVR/Content/Textures/GearVRController_Normal.uasset" 523
"../../../Engine/Plugins/Runtime/Oculus/OculusVR/Content/Materials/GearVRControllerMaterial.uasset" 524
"../../../Engine/Plugins/Runtime/Oculus/OculusVR/Content/Meshes/GearVrController.uasset" 525
"../../../Engine/Content/EngineSky/C_Sky_Cloud_Color.uasset" 526
"../../../Engine/Content/EngineSky/C_Sky_Horizon_Color.uasset" 527
"../../../Engine/Content/EngineSky/C_Sky_Zenith_Color.uasset" 528
"../../../Engine/Content/EngineSky/T_Sky_Blue.uasset" 529
"../../../Engine/Content/EngineSky/T_Sky_Clouds_M.uasset" 530
"../../../Engine/Content/EngineSky/T_Sky_Stars.uasset" 531
"../../../Engine/Content/EngineSky/M_Sky_Panning_Clouds2.uasset" 532
"../../../Engine/Content/EngineSky/SM_SkySphere.uasset" 533
"../../../Engine/Content/EngineSky/BP_Sky_Sphere.uasset" 534
"../../../MyProject12/Content/Maps/arena01_BuiltData.uasset" 535
"../../../MyProject12/Content/3D_ASSETS_DANIEL/V1/New/barrels_1.uasset" 536
"../../../MyProject12/Content/3D_ASSETS_DANIEL/V1/New/barrels_2.uasset" 537
"../../../MyProject12/Content/3D_ASSETS_DANIEL/V1/New/boxes_3.uasset" 538
"../../../MyProject12/Content/3D_ASSETS_DANIEL/V1/New/boxes_4.uasset" 539
"../../../MyProject12/Content/3D_ASSETS_DANIEL/V1/New/boxes_5.uasset" 540
"../../../MyProject12/Content/3D_ASSETS_DANIEL/V1/New/boxes_6.uasset" 541
"../../../MyProject12/Content/3D_ASSETS_DANIEL/V1/New/boxes_7.uasset" 542
"../../../MyProject12/Content/3D_ASSETS_DANIEL/V1/New/cart_1_barrels.uasset" 543
"../../../MyProject12/Content/3D_ASSETS_DANIEL/V1/New/cart_1_crates.uasset" 544
"../../../MyProject12/Content/3D_ASSETS_DANIEL/V1/New/cart_1_empty.uasset" 545
"../../../MyProject12/Content/3D_ASSETS_DANIEL/V1/New/cart_1_hay.uasset" 546
"../../../MyProject12/Content/3D_ASSETS_DANIEL/V1/New/city_1_church_1.uasset" 547
"../../../MyProject12/Content/3D_ASSETS_DANIEL/V1/New/city_1_house_1.uasset" 548
"../../../MyProject12/Content/3D_ASSETS_DANIEL/V1/New/city_1_house_2.uasset" 549
"../../../MyProject12/Content/3D_ASSETS_DANIEL/V1/New/city_1_house_3.uasset" 550
"../../../MyProject12/Content/3D_ASSETS_DANIEL/V1/New/city_1_house_4.uasset" 551
"../../../MyProject12/Content/3D_ASSETS_DANIEL/V1/New/city_1_house_6.uasset" 552
"../../../MyProject12/Content/3D_ASSETS_DANIEL/V1/New/desert_cactus_1.uasset" 553
"../../../MyProject12/Content/3D_ASSETS_DANIEL/V1/New/desert_cactus_2.uasset" 554
"../../../MyProject12/Content/3D_ASSETS_DANIEL/V1/New/desert_cactus_3.uasset" 555
"../../../MyProject12/Content/3D_ASSETS_DANIEL/V1/New/desert_cactus_4.uasset" 556
"../../../MyProject12/Content/3D_ASSETS_DANIEL/V1/New/desert_house_1.uasset" 557
"../../../MyProject12/Content/3D_ASSETS_DANIEL/V1/New/desert_house_4.uasset" 558
"../../../MyProject12/Content/3D_ASSETS_DANIEL/V1/New/desert_house_5.uasset" 559
"../../../MyProject12/Content/3D_ASSETS_DANIEL/V1/New/desert_house_7.uasset" 560
"../../../MyProject12/Content/3D_ASSETS_DANIEL/V1/New/desert_tree_1.uasset" 561
"../../../MyProject12/Content/3D_ASSETS_DANIEL/V1/New/desert_tree_2.uasset" 562
"../../../MyProject12/Content/3D_ASSETS_DANIEL/V1/New/desert_tree_stump_1.uasset" 563
"../../../MyProject12/Content/3D_ASSETS_DANIEL/V1/New/farm_corn_1.uasset" 564
"../../../MyProject12/Content/3D_ASSETS_DANIEL/V1/New/farm_corn_plant.uasset" 565
"../../../MyProject12/Content/3D_ASSETS_DANIEL/V1/New/food_basket_full_1.uasset" 566
"../../../MyProject12/Content/3D_ASSETS_DANIEL/V1/New/food_basket_full_2.uasset" 567
"../../../MyProject12/Content/3D_ASSETS_DANIEL/V1/New/food_basket_full_3.uasset" 568
"../../../MyProject12/Content/3D_ASSETS_DANIEL/V1/New/food_basket_full_4.uasset" 569
"../../../MyProject12/Content/3D_ASSETS_DANIEL/V1/New/food_box_empty.uasset" 570
"../../../MyProject12/Content/3D_ASSETS_DANIEL/V1/New/food_box_full_2.uasset" 571
"../../../MyProject12/Content/3D_ASSETS_DANIEL/V1/New/food_box_full_3.uasset" 572
"../../../MyProject12/Content/3D_ASSETS_DANIEL/V1/New/food_box_full_4.uasset" 573
"../../../MyProject12/Content/3D_ASSETS_DANIEL/V1/New/food_box_full_7.uasset" 574
"../../../MyProject12/Content/3D_ASSETS_DANIEL/V1/New/forest_log_1.uasset" 575
"../../../MyProject12/Content/3D_ASSETS_DANIEL/V1/New/forest_log_2.uasset" 576
"../../../MyProject12/Content/3D_ASSETS_DANIEL/V1/New/forest_log_3.uasset" 577
"../../../MyProject12/Content/3D_ASSETS_DANIEL/V1/New/forest_tree_1.uasset" 578
"../../../MyProject12/Content/3D_ASSETS_DANIEL/V1/New/forest_tree_2.uasset" 579
"../../../MyProject12/Content/3D_ASSETS_DANIEL/V1/New/forest_tree_3.uasset" 580
"../../../MyProject12/Content/3D_ASSETS_DANIEL/V1/New/grass_regular_1.uasset" 581
"../../../MyProject12/Content/3D_ASSETS_DANIEL/V1/New/grass_snow_1.uasset" 582
"../../../MyProject12/Content/3D_ASSETS_DANIEL/V1/New/grave_coffin.uasset" 583
"../../../MyProject12/Content/3D_ASSETS_DANIEL/V1/New/grave_fence_1.uasset" 584
"../../../MyProject12/Content/3D_ASSETS_DANIEL/V1/New/grave_fence_2.uasset" 585
"../../../MyProject12/Content/3D_ASSETS_DANIEL/V1/New/grave_stone_1.uasset" 586
"../../../MyProject12/Content/3D_ASSETS_DANIEL/V1/New/grave_stone_2.uasset" 587
"../../../MyProject12/Content/3D_ASSETS_DANIEL/V1/New/grave_stone_3.uasset" 588
"../../../MyProject12/Content/3D_ASSETS_DANIEL/V1/New/hay_bale.uasset" 589
"../../../MyProject12/Content/3D_ASSETS_DANIEL/V1/New/hay_round.uasset" 590
"../../../MyProject12/Content/3D_ASSETS_DANIEL/V1/New/hay_stack_1.uasset" 591
"../../../MyProject12/Content/3D_ASSETS_DANIEL/V1/New/hay_stack_2.uasset" 592
"../../../MyProject12/Content/3D_ASSETS_DANIEL/V1/New/hay_stack_3.uasset" 593
"../../../MyProject12/Content/3D_ASSETS_DANIEL/V1/New/hay_stack_4.uasset" 594
"../../../MyProject12/Content/3D_ASSETS_DANIEL/V1/New/lamp_post_1.uasset" 595
"../../../MyProject12/Content/3D_ASSETS_DANIEL/V1/New/lamp_post_2.uasset" 596
"../../../MyProject12/Content/3D_ASSETS_DANIEL/V1/New/market_bench_1.uasset" 597
"../../../MyProject12/Content/3D_ASSETS_DANIEL/V1/New/market_tent_blue_1.uasset" 598
"../../../MyProject12/Content/3D_ASSETS_DANIEL/V1/New/market_tent_blue_2.uasset" 599
"../../../MyProject12/Content/3D_ASSETS_DANIEL/V1/New/market_tent_blue_3.uasset" 600
"../../../MyProject12/Content/3D_ASSETS_DANIEL/V1/New/market_tent_green.uasset" 601
"../../../MyProject12/Content/3D_ASSETS_DANIEL/V1/New/market_tent_orange.uasset" 602
"../../../MyProject12/Content/3D_ASSETS_DANIEL/V1/New/market_tent_red.uasset" 603
"../../../MyProject12/Content/3D_ASSETS_DANIEL/V1/New/market_tent_yellow.uasset" 604
"../../../MyProject12/Content/3D_ASSETS_DANIEL/V1/New/monster_camp_banner_1.uasset" 605
"../../../MyProject12/Content/3D_ASSETS_DANIEL/V1/New/monster_camp_bed_2.uasset" 606
"../../../MyProject12/Content/3D_ASSETS_DANIEL/V1/New/monster_camp_building_large.uasset" 607
"../../../MyProject12/Content/3D_ASSETS_DANIEL/V1/New/monster_camp_fence_1.uasset" 608
"../../../MyProject12/Content/3D_ASSETS_DANIEL/V1/New/monster_camp_pillar_1.uasset" 609
"../../../MyProject12/Content/3D_ASSETS_DANIEL/V1/New/monster_camp_tent_large_1.uasset" 610
"../../../MyProject12/Content/3D_ASSETS_DANIEL/V1/New/monster_camp_tent_large_2.uasset" 611
"../../../MyProject12/Content/3D_ASSETS_DANIEL/V1/New/monster_camp_tent_mini_chest.uasset" 612
"../../../MyProject12/Content/3D_ASSETS_DANIEL/V1/New/monster_camp_tent_regular_2.uasset" 613
"../../../MyProject12/Content/3D_ASSETS_DANIEL/V1/New/monster_camp_tent_round_1.uasset" 614
"../../../MyProject12/Content/3D_ASSETS_DANIEL/V1/New/monster_camp_tower_1.uasset" 615
"../../../MyProject12/Content/3D_ASSETS_DANIEL/V1/New/platform_stand_1.uasset" 616
"../../../MyProject12/Content/3D_ASSETS_DANIEL/V1/New/ruins_pillar_arch_1.uasset" 617
"../../../MyProject12/Content/3D_ASSETS_DANIEL/V1/New/ruins_pillar_broken.uasset" 618
"../../../MyProject12/Content/3D_ASSETS_DANIEL/V1/New/ruins_pillar_broken_part.uasset" 619
"../../../MyProject12/Content/3D_ASSETS_DANIEL/V1/New/ruins_pillar_square.uasset" 620
"../../../MyProject12/Content/3D_ASSETS_DANIEL/V1/New/ruins_pillar_tall_1.uasset" 621
"../../../MyProject12/Content/3D_ASSETS_DANIEL/V1/New/ruins_wall_1.uasset" 622
"../../../MyProject12/Content/3D_ASSETS_DANIEL/V1/New/ruins_wall_2.uasset" 623
"../../../MyProject12/Content/3D_ASSETS_DANIEL/V1/New/ruins_wall_4.uasset" 624
"../../../MyProject12/Content/3D_ASSETS_DANIEL/V1/New/snow_house_1.uasset" 625
"../../../MyProject12/Content/3D_ASSETS_DANIEL/V1/New/snow_house_2.uasset" 626
"../../../MyProject12/Content/3D_ASSETS_DANIEL/V1/New/snow_house_3.uasset" 627
"../../../MyProject12/Content/3D_ASSETS_DANIEL/V1/New/snow_log_2.uasset" 628
"../../../MyProject12/Content/3D_ASSETS_DANIEL/V1/New/snow_tree_1.uasset" 629
"../../../MyProject12/Content/3D_ASSETS_DANIEL/V1/New/snow_tree_2.uasset" 630
"../../../MyProject12/Content/3D_ASSETS_DANIEL/V1/New/snow_tree_3.uasset" 631
"../../../MyProject12/Content/3D_ASSETS_DANIEL/V1/New/snow_tree_4.uasset" 632
"../../../MyProject12/Content/3D_ASSETS_DANIEL/V1/New/snow_tree_5.uasset" 633
"../../../MyProject12/Content/3D_ASSETS_DANIEL/V1/New/swamp_house_1_spikes.uasset" 634
"../../../MyProject12/Content/3D_ASSETS_DANIEL/V1/New/swamp_house_2.uasset" 635
"../../../MyProject12/Content/3D_ASSETS_DANIEL/V1/New/swamp_house_2_spikes.uasset" 636
"../../../MyProject12/Content/3D_ASSETS_DANIEL/V1/New/swamp_log_1.uasset" 637
"../../../MyProject12/Content/3D_ASSETS_DANIEL/V1/New/swamp_log_2.uasset" 638
"../../../MyProject12/Content/3D_ASSETS_DANIEL/V1/New/swamp_log_3.uasset" 639
"../../../MyProject12/Content/3D_ASSETS_DANIEL/V1/New/swamp_log_4.uasset" 640
"../../../MyProject12/Content/3D_ASSETS_DANIEL/V1/New/swamp_log_5.uasset" 641
"../../../MyProject12/Content/3D_ASSETS_DANIEL/V1/New/swamp_temple.uasset" 642
"../../../MyProject12/Content/3D_ASSETS_DANIEL/V1/New/swamp_tree_1.uasset" 643
"../../../MyProject12/Content/3D_ASSETS_DANIEL/V1/New/swamp_tree_2.uasset" 644
"../../../MyProject12/Content/3D_ASSETS_DANIEL/V1/New/training_dummy.uasset" 645
"../../../MyProject12/Content/3D_ASSETS_DANIEL/V1/New/well_1.uasset" 646
"../../../MyProject12/Content/3D_ASSETS_DANIEL/V1/New/wood_fence_v1_2.uasset" 647
"../../../MyProject12/Content/3D_ASSETS_DANIEL/V1/New/wood_fence_v1_3.uasset" 648
"../../../MyProject12/Content/3D_ASSETS_DANIEL/V1/New/wood_fence_v2_1.uasset" 649
"../../../MyProject12/Content/3D_ASSETS_DANIEL/V1/New/wood_fence_v2_2.uasset" 650
"../../../MyProject12/Content/3D_ASSETS_DANIEL/V1/New/wood_fence_v2_3.uasset" 651
"../../../MyProject12/Content/3D_ASSETS_DANIEL/V1/New/wood_fence_v2_4.uasset" 652
"../../../MyProject12/Content/Geometry/Meshes/1M_Cube.uasset" 653
"../../../MyProject12/Content/Maps/arena01.umap" 654
"../../../MyProject12/Content/Blueprints/gameplay/gameplayGMbase.uasset" 655
"../../../MyProject12/Content/Maps/arena02_BuiltData.uasset" 656
"../../../MyProject12/Content/Geometry/Meshes/1M_Cube_Chamfer.uasset" 657
"../../../MyProject12/Content/Maps/arena02.umap" 658
"../../../MyProject12/Content/Maps/lobby_BuiltData.uasset" 659
"../../../Engine/Content/BasicShapes/BasicShapeMaterial.uasset" 660
"../../../Engine/Content/BasicShapes/Cube.uasset" 661
"../../../MyProject12/Content/Maps/lobby.umap" 662
"../../../MyProject12/Content/Maps/mainMenu.umap" 663
"../../../MyProject12/Content/Maps/travelMap.umap" 664
"../../../MyProject12/Content/FogOfWar/ExampleMap/Blueprints/Bot.uasset" 665
"../../../MyProject12/Content/FogOfWar/ExampleMap/Blueprints/BotThatRunsAround.uasset" 666
"../../../MyProject12/Content/FogOfWar/ExampleMap/Blueprints/Wall.uasset" 667
"../../../MyProject12/Content/FogOfWar/ExampleMap/Blueprints/WallThatChangesSize.uasset" 668
"../../../MyProject12/Content/FogOfWar/ExampleMap/Blueprints/WallThatTurnsFogOnAndOff.uasset" 669
"../../../MyProject12/Content/FogOfWar/ExampleMap/Materials/Floor.uasset" 670
"../../../Engine/Content/MapTemplates/SM_Template_Map_Floor.uasset" 671
"../../../MyProject12/Content/FogOfWar/ExampleMap/Meshes/mesh_Cylinder.uasset" 672
"../../../MyProject12/Content/FogOfWar/ExampleMap/Maps/Map_ExampleMap.umap" 673
"../../../MyProject12/Content/InfinityBladeWarriors/Character/CompleteCharacters/Textures_Materials/CharM_Standard/T_CharM_Standard_Elite_D.uasset" 674
"../../../MyProject12/Content/InfinityBladeWarriors/Character/CompleteCharacters/Textures_Materials/CharM_Standard/T_CharM_Standard_Mask.uasset" 675
"../../../MyProject12/Content/InfinityBladeWarriors/Character/CompleteCharacters/Textures_Materials/CharM_Standard/T_CharM_Standard_N.uasset" 676
"../../../MyProject12/Content/InfinityBladeWarriors/Character/CompleteCharacters/Textures_Materials/CharM_Standard/M_Char_Standard_Elite.uasset" 677
"../../../MyProject12/Content/InfinityBladeWarriors/Character/CompleteCharacters/Textures_Materials/CharM_Tusk/T_CharM_Horn_D.uasset" 678
"../../../MyProject12/Content/InfinityBladeWarriors/Character/CompleteCharacters/Textures_Materials/CharM_Tusk/T_CharM_Tusk_E.uasset" 679
"../../../MyProject12/Content/InfinityBladeWarriors/Character/CompleteCharacters/Textures_Materials/CharM_Tusk/T_CharM_Tusk_Mask.uasset" 680
"../../../MyProject12/Content/InfinityBladeWarriors/Character/CompleteCharacters/Textures_Materials/CharM_Tusk/T_CharM_Tusk_N.uasset" 681
"../../../MyProject12/Content/InfinityBladeWarriors/Character/CompleteCharacters/Textures_Materials/CharM_Tusk/M_Char_Horn.uasset" 682
"../../../MyProject12/Content/InfinityBladeWarriors/Character/CompleteCharacters/Textures_Materials/CharM_Tusk/T_CharM_Talon_D.uasset" 683
"../../../MyProject12/Content/InfinityBladeWarriors/Character/CompleteCharacters/Textures_Materials/CharM_Tusk/M_Char_Talon.uasset" 684
"../../../MyProject12/Content/InfinityBladeWarriors/Character/CompleteCharacters/Textures_Materials/CharM_Tusk/T_CharM_Tusk_D.uasset" 685
"../../../MyProject12/Content/InfinityBladeWarriors/Character/CompleteCharacters/Textures_Materials/CharM_Tusk/M_Char_Tusk.uasset" 686
"../../../MyProject12/Content/InfinityBladeWarriors/Character/CompleteCharacters/Textures_Materials/CharM_Warrior/T_CharM_Warrior_D.uasset" 687
"../../../MyProject12/Content/InfinityBladeWarriors/Character/CompleteCharacters/Textures_Materials/CharM_Warrior/T_CharM_Warrior_JewelMask.uasset" 688
"../../../MyProject12/Content/InfinityBladeWarriors/Character/CompleteCharacters/Textures_Materials/CharM_Warrior/T_CharM_Warrior_N.uasset" 689
"../../../MyProject12/Content/InfinityBladeWarriors/Character/CompleteCharacters/Textures_Materials/CharM_Warrior/T_CharM_WarriorB_Mask.uasset" 690
"../../../MyProject12/Content/InfinityBladeWarriors/Character/CompleteCharacters/Textures_Materials/CharM_Warrior/M_Char_Warrior.uasset" 691
"../../../MyProject12/Content/InfinityBladeWarriors/Maps/LevelContent/Architecture/T_MeterGrid_01_M.uasset" 692
"../../../MyProject12/Content/InfinityBladeWarriors/Maps/LevelContent/Architecture/M_CycWall_01.uasset" 693
"../../../Engine/Content/MapTemplates/lut/LUT_Daytime.uasset" 694
"../../../MyProject12/Content/InfinityBladeWarriors/Character/CompleteCharacters/Textures_Materials/CharM_Bladed/M_CharM_Bladed.uasset" 695
"../../../MyProject12/Content/InfinityBladeWarriors/Character/CompleteCharacters/SK_CharM_Bladed.uasset" 696
"../../../MyProject12/Content/InfinityBladeWarriors/Character/CompleteCharacters/Textures_Materials/CharM_Cardboard/Char_M_Cardboard_N.uasset" 697
"../../../MyProject12/Content/InfinityBladeWarriors/Character/CompleteCharacters/Textures_Materials/CharM_Cardboard/Char_M_Cardboard_Skin_Mask.uasset" 698
"../../../MyProject12/Content/InfinityBladeWarriors/Character/CompleteCharacters/Textures_Materials/CharM_Cardboard/M_Char_Cardboard.uasset" 699
"../../../MyProject12/Content/InfinityBladeWarriors/Character/CompleteCharacters/SK_CharM_Cardboard.uasset" 700
"../../../MyProject12/Content/InfinityBladeWarriors/Character/CompleteCharacters/Textures_Materials/CharM_Golden/T_CharM_Golden_D.uasset" 701
"../../../MyProject12/Content/InfinityBladeWarriors/Character/CompleteCharacters/Textures_Materials/CharM_Golden/T_CharM_Golden_Mask.uasset" 702
"../../../MyProject12/Content/InfinityBladeWarriors/Character/CompleteCharacters/Textures_Materials/CharM_Golden/T_CharM_Golden_N.uasset" 703
"../../../MyProject12/Content/InfinityBladeWarriors/Character/CompleteCharacters/Textures_Materials/CharM_Golden/M_Char_Golden.uasset" 704
"../../../MyProject12/Content/InfinityBladeWarriors/Character/CompleteCharacters/SK_CharM_Golden.uasset" 705
"../../../MyProject12/Content/InfinityBladeWarriors/Character/CompleteCharacters/Textures_Materials/CharM_Natural/T_CharM_Natural_D.uasset" 706
"../../../MyProject12/Content/InfinityBladeWarriors/Character/CompleteCharacters/Textures_Materials/CharM_Natural/T_CharM_Natural_Mask.uasset" 707
"../../../MyProject12/Content/InfinityBladeWarriors/Character/CompleteCharacters/Textures_Materials/CharM_Natural/T_CharM_Natural_N.uasset" 708
"../../../MyProject12/Content/InfinityBladeWarriors/Character/CompleteCharacters/Textures_Materials/CharM_Natural/M_Char_Natural.uasset" 709
"../../../MyProject12/Content/InfinityBladeWarriors/Character/CompleteCharacters/SK_CharM_Natural.uasset" 710
"../../../MyProject12/Content/InfinityBladeWarriors/Character/CompleteCharacters/Textures_Materials/CharM_Ragged/T_CharM_Ragged_D.uasset" 711
"../../../MyProject12/Content/InfinityBladeWarriors/Character/CompleteCharacters/Textures_Materials/CharM_Ragged/T_CharM_Ragged_Elite_Mask.uasset" 712
"../../../MyProject12/Content/InfinityBladeWarriors/Character/CompleteCharacters/Textures_Materials/CharM_Ragged/T_CharM_Ragged_N.uasset" 713
"../../../MyProject12/Content/InfinityBladeWarriors/Character/CompleteCharacters/Textures_Materials/CharM_Ragged/M_Char_Ragged.uasset" 714
"../../../MyProject12/Content/InfinityBladeWarriors/Character/CompleteCharacters/SK_CharM_Ragged0.uasset" 715
"../../../MyProject12/Content/InfinityBladeWarriors/Character/CompleteCharacters/Textures_Materials/CharM_Ragged/T_CharM_Ragged_Elite.uasset" 716
"../../../MyProject12/Content/InfinityBladeWarriors/Character/CompleteCharacters/Textures_Materials/CharM_Ragged/M_Char_RaggedElite.uasset" 717
"../../../MyProject12/Content/InfinityBladeWarriors/Character/CompleteCharacters/SK_CharM_RaggedElite.uasset" 718
"../../../Engine/Content/Functions/Engine_MaterialFunctions02/ExampleContent/Textures/LowResBlurredNoise.uasset" 719
"../../../MyProject12/Content/InfinityBladeWarriors/Character/CompleteCharacters/Textures_Materials/CharM_Ram/T_CharM_Ram_B_D.uasset" 720
"../../../MyProject12/Content/InfinityBladeWarriors/Character/CompleteCharacters/Textures_Materials/CharM_Ram/T_CharM_Ram_B_Mask.uasset" 721
"../../../MyProject12/Content/InfinityBladeWarriors/Character/CompleteCharacters/Textures_Materials/CharM_Ram/T_CharM_Ram_N.uasset" 722
"../../../MyProject12/Content/InfinityBladeWarriors/Character/CompleteCharacters/Textures_Materials/CharM_Ram/M_Char_Ram.uasset" 723
"../../../MyProject12/Content/InfinityBladeWarriors/Character/CompleteCharacters/SK_CharM_Ram.uasset" 724
"../../../MyProject12/Content/InfinityBladeWarriors/Character/CompleteCharacters/Textures_Materials/CharM_Robo/T_CharM_Robo_D.uasset" 725
"../../../MyProject12/Content/InfinityBladeWarriors/Character/CompleteCharacters/Textures_Materials/CharM_Robo/T_CharM_Robo_Mask.uasset" 726
"../../../MyProject12/Content/InfinityBladeWarriors/Character/CompleteCharacters/Textures_Materials/CharM_Robo/T_CharM_Robo_N.uasset" 727
"../../../MyProject12/Content/InfinityBladeWarriors/Character/CompleteCharacters/Textures_Materials/CharM_Robo/M_Char_Robo.uasset" 728
"../../../MyProject12/Content/InfinityBladeWarriors/Character/CompleteCharacters/SK_CharM_Robo.uasset" 729
"../../../MyProject12/Content/InfinityBladeWarriors/Character/CompleteCharacters/Textures_Materials/CharM_Shell/T_CharM_Shell_D.uasset" 730
"../../../MyProject12/Content/InfinityBladeWarriors/Character/CompleteCharacters/Textures_Materials/CharM_Shell/T_CharM_Shell_Mask.uasset" 731
"../../../MyProject12/Content/InfinityBladeWarriors/Character/CompleteCharacters/Textures_Materials/CharM_Shell/T_CharM_Shell_N.uasset" 732
"../../../MyProject12/Content/InfinityBladeWarriors/Character/CompleteCharacters/Textures_Materials/CharM_Shell/M_Char_Shell.uasset" 733
"../../../MyProject12/Content/InfinityBladeWarriors/Character/CompleteCharacters/SK_CharM_Shell.uasset" 734
"../../../MyProject12/Content/InfinityBladeWarriors/Character/CompleteCharacters/Textures_Materials/CharM_solid/T_CharM_solid_D.uasset" 735
"../../../MyProject12/Content/InfinityBladeWarriors/Character/CompleteCharacters/Textures_Materials/CharM_solid/T_CharM_solid_Mask.uasset" 736
"../../../MyProject12/Content/InfinityBladeWarriors/Character/CompleteCharacters/Textures_Materials/CharM_solid/T_CharM_solid_N.uasset" 737
"../../../MyProject12/Content/InfinityBladeWarriors/Character/CompleteCharacters/Textures_Materials/CharM_solid/M_Char_Solid.uasset" 738
"../../../MyProject12/Content/InfinityBladeWarriors/Character/CompleteCharacters/SK_CharM_solid.uasset" 739
"../../../MyProject12/Content/InfinityBladeWarriors/Character/CompleteCharacters/Textures_Materials/CharM_Standard/T_CharM_Standard_D.uasset" 740
"../../../MyProject12/Content/InfinityBladeWarriors/Character/CompleteCharacters/Textures_Materials/CharM_Standard/M_Char_Standard.uasset" 741
"../../../MyProject12/Content/InfinityBladeWarriors/Character/CompleteCharacters/SK_CharM_Standard.uasset" 742
"../../../MyProject12/Content/InfinityBladeWarriors/Character/CompleteCharacters/SK_CharM_Tusk.uasset" 743
"../../../MyProject12/Content/InfinityBladeWarriors/Character/CompleteCharacters/Textures_Materials/CharM_Warrior/T_CharM_WarriorB_D.uasset" 744
"../../../MyProject12/Content/InfinityBladeWarriors/Character/CompleteCharacters/Textures_Materials/CharM_Warrior/M_Char_Warrior_B.uasset" 745
"../../../MyProject12/Content/InfinityBladeWarriors/Character/CompleteCharacters/SK_CharM_Warrior.uasset" 746
"../../../MyProject12/Content/InfinityBladeWarriors/Maps/LevelContent/Architecture/M_1Meter_01.uasset" 747
"../../../MyProject12/Content/InfinityBladeWarriors/Maps/LevelContent/Architecture/SM_1Meter_01.uasset" 748
"../../../MyProject12/Content/InfinityBladeWarriors/Maps/LevelContent/Architecture/M_CycRoom_01.uasset" 749
"../../../MyProject12/Content/InfinityBladeWarriors/Maps/LevelContent/Architecture/SM_CycRoom_01.uasset" 750
"../../../MyProject12/Content/InfinityBladeWarriors/Maps/LevelContent/HDRI/HDRI_Epic_Courtyard_Daylight.uasset" 751
"../../../MyProject12/Content/InfinityBladeWarriors/Maps/Overview.umap" 752
"../../../MyProject12/Content/StarterContent/Blueprints/Assets/FogBrightnessLUT.uasset" 753
"../../../MyProject12/Content/StarterContent/Blueprints/Assets/SunlightColorLUT.uasset" 754
"../../../MyProject12/Content/StarterContent/Blueprints/Assets/M_LightStage_Arrows.uasset" 755
"../../../Engine/Content/MapTemplates/Sky/DaylightAmbientCubemap.uasset" 756
"../../../MyProject12/Content/StarterContent/Blueprints/Assets/M_LightStage_Skybox_Master.uasset" 757
"../../../MyProject12/Content/StarterContent/Blueprints/Assets/M_LightStage_Skybox_Black.uasset" 758
"../../../MyProject12/Content/StarterContent/Blueprints/Assets/M_LightStage_Skybox_HDRI.uasset" 759
"../../../Engine/Content/EditorMaterials/Thumbnails/SkySphereMaterial.uasset" 760
"../../../MyProject12/Content/StarterContent/Blueprints/Assets/Skybox.uasset" 761
"../../../MyProject12/Content/StarterContent/Blueprints/Assets/SM_Arrows.uasset" 762
"../../../MyProject12/Content/StarterContent/HDRI/HDRI_Epic_Courtyard_Daylight.uasset" 763
"../../../MyProject12/Content/StarterContent/Blueprints/BP_LightStudio.uasset" 764
"../../../MyProject12/Content/StarterContent/Maps/Advanced_Lighting_BuiltData.uasset" 765
"../../../MyProject12/Content/StarterContent/Materials/M_AssetPlatform.uasset" 766
"../../../Engine/Content/EditorMeshes/ColorCalibrator/M_ChromeBall.uasset" 767
"../../../Engine/Content/EditorMeshes/ColorCalibrator/M_ClearCoat.uasset" 768
"../../../Engine/Content/EditorMeshes/ColorCalibrator/M_ClearCoatBlack.uasset" 769
"../../../Engine/Content/EditorMeshes/ColorCalibrator/Color_checker.uasset" 770
"../../../Engine/Content/EditorMeshes/ColorCalibrator/M_ColorGrid.uasset" 771
"../../../Engine/Content/EditorMeshes/ColorCalibrator/M_GreyBall.uasset" 772
"../../../Engine/Content/EditorMeshes/ColorCalibrator/SM_ColorCalibrator.uasset" 773
"../../../MyProject12/Content/StarterContent/Architecture/SM_AssetPlatform.uasset" 774
"../../../MyProject12/Content/StarterContent/Maps/Advanced_Lighting.umap" 775
"../../../MyProject12/Content/StarterContent/Maps/Minimal_Default_BuiltData.uasset" 776
"../../../MyProject12/Content/StarterContent/Textures/T_MacroVariation.uasset" 777
"../../../MyProject12/Content/StarterContent/Materials/M_Metal_Brushed_Nickel.uasset" 778
"../../../MyProject12/Content/StarterContent/Textures/T_Metal_Aluminum_D.uasset" 779
"../../../MyProject12/Content/StarterContent/Textures/T_Metal_Gold_N.uasset" 780
"../../../MyProject12/Content/StarterContent/Materials/M_Metal_Burnished_Steel.uasset" 781
"../../../MyProject12/Content/StarterContent/Textures/T_Metal_Copper_D.uasset" 782
"../../../MyProject12/Content/StarterContent/Materials/M_Metal_Copper.uasset" 783
"../../../MyProject12/Content/StarterContent/Textures/T_Statue_M.uasset" 784
"../../../MyProject12/Content/StarterContent/Textures/T_Statue_N.uasset" 785
"../../../MyProject12/Content/StarterContent/Props/Materials/M_StatueGlass.uasset" 786
"../../../MyProject12/Content/StarterContent/Architecture/Floor_400x400.uasset" 787
"../../../MyProject12/Content/StarterContent/Audio/Starter_Background_Cue.uasset" 788
"../../../MyProject12/Content/StarterContent/Props/SM_Chair.uasset" 789
"../../../MyProject12/Content/StarterContent/Props/Materials/M_Statue.uasset" 790
"../../../MyProject12/Content/StarterContent/Props/SM_Statue.uasset" 791
"../../../MyProject12/Content/StarterContent/Textures/T_TableRound_M.uasset" 792
"../../../MyProject12/Content/StarterContent/Textures/T_TableRound_N.uasset" 793
"../../../MyProject12/Content/StarterContent/Props/Materials/M_TableRound.uasset" 794
"../../../MyProject12/Content/StarterContent/Props/SM_TableRound.uasset" 795
"../../../MyProject12/Content/StarterContent/Maps/Minimal_Default.umap" 796
"../../../MyProject12/Content/StarterContent/Audio/Fire01_Cue.uasset" 797
"../../../MyProject12/Content/StarterContent/Textures/T_Fire_SubUV.uasset" 798
"../../../MyProject12/Content/StarterContent/Textures/T_Fire_Tiled_D.uasset" 799
"../../../MyProject12/Content/StarterContent/Particles/Materials/M_Fire_SubUV.uasset" 800
"../../../MyProject12/Content/StarterContent/Textures/T_Water_N.uasset" 801
"../../../MyProject12/Content/StarterContent/Particles/Materials/M_Heat_Distortion.uasset" 802
"../../../MyProject12/Content/StarterContent/Particles/Materials/M_Radial_Gradient.uasset" 803
"../../../MyProject12/Content/StarterContent/Particles/P_Fire.uasset" 804
"../../../MyProject12/Content/StarterContent/Blueprints/Blueprint_Effect_Fire.uasset" 805
"../../../MyProject12/Content/StarterContent/Audio/Smoke01_Cue.uasset" 806
"../../../MyProject12/Content/StarterContent/Particles/P_Smoke.uasset" 807
"../../../MyProject12/Content/StarterContent/Blueprints/Blueprint_Effect_Smoke.uasset" 808
"../../../MyProject12/Content/StarterContent/Audio/Fire_Sparks01_Cue.uasset" 809
"../../../MyProject12/Content/StarterContent/Textures/T_Spark_Core.uasset" 810
"../../../MyProject12/Content/StarterContent/Particles/Materials/M_Spark.uasset" 811
"../../../MyProject12/Content/StarterContent/Particles/P_Sparks.uasset" 812
"../../../MyProject12/Content/StarterContent/Blueprints/Blueprint_Effect_Sparks.uasset" 813
"../../../MyProject12/Content/StarterContent/Audio/Steam01_Cue.uasset" 814
"../../../MyProject12/Content/StarterContent/Particles/P_Steam_Lit.uasset" 815
"../../../MyProject12/Content/StarterContent/Blueprints/Blueprint_Effect_Steam.uasset" 816
"../../../MyProject12/Content/StarterContent/Textures/T_Lamp_M.uasset" 817
"../../../MyProject12/Content/StarterContent/Textures/T_Lamp_N.uasset" 818
"../../../MyProject12/Content/StarterContent/Props/Materials/M_Lamp.uasset" 819
"../../../MyProject12/Content/StarterContent/Props/SM_Lamp_Ceiling.uasset" 820
"../../../MyProject12/Content/StarterContent/Blueprints/Blueprint_CeilingLight.uasset" 821
"../../../MyProject12/Content/StarterContent/Props/SM_Lamp_Wall.uasset" 822
"../../../MyProject12/Content/StarterContent/Blueprints/Blueprint_WallSconce.uasset" 823
"../../../MyProject12/Content/StarterContent/Maps/StarterMap_BuiltData.uasset" 824
"../../../Engine/Content/Functions/Engine_MaterialFunctions03/Procedurals/ComputeFilterWidth.uasset" 825
"../../../Engine/Content/EngineMaterials/AntiAliasedTextMaterialTranslucent.uasset" 826
"../../../MyProject12/Content/StarterContent/Textures/T_Brick_Clay_Beveled_D.uasset" 827
"../../../MyProject12/Content/StarterContent/Textures/T_Brick_Clay_Beveled_M.uasset" 828
"../../../MyProject12/Content/StarterContent/Textures/T_Brick_Clay_Beveled_N.uasset" 829
"../../../MyProject12/Content/StarterContent/Materials/M_Brick_Clay_Beveled.uasset" 830
"../../../MyProject12/Content/StarterContent/Textures/T_Brick_Clay_New_M.uasset" 831
"../../../MyProject12/Content/StarterContent/Materials/M_Brick_Clay_New.uasset" 832
"../../../MyProject12/Content/StarterContent/Textures/T_Brick_Clay_Old_D.uasset" 833
"../../../MyProject12/Content/StarterContent/Textures/T_Brick_Clay_Old_N.uasset" 834
"../../../MyProject12/Content/StarterContent/Textures/T_Perlin_Noise_M.uasset" 835
"../../../MyProject12/Content/StarterContent/Materials/M_Brick_Clay_Old.uasset" 836
"../../../MyProject12/Content/StarterContent/Textures/T_Brick_Cut_Stone_D.uasset" 837
"../../../MyProject12/Content/StarterContent/Textures/T_Brick_Cut_Stone_N.uasset" 838
"../../../MyProject12/Content/StarterContent/Materials/M_Brick_Cut_Stone.uasset" 839
"../../../MyProject12/Content/StarterContent/Textures/T_Brick_Hewn_Stone_D.uasset" 840
"../../../MyProject12/Content/StarterContent/Textures/T_Brick_Hewn_Stone_M.uasset" 841
"../../../MyProject12/Content/StarterContent/Textures/T_Brick_Hewn_Stone_N.uasset" 842
"../../../MyProject12/Content/StarterContent/Materials/M_Brick_Hewn_Stone.uasset" 843
"../../../MyProject12/Content/StarterContent/Textures/T_Ceramic_Tile_N.uasset" 844
"../../../MyProject12/Content/StarterContent/Textures/T_Rock_Marble_Polished_D.uasset" 845
"../../../MyProject12/Content/StarterContent/Materials/M_Ceramic_Tile_Checker.uasset" 846
"../../../MyProject12/Content/StarterContent/Textures/T_CobbleStone_Pebble_D.uasset" 847
"../../../MyProject12/Content/StarterContent/Textures/T_CobbleStone_Pebble_M.uasset" 848
"../../../MyProject12/Content/StarterContent/Textures/T_CobbleStone_Pebble_N.uasset" 849
"../../../MyProject12/Content/StarterContent/Materials/M_CobbleStone_Pebble.uasset" 850
"../../../MyProject12/Content/StarterContent/Textures/T_CobbleStone_Rough_D.uasset" 851
"../../../MyProject12/Content/StarterContent/Textures/T_CobbleStone_Rough_N.uasset" 852
"../../../MyProject12/Content/StarterContent/Textures/T_Gradinet_01.uasset" 853
"../../../MyProject12/Content/StarterContent/Textures/T_Rock_Smooth_Granite_D.uasset" 854
"../../../MyProject12/Content/StarterContent/Materials/M_CobbleStone_Rough.uasset" 855
"../../../MyProject12/Content/StarterContent/Textures/T_CobbleStone_Smooth_D.uasset" 856
"../../../MyProject12/Content/StarterContent/Textures/T_CobbleStone_Smooth_M.uasset" 857
"../../../MyProject12/Content/StarterContent/Textures/T_CobbleStone_Smooth_N.uasset" 858
"../../../MyProject12/Content/StarterContent/Materials/M_CobbleStone_Smooth.uasset" 859
"../../../MyProject12/Content/StarterContent/Textures/T_Concrete_Grime_D.uasset" 860
"../../../MyProject12/Content/StarterContent/Textures/T_Metal_Rust_N.uasset" 861
"../../../MyProject12/Content/StarterContent/Materials/M_Concrete_Grime.uasset" 862
"../../../MyProject12/Content/StarterContent/Textures/T_Concrete_Panels_D.uasset" 863
"../../../MyProject12/Content/StarterContent/Textures/T_Concrete_Panels_N.uasset" 864
"../../../MyProject12/Content/StarterContent/Materials/M_Concrete_Panels.uasset" 865
"../../../MyProject12/Content/StarterContent/Textures/T_Concrete_Poured_D.uasset" 866
"../../../MyProject12/Content/StarterContent/Textures/T_Concrete_Poured_N.uasset" 867
"../../../MyProject12/Content/StarterContent/Materials/M_Concrete_Poured.uasset" 868
"../../../MyProject12/Content/StarterContent/Textures/T_Concrete_Tiles_D.uasset" 869
"../../../MyProject12/Content/StarterContent/Textures/T_Concrete_Tiles_M.uasset" 870
"../../../MyProject12/Content/StarterContent/Textures/T_Concrete_Tiles_N.uasset" 871
"../../../MyProject12/Content/StarterContent/Textures/T_Concrete_Tiles_Variation_M.uasset" 872
"../../../MyProject12/Content/StarterContent/Materials/M_Concrete_Tiles.uasset" 873
"../../../MyProject12/Content/StarterContent/Textures/T_Ground_Grass_D.uasset" 874
"../../../MyProject12/Content/StarterContent/Textures/T_Ground_Grass_N.uasset" 875
"../../../MyProject12/Content/StarterContent/Materials/M_Ground_Grass.uasset" 876
"../../../MyProject12/Content/StarterContent/Textures/T_Ground_Gravel_D.uasset" 877
"../../../MyProject12/Content/StarterContent/Textures/T_Ground_Gravel_N.uasset" 878
"../../../MyProject12/Content/StarterContent/Materials/M_Ground_Gravel.uasset" 879
"../../../MyProject12/Content/StarterContent/Textures/T_ground_Moss_D.uasset" 880
"../../../MyProject12/Content/StarterContent/Textures/T_Ground_Moss_N.uasset" 881
"../../../MyProject12/Content/StarterContent/Materials/M_Ground_Moss.uasset" 882
"../../../MyProject12/Content/StarterContent/Materials/M_Metal_Chrome.uasset" 883
"../../../MyProject12/Content/StarterContent/Textures/T_Metal_Gold_D.uasset" 884
"../../../MyProject12/Content/StarterContent/Materials/M_Metal_Gold.uasset" 885
"../../../MyProject12/Content/StarterContent/Textures/T_Metal_Rust_D.uasset" 886
"../../../MyProject12/Content/StarterContent/Materials/M_Metal_Rust.uasset" 887
"../../../MyProject12/Content/StarterContent/Textures/T_Metal_Steel_D.uasset" 888
"../../../MyProject12/Content/StarterContent/Textures/T_Metal_Steel_N.uasset" 889
"../../../MyProject12/Content/StarterContent/Materials/M_Metal_Steel.uasset" 890
"../../../MyProject12/Content/StarterContent/Textures/T_Rock_Basalt_N.uasset" 891
"../../../MyProject12/Content/StarterContent/Materials/M_Rock_Basalt.uasset" 892
"../../../MyProject12/Content/StarterContent/Materials/M_Rock_Marble_Polished.uasset" 893
"../../../MyProject12/Content/StarterContent/Textures/T_Rock_Sandstone_D.uasset" 894
"../../../MyProject12/Content/StarterContent/Textures/T_Rock_Sandstone_N.uasset" 895
"../../../MyProject12/Content/StarterContent/Materials/M_Rock_Sandstone.uasset" 896
"../../../MyProject12/Content/StarterContent/Textures/T_Rock_Slate_D.uasset" 897
"../../../MyProject12/Content/StarterContent/Textures/T_Rock_Slate_N.uasset" 898
"../../../MyProject12/Content/StarterContent/Materials/M_Rock_Slate.uasset" 899
"../../../MyProject12/Content/StarterContent/Textures/T_Checker_Noise_M.uasset" 900
"../../../MyProject12/Content/StarterContent/Textures/T_Single_Tile_N.uasset" 901
"../../../MyProject12/Content/StarterContent/Textures/T_Tech_Dot_M.uasset" 902
"../../../MyProject12/Content/StarterContent/Textures/T_Tech_Dot_N.uasset" 903
"../../../MyProject12/Content/StarterContent/Materials/M_Tech_Checker_Dot.uasset" 904
"../../../MyProject12/Content/StarterContent/Textures/T_Tech_Hex_Tile_M.uasset" 905
"../../../MyProject12/Content/StarterContent/Textures/T_Tech_Hex_Tile_N.uasset" 906
"../../../MyProject12/Content/StarterContent/Materials/M_Tech_Hex_Tile.uasset" 907
"../../../MyProject12/Content/StarterContent/Materials/M_Tech_Hex_Tile_Pulse.uasset" 908
"../../../MyProject12/Content/StarterContent/Textures/T_Tech_Panel_M.uasset" 909
"../../../MyProject12/Content/StarterContent/Textures/T_Tech_Panel_N.uasset" 910
"../../../MyProject12/Content/StarterContent/Materials/M_Tech_Panel.uasset" 911
"../../../MyProject12/Content/StarterContent/Materials/M_Water_Lake.uasset" 912
"../../../MyProject12/Content/StarterContent/Textures/T_Water_M.uasset" 913
"../../../MyProject12/Content/StarterContent/Materials/M_Water_Ocean.uasset" 914
"../../../MyProject12/Content/StarterContent/Textures/T_Wood_Floor_Walnut_D.uasset" 915
"../../../MyProject12/Content/StarterContent/Textures/T_Wood_Floor_Walnut_M.uasset" 916
"../../../MyProject12/Content/StarterContent/Textures/T_Wood_Floor_Walnut_N.uasset" 917
"../../../MyProject12/Content/StarterContent/Materials/M_Wood_Floor_Walnut_Polished.uasset" 918
"../../../Engine/Content/Functions/Engine_MaterialFunctions01/Opacity/AlphaOffset.uasset" 919
"../../../MyProject12/Content/StarterContent/Materials/M_Wood_Floor_Walnut_Worn.uasset" 920
"../../../MyProject12/Content/StarterContent/Textures/T_Wood_Oak_D.uasset" 921
"../../../MyProject12/Content/StarterContent/Textures/T_Wood_Oak_N.uasset" 922
"../../../MyProject12/Content/StarterContent/Materials/M_Wood_Oak.uasset" 923
"../../../MyProject12/Content/StarterContent/Textures/T_Wood_Pine_D.uasset" 924
"../../../MyProject12/Content/StarterContent/Textures/T_Wood_Pine_N.uasset" 925
"../../../MyProject12/Content/StarterContent/Materials/M_Wood_Pine.uasset" 926
"../../../MyProject12/Content/StarterContent/Textures/T_Wood_Walnut_D.uasset" 927
"../../../MyProject12/Content/StarterContent/Textures/T_Wood_Walnut_N.uasset" 928
"../../../MyProject12/Content/StarterContent/Materials/M_Wood_Walnut.uasset" 929
"../../../MyProject12/Content/StarterContent/Architecture/Wall_400x200.uasset" 930
"../../../MyProject12/Content/StarterContent/Architecture/Wall_Door_400x300.uasset" 931
"../../../MyProject12/Content/StarterContent/Architecture/Wall_Window_400x300.uasset" 932
"../../../MyProject12/Content/StarterContent/Audio/Collapse_Cue.uasset" 933
"../../../MyProject12/Content/StarterContent/Audio/Starter_Music_Cue.uasset" 934
"../../../MyProject12/Content/StarterContent/Textures/T_Dust_Particle_D.uasset" 935
"../../../MyProject12/Content/StarterContent/Particles/Materials/M_Dust_Particle.uasset" 936
"../../../MyProject12/Content/StarterContent/Particles/P_Ambient_Dust.uasset" 937
"../../../MyProject12/Content/StarterContent/Props/MaterialSphere.uasset" 938
"../../../MyProject12/Content/StarterContent/Textures/T_Frame_M.uasset" 939
"../../../MyProject12/Content/StarterContent/Textures/T_Frame_N.uasset" 940
"../../../MyProject12/Content/StarterContent/Props/Materials/M_Frame.uasset" 941
"../../../MyProject12/Content/StarterContent/Props/SM_CornerFrame.uasset" 942
"../../../MyProject12/Content/StarterContent/Props/SM_DoorFrame.uasset" 943
"../../../MyProject12/Content/StarterContent/Props/SM_GlassWindow.uasset" 944
"../../../MyProject12/Content/StarterContent/Props/SM_PillarFrame.uasset" 945
"../../../MyProject12/Content/StarterContent/Props/SM_PillarFrame300.uasset" 946
"../../../MyProject12/Content/StarterContent/Props/SM_WindowFrame.uasset" 947
"../../../MyProject12/Content/StarterContent/Shapes/Shape_Cube.uasset" 948
"../../../MyProject12/Content/StarterContent/Shapes/Shape_QuadPyramid.uasset" 949
"../../../MyProject12/Content/StarterContent/Shapes/Shape_Sphere.uasset" 950
"../../../MyProject12/Content/StarterContent/Maps/StarterMap.umap" 951
"../../../MyProject12/Content/Mannequin/Animations/ThirdPerson_Jump.uasset" 952
"../../../MyProject12/Content/Mannequin/Animations/ThirdPersonJump_Loop.uasset" 953
"../../../MyProject12/Content/Mannequin/Animations/ThirdPersonJump_Start.uasset" 954
"../../../MyProject12/Content/Mannequin/Animations/ThirdPersonIdle.uasset" 955
"../../../MyProject12/Content/Mannequin/Animations/ThirdPersonRun.uasset" 956
"../../../MyProject12/Content/Mannequin/Animations/ThirdPersonWalk.uasset" 957
"../../../MyProject12/Content/Mannequin/Animations/ThirdPerson_IdleRun_2D.uasset" 958
"../../../MyProject12/Content/Mannequin/Animations/ThirdPerson_AnimBP.uasset" 959
"../../../MyProject12/Content/Mannequin/Character/Materials/MaterialLayers/T_ML_Rubber_Blue_01_D.uasset" 960
"../../../MyProject12/Content/Mannequin/Character/Materials/MaterialLayers/T_ML_Rubber_Blue_01_N.uasset" 961
"../../../MyProject12/Content/Mannequin/Character/Materials/MaterialLayers/ML_GlossyBlack_Latex_UE4.uasset" 962
"../../../MyProject12/Content/Mannequin/Character/Materials/MaterialLayers/ML_Plastic_Shiny_Beige.uasset" 963
"../../../MyProject12/Content/Mannequin/Character/Materials/MaterialLayers/ML_Plastic_Shiny_Beige_LOGO.uasset" 964
"../../../MyProject12/Content/Mannequin/Character/Materials/MaterialLayers/T_ML_Aluminum01.uasset" 965
"../../../MyProject12/Content/Mannequin/Character/Materials/MaterialLayers/T_ML_Aluminum01_N.uasset" 966
"../../../MyProject12/Content/Mannequin/Character/Materials/MaterialLayers/ML_SoftMetal_UE4.uasset" 967
"../../../MyProject12/Content/Mannequin/Character/Textures/UE4_Mannequin__normals.uasset" 968
"../../../MyProject12/Content/Mannequin/Character/Textures/UE4_Mannequin_MAT_MASKA.uasset" 969
"../../../MyProject12/Content/Mannequin/Character/Materials/M_UE4Man_Body.uasset" 970
"../../../MyProject12/Content/Mannequin/Character/Textures/UE4Man_Logo_N.uasset" 971
"../../../MyProject12/Content/Mannequin/Character/Materials/M_UE4Man_ChestLogo.uasset" 972
"../../../MyProject12/Content/Mannequin/Character/Mesh/SK_Mannequin_PhysicsAsset.uasset" 973
"../../../MyProject12/Content/Mannequin/Character/Mesh/SK_Mannequin.uasset" 974
"../../../MyProject12/Content/TopDownBP/Blueprints/TopDownCharacter.uasset" 975
"../../../MyProject12/Content/TopDownBP/Blueprints/TopDownController.uasset" 976
"../../../MyProject12/Content/TopDownBP/Blueprints/TopDownGameMode.uasset" 977
"../../../MyProject12/Content/TopDownBP/Maps/TopDownExampleMap_BuiltData.uasset" 978
"../../../MyProject12/Content/TopDownBP/Maps/TopDownExampleMap.umap" 979
