Log file open, 04/02/18 11:28:14
LogWindows: Failed to load 'aqProf.dll' (GetLastError=126)
LogWindows: File 'aqProf.dll' does not exist
LogWindows: Failed to load 'VSPerf140.dll' (GetLastError=126)
LogWindows: File 'VSPerf140.dll' does not exist
LogWindows: Failed to load 'VtuneApi.dll' (GetLastError=126)
LogWindows: File 'VtuneApi.dll' does not exist
LogWindows: Failed to load 'VtuneApi32e.dll' (GetLastError=126)
LogWindows: File 'VtuneApi32e.dll' does not exist
LogInit: Display: Running engine for game: MyProject12
LogPlatformFile: Not using cached read wrapper
LogInit: Display: RandInit(-219014449) SRandInit(-219014449).
LogInit: Read version file with build ID '3709383'
LogInit: Overriding engine version to CL 3794801, compatible CL 3709383
LogInit: Registered custom module enumerator with build ID '3709383'
LogTaskGraph: Started task graph with 5 named threads and 14 total threads with 3 sets of task threads.
LogStats: Stats thread started at 0.165871
LogD3D11RHI: Aftermath initialized
LogModuleManager: Display: Found up-to-date module file ../../../Engine/Plugins/Online/OnlineSubsystemSteam/Binaries/Win64/UE4Editor-OnlineSubsystemSteam.dll (API version 3709383).
LogModuleManager: Display: Found up-to-date module file ../../../Engine/Plugins/Online/OnlineSubsystem/Binaries/Win64/UE4Editor-OnlineSubsystem.dll (API version 3709383).
LogModuleManager: Display: Found up-to-date module file ../../../Engine/Plugins/Online/OnlineSubsystemUtils/Binaries/Win64/UE4Editor-OnlineSubsystemUtils.dll (API version 3709383).
LogModuleManager: Display: Found up-to-date module file ../../../Engine/Plugins/Online/OnlineSubsystemUtils/Binaries/Win64/UE4Editor-OnlineBlueprintSupport.dll (API version 3709383).
LogModuleManager: Display: Found up-to-date module file ../../../Engine/Plugins/2D/Paper2D/Binaries/Win64/UE4Editor-Paper2D.dll (API version 3709383).
LogModuleManager: Display: Found up-to-date module file ../../../Engine/Plugins/2D/Paper2D/Binaries/Win64/UE4Editor-Paper2DEditor.dll (API version 3709383).
LogModuleManager: Display: Found up-to-date module file ../../../Engine/Plugins/2D/Paper2D/Binaries/Win64/UE4Editor-PaperSpriteSheetImporter.dll (API version 3709383).
LogModuleManager: Display: Found up-to-date module file ../../../Engine/Plugins/2D/Paper2D/Binaries/Win64/UE4Editor-PaperTiledImporter.dll (API version 3709383).
LogModuleManager: Display: Found up-to-date module file ../../../Engine/Plugins/2D/Paper2D/Binaries/Win64/UE4Editor-SmartSnapping.dll (API version 3709383).
LogModuleManager: Display: Found up-to-date module file ../../../Engine/Plugins/Blendables/LightPropagationVolume/Binaries/Win64/UE4Editor-LightPropagationVolumeRuntime.dll (API version 3709383).
LogModuleManager: Display: Found up-to-date module file ../../../Engine/Plugins/Blendables/LightPropagationVolume/Binaries/Win64/UE4Editor-LightPropagationVolumeEditor.dll (API version 3709383).
LogModuleManager: Display: Found up-to-date module file ../../../Engine/Plugins/Developer/GitSourceControl/Binaries/Win64/UE4Editor-GitSourceControl.dll (API version 3709383).
LogModuleManager: Display: Found up-to-date module file ../../../Engine/Plugins/Developer/PerforceSourceControl/Binaries/Win64/UE4Editor-PerforceSourceControl.dll (API version 3709383).
LogModuleManager: Display: Found up-to-date module file ../../../Engine/Plugins/Developer/SubversionSourceControl/Binaries/Win64/UE4Editor-SubversionSourceControl.dll (API version 3709383).
LogModuleManager: Display: Found up-to-date module file ../../../Engine/Plugins/Developer/UObjectPlugin/Binaries/Win64/UE4Editor-UObjectPlugin.dll (API version 3709383).
LogModuleManager: Display: Found up-to-date module file ../../../Engine/Plugins/Developer/VisualStudioCodeSourceCodeAccess/Binaries/Win64/UE4Editor-VisualStudioCodeSourceCodeAccess.dll (API version 3709383).
LogModuleManager: Display: Found up-to-date module file ../../../Engine/Plugins/Developer/VisualStudioSourceCodeAccess/Binaries/Win64/UE4Editor-VisualStudioSourceCodeAccess.dll (API version 3709383).
LogModuleManager: Display: Found up-to-date module file ../../../Engine/Plugins/Editor/AssetManagerEditor/Binaries/Win64/UE4Editor-AssetManagerEditor.dll (API version 3709383).
LogModuleManager: Display: Found up-to-date module file ../../../Engine/Plugins/Editor/AudioCapture/Binaries/Win64/UE4Editor-AudioCapture.dll (API version 3709383).
LogModuleManager: Display: Found up-to-date module file ../../../Engine/Plugins/Editor/FacialAnimation/Binaries/Win64/UE4Editor-FacialAnimation.dll (API version 3709383).
LogModuleManager: Display: Found up-to-date module file ../../../Engine/Plugins/Editor/FacialAnimation/Binaries/Win64/UE4Editor-FacialAnimationEditor.dll (API version 3709383).
LogModuleManager: Display: Found up-to-date module file ../../../Engine/Plugins/Editor/GameplayTagsEditor/Binaries/Win64/UE4Editor-GameplayTagsEditor.dll (API version 3709383).
LogModuleManager: Display: Found up-to-date module file ../../../Engine/Plugins/Editor/MobileLauncherProfileWizard/Binaries/Win64/UE4Editor-MobileLauncherProfileWizard.dll (API version 3709383).
LogModuleManager: Display: Found up-to-date module file ../../../Engine/Plugins/Editor/PluginBrowser/Binaries/Win64/UE4Editor-PluginBrowser.dll (API version 3709383).
LogModuleManager: Display: Found up-to-date module file ../../../Engine/Plugins/Editor/SpeedTreeImporter/Binaries/Win64/UE4Editor-SpeedTreeImporter.dll (API version 3709383).
LogModuleManager: Display: Found up-to-date module file ../../../Engine/Plugins/Experimental/AlembicImporter/Binaries/Win64/UE4Editor-AlembicImporter.dll (API version 3709383).
LogModuleManager: Display: Found up-to-date module file ../../../Engine/Plugins/Experimental/AlembicImporter/Binaries/Win64/UE4Editor-AlembicLibrary.dll (API version 3709383).
LogModuleManager: Display: Found up-to-date module file ../../../Engine/Plugins/Experimental/CharacterAI/Binaries/Win64/UE4Editor-CharacterAI.dll (API version 3709383).
LogModuleManager: Display: Found up-to-date module file ../../../Engine/Plugins/Experimental/HTML5Networking/Binaries/Win64/UE4Editor-HTML5Networking.dll (API version 3709383).
LogModuleManager: Display: Found up-to-date module file ../../../Engine/Plugins/Media/AndroidMedia/Binaries/Win64/UE4Editor-AndroidMediaEditor.dll (API version 3709383).
LogModuleManager: Display: Found up-to-date module file ../../../Engine/Plugins/Media/AndroidMedia/Binaries/Win64/UE4Editor-AndroidMediaFactory.dll (API version 3709383).
LogModuleManager: Display: Found up-to-date module file ../../../Engine/Plugins/Media/AvfMedia/Binaries/Win64/UE4Editor-AvfMediaEditor.dll (API version 3709383).
LogModuleManager: Display: Found up-to-date module file ../../../Engine/Plugins/Media/AvfMedia/Binaries/Win64/UE4Editor-AvfMediaFactory.dll (API version 3709383).
LogModuleManager: Display: Found up-to-date module file ../../../Engine/Plugins/Media/AvfMedia/Binaries/Win64/UE4Editor-AvfMediaFactory.dll (API version 3709383).
LogModuleManager: Display: Found up-to-date module file ../../../Engine/Plugins/Media/ImgMedia/Binaries/Win64/UE4Editor-ImgMedia.dll (API version 3709383).
LogModuleManager: Display: Found up-to-date module file ../../../Engine/Plugins/Media/ImgMedia/Binaries/Win64/UE4Editor-ImgMediaEditor.dll (API version 3709383).
LogModuleManager: Display: Found up-to-date module file ../../../Engine/Plugins/Media/ImgMedia/Binaries/Win64/UE4Editor-ImgMediaFactory.dll (API version 3709383).
LogModuleManager: Display: Found up-to-date module file ../../../Engine/Plugins/Media/ImgMedia/Binaries/Win64/UE4Editor-ImgMediaFactory.dll (API version 3709383).
LogModuleManager: Display: Found up-to-date module file ../../../Engine/Plugins/Media/ImgMedia/Binaries/Win64/UE4Editor-OpenExrWrapper.dll (API version 3709383).
LogModuleManager: Display: Found up-to-date module file ../../../Engine/Plugins/Media/MediaCompositing/Binaries/Win64/UE4Editor-MediaCompositing.dll (API version 3709383).
LogModuleManager: Display: Found up-to-date module file ../../../Engine/Plugins/Media/MediaCompositing/Binaries/Win64/UE4Editor-MediaCompositingEditor.dll (API version 3709383).
LogModuleManager: Display: Found up-to-date module file ../../../Engine/Plugins/Media/MediaPlayerEditor/Binaries/Win64/UE4Editor-MediaPlayerEditor.dll (API version 3709383).
LogModuleManager: Display: Found up-to-date module file ../../../Engine/Plugins/Media/WmfMedia/Binaries/Win64/UE4Editor-WmfMedia.dll (API version 3709383).
LogModuleManager: Display: Found up-to-date module file ../../../Engine/Plugins/Media/WmfMedia/Binaries/Win64/UE4Editor-WmfMediaEditor.dll (API version 3709383).
LogModuleManager: Display: Found up-to-date module file ../../../Engine/Plugins/Media/WmfMedia/Binaries/Win64/UE4Editor-WmfMediaFactory.dll (API version 3709383).
LogModuleManager: Display: Found up-to-date module file ../../../Engine/Plugins/Media/WmfMedia/Binaries/Win64/UE4Editor-WmfMediaFactory.dll (API version 3709383).
LogModuleManager: Display: Found up-to-date module file ../../../Engine/Plugins/Messaging/TcpMessaging/Binaries/Win64/UE4Editor-TcpMessaging.dll (API version 3709383).
LogModuleManager: Display: Found up-to-date module file ../../../Engine/Plugins/Messaging/UdpMessaging/Binaries/Win64/UE4Editor-UdpMessaging.dll (API version 3709383).
LogModuleManager: Display: Found up-to-date module file ../../../Engine/Plugins/MovieScene/ActorSequence/Binaries/Win64/UE4Editor-ActorSequence.dll (API version 3709383).
LogModuleManager: Display: Found up-to-date module file ../../../Engine/Plugins/MovieScene/LevelSequenceEditor/Binaries/Win64/UE4Editor-LevelSequenceEditor.dll (API version 3709383).
LogModuleManager: Display: Found up-to-date module file ../../../Engine/Plugins/MovieScene/MatineeToLevelSequence/Binaries/Win64/UE4Editor-MatineeToLevelSequence.dll (API version 3709383).
LogModuleManager: Display: Found up-to-date module file ../../../Engine/Plugins/Runtime/AndroidPermission/Binaries/Win64/UE4Editor-AndroidPermission.dll (API version 3709383).
LogModuleManager: Display: Found up-to-date module file ../../../Engine/Plugins/Online/OnlineSubsystemNull/Binaries/Win64/UE4Editor-OnlineSubsystemNull.dll (API version 3709383).
LogModuleManager: Display: Found up-to-date module file ../../../Engine/Plugins/Runtime/AndroidDeviceProfileSelector/Binaries/Win64/UE4Editor-AndroidDeviceProfileSelector.dll (API version 3709383).
LogModuleManager: Display: Found up-to-date module file ../../../Engine/Plugins/Runtime/AppleARKit/Binaries/Win64/UE4Editor-AppleARKit.dll (API version 3709383).
LogModuleManager: Display: Found up-to-date module file ../../../Engine/Plugins/Runtime/ArchVisCharacter/Binaries/Win64/UE4Editor-ArchVisCharacter.dll (API version 3709383).
LogModuleManager: Display: Found up-to-date module file ../../../Engine/Plugins/Runtime/CableComponent/Binaries/Win64/UE4Editor-CableComponent.dll (API version 3709383).
LogModuleManager: Display: Found up-to-date module file ../../../Engine/Plugins/Runtime/CustomMeshComponent/Binaries/Win64/UE4Editor-CustomMeshComponent.dll (API version 3709383).
LogModuleManager: Display: Found up-to-date module file ../../../Engine/Plugins/Runtime/ExampleDeviceProfileSelector/Binaries/Win64/UE4Editor-ExampleDeviceProfileSelector.dll (API version 3709383).
LogModuleManager: Display: Found up-to-date module file ../../../Engine/Plugins/Runtime/ImmediatePhysics/Binaries/Win64/UE4Editor-ImmediatePhysics.dll (API version 3709383).
LogModuleManager: Display: Found up-to-date module file ../../../Engine/Plugins/Runtime/ImmediatePhysics/Binaries/Win64/UE4Editor-ImmediatePhysicsEditor.dll (API version 3709383).
LogModuleManager: Display: Found up-to-date module file ../../../Engine/Plugins/Runtime/LocationServicesBPLibrary/Binaries/Win64/UE4Editor-LocationServicesBPLibrary.dll (API version 3709383).
LogModuleManager: Display: Found up-to-date module file ../../../Engine/Plugins/Runtime/MobilePatchingUtils/Binaries/Win64/UE4Editor-MobilePatchingUtils.dll (API version 3709383).
LogModuleManager: Display: Found up-to-date module file ../../../Engine/Plugins/Runtime/Oculus/OculusVR/Binaries/Win64/UE4Editor-OculusHMD.dll (API version 3709383).
LogModuleManager: Display: Found up-to-date module file ../../../Engine/Plugins/Runtime/Oculus/OculusVR/Binaries/Win64/UE4Editor-OculusInput.dll (API version 3709383).
LogModuleManager: Display: Found up-to-date module file ../../../Engine/Plugins/Runtime/Oculus/OculusVR/Binaries/Win64/UE4Editor-OculusEditor.dll (API version 3709383).
LogModuleManager: Display: Found up-to-date module file ../../../Engine/Plugins/Runtime/PhysXVehicles/Binaries/Win64/UE4Editor-PhysXVehicles.dll (API version 3709383).
LogModuleManager: Display: Found up-to-date module file ../../../Engine/Plugins/Runtime/PhysXVehicles/Binaries/Win64/UE4Editor-PhysXVehiclesEditor.dll (API version 3709383).
LogModuleManager: Display: Found up-to-date module file ../../../Engine/Plugins/Runtime/ProceduralMeshComponent/Binaries/Win64/UE4Editor-ProceduralMeshComponent.dll (API version 3709383).
LogModuleManager: Display: Found up-to-date module file ../../../Engine/Plugins/Runtime/ProceduralMeshComponent/Binaries/Win64/UE4Editor-ProceduralMeshComponentEditor.dll (API version 3709383).
LogModuleManager: Display: Found up-to-date module file ../../../Engine/Plugins/Runtime/RuntimePhysXCooking/Binaries/Win64/UE4Editor-RuntimePhysXCooking.dll (API version 3709383).
LogModuleManager: Display: Found up-to-date module file ../../../Engine/Plugins/Runtime/Steam/SteamVR/Binaries/Win64/UE4Editor-SteamVR.dll (API version 3709383).
LogModuleManager: Display: Found up-to-date module file ../../../Engine/Plugins/Runtime/Steam/SteamVR/Binaries/Win64/UE4Editor-SteamVRController.dll (API version 3709383).
LogModuleManager: Display: Found up-to-date module file ../../../Engine/Plugins/Runtime/WindowsMoviePlayer/Binaries/Win64/UE4Editor-WindowsMoviePlayer.dll (API version 3709383).
LogPluginManager: Mounting plugin Paper2D
LogPluginManager: Mounting plugin LightPropagationVolume
LogPluginManager: Mounting plugin CodeLiteSourceCodeAccess
LogPluginManager: Mounting plugin GitSourceControl
LogPluginManager: Mounting plugin KDevelopSourceCodeAccess
LogPluginManager: Mounting plugin NullSourceCodeAccess
LogPluginManager: Mounting plugin PerforceSourceControl
LogPluginManager: Mounting plugin SubversionSourceControl
LogPluginManager: Mounting plugin UObjectPlugin
LogPluginManager: Mounting plugin VisualStudioCodeSourceCodeAccess
LogPluginManager: Mounting plugin VisualStudioSourceCodeAccess
LogPluginManager: Mounting plugin XCodeSourceCodeAccess
LogPluginManager: Mounting plugin AssetManagerEditor
LogPluginManager: Mounting plugin AudioCapture
LogPluginManager: Mounting plugin FacialAnimation
LogPluginManager: Mounting plugin GameplayTagsEditor
LogPluginManager: Mounting plugin MobileLauncherProfileWizard
LogPluginManager: Mounting plugin PluginBrowser
LogPluginManager: Mounting plugin SpeedTreeImporter
LogPluginManager: Mounting plugin AlembicImporter
LogPluginManager: Mounting plugin CharacterAI
LogPluginManager: Mounting plugin HTML5Networking
LogPluginManager: Mounting plugin AndroidMedia
LogPluginManager: Mounting plugin AvfMedia
LogPluginManager: Mounting plugin ImgMedia
LogPluginManager: Mounting plugin MediaCompositing
LogPluginManager: Mounting plugin MediaPlayerEditor
LogPluginManager: Mounting plugin WmfMedia
LogPluginManager: Mounting plugin TcpMessaging
LogPluginManager: Mounting plugin UdpMessaging
LogPluginManager: Mounting plugin ActorSequence
LogPluginManager: Mounting plugin LevelSequenceEditor
LogPluginManager: Mounting plugin MatineeToLevelSequence
LogPluginManager: Mounting plugin OnlineSubsystemGooglePlay
LogPluginManager: Mounting plugin OnlineSubsystemIOS
LogPluginManager: Mounting plugin OnlineSubsystem
LogPluginManager: Mounting plugin OnlineSubsystemNull
LogPluginManager: Mounting plugin OnlineSubsystemSteam
LogPluginManager: Mounting plugin OnlineSubsystemUtils
LogPluginManager: Mounting plugin AndroidDeviceProfileSelector
LogPluginManager: Mounting plugin AndroidMoviePlayer
LogPluginManager: Mounting plugin AndroidPermission
LogPluginManager: Mounting plugin AppleARKit
LogPluginManager: Mounting plugin AppleMoviePlayer
LogPluginManager: Mounting plugin ArchVisCharacter
LogPluginManager: Mounting plugin CableComponent
LogPluginManager: Mounting plugin CustomMeshComponent
LogPluginManager: Mounting plugin ExampleDeviceProfileSelector
LogPluginManager: Mounting plugin GoogleCloudMessaging
LogPluginManager: Mounting plugin ImmediatePhysics
LogPluginManager: Mounting plugin IOSDeviceProfileSelector
LogPluginManager: Mounting plugin LinuxDeviceProfileSelector
LogPluginManager: Mounting plugin LocationServicesBPLibrary
LogPluginManager: Mounting plugin MobilePatchingUtils
LogPluginManager: Mounting plugin OculusVR
LogPluginManager: Plugin shader directory ../../../Engine/Plugins/Runtime/Oculus/OculusVR/Shaders found
LogPluginManager: Mapping shader source directory ../../../Engine/Plugins/Runtime/Oculus/OculusVR/Shaders to virtual directory /Plugin/OculusVR
LogPluginManager: Mounting plugin PhysXVehicles
LogPluginManager: Mounting plugin ProceduralMeshComponent
LogPluginManager: Mounting plugin RuntimePhysXCooking
LogPluginManager: Mounting plugin SteamVR
LogPluginManager: Mounting plugin WindowsMoviePlayer
LogInit: Using libcurl 7.47.1
LogInit:  - built for x86_64-pc-win32
LogInit:  - supports SSL with OpenSSL/1.0.2g
LogInit:  - supports HTTP deflate (compression) using libz 1.2.8
LogInit:  - other features:
LogInit:      CURL_VERSION_SSL
LogInit:      CURL_VERSION_LIBZ
LogInit:      CURL_VERSION_IPV6
LogInit:      CURL_VERSION_ASYNCHDNS
LogInit:      CURL_VERSION_LARGEFILE
LogInit:      CURL_VERSION_IDN
LogInit:  CurlRequestOptions (configurable via config and command line):
LogInit:  - bVerifyPeer = false  - Libcurl will NOT verify peer certificate
LogInit:  - bUseHttpProxy = false  - Libcurl will NOT use HTTP proxy
LogInit:  - bDontReuseConnections = false  - Libcurl will reuse connections
LogInit:  - CertBundlePath = nullptr  - Libcurl will use whatever was configured at build time.
LogOnline: Display: STEAM: Loading Steam SDK 1.39
LogInit: WinSock: version 1.1 (2.2), MaxSocks=32767, MaxUdp=65467
LogInit: Build: ++UE4+Release-4.18-CL-3794801
LogInit: Engine Version: 4.18.2-3794801+++UE4+Release-4.18
LogInit: Compatible Engine Version: 4.18.0-3709383+++UE4+Release-4.18
LogInit: Net CL: 3709383
LogDevObjectVersion: Number of dev versions registered: 16
LogDevObjectVersion:   Dev-Blueprints (B0D832E4-1F89-4F0D-ACCF-7EB736FD4AA2): 10
LogDevObjectVersion:   Dev-Build (E1C64328-A22C-4D53-A36C-8E866417BD8C): 0
LogDevObjectVersion:   Dev-Core (375EC13C-06E4-48FB-B500-84F0262A717E): 2
LogDevObjectVersion:   Dev-Editor (E4B068ED-F494-42E9-A231-DA0B2E46BB41): 20
LogDevObjectVersion:   Dev-Framework (CFFC743F-43B0-4480-9391-14DF171D2073): 30
LogDevObjectVersion:   Dev-Mobile (B02B49B5-BB20-44E9-A304-32B752E40360): 0
LogDevObjectVersion:   Dev-Networking (A4E4105C-59A1-49B5-A7C5-40C4547EDFEE): 0
LogDevObjectVersion:   Dev-Online (39C831C9-5AE6-47DC-9A44-9C173E1C8E7C): 0
LogDevObjectVersion:   Dev-Physics (78F01B33-EBEA-4F98-B9B4-84EACCB95AA2): 0
LogDevObjectVersion:   Dev-Platform (6631380F-2D4D-43E0-8009-CF276956A95A): 0
LogDevObjectVersion:   Dev-Rendering (12F88B9F-8875-4AFC-A67C-D90C383ABD29): 20
LogDevObjectVersion:   Dev-Sequencer (7B5AE74C-D270-4C10-A958-57980B212A5A): 4
LogDevObjectVersion:   Dev-VR (D7296918-1DD6-4BDD-9DE2-64A83CC13884): 0
LogDevObjectVersion:   Dev-LoadTimes (C2A15278-BFE7-4AFE-6C17-90FF531DF755): 1
LogDevObjectVersion:   Private-Geometry (6EACA3D4-40EC-4CC1-B786-8BED09428FC5): 1
LogDevObjectVersion:   Dev-AnimPhys (29E575DD-E0A3-4627-9D10-D276232CDCEA): 12
LogInit: Compiled (64-bit): Dec  8 2017 02:04:53
LogInit: Compiled with Visual C++: 19.00.24215.01
LogInit: Build Configuration: Development
LogInit: Branch Name: ++UE4+Release-4.18
LogInit: Command line:  -game
LogInit: Base directory: D:/Programs/Epic Games/UE_4.18/Engine/Binaries/Win64/
LogInit: Installed Engine Build: 1
LogInit: Presizing for max 8388607 objects, including 0 objects not considered by GC, pre-allocating 0 bytes for permanent pool.
LogInit: Object subsystem initialized
[2018.04.02-18.28.15:274][  0]LogInit: Selected Device Profile: [Windows]
[2018.04.02-18.28.15:274][  0]LogInit: Applying CVar settings loaded from the selected device profile: [Windows]
[2018.04.02-18.28.15:285][  0]LogInit: Computer: DESKTOP-GML08TH
[2018.04.02-18.28.15:285][  0]LogInit: User: Energy
[2018.04.02-18.28.15:285][  0]LogInit: CPU Page size=4096, Cores=4
[2018.04.02-18.28.15:285][  0]LogInit: High frequency timer resolution =2.630641 MHz
[2018.04.02-18.28.15:286][  0]LogMemory: Memory total: Physical=11.9GB (12GB approx)
[2018.04.02-18.28.15:286][  0]LogMemory: Platform Memory Stats for Windows
[2018.04.02-18.28.15:286][  0]LogMemory: Process Physical Memory: 304.96 MB used, 304.96 MB peak
[2018.04.02-18.28.15:286][  0]LogMemory: Process Virtual Memory: 283.97 MB used, 283.97 MB peak
[2018.04.02-18.28.15:286][  0]LogMemory: Physical Memory: 5614.97 MB used,  6581.73 MB free, 12196.70 MB total
[2018.04.02-18.28.15:286][  0]LogMemory: Virtual Memory: 796.84 MB used,  6581.73 MB free, 134217728.00 MB total
[2018.04.02-18.28.15:396][  0]LogInit: Using OS detected language (en-US).
[2018.04.02-18.28.15:396][  0]LogInit: Using OS detected locale (en-US).
[2018.04.02-18.28.15:398][  0]LogTextLocalizationManager: No specific localization for 'en-US' exists, so the 'en' localization will be used.
[2018.04.02-18.28.15:847][  0]LogD3D11RHI: D3D11 adapters:
[2018.04.02-18.28.15:896][  0]LogD3D11RHI:    0. 'NVIDIA GeForce GTX 870M' (Feature Level 11_0)
[2018.04.02-18.28.15:896][  0]LogD3D11RHI:       3029/0/6098 MB DedicatedVideo/DedicatedSystem/SharedSystem, Outputs:1, VendorId:0x10de
[2018.04.02-18.28.15:903][  0]LogD3D11RHI:    1. 'Intel(R) HD Graphics 4600' (Feature Level 11_0)
[2018.04.02-18.28.15:903][  0]LogD3D11RHI:       112/0/2048 MB DedicatedVideo/DedicatedSystem/SharedSystem, Outputs:0, VendorId:0x8086
[2018.04.02-18.28.15:906][  0]LogD3D11RHI:    2. 'Microsoft Basic Render Driver' (Feature Level 11_0)
[2018.04.02-18.28.15:906][  0]LogD3D11RHI:       0/0/6098 MB DedicatedVideo/DedicatedSystem/SharedSystem, Outputs:0, VendorId:0x1414
[2018.04.02-18.28.15:906][  0]LogD3D11RHI: Chosen D3D11 Adapter: 0
[2018.04.02-18.28.15:914][  0]LogD3D11RHI: Creating new Direct3DDevice
[2018.04.02-18.28.15:915][  0]LogD3D11RHI:     GPU DeviceId: 0x1199 (for the marketing name, search the web for "GPU Device Id")
[2018.04.02-18.28.15:915][  0]LogWindows: EnumDisplayDevices:
[2018.04.02-18.28.15:915][  0]LogWindows:    0. 'Intel(R) HD Graphics 4600' (P:1 D:1)
[2018.04.02-18.28.15:915][  0]LogWindows:    1. 'Intel(R) HD Graphics 4600' (P:0 D:0)
[2018.04.02-18.28.15:915][  0]LogWindows:    2. 'Intel(R) HD Graphics 4600' (P:0 D:0)
[2018.04.02-18.28.15:915][  0]LogWindows:    3. 'NVIDIA GeForce GTX 870M' (P:0 D:0)
[2018.04.02-18.28.15:915][  0]LogWindows:    4. 'NVIDIA GeForce GTX 870M' (P:0 D:0)
[2018.04.02-18.28.15:915][  0]LogWindows:    5. 'NVIDIA GeForce GTX 870M' (P:0 D:0)
[2018.04.02-18.28.15:915][  0]LogWindows:    6. 'NVIDIA GeForce GTX 870M' (P:0 D:0)
[2018.04.02-18.28.15:916][  0]LogWindows: DebugString: GetVideoDriverDetailsInvalid PrimaryIsNotTheChoosenAdapter GetVideoDriverDetailsInvalid PrimaryIsNotTheChoosenAdapter GetVideoDriverDetailsInvalid PrimaryIsNotTheChoosenAdapter GetVideoDriverDetailsInvalid PrimaryIsNotTheChoosenAdapter GetVideoDriverDetailsInvalid PrimaryIsNotTheChoosenAdapter GetVideoDriverDetailsInvalid PrimaryIsNotTheChoosenAdapter GetVideoDriverDetailsInvalid PrimaryIsNotTheChoosenAdapter FoundDriverCount:0 
[2018.04.02-18.28.15:916][  0]LogD3D11RHI:     Adapter Name: NVIDIA GeForce GTX 870M
[2018.04.02-18.28.15:916][  0]LogD3D11RHI:   Driver Version: Unknown (internal:Unknown, unified:Unknown)
[2018.04.02-18.28.15:916][  0]LogD3D11RHI:      Driver Date: Unknown
[2018.04.02-18.28.15:916][  0]LogRHI: Texture pool is 2120 MB (70% of 3029 MB)
[2018.04.02-18.28.15:947][  0]LogD3D11RHI: Async texture creation enabled
[2018.04.02-18.28.16:153][  0]LogD3D11RHI: GPU Timing Frequency: 1000.000000 (Debug: 2 2)
[2018.04.02-18.28.16:153][  0]LogShaderCompilers: Guid format shader working directory is 20 characters bigger than the processId version (../../../../../../ue4/steam/Intermediate/Shaders/WorkingDirectory/7228/).
[2018.04.02-18.28.16:154][  0]LogShaderCompilers: Cleaned the shader compiler working directory 'C:/Users/Energy/AppData/Local/Temp/UnrealShaderWorkingDir/16FDEED245B7432F7D339BB2E3A73AC5/'.
[2018.04.02-18.28.16:154][  0]LogShaderCompilers: Display: Using Local Shader Compiler.
[2018.04.02-18.28.17:067][  0]LogTemp: Display: Loaded TP WindowsClientTargetPlatform
[2018.04.02-18.28.17:105][  0]LogTemp: Display: Loaded TP WindowsNoEditorTargetPlatform
[2018.04.02-18.28.17:142][  0]LogTemp: Display: Loaded TP WindowsServerTargetPlatform
[2018.04.02-18.28.17:180][  0]LogTemp: Display: Loaded TP WindowsTargetPlatform
[2018.04.02-18.28.17:180][  0]LogTargetPlatformManager: Display: Building Assets For Windows
[2018.04.02-18.28.17:499][  0]LogDerivedDataCache: Display: Max Cache Size: 512 MB
[2018.04.02-18.28.17:565][  0]LogDerivedDataCache: Loaded boot cache 0.07s 77MB C:/Users/Energy/AppData/Local/UnrealEngine/4.18/DerivedDataCache/Boot.ddc.
[2018.04.02-18.28.17:565][  0]LogDerivedDataCache: Display: Loaded Boot cache: C:/Users/Energy/AppData/Local/UnrealEngine/4.18/DerivedDataCache/Boot.ddc
[2018.04.02-18.28.17:565][  0]LogDerivedDataCache: FDerivedDataBackendGraph:  Pak pak cache file ../../../../../../ue4/steam/DerivedDataCache/DDC.ddp not found, will not use a pak cache.
[2018.04.02-18.28.17:565][  0]LogDerivedDataCache: Unable to find inner node Pak for hierarchical cache Hierarchy.
[2018.04.02-18.28.17:565][  0]LogDerivedDataCache: FDerivedDataBackendGraph:  CompressedPak pak cache file ../../../../../../ue4/steam/DerivedDataCache/Compressed.ddp not found, will not use a pak cache.
[2018.04.02-18.28.17:565][  0]LogDerivedDataCache: Unable to find inner node CompressedPak for hierarchical cache Hierarchy.
[2018.04.02-18.28.17:581][  0]LogDerivedDataCache: Display: Pak cache opened for reading ../../../Engine/DerivedDataCache/Compressed.ddp.
[2018.04.02-18.28.17:593][  0]LogDerivedDataCache: Using Local data cache path C:/Users/Energy/AppData/Local/UnrealEngine/Common/DerivedDataCache: Writable
[2018.04.02-18.28.17:602][  0]LogMaterial: Verifying Global Shaders for PCD3D_SM5
[2018.04.02-18.28.17:603][  0]LogSlate: Using Freetype 2.6.0
[2018.04.02-18.28.17:603][  0]LogSlate: SlateFontCache - WITH_FREETYPE: 1, WITH_HARFBUZZ: 1
[2018.04.02-18.28.17:603][  0]LogSlate: SlateFontCache - WITH_FREETYPE: 1, WITH_HARFBUZZ: 1
[2018.04.02-18.28.17:968][  0]LogAssetRegistry: FAssetRegistry took 0.0040 seconds to start up
[2018.04.02-18.28.18:002][  0]LogPackageLocalizationCache: Processed 7 localized package path(s) for 2 prioritized culture(s) in 0.034273 seconds
[2018.04.02-18.28.18:086][  0]LogInit: Selected Device Profile: [Windows]
[2018.04.02-18.28.18:329][  0]LogSimplygon: Simplygon DLL not present - disabling.
[2018.04.02-18.28.18:359][  0]LogMeshReduction: Using SimplygonSwarm for distributed automatic mesh merging
[2018.04.02-18.28.18:359][  0]LogMeshReduction: Using QuadricMeshReduction for automatic static mesh reduction
[2018.04.02-18.28.18:359][  0]LogMeshReduction: No automatic skeletal mesh reduction module available
[2018.04.02-18.28.18:359][  0]LogMeshReduction: No automatic mesh merging module available
[2018.04.02-18.28.18:359][  0]LogMeshMerging: No automatic mesh merging module available
[2018.04.02-18.28.18:381][  0]LogNetVersion: MyProject12 , NetCL: 3709383, EngineNetVer: 2, GameNetVer: 0 (Checksum: 3203290924)
[2018.04.02-18.28.19:683][  0]LogMoviePlayer: Initializing movie player
[2018.04.02-18.28.19:750][  0]LogWindowsTextInputMethodSystem: Display: IME system now deactivated.
[2018.04.02-18.28.19:750][  0]LogWindowsTextInputMethodSystem: Display: IME system now deactivated.
[2018.04.02-18.28.20:115][  0]LogCollectionManager: Loaded 0 collections in 0.000861 seconds
[2018.04.02-18.28.20:160][  0]LogFileCache: Scanning file cache for directory 'D:/ue4/steam/Saved/Collections/' took 0.01s
[2018.04.02-18.28.20:160][  0]LogFileCache: Scanning file cache for directory 'D:/ue4/steam/Content/Developers/Energy/Collections/' took 0.01s
[2018.04.02-18.28.20:160][  0]LogFileCache: Scanning file cache for directory 'D:/ue4/steam/Content/Collections/' took 0.01s
[2018.04.02-18.28.20:160][  0]LogCollectionManager: Rebuilt the object cache for 0 collections in 0.000000 seconds (found 0 objects)
[2018.04.02-18.28.20:160][  0]LogCollectionManager: Fixed up redirectors for 0 collections in 0.000084 seconds (updated 0 objects)
[2018.04.02-18.28.20:607][  0]SourceControl: Source control is disabled
[2018.04.02-18.28.20:607][  0]SourceControl: Source control is disabled
[2018.04.02-18.28.20:643][  0]SourceControl: Source control is disabled
[2018.04.02-18.28.20:918][  0]LogAndroidPermission: UAndroidPermissionCallbackProxy::GetInstance
[2018.04.02-18.28.21:101][  0]LogOcInput: OculusInput pre-init called
[2018.04.02-18.28.21:180][  0]LogUObjectArray: 38960 objects as part of root set at end of initial load.
[2018.04.02-18.28.21:180][  0]LogUObjectAllocator: 8571448 out of 0 bytes used by permanent object pool.
[2018.04.02-18.28.21:180][  0]LogUObjectArray: CloseDisregardForGC: 0/0 objects in disregard for GC pool
[2018.04.02-18.28.21:263][  0]LogEngine: Initializing Engine...
[2018.04.02-18.28.21:266][  0]LogHMD: Failed to initialize OpenVR with code 110
[2018.04.02-18.28.21:433][  0]LogStats: UGameplayTagsManager::ConstructGameplayTagTree: Construct from data asset -  0.000 s
[2018.04.02-18.28.21:433][  0]LogStats: UGameplayTagsManager::ConstructGameplayTagTree: GameplayTagTreeChangedEvent.Broadcast -  0.000 s
[2018.04.02-18.28.21:439][  0]LogInit: XAudio2 using 'Speakers (High Definition Audio Device)' : 2 channels at 44.1 kHz using 16 bits per sample (channel mask 0x3)
[2018.04.02-18.28.21:455][  0]LogInit: FAudioDevice initialized.
[2018.04.02-18.28.21:545][  0]LogDerivedDataCache: Saved boot cache 0.08s 77MB C:/Users/Energy/AppData/Local/UnrealEngine/4.18/DerivedDataCache/Boot.ddc.
[2018.04.02-18.28.21:556][  0]LogInit: Texture streaming: Enabled
[2018.04.02-18.28.21:568][  0]LogMaterial: Uniform references updated for custom material expression Custom.
[2018.04.02-18.28.21:821][  0]LogProperty: Error: UStructProperty::Serialize Loading: Property 'StructProperty /Game/UI/MainMenu/optionsMenu.optionsMenu_C:playerInfo'. Unknown structure.
[2018.04.02-18.28.21:822][  0]LogProperty: Error: UStructProperty::Serialize Loading: Property 'StructProperty /Game/Blueprints/allLevels/playerSaveGame.playerSaveGame_C:S_PlayerINfo'. Unknown structure.
[2018.04.02-18.28.21:823][  0]LogClass: Warning: Property S_PlayerINfo of S_PlayerINfo has a struct type mismatch (tag STRUCT_REINST_PlayerInfo_0 != prop FallbackStruct) in package:  ../../../../../../ue4/steam/Content/Blueprints/allLevels/playerSaveGame.uasset. If that struct got renamed, add an entry to ActiveStructRedirects.
[2018.04.02-18.28.21:856][  0]LogClass: Warning: Property playerInfo of playerInfo has a struct type mismatch (tag STRUCT_REINST_PlayerInfo_0 != prop FallbackStruct) in package:  ../../../../../../ue4/steam/Content/UI/MainMenu/optionsMenu.uasset. If that struct got renamed, add an entry to ActiveStructRedirects.
[2018.04.02-18.28.21:922][  0]LogClass: Warning: Property S_PlayerINfo of S_PlayerINfo has a struct type mismatch (tag FallbackStruct != prop PlayerInfo) in package:  FObjectReader. If that struct got renamed, add an entry to ActiveStructRedirects.
[2018.04.02-18.28.21:923][  0]LogClass: Warning: Property playerInfo of playerInfo has a struct type mismatch (tag FallbackStruct != prop PlayerInfo) in package:  FObjectReader. If that struct got renamed, add an entry to ActiveStructRedirects.
[2018.04.02-18.28.21:992][  0]LogInit: Display: Game Engine Initialized.
[2018.04.02-18.28.21:992][  0]LogGameplayTags: Display: UGameplayTagsManager::DoneAddingNativeTags. DelegateIsBound: 0
[2018.04.02-18.28.22:115][  0]LogInit: Display: Starting Game.
[2018.04.02-18.28.22:115][  0]LogNet: Browse: /Game/Maps/mainMenu?Name=Player
[2018.04.02-18.28.22:115][  0]LogLoad: LoadMap: /Game/Maps/mainMenu?Name=Player
[2018.04.02-18.28.22:217][  0]LogAIModule: Creating AISystem for world mainMenu
[2018.04.02-18.28.22:423][  0]LogLoad: Game class is 'TopDownGameMode_C'
[2018.04.02-18.28.22:424][  0]LogWorld: Bringing World /Game/Maps/mainMenu.mainMenu up for play (max tick rate 0) at 2018.04.02-11.28.22
[2018.04.02-18.28.22:424][  0]LogWorld: Bringing up level for play took: 0.000554
[2018.04.02-18.28.22:425][  0]LogGameMode: FindPlayerStart: PATHS NOT DEFINED or NO PLAYERSTART with positive rating
[2018.04.02-18.28.22:429][  0]LogLoad: Took 0.313281 seconds to LoadMap(/Game/Maps/mainMenu)
[2018.04.02-18.28.22:699][  0]LogRenderer: Reallocating scene render targets to support 1920x1080 Format 10 NumSamples 1 (Frame:1).
[2018.04.02-18.28.22:699][  0]LogLoad: (Engine Initialization) Total time: 9.31 seconds
[2018.04.02-18.28.22:699][  0]LogLoad: (Engine Initialization) Total Blueprint compile time: 0.00 seconds
[2018.04.02-18.28.22:699][  0]LogExternalProfiler: No external profilers were discovered.  External profiling features will not be available.
[2018.04.02-18.28.22:720][  0]LogContentStreaming: Texture pool size now 1000 MB
[2018.04.02-18.28.25:903][182]LogSlate: Took 0.000206 seconds to synchronously load lazily loaded font '../../../Engine/Content/Slate/Fonts/Roboto-Regular.ttf' (155K)
[2018.04.02-18.28.28:416][338]LogNetVersion: MyProject12 1.0.0.0, NetCL: 3709383, EngineNetVer: 2, GameNetVer: 0 (Checksum: 878358411)
[2018.04.02-18.28.28:685][355]LogOnline: Verbose: dumping NamedSession: 
[2018.04.02-18.28.28:685][355]LogOnline: Verbose: 	SessionName: GameSession
[2018.04.02-18.28.28:685][355]LogOnline: Verbose: 	HostingPlayerNum: 0
[2018.04.02-18.28.28:685][355]LogOnline: Verbose: 	SessionState: Pending
[2018.04.02-18.28.28:685][355]LogOnline: Verbose: 	RegisteredPlayers: 
[2018.04.02-18.28.28:685][355]LogOnline: Verbose: 	    0 registered players
[2018.04.02-18.28.28:685][355]LogOnline: Verbose: dumping Session: 
[2018.04.02-18.28.28:685][355]LogOnline: Verbose: 	OwningPlayerName: Energy
[2018.04.02-18.28.28:685][355]LogOnline: Verbose: 	OwningPlayerId: Energy [0x110000106CCA440]
[2018.04.02-18.28.28:686][355]LogOnline: Verbose: 	NumOpenPrivateConnections: 0
[2018.04.02-18.28.28:686][355]LogOnline: Verbose: 	NumOpenPublicConnections: 1
[2018.04.02-18.28.28:686][355]LogOnline: Verbose: 	SessionInfo: HostIP: INVALID SteamP2P: 76561198074340416:7777 Type: Lobby session SessionId: Lobby [0x1860000E7514D70]
[2018.04.02-18.28.28:686][355]LogOnline: Verbose: dumping SessionSettings: 
[2018.04.02-18.28.28:686][355]LogOnline: Verbose: 	NumPublicConnections: 2
[2018.04.02-18.28.28:686][355]LogOnline: Verbose: 	NumPrivateConnections: 0
[2018.04.02-18.28.28:686][355]LogOnline: Verbose: 	bIsLanMatch: false
[2018.04.02-18.28.28:686][355]LogOnline: Verbose: 	bIsDedicated: false
[2018.04.02-18.28.28:686][355]LogOnline: Verbose: 	bUsesStats: false
[2018.04.02-18.28.28:686][355]LogOnline: Verbose: 	bShouldAdvertise: true
[2018.04.02-18.28.28:686][355]LogOnline: Verbose: 	bAllowJoinInProgress: true
[2018.04.02-18.28.28:686][355]LogOnline: Verbose: 	bAllowInvites: false
[2018.04.02-18.28.28:686][355]LogOnline: Verbose: 	bUsesPresence: true
[2018.04.02-18.28.28:686][355]LogOnline: Verbose: 	bAllowJoinViaPresence: true
[2018.04.02-18.28.28:686][355]LogOnline: Verbose: 	bAllowJoinViaPresenceFriendsOnly: false
[2018.04.02-18.28.28:686][355]LogOnline: Verbose: 	BuildUniqueId: 0x6cd3e102
[2018.04.02-18.28.28:686][355]LogOnline: Verbose: 	Settings:
[2018.04.02-18.28.28:735][355]LogPackageName: SearchForPackageOnDisk took   0.049s to resolve lobby.umap.
[2018.04.02-18.28.28:784][355]LogPackageName: SearchForPackageOnDisk took   0.048s to resolve lobby.umap.
[2018.04.02-18.28.28:784][355]LogNet: Browse: /Game/Maps/lobby?listen
[2018.04.02-18.28.28:784][355]LogLoad: LoadMap: /Game/Maps/lobby?listen
[2018.04.02-18.28.28:949][355]LogProperty: Error: UStructProperty::Serialize Loading: Property 'StructProperty /Game/UI/Lobby/gameSettings.gameSettings_C:ExecuteUbergraph_gameSettings.CallFunc_Array_Get_Item'. Unknown structure.
[2018.04.02-18.28.28:950][355]LogProperty: Error: UStructProperty::Serialize Loading: Property 'StructProperty /Game/UI/Lobby/playerButton.playerButton_C:playerInfo'. Unknown structure.
[2018.04.02-18.28.28:950][355]LogClass: Warning: Property playerInfo of playerInfo has a struct type mismatch (tag STRUCT_REINST_PlayerInfo_0 != prop FallbackStruct) in package:  ../../../../../../ue4/steam/Content/UI/Lobby/playerButton.uasset. If that struct got renamed, add an entry to ActiveStructRedirects.
[2018.04.02-18.28.29:204][355]LogClass: Warning: Property playerInfo of playerInfo has a struct type mismatch (tag FallbackStruct != prop PlayerInfo) in package:  FObjectReader. If that struct got renamed, add an entry to ActiveStructRedirects.
[2018.04.02-18.28.29:362][355]LogAIModule: Creating AISystem for world lobby
[2018.04.02-18.28.29:362][355]LogLoad: Game class is 'lobbyGM_C'
[2018.04.02-18.28.29:363][355]LogTemp: Display: ParseSettings for GameNetDriver
[2018.04.02-18.28.29:363][355]LogTemp: Display: ParseSettings for SteamNetDriver_0
[2018.04.02-18.28.29:363][355]LogTemp: Display: ParseSettings for GameNetDriver
[2018.04.02-18.28.29:363][355]LogNet: Display: SteamNetDriver_0 bound to port 7777
[2018.04.02-18.28.29:363][355]PacketHandlerLog: Loaded PacketHandler component: Engine.EngineHandlerComponentFactory (StatelessConnectHandlerComponent)
[2018.04.02-18.28.29:363][355]LogNet: GameNetDriver SteamNetDriver_0 IpNetDriver listening on port 7777
[2018.04.02-18.28.29:365][355]LogWorld: Bringing World /Game/Maps/lobby.lobby up for play (max tick rate 0) at 2018.04.02-11.28.29
[2018.04.02-18.28.29:365][355]LogWorld: Bringing up level for play took: 0.001480
[2018.04.02-18.28.29:374][355]LogGameMode: Display: Match State Changed from EnteringMap to WaitingToStart
[2018.04.02-18.28.29:374][355]LogGameState: Match State Changed from EnteringMap to WaitingToStart
[2018.04.02-18.28.29:374][355]LogGameMode: Display: Match State Changed from WaitingToStart to InProgress
[2018.04.02-18.28.29:374][355]LogGameState: Match State Changed from WaitingToStart to InProgress
[2018.04.02-18.28.29:376][355]LogLoad: Took 0.592139 seconds to LoadMap(/Game/Maps/lobby)
[2018.04.02-18.28.42:290][144]LogNet: NotifyAcceptingConnection accepted from: 76561198011701234:7777
[2018.04.02-18.28.42:290][144]LogHandshake: SendConnectChallenge. Timestamp: 13.616812, Cookie: 069165234201095209073011209250164111034102245187243240050068
[2018.04.02-18.28.42:290][144]LogNet: NotifyAcceptingConnection accepted from: 76561198011701234:7777
[2018.04.02-18.28.42:290][144]LogHandshake: SendConnectChallenge. Timestamp: 13.616812, Cookie: 069165234201095209073011209250164111034102245187243240050068
[2018.04.02-18.28.42:291][144]LogNet: NotifyAcceptingConnection accepted from: 76561198011701234:7777
[2018.04.02-18.28.42:291][144]LogHandshake: SendConnectChallenge. Timestamp: 13.616812, Cookie: 069165234201095209073011209250164111034102245187243240050068
[2018.04.02-18.28.42:291][144]LogNet: NotifyAcceptingConnection accepted from: 76561198011701234:7777
[2018.04.02-18.28.42:291][144]LogHandshake: SendConnectChallenge. Timestamp: 13.616812, Cookie: 069165234201095209073011209250164111034102245187243240050068
[2018.04.02-18.28.42:306][145]LogNet: NotifyAcceptingConnection accepted from: 76561198011701234:7777
[2018.04.02-18.28.42:306][145]LogHandshake: SendChallengeAck. InCookie: 069165234201095209073011209250164111034102245187243240050068
[2018.04.02-18.28.42:306][145]LogNet: Server accepting post-challenge connection from: 76561198011701234:7777
[2018.04.02-18.28.42:306][145]PacketHandlerLog: Loaded PacketHandler component: Engine.EngineHandlerComponentFactory (StatelessConnectHandlerComponent)
[2018.04.02-18.28.42:307][145]LogNet: NotifyAcceptedConnection: Name: lobby, TimeStamp: 04/02/18 11:28:42, [UNetConnection] RemoteAddr: 76561198011701234:7777, Name: SteamNetConnection_0, Driver: GameNetDriver SteamNetDriver_0, IsServer: YES, PC: NULL, Owner: NULL
[2018.04.02-18.28.42:307][145]LogNet: AddClientConnection: Added client connection: [UNetConnection] RemoteAddr: 76561198011701234:7777, Name: SteamNetConnection_0, Driver: GameNetDriver SteamNetDriver_0, IsServer: YES, PC: NULL, Owner: NULL
[2018.04.02-18.28.42:307][145]LogHandshake: Received unexpected post-connect handshake packet - resending ack.
[2018.04.02-18.28.42:307][145]LogHandshake: SendChallengeAck. InCookie: 069165234201095209073011209250164111034102245187243240050068
[2018.04.02-18.28.42:307][145]LogHandshake: Received unexpected post-connect handshake packet - resending ack.
[2018.04.02-18.28.42:307][145]LogHandshake: SendChallengeAck. InCookie: 069165234201095209073011209250164111034102245187243240050068
[2018.04.02-18.28.42:307][145]LogHandshake: Received unexpected post-connect handshake packet - resending ack.
[2018.04.02-18.28.42:307][145]LogHandshake: SendChallengeAck. InCookie: 069165234201095209073011209250164111034102245187243240050068
[2018.04.02-18.28.42:323][146]LogNet: NotifyAcceptingChannel Control 0 server World /Game/Maps/lobby.lobby: Accepted
[2018.04.02-18.28.42:323][146]LogNet: Remote platform little endian=1
[2018.04.02-18.28.42:323][146]LogNet: This platform little endian=1
[2018.04.02-18.28.42:339][147]LogNet: Login request: /Game/Maps/mainMenu?Name=Ian userId: 76561198011701234
[2018.04.02-18.28.42:355][148]LogNet: Client netspeed is 10000
[2018.04.02-18.28.42:822][177]LogNet: Join request: /Game/Maps/mainMenu?Name=Ian?SplitscreenCount=1
[2018.04.02-18.28.42:823][177]LogScript: Warning: Accessed None trying to read property K2Node_DynamicCast_As0_Base
	lobbyPlayerController_C /Game/Maps/lobby.lobby:PersistentLevel.lobbyPlayerController_C_1
	Function /Game/Blueprints/lobby/lobbyPlayerController.lobbyPlayerController_C:ExecuteUbergraph_lobbyPlayerController:12FA
[2018.04.02-18.28.42:823][177]LogScript: Warning: Script call stack:
	Function /Game/Blueprints/lobby/lobbyPlayerController.lobbyPlayerController_C:ReceiveBeginPlay
	Function /Game/Blueprints/lobby/lobbyPlayerController.lobbyPlayerController_C:ExecuteUbergraph_lobbyPlayerController

[2018.04.02-18.28.42:823][177]LogScript: Warning: Attempted to assign to None
	lobbyPlayerController_C /Game/Maps/lobby.lobby:PersistentLevel.lobbyPlayerController_C_1
	Function /Game/Blueprints/lobby/lobbyPlayerController.lobbyPlayerController_C:ExecuteUbergraph_lobbyPlayerController:130F
[2018.04.02-18.28.42:823][177]LogScript: Warning: Script call stack:
	Function /Game/Blueprints/lobby/lobbyPlayerController.lobbyPlayerController_C:ReceiveBeginPlay
	Function /Game/Blueprints/lobby/lobbyPlayerController.lobbyPlayerController_C:ExecuteUbergraph_lobbyPlayerController

[2018.04.02-18.28.42:826][177]LogNet: Join succeeded: Ian
[2018.04.02-18.28.46:742][420]LogGameMode: Display: Match State Changed from InProgress to LeavingMap
[2018.04.02-18.28.46:742][420]LogGameState: Match State Changed from InProgress to LeavingMap
[2018.04.02-18.28.46:746][420]LogGameMode: ProcessServerTravel: /Game/Maps/Arena01
[2018.04.02-18.28.46:746][420]LogWorld: SeamlessTravel to: /Game/Maps/Arena01
[2018.04.02-18.28.46:778][421]LogAIModule: Creating AISystem for world travelMap
[2018.04.02-18.28.46:779][421]LogStats:     SeamlessTravel FlushLevelStreaming  -  0.001 s
[2018.04.02-18.28.46:779][421]LogWorld: Bringing World /Game/Maps/travelMap.travelMap up for play (max tick rate 0) at 2018.04.02-11.28.46
[2018.04.02-18.28.46:779][421]LogWorld: Bringing up level for play took: 0.000413
[2018.04.02-18.28.46:779][421]LogWorld: Sending NotifyLoadedWorld for LP: LocalPlayer_0 PC: lobbyPlayerController_C_0
[2018.04.02-18.28.46:779][421]LogNet: Verbose: NotifyLoadedWorld Begin
[2018.04.02-18.28.46:779][421]LogNet: VeryVerbose: GetFunctionCallspace Server calling Server function: ServerNotifyLoadedWorld Local
[2018.04.02-18.28.46:779][421]LogNet: Verbose: NotifyLoadedWorld End
[2018.04.02-18.28.46:779][421]LogWorld: StartLoadingDestination to: /Game/Maps/Arena01
[2018.04.02-18.28.47:425][441]LogAIModule: Creating AISystem for world arena01
[2018.04.02-18.28.47:425][441]LogLoad: Game class is 'gameplayGM_C'
[2018.04.02-18.28.47:426][441]LogStats:     SeamlessTravel FlushLevelStreaming  -  0.000 s
[2018.04.02-18.28.47:428][441]LogMaterial: Warning: Material /Game/3D_ASSETS_DANIEL/V1/New/phong1.phong1 missing bUsedWithInstancedStaticMeshes=True! Default Material will be used in game.
[2018.04.02-18.28.47:428][441]LogMaterial: Warning:      The material will recompile every editor launch until resaved.
[2018.04.02-18.28.47:435][441]LogWorld: Bringing World /Game/Maps/Arena01.arena01 up for play (max tick rate 0) at 2018.04.02-11.28.47
[2018.04.02-18.28.47:435][441]LogWorld: Bringing up level for play took: 0.009170
[2018.04.02-18.28.47:435][441]LogWorld: Sending NotifyLoadedWorld for LP: LocalPlayer_0 PC: lobbyPlayerController_C_0
[2018.04.02-18.28.47:435][441]LogNet: Verbose: NotifyLoadedWorld Begin
[2018.04.02-18.28.47:435][441]LogNet: VeryVerbose: GetFunctionCallspace Server calling Server function: ServerNotifyLoadedWorld Local
[2018.04.02-18.28.47:435][441]LogNet: Verbose: NotifyLoadedWorld End
[2018.04.02-18.28.47:435][441]LogWorld: ----SeamlessTravel finished in 0.69 seconds ------
[2018.04.02-18.28.47:435][441]LogGameMode: >> GameMode::HandleSeamlessTravelPlayer: lobbyPlayerController_C_0 
[2018.04.02-18.28.47:436][441]LogGameMode: << GameMode::HandleSeamlessTravelPlayer: gameplayPC_C_0
[2018.04.02-18.28.47:436][441]LogGameMode: >> GameMode::HandleSeamlessTravelPlayer: lobbyPlayerController_C_1 
[2018.04.02-18.28.47:437][441]LogGameMode: << GameMode::HandleSeamlessTravelPlayer: gameplayPC_C_1
[2018.04.02-18.28.47:437][441]LogGameMode: Display: Match State Changed from EnteringMap to WaitingToStart
[2018.04.02-18.28.47:437][441]LogGameState: Match State Changed from EnteringMap to WaitingToStart
[2018.04.02-18.28.47:437][441]LogGameMode: Display: Match State Changed from WaitingToStart to InProgress
[2018.04.02-18.28.47:438][441]LogBlueprintUserMessages: [gameplayPC_C_0] loaded game for arena
[2018.04.02-18.28.47:439][441]LogBlueprintUserMessages: [gameplayGM_C_0] 2
[2018.04.02-18.28.47:440][441]LogGameState: Match State Changed from WaitingToStart to InProgress
[2018.04.02-18.28.47:440][441]LogScript: Warning: Accessed None trying to read property currentSpellCast
	gameplayPC_C /Game/Maps/Arena01.arena01:PersistentLevel.gameplayPC_C_1
	Function /Game/Blueprints/gameplay/gameplayPC.gameplayPC_C:ExecuteUbergraph_gameplayPC:0984
[2018.04.02-18.28.47:440][441]LogScript: Warning: Script call stack:
	Function /Game/Blueprints/gameplay/gameplayPC.gameplayPC_C:ReceiveTick
	Function /Game/Blueprints/gameplay/gameplayPC.gameplayPC_C:ExecuteUbergraph_gameplayPC

[2018.04.02-18.28.47:440][441]LogScript: Warning: Accessed None
	gameplayPC_C /Game/Maps/Arena01.arena01:PersistentLevel.gameplayPC_C_1
	Function /Game/Blueprints/gameplay/gameplayPC.gameplayPC_C:ExecuteUbergraph_gameplayPC:0999
[2018.04.02-18.28.47:440][441]LogScript: Warning: Script call stack:
	Function /Game/Blueprints/gameplay/gameplayPC.gameplayPC_C:ReceiveTick
	Function /Game/Blueprints/gameplay/gameplayPC.gameplayPC_C:ExecuteUbergraph_gameplayPC

[2018.04.02-18.28.47:440][441]LogScript: Warning: Accessed None trying to read property currentSpellCast
	gameplayPC_C /Game/Maps/Arena01.arena01:PersistentLevel.gameplayPC_C_1
	Function /Game/Blueprints/gameplay/gameplayPC.gameplayPC_C:ExecuteUbergraph_gameplayPC:09CC
[2018.04.02-18.28.47:440][441]LogScript: Warning: Script call stack:
	Function /Game/Blueprints/gameplay/gameplayPC.gameplayPC_C:ReceiveTick
	Function /Game/Blueprints/gameplay/gameplayPC.gameplayPC_C:ExecuteUbergraph_gameplayPC

[2018.04.02-18.28.47:440][441]LogScript: Warning: Accessed None
	gameplayPC_C /Game/Maps/Arena01.arena01:PersistentLevel.gameplayPC_C_1
	Function /Game/Blueprints/gameplay/gameplayPC.gameplayPC_C:ExecuteUbergraph_gameplayPC:09E1
[2018.04.02-18.28.47:440][441]LogScript: Warning: Script call stack:
	Function /Game/Blueprints/gameplay/gameplayPC.gameplayPC_C:ReceiveTick
	Function /Game/Blueprints/gameplay/gameplayPC.gameplayPC_C:ExecuteUbergraph_gameplayPC

[2018.04.02-18.28.47:440][441]LogScript: Warning: Accessed None trying to read property currentSpellCast
	gameplayPC_C /Game/Maps/Arena01.arena01:PersistentLevel.gameplayPC_C_1
	Function /Game/Blueprints/gameplay/gameplayPC.gameplayPC_C:ExecuteUbergraph_gameplayPC:0324
[2018.04.02-18.28.47:440][441]LogScript: Warning: Script call stack:
	Function /Game/Blueprints/gameplay/gameplayPC.gameplayPC_C:ReceiveTick
	Function /Game/Blueprints/gameplay/gameplayPC.gameplayPC_C:ExecuteUbergraph_gameplayPC

[2018.04.02-18.28.47:440][441]LogScript: Warning: Accessed None trying to read property currentSpellCast
	gameplayPC_C /Game/Maps/Arena01.arena01:PersistentLevel.gameplayPC_C_0
	Function /Game/Blueprints/gameplay/gameplayPC.gameplayPC_C:ExecuteUbergraph_gameplayPC:0984
[2018.04.02-18.28.47:440][441]LogScript: Warning: Script call stack:
	Function /Game/Blueprints/gameplay/gameplayPC.gameplayPC_C:ReceiveTick
	Function /Game/Blueprints/gameplay/gameplayPC.gameplayPC_C:ExecuteUbergraph_gameplayPC

[2018.04.02-18.28.47:440][441]LogScript: Warning: Accessed None
	gameplayPC_C /Game/Maps/Arena01.arena01:PersistentLevel.gameplayPC_C_0
	Function /Game/Blueprints/gameplay/gameplayPC.gameplayPC_C:ExecuteUbergraph_gameplayPC:0999
[2018.04.02-18.28.47:440][441]LogScript: Warning: Script call stack:
	Function /Game/Blueprints/gameplay/gameplayPC.gameplayPC_C:ReceiveTick
	Function /Game/Blueprints/gameplay/gameplayPC.gameplayPC_C:ExecuteUbergraph_gameplayPC

[2018.04.02-18.28.47:440][441]LogScript: Warning: Accessed None trying to read property currentSpellCast
	gameplayPC_C /Game/Maps/Arena01.arena01:PersistentLevel.gameplayPC_C_0
	Function /Game/Blueprints/gameplay/gameplayPC.gameplayPC_C:ExecuteUbergraph_gameplayPC:09CC
[2018.04.02-18.28.47:440][441]LogScript: Warning: Script call stack:
	Function /Game/Blueprints/gameplay/gameplayPC.gameplayPC_C:ReceiveTick
	Function /Game/Blueprints/gameplay/gameplayPC.gameplayPC_C:ExecuteUbergraph_gameplayPC

[2018.04.02-18.28.47:440][441]LogScript: Warning: Accessed None
	gameplayPC_C /Game/Maps/Arena01.arena01:PersistentLevel.gameplayPC_C_0
	Function /Game/Blueprints/gameplay/gameplayPC.gameplayPC_C:ExecuteUbergraph_gameplayPC:09E1
[2018.04.02-18.28.47:440][441]LogScript: Warning: Script call stack:
	Function /Game/Blueprints/gameplay/gameplayPC.gameplayPC_C:ReceiveTick
	Function /Game/Blueprints/gameplay/gameplayPC.gameplayPC_C:ExecuteUbergraph_gameplayPC

[2018.04.02-18.28.47:440][441]LogScript: Warning: Accessed None trying to read property currentSpellCast
	gameplayPC_C /Game/Maps/Arena01.arena01:PersistentLevel.gameplayPC_C_0
	Function /Game/Blueprints/gameplay/gameplayPC.gameplayPC_C:ExecuteUbergraph_gameplayPC:0324
[2018.04.02-18.28.47:440][441]LogScript: Warning: Script call stack:
	Function /Game/Blueprints/gameplay/gameplayPC.gameplayPC_C:ReceiveTick
	Function /Game/Blueprints/gameplay/gameplayPC.gameplayPC_C:ExecuteUbergraph_gameplayPC

[2018.04.02-18.28.47:445][442]LogScript: Warning: Accessed None trying to read property currentSpellCast
	gameplayPC_C /Game/Maps/Arena01.arena01:PersistentLevel.gameplayPC_C_0
	Function /Game/Blueprints/gameplay/gameplayPC.gameplayPC_C:ExecuteUbergraph_gameplayPC:0984
[2018.04.02-18.28.47:445][442]LogScript: Warning: Script call stack:
	Function /Game/Blueprints/gameplay/gameplayPC.gameplayPC_C:ReceiveTick
	Function /Game/Blueprints/gameplay/gameplayPC.gameplayPC_C:ExecuteUbergraph_gameplayPC

[2018.04.02-18.28.47:445][442]LogScript: Warning: Accessed None
	gameplayPC_C /Game/Maps/Arena01.arena01:PersistentLevel.gameplayPC_C_0
	Function /Game/Blueprints/gameplay/gameplayPC.gameplayPC_C:ExecuteUbergraph_gameplayPC:0999
[2018.04.02-18.28.47:445][442]LogScript: Warning: Script call stack:
	Function /Game/Blueprints/gameplay/gameplayPC.gameplayPC_C:ReceiveTick
	Function /Game/Blueprints/gameplay/gameplayPC.gameplayPC_C:ExecuteUbergraph_gameplayPC

[2018.04.02-18.28.47:445][442]LogScript: Warning: Accessed None trying to read property currentSpellCast
	gameplayPC_C /Game/Maps/Arena01.arena01:PersistentLevel.gameplayPC_C_0
	Function /Game/Blueprints/gameplay/gameplayPC.gameplayPC_C:ExecuteUbergraph_gameplayPC:09CC
[2018.04.02-18.28.47:445][442]LogScript: Warning: Script call stack:
	Function /Game/Blueprints/gameplay/gameplayPC.gameplayPC_C:ReceiveTick
	Function /Game/Blueprints/gameplay/gameplayPC.gameplayPC_C:ExecuteUbergraph_gameplayPC

[2018.04.02-18.28.47:445][442]LogScript: Warning: Accessed None
	gameplayPC_C /Game/Maps/Arena01.arena01:PersistentLevel.gameplayPC_C_0
	Function /Game/Blueprints/gameplay/gameplayPC.gameplayPC_C:ExecuteUbergraph_gameplayPC:09E1
[2018.04.02-18.28.47:445][442]LogScript: Warning: Script call stack:
	Function /Game/Blueprints/gameplay/gameplayPC.gameplayPC_C:ReceiveTick
	Function /Game/Blueprints/gameplay/gameplayPC.gameplayPC_C:ExecuteUbergraph_gameplayPC

[2018.04.02-18.28.47:445][442]LogScript: Warning: Accessed None trying to read property currentSpellCast
	gameplayPC_C /Game/Maps/Arena01.arena01:PersistentLevel.gameplayPC_C_0
	Function /Game/Blueprints/gameplay/gameplayPC.gameplayPC_C:ExecuteUbergraph_gameplayPC:0324
[2018.04.02-18.28.47:445][442]LogScript: Warning: Script call stack:
	Function /Game/Blueprints/gameplay/gameplayPC.gameplayPC_C:ReceiveTick
	Function /Game/Blueprints/gameplay/gameplayPC.gameplayPC_C:ExecuteUbergraph_gameplayPC

[2018.04.02-18.28.47:445][442]LogScript: Warning: Accessed None trying to read property currentSpellCast
	gameplayPC_C /Game/Maps/Arena01.arena01:PersistentLevel.gameplayPC_C_1
	Function /Game/Blueprints/gameplay/gameplayPC.gameplayPC_C:ExecuteUbergraph_gameplayPC:0984
[2018.04.02-18.28.47:445][442]LogScript: Warning: Script call stack:
	Function /Game/Blueprints/gameplay/gameplayPC.gameplayPC_C:ReceiveTick
	Function /Game/Blueprints/gameplay/gameplayPC.gameplayPC_C:ExecuteUbergraph_gameplayPC

[2018.04.02-18.28.47:445][442]LogRenderer: Reallocating scene render targets to support 128x128 Format 10 NumSamples 1 (Frame:0).
[2018.04.02-18.28.47:445][442]LogScript: Warning: Accessed None
	gameplayPC_C /Game/Maps/Arena01.arena01:PersistentLevel.gameplayPC_C_1
	Function /Game/Blueprints/gameplay/gameplayPC.gameplayPC_C:ExecuteUbergraph_gameplayPC:0999
[2018.04.02-18.28.47:445][442]LogScript: Warning: Script call stack:
	Function /Game/Blueprints/gameplay/gameplayPC.gameplayPC_C:ReceiveTick
	Function /Game/Blueprints/gameplay/gameplayPC.gameplayPC_C:ExecuteUbergraph_gameplayPC

[2018.04.02-18.28.47:445][442]LogScript: Warning: Accessed None trying to read property currentSpellCast
	gameplayPC_C /Game/Maps/Arena01.arena01:PersistentLevel.gameplayPC_C_1
	Function /Game/Blueprints/gameplay/gameplayPC.gameplayPC_C:ExecuteUbergraph_gameplayPC:09CC
[2018.04.02-18.28.47:445][442]LogScript: Warning: Script call stack:
	Function /Game/Blueprints/gameplay/gameplayPC.gameplayPC_C:ReceiveTick
	Function /Game/Blueprints/gameplay/gameplayPC.gameplayPC_C:ExecuteUbergraph_gameplayPC

[2018.04.02-18.28.47:445][442]LogScript: Warning: Accessed None
	gameplayPC_C /Game/Maps/Arena01.arena01:PersistentLevel.gameplayPC_C_1
	Function /Game/Blueprints/gameplay/gameplayPC.gameplayPC_C:ExecuteUbergraph_gameplayPC:09E1
[2018.04.02-18.28.47:445][442]LogScript: Warning: Script call stack:
	Function /Game/Blueprints/gameplay/gameplayPC.gameplayPC_C:ReceiveTick
	Function /Game/Blueprints/gameplay/gameplayPC.gameplayPC_C:ExecuteUbergraph_gameplayPC

[2018.04.02-18.28.47:445][442]LogScript: Warning: Accessed None trying to read property currentSpellCast
	gameplayPC_C /Game/Maps/Arena01.arena01:PersistentLevel.gameplayPC_C_1
	Function /Game/Blueprints/gameplay/gameplayPC.gameplayPC_C:ExecuteUbergraph_gameplayPC:0324
[2018.04.02-18.28.47:445][442]LogScript: Warning: Script call stack:
	Function /Game/Blueprints/gameplay/gameplayPC.gameplayPC_C:ReceiveTick
	Function /Game/Blueprints/gameplay/gameplayPC.gameplayPC_C:ExecuteUbergraph_gameplayPC

[2018.04.02-18.28.47:512][443]LogRenderer: Reallocating scene render targets to support 1920x1080 Format 10 NumSamples 1 (Frame:1).
[2018.04.02-18.28.47:562][443]LogScriptCore: Warning: Script Msg: DestroySession - Invalid player state
[2018.04.02-18.28.47:563][443]LogScript: Warning: Accessed None trying to read property currentSpellCast
	gameplayPC_C /Game/Maps/Arena01.arena01:PersistentLevel.gameplayPC_C_0
	Function /Game/Blueprints/gameplay/gameplayPC.gameplayPC_C:ExecuteUbergraph_gameplayPC:0984
[2018.04.02-18.28.47:563][443]LogScript: Warning: Script call stack:
	Function /Game/Blueprints/gameplay/gameplayPC.gameplayPC_C:ReceiveTick
	Function /Game/Blueprints/gameplay/gameplayPC.gameplayPC_C:ExecuteUbergraph_gameplayPC

[2018.04.02-18.28.47:563][443]LogScript: Warning: Accessed None
	gameplayPC_C /Game/Maps/Arena01.arena01:PersistentLevel.gameplayPC_C_0
	Function /Game/Blueprints/gameplay/gameplayPC.gameplayPC_C:ExecuteUbergraph_gameplayPC:0999
[2018.04.02-18.28.47:563][443]LogScript: Warning: Script call stack:
	Function /Game/Blueprints/gameplay/gameplayPC.gameplayPC_C:ReceiveTick
	Function /Game/Blueprints/gameplay/gameplayPC.gameplayPC_C:ExecuteUbergraph_gameplayPC

[2018.04.02-18.28.47:563][443]LogScript: Warning: Accessed None trying to read property currentSpellCast
	gameplayPC_C /Game/Maps/Arena01.arena01:PersistentLevel.gameplayPC_C_0
	Function /Game/Blueprints/gameplay/gameplayPC.gameplayPC_C:ExecuteUbergraph_gameplayPC:09CC
[2018.04.02-18.28.47:563][443]LogScript: Warning: Script call stack:
	Function /Game/Blueprints/gameplay/gameplayPC.gameplayPC_C:ReceiveTick
	Function /Game/Blueprints/gameplay/gameplayPC.gameplayPC_C:ExecuteUbergraph_gameplayPC

[2018.04.02-18.28.47:563][443]LogScript: Warning: Accessed None
	gameplayPC_C /Game/Maps/Arena01.arena01:PersistentLevel.gameplayPC_C_0
	Function /Game/Blueprints/gameplay/gameplayPC.gameplayPC_C:ExecuteUbergraph_gameplayPC:09E1
[2018.04.02-18.28.47:563][443]LogScript: Warning: Script call stack:
	Function /Game/Blueprints/gameplay/gameplayPC.gameplayPC_C:ReceiveTick
	Function /Game/Blueprints/gameplay/gameplayPC.gameplayPC_C:ExecuteUbergraph_gameplayPC

[2018.04.02-18.28.47:563][443]LogScript: Warning: Accessed None trying to read property currentSpellCast
	gameplayPC_C /Game/Maps/Arena01.arena01:PersistentLevel.gameplayPC_C_0
	Function /Game/Blueprints/gameplay/gameplayPC.gameplayPC_C:ExecuteUbergraph_gameplayPC:0324
[2018.04.02-18.28.47:563][443]LogScript: Warning: Script call stack:
	Function /Game/Blueprints/gameplay/gameplayPC.gameplayPC_C:ReceiveTick
	Function /Game/Blueprints/gameplay/gameplayPC.gameplayPC_C:ExecuteUbergraph_gameplayPC

[2018.04.02-18.28.47:563][443]LogScript: Warning: Accessed None trying to read property currentSpellCast
	gameplayPC_C /Game/Maps/Arena01.arena01:PersistentLevel.gameplayPC_C_1
	Function /Game/Blueprints/gameplay/gameplayPC.gameplayPC_C:ExecuteUbergraph_gameplayPC:0984
[2018.04.02-18.28.47:563][443]LogScript: Warning: Script call stack:
	Function /Game/Blueprints/gameplay/gameplayPC.gameplayPC_C:ReceiveTick
	Function /Game/Blueprints/gameplay/gameplayPC.gameplayPC_C:ExecuteUbergraph_gameplayPC

[2018.04.02-18.28.47:563][443]LogScript: Warning: Accessed None
	gameplayPC_C /Game/Maps/Arena01.arena01:PersistentLevel.gameplayPC_C_1
	Function /Game/Blueprints/gameplay/gameplayPC.gameplayPC_C:ExecuteUbergraph_gameplayPC:0999
[2018.04.02-18.28.47:563][443]LogScript: Warning: Script call stack:
	Function /Game/Blueprints/gameplay/gameplayPC.gameplayPC_C:ReceiveTick
	Function /Game/Blueprints/gameplay/gameplayPC.gameplayPC_C:ExecuteUbergraph_gameplayPC

[2018.04.02-18.28.47:563][443]LogScript: Warning: Accessed None trying to read property currentSpellCast
	gameplayPC_C /Game/Maps/Arena01.arena01:PersistentLevel.gameplayPC_C_1
	Function /Game/Blueprints/gameplay/gameplayPC.gameplayPC_C:ExecuteUbergraph_gameplayPC:09CC
[2018.04.02-18.28.47:563][443]LogScript: Warning: Script call stack:
	Function /Game/Blueprints/gameplay/gameplayPC.gameplayPC_C:ReceiveTick
	Function /Game/Blueprints/gameplay/gameplayPC.gameplayPC_C:ExecuteUbergraph_gameplayPC

[2018.04.02-18.28.47:563][443]LogScript: Warning: Accessed None
	gameplayPC_C /Game/Maps/Arena01.arena01:PersistentLevel.gameplayPC_C_1
	Function /Game/Blueprints/gameplay/gameplayPC.gameplayPC_C:ExecuteUbergraph_gameplayPC:09E1
[2018.04.02-18.28.47:563][443]LogScript: Warning: Script call stack:
	Function /Game/Blueprints/gameplay/gameplayPC.gameplayPC_C:ReceiveTick
	Function /Game/Blueprints/gameplay/gameplayPC.gameplayPC_C:ExecuteUbergraph_gameplayPC

[2018.04.02-18.28.47:563][443]LogScript: Warning: Accessed None trying to read property currentSpellCast
	gameplayPC_C /Game/Maps/Arena01.arena01:PersistentLevel.gameplayPC_C_1
	Function /Game/Blueprints/gameplay/gameplayPC.gameplayPC_C:ExecuteUbergraph_gameplayPC:0324
[2018.04.02-18.28.47:563][443]LogScript: Warning: Script call stack:
	Function /Game/Blueprints/gameplay/gameplayPC.gameplayPC_C:ReceiveTick
	Function /Game/Blueprints/gameplay/gameplayPC.gameplayPC_C:ExecuteUbergraph_gameplayPC

[2018.04.02-18.28.47:670][444]LogScript: Warning: Accessed None trying to read property currentSpellCast
	gameplayPC_C /Game/Maps/Arena01.arena01:PersistentLevel.gameplayPC_C_0
	Function /Game/Blueprints/gameplay/gameplayPC.gameplayPC_C:ExecuteUbergraph_gameplayPC:0984
[2018.04.02-18.28.47:670][444]LogScript: Warning: Script call stack:
	Function /Game/Blueprints/gameplay/gameplayPC.gameplayPC_C:ReceiveTick
	Function /Game/Blueprints/gameplay/gameplayPC.gameplayPC_C:ExecuteUbergraph_gameplayPC

[2018.04.02-18.28.47:670][444]LogScript: Warning: Accessed None
	gameplayPC_C /Game/Maps/Arena01.arena01:PersistentLevel.gameplayPC_C_0
	Function /Game/Blueprints/gameplay/gameplayPC.gameplayPC_C:ExecuteUbergraph_gameplayPC:0999
[2018.04.02-18.28.47:670][444]LogScript: Warning: Script call stack:
	Function /Game/Blueprints/gameplay/gameplayPC.gameplayPC_C:ReceiveTick
	Function /Game/Blueprints/gameplay/gameplayPC.gameplayPC_C:ExecuteUbergraph_gameplayPC

[2018.04.02-18.28.47:670][444]LogScript: Warning: Accessed None trying to read property currentSpellCast
	gameplayPC_C /Game/Maps/Arena01.arena01:PersistentLevel.gameplayPC_C_1
	Function /Game/Blueprints/gameplay/gameplayPC.gameplayPC_C:ExecuteUbergraph_gameplayPC:0984
[2018.04.02-18.28.47:670][444]LogScript: Warning: Script call stack:
	Function /Game/Blueprints/gameplay/gameplayPC.gameplayPC_C:ReceiveTick
	Function /Game/Blueprints/gameplay/gameplayPC.gameplayPC_C:ExecuteUbergraph_gameplayPC

[2018.04.02-18.28.47:670][444]LogScript: Warning: Accessed None
	gameplayPC_C /Game/Maps/Arena01.arena01:PersistentLevel.gameplayPC_C_1
	Function /Game/Blueprints/gameplay/gameplayPC.gameplayPC_C:ExecuteUbergraph_gameplayPC:0999
[2018.04.02-18.28.47:670][444]LogScript: Warning: Script call stack:
	Function /Game/Blueprints/gameplay/gameplayPC.gameplayPC_C:ReceiveTick
	Function /Game/Blueprints/gameplay/gameplayPC.gameplayPC_C:ExecuteUbergraph_gameplayPC

[2018.04.02-18.29.54:490][702]LogCharacterMovement: Frosty_C_0 is stuck and failed to move! Velocity: X=-597.34 Y=56.41 Z=0.00 Location: X=-25.77 Y=240.60 Z=263.49 Normal: X=0.00 Y=-0.29 Z=-0.96 PenetrationDepth:0.646 Actor:city_1_house_46 Component:StaticMeshComponent0 BoneName:None (0 other events since notify)
[2018.04.02-18.30.44:750][628]LogBlueprintUserMessages: [aoeSpell_C_0] 0
[2018.04.02-18.30.44:752][629]LogBlueprintUserMessages: [aoeSpell_C_0] 0
[2018.04.02-18.30.44:798][630]LogBlueprintUserMessages: [aoeSpell_C_0] 0
[2018.04.02-18.30.44:845][631]LogBlueprintUserMessages: [aoeSpell_C_0] 0
[2018.04.02-18.30.44:889][632]LogBlueprintUserMessages: [aoeSpell_C_0] 0
[2018.04.02-18.30.44:942][633]LogBlueprintUserMessages: [aoeSpell_C_0] 0
[2018.04.02-18.30.44:998][634]LogBlueprintUserMessages: [aoeSpell_C_0] 0
[2018.04.02-18.30.45:054][635]LogBlueprintUserMessages: [aoeSpell_C_0] 1
[2018.04.02-18.30.45:110][636]LogBlueprintUserMessages: [aoeSpell_C_0] 1
[2018.04.02-18.30.45:162][637]LogBlueprintUserMessages: [aoeSpell_C_0] 1
[2018.04.02-18.30.45:217][638]LogBlueprintUserMessages: [aoeSpell_C_0] 1
[2018.04.02-18.30.45:273][639]LogBlueprintUserMessages: [aoeSpell_C_0] 1
[2018.04.02-18.30.45:328][640]LogBlueprintUserMessages: [aoeSpell_C_0] 1
[2018.04.02-18.30.45:379][641]LogBlueprintUserMessages: [aoeSpell_C_0] 2
[2018.04.02-18.30.45:485][642]LogBlueprintUserMessages: [aoeSpell_C_0] 2
[2018.04.02-18.30.45:493][643]LogBlueprintUserMessages: [aoeSpell_C_0] 2
[2018.04.02-18.30.45:552][644]LogBlueprintUserMessages: [aoeSpell_C_0] 2
[2018.04.02-18.30.45:607][645]LogBlueprintUserMessages: [aoeSpell_C_0] 2
[2018.04.02-18.30.45:662][646]LogBlueprintUserMessages: [aoeSpell_C_0] 2
[2018.04.02-18.30.45:719][647]LogBlueprintUserMessages: [aoeSpell_C_0] 3
[2018.04.02-18.30.45:777][648]LogBlueprintUserMessages: [aoeSpell_C_0] 3
[2018.04.02-18.30.45:831][649]LogBlueprintUserMessages: [aoeSpell_C_0] 3
[2018.04.02-18.30.45:887][650]LogBlueprintUserMessages: [aoeSpell_C_0] 3
[2018.04.02-18.30.45:947][651]LogBlueprintUserMessages: [aoeSpell_C_0] 3
[2018.04.02-18.30.46:004][652]LogBlueprintUserMessages: [aoeSpell_C_0] 4
[2018.04.02-18.30.46:061][653]LogBlueprintUserMessages: [aoeSpell_C_0] 4
[2018.04.02-18.30.46:115][654]LogBlueprintUserMessages: [aoeSpell_C_0] 4
[2018.04.02-18.30.46:172][655]LogBlueprintUserMessages: [aoeSpell_C_0] 4
[2018.04.02-18.30.46:229][656]LogBlueprintUserMessages: [aoeSpell_C_0] 4
[2018.04.02-18.30.46:283][657]LogBlueprintUserMessages: [aoeSpell_C_0] 4
[2018.04.02-18.30.53:769][790]LogBlueprintUserMessages: [aoeSpell_C_1] 0
[2018.04.02-18.30.53:824][791]LogBlueprintUserMessages: [aoeSpell_C_1] 0
[2018.04.02-18.30.53:884][792]LogBlueprintUserMessages: [aoeSpell_C_1] 0
[2018.04.02-18.30.53:941][793]LogBlueprintUserMessages: [aoeSpell_C_1] 0
[2018.04.02-18.30.53:999][794]LogBlueprintUserMessages: [aoeSpell_C_1] 0
[2018.04.02-18.30.54:053][795]LogBlueprintUserMessages: [aoeSpell_C_1] 0
[2018.04.02-18.30.54:112][796]LogBlueprintUserMessages: [aoeSpell_C_1] 1
[2018.04.02-18.30.54:165][797]LogBlueprintUserMessages: [aoeSpell_C_1] 1
[2018.04.02-18.30.54:220][798]LogBlueprintUserMessages: [aoeSpell_C_1] 1
[2018.04.02-18.30.54:274][799]LogBlueprintUserMessages: [aoeSpell_C_1] 1
[2018.04.02-18.30.54:328][800]LogBlueprintUserMessages: [aoeSpell_C_1] 1
[2018.04.02-18.30.54:387][801]LogBlueprintUserMessages: [aoeSpell_C_1] 1
[2018.04.02-18.30.54:443][802]LogBlueprintUserMessages: [aoeSpell_C_1] 2
[2018.04.02-18.30.54:501][803]LogBlueprintUserMessages: [aoeSpell_C_1] 2
[2018.04.02-18.30.54:557][804]LogBlueprintUserMessages: [aoeSpell_C_1] 2
[2018.04.02-18.30.54:612][805]LogBlueprintUserMessages: [aoeSpell_C_1] 2
[2018.04.02-18.30.54:667][806]LogBlueprintUserMessages: [aoeSpell_C_1] 2
[2018.04.02-18.30.54:723][807]LogBlueprintUserMessages: [aoeSpell_C_1] 2
[2018.04.02-18.30.54:781][808]LogBlueprintUserMessages: [aoeSpell_C_1] 3
[2018.04.02-18.30.54:837][809]LogBlueprintUserMessages: [aoeSpell_C_1] 3
[2018.04.02-18.30.54:897][810]LogBlueprintUserMessages: [aoeSpell_C_1] 3
[2018.04.02-18.30.54:949][811]LogBlueprintUserMessages: [aoeSpell_C_1] 3
[2018.04.02-18.30.55:005][812]LogBlueprintUserMessages: [aoeSpell_C_1] 3
[2018.04.02-18.30.55:061][813]LogBlueprintUserMessages: [aoeSpell_C_1] 3
[2018.04.02-18.30.55:114][814]LogBlueprintUserMessages: [aoeSpell_C_1] 4
[2018.04.02-18.30.55:173][815]LogBlueprintUserMessages: [aoeSpell_C_1] 4
[2018.04.02-18.30.55:229][816]LogBlueprintUserMessages: [aoeSpell_C_1] 4
[2018.04.02-18.30.55:283][817]LogBlueprintUserMessages: [aoeSpell_C_1] 4
[2018.04.02-18.30.55:340][818]LogBlueprintUserMessages: [aoeSpell_C_1] 4
[2018.04.02-18.30.55:397][819]LogBlueprintUserMessages: [aoeSpell_C_1] 4
[2018.04.02-18.30.56:294][835]LogBlueprintUserMessages: [aoeSpell_C_2] 0
[2018.04.02-18.30.56:349][836]LogBlueprintUserMessages: [aoeSpell_C_2] 0
[2018.04.02-18.30.56:406][837]LogBlueprintUserMessages: [aoeSpell_C_2] 0
[2018.04.02-18.30.56:461][838]LogBlueprintUserMessages: [aoeSpell_C_2] 0
[2018.04.02-18.30.56:517][839]LogBlueprintUserMessages: [aoeSpell_C_2] 0
[2018.04.02-18.30.56:574][840]LogBlueprintUserMessages: [aoeSpell_C_2] 0
[2018.04.02-18.30.56:629][841]LogBlueprintUserMessages: [aoeSpell_C_2] 1
[2018.04.02-18.30.56:685][842]LogBlueprintUserMessages: [aoeSpell_C_2] 1
[2018.04.02-18.30.56:739][843]LogBlueprintUserMessages: [aoeSpell_C_2] 1
[2018.04.02-18.30.56:795][844]LogBlueprintUserMessages: [aoeSpell_C_2] 1
[2018.04.02-18.30.56:857][845]LogBlueprintUserMessages: [aoeSpell_C_2] 1
[2018.04.02-18.30.56:915][846]LogBlueprintUserMessages: [aoeSpell_C_2] 1
[2018.04.02-18.30.56:970][847]LogBlueprintUserMessages: [aoeSpell_C_2] 2
[2018.04.02-18.30.57:023][848]LogBlueprintUserMessages: [aoeSpell_C_2] 2
[2018.04.02-18.30.57:081][849]LogBlueprintUserMessages: [aoeSpell_C_2] 2
[2018.04.02-18.30.57:139][850]LogBlueprintUserMessages: [aoeSpell_C_2] 2
[2018.04.02-18.30.57:196][851]LogBlueprintUserMessages: [aoeSpell_C_2] 2
[2018.04.02-18.30.57:252][852]LogBlueprintUserMessages: [aoeSpell_C_2] 2
[2018.04.02-18.30.57:309][853]LogBlueprintUserMessages: [aoeSpell_C_2] 3
[2018.04.02-18.30.57:364][854]LogBlueprintUserMessages: [aoeSpell_C_2] 3
[2018.04.02-18.30.57:421][855]LogBlueprintUserMessages: [aoeSpell_C_2] 3
[2018.04.02-18.30.57:474][856]LogBlueprintUserMessages: [aoeSpell_C_2] 3
[2018.04.02-18.30.57:535][857]LogBlueprintUserMessages: [aoeSpell_C_2] 3
[2018.04.02-18.30.57:591][858]LogBlueprintUserMessages: [aoeSpell_C_2] 3
[2018.04.02-18.30.57:643][859]LogBlueprintUserMessages: [aoeSpell_C_2] 4
[2018.04.02-18.30.57:697][860]LogBlueprintUserMessages: [aoeSpell_C_2] 4
[2018.04.02-18.30.57:754][861]LogBlueprintUserMessages: [aoeSpell_C_2] 4
[2018.04.02-18.30.57:809][862]LogBlueprintUserMessages: [aoeSpell_C_2] 4
[2018.04.02-18.30.57:867][863]LogBlueprintUserMessages: [aoeSpell_C_2] 4
[2018.04.02-18.30.57:924][864]LogBlueprintUserMessages: [aoeSpell_C_2] 4
[2018.04.02-18.30.59:998][901]LogBlueprintUserMessages: [aoeSpell_C_3] 0
[2018.04.02-18.31.00:053][902]LogBlueprintUserMessages: [aoeSpell_C_3] 0
[2018.04.02-18.31.00:108][903]LogBlueprintUserMessages: [aoeSpell_C_3] 0
[2018.04.02-18.31.00:163][904]LogBlueprintUserMessages: [aoeSpell_C_3] 0
[2018.04.02-18.31.00:219][905]LogBlueprintUserMessages: [aoeSpell_C_3] 0
[2018.04.02-18.31.00:272][906]LogBlueprintUserMessages: [aoeSpell_C_3] 0
[2018.04.02-18.31.00:329][907]LogBlueprintUserMessages: [aoeSpell_C_3] 0
[2018.04.02-18.31.00:388][908]LogBlueprintUserMessages: [aoeSpell_C_3] 1
[2018.04.02-18.31.00:440][909]LogBlueprintUserMessages: [aoeSpell_C_3] 1
[2018.04.02-18.31.00:495][910]LogBlueprintUserMessages: [aoeSpell_C_3] 1
[2018.04.02-18.31.00:555][911]LogBlueprintUserMessages: [aoeSpell_C_3] 1
[2018.04.02-18.31.00:608][912]LogBlueprintUserMessages: [aoeSpell_C_3] 1
[2018.04.02-18.31.00:665][913]LogBlueprintUserMessages: [aoeSpell_C_3] 2
[2018.04.02-18.31.00:723][914]LogBlueprintUserMessages: [aoeSpell_C_3] 2
[2018.04.02-18.31.00:780][915]LogBlueprintUserMessages: [aoeSpell_C_3] 2
[2018.04.02-18.31.00:834][916]LogBlueprintUserMessages: [aoeSpell_C_3] 2
[2018.04.02-18.31.00:835][916]LogBlueprintUserMessages: [aoeSpell_C_4] 0
[2018.04.02-18.31.00:891][917]LogBlueprintUserMessages: [aoeSpell_C_3] 2
[2018.04.02-18.31.00:891][917]LogBlueprintUserMessages: [aoeSpell_C_4] 0
[2018.04.02-18.31.00:946][918]LogBlueprintUserMessages: [aoeSpell_C_3] 2
[2018.04.02-18.31.00:946][918]LogBlueprintUserMessages: [aoeSpell_C_4] 0
[2018.04.02-18.31.01:003][919]LogBlueprintUserMessages: [aoeSpell_C_3] 3
[2018.04.02-18.31.01:003][919]LogBlueprintUserMessages: [aoeSpell_C_4] 0
[2018.04.02-18.31.01:058][920]LogBlueprintUserMessages: [aoeSpell_C_3] 3
[2018.04.02-18.31.01:059][920]LogBlueprintUserMessages: [aoeSpell_C_4] 0
[2018.04.02-18.31.01:113][921]LogBlueprintUserMessages: [aoeSpell_C_3] 3
[2018.04.02-18.31.01:113][921]LogBlueprintUserMessages: [aoeSpell_C_4] 0
[2018.04.02-18.31.01:169][922]LogBlueprintUserMessages: [aoeSpell_C_3] 3
[2018.04.02-18.31.01:169][922]LogBlueprintUserMessages: [aoeSpell_C_4] 0
[2018.04.02-18.31.01:225][923]LogBlueprintUserMessages: [aoeSpell_C_3] 3
[2018.04.02-18.31.01:225][923]LogBlueprintUserMessages: [aoeSpell_C_4] 1
[2018.04.02-18.31.01:280][924]LogBlueprintUserMessages: [aoeSpell_C_3] 3
[2018.04.02-18.31.01:280][924]LogBlueprintUserMessages: [aoeSpell_C_4] 1
[2018.04.02-18.31.01:335][925]LogBlueprintUserMessages: [aoeSpell_C_3] destroyed oiverlapped actor
[2018.04.02-18.31.01:389][926]LogBlueprintUserMessages: [aoeSpell_C_3] 4
[2018.04.02-18.31.01:443][927]LogBlueprintUserMessages: [aoeSpell_C_3] 4
[2018.04.02-18.31.01:504][928]LogBlueprintUserMessages: [aoeSpell_C_3] 4
[2018.04.02-18.31.01:559][929]LogBlueprintUserMessages: [aoeSpell_C_3] 4
[2018.04.02-18.31.01:616][930]LogBlueprintUserMessages: [aoeSpell_C_3] 4
[2018.04.02-18.31.02:401][944]LogBlueprintUserMessages: [aoeSpell_C_5] 0
[2018.04.02-18.31.02:456][945]LogBlueprintUserMessages: [aoeSpell_C_5] 0
[2018.04.02-18.31.02:512][946]LogBlueprintUserMessages: [aoeSpell_C_5] 0
[2018.04.02-18.31.02:569][947]LogBlueprintUserMessages: [aoeSpell_C_5] 0
[2018.04.02-18.31.02:625][948]LogBlueprintUserMessages: [aoeSpell_C_5] 0
[2018.04.02-18.31.02:682][949]LogBlueprintUserMessages: [aoeSpell_C_5] 0
[2018.04.02-18.31.02:738][950]LogBlueprintUserMessages: [aoeSpell_C_5] 1
[2018.04.02-18.31.02:794][951]LogBlueprintUserMessages: [aoeSpell_C_5] 1
[2018.04.02-18.31.02:847][952]LogBlueprintUserMessages: [aoeSpell_C_5] 1
[2018.04.02-18.31.02:905][953]LogBlueprintUserMessages: [aoeSpell_C_5] 1
[2018.04.02-18.31.02:960][954]LogBlueprintUserMessages: [aoeSpell_C_5] 1
[2018.04.02-18.31.03:016][955]LogBlueprintUserMessages: [aoeSpell_C_5] 1
[2018.04.02-18.31.03:073][956]LogBlueprintUserMessages: [aoeSpell_C_5] 2
[2018.04.02-18.31.03:128][957]LogBlueprintUserMessages: [aoeSpell_C_5] 2
[2018.04.02-18.31.03:185][958]LogBlueprintUserMessages: [aoeSpell_C_5] 2
[2018.04.02-18.31.03:241][959]LogBlueprintUserMessages: [aoeSpell_C_5] 2
[2018.04.02-18.31.03:300][960]LogBlueprintUserMessages: [aoeSpell_C_5] 2
[2018.04.02-18.31.03:354][961]LogBlueprintUserMessages: [aoeSpell_C_5] 2
[2018.04.02-18.31.03:412][962]LogBlueprintUserMessages: [aoeSpell_C_5] 3
[2018.04.02-18.31.03:413][962]LogBlueprintUserMessages: [aoeSpell_C_6] 0
[2018.04.02-18.31.03:467][963]LogBlueprintUserMessages: [aoeSpell_C_5] 3
[2018.04.02-18.31.03:467][963]LogBlueprintUserMessages: [aoeSpell_C_6] 0
[2018.04.02-18.31.03:523][964]LogBlueprintUserMessages: [aoeSpell_C_5] 3
[2018.04.02-18.31.03:523][964]LogBlueprintUserMessages: [aoeSpell_C_6] 0
[2018.04.02-18.31.03:578][965]LogBlueprintUserMessages: [aoeSpell_C_5] 3
[2018.04.02-18.31.03:578][965]LogBlueprintUserMessages: [aoeSpell_C_6] 0
[2018.04.02-18.31.03:637][966]LogBlueprintUserMessages: [aoeSpell_C_5] 3
[2018.04.02-18.31.03:637][966]LogBlueprintUserMessages: [aoeSpell_C_6] 0
[2018.04.02-18.31.03:692][967]LogBlueprintUserMessages: [aoeSpell_C_5] 3
[2018.04.02-18.31.03:692][967]LogBlueprintUserMessages: [aoeSpell_C_6] 0
[2018.04.02-18.31.03:747][968]LogBlueprintUserMessages: [aoeSpell_C_5] destroyed oiverlapped actor
[2018.04.02-18.31.03:747][968]LogBlueprintUserMessages: [aoeSpell_C_6] 1
[2018.04.02-18.31.03:804][969]LogBlueprintUserMessages: [aoeSpell_C_5] 4
[2018.04.02-18.31.03:804][969]LogBlueprintUserMessages: [aoeSpell_C_6] 1
[2018.04.02-18.31.03:859][970]LogBlueprintUserMessages: [aoeSpell_C_5] 4
[2018.04.02-18.31.03:859][970]LogBlueprintUserMessages: [aoeSpell_C_6] 1
[2018.04.02-18.31.03:904][971]LogBlueprintUserMessages: [aoeSpell_C_5] 4
[2018.04.02-18.31.03:904][971]LogBlueprintUserMessages: [aoeSpell_C_6] 1
[2018.04.02-18.31.03:949][972]LogBlueprintUserMessages: [aoeSpell_C_5] 4
[2018.04.02-18.31.03:949][972]LogBlueprintUserMessages: [aoeSpell_C_6] 1
[2018.04.02-18.31.03:995][973]LogBlueprintUserMessages: [aoeSpell_C_5] 4
[2018.04.02-18.31.03:995][973]LogBlueprintUserMessages: [aoeSpell_C_6] 1
[2018.04.02-18.31.04:041][974]LogBlueprintUserMessages: [aoeSpell_C_5] 4
[2018.04.02-18.31.04:041][974]LogBlueprintUserMessages: [aoeSpell_C_6] 1
[2018.04.02-18.31.04:087][975]LogBlueprintUserMessages: [aoeSpell_C_6] 2
[2018.04.02-18.31.04:131][976]LogBlueprintUserMessages: [aoeSpell_C_6] 2
[2018.04.02-18.31.04:177][977]LogBlueprintUserMessages: [aoeSpell_C_6] 2
[2018.04.02-18.31.04:222][978]LogBlueprintUserMessages: [aoeSpell_C_6] 2
[2018.04.02-18.31.04:267][979]LogBlueprintUserMessages: [aoeSpell_C_6] 2
[2018.04.02-18.31.04:313][980]LogBlueprintUserMessages: [aoeSpell_C_6] 2
[2018.04.02-18.31.04:359][981]LogBlueprintUserMessages: [aoeSpell_C_6] 2
[2018.04.02-18.31.04:404][982]LogBlueprintUserMessages: [aoeSpell_C_6] 3
[2018.04.02-18.31.04:451][983]LogBlueprintUserMessages: [aoeSpell_C_6] 3
[2018.04.02-18.31.04:495][984]LogBlueprintUserMessages: [aoeSpell_C_6] 3
[2018.04.02-18.31.04:540][985]LogBlueprintUserMessages: [aoeSpell_C_6] 3
[2018.04.02-18.31.04:586][986]LogBlueprintUserMessages: [aoeSpell_C_6] 3
[2018.04.02-18.31.04:632][987]LogBlueprintUserMessages: [aoeSpell_C_6] 3
[2018.04.02-18.31.04:677][988]LogBlueprintUserMessages: [aoeSpell_C_6] 3
[2018.04.02-18.31.04:722][989]LogBlueprintUserMessages: [aoeSpell_C_6] 3
[2018.04.02-18.31.04:768][990]LogBlueprintUserMessages: [aoeSpell_C_6] 4
[2018.04.02-18.31.04:813][991]LogBlueprintUserMessages: [aoeSpell_C_6] 4
[2018.04.02-18.31.04:859][992]LogBlueprintUserMessages: [aoeSpell_C_6] 4
[2018.04.02-18.31.04:904][993]LogBlueprintUserMessages: [aoeSpell_C_6] 4
[2018.04.02-18.31.04:950][994]LogBlueprintUserMessages: [aoeSpell_C_6] 4
[2018.04.02-18.31.04:995][995]LogBlueprintUserMessages: [aoeSpell_C_6] 4
[2018.04.02-18.31.05:040][996]LogBlueprintUserMessages: [aoeSpell_C_6] 4
[2018.04.02-18.31.13:641][193]LogWindowsTextInputMethodSystem: Display: IME system now deactivated.
[2018.04.02-18.31.13:642][193]LogWindowsTextInputMethodSystem: Display: IME system now deactivated.
[2018.04.02-18.31.13:646][193]LogWindowsTextInputMethodSystem: Display: IME system now deactivated.
[2018.04.02-18.31.13:646][193]LogWindowsTextInputMethodSystem: Display: IME system now deactivated.
[2018.04.02-18.31.13:652][193]LogEngine: All Windows Closed
[2018.04.02-18.31.13:652][193]LogWindows: FPlatformMisc::RequestExit(0)
[2018.04.02-18.31.13:657][194]LogNet: World NetDriver shutdown SteamNetDriver_0 [GameNetDriver]
[2018.04.02-18.31.13:657][194]LogNet: DestroyNamedNetDriver SteamNetDriver_0 [GameNetDriver]
[2018.04.02-18.31.13:660][194]LogNet: UNetConnection::Cleanup: Closing open connection. [UNetConnection] RemoteAddr: 76561198011701234:7777, Name: SteamNetConnection_0, Driver: GameNetDriver SteamNetDriver_0, IsServer: YES, PC: gameplayPC_C_1, Owner: gameplayPC_C_1
[2018.04.02-18.31.13:660][194]LogNet: UNetConnection::Close: [UNetConnection] RemoteAddr: 76561198011701234:7777, Name: SteamNetConnection_0, Driver: GameNetDriver SteamNetDriver_0, IsServer: YES, PC: gameplayPC_C_1, Owner: gameplayPC_C_1, Channels: 10, Time: 2018.04.02-18.31.13
[2018.04.02-18.31.13:660][194]LogNet: UChannel::Close: Sending CloseBunch. ChIndex == 0. Name: [UChannel] ChIndex: 0, Closing: 0 [UNetConnection] RemoteAddr: 76561198011701234:7777, Name: SteamNetConnection_0, Driver: GameNetDriver SteamNetDriver_0, IsServer: YES, PC: gameplayPC_C_1, Owner: gameplayPC_C_1
[2018.04.02-18.31.13:660][194]LogExit: GameNetDriver SteamNetDriver_0 shut down
[2018.04.02-18.31.14:340][194]LogExit: Preparing to exit.
[2018.04.02-18.31.14:340][194]LogMoviePlayer: Shutting down movie player
[2018.04.02-18.31.14:374][194]LogExit: Game engine shut down
[2018.04.02-18.31.14:437][194]LogExit: Object subsystem successfully closed.
[2018.04.02-18.31.14:460][194]LogD3D11RHI: Shutdown
[2018.04.02-18.31.14:460][194]LogD3D11RHI: CleanupD3DDevice
[2018.04.02-18.31.14:462][194]LogD3D11RHI: ~FD3D11DynamicRHI
[2018.04.02-18.31.14:466][194]LogModuleManager: Shutting down and abandoning module SequenceRecorderSections (314)
[2018.04.02-18.31.14:466][194]LogModuleManager: Shutting down and abandoning module SequenceRecorder (312)
[2018.04.02-18.31.14:466][194]LogModuleManager: Shutting down and abandoning module AutomationController (310)
[2018.04.02-18.31.14:466][194]LogModuleManager: Shutting down and abandoning module AutomationWorker (308)
[2018.04.02-18.31.14:466][194]LogModuleManager: Shutting down and abandoning module AIModule (306)
[2018.04.02-18.31.14:466][194]LogModuleManager: Shutting down and abandoning module GameplayDebugger (305)
[2018.04.02-18.31.14:466][194]LogModuleManager: Shutting down and abandoning module AITestSuite (303)
[2018.04.02-18.31.14:466][194]LogModuleManager: Shutting down and abandoning module WmfMediaFactory (300)
[2018.04.02-18.31.14:466][194]LogModuleManager: Shutting down and abandoning module OpenExrWrapper (298)
[2018.04.02-18.31.14:466][194]LogModuleManager: Shutting down and abandoning module ImgMediaFactory (296)
[2018.04.02-18.31.14:466][194]LogModuleManager: Shutting down and abandoning module AvfMediaFactory (294)
[2018.04.02-18.31.14:466][194]LogModuleManager: Shutting down and abandoning module CharacterAI (292)
[2018.04.02-18.31.14:466][194]LogModuleManager: Shutting down and abandoning module SessionServices (290)
[2018.04.02-18.31.14:466][194]LogModuleManager: Shutting down and abandoning module MovieSceneCapture (288)
[2018.04.02-18.31.14:466][194]LogModuleManager: Shutting down and abandoning module MovieSceneTracks (286)
[2018.04.02-18.31.14:466][194]LogModuleManager: Shutting down and abandoning module MovieScene (284)
[2018.04.02-18.31.14:466][194]LogModuleManager: Shutting down and abandoning module GeometryCache (282)
[2018.04.02-18.31.14:466][194]LogModuleManager: Shutting down and abandoning module GeometryCacheEd (281)
[2018.04.02-18.31.14:467][194]LogModuleManager: Shutting down and abandoning module StreamingPauseRendering (278)
[2018.04.02-18.31.14:467][194]LogModuleManager: Shutting down and abandoning module PortalServices (276)
[2018.04.02-18.31.14:467][194]LogModuleManager: Shutting down and abandoning module PortalRpc (274)
[2018.04.02-18.31.14:467][194]LogModuleManager: Shutting down and abandoning module MessagingRpc (272)
[2018.04.02-18.31.14:467][194]LogModuleManager: Shutting down and abandoning module ProfilerService (270)
[2018.04.02-18.31.14:492][194]LogModuleManager: Shutting down and abandoning module TaskGraph (268)
[2018.04.02-18.31.14:492][194]LogModuleManager: Shutting down and abandoning module SteamVRController (266)
[2018.04.02-18.31.14:492][194]LogModuleManager: Shutting down and abandoning module ProceduralMeshComponent (264)
[2018.04.02-18.31.14:492][194]LogModuleManager: Shutting down and abandoning module OculusInput (262)
[2018.04.02-18.31.14:492][194]LogModuleManager: Shutting down and abandoning module MobilePatchingUtils (260)
[2018.04.02-18.31.14:492][194]LogModuleManager: Shutting down and abandoning module CustomMeshComponent (258)
[2018.04.02-18.31.14:492][194]LogModuleManager: Shutting down and abandoning module CableComponent (256)
[2018.04.02-18.31.14:492][194]LogModuleManager: Shutting down and abandoning module ArchVisCharacter (254)
[2018.04.02-18.31.14:492][194]LogModuleManager: Shutting down and abandoning module AndroidPermission (252)
[2018.04.02-18.31.14:492][194]LogModuleManager: Shutting down and abandoning module ActorSequence (248)
[2018.04.02-18.31.14:492][194]LogModuleManager: Shutting down and abandoning module MediaCompositing (246)
[2018.04.02-18.31.14:492][194]LogModuleManager: Shutting down and abandoning module HTML5Networking (244)
[2018.04.02-18.31.14:492][194]LogModuleManager: Shutting down and abandoning module VisualStudioSourceCodeAccess (242)
[2018.04.02-18.31.14:492][194]LogModuleManager: Shutting down and abandoning module HotReload (241)
[2018.04.02-18.31.14:492][194]LogDirectoryWatcher: A directory notification for 'D:/ue4/steam/Binaries/Win64' was aborted.
[2018.04.02-18.31.14:492][194]LogModuleManager: Shutting down and abandoning module VisualStudioCodeSourceCodeAccess (238)
[2018.04.02-18.31.14:492][194]LogModuleManager: Shutting down and abandoning module UObjectPlugin (236)
[2018.04.02-18.31.14:492][194]LogModuleManager: Shutting down and abandoning module SubversionSourceControl (234)
[2018.04.02-18.31.14:492][194]LogModuleManager: Shutting down and abandoning module PerforceSourceControl (232)
[2018.04.02-18.31.14:492][194]LogModuleManager: Shutting down and abandoning module SourceControl (231)
[2018.04.02-18.31.14:493][194]LogModuleManager: Shutting down and abandoning module RuntimePhysXCooking (228)
[2018.04.02-18.31.14:493][194]LogModuleManager: Shutting down and abandoning module PhysXVehiclesEditor (226)
[2018.04.02-18.31.14:493][194]LogModuleManager: Shutting down and abandoning module PhysXVehicles (224)
[2018.04.02-18.31.14:493][194]LogModuleManager: Shutting down and abandoning module LocationServicesBPLibrary (222)
[2018.04.02-18.31.14:493][194]LogModuleManager: Shutting down and abandoning module ImmediatePhysicsEditor (220)
[2018.04.02-18.31.14:493][194]LogModuleManager: Shutting down and abandoning module ImmediatePhysics (218)
[2018.04.02-18.31.14:493][194]LogModuleManager: Shutting down and abandoning module UdpMessaging (216)
[2018.04.02-18.31.14:493][194]LogModuleManager: Shutting down and abandoning module TcpMessaging (214)
[2018.04.02-18.31.14:493][194]LogModuleManager: Shutting down and abandoning module GameplayTagsEditor (212)
[2018.04.02-18.31.14:493][194]LogModuleManager: Shutting down and abandoning module FacialAnimation (210)
[2018.04.02-18.31.14:493][194]LogModuleManager: Shutting down and abandoning module AssetManagerEditor (208)
[2018.04.02-18.31.14:493][194]LogModuleManager: Shutting down and abandoning module GraphEditor (207)
[2018.04.02-18.31.14:493][194]LogModuleManager: Shutting down and abandoning module ContentBrowser (205)
[2018.04.02-18.31.14:493][194]LogModuleManager: Shutting down and abandoning module CollectionManager (204)
[2018.04.02-18.31.14:493][194]LogDirectoryWatcher: A directory notification for 'D:/ue4/steam/Content/Collections/' was aborted.
[2018.04.02-18.31.14:493][194]LogDirectoryWatcher: A directory notification for 'D:/ue4/steam/Content/Developers/Energy/Collections/' was aborted.
[2018.04.02-18.31.14:493][194]LogDirectoryWatcher: A directory notification for 'D:/ue4/steam/Saved/Collections/' was aborted.
[2018.04.02-18.31.14:493][194]LogModuleManager: Shutting down and abandoning module DirectoryWatcher (203)
[2018.04.02-18.31.14:493][194]LogModuleManager: Shutting down and abandoning module LightPropagationVolumeRuntime (198)
[2018.04.02-18.31.14:493][194]LogModuleManager: Shutting down and abandoning module Paper2D (196)
[2018.04.02-18.31.14:493][194]LogModuleManager: Shutting down and abandoning module WindowsMoviePlayer (194)
[2018.04.02-18.31.14:493][194]LogModuleManager: Shutting down and abandoning module WmfMedia (192)
[2018.04.02-18.31.14:494][194]LogModuleManager: Shutting down and abandoning module ImgMedia (190)
[2018.04.02-18.31.14:494][194]LogModuleManager: Shutting down and abandoning module PacketHandler (188)
[2018.04.02-18.31.14:494][194]LogModuleManager: Shutting down and abandoning module ClothingSystemEditor (186)
[2018.04.02-18.31.14:494][194]LogModuleManager: Shutting down and abandoning module ClothingSystemRuntime (184)
[2018.04.02-18.31.14:494][194]LogModuleManager: Shutting down and abandoning module MediaAssets (182)
[2018.04.02-18.31.14:494][194]LogModuleManager: Shutting down and abandoning module Media (181)
[2018.04.02-18.31.14:501][194]LogModuleManager: Shutting down and abandoning module Overlay (178)
[2018.04.02-18.31.14:501][194]LogModuleManager: Shutting down and abandoning module OverlayEditor (177)
[2018.04.02-18.31.14:501][194]LogModuleManager: Shutting down and abandoning module VREditor (174)
[2018.04.02-18.31.14:501][194]LogModuleManager: Shutting down and abandoning module StringTableEditor (172)
[2018.04.02-18.31.14:501][194]LogModuleManager: Shutting down and abandoning module GameplayTasksEditor (170)
[2018.04.02-18.31.14:501][194]LogModuleManager: Shutting down and abandoning module BehaviorTreeEditor (168)
[2018.04.02-18.31.14:501][194]LogModuleManager: Shutting down and abandoning module FunctionalTesting (166)
[2018.04.02-18.31.14:501][194]LogModuleManager: Shutting down and abandoning module CollisionAnalyzer (164)
[2018.04.02-18.31.14:501][194]LogModuleManager: Shutting down and abandoning module WorkspaceMenuStructure (163)
[2018.04.02-18.31.14:501][194]LogModuleManager: Shutting down and abandoning module UMG (160)
[2018.04.02-18.31.14:501][194]LogModuleManager: Shutting down and abandoning module UMGEditor (159)
[2018.04.02-18.31.14:501][194]LogModuleManager: Shutting down and abandoning module Sequencer (158)
[2018.04.02-18.31.14:501][194]LogModuleManager: Shutting down and abandoning module MessageLog (155)
[2018.04.02-18.31.14:501][194]LogModuleManager: Shutting down and abandoning module SlateReflector (150)
[2018.04.02-18.31.14:501][194]LogModuleManager: Shutting down and abandoning module Slate (148)
[2018.04.02-18.31.14:501][194]LogModuleManager: Shutting down and abandoning module EditorStyle (146)
[2018.04.02-18.31.14:503][194]LogModuleManager: Shutting down and abandoning module MRMesh (144)
[2018.04.02-18.31.14:503][194]LogModuleManager: Shutting down and abandoning module Messaging (142)
[2018.04.02-18.31.14:503][194]LogModuleManager: Shutting down and abandoning module SourceCodeAccess (140)
[2018.04.02-18.31.14:503][194]LogModuleManager: Shutting down and abandoning module HeadMountedDisplay (138)
[2018.04.02-18.31.14:503][194]LogModuleManager: Shutting down and abandoning module XAudio2 (136)
[2018.04.02-18.31.14:503][194]LogModuleManager: Shutting down and abandoning module Networking (134)
[2018.04.02-18.31.14:503][194]LogModuleManager: Shutting down and abandoning module Core (132)
[2018.04.02-18.31.14:503][194]LogModuleManager: Shutting down and abandoning module LevelSequence (130)
[2018.04.02-18.31.14:503][194]LogModuleManager: Shutting down and abandoning module KismetCompiler (128)
[2018.04.02-18.31.14:503][194]LogModuleManager: Shutting down and abandoning module MeshUtilities (126)
[2018.04.02-18.31.14:503][194]LogModuleManager: Shutting down and abandoning module MeshMergeUtilities (125)
[2018.04.02-18.31.14:503][194]LogModuleManager: Shutting down and abandoning module MeshReductionInterface (124)
[2018.04.02-18.31.14:503][194]LogModuleManager: Shutting down and abandoning module SimplygonSwarm (123)
[2018.04.02-18.31.14:503][194]LogModuleManager: Shutting down and abandoning module SimplygonMeshReduction (121)
[2018.04.02-18.31.14:503][194]LogModuleManager: Shutting down and abandoning module QuadricMeshReduction (119)
[2018.04.02-18.31.14:503][194]LogModuleManager: Shutting down and abandoning module MaterialBaking (115)
[2018.04.02-18.31.14:503][194]LogModuleManager: Shutting down and abandoning module DerivedDataCache (110)
[2018.04.02-18.31.14:598][194]LogDerivedDataCache: Shutdown
[2018.04.02-18.31.14:598][194]LogModuleManager: Shutting down and abandoning module TargetPlatform (108)
[2018.04.02-18.31.14:598][194]LogModuleManager: Shutting down and abandoning module VulkanShaderFormat (107)
[2018.04.02-18.31.14:598][194]LogModuleManager: Shutting down and abandoning module ShaderFormatVectorVM (105)
[2018.04.02-18.31.14:598][194]LogModuleManager: Shutting down and abandoning module ShaderFormatOpenGL (103)
[2018.04.02-18.31.14:598][194]LogModuleManager: Shutting down and abandoning module ShaderFormatD3D (101)
[2018.04.02-18.31.14:598][194]LogModuleManager: Shutting down and abandoning module MetalShaderFormat (99)
[2018.04.02-18.31.14:598][194]LogModuleManager: Shutting down and abandoning module TextureFormatUncompressed (97)
[2018.04.02-18.31.14:598][194]LogModuleManager: Shutting down and abandoning module TextureFormatPVR (95)
[2018.04.02-18.31.14:598][194]LogModuleManager: Shutting down and abandoning module TextureFormatDXT (93)
[2018.04.02-18.31.14:598][194]LogModuleManager: Shutting down and abandoning module TextureFormatIntelISPCTexComp (91)
[2018.04.02-18.31.14:598][194]LogModuleManager: Shutting down and abandoning module TextureFormatASTC (89)
[2018.04.02-18.31.14:598][194]LogModuleManager: Shutting down and abandoning module ImageWrapper (88)
[2018.04.02-18.31.14:598][194]LogModuleManager: Shutting down and abandoning module TextureFormatAndroid (85)
[2018.04.02-18.31.14:598][194]LogModuleManager: Shutting down and abandoning module AudioFormatOpus (83)
[2018.04.02-18.31.14:598][194]LogModuleManager: Shutting down and abandoning module AudioFormatOgg (81)
[2018.04.02-18.31.14:598][194]LogModuleManager: Shutting down and abandoning module AudioFormatADPCM (79)
[2018.04.02-18.31.14:598][194]LogModuleManager: Shutting down and abandoning module WindowsTargetPlatform (77)
[2018.04.02-18.31.14:598][194]LogModuleManager: Shutting down and abandoning module WindowsServerTargetPlatform (75)
[2018.04.02-18.31.14:598][194]LogModuleManager: Shutting down and abandoning module WindowsNoEditorTargetPlatform (73)
[2018.04.02-18.31.14:598][194]LogModuleManager: Shutting down and abandoning module WindowsClientTargetPlatform (71)
[2018.04.02-18.31.14:598][194]LogModuleManager: Shutting down and abandoning module InputCore (68)
[2018.04.02-18.31.14:598][194]LogModuleManager: Shutting down and abandoning module Settings (66)
[2018.04.02-18.31.14:599][194]LogModuleManager: Shutting down and abandoning module PhysXCooking (64)
[2018.04.02-18.31.14:599][194]LogModuleManager: Shutting down and abandoning module SteamVR (62)
[2018.04.02-18.31.14:599][194]LogModuleManager: Shutting down and abandoning module OculusHMD (60)
[2018.04.02-18.31.14:599][194]LogModuleManager: Shutting down and abandoning module ExampleDeviceProfileSelector (58)
[2018.04.02-18.31.14:599][194]LogModuleManager: Shutting down and abandoning module AppleARKit (56)
[2018.04.02-18.31.14:599][194]LogModuleManager: Shutting down and abandoning module AugmentedReality (55)
[2018.04.02-18.31.14:599][194]LogModuleManager: Shutting down and abandoning module OnlineBlueprintSupport (52)
[2018.04.02-18.31.14:599][194]LogModuleManager: Shutting down and abandoning module OnlineSubsystem (48)
[2018.04.02-18.31.14:599][194]LogOnline: Display: STEAM: OnlineSubsystemSteam::Shutdown()
[2018.04.02-18.31.14:599][194]LogOnline: Display: OSS: FOnlineAsyncTaskManager::Stop() ActiveTask:0000019FBE0A39A0 Tasks[3/1]
[2018.04.02-18.31.14:647][194]LogOnline: Display: OSS: FOnlineAsyncTaskManager::Exit() started
[2018.04.02-18.31.14:647][194]LogOnline: Display: OSS: FOnlineAsyncTaskManager::Exit() finished
[2018.04.02-18.31.14:647][194]LogOnline: Display: STEAM: OnlineSubsystemSteam::Shutdown()
[2018.04.02-18.31.14:647][194]LogModuleManager: Shutting down and abandoning module XMPP (43)
[2018.04.02-18.31.14:647][194]LogModuleManager: Shutting down and abandoning module HTTP (41)
[2018.04.02-18.31.14:662][194]LogModuleManager: Shutting down and abandoning module SSL (40)
[2018.04.02-18.31.14:662][194]LogModuleManager: Shutting down and abandoning module AnimationModifiers (36)
[2018.04.02-18.31.14:662][194]LogModuleManager: Shutting down and abandoning module PropertyEditor (35)
[2018.04.02-18.31.14:662][194]LogModuleManager: Shutting down and abandoning module AudioEditor (32)
[2018.04.02-18.31.14:662][194]LogModuleManager: Shutting down and abandoning module TextureCompressor (30)
[2018.04.02-18.31.14:663][194]LogModuleManager: Shutting down and abandoning module ShaderCore (28)
[2018.04.02-18.31.14:663][194]LogModuleManager: Shutting down and abandoning module Landscape (26)
[2018.04.02-18.31.14:663][194]LogModuleManager: Shutting down and abandoning module SlateRHIRenderer (24)
[2018.04.02-18.31.14:663][194]LogModuleManager: Shutting down and abandoning module OpenGLDrv (22)
[2018.04.02-18.31.14:663][194]LogModuleManager: Shutting down and abandoning module D3D11RHI (20)
[2018.04.02-18.31.14:663][194]LogModuleManager: Shutting down and abandoning module AnimGraphRuntime (18)
[2018.04.02-18.31.14:663][194]LogModuleManager: Shutting down and abandoning module Renderer (16)
[2018.04.02-18.31.14:663][194]LogModuleManager: Shutting down and abandoning module Engine (14)
[2018.04.02-18.31.14:663][194]LogModuleManager: Shutting down and abandoning module CoreUObject (12)
[2018.04.02-18.31.14:663][194]LogModuleManager: Shutting down and abandoning module NetworkFile (10)
[2018.04.02-18.31.14:663][194]LogModuleManager: Shutting down and abandoning module CookedIterativeFile (8)
[2018.04.02-18.31.14:663][194]LogModuleManager: Shutting down and abandoning module StreamingFile (6)
[2018.04.02-18.31.14:663][194]LogModuleManager: Shutting down and abandoning module SandboxFile (4)
[2018.04.02-18.31.14:663][194]LogModuleManager: Shutting down and abandoning module PakFile (2)
[2018.04.02-18.31.14:665][194]LogExit: Exiting.
[2018.04.02-18.31.14:667][194]Log file closed, 04/02/18 11:31:14
