Log file open, 02/10/18 12:30:10
LogWindows: Failed to load 'aqProf.dll' (GetLastError=126)
LogWindows: File 'aqProf.dll' does not exist
LogWindows: Failed to load 'VSPerf140.dll' (GetLastError=126)
LogWindows: File 'VSPerf140.dll' does not exist
LogWindows: Failed to load 'VtuneApi.dll' (GetLastError=126)
LogWindows: File 'VtuneApi.dll' does not exist
LogWindows: Failed to load 'VtuneApi32e.dll' (GetLastError=126)
LogWindows: File 'VtuneApi32e.dll' does not exist
LogInit: Display: Running engine for game: MyProject12
LogPlatformFile: Not using cached read wrapper
LogInit: Display: RandInit(437770005) SRandInit(437770005).
LogInit: Read version file with build ID '3709383'
LogInit: Overriding engine version to CL 3832480, compatible CL 3709383
LogInit: Registered custom module enumerator with build ID '3709383'
LogTaskGraph: Started task graph with 5 named threads and 14 total threads with 3 sets of task threads.
LogStats: Stats thread started at 0.418942
LogD3D11RHI: Aftermath initialized
LogModuleManager: Display: Found up-to-date module file ../../../Engine/Plugins/Online/OnlineSubsystemSteam/Binaries/Win64/UE4Editor-OnlineSubsystemSteam.dll (API version 3709383).
LogModuleManager: Display: Found up-to-date module file ../../../Engine/Plugins/Online/OnlineSubsystem/Binaries/Win64/UE4Editor-OnlineSubsystem.dll (API version 3709383).
LogModuleManager: Display: Found up-to-date module file ../../../Engine/Plugins/Online/OnlineSubsystemUtils/Binaries/Win64/UE4Editor-OnlineSubsystemUtils.dll (API version 3709383).
LogModuleManager: Display: Found up-to-date module file ../../../Engine/Plugins/Online/OnlineSubsystemUtils/Binaries/Win64/UE4Editor-OnlineBlueprintSupport.dll (API version 3709383).
LogModuleManager: Display: Found up-to-date module file ../../../Engine/Plugins/2D/Paper2D/Binaries/Win64/UE4Editor-Paper2D.dll (API version 3709383).
LogModuleManager: Display: Found up-to-date module file ../../../Engine/Plugins/2D/Paper2D/Binaries/Win64/UE4Editor-Paper2DEditor.dll (API version 3709383).
LogModuleManager: Display: Found up-to-date module file ../../../Engine/Plugins/2D/Paper2D/Binaries/Win64/UE4Editor-PaperSpriteSheetImporter.dll (API version 3709383).
LogModuleManager: Display: Found up-to-date module file ../../../Engine/Plugins/2D/Paper2D/Binaries/Win64/UE4Editor-PaperTiledImporter.dll (API version 3709383).
LogModuleManager: Display: Found up-to-date module file ../../../Engine/Plugins/2D/Paper2D/Binaries/Win64/UE4Editor-SmartSnapping.dll (API version 3709383).
LogModuleManager: Display: Found up-to-date module file ../../../Engine/Plugins/Blendables/LightPropagationVolume/Binaries/Win64/UE4Editor-LightPropagationVolumeRuntime.dll (API version 3709383).
LogModuleManager: Display: Found up-to-date module file ../../../Engine/Plugins/Blendables/LightPropagationVolume/Binaries/Win64/UE4Editor-LightPropagationVolumeEditor.dll (API version 3709383).
LogModuleManager: Display: Found up-to-date module file ../../../Engine/Plugins/Developer/GitSourceControl/Binaries/Win64/UE4Editor-GitSourceControl.dll (API version 3709383).
LogModuleManager: Display: Found up-to-date module file ../../../Engine/Plugins/Developer/PerforceSourceControl/Binaries/Win64/UE4Editor-PerforceSourceControl.dll (API version 3709383).
LogModuleManager: Display: Found up-to-date module file ../../../Engine/Plugins/Developer/SubversionSourceControl/Binaries/Win64/UE4Editor-SubversionSourceControl.dll (API version 3709383).
LogModuleManager: Display: Found up-to-date module file ../../../Engine/Plugins/Developer/UObjectPlugin/Binaries/Win64/UE4Editor-UObjectPlugin.dll (API version 3709383).
LogModuleManager: Display: Found up-to-date module file ../../../Engine/Plugins/Developer/VisualStudioCodeSourceCodeAccess/Binaries/Win64/UE4Editor-VisualStudioCodeSourceCodeAccess.dll (API version 3709383).
LogModuleManager: Display: Found up-to-date module file ../../../Engine/Plugins/Developer/VisualStudioSourceCodeAccess/Binaries/Win64/UE4Editor-VisualStudioSourceCodeAccess.dll (API version 3709383).
LogModuleManager: Display: Found up-to-date module file ../../../Engine/Plugins/Editor/AssetManagerEditor/Binaries/Win64/UE4Editor-AssetManagerEditor.dll (API version 3709383).
LogModuleManager: Display: Found up-to-date module file ../../../Engine/Plugins/Editor/AudioCapture/Binaries/Win64/UE4Editor-AudioCapture.dll (API version 3709383).
LogModuleManager: Display: Found up-to-date module file ../../../Engine/Plugins/Editor/FacialAnimation/Binaries/Win64/UE4Editor-FacialAnimation.dll (API version 3709383).
LogModuleManager: Display: Found up-to-date module file ../../../Engine/Plugins/Editor/FacialAnimation/Binaries/Win64/UE4Editor-FacialAnimationEditor.dll (API version 3709383).
LogModuleManager: Display: Found up-to-date module file ../../../Engine/Plugins/Editor/GameplayTagsEditor/Binaries/Win64/UE4Editor-GameplayTagsEditor.dll (API version 3709383).
LogModuleManager: Display: Found up-to-date module file ../../../Engine/Plugins/Editor/MobileLauncherProfileWizard/Binaries/Win64/UE4Editor-MobileLauncherProfileWizard.dll (API version 3709383).
LogModuleManager: Display: Found up-to-date module file ../../../Engine/Plugins/Editor/PluginBrowser/Binaries/Win64/UE4Editor-PluginBrowser.dll (API version 3709383).
LogModuleManager: Display: Found up-to-date module file ../../../Engine/Plugins/Editor/SpeedTreeImporter/Binaries/Win64/UE4Editor-SpeedTreeImporter.dll (API version 3709383).
LogModuleManager: Display: Found up-to-date module file ../../../Engine/Plugins/Experimental/AlembicImporter/Binaries/Win64/UE4Editor-AlembicImporter.dll (API version 3709383).
LogModuleManager: Display: Found up-to-date module file ../../../Engine/Plugins/Experimental/AlembicImporter/Binaries/Win64/UE4Editor-AlembicLibrary.dll (API version 3709383).
LogModuleManager: Display: Found up-to-date module file ../../../Engine/Plugins/Experimental/CharacterAI/Binaries/Win64/UE4Editor-CharacterAI.dll (API version 3709383).
LogModuleManager: Display: Found up-to-date module file ../../../Engine/Plugins/Experimental/HTML5Networking/Binaries/Win64/UE4Editor-HTML5Networking.dll (API version 3709383).
LogModuleManager: Display: Found up-to-date module file ../../../Engine/Plugins/Media/AndroidMedia/Binaries/Win64/UE4Editor-AndroidMediaEditor.dll (API version 3709383).
LogModuleManager: Display: Found up-to-date module file ../../../Engine/Plugins/Media/AndroidMedia/Binaries/Win64/UE4Editor-AndroidMediaFactory.dll (API version 3709383).
LogModuleManager: Display: Found up-to-date module file ../../../Engine/Plugins/Media/AvfMedia/Binaries/Win64/UE4Editor-AvfMediaEditor.dll (API version 3709383).
LogModuleManager: Display: Found up-to-date module file ../../../Engine/Plugins/Media/AvfMedia/Binaries/Win64/UE4Editor-AvfMediaFactory.dll (API version 3709383).
LogModuleManager: Display: Found up-to-date module file ../../../Engine/Plugins/Media/AvfMedia/Binaries/Win64/UE4Editor-AvfMediaFactory.dll (API version 3709383).
LogModuleManager: Display: Found up-to-date module file ../../../Engine/Plugins/Media/ImgMedia/Binaries/Win64/UE4Editor-ImgMedia.dll (API version 3709383).
LogModuleManager: Display: Found up-to-date module file ../../../Engine/Plugins/Media/ImgMedia/Binaries/Win64/UE4Editor-ImgMediaEditor.dll (API version 3709383).
LogModuleManager: Display: Found up-to-date module file ../../../Engine/Plugins/Media/ImgMedia/Binaries/Win64/UE4Editor-ImgMediaFactory.dll (API version 3709383).
LogModuleManager: Display: Found up-to-date module file ../../../Engine/Plugins/Media/ImgMedia/Binaries/Win64/UE4Editor-ImgMediaFactory.dll (API version 3709383).
LogModuleManager: Display: Found up-to-date module file ../../../Engine/Plugins/Media/ImgMedia/Binaries/Win64/UE4Editor-OpenExrWrapper.dll (API version 3709383).
LogModuleManager: Display: Found up-to-date module file ../../../Engine/Plugins/Media/MediaCompositing/Binaries/Win64/UE4Editor-MediaCompositing.dll (API version 3709383).
LogModuleManager: Display: Found up-to-date module file ../../../Engine/Plugins/Media/MediaCompositing/Binaries/Win64/UE4Editor-MediaCompositingEditor.dll (API version 3709383).
LogModuleManager: Display: Found up-to-date module file ../../../Engine/Plugins/Media/MediaPlayerEditor/Binaries/Win64/UE4Editor-MediaPlayerEditor.dll (API version 3709383).
LogModuleManager: Display: Found up-to-date module file ../../../Engine/Plugins/Media/WmfMedia/Binaries/Win64/UE4Editor-WmfMedia.dll (API version 3709383).
LogModuleManager: Display: Found up-to-date module file ../../../Engine/Plugins/Media/WmfMedia/Binaries/Win64/UE4Editor-WmfMediaEditor.dll (API version 3709383).
LogModuleManager: Display: Found up-to-date module file ../../../Engine/Plugins/Media/WmfMedia/Binaries/Win64/UE4Editor-WmfMediaFactory.dll (API version 3709383).
LogModuleManager: Display: Found up-to-date module file ../../../Engine/Plugins/Media/WmfMedia/Binaries/Win64/UE4Editor-WmfMediaFactory.dll (API version 3709383).
LogModuleManager: Display: Found up-to-date module file ../../../Engine/Plugins/Messaging/TcpMessaging/Binaries/Win64/UE4Editor-TcpMessaging.dll (API version 3709383).
LogModuleManager: Display: Found up-to-date module file ../../../Engine/Plugins/Messaging/UdpMessaging/Binaries/Win64/UE4Editor-UdpMessaging.dll (API version 3709383).
LogModuleManager: Display: Found up-to-date module file ../../../Engine/Plugins/MovieScene/ActorSequence/Binaries/Win64/UE4Editor-ActorSequence.dll (API version 3709383).
LogModuleManager: Display: Found up-to-date module file ../../../Engine/Plugins/MovieScene/LevelSequenceEditor/Binaries/Win64/UE4Editor-LevelSequenceEditor.dll (API version 3709383).
LogModuleManager: Display: Found up-to-date module file ../../../Engine/Plugins/MovieScene/MatineeToLevelSequence/Binaries/Win64/UE4Editor-MatineeToLevelSequence.dll (API version 3709383).
LogModuleManager: Display: Found up-to-date module file ../../../Engine/Plugins/Runtime/AndroidPermission/Binaries/Win64/UE4Editor-AndroidPermission.dll (API version 3709383).
LogModuleManager: Display: Found up-to-date module file ../../../Engine/Plugins/Online/OnlineSubsystemNull/Binaries/Win64/UE4Editor-OnlineSubsystemNull.dll (API version 3709383).
LogModuleManager: Display: Found up-to-date module file ../../../Engine/Plugins/Runtime/AndroidDeviceProfileSelector/Binaries/Win64/UE4Editor-AndroidDeviceProfileSelector.dll (API version 3709383).
LogModuleManager: Display: Found up-to-date module file ../../../Engine/Plugins/Runtime/AppleARKit/Binaries/Win64/UE4Editor-AppleARKit.dll (API version 3709383).
LogModuleManager: Display: Found up-to-date module file ../../../Engine/Plugins/Runtime/ArchVisCharacter/Binaries/Win64/UE4Editor-ArchVisCharacter.dll (API version 3709383).
LogModuleManager: Display: Found up-to-date module file ../../../Engine/Plugins/Runtime/CableComponent/Binaries/Win64/UE4Editor-CableComponent.dll (API version 3709383).
LogModuleManager: Display: Found up-to-date module file ../../../Engine/Plugins/Runtime/CustomMeshComponent/Binaries/Win64/UE4Editor-CustomMeshComponent.dll (API version 3709383).
LogModuleManager: Display: Found up-to-date module file ../../../Engine/Plugins/Runtime/ExampleDeviceProfileSelector/Binaries/Win64/UE4Editor-ExampleDeviceProfileSelector.dll (API version 3709383).
LogModuleManager: Display: Found up-to-date module file ../../../Engine/Plugins/Runtime/ImmediatePhysics/Binaries/Win64/UE4Editor-ImmediatePhysics.dll (API version 3709383).
LogModuleManager: Display: Found up-to-date module file ../../../Engine/Plugins/Runtime/ImmediatePhysics/Binaries/Win64/UE4Editor-ImmediatePhysicsEditor.dll (API version 3709383).
LogModuleManager: Display: Found up-to-date module file ../../../Engine/Plugins/Runtime/LocationServicesBPLibrary/Binaries/Win64/UE4Editor-LocationServicesBPLibrary.dll (API version 3709383).
LogModuleManager: Display: Found up-to-date module file ../../../Engine/Plugins/Runtime/MobilePatchingUtils/Binaries/Win64/UE4Editor-MobilePatchingUtils.dll (API version 3709383).
LogModuleManager: Display: Found up-to-date module file ../../../Engine/Plugins/Runtime/Oculus/OculusVR/Binaries/Win64/UE4Editor-OculusHMD.dll (API version 3709383).
LogModuleManager: Display: Found up-to-date module file ../../../Engine/Plugins/Runtime/Oculus/OculusVR/Binaries/Win64/UE4Editor-OculusInput.dll (API version 3709383).
LogModuleManager: Display: Found up-to-date module file ../../../Engine/Plugins/Runtime/Oculus/OculusVR/Binaries/Win64/UE4Editor-OculusEditor.dll (API version 3709383).
LogModuleManager: Display: Found up-to-date module file ../../../Engine/Plugins/Runtime/PhysXVehicles/Binaries/Win64/UE4Editor-PhysXVehicles.dll (API version 3709383).
LogModuleManager: Display: Found up-to-date module file ../../../Engine/Plugins/Runtime/PhysXVehicles/Binaries/Win64/UE4Editor-PhysXVehiclesEditor.dll (API version 3709383).
LogModuleManager: Display: Found up-to-date module file ../../../Engine/Plugins/Runtime/ProceduralMeshComponent/Binaries/Win64/UE4Editor-ProceduralMeshComponent.dll (API version 3709383).
LogModuleManager: Display: Found up-to-date module file ../../../Engine/Plugins/Runtime/ProceduralMeshComponent/Binaries/Win64/UE4Editor-ProceduralMeshComponentEditor.dll (API version 3709383).
LogModuleManager: Display: Found up-to-date module file ../../../Engine/Plugins/Runtime/RuntimePhysXCooking/Binaries/Win64/UE4Editor-RuntimePhysXCooking.dll (API version 3709383).
LogModuleManager: Display: Found up-to-date module file ../../../Engine/Plugins/Runtime/Steam/SteamVR/Binaries/Win64/UE4Editor-SteamVR.dll (API version 3709383).
LogModuleManager: Display: Found up-to-date module file ../../../Engine/Plugins/Runtime/Steam/SteamVR/Binaries/Win64/UE4Editor-SteamVRController.dll (API version 3709383).
LogModuleManager: Display: Found up-to-date module file ../../../Engine/Plugins/Runtime/WindowsMoviePlayer/Binaries/Win64/UE4Editor-WindowsMoviePlayer.dll (API version 3709383).
LogPluginManager: Mounting plugin Paper2D
LogPluginManager: Mounting plugin LightPropagationVolume
LogPluginManager: Mounting plugin CodeLiteSourceCodeAccess
LogPluginManager: Mounting plugin GitSourceControl
LogPluginManager: Mounting plugin KDevelopSourceCodeAccess
LogPluginManager: Mounting plugin NullSourceCodeAccess
LogPluginManager: Mounting plugin PerforceSourceControl
LogPluginManager: Mounting plugin SubversionSourceControl
LogPluginManager: Mounting plugin UObjectPlugin
LogPluginManager: Mounting plugin VisualStudioCodeSourceCodeAccess
LogPluginManager: Mounting plugin VisualStudioSourceCodeAccess
LogPluginManager: Mounting plugin XCodeSourceCodeAccess
LogPluginManager: Mounting plugin AssetManagerEditor
LogPluginManager: Mounting plugin AudioCapture
LogPluginManager: Mounting plugin FacialAnimation
LogPluginManager: Mounting plugin GameplayTagsEditor
LogPluginManager: Mounting plugin MobileLauncherProfileWizard
LogPluginManager: Mounting plugin PluginBrowser
LogPluginManager: Mounting plugin SpeedTreeImporter
LogPluginManager: Mounting plugin AlembicImporter
LogPluginManager: Mounting plugin CharacterAI
LogPluginManager: Mounting plugin HTML5Networking
LogPluginManager: Mounting plugin AndroidMedia
LogPluginManager: Mounting plugin AvfMedia
LogPluginManager: Mounting plugin ImgMedia
LogPluginManager: Mounting plugin MediaCompositing
LogPluginManager: Mounting plugin MediaPlayerEditor
LogPluginManager: Mounting plugin WmfMedia
LogPluginManager: Mounting plugin TcpMessaging
LogPluginManager: Mounting plugin UdpMessaging
LogPluginManager: Mounting plugin ActorSequence
LogPluginManager: Mounting plugin LevelSequenceEditor
LogPluginManager: Mounting plugin MatineeToLevelSequence
LogPluginManager: Mounting plugin OnlineSubsystemGooglePlay
LogPluginManager: Mounting plugin OnlineSubsystemIOS
LogPluginManager: Mounting plugin OnlineSubsystem
LogPluginManager: Mounting plugin OnlineSubsystemNull
LogPluginManager: Mounting plugin OnlineSubsystemSteam
LogPluginManager: Mounting plugin OnlineSubsystemUtils
LogPluginManager: Mounting plugin AndroidDeviceProfileSelector
LogPluginManager: Mounting plugin AndroidMoviePlayer
LogPluginManager: Mounting plugin AndroidPermission
LogPluginManager: Mounting plugin AppleARKit
LogPluginManager: Mounting plugin AppleMoviePlayer
LogPluginManager: Mounting plugin ArchVisCharacter
LogPluginManager: Mounting plugin CableComponent
LogPluginManager: Mounting plugin CustomMeshComponent
LogPluginManager: Mounting plugin ExampleDeviceProfileSelector
LogPluginManager: Mounting plugin GoogleCloudMessaging
LogPluginManager: Mounting plugin ImmediatePhysics
LogPluginManager: Mounting plugin IOSDeviceProfileSelector
LogPluginManager: Mounting plugin LinuxDeviceProfileSelector
LogPluginManager: Mounting plugin LocationServicesBPLibrary
LogPluginManager: Mounting plugin MobilePatchingUtils
LogPluginManager: Mounting plugin OculusVR
LogPluginManager: Plugin shader directory ../../../Engine/Plugins/Runtime/Oculus/OculusVR/Shaders found
LogPluginManager: Mapping shader source directory ../../../Engine/Plugins/Runtime/Oculus/OculusVR/Shaders to virtual directory /Plugin/OculusVR
LogPluginManager: Mounting plugin PhysXVehicles
LogPluginManager: Mounting plugin ProceduralMeshComponent
LogPluginManager: Mounting plugin RuntimePhysXCooking
LogPluginManager: Mounting plugin SteamVR
LogPluginManager: Mounting plugin WindowsMoviePlayer
LogInit: Using libcurl 7.47.1
LogInit:  - built for x86_64-pc-win32
LogInit:  - supports SSL with OpenSSL/1.0.2g
LogInit:  - supports HTTP deflate (compression) using libz 1.2.8
LogInit:  - other features:
LogInit:      CURL_VERSION_SSL
LogInit:      CURL_VERSION_LIBZ
LogInit:      CURL_VERSION_IPV6
LogInit:      CURL_VERSION_ASYNCHDNS
LogInit:      CURL_VERSION_LARGEFILE
LogInit:      CURL_VERSION_IDN
LogInit:  CurlRequestOptions (configurable via config and command line):
LogInit:  - bVerifyPeer = false  - Libcurl will NOT verify peer certificate
LogInit:  - bUseHttpProxy = false  - Libcurl will NOT use HTTP proxy
LogInit:  - bDontReuseConnections = false  - Libcurl will reuse connections
LogInit:  - CertBundlePath = nullptr  - Libcurl will use whatever was configured at build time.
LogOnline: Display: STEAM: Loading Steam SDK 1.39
LogInit: WinSock: version 1.1 (2.2), MaxSocks=32767, MaxUdp=65467
LogInit: Build: ++UE4+Release-4.18-CL-3832480
LogInit: Engine Version: 4.18.3-3832480+++UE4+Release-4.18
LogInit: Compatible Engine Version: 4.18.0-3709383+++UE4+Release-4.18
LogInit: Net CL: 3709383
LogDevObjectVersion: Number of dev versions registered: 16
LogDevObjectVersion:   Dev-Blueprints (B0D832E4-1F89-4F0D-ACCF-7EB736FD4AA2): 10
LogDevObjectVersion:   Dev-Build (E1C64328-A22C-4D53-A36C-8E866417BD8C): 0
LogDevObjectVersion:   Dev-Core (375EC13C-06E4-48FB-B500-84F0262A717E): 2
LogDevObjectVersion:   Dev-Editor (E4B068ED-F494-42E9-A231-DA0B2E46BB41): 20
LogDevObjectVersion:   Dev-Framework (CFFC743F-43B0-4480-9391-14DF171D2073): 30
LogDevObjectVersion:   Dev-Mobile (B02B49B5-BB20-44E9-A304-32B752E40360): 0
LogDevObjectVersion:   Dev-Networking (A4E4105C-59A1-49B5-A7C5-40C4547EDFEE): 0
LogDevObjectVersion:   Dev-Online (39C831C9-5AE6-47DC-9A44-9C173E1C8E7C): 0
LogDevObjectVersion:   Dev-Physics (78F01B33-EBEA-4F98-B9B4-84EACCB95AA2): 0
LogDevObjectVersion:   Dev-Platform (6631380F-2D4D-43E0-8009-CF276956A95A): 0
LogDevObjectVersion:   Dev-Rendering (12F88B9F-8875-4AFC-A67C-D90C383ABD29): 20
LogDevObjectVersion:   Dev-Sequencer (7B5AE74C-D270-4C10-A958-57980B212A5A): 4
LogDevObjectVersion:   Dev-VR (D7296918-1DD6-4BDD-9DE2-64A83CC13884): 0
LogDevObjectVersion:   Dev-LoadTimes (C2A15278-BFE7-4AFE-6C17-90FF531DF755): 1
LogDevObjectVersion:   Private-Geometry (6EACA3D4-40EC-4CC1-B786-8BED09428FC5): 1
LogDevObjectVersion:   Dev-AnimPhys (29E575DD-E0A3-4627-9D10-D276232CDCEA): 12
LogInit: Compiled (64-bit): Jan 12 2018 02:04:55
LogInit: Compiled with Visual C++: 19.00.24215.01
LogInit: Build Configuration: Development
LogInit: Branch Name: ++UE4+Release-4.18
LogInit: Command line:  -game
LogInit: Base directory: C:/Program Files/Epic Games/UE_4.18/Engine/Binaries/Win64/
LogInit: Installed Engine Build: 1
LogInit: Presizing for max 8388607 objects, including 0 objects not considered by GC, pre-allocating 0 bytes for permanent pool.
LogInit: Object subsystem initialized
[2018.02.10-20.30.19:126][  0]LogInit: Selected Device Profile: [Windows]
[2018.02.10-20.30.19:126][  0]LogInit: Applying CVar settings loaded from the selected device profile: [Windows]
[2018.02.10-20.30.19:166][  0]LogInit: Computer: DESKTOP-3HTVB4G
[2018.02.10-20.30.19:166][  0]LogInit: User: Polymake
[2018.02.10-20.30.19:166][  0]LogInit: CPU Page size=4096, Cores=4
[2018.02.10-20.30.19:166][  0]LogInit: High frequency timer resolution =2.272934 MHz
[2018.02.10-20.30.19:166][  0]LogMemory: Memory total: Physical=8.0GB (8GB approx)
[2018.02.10-20.30.19:166][  0]LogMemory: Platform Memory Stats for Windows
[2018.02.10-20.30.19:166][  0]LogMemory: Process Physical Memory: 306.21 MB used, 306.21 MB peak
[2018.02.10-20.30.19:166][  0]LogMemory: Process Virtual Memory: 280.74 MB used, 280.74 MB peak
[2018.02.10-20.30.19:166][  0]LogMemory: Physical Memory: 4800.98 MB used,  3390.20 MB free, 8191.18 MB total
[2018.02.10-20.30.19:166][  0]LogMemory: Virtual Memory: 752.09 MB used,  3390.20 MB free, 134217728.00 MB total
[2018.02.10-20.30.20:011][  0]LogInit: Using OS detected language (en-US).
[2018.02.10-20.30.20:011][  0]LogInit: Using OS detected locale (en-US).
[2018.02.10-20.30.20:025][  0]LogTextLocalizationManager: No specific localization for 'en-US' exists, so the 'en' localization will be used.
[2018.02.10-20.30.21:888][  0]LogD3D11RHI: D3D11 adapters:
[2018.02.10-20.30.22:080][  0]LogD3D11RHI:    0. 'NVIDIA GeForce GTX 1050 Ti' (Feature Level 11_0)
[2018.02.10-20.30.22:080][  0]LogD3D11RHI:       4029/0/4095 MB DedicatedVideo/DedicatedSystem/SharedSystem, Outputs:1, VendorId:0x10de
[2018.02.10-20.30.22:089][  0]LogD3D11RHI:    1. 'Microsoft Basic Render Driver' (Feature Level 11_0)
[2018.02.10-20.30.22:089][  0]LogD3D11RHI:       0/0/4095 MB DedicatedVideo/DedicatedSystem/SharedSystem, Outputs:0, VendorId:0x1414
[2018.02.10-20.30.22:089][  0]LogD3D11RHI: Chosen D3D11 Adapter: 0
[2018.02.10-20.30.22:155][  0]LogD3D11RHI: Creating new Direct3DDevice
[2018.02.10-20.30.22:157][  0]LogD3D11RHI:     GPU DeviceId: 0x1c82 (for the marketing name, search the web for "GPU Device Id")
[2018.02.10-20.30.22:157][  0]LogWindows: EnumDisplayDevices:
[2018.02.10-20.30.22:157][  0]LogWindows:    0. 'NVIDIA GeForce GTX 1050 Ti' (P:0 D:0)
[2018.02.10-20.30.22:158][  0]LogWindows:    1. 'NVIDIA GeForce GTX 1050 Ti' (P:1 D:1)
[2018.02.10-20.30.22:159][  0]LogWindows:    2. 'NVIDIA GeForce GTX 1050 Ti' (P:0 D:0)
[2018.02.10-20.30.22:159][  0]LogWindows:    3. 'NVIDIA GeForce GTX 1050 Ti' (P:0 D:0)
[2018.02.10-20.30.22:160][  0]LogWindows: DebugString: FoundDriverCount:4 
[2018.02.10-20.30.22:160][  0]LogD3D11RHI:     Adapter Name: NVIDIA GeForce GTX 1050 Ti
[2018.02.10-20.30.22:160][  0]LogD3D11RHI:   Driver Version: 388.31 (internal:23.21.13.8831, unified:388.31)
[2018.02.10-20.30.22:160][  0]LogD3D11RHI:      Driver Date: 11-14-2017
[2018.02.10-20.30.22:160][  0]LogRHI: Texture pool is 2820 MB (70% of 4029 MB)
[2018.02.10-20.30.22:251][  0]LogD3D11RHI: Async texture creation enabled
[2018.02.10-20.30.22:278][  0]LogD3D11RHI: GPU Timing Frequency: 1000.000000 (Debug: 2 1)
[2018.02.10-20.30.22:338][  0]LogShaderCompilers: Guid format shader working directory is 14 characters bigger than the processId version (../../../../../../UE4/steam/steam/Intermediate/Shaders/WorkingDirectory/108928/).
[2018.02.10-20.30.22:339][  0]LogShaderCompilers: Cleaned the shader compiler working directory 'C:/Users/Polymake/AppData/Local/Temp/UnrealShaderWorkingDir/D34C468B4461782B8471A2AF2332F038/'.
[2018.02.10-20.30.22:339][  0]LogShaderCompilers: Display: Using Local Shader Compiler.
[2018.02.10-20.30.27:462][  0]LogTemp: Display: Loaded TP WindowsClientTargetPlatform
[2018.02.10-20.30.27:722][  0]LogTemp: Display: Loaded TP WindowsNoEditorTargetPlatform
[2018.02.10-20.30.28:016][  0]LogTemp: Display: Loaded TP WindowsServerTargetPlatform
[2018.02.10-20.30.28:323][  0]LogTemp: Display: Loaded TP WindowsTargetPlatform
[2018.02.10-20.30.28:323][  0]LogTargetPlatformManager: Display: Building Assets For Windows
[2018.02.10-20.30.30:986][  0]LogDerivedDataCache: Display: Max Cache Size: 512 MB
[2018.02.10-20.30.31:444][  0]LogDerivedDataCache: Loaded boot cache 0.46s 77MB C:/Users/Polymake/AppData/Local/UnrealEngine/4.18/DerivedDataCache/Boot.ddc.
[2018.02.10-20.30.31:444][  0]LogDerivedDataCache: Display: Loaded Boot cache: C:/Users/Polymake/AppData/Local/UnrealEngine/4.18/DerivedDataCache/Boot.ddc
[2018.02.10-20.30.31:444][  0]LogDerivedDataCache: FDerivedDataBackendGraph:  Pak pak cache file ../../../../../../UE4/steam/steam/DerivedDataCache/DDC.ddp not found, will not use a pak cache.
[2018.02.10-20.30.31:444][  0]LogDerivedDataCache: Unable to find inner node Pak for hierarchical cache Hierarchy.
[2018.02.10-20.30.31:444][  0]LogDerivedDataCache: FDerivedDataBackendGraph:  CompressedPak pak cache file ../../../../../../UE4/steam/steam/DerivedDataCache/Compressed.ddp not found, will not use a pak cache.
[2018.02.10-20.30.31:445][  0]LogDerivedDataCache: Unable to find inner node CompressedPak for hierarchical cache Hierarchy.
[2018.02.10-20.30.31:494][  0]LogDerivedDataCache: Display: Pak cache opened for reading ../../../Engine/DerivedDataCache/Compressed.ddp.
[2018.02.10-20.30.31:514][  0]LogDerivedDataCache: Using Local data cache path C:/Users/Polymake/AppData/Local/UnrealEngine/Common/DerivedDataCache: Writable
[2018.02.10-20.30.31:562][  0]LogMaterial: Verifying Global Shaders for PCD3D_SM5
[2018.02.10-20.30.31:564][  0]LogSlate: Using Freetype 2.6.0
[2018.02.10-20.30.31:566][  0]LogSlate: SlateFontCache - WITH_FREETYPE: 1, WITH_HARFBUZZ: 1
[2018.02.10-20.30.31:566][  0]LogSlate: SlateFontCache - WITH_FREETYPE: 1, WITH_HARFBUZZ: 1
[2018.02.10-20.30.33:268][  0]LogAssetRegistry: FAssetRegistry took 0.0151 seconds to start up
[2018.02.10-20.30.33:502][  0]LogPackageLocalizationCache: Processed 7 localized package path(s) for 2 prioritized culture(s) in 0.234182 seconds
[2018.02.10-20.30.33:935][  0]LogInit: Selected Device Profile: [Windows]
[2018.02.10-20.30.35:586][  0]LogSimplygon: Simplygon DLL not present - disabling.
[2018.02.10-20.30.35:827][  0]LogMeshReduction: Using SimplygonSwarm for distributed automatic mesh merging
[2018.02.10-20.30.35:827][  0]LogMeshReduction: Using QuadricMeshReduction for automatic static mesh reduction
[2018.02.10-20.30.35:827][  0]LogMeshReduction: No automatic skeletal mesh reduction module available
[2018.02.10-20.30.35:827][  0]LogMeshReduction: No automatic mesh merging module available
[2018.02.10-20.30.35:827][  0]LogMeshMerging: No automatic mesh merging module available
[2018.02.10-20.30.35:933][  0]LogNetVersion: MyProject12 , NetCL: 3709383, EngineNetVer: 2, GameNetVer: 0 (Checksum: 3203290924)
[2018.02.10-20.30.44:875][  0]LogMoviePlayer: Initializing movie player
[2018.02.10-20.30.46:360][  0]LogCollectionManager: Loaded 0 collections in 0.004748 seconds
[2018.02.10-20.30.46:485][  0]LogFileCache: Scanning file cache for directory 'C:/UE4/steam/steam/Saved/Collections/' took 0.01s
[2018.02.10-20.30.46:485][  0]LogFileCache: Scanning file cache for directory 'C:/UE4/steam/steam/Content/Developers/Polymake/Collections/' took 0.01s
[2018.02.10-20.30.46:486][  0]LogFileCache: Scanning file cache for directory 'C:/UE4/steam/steam/Content/Collections/' took 0.01s
[2018.02.10-20.30.46:486][  0]LogCollectionManager: Rebuilt the object cache for 0 collections in 0.000001 seconds (found 0 objects)
[2018.02.10-20.30.46:486][  0]LogCollectionManager: Fixed up redirectors for 0 collections in 0.000179 seconds (updated 0 objects)
[2018.02.10-20.30.49:164][  0]SourceControl: Source control is disabled
[2018.02.10-20.30.49:164][  0]SourceControl: Source control is disabled
[2018.02.10-20.30.49:393][  0]SourceControl: Source control is disabled
[2018.02.10-20.30.51:054][  0]LogAndroidPermission: UAndroidPermissionCallbackProxy::GetInstance
[2018.02.10-20.30.52:190][  0]LogOcInput: OculusInput pre-init called
[2018.02.10-20.30.52:636][  0]LogUObjectArray: 38930 objects as part of root set at end of initial load.
[2018.02.10-20.30.52:636][  0]LogUObjectAllocator: 8563128 out of 0 bytes used by permanent object pool.
[2018.02.10-20.30.52:636][  0]LogUObjectArray: CloseDisregardForGC: 0/0 objects in disregard for GC pool
[2018.02.10-20.30.53:006][  0]LogEngine: Initializing Engine...
[2018.02.10-20.30.53:015][  0]LogHMD: Failed to initialize OpenVR with code 110
[2018.02.10-20.30.53:743][  0]LogStats: UGameplayTagsManager::ConstructGameplayTagTree: Construct from data asset -  0.000 s
[2018.02.10-20.30.53:743][  0]LogStats: UGameplayTagsManager::ConstructGameplayTagTree: GameplayTagTreeChangedEvent.Broadcast -  0.000 s
[2018.02.10-20.30.53:810][  0]LogInit: XAudio2 using 'Headset Earphone (Corsair VOID Surround USB Sound Adaptor)' : 2 channels at 48 kHz using 16 bits per sample (channel mask 0x3)
[2018.02.10-20.30.53:881][  0]LogInit: FAudioDevice initialized.
[2018.02.10-20.30.54:144][  0]LogDerivedDataCache: Saved boot cache 0.23s 77MB C:/Users/Polymake/AppData/Local/UnrealEngine/4.18/DerivedDataCache/Boot.ddc.
[2018.02.10-20.30.54:200][  0]LogInit: Texture streaming: Enabled
[2018.02.10-20.30.54:274][  0]LogMaterial: Uniform references updated for custom material expression Custom.
[2018.02.10-20.30.55:657][  0]LogProperty: Error: UStructProperty::Serialize Loading: Property 'StructProperty /Game/UI/MainMenu/optionsMenu.optionsMenu_C:playerInfo'. Unknown structure.
[2018.02.10-20.30.55:663][  0]LogProperty: Error: UStructProperty::Serialize Loading: Property 'StructProperty /Game/Blueprints/allLevels/playerSaveGame.playerSaveGame_C:S_PlayerINfo'. Unknown structure.
[2018.02.10-20.30.55:666][  0]LogClass: Warning: Property S_PlayerINfo of S_PlayerINfo has a struct type mismatch (tag STRUCT_REINST_PlayerInfo_0 != prop FallbackStruct) in package:  ../../../../../../UE4/steam/steam/Content/Blueprints/allLevels/playerSaveGame.uasset. If that struct got renamed, add an entry to ActiveStructRedirects.
[2018.02.10-20.30.55:805][  0]LogClass: Warning: Property playerInfo of playerInfo has a struct type mismatch (tag STRUCT_REINST_PlayerInfo_0 != prop FallbackStruct) in package:  ../../../../../../UE4/steam/steam/Content/UI/MainMenu/optionsMenu.uasset. If that struct got renamed, add an entry to ActiveStructRedirects.
[2018.02.10-20.30.56:036][  0]LogClass: Warning: Property S_PlayerINfo of S_PlayerINfo has a struct type mismatch (tag FallbackStruct != prop PlayerInfo) in package:  FObjectReader. If that struct got renamed, add an entry to ActiveStructRedirects.
[2018.02.10-20.30.56:037][  0]LogClass: Warning: Property playerInfo of playerInfo has a struct type mismatch (tag FallbackStruct != prop PlayerInfo) in package:  FObjectReader. If that struct got renamed, add an entry to ActiveStructRedirects.
[2018.02.10-20.30.56:379][  0]LogInit: Display: Game Engine Initialized.
[2018.02.10-20.30.56:379][  0]LogGameplayTags: Display: UGameplayTagsManager::DoneAddingNativeTags. DelegateIsBound: 0
[2018.02.10-20.30.57:112][  0]LogInit: Display: Starting Game.
[2018.02.10-20.30.57:112][  0]LogNet: Browse: /Game/Maps/mainMenu?Name=Player
[2018.02.10-20.30.57:113][  0]LogLoad: LoadMap: /Game/Maps/mainMenu?Name=Player
[2018.02.10-20.30.57:732][  0]LogAIModule: Creating AISystem for world mainMenu
[2018.02.10-20.30.58:323][  0]LogLoad: Game class is 'TopDownGameMode_C'
[2018.02.10-20.30.58:325][  0]LogWorld: Bringing World /Game/Maps/mainMenu.mainMenu up for play (max tick rate 0) at 2018.02.10-12.30.58
[2018.02.10-20.30.58:326][  0]LogWorld: Bringing up level for play took: 0.001671
[2018.02.10-20.30.58:328][  0]LogGameMode: FindPlayerStart: PATHS NOT DEFINED or NO PLAYERSTART with positive rating
[2018.02.10-20.30.58:341][  0]LogLoad: Took 1.228839 seconds to LoadMap(/Game/Maps/mainMenu)
[2018.02.10-20.30.59:184][  0]LogRenderer: Reallocating scene render targets to support 1920x1080 Format 10 NumSamples 1 (Frame:1).
[2018.02.10-20.30.59:185][  0]LogLoad: (Engine Initialization) Total time: 51.97 seconds
[2018.02.10-20.30.59:185][  0]LogLoad: (Engine Initialization) Total Blueprint compile time: 0.00 seconds
[2018.02.10-20.30.59:185][  0]LogExternalProfiler: No external profilers were discovered.  External profiling features will not be available.
[2018.02.10-20.30.59:213][  0]LogContentStreaming: Texture pool size now 1000 MB
[2018.02.10-20.31.02:538][165]LogSlate: Took 0.001763 seconds to synchronously load lazily loaded font '../../../Engine/Content/Slate/Fonts/Roboto-Regular.ttf' (155K)
[2018.02.10-20.31.06:996][402]LogNetVersion: MyProject12 1.0.0.0, NetCL: 3709383, EngineNetVer: 2, GameNetVer: 0 (Checksum: 878358411)
[2018.02.10-20.31.07:241][414]LogOnline: Verbose: dumping NamedSession: 
[2018.02.10-20.31.07:241][414]LogOnline: Verbose: 	SessionName: GameSession
[2018.02.10-20.31.07:242][414]LogOnline: Verbose: 	HostingPlayerNum: 0
[2018.02.10-20.31.07:242][414]LogOnline: Verbose: 	SessionState: Pending
[2018.02.10-20.31.07:242][414]LogOnline: Verbose: 	RegisteredPlayers: 
[2018.02.10-20.31.07:242][414]LogOnline: Verbose: 	    0 registered players
[2018.02.10-20.31.07:242][414]LogOnline: Verbose: dumping Session: 
[2018.02.10-20.31.07:242][414]LogOnline: Verbose: 	OwningPlayerName: harriswga
[2018.02.10-20.31.07:242][414]LogOnline: Verbose: 	OwningPlayerId: harriswga [0x110000119AC6958]
[2018.02.10-20.31.07:242][414]LogOnline: Verbose: 	NumOpenPrivateConnections: 0
[2018.02.10-20.31.07:242][414]LogOnline: Verbose: 	NumOpenPublicConnections: 1
[2018.02.10-20.31.07:242][414]LogOnline: Verbose: 	SessionInfo: HostIP: INVALID SteamP2P: 76561198390995288:7777 Type: Lobby session SessionId: Lobby [0x1860000DFCDDD9B]
[2018.02.10-20.31.07:242][414]LogOnline: Verbose: dumping SessionSettings: 
[2018.02.10-20.31.07:242][414]LogOnline: Verbose: 	NumPublicConnections: 2
[2018.02.10-20.31.07:242][414]LogOnline: Verbose: 	NumPrivateConnections: 0
[2018.02.10-20.31.07:242][414]LogOnline: Verbose: 	bIsLanMatch: false
[2018.02.10-20.31.07:242][414]LogOnline: Verbose: 	bIsDedicated: false
[2018.02.10-20.31.07:242][414]LogOnline: Verbose: 	bUsesStats: false
[2018.02.10-20.31.07:242][414]LogOnline: Verbose: 	bShouldAdvertise: true
[2018.02.10-20.31.07:242][414]LogOnline: Verbose: 	bAllowJoinInProgress: true
[2018.02.10-20.31.07:242][414]LogOnline: Verbose: 	bAllowInvites: false
[2018.02.10-20.31.07:242][414]LogOnline: Verbose: 	bUsesPresence: true
[2018.02.10-20.31.07:242][414]LogOnline: Verbose: 	bAllowJoinViaPresence: true
[2018.02.10-20.31.07:242][414]LogOnline: Verbose: 	bAllowJoinViaPresenceFriendsOnly: false
[2018.02.10-20.31.07:242][414]LogOnline: Verbose: 	BuildUniqueId: 0x6cd3e102
[2018.02.10-20.31.07:242][414]LogOnline: Verbose: 	Settings:
[2018.02.10-20.31.07:502][414]LogPackageName: SearchForPackageOnDisk took   0.258s to resolve lobby.umap.
[2018.02.10-20.31.07:713][414]LogPackageName: SearchForPackageOnDisk took   0.209s to resolve lobby.umap.
[2018.02.10-20.31.07:713][414]LogNet: Browse: /Game/Maps/lobby?listen
[2018.02.10-20.31.07:713][414]LogLoad: LoadMap: /Game/Maps/lobby?listen
[2018.02.10-20.31.08:328][414]LogProperty: Error: UStructProperty::Serialize Loading: Property 'StructProperty /Game/UI/Lobby/gameSettings.gameSettings_C:ExecuteUbergraph_gameSettings.CallFunc_Array_Get_Item'. Unknown structure.
[2018.02.10-20.31.08:332][414]LogProperty: Error: UStructProperty::Serialize Loading: Property 'StructProperty /Game/UI/Lobby/playerButton.playerButton_C:playerInfo'. Unknown structure.
[2018.02.10-20.31.08:332][414]LogClass: Warning: Property playerInfo of playerInfo has a struct type mismatch (tag STRUCT_REINST_PlayerInfo_0 != prop FallbackStruct) in package:  ../../../../../../UE4/steam/steam/Content/UI/Lobby/playerButton.uasset. If that struct got renamed, add an entry to ActiveStructRedirects.
[2018.02.10-20.31.09:131][414]LogClass: Warning: Property playerInfo of playerInfo has a struct type mismatch (tag FallbackStruct != prop PlayerInfo) in package:  FObjectReader. If that struct got renamed, add an entry to ActiveStructRedirects.
[2018.02.10-20.31.09:731][414]LogAIModule: Creating AISystem for world lobby
[2018.02.10-20.31.09:732][414]LogLoad: Game class is 'lobbyGM_C'
[2018.02.10-20.31.09:732][414]LogTemp: Display: ParseSettings for GameNetDriver
[2018.02.10-20.31.09:732][414]LogTemp: Display: ParseSettings for SteamNetDriver_0
[2018.02.10-20.31.09:732][414]LogTemp: Display: ParseSettings for GameNetDriver
[2018.02.10-20.31.09:733][414]LogNet: Display: SteamNetDriver_0 bound to port 7777
[2018.02.10-20.31.09:733][414]PacketHandlerLog: Loaded PacketHandler component: Engine.EngineHandlerComponentFactory (StatelessConnectHandlerComponent)
[2018.02.10-20.31.09:733][414]LogNet: GameNetDriver SteamNetDriver_0 IpNetDriver listening on port 7777
[2018.02.10-20.31.09:738][414]LogWorld: Bringing World /Game/Maps/lobby.lobby up for play (max tick rate 0) at 2018.02.10-12.31.09
[2018.02.10-20.31.09:738][414]LogWorld: Bringing up level for play took: 0.003969
[2018.02.10-20.31.09:746][414]LogScript: Warning: UGameplayStatics::BeginSpawningActorFromClass: can not spawn an actor from a NULL class
[2018.02.10-20.31.09:764][414]LogGameMode: Display: Match State Changed from EnteringMap to WaitingToStart
[2018.02.10-20.31.09:764][414]LogGameState: Match State Changed from EnteringMap to WaitingToStart
[2018.02.10-20.31.09:764][414]LogGameMode: Display: Match State Changed from WaitingToStart to InProgress
[2018.02.10-20.31.09:766][414]LogGameState: Match State Changed from WaitingToStart to InProgress
[2018.02.10-20.31.09:767][414]LogLoad: Took 2.053549 seconds to LoadMap(/Game/Maps/lobby)
[2018.02.10-20.31.39:894][717]LogAudio: Warning: Waited 70.217606ms for audio thread.
[2018.02.10-20.31.39:906][717]LogAudio: Warning: Waited 83.031883ms for audio thread.
[2018.02.10-20.31.40:233][723]LogAudio: Warning: Waited 70.483788ms for audio thread.
[2018.02.10-20.31.40:268][723]LogAudio: Warning: Waited 105.941483ms for audio thread.
[2018.02.10-20.31.40:303][723]LogAudio: Warning: Waited 140.933258ms for audio thread.
[2018.02.10-20.31.40:338][723]LogAudio: Warning: Waited 175.936050ms for audio thread.
[2018.02.10-20.31.40:373][723]LogAudio: Warning: Waited 210.941010ms for audio thread.
[2018.02.10-20.31.40:382][723]LogAudio: Warning: Waited 220.359680ms for audio thread.
[2018.02.10-20.31.53:610][219]LogPackageName: SearchForPackageOnDisk took   0.196s to resolve mainMenu.umap.
[2018.02.10-20.31.53:611][219]LogGameMode: Display: Match State Changed from InProgress to LeavingMap
[2018.02.10-20.31.53:611][219]LogGameState: Match State Changed from InProgress to LeavingMap
[2018.02.10-20.31.53:851][219]LogPackageName: SearchForPackageOnDisk took   0.240s to resolve mainMenu.umap.
[2018.02.10-20.31.53:851][219]LogNet: Browse: /Game/Maps/mainMenu
[2018.02.10-20.31.53:852][219]LogLoad: LoadMap: /Game/Maps/mainMenu
[2018.02.10-20.31.53:853][219]LogNet: World NetDriver shutdown SteamNetDriver_0 [GameNetDriver]
[2018.02.10-20.31.53:853][219]LogNet: DestroyNamedNetDriver SteamNetDriver_0 [GameNetDriver]
[2018.02.10-20.31.53:853][219]LogExit: GameNetDriver SteamNetDriver_0 shut down
[2018.02.10-20.31.53:854][219]LogScriptCore: Warning: Script Msg: DestroySession - Invalid player state
[2018.02.10-20.31.54:155][219]LogAIModule: Creating AISystem for world mainMenu
[2018.02.10-20.31.54:781][219]LogLoad: Game class is 'TopDownGameMode_C'
[2018.02.10-20.31.54:783][219]LogWorld: Bringing World /Game/Maps/mainMenu.mainMenu up for play (max tick rate 0) at 2018.02.10-12.31.54
[2018.02.10-20.31.54:784][219]LogWorld: Bringing up level for play took: 0.001477
[2018.02.10-20.31.54:786][219]LogGameMode: FindPlayerStart: PATHS NOT DEFINED or NO PLAYERSTART with positive rating
[2018.02.10-20.31.54:793][219]LogLoad: Took 0.941567 seconds to LoadMap(/Game/Maps/mainMenu)
[2018.02.10-20.32.03:863][659]LogOnline: Verbose: dumping NamedSession: 
[2018.02.10-20.32.03:863][659]LogOnline: Verbose: 	SessionName: GameSession
[2018.02.10-20.32.03:863][659]LogOnline: Verbose: 	HostingPlayerNum: 0
[2018.02.10-20.32.03:863][659]LogOnline: Verbose: 	SessionState: Pending
[2018.02.10-20.32.03:863][659]LogOnline: Verbose: 	RegisteredPlayers: 
[2018.02.10-20.32.03:863][659]LogOnline: Verbose: 	    0 registered players
[2018.02.10-20.32.03:863][659]LogOnline: Verbose: dumping Session: 
[2018.02.10-20.32.03:863][659]LogOnline: Verbose: 	OwningPlayerName: harriswga
[2018.02.10-20.32.03:864][659]LogOnline: Verbose: 	OwningPlayerId: harriswga [0x110000119AC6958]
[2018.02.10-20.32.03:864][659]LogOnline: Verbose: 	NumOpenPrivateConnections: 0
[2018.02.10-20.32.03:864][659]LogOnline: Verbose: 	NumOpenPublicConnections: 1
[2018.02.10-20.32.03:864][659]LogOnline: Verbose: 	SessionInfo: HostIP: INVALID SteamP2P: 76561198390995288:7777 Type: Lobby session SessionId: Lobby [0x1860000DFCDE410]
[2018.02.10-20.32.03:864][659]LogOnline: Verbose: dumping SessionSettings: 
[2018.02.10-20.32.03:864][659]LogOnline: Verbose: 	NumPublicConnections: 2
[2018.02.10-20.32.03:864][659]LogOnline: Verbose: 	NumPrivateConnections: 0
[2018.02.10-20.32.03:864][659]LogOnline: Verbose: 	bIsLanMatch: false
[2018.02.10-20.32.03:864][659]LogOnline: Verbose: 	bIsDedicated: false
[2018.02.10-20.32.03:864][659]LogOnline: Verbose: 	bUsesStats: false
[2018.02.10-20.32.03:864][659]LogOnline: Verbose: 	bShouldAdvertise: true
[2018.02.10-20.32.03:864][659]LogOnline: Verbose: 	bAllowJoinInProgress: true
[2018.02.10-20.32.03:864][659]LogOnline: Verbose: 	bAllowInvites: false
[2018.02.10-20.32.03:864][659]LogOnline: Verbose: 	bUsesPresence: true
[2018.02.10-20.32.03:864][659]LogOnline: Verbose: 	bAllowJoinViaPresence: true
[2018.02.10-20.32.03:864][659]LogOnline: Verbose: 	bAllowJoinViaPresenceFriendsOnly: false
[2018.02.10-20.32.03:864][659]LogOnline: Verbose: 	BuildUniqueId: 0x6cd3e102
[2018.02.10-20.32.03:864][659]LogOnline: Verbose: 	Settings:
[2018.02.10-20.32.04:063][659]LogPackageName: SearchForPackageOnDisk took   0.199s to resolve lobby.umap.
[2018.02.10-20.32.04:281][659]LogPackageName: SearchForPackageOnDisk took   0.215s to resolve lobby.umap.
[2018.02.10-20.32.04:281][659]LogNet: Browse: /Game/Maps/lobby?listen
[2018.02.10-20.32.04:281][659]LogLoad: LoadMap: /Game/Maps/lobby?listen
[2018.02.10-20.32.04:872][659]LogProperty: Error: UStructProperty::Serialize Loading: Property 'StructProperty /Game/UI/Lobby/gameSettings.gameSettings_C:ExecuteUbergraph_gameSettings.CallFunc_Array_Get_Item'. Unknown structure.
[2018.02.10-20.32.04:878][659]LogProperty: Error: UStructProperty::Serialize Loading: Property 'StructProperty /Game/UI/Lobby/playerButton.playerButton_C:playerInfo'. Unknown structure.
[2018.02.10-20.32.04:878][659]LogClass: Warning: Property playerInfo of playerInfo has a struct type mismatch (tag STRUCT_REINST_PlayerInfo_0 != prop FallbackStruct) in package:  ../../../../../../UE4/steam/steam/Content/UI/Lobby/playerButton.uasset. If that struct got renamed, add an entry to ActiveStructRedirects.
[2018.02.10-20.32.05:735][659]LogClass: Warning: Property playerInfo of playerInfo has a struct type mismatch (tag FallbackStruct != prop PlayerInfo) in package:  FObjectReader. If that struct got renamed, add an entry to ActiveStructRedirects.
[2018.02.10-20.32.06:342][659]LogAIModule: Creating AISystem for world lobby
[2018.02.10-20.32.06:343][659]LogLoad: Game class is 'lobbyGM_C'
[2018.02.10-20.32.06:343][659]LogTemp: Display: ParseSettings for GameNetDriver
[2018.02.10-20.32.06:343][659]LogTemp: Display: ParseSettings for SteamNetDriver_1
[2018.02.10-20.32.06:344][659]LogTemp: Display: ParseSettings for GameNetDriver
[2018.02.10-20.32.06:344][659]LogNet: Display: SteamNetDriver_1 bound to port 7777
[2018.02.10-20.32.06:344][659]PacketHandlerLog: Loaded PacketHandler component: Engine.EngineHandlerComponentFactory (StatelessConnectHandlerComponent)
[2018.02.10-20.32.06:344][659]LogNet: GameNetDriver SteamNetDriver_1 IpNetDriver listening on port 7777
[2018.02.10-20.32.06:349][659]LogWorld: Bringing World /Game/Maps/lobby.lobby up for play (max tick rate 0) at 2018.02.10-12.32.06
[2018.02.10-20.32.06:349][659]LogWorld: Bringing up level for play took: 0.003521
[2018.02.10-20.32.06:357][659]LogScript: Warning: UGameplayStatics::BeginSpawningActorFromClass: can not spawn an actor from a NULL class
[2018.02.10-20.32.06:375][659]LogGameMode: Display: Match State Changed from EnteringMap to WaitingToStart
[2018.02.10-20.32.06:375][659]LogGameState: Match State Changed from EnteringMap to WaitingToStart
[2018.02.10-20.32.06:375][659]LogGameMode: Display: Match State Changed from WaitingToStart to InProgress
[2018.02.10-20.32.06:376][659]LogGameState: Match State Changed from WaitingToStart to InProgress
[2018.02.10-20.32.06:378][659]LogLoad: Took 2.096271 seconds to LoadMap(/Game/Maps/lobby)
[2018.02.10-20.32.07:957][702]LogAudio: Warning: Waited 70.881958ms for audio thread.
[2018.02.10-20.32.07:992][702]LogAudio: Warning: Waited 106.373085ms for audio thread.
[2018.02.10-20.32.08:027][702]LogAudio: Warning: Waited 141.398300ms for audio thread.
[2018.02.10-20.32.08:062][702]LogAudio: Warning: Waited 176.377762ms for audio thread.
[2018.02.10-20.32.08:098][702]LogAudio: Warning: Waited 211.879898ms for audio thread.
[2018.02.10-20.32.08:130][702]LogAudio: Warning: Waited 244.705307ms for audio thread.
[2018.02.10-20.32.08:178][703]LogAudio: Warning: Waited 40.535709ms for audio thread.
[2018.02.10-20.32.08:246][704]LogAudio: Warning: Waited 62.610703ms for audio thread.
[2018.02.10-20.32.43:814][813]LogPackageName: SearchForPackageOnDisk took   0.241s to resolve mainMenu.umap.
[2018.02.10-20.32.43:816][813]LogGameMode: Display: Match State Changed from InProgress to LeavingMap
[2018.02.10-20.32.43:816][813]LogGameState: Match State Changed from InProgress to LeavingMap
[2018.02.10-20.32.44:040][813]LogPackageName: SearchForPackageOnDisk took   0.221s to resolve mainMenu.umap.
[2018.02.10-20.32.44:040][813]LogNet: Browse: /Game/Maps/mainMenu
[2018.02.10-20.32.44:040][813]LogLoad: LoadMap: /Game/Maps/mainMenu
[2018.02.10-20.32.44:053][813]LogNet: World NetDriver shutdown SteamNetDriver_1 [GameNetDriver]
[2018.02.10-20.32.44:053][813]LogNet: DestroyNamedNetDriver SteamNetDriver_1 [GameNetDriver]
[2018.02.10-20.32.44:053][813]LogExit: GameNetDriver SteamNetDriver_1 shut down
[2018.02.10-20.32.44:055][813]LogScriptCore: Warning: Script Msg: DestroySession - Invalid player state
[2018.02.10-20.32.44:192][813]LogAIModule: Creating AISystem for world mainMenu
[2018.02.10-20.32.45:057][813]LogLoad: Game class is 'TopDownGameMode_C'
[2018.02.10-20.32.45:059][813]LogWorld: Bringing World /Game/Maps/mainMenu.mainMenu up for play (max tick rate 0) at 2018.02.10-12.32.45
[2018.02.10-20.32.45:060][813]LogWorld: Bringing up level for play took: 0.001608
[2018.02.10-20.32.45:061][813]LogGameMode: FindPlayerStart: PATHS NOT DEFINED or NO PLAYERSTART with positive rating
[2018.02.10-20.32.45:067][813]LogLoad: Took 1.026619 seconds to LoadMap(/Game/Maps/mainMenu)
[2018.02.10-20.32.46:295][863]Closing by request
[2018.02.10-20.32.46:295][863]LogWindows: FPlatformMisc::RequestExit(0)
[2018.02.10-20.32.47:284][864]LogWindowsTextInputMethodSystem: Display: IME system now deactivated.
[2018.02.10-20.32.47:370][864]LogExit: Preparing to exit.
[2018.02.10-20.32.47:370][864]LogMoviePlayer: Shutting down movie player
[2018.02.10-20.32.47:540][864]LogExit: Game engine shut down
[2018.02.10-20.32.47:801][864]LogExit: Object subsystem successfully closed.
[2018.02.10-20.32.47:835][864]LogD3D11RHI: Shutdown
[2018.02.10-20.32.47:835][864]LogD3D11RHI: CleanupD3DDevice
[2018.02.10-20.32.47:882][864]LogD3D11RHI: ~FD3D11DynamicRHI
[2018.02.10-20.32.47:936][864]LogModuleManager: Shutting down and abandoning module SequenceRecorderSections (314)
[2018.02.10-20.32.47:936][864]LogModuleManager: Shutting down and abandoning module SequenceRecorder (312)
[2018.02.10-20.32.47:936][864]LogModuleManager: Shutting down and abandoning module AutomationController (310)
[2018.02.10-20.32.47:936][864]LogModuleManager: Shutting down and abandoning module AutomationWorker (308)
[2018.02.10-20.32.47:936][864]LogModuleManager: Shutting down and abandoning module AIModule (306)
[2018.02.10-20.32.47:936][864]LogModuleManager: Shutting down and abandoning module GameplayDebugger (305)
[2018.02.10-20.32.47:936][864]LogModuleManager: Shutting down and abandoning module AITestSuite (303)
[2018.02.10-20.32.47:936][864]LogModuleManager: Shutting down and abandoning module WmfMediaFactory (300)
[2018.02.10-20.32.47:936][864]LogModuleManager: Shutting down and abandoning module OpenExrWrapper (298)
[2018.02.10-20.32.47:936][864]LogModuleManager: Shutting down and abandoning module ImgMediaFactory (296)
[2018.02.10-20.32.47:936][864]LogModuleManager: Shutting down and abandoning module AvfMediaFactory (294)
[2018.02.10-20.32.47:936][864]LogModuleManager: Shutting down and abandoning module CharacterAI (292)
[2018.02.10-20.32.47:936][864]LogModuleManager: Shutting down and abandoning module SessionServices (290)
[2018.02.10-20.32.47:936][864]LogModuleManager: Shutting down and abandoning module MovieSceneCapture (288)
[2018.02.10-20.32.47:936][864]LogModuleManager: Shutting down and abandoning module MovieSceneTracks (286)
[2018.02.10-20.32.47:936][864]LogModuleManager: Shutting down and abandoning module MovieScene (284)
[2018.02.10-20.32.47:936][864]LogModuleManager: Shutting down and abandoning module GeometryCache (282)
[2018.02.10-20.32.47:936][864]LogModuleManager: Shutting down and abandoning module GeometryCacheEd (281)
[2018.02.10-20.32.47:936][864]LogModuleManager: Shutting down and abandoning module StreamingPauseRendering (278)
[2018.02.10-20.32.47:936][864]LogModuleManager: Shutting down and abandoning module PortalServices (276)
[2018.02.10-20.32.47:937][864]LogModuleManager: Shutting down and abandoning module PortalRpc (274)
[2018.02.10-20.32.47:937][864]LogModuleManager: Shutting down and abandoning module MessagingRpc (272)
[2018.02.10-20.32.47:937][864]LogModuleManager: Shutting down and abandoning module ProfilerService (270)
[2018.02.10-20.32.48:201][864]LogModuleManager: Shutting down and abandoning module TaskGraph (268)
[2018.02.10-20.32.48:206][864]LogModuleManager: Shutting down and abandoning module SteamVRController (266)
[2018.02.10-20.32.48:206][864]LogModuleManager: Shutting down and abandoning module ProceduralMeshComponent (264)
[2018.02.10-20.32.48:206][864]LogModuleManager: Shutting down and abandoning module OculusInput (262)
[2018.02.10-20.32.48:206][864]LogModuleManager: Shutting down and abandoning module MobilePatchingUtils (260)
[2018.02.10-20.32.48:206][864]LogModuleManager: Shutting down and abandoning module CustomMeshComponent (258)
[2018.02.10-20.32.48:207][864]LogModuleManager: Shutting down and abandoning module CableComponent (256)
[2018.02.10-20.32.48:207][864]LogModuleManager: Shutting down and abandoning module ArchVisCharacter (254)
[2018.02.10-20.32.48:207][864]LogModuleManager: Shutting down and abandoning module AndroidPermission (252)
[2018.02.10-20.32.48:207][864]LogModuleManager: Shutting down and abandoning module ActorSequence (248)
[2018.02.10-20.32.48:207][864]LogModuleManager: Shutting down and abandoning module MediaCompositing (246)
[2018.02.10-20.32.48:207][864]LogModuleManager: Shutting down and abandoning module HTML5Networking (244)
[2018.02.10-20.32.48:207][864]LogModuleManager: Shutting down and abandoning module VisualStudioSourceCodeAccess (242)
[2018.02.10-20.32.48:209][864]LogModuleManager: Shutting down and abandoning module HotReload (241)
[2018.02.10-20.32.48:210][864]LogModuleManager: Shutting down and abandoning module VisualStudioCodeSourceCodeAccess (238)
[2018.02.10-20.32.48:210][864]LogModuleManager: Shutting down and abandoning module UObjectPlugin (236)
[2018.02.10-20.32.48:210][864]LogModuleManager: Shutting down and abandoning module SubversionSourceControl (234)
[2018.02.10-20.32.48:210][864]LogModuleManager: Shutting down and abandoning module PerforceSourceControl (232)
[2018.02.10-20.32.48:210][864]LogModuleManager: Shutting down and abandoning module SourceControl (231)
[2018.02.10-20.32.48:210][864]LogModuleManager: Shutting down and abandoning module RuntimePhysXCooking (228)
[2018.02.10-20.32.48:210][864]LogModuleManager: Shutting down and abandoning module PhysXVehiclesEditor (226)
[2018.02.10-20.32.48:210][864]LogModuleManager: Shutting down and abandoning module PhysXVehicles (224)
[2018.02.10-20.32.48:210][864]LogModuleManager: Shutting down and abandoning module LocationServicesBPLibrary (222)
[2018.02.10-20.32.48:210][864]LogModuleManager: Shutting down and abandoning module ImmediatePhysicsEditor (220)
[2018.02.10-20.32.48:210][864]LogModuleManager: Shutting down and abandoning module ImmediatePhysics (218)
[2018.02.10-20.32.48:210][864]LogModuleManager: Shutting down and abandoning module UdpMessaging (216)
[2018.02.10-20.32.48:210][864]LogModuleManager: Shutting down and abandoning module TcpMessaging (214)
[2018.02.10-20.32.48:211][864]LogModuleManager: Shutting down and abandoning module GameplayTagsEditor (212)
[2018.02.10-20.32.48:211][864]LogModuleManager: Shutting down and abandoning module FacialAnimation (210)
[2018.02.10-20.32.48:211][864]LogModuleManager: Shutting down and abandoning module AssetManagerEditor (208)
[2018.02.10-20.32.48:211][864]LogModuleManager: Shutting down and abandoning module GraphEditor (207)
[2018.02.10-20.32.48:211][864]LogModuleManager: Shutting down and abandoning module ContentBrowser (205)
[2018.02.10-20.32.48:211][864]LogModuleManager: Shutting down and abandoning module CollectionManager (204)
[2018.02.10-20.32.48:211][864]LogDirectoryWatcher: A directory notification for 'C:/UE4/steam/steam/Content/Collections/' was aborted.
[2018.02.10-20.32.48:211][864]LogDirectoryWatcher: A directory notification for 'C:/UE4/steam/steam/Content/Developers/Polymake/Collections/' was aborted.
[2018.02.10-20.32.48:212][864]LogDirectoryWatcher: A directory notification for 'C:/UE4/steam/steam/Saved/Collections/' was aborted.
[2018.02.10-20.32.48:212][864]LogModuleManager: Shutting down and abandoning module DirectoryWatcher (203)
[2018.02.10-20.32.48:214][864]LogModuleManager: Shutting down and abandoning module LightPropagationVolumeRuntime (198)
[2018.02.10-20.32.48:214][864]LogModuleManager: Shutting down and abandoning module Paper2D (196)
[2018.02.10-20.32.48:214][864]LogModuleManager: Shutting down and abandoning module WindowsMoviePlayer (194)
[2018.02.10-20.32.48:214][864]LogModuleManager: Shutting down and abandoning module WmfMedia (192)
[2018.02.10-20.32.48:214][864]LogModuleManager: Shutting down and abandoning module ImgMedia (190)
[2018.02.10-20.32.48:214][864]LogModuleManager: Shutting down and abandoning module PacketHandler (188)
[2018.02.10-20.32.48:214][864]LogModuleManager: Shutting down and abandoning module ClothingSystemEditor (186)
[2018.02.10-20.32.48:214][864]LogModuleManager: Shutting down and abandoning module ClothingSystemRuntime (184)
[2018.02.10-20.32.48:214][864]LogModuleManager: Shutting down and abandoning module MediaAssets (182)
[2018.02.10-20.32.48:214][864]LogModuleManager: Shutting down and abandoning module Media (181)
[2018.02.10-20.32.48:220][864]LogModuleManager: Shutting down and abandoning module Overlay (178)
[2018.02.10-20.32.48:220][864]LogModuleManager: Shutting down and abandoning module OverlayEditor (177)
[2018.02.10-20.32.48:220][864]LogModuleManager: Shutting down and abandoning module VREditor (174)
[2018.02.10-20.32.48:220][864]LogModuleManager: Shutting down and abandoning module StringTableEditor (172)
[2018.02.10-20.32.48:220][864]LogModuleManager: Shutting down and abandoning module GameplayTasksEditor (170)
[2018.02.10-20.32.48:220][864]LogModuleManager: Shutting down and abandoning module BehaviorTreeEditor (168)
[2018.02.10-20.32.48:221][864]LogModuleManager: Shutting down and abandoning module FunctionalTesting (166)
[2018.02.10-20.32.48:221][864]LogModuleManager: Shutting down and abandoning module CollisionAnalyzer (164)
[2018.02.10-20.32.48:221][864]LogModuleManager: Shutting down and abandoning module WorkspaceMenuStructure (163)
[2018.02.10-20.32.48:221][864]LogModuleManager: Shutting down and abandoning module UMG (160)
[2018.02.10-20.32.48:221][864]LogModuleManager: Shutting down and abandoning module UMGEditor (159)
[2018.02.10-20.32.48:221][864]LogModuleManager: Shutting down and abandoning module Sequencer (158)
[2018.02.10-20.32.48:221][864]LogModuleManager: Shutting down and abandoning module MessageLog (155)
[2018.02.10-20.32.48:221][864]LogModuleManager: Shutting down and abandoning module SlateReflector (150)
[2018.02.10-20.32.48:221][864]LogModuleManager: Shutting down and abandoning module Slate (148)
[2018.02.10-20.32.48:221][864]LogModuleManager: Shutting down and abandoning module EditorStyle (146)
[2018.02.10-20.32.48:234][864]LogModuleManager: Shutting down and abandoning module MRMesh (144)
[2018.02.10-20.32.48:234][864]LogModuleManager: Shutting down and abandoning module Messaging (142)
[2018.02.10-20.32.48:234][864]LogModuleManager: Shutting down and abandoning module SourceCodeAccess (140)
[2018.02.10-20.32.48:234][864]LogModuleManager: Shutting down and abandoning module HeadMountedDisplay (138)
[2018.02.10-20.32.48:234][864]LogModuleManager: Shutting down and abandoning module XAudio2 (136)
[2018.02.10-20.32.48:234][864]LogModuleManager: Shutting down and abandoning module Networking (134)
[2018.02.10-20.32.48:234][864]LogModuleManager: Shutting down and abandoning module Core (132)
[2018.02.10-20.32.48:234][864]LogModuleManager: Shutting down and abandoning module LevelSequence (130)
[2018.02.10-20.32.48:234][864]LogModuleManager: Shutting down and abandoning module KismetCompiler (128)
[2018.02.10-20.32.48:234][864]LogModuleManager: Shutting down and abandoning module MeshUtilities (126)
[2018.02.10-20.32.48:235][864]LogModuleManager: Shutting down and abandoning module MeshMergeUtilities (125)
[2018.02.10-20.32.48:236][864]LogModuleManager: Shutting down and abandoning module MeshReductionInterface (124)
[2018.02.10-20.32.48:236][864]LogModuleManager: Shutting down and abandoning module SimplygonSwarm (123)
[2018.02.10-20.32.48:236][864]LogModuleManager: Shutting down and abandoning module SimplygonMeshReduction (121)
[2018.02.10-20.32.48:236][864]LogModuleManager: Shutting down and abandoning module QuadricMeshReduction (119)
[2018.02.10-20.32.48:236][864]LogModuleManager: Shutting down and abandoning module MaterialBaking (115)
[2018.02.10-20.32.48:236][864]LogModuleManager: Shutting down and abandoning module DerivedDataCache (110)
[2018.02.10-20.32.48:321][864]LogDerivedDataCache: Shutdown
[2018.02.10-20.32.48:321][864]LogModuleManager: Shutting down and abandoning module TargetPlatform (108)
[2018.02.10-20.32.48:321][864]LogModuleManager: Shutting down and abandoning module VulkanShaderFormat (107)
[2018.02.10-20.32.48:321][864]LogModuleManager: Shutting down and abandoning module ShaderFormatVectorVM (105)
[2018.02.10-20.32.48:321][864]LogModuleManager: Shutting down and abandoning module ShaderFormatOpenGL (103)
[2018.02.10-20.32.48:321][864]LogModuleManager: Shutting down and abandoning module ShaderFormatD3D (101)
[2018.02.10-20.32.48:321][864]LogModuleManager: Shutting down and abandoning module MetalShaderFormat (99)
[2018.02.10-20.32.48:321][864]LogModuleManager: Shutting down and abandoning module TextureFormatUncompressed (97)
[2018.02.10-20.32.48:321][864]LogModuleManager: Shutting down and abandoning module TextureFormatPVR (95)
[2018.02.10-20.32.48:321][864]LogModuleManager: Shutting down and abandoning module TextureFormatDXT (93)
[2018.02.10-20.32.48:321][864]LogModuleManager: Shutting down and abandoning module TextureFormatIntelISPCTexComp (91)
[2018.02.10-20.32.48:321][864]LogModuleManager: Shutting down and abandoning module TextureFormatASTC (89)
[2018.02.10-20.32.48:321][864]LogModuleManager: Shutting down and abandoning module ImageWrapper (88)
[2018.02.10-20.32.48:321][864]LogModuleManager: Shutting down and abandoning module TextureFormatAndroid (85)
[2018.02.10-20.32.48:322][864]LogModuleManager: Shutting down and abandoning module AudioFormatOpus (83)
[2018.02.10-20.32.48:322][864]LogModuleManager: Shutting down and abandoning module AudioFormatOgg (81)
[2018.02.10-20.32.48:322][864]LogModuleManager: Shutting down and abandoning module AudioFormatADPCM (79)
[2018.02.10-20.32.48:322][864]LogModuleManager: Shutting down and abandoning module WindowsTargetPlatform (77)
[2018.02.10-20.32.48:322][864]LogModuleManager: Shutting down and abandoning module WindowsServerTargetPlatform (75)
[2018.02.10-20.32.48:322][864]LogModuleManager: Shutting down and abandoning module WindowsNoEditorTargetPlatform (73)
[2018.02.10-20.32.48:322][864]LogModuleManager: Shutting down and abandoning module WindowsClientTargetPlatform (71)
[2018.02.10-20.32.48:322][864]LogModuleManager: Shutting down and abandoning module InputCore (68)
[2018.02.10-20.32.48:322][864]LogModuleManager: Shutting down and abandoning module Settings (66)
[2018.02.10-20.32.48:322][864]LogModuleManager: Shutting down and abandoning module PhysXCooking (64)
[2018.02.10-20.32.48:322][864]LogModuleManager: Shutting down and abandoning module SteamVR (62)
[2018.02.10-20.32.48:322][864]LogModuleManager: Shutting down and abandoning module OculusHMD (60)
[2018.02.10-20.32.48:322][864]LogModuleManager: Shutting down and abandoning module ExampleDeviceProfileSelector (58)
[2018.02.10-20.32.48:322][864]LogModuleManager: Shutting down and abandoning module AppleARKit (56)
[2018.02.10-20.32.48:322][864]LogModuleManager: Shutting down and abandoning module AugmentedReality (55)
[2018.02.10-20.32.48:322][864]LogModuleManager: Shutting down and abandoning module OnlineBlueprintSupport (52)
[2018.02.10-20.32.48:322][864]LogModuleManager: Shutting down and abandoning module OnlineSubsystem (48)
[2018.02.10-20.32.48:322][864]LogOnline: Display: STEAM: OnlineSubsystemSteam::Shutdown()
[2018.02.10-20.32.48:322][864]LogOnline: Display: OSS: FOnlineAsyncTaskManager::Stop() ActiveTask:0000000000000000 Tasks[0/0]
[2018.02.10-20.32.48:400][864]LogOnline: Display: OSS: FOnlineAsyncTaskManager::Exit() started
[2018.02.10-20.32.48:400][864]LogOnline: Display: OSS: FOnlineAsyncTaskManager::Exit() finished
[2018.02.10-20.32.48:400][864]LogOnline: Display: STEAM: OnlineSubsystemSteam::Shutdown()
[2018.02.10-20.32.48:401][864]LogModuleManager: Shutting down and abandoning module XMPP (43)
[2018.02.10-20.32.48:401][864]LogModuleManager: Shutting down and abandoning module HTTP (41)
[2018.02.10-20.32.48:412][864]LogModuleManager: Shutting down and abandoning module SSL (40)
[2018.02.10-20.32.48:415][864]LogModuleManager: Shutting down and abandoning module AnimationModifiers (36)
[2018.02.10-20.32.48:415][864]LogModuleManager: Shutting down and abandoning module PropertyEditor (35)
[2018.02.10-20.32.48:415][864]LogModuleManager: Shutting down and abandoning module AudioEditor (32)
[2018.02.10-20.32.48:415][864]LogModuleManager: Shutting down and abandoning module TextureCompressor (30)
[2018.02.10-20.32.48:415][864]LogModuleManager: Shutting down and abandoning module ShaderCore (28)
[2018.02.10-20.32.48:415][864]LogModuleManager: Shutting down and abandoning module Landscape (26)
[2018.02.10-20.32.48:415][864]LogModuleManager: Shutting down and abandoning module SlateRHIRenderer (24)
[2018.02.10-20.32.48:417][864]LogModuleManager: Shutting down and abandoning module OpenGLDrv (22)
[2018.02.10-20.32.48:418][864]LogModuleManager: Shutting down and abandoning module D3D11RHI (20)
[2018.02.10-20.32.48:418][864]LogModuleManager: Shutting down and abandoning module AnimGraphRuntime (18)
[2018.02.10-20.32.48:418][864]LogModuleManager: Shutting down and abandoning module Renderer (16)
[2018.02.10-20.32.48:418][864]LogModuleManager: Shutting down and abandoning module Engine (14)
[2018.02.10-20.32.48:418][864]LogModuleManager: Shutting down and abandoning module CoreUObject (12)
[2018.02.10-20.32.48:418][864]LogModuleManager: Shutting down and abandoning module NetworkFile (10)
[2018.02.10-20.32.48:418][864]LogModuleManager: Shutting down and abandoning module CookedIterativeFile (8)
[2018.02.10-20.32.48:418][864]LogModuleManager: Shutting down and abandoning module StreamingFile (6)
[2018.02.10-20.32.48:418][864]LogModuleManager: Shutting down and abandoning module SandboxFile (4)
[2018.02.10-20.32.48:418][864]LogModuleManager: Shutting down and abandoning module PakFile (2)
[2018.02.10-20.32.48:445][864]LogExit: Exiting.
[2018.02.10-20.32.48:472][864]Log file closed, 02/10/18 12:32:48
