Log file open, 04/02/18 11:24:03
LogWindows: Failed to load 'aqProf.dll' (GetLastError=126)
LogWindows: File 'aqProf.dll' does not exist
LogWindows: Failed to load 'VSPerf140.dll' (GetLastError=126)
LogWindows: File 'VSPerf140.dll' does not exist
LogWindows: Failed to load 'VtuneApi.dll' (GetLastError=126)
LogWindows: File 'VtuneApi.dll' does not exist
LogWindows: Failed to load 'VtuneApi32e.dll' (GetLastError=126)
LogWindows: File 'VtuneApi32e.dll' does not exist
LogInit: Display: Running engine for game: MyProject12
LogPlatformFile: Not using cached read wrapper
LogInit: Display: RandInit(-878486253) SRandInit(-878486253).
LogInit: Read version file with build ID '3709383'
LogInit: Overriding engine version to CL 3794801, compatible CL 3709383
LogInit: Registered custom module enumerator with build ID '3709383'
LogTaskGraph: Started task graph with 5 named threads and 14 total threads with 3 sets of task threads.
LogStats: Stats thread started at 0.163928
LogD3D11RHI: Aftermath initialized
LogModuleManager: Display: Found up-to-date module file ../../../Engine/Plugins/Online/OnlineSubsystemSteam/Binaries/Win64/UE4Editor-OnlineSubsystemSteam.dll (API version 3709383).
LogModuleManager: Display: Found up-to-date module file ../../../Engine/Plugins/Online/OnlineSubsystem/Binaries/Win64/UE4Editor-OnlineSubsystem.dll (API version 3709383).
LogModuleManager: Display: Found up-to-date module file ../../../Engine/Plugins/Online/OnlineSubsystemUtils/Binaries/Win64/UE4Editor-OnlineSubsystemUtils.dll (API version 3709383).
LogModuleManager: Display: Found up-to-date module file ../../../Engine/Plugins/Online/OnlineSubsystemUtils/Binaries/Win64/UE4Editor-OnlineBlueprintSupport.dll (API version 3709383).
LogModuleManager: Display: Found up-to-date module file ../../../Engine/Plugins/2D/Paper2D/Binaries/Win64/UE4Editor-Paper2D.dll (API version 3709383).
LogModuleManager: Display: Found up-to-date module file ../../../Engine/Plugins/2D/Paper2D/Binaries/Win64/UE4Editor-Paper2DEditor.dll (API version 3709383).
LogModuleManager: Display: Found up-to-date module file ../../../Engine/Plugins/2D/Paper2D/Binaries/Win64/UE4Editor-PaperSpriteSheetImporter.dll (API version 3709383).
LogModuleManager: Display: Found up-to-date module file ../../../Engine/Plugins/2D/Paper2D/Binaries/Win64/UE4Editor-PaperTiledImporter.dll (API version 3709383).
LogModuleManager: Display: Found up-to-date module file ../../../Engine/Plugins/2D/Paper2D/Binaries/Win64/UE4Editor-SmartSnapping.dll (API version 3709383).
LogModuleManager: Display: Found up-to-date module file ../../../Engine/Plugins/Blendables/LightPropagationVolume/Binaries/Win64/UE4Editor-LightPropagationVolumeRuntime.dll (API version 3709383).
LogModuleManager: Display: Found up-to-date module file ../../../Engine/Plugins/Blendables/LightPropagationVolume/Binaries/Win64/UE4Editor-LightPropagationVolumeEditor.dll (API version 3709383).
LogModuleManager: Display: Found up-to-date module file ../../../Engine/Plugins/Developer/GitSourceControl/Binaries/Win64/UE4Editor-GitSourceControl.dll (API version 3709383).
LogModuleManager: Display: Found up-to-date module file ../../../Engine/Plugins/Developer/PerforceSourceControl/Binaries/Win64/UE4Editor-PerforceSourceControl.dll (API version 3709383).
LogModuleManager: Display: Found up-to-date module file ../../../Engine/Plugins/Developer/SubversionSourceControl/Binaries/Win64/UE4Editor-SubversionSourceControl.dll (API version 3709383).
LogModuleManager: Display: Found up-to-date module file ../../../Engine/Plugins/Developer/UObjectPlugin/Binaries/Win64/UE4Editor-UObjectPlugin.dll (API version 3709383).
LogModuleManager: Display: Found up-to-date module file ../../../Engine/Plugins/Developer/VisualStudioCodeSourceCodeAccess/Binaries/Win64/UE4Editor-VisualStudioCodeSourceCodeAccess.dll (API version 3709383).
LogModuleManager: Display: Found up-to-date module file ../../../Engine/Plugins/Developer/VisualStudioSourceCodeAccess/Binaries/Win64/UE4Editor-VisualStudioSourceCodeAccess.dll (API version 3709383).
LogModuleManager: Display: Found up-to-date module file ../../../Engine/Plugins/Editor/AssetManagerEditor/Binaries/Win64/UE4Editor-AssetManagerEditor.dll (API version 3709383).
LogModuleManager: Display: Found up-to-date module file ../../../Engine/Plugins/Editor/AudioCapture/Binaries/Win64/UE4Editor-AudioCapture.dll (API version 3709383).
LogModuleManager: Display: Found up-to-date module file ../../../Engine/Plugins/Editor/FacialAnimation/Binaries/Win64/UE4Editor-FacialAnimation.dll (API version 3709383).
LogModuleManager: Display: Found up-to-date module file ../../../Engine/Plugins/Editor/FacialAnimation/Binaries/Win64/UE4Editor-FacialAnimationEditor.dll (API version 3709383).
LogModuleManager: Display: Found up-to-date module file ../../../Engine/Plugins/Editor/GameplayTagsEditor/Binaries/Win64/UE4Editor-GameplayTagsEditor.dll (API version 3709383).
LogModuleManager: Display: Found up-to-date module file ../../../Engine/Plugins/Editor/MobileLauncherProfileWizard/Binaries/Win64/UE4Editor-MobileLauncherProfileWizard.dll (API version 3709383).
LogModuleManager: Display: Found up-to-date module file ../../../Engine/Plugins/Editor/PluginBrowser/Binaries/Win64/UE4Editor-PluginBrowser.dll (API version 3709383).
LogModuleManager: Display: Found up-to-date module file ../../../Engine/Plugins/Editor/SpeedTreeImporter/Binaries/Win64/UE4Editor-SpeedTreeImporter.dll (API version 3709383).
LogModuleManager: Display: Found up-to-date module file ../../../Engine/Plugins/Experimental/AlembicImporter/Binaries/Win64/UE4Editor-AlembicImporter.dll (API version 3709383).
LogModuleManager: Display: Found up-to-date module file ../../../Engine/Plugins/Experimental/AlembicImporter/Binaries/Win64/UE4Editor-AlembicLibrary.dll (API version 3709383).
LogModuleManager: Display: Found up-to-date module file ../../../Engine/Plugins/Experimental/CharacterAI/Binaries/Win64/UE4Editor-CharacterAI.dll (API version 3709383).
LogModuleManager: Display: Found up-to-date module file ../../../Engine/Plugins/Experimental/HTML5Networking/Binaries/Win64/UE4Editor-HTML5Networking.dll (API version 3709383).
LogModuleManager: Display: Found up-to-date module file ../../../Engine/Plugins/Media/AndroidMedia/Binaries/Win64/UE4Editor-AndroidMediaEditor.dll (API version 3709383).
LogModuleManager: Display: Found up-to-date module file ../../../Engine/Plugins/Media/AndroidMedia/Binaries/Win64/UE4Editor-AndroidMediaFactory.dll (API version 3709383).
LogModuleManager: Display: Found up-to-date module file ../../../Engine/Plugins/Media/AvfMedia/Binaries/Win64/UE4Editor-AvfMediaEditor.dll (API version 3709383).
LogModuleManager: Display: Found up-to-date module file ../../../Engine/Plugins/Media/AvfMedia/Binaries/Win64/UE4Editor-AvfMediaFactory.dll (API version 3709383).
LogModuleManager: Display: Found up-to-date module file ../../../Engine/Plugins/Media/AvfMedia/Binaries/Win64/UE4Editor-AvfMediaFactory.dll (API version 3709383).
LogModuleManager: Display: Found up-to-date module file ../../../Engine/Plugins/Media/ImgMedia/Binaries/Win64/UE4Editor-ImgMedia.dll (API version 3709383).
LogModuleManager: Display: Found up-to-date module file ../../../Engine/Plugins/Media/ImgMedia/Binaries/Win64/UE4Editor-ImgMediaEditor.dll (API version 3709383).
LogModuleManager: Display: Found up-to-date module file ../../../Engine/Plugins/Media/ImgMedia/Binaries/Win64/UE4Editor-ImgMediaFactory.dll (API version 3709383).
LogModuleManager: Display: Found up-to-date module file ../../../Engine/Plugins/Media/ImgMedia/Binaries/Win64/UE4Editor-ImgMediaFactory.dll (API version 3709383).
LogModuleManager: Display: Found up-to-date module file ../../../Engine/Plugins/Media/ImgMedia/Binaries/Win64/UE4Editor-OpenExrWrapper.dll (API version 3709383).
LogModuleManager: Display: Found up-to-date module file ../../../Engine/Plugins/Media/MediaCompositing/Binaries/Win64/UE4Editor-MediaCompositing.dll (API version 3709383).
LogModuleManager: Display: Found up-to-date module file ../../../Engine/Plugins/Media/MediaCompositing/Binaries/Win64/UE4Editor-MediaCompositingEditor.dll (API version 3709383).
LogModuleManager: Display: Found up-to-date module file ../../../Engine/Plugins/Media/MediaPlayerEditor/Binaries/Win64/UE4Editor-MediaPlayerEditor.dll (API version 3709383).
LogModuleManager: Display: Found up-to-date module file ../../../Engine/Plugins/Media/WmfMedia/Binaries/Win64/UE4Editor-WmfMedia.dll (API version 3709383).
LogModuleManager: Display: Found up-to-date module file ../../../Engine/Plugins/Media/WmfMedia/Binaries/Win64/UE4Editor-WmfMediaEditor.dll (API version 3709383).
LogModuleManager: Display: Found up-to-date module file ../../../Engine/Plugins/Media/WmfMedia/Binaries/Win64/UE4Editor-WmfMediaFactory.dll (API version 3709383).
LogModuleManager: Display: Found up-to-date module file ../../../Engine/Plugins/Media/WmfMedia/Binaries/Win64/UE4Editor-WmfMediaFactory.dll (API version 3709383).
LogModuleManager: Display: Found up-to-date module file ../../../Engine/Plugins/Messaging/TcpMessaging/Binaries/Win64/UE4Editor-TcpMessaging.dll (API version 3709383).
LogModuleManager: Display: Found up-to-date module file ../../../Engine/Plugins/Messaging/UdpMessaging/Binaries/Win64/UE4Editor-UdpMessaging.dll (API version 3709383).
LogModuleManager: Display: Found up-to-date module file ../../../Engine/Plugins/MovieScene/ActorSequence/Binaries/Win64/UE4Editor-ActorSequence.dll (API version 3709383).
LogModuleManager: Display: Found up-to-date module file ../../../Engine/Plugins/MovieScene/LevelSequenceEditor/Binaries/Win64/UE4Editor-LevelSequenceEditor.dll (API version 3709383).
LogModuleManager: Display: Found up-to-date module file ../../../Engine/Plugins/MovieScene/MatineeToLevelSequence/Binaries/Win64/UE4Editor-MatineeToLevelSequence.dll (API version 3709383).
LogModuleManager: Display: Found up-to-date module file ../../../Engine/Plugins/Runtime/AndroidPermission/Binaries/Win64/UE4Editor-AndroidPermission.dll (API version 3709383).
LogModuleManager: Display: Found up-to-date module file ../../../Engine/Plugins/Online/OnlineSubsystemNull/Binaries/Win64/UE4Editor-OnlineSubsystemNull.dll (API version 3709383).
LogModuleManager: Display: Found up-to-date module file ../../../Engine/Plugins/Runtime/AndroidDeviceProfileSelector/Binaries/Win64/UE4Editor-AndroidDeviceProfileSelector.dll (API version 3709383).
LogModuleManager: Display: Found up-to-date module file ../../../Engine/Plugins/Runtime/AppleARKit/Binaries/Win64/UE4Editor-AppleARKit.dll (API version 3709383).
LogModuleManager: Display: Found up-to-date module file ../../../Engine/Plugins/Runtime/ArchVisCharacter/Binaries/Win64/UE4Editor-ArchVisCharacter.dll (API version 3709383).
LogModuleManager: Display: Found up-to-date module file ../../../Engine/Plugins/Runtime/CableComponent/Binaries/Win64/UE4Editor-CableComponent.dll (API version 3709383).
LogModuleManager: Display: Found up-to-date module file ../../../Engine/Plugins/Runtime/CustomMeshComponent/Binaries/Win64/UE4Editor-CustomMeshComponent.dll (API version 3709383).
LogModuleManager: Display: Found up-to-date module file ../../../Engine/Plugins/Runtime/ExampleDeviceProfileSelector/Binaries/Win64/UE4Editor-ExampleDeviceProfileSelector.dll (API version 3709383).
LogModuleManager: Display: Found up-to-date module file ../../../Engine/Plugins/Runtime/ImmediatePhysics/Binaries/Win64/UE4Editor-ImmediatePhysics.dll (API version 3709383).
LogModuleManager: Display: Found up-to-date module file ../../../Engine/Plugins/Runtime/ImmediatePhysics/Binaries/Win64/UE4Editor-ImmediatePhysicsEditor.dll (API version 3709383).
LogModuleManager: Display: Found up-to-date module file ../../../Engine/Plugins/Runtime/LocationServicesBPLibrary/Binaries/Win64/UE4Editor-LocationServicesBPLibrary.dll (API version 3709383).
LogModuleManager: Display: Found up-to-date module file ../../../Engine/Plugins/Runtime/MobilePatchingUtils/Binaries/Win64/UE4Editor-MobilePatchingUtils.dll (API version 3709383).
LogModuleManager: Display: Found up-to-date module file ../../../Engine/Plugins/Runtime/Oculus/OculusVR/Binaries/Win64/UE4Editor-OculusHMD.dll (API version 3709383).
LogModuleManager: Display: Found up-to-date module file ../../../Engine/Plugins/Runtime/Oculus/OculusVR/Binaries/Win64/UE4Editor-OculusInput.dll (API version 3709383).
LogModuleManager: Display: Found up-to-date module file ../../../Engine/Plugins/Runtime/Oculus/OculusVR/Binaries/Win64/UE4Editor-OculusEditor.dll (API version 3709383).
LogModuleManager: Display: Found up-to-date module file ../../../Engine/Plugins/Runtime/PhysXVehicles/Binaries/Win64/UE4Editor-PhysXVehicles.dll (API version 3709383).
LogModuleManager: Display: Found up-to-date module file ../../../Engine/Plugins/Runtime/PhysXVehicles/Binaries/Win64/UE4Editor-PhysXVehiclesEditor.dll (API version 3709383).
LogModuleManager: Display: Found up-to-date module file ../../../Engine/Plugins/Runtime/ProceduralMeshComponent/Binaries/Win64/UE4Editor-ProceduralMeshComponent.dll (API version 3709383).
LogModuleManager: Display: Found up-to-date module file ../../../Engine/Plugins/Runtime/ProceduralMeshComponent/Binaries/Win64/UE4Editor-ProceduralMeshComponentEditor.dll (API version 3709383).
LogModuleManager: Display: Found up-to-date module file ../../../Engine/Plugins/Runtime/RuntimePhysXCooking/Binaries/Win64/UE4Editor-RuntimePhysXCooking.dll (API version 3709383).
LogModuleManager: Display: Found up-to-date module file ../../../Engine/Plugins/Runtime/Steam/SteamVR/Binaries/Win64/UE4Editor-SteamVR.dll (API version 3709383).
LogModuleManager: Display: Found up-to-date module file ../../../Engine/Plugins/Runtime/Steam/SteamVR/Binaries/Win64/UE4Editor-SteamVRController.dll (API version 3709383).
LogModuleManager: Display: Found up-to-date module file ../../../Engine/Plugins/Runtime/WindowsMoviePlayer/Binaries/Win64/UE4Editor-WindowsMoviePlayer.dll (API version 3709383).
LogPluginManager: Mounting plugin Paper2D
LogPluginManager: Mounting plugin LightPropagationVolume
LogPluginManager: Mounting plugin CodeLiteSourceCodeAccess
LogPluginManager: Mounting plugin GitSourceControl
LogPluginManager: Mounting plugin KDevelopSourceCodeAccess
LogPluginManager: Mounting plugin NullSourceCodeAccess
LogPluginManager: Mounting plugin PerforceSourceControl
LogPluginManager: Mounting plugin SubversionSourceControl
LogPluginManager: Mounting plugin UObjectPlugin
LogPluginManager: Mounting plugin VisualStudioCodeSourceCodeAccess
LogPluginManager: Mounting plugin VisualStudioSourceCodeAccess
LogPluginManager: Mounting plugin XCodeSourceCodeAccess
LogPluginManager: Mounting plugin AssetManagerEditor
LogPluginManager: Mounting plugin AudioCapture
LogPluginManager: Mounting plugin FacialAnimation
LogPluginManager: Mounting plugin GameplayTagsEditor
LogPluginManager: Mounting plugin MobileLauncherProfileWizard
LogPluginManager: Mounting plugin PluginBrowser
LogPluginManager: Mounting plugin SpeedTreeImporter
LogPluginManager: Mounting plugin AlembicImporter
LogPluginManager: Mounting plugin CharacterAI
LogPluginManager: Mounting plugin HTML5Networking
LogPluginManager: Mounting plugin AndroidMedia
LogPluginManager: Mounting plugin AvfMedia
LogPluginManager: Mounting plugin ImgMedia
LogPluginManager: Mounting plugin MediaCompositing
LogPluginManager: Mounting plugin MediaPlayerEditor
LogPluginManager: Mounting plugin WmfMedia
LogPluginManager: Mounting plugin TcpMessaging
LogPluginManager: Mounting plugin UdpMessaging
LogPluginManager: Mounting plugin ActorSequence
LogPluginManager: Mounting plugin LevelSequenceEditor
LogPluginManager: Mounting plugin MatineeToLevelSequence
LogPluginManager: Mounting plugin OnlineSubsystemGooglePlay
LogPluginManager: Mounting plugin OnlineSubsystemIOS
LogPluginManager: Mounting plugin OnlineSubsystem
LogPluginManager: Mounting plugin OnlineSubsystemNull
LogPluginManager: Mounting plugin OnlineSubsystemSteam
LogPluginManager: Mounting plugin OnlineSubsystemUtils
LogPluginManager: Mounting plugin AndroidDeviceProfileSelector
LogPluginManager: Mounting plugin AndroidMoviePlayer
LogPluginManager: Mounting plugin AndroidPermission
LogPluginManager: Mounting plugin AppleARKit
LogPluginManager: Mounting plugin AppleMoviePlayer
LogPluginManager: Mounting plugin ArchVisCharacter
LogPluginManager: Mounting plugin CableComponent
LogPluginManager: Mounting plugin CustomMeshComponent
LogPluginManager: Mounting plugin ExampleDeviceProfileSelector
LogPluginManager: Mounting plugin GoogleCloudMessaging
LogPluginManager: Mounting plugin ImmediatePhysics
LogPluginManager: Mounting plugin IOSDeviceProfileSelector
LogPluginManager: Mounting plugin LinuxDeviceProfileSelector
LogPluginManager: Mounting plugin LocationServicesBPLibrary
LogPluginManager: Mounting plugin MobilePatchingUtils
LogPluginManager: Mounting plugin OculusVR
LogPluginManager: Plugin shader directory ../../../Engine/Plugins/Runtime/Oculus/OculusVR/Shaders found
LogPluginManager: Mapping shader source directory ../../../Engine/Plugins/Runtime/Oculus/OculusVR/Shaders to virtual directory /Plugin/OculusVR
LogPluginManager: Mounting plugin PhysXVehicles
LogPluginManager: Mounting plugin ProceduralMeshComponent
LogPluginManager: Mounting plugin RuntimePhysXCooking
LogPluginManager: Mounting plugin SteamVR
LogPluginManager: Mounting plugin WindowsMoviePlayer
LogInit: Using libcurl 7.47.1
LogInit:  - built for x86_64-pc-win32
LogInit:  - supports SSL with OpenSSL/1.0.2g
LogInit:  - supports HTTP deflate (compression) using libz 1.2.8
LogInit:  - other features:
LogInit:      CURL_VERSION_SSL
LogInit:      CURL_VERSION_LIBZ
LogInit:      CURL_VERSION_IPV6
LogInit:      CURL_VERSION_ASYNCHDNS
LogInit:      CURL_VERSION_LARGEFILE
LogInit:      CURL_VERSION_IDN
LogInit:  CurlRequestOptions (configurable via config and command line):
LogInit:  - bVerifyPeer = false  - Libcurl will NOT verify peer certificate
LogInit:  - bUseHttpProxy = false  - Libcurl will NOT use HTTP proxy
LogInit:  - bDontReuseConnections = false  - Libcurl will reuse connections
LogInit:  - CertBundlePath = nullptr  - Libcurl will use whatever was configured at build time.
LogOnline: Display: STEAM: Loading Steam SDK 1.39
LogInit: WinSock: version 1.1 (2.2), MaxSocks=32767, MaxUdp=65467
LogInit: Build: ++UE4+Release-4.18-CL-3794801
LogInit: Engine Version: 4.18.2-3794801+++UE4+Release-4.18
LogInit: Compatible Engine Version: 4.18.0-3709383+++UE4+Release-4.18
LogInit: Net CL: 3709383
LogDevObjectVersion: Number of dev versions registered: 16
LogDevObjectVersion:   Dev-Blueprints (B0D832E4-1F89-4F0D-ACCF-7EB736FD4AA2): 10
LogDevObjectVersion:   Dev-Build (E1C64328-A22C-4D53-A36C-8E866417BD8C): 0
LogDevObjectVersion:   Dev-Core (375EC13C-06E4-48FB-B500-84F0262A717E): 2
LogDevObjectVersion:   Dev-Editor (E4B068ED-F494-42E9-A231-DA0B2E46BB41): 20
LogDevObjectVersion:   Dev-Framework (CFFC743F-43B0-4480-9391-14DF171D2073): 30
LogDevObjectVersion:   Dev-Mobile (B02B49B5-BB20-44E9-A304-32B752E40360): 0
LogDevObjectVersion:   Dev-Networking (A4E4105C-59A1-49B5-A7C5-40C4547EDFEE): 0
LogDevObjectVersion:   Dev-Online (39C831C9-5AE6-47DC-9A44-9C173E1C8E7C): 0
LogDevObjectVersion:   Dev-Physics (78F01B33-EBEA-4F98-B9B4-84EACCB95AA2): 0
LogDevObjectVersion:   Dev-Platform (6631380F-2D4D-43E0-8009-CF276956A95A): 0
LogDevObjectVersion:   Dev-Rendering (12F88B9F-8875-4AFC-A67C-D90C383ABD29): 20
LogDevObjectVersion:   Dev-Sequencer (7B5AE74C-D270-4C10-A958-57980B212A5A): 4
LogDevObjectVersion:   Dev-VR (D7296918-1DD6-4BDD-9DE2-64A83CC13884): 0
LogDevObjectVersion:   Dev-LoadTimes (C2A15278-BFE7-4AFE-6C17-90FF531DF755): 1
LogDevObjectVersion:   Private-Geometry (6EACA3D4-40EC-4CC1-B786-8BED09428FC5): 1
LogDevObjectVersion:   Dev-AnimPhys (29E575DD-E0A3-4627-9D10-D276232CDCEA): 12
LogInit: Compiled (64-bit): Dec  8 2017 02:04:53
LogInit: Compiled with Visual C++: 19.00.24215.01
LogInit: Build Configuration: Development
LogInit: Branch Name: ++UE4+Release-4.18
LogInit: Command line:  -game
LogInit: Base directory: D:/Programs/Epic Games/UE_4.18/Engine/Binaries/Win64/
LogInit: Installed Engine Build: 1
LogInit: Presizing for max 8388607 objects, including 0 objects not considered by GC, pre-allocating 0 bytes for permanent pool.
LogInit: Object subsystem initialized
[2018.04.02-18.24.04:566][  0]LogInit: Selected Device Profile: [Windows]
[2018.04.02-18.24.04:566][  0]LogInit: Applying CVar settings loaded from the selected device profile: [Windows]
[2018.04.02-18.24.04:577][  0]LogInit: Computer: DESKTOP-GML08TH
[2018.04.02-18.24.04:577][  0]LogInit: User: Energy
[2018.04.02-18.24.04:577][  0]LogInit: CPU Page size=4096, Cores=4
[2018.04.02-18.24.04:577][  0]LogInit: High frequency timer resolution =2.630641 MHz
[2018.04.02-18.24.04:577][  0]LogMemory: Memory total: Physical=11.9GB (12GB approx)
[2018.04.02-18.24.04:577][  0]LogMemory: Platform Memory Stats for Windows
[2018.04.02-18.24.04:577][  0]LogMemory: Process Physical Memory: 304.93 MB used, 304.93 MB peak
[2018.04.02-18.24.04:577][  0]LogMemory: Process Virtual Memory: 284.00 MB used, 284.00 MB peak
[2018.04.02-18.24.04:577][  0]LogMemory: Physical Memory: 5561.02 MB used,  6635.68 MB free, 12196.70 MB total
[2018.04.02-18.24.04:577][  0]LogMemory: Virtual Memory: 796.84 MB used,  6635.68 MB free, 134217728.00 MB total
[2018.04.02-18.24.04:687][  0]LogInit: Using OS detected language (en-US).
[2018.04.02-18.24.04:687][  0]LogInit: Using OS detected locale (en-US).
[2018.04.02-18.24.04:689][  0]LogTextLocalizationManager: No specific localization for 'en-US' exists, so the 'en' localization will be used.
[2018.04.02-18.24.05:141][  0]LogD3D11RHI: D3D11 adapters:
[2018.04.02-18.24.05:190][  0]LogD3D11RHI:    0. 'NVIDIA GeForce GTX 870M' (Feature Level 11_0)
[2018.04.02-18.24.05:190][  0]LogD3D11RHI:       3029/0/6098 MB DedicatedVideo/DedicatedSystem/SharedSystem, Outputs:1, VendorId:0x10de
[2018.04.02-18.24.05:197][  0]LogD3D11RHI:    1. 'Intel(R) HD Graphics 4600' (Feature Level 11_0)
[2018.04.02-18.24.05:197][  0]LogD3D11RHI:       112/0/2048 MB DedicatedVideo/DedicatedSystem/SharedSystem, Outputs:0, VendorId:0x8086
[2018.04.02-18.24.05:200][  0]LogD3D11RHI:    2. 'Microsoft Basic Render Driver' (Feature Level 11_0)
[2018.04.02-18.24.05:200][  0]LogD3D11RHI:       0/0/6098 MB DedicatedVideo/DedicatedSystem/SharedSystem, Outputs:0, VendorId:0x1414
[2018.04.02-18.24.05:200][  0]LogD3D11RHI: Chosen D3D11 Adapter: 0
[2018.04.02-18.24.05:209][  0]LogD3D11RHI: Creating new Direct3DDevice
[2018.04.02-18.24.05:210][  0]LogD3D11RHI:     GPU DeviceId: 0x1199 (for the marketing name, search the web for "GPU Device Id")
[2018.04.02-18.24.05:210][  0]LogWindows: EnumDisplayDevices:
[2018.04.02-18.24.05:210][  0]LogWindows:    0. 'Intel(R) HD Graphics 4600' (P:1 D:1)
[2018.04.02-18.24.05:210][  0]LogWindows:    1. 'Intel(R) HD Graphics 4600' (P:0 D:0)
[2018.04.02-18.24.05:210][  0]LogWindows:    2. 'Intel(R) HD Graphics 4600' (P:0 D:0)
[2018.04.02-18.24.05:210][  0]LogWindows:    3. 'NVIDIA GeForce GTX 870M' (P:0 D:0)
[2018.04.02-18.24.05:210][  0]LogWindows:    4. 'NVIDIA GeForce GTX 870M' (P:0 D:0)
[2018.04.02-18.24.05:210][  0]LogWindows:    5. 'NVIDIA GeForce GTX 870M' (P:0 D:0)
[2018.04.02-18.24.05:211][  0]LogWindows:    6. 'NVIDIA GeForce GTX 870M' (P:0 D:0)
[2018.04.02-18.24.05:211][  0]LogWindows: DebugString: GetVideoDriverDetailsInvalid PrimaryIsNotTheChoosenAdapter GetVideoDriverDetailsInvalid PrimaryIsNotTheChoosenAdapter GetVideoDriverDetailsInvalid PrimaryIsNotTheChoosenAdapter GetVideoDriverDetailsInvalid PrimaryIsNotTheChoosenAdapter GetVideoDriverDetailsInvalid PrimaryIsNotTheChoosenAdapter GetVideoDriverDetailsInvalid PrimaryIsNotTheChoosenAdapter GetVideoDriverDetailsInvalid PrimaryIsNotTheChoosenAdapter FoundDriverCount:0 
[2018.04.02-18.24.05:211][  0]LogD3D11RHI:     Adapter Name: NVIDIA GeForce GTX 870M
[2018.04.02-18.24.05:211][  0]LogD3D11RHI:   Driver Version: Unknown (internal:Unknown, unified:Unknown)
[2018.04.02-18.24.05:211][  0]LogD3D11RHI:      Driver Date: Unknown
[2018.04.02-18.24.05:211][  0]LogRHI: Texture pool is 2120 MB (70% of 3029 MB)
[2018.04.02-18.24.05:242][  0]LogD3D11RHI: Async texture creation enabled
[2018.04.02-18.24.05:473][  0]LogD3D11RHI: GPU Timing Frequency: 1000.000000 (Debug: 2 2)
[2018.04.02-18.24.05:473][  0]LogShaderCompilers: Guid format shader working directory is 19 characters bigger than the processId version (../../../../../../ue4/steam/Intermediate/Shaders/WorkingDirectory/17708/).
[2018.04.02-18.24.05:473][  0]LogShaderCompilers: Cleaned the shader compiler working directory 'C:/Users/Energy/AppData/Local/Temp/UnrealShaderWorkingDir/B755E2F841FD40496B2AF0A3D96BE019/'.
[2018.04.02-18.24.05:473][  0]LogShaderCompilers: Display: Using Local Shader Compiler.
[2018.04.02-18.24.06:403][  0]LogTemp: Display: Loaded TP WindowsClientTargetPlatform
[2018.04.02-18.24.06:440][  0]LogTemp: Display: Loaded TP WindowsNoEditorTargetPlatform
[2018.04.02-18.24.06:479][  0]LogTemp: Display: Loaded TP WindowsServerTargetPlatform
[2018.04.02-18.24.06:518][  0]LogTemp: Display: Loaded TP WindowsTargetPlatform
[2018.04.02-18.24.06:518][  0]LogTargetPlatformManager: Display: Building Assets For Windows
[2018.04.02-18.24.06:833][  0]LogDerivedDataCache: Display: Max Cache Size: 512 MB
[2018.04.02-18.24.06:841][  0]LogDerivedDataCache: Loaded boot cache 0.01s 9MB C:/Users/Energy/AppData/Local/UnrealEngine/4.18/DerivedDataCache/Boot.ddc.
[2018.04.02-18.24.06:841][  0]LogDerivedDataCache: Display: Loaded Boot cache: C:/Users/Energy/AppData/Local/UnrealEngine/4.18/DerivedDataCache/Boot.ddc
[2018.04.02-18.24.06:841][  0]LogDerivedDataCache: FDerivedDataBackendGraph:  Pak pak cache file ../../../../../../ue4/steam/DerivedDataCache/DDC.ddp not found, will not use a pak cache.
[2018.04.02-18.24.06:841][  0]LogDerivedDataCache: Unable to find inner node Pak for hierarchical cache Hierarchy.
[2018.04.02-18.24.06:841][  0]LogDerivedDataCache: FDerivedDataBackendGraph:  CompressedPak pak cache file ../../../../../../ue4/steam/DerivedDataCache/Compressed.ddp not found, will not use a pak cache.
[2018.04.02-18.24.06:841][  0]LogDerivedDataCache: Unable to find inner node CompressedPak for hierarchical cache Hierarchy.
[2018.04.02-18.24.06:856][  0]LogDerivedDataCache: Display: Pak cache opened for reading ../../../Engine/DerivedDataCache/Compressed.ddp.
[2018.04.02-18.24.06:868][  0]LogDerivedDataCache: Using Local data cache path C:/Users/Energy/AppData/Local/UnrealEngine/Common/DerivedDataCache: Writable
[2018.04.02-18.24.06:884][  0]LogMaterial: Verifying Global Shaders for PCD3D_SM5
[2018.04.02-18.24.06:885][  0]LogSlate: Using Freetype 2.6.0
[2018.04.02-18.24.06:885][  0]LogSlate: SlateFontCache - WITH_FREETYPE: 1, WITH_HARFBUZZ: 1
[2018.04.02-18.24.06:885][  0]LogSlate: SlateFontCache - WITH_FREETYPE: 1, WITH_HARFBUZZ: 1
[2018.04.02-18.24.07:244][  0]LogAssetRegistry: FAssetRegistry took 0.0040 seconds to start up
[2018.04.02-18.24.07:284][  0]LogPackageLocalizationCache: Processed 7 localized package path(s) for 2 prioritized culture(s) in 0.039688 seconds
[2018.04.02-18.24.07:368][  0]LogInit: Selected Device Profile: [Windows]
[2018.04.02-18.24.07:691][  0]LogSimplygon: Simplygon DLL not present - disabling.
[2018.04.02-18.24.07:718][  0]LogMeshReduction: Using SimplygonSwarm for distributed automatic mesh merging
[2018.04.02-18.24.07:718][  0]LogMeshReduction: Using QuadricMeshReduction for automatic static mesh reduction
[2018.04.02-18.24.07:718][  0]LogMeshReduction: No automatic skeletal mesh reduction module available
[2018.04.02-18.24.07:718][  0]LogMeshReduction: No automatic mesh merging module available
[2018.04.02-18.24.07:718][  0]LogMeshMerging: No automatic mesh merging module available
[2018.04.02-18.24.07:762][  0]LogNetVersion: MyProject12 , NetCL: 3709383, EngineNetVer: 2, GameNetVer: 0 (Checksum: 3203290924)
[2018.04.02-18.24.09:696][  0]LogMoviePlayer: Initializing movie player
[2018.04.02-18.24.09:792][  0]LogWindowsTextInputMethodSystem: Display: IME system now deactivated.
[2018.04.02-18.24.09:792][  0]LogWindowsTextInputMethodSystem: Display: IME system now deactivated.
[2018.04.02-18.24.10:133][  0]LogCollectionManager: Loaded 0 collections in 0.000863 seconds
[2018.04.02-18.24.10:178][  0]LogFileCache: Scanning file cache for directory 'D:/ue4/steam/Saved/Collections/' took 0.01s
[2018.04.02-18.24.10:178][  0]LogFileCache: Scanning file cache for directory 'D:/ue4/steam/Content/Developers/Energy/Collections/' took 0.01s
[2018.04.02-18.24.10:178][  0]LogFileCache: Scanning file cache for directory 'D:/ue4/steam/Content/Collections/' took 0.01s
[2018.04.02-18.24.10:178][  0]LogCollectionManager: Rebuilt the object cache for 0 collections in 0.000000 seconds (found 0 objects)
[2018.04.02-18.24.10:178][  0]LogCollectionManager: Fixed up redirectors for 0 collections in 0.000073 seconds (updated 0 objects)
[2018.04.02-18.24.10:658][  0]SourceControl: Source control is disabled
[2018.04.02-18.24.10:658][  0]SourceControl: Source control is disabled
[2018.04.02-18.24.10:695][  0]SourceControl: Source control is disabled
[2018.04.02-18.24.10:982][  0]LogAndroidPermission: UAndroidPermissionCallbackProxy::GetInstance
[2018.04.02-18.24.11:166][  0]LogOcInput: OculusInput pre-init called
[2018.04.02-18.24.11:246][  0]LogUObjectArray: 38960 objects as part of root set at end of initial load.
[2018.04.02-18.24.11:246][  0]LogUObjectAllocator: 8571448 out of 0 bytes used by permanent object pool.
[2018.04.02-18.24.11:246][  0]LogUObjectArray: CloseDisregardForGC: 0/0 objects in disregard for GC pool
[2018.04.02-18.24.12:005][  0]LogEngine: Initializing Engine...
[2018.04.02-18.24.12:009][  0]LogHMD: Failed to initialize OpenVR with code 110
[2018.04.02-18.24.12:414][  0]LogStats: UGameplayTagsManager::ConstructGameplayTagTree: Construct from data asset -  0.000 s
[2018.04.02-18.24.12:414][  0]LogStats: UGameplayTagsManager::ConstructGameplayTagTree: GameplayTagTreeChangedEvent.Broadcast -  0.000 s
[2018.04.02-18.24.12:421][  0]LogInit: XAudio2 using 'Speakers (High Definition Audio Device)' : 2 channels at 44.1 kHz using 16 bits per sample (channel mask 0x3)
[2018.04.02-18.24.12:437][  0]LogInit: FAudioDevice initialized.
[2018.04.02-18.24.12:559][  0]LogDerivedDataCache: Saved boot cache 0.07s 77MB C:/Users/Energy/AppData/Local/UnrealEngine/4.18/DerivedDataCache/Boot.ddc.
[2018.04.02-18.24.12:571][  0]LogInit: Texture streaming: Enabled
[2018.04.02-18.24.12:612][  0]LogMaterial: Uniform references updated for custom material expression Custom.
[2018.04.02-18.24.13:099][  0]LogProperty: Error: UStructProperty::Serialize Loading: Property 'StructProperty /Game/UI/MainMenu/optionsMenu.optionsMenu_C:playerInfo'. Unknown structure.
[2018.04.02-18.24.13:100][  0]LogProperty: Error: UStructProperty::Serialize Loading: Property 'StructProperty /Game/Blueprints/allLevels/playerSaveGame.playerSaveGame_C:S_PlayerINfo'. Unknown structure.
[2018.04.02-18.24.13:101][  0]LogClass: Warning: Property S_PlayerINfo of S_PlayerINfo has a struct type mismatch (tag STRUCT_REINST_PlayerInfo_0 != prop FallbackStruct) in package:  ../../../../../../ue4/steam/Content/Blueprints/allLevels/playerSaveGame.uasset. If that struct got renamed, add an entry to ActiveStructRedirects.
[2018.04.02-18.24.13:135][  0]LogClass: Warning: Property playerInfo of playerInfo has a struct type mismatch (tag STRUCT_REINST_PlayerInfo_0 != prop FallbackStruct) in package:  ../../../../../../ue4/steam/Content/UI/MainMenu/optionsMenu.uasset. If that struct got renamed, add an entry to ActiveStructRedirects.
[2018.04.02-18.24.13:201][  0]LogClass: Warning: Property S_PlayerINfo of S_PlayerINfo has a struct type mismatch (tag FallbackStruct != prop PlayerInfo) in package:  FObjectReader. If that struct got renamed, add an entry to ActiveStructRedirects.
[2018.04.02-18.24.13:202][  0]LogClass: Warning: Property playerInfo of playerInfo has a struct type mismatch (tag FallbackStruct != prop PlayerInfo) in package:  FObjectReader. If that struct got renamed, add an entry to ActiveStructRedirects.
[2018.04.02-18.24.13:389][  0]LogInit: Display: Game Engine Initialized.
[2018.04.02-18.24.13:396][  0]LogGameplayTags: Display: UGameplayTagsManager::DoneAddingNativeTags. DelegateIsBound: 0
[2018.04.02-18.24.13:544][  0]LogInit: Display: Starting Game.
[2018.04.02-18.24.13:581][  0]LogNet: Browse: /Game/Maps/mainMenu?Name=Player
[2018.04.02-18.24.13:593][  0]LogLoad: LoadMap: /Game/Maps/mainMenu?Name=Player
[2018.04.02-18.24.13:830][  0]LogAIModule: Creating AISystem for world mainMenu
[2018.04.02-18.24.14:081][  0]LogLoad: Game class is 'TopDownGameMode_C'
[2018.04.02-18.24.14:086][  0]LogWorld: Bringing World /Game/Maps/mainMenu.mainMenu up for play (max tick rate 0) at 2018.04.02-11.24.14
[2018.04.02-18.24.14:132][  0]LogWorld: Bringing up level for play took: 0.046026
[2018.04.02-18.24.14:211][  0]LogGameMode: FindPlayerStart: PATHS NOT DEFINED or NO PLAYERSTART with positive rating
[2018.04.02-18.24.14:457][  0]LogLoad: Took 0.863487 seconds to LoadMap(/Game/Maps/mainMenu)
[2018.04.02-18.24.14:782][  0]LogRenderer: Reallocating scene render targets to support 1920x1080 Format 10 NumSamples 1 (Frame:1).
[2018.04.02-18.24.14:782][  0]LogLoad: (Engine Initialization) Total time: 12.08 seconds
[2018.04.02-18.24.14:782][  0]LogLoad: (Engine Initialization) Total Blueprint compile time: 0.00 seconds
[2018.04.02-18.24.14:782][  0]LogExternalProfiler: No external profilers were discovered.  External profiling features will not be available.
[2018.04.02-18.24.14:846][  0]LogContentStreaming: Texture pool size now 1000 MB
[2018.04.02-18.24.18:847][228]LogSlate: Took 0.059642 seconds to synchronously load lazily loaded font '../../../Engine/Content/Slate/Fonts/Roboto-Regular.ttf' (155K)
[2018.04.02-18.24.21:335][378]LogNetVersion: MyProject12 1.0.0.0, NetCL: 3709383, EngineNetVer: 2, GameNetVer: 0 (Checksum: 878358411)
[2018.04.02-18.24.21:750][396]LogOnline: Verbose: dumping NamedSession: 
[2018.04.02-18.24.21:750][396]LogOnline: Verbose: 	SessionName: GameSession
[2018.04.02-18.24.21:750][396]LogOnline: Verbose: 	HostingPlayerNum: 0
[2018.04.02-18.24.21:750][396]LogOnline: Verbose: 	SessionState: Pending
[2018.04.02-18.24.21:750][396]LogOnline: Verbose: 	RegisteredPlayers: 
[2018.04.02-18.24.21:750][396]LogOnline: Verbose: 	    0 registered players
[2018.04.02-18.24.21:750][396]LogOnline: Verbose: dumping Session: 
[2018.04.02-18.24.21:750][396]LogOnline: Verbose: 	OwningPlayerName: Energy
[2018.04.02-18.24.21:750][396]LogOnline: Verbose: 	OwningPlayerId: Energy [0x110000106CCA440]
[2018.04.02-18.24.21:750][396]LogOnline: Verbose: 	NumOpenPrivateConnections: 0
[2018.04.02-18.24.21:750][396]LogOnline: Verbose: 	NumOpenPublicConnections: 1
[2018.04.02-18.24.21:750][396]LogOnline: Verbose: 	SessionInfo: HostIP: INVALID SteamP2P: 76561198074340416:7777 Type: Lobby session SessionId: Lobby [0x1860000E7512AFE]
[2018.04.02-18.24.21:750][396]LogOnline: Verbose: dumping SessionSettings: 
[2018.04.02-18.24.21:750][396]LogOnline: Verbose: 	NumPublicConnections: 2
[2018.04.02-18.24.21:750][396]LogOnline: Verbose: 	NumPrivateConnections: 0
[2018.04.02-18.24.21:750][396]LogOnline: Verbose: 	bIsLanMatch: false
[2018.04.02-18.24.21:750][396]LogOnline: Verbose: 	bIsDedicated: false
[2018.04.02-18.24.21:750][396]LogOnline: Verbose: 	bUsesStats: false
[2018.04.02-18.24.21:750][396]LogOnline: Verbose: 	bShouldAdvertise: true
[2018.04.02-18.24.21:750][396]LogOnline: Verbose: 	bAllowJoinInProgress: true
[2018.04.02-18.24.21:750][396]LogOnline: Verbose: 	bAllowInvites: false
[2018.04.02-18.24.21:750][396]LogOnline: Verbose: 	bUsesPresence: true
[2018.04.02-18.24.21:750][396]LogOnline: Verbose: 	bAllowJoinViaPresence: true
[2018.04.02-18.24.21:750][396]LogOnline: Verbose: 	bAllowJoinViaPresenceFriendsOnly: false
[2018.04.02-18.24.21:750][396]LogOnline: Verbose: 	BuildUniqueId: 0x6cd3e102
[2018.04.02-18.24.21:750][396]LogOnline: Verbose: 	Settings:
[2018.04.02-18.24.21:832][396]LogPackageName: SearchForPackageOnDisk took   0.049s to resolve lobby.umap.
[2018.04.02-18.24.21:881][396]LogPackageName: SearchForPackageOnDisk took   0.047s to resolve lobby.umap.
[2018.04.02-18.24.21:881][396]LogNet: Browse: /Game/Maps/lobby?listen
[2018.04.02-18.24.21:881][396]LogLoad: LoadMap: /Game/Maps/lobby?listen
[2018.04.02-18.24.22:045][396]LogProperty: Error: UStructProperty::Serialize Loading: Property 'StructProperty /Game/UI/Lobby/gameSettings.gameSettings_C:ExecuteUbergraph_gameSettings.CallFunc_Array_Get_Item'. Unknown structure.
[2018.04.02-18.24.22:047][396]LogProperty: Error: UStructProperty::Serialize Loading: Property 'StructProperty /Game/UI/Lobby/playerButton.playerButton_C:playerInfo'. Unknown structure.
[2018.04.02-18.24.22:047][396]LogClass: Warning: Property playerInfo of playerInfo has a struct type mismatch (tag STRUCT_REINST_PlayerInfo_0 != prop FallbackStruct) in package:  ../../../../../../ue4/steam/Content/UI/Lobby/playerButton.uasset. If that struct got renamed, add an entry to ActiveStructRedirects.
[2018.04.02-18.24.22:262][396]LogClass: Warning: Property playerInfo of playerInfo has a struct type mismatch (tag FallbackStruct != prop PlayerInfo) in package:  FObjectReader. If that struct got renamed, add an entry to ActiveStructRedirects.
[2018.04.02-18.24.22:442][396]LogAIModule: Creating AISystem for world lobby
[2018.04.02-18.24.22:443][396]LogLoad: Game class is 'lobbyGM_C'
[2018.04.02-18.24.22:510][396]LogTemp: Display: ParseSettings for GameNetDriver
[2018.04.02-18.24.22:519][396]LogTemp: Display: ParseSettings for SteamNetDriver_0
[2018.04.02-18.24.22:519][396]LogTemp: Display: ParseSettings for GameNetDriver
[2018.04.02-18.24.22:552][396]LogNet: Display: SteamNetDriver_0 bound to port 7777
[2018.04.02-18.24.22:552][396]PacketHandlerLog: Loaded PacketHandler component: Engine.EngineHandlerComponentFactory (StatelessConnectHandlerComponent)
[2018.04.02-18.24.22:602][396]LogNet: GameNetDriver SteamNetDriver_0 IpNetDriver listening on port 7777
[2018.04.02-18.24.22:604][396]LogWorld: Bringing World /Game/Maps/lobby.lobby up for play (max tick rate 0) at 2018.04.02-11.24.22
[2018.04.02-18.24.22:605][396]LogWorld: Bringing up level for play took: 0.001592
[2018.04.02-18.24.22:698][396]LogGameMode: Display: Match State Changed from EnteringMap to WaitingToStart
[2018.04.02-18.24.22:698][396]LogGameState: Match State Changed from EnteringMap to WaitingToStart
[2018.04.02-18.24.22:698][396]LogGameMode: Display: Match State Changed from WaitingToStart to InProgress
[2018.04.02-18.24.22:698][396]LogGameState: Match State Changed from WaitingToStart to InProgress
[2018.04.02-18.24.22:701][396]LogLoad: Took 0.819606 seconds to LoadMap(/Game/Maps/lobby)
[2018.04.02-18.24.22:780][397]LogCharacterMovement: Warning: GetSimulationTimeStep() - Max iterations 8 hit while remaining time 0.071588 > MaxSimulationTimeStep (0.050) for '0_base_C_0', movement 'Walking'
[2018.04.02-18.24.36:017][208]LogNet: NotifyAcceptingConnection accepted from: 76561198011701234:7777
[2018.04.02-18.24.36:026][208]LogHandshake: SendConnectChallenge. Timestamp: 14.366779, Cookie: 062082131189047159034216148253037028037027090077101075172090
[2018.04.02-18.24.36:042][208]LogNet: NotifyAcceptingConnection accepted from: 76561198011701234:7777
[2018.04.02-18.24.36:042][208]LogHandshake: SendConnectChallenge. Timestamp: 14.366779, Cookie: 062082131189047159034216148253037028037027090077101075172090
[2018.04.02-18.24.36:042][208]LogNet: NotifyAcceptingConnection accepted from: 76561198011701234:7777
[2018.04.02-18.24.36:043][208]LogHandshake: SendConnectChallenge. Timestamp: 14.366779, Cookie: 062082131189047159034216148253037028037027090077101075172090
[2018.04.02-18.24.36:043][208]LogNet: NotifyAcceptingConnection accepted from: 76561198011701234:7777
[2018.04.02-18.24.36:043][208]LogHandshake: SendConnectChallenge. Timestamp: 14.366779, Cookie: 062082131189047159034216148253037028037027090077101075172090
[2018.04.02-18.24.36:043][208]LogNet: NotifyAcceptingConnection accepted from: 76561198011701234:7777
[2018.04.02-18.24.36:061][210]LogNet: NotifyAcceptingConnection accepted from: 76561198011701234:7777
[2018.04.02-18.24.36:061][210]LogHandshake: SendChallengeAck. InCookie: 062082131189047159034216148253037028037027090077101075172090
[2018.04.02-18.24.36:061][210]LogNet: Server accepting post-challenge connection from: 76561198011701234:7777
[2018.04.02-18.24.36:068][210]PacketHandlerLog: Loaded PacketHandler component: Engine.EngineHandlerComponentFactory (StatelessConnectHandlerComponent)
[2018.04.02-18.24.36:090][210]LogNet: NotifyAcceptedConnection: Name: lobby, TimeStamp: 04/02/18 11:24:36, [UNetConnection] RemoteAddr: 76561198011701234:7777, Name: SteamNetConnection_0, Driver: GameNetDriver SteamNetDriver_0, IsServer: YES, PC: NULL, Owner: NULL
[2018.04.02-18.24.36:093][210]LogNet: AddClientConnection: Added client connection: [UNetConnection] RemoteAddr: 76561198011701234:7777, Name: SteamNetConnection_0, Driver: GameNetDriver SteamNetDriver_0, IsServer: YES, PC: NULL, Owner: NULL
[2018.04.02-18.24.36:093][210]LogHandshake: Received unexpected post-connect handshake packet - resending ack.
[2018.04.02-18.24.36:093][210]LogHandshake: SendChallengeAck. InCookie: 062082131189047159034216148253037028037027090077101075172090
[2018.04.02-18.24.36:093][210]LogHandshake: Received unexpected post-connect handshake packet - resending ack.
[2018.04.02-18.24.36:093][210]LogHandshake: SendChallengeAck. InCookie: 062082131189047159034216148253037028037027090077101075172090
[2018.04.02-18.24.36:102][210]LogNet: NotifyAcceptingChannel Control 0 server World /Game/Maps/lobby.lobby: Accepted
[2018.04.02-18.24.36:107][210]LogNet: Remote platform little endian=1
[2018.04.02-18.24.36:107][210]LogNet: This platform little endian=1
[2018.04.02-18.24.36:135][212]LogNet: Login request: /Game/Maps/mainMenu?Name=Ian userId: 76561198011701234
[2018.04.02-18.24.36:167][214]LogNet: Client netspeed is 10000
[2018.04.02-18.24.36:732][249]LogNet: Join request: /Game/Maps/mainMenu?Name=Ian?SplitscreenCount=1
[2018.04.02-18.24.36:732][249]LogScript: Warning: Accessed None trying to read property K2Node_DynamicCast_As0_Base
	lobbyPlayerController_C /Game/Maps/lobby.lobby:PersistentLevel.lobbyPlayerController_C_1
	Function /Game/Blueprints/lobby/lobbyPlayerController.lobbyPlayerController_C:ExecuteUbergraph_lobbyPlayerController:12FA
[2018.04.02-18.24.36:732][249]LogScript: Warning: Script call stack:
	Function /Game/Blueprints/lobby/lobbyPlayerController.lobbyPlayerController_C:ReceiveBeginPlay
	Function /Game/Blueprints/lobby/lobbyPlayerController.lobbyPlayerController_C:ExecuteUbergraph_lobbyPlayerController

[2018.04.02-18.24.36:732][249]LogScript: Warning: Attempted to assign to None
	lobbyPlayerController_C /Game/Maps/lobby.lobby:PersistentLevel.lobbyPlayerController_C_1
	Function /Game/Blueprints/lobby/lobbyPlayerController.lobbyPlayerController_C:ExecuteUbergraph_lobbyPlayerController:130F
[2018.04.02-18.24.36:732][249]LogScript: Warning: Script call stack:
	Function /Game/Blueprints/lobby/lobbyPlayerController.lobbyPlayerController_C:ReceiveBeginPlay
	Function /Game/Blueprints/lobby/lobbyPlayerController.lobbyPlayerController_C:ExecuteUbergraph_lobbyPlayerController

[2018.04.02-18.24.36:830][249]LogNet: Join succeeded: Ian
[2018.04.02-18.24.48:969][964]LogGameMode: Display: Match State Changed from InProgress to LeavingMap
[2018.04.02-18.24.48:969][964]LogGameState: Match State Changed from InProgress to LeavingMap
[2018.04.02-18.24.48:972][964]LogGameMode: ProcessServerTravel: /Game/Maps/Arena01
[2018.04.02-18.24.48:980][964]LogWorld: SeamlessTravel to: /Game/Maps/Arena01
[2018.04.02-18.24.49:034][965]LogAIModule: Creating AISystem for world travelMap
[2018.04.02-18.24.49:035][965]LogStats:     SeamlessTravel FlushLevelStreaming  -  0.001 s
[2018.04.02-18.24.49:035][965]LogWorld: Bringing World /Game/Maps/travelMap.travelMap up for play (max tick rate 0) at 2018.04.02-11.24.49
[2018.04.02-18.24.49:035][965]LogWorld: Bringing up level for play took: 0.000417
[2018.04.02-18.24.49:035][965]LogWorld: Sending NotifyLoadedWorld for LP: LocalPlayer_0 PC: lobbyPlayerController_C_0
[2018.04.02-18.24.49:035][965]LogNet: Verbose: NotifyLoadedWorld Begin
[2018.04.02-18.24.49:051][965]LogNet: VeryVerbose: GetFunctionCallspace Server calling Server function: ServerNotifyLoadedWorld Local
[2018.04.02-18.24.49:051][965]LogNet: Verbose: NotifyLoadedWorld End
[2018.04.02-18.24.49:051][965]LogWorld: StartLoadingDestination to: /Game/Maps/Arena01
[2018.04.02-18.24.49:708][984]LogAIModule: Creating AISystem for world arena01
[2018.04.02-18.24.49:709][984]LogLoad: Game class is 'gameplayGM_C'
[2018.04.02-18.24.49:709][984]LogStats:     SeamlessTravel FlushLevelStreaming  -  0.000 s
[2018.04.02-18.24.49:712][984]LogMaterial: Warning: Material /Game/3D_ASSETS_DANIEL/V1/New/phong1.phong1 missing bUsedWithInstancedStaticMeshes=True! Default Material will be used in game.
[2018.04.02-18.24.49:712][984]LogMaterial: Warning:      The material will recompile every editor launch until resaved.
[2018.04.02-18.24.49:721][984]LogWorld: Bringing World /Game/Maps/Arena01.arena01 up for play (max tick rate 0) at 2018.04.02-11.24.49
[2018.04.02-18.24.49:721][984]LogWorld: Bringing up level for play took: 0.012072
[2018.04.02-18.24.49:721][984]LogWorld: Sending NotifyLoadedWorld for LP: LocalPlayer_0 PC: lobbyPlayerController_C_0
[2018.04.02-18.24.49:721][984]LogNet: Verbose: NotifyLoadedWorld Begin
[2018.04.02-18.24.49:721][984]LogNet: VeryVerbose: GetFunctionCallspace Server calling Server function: ServerNotifyLoadedWorld Local
[2018.04.02-18.24.49:721][984]LogNet: Verbose: NotifyLoadedWorld End
[2018.04.02-18.24.49:721][984]LogWorld: ----SeamlessTravel finished in 0.74 seconds ------
[2018.04.02-18.24.49:721][984]LogGameMode: >> GameMode::HandleSeamlessTravelPlayer: lobbyPlayerController_C_0 
[2018.04.02-18.24.49:777][984]LogGameMode: << GameMode::HandleSeamlessTravelPlayer: gameplayPC_C_0
[2018.04.02-18.24.49:777][984]LogGameMode: Display: Match State Changed from EnteringMap to WaitingToStart
[2018.04.02-18.24.49:777][984]LogGameState: Match State Changed from EnteringMap to WaitingToStart
[2018.04.02-18.24.49:777][984]LogGameMode: Display: Match State Changed from WaitingToStart to InProgress
[2018.04.02-18.24.49:791][984]LogBlueprintUserMessages: [gameplayPC_C_0] loaded game for arena
[2018.04.02-18.24.49:793][984]LogBlueprintUserMessages: [gameplayGM_C_0] 1
[2018.04.02-18.24.49:793][984]LogGameState: Match State Changed from WaitingToStart to InProgress
[2018.04.02-18.24.49:793][984]LogGameMode: >> GameMode::HandleSeamlessTravelPlayer: lobbyPlayerController_C_1 
[2018.04.02-18.24.49:794][984]LogGameMode: << GameMode::HandleSeamlessTravelPlayer: gameplayPC_C_1
[2018.04.02-18.24.49:794][984]LogScript: Warning: Accessed None trying to read property currentSpellCast
	gameplayPC_C /Game/Maps/Arena01.arena01:PersistentLevel.gameplayPC_C_0
	Function /Game/Blueprints/gameplay/gameplayPC.gameplayPC_C:ExecuteUbergraph_gameplayPC:0984
[2018.04.02-18.24.49:794][984]LogScript: Warning: Script call stack:
	Function /Game/Blueprints/gameplay/gameplayPC.gameplayPC_C:ReceiveTick
	Function /Game/Blueprints/gameplay/gameplayPC.gameplayPC_C:ExecuteUbergraph_gameplayPC

[2018.04.02-18.24.49:794][984]LogScript: Warning: Accessed None
	gameplayPC_C /Game/Maps/Arena01.arena01:PersistentLevel.gameplayPC_C_0
	Function /Game/Blueprints/gameplay/gameplayPC.gameplayPC_C:ExecuteUbergraph_gameplayPC:0999
[2018.04.02-18.24.49:794][984]LogScript: Warning: Script call stack:
	Function /Game/Blueprints/gameplay/gameplayPC.gameplayPC_C:ReceiveTick
	Function /Game/Blueprints/gameplay/gameplayPC.gameplayPC_C:ExecuteUbergraph_gameplayPC

[2018.04.02-18.24.49:794][984]LogScript: Warning: Accessed None trying to read property currentSpellCast
	gameplayPC_C /Game/Maps/Arena01.arena01:PersistentLevel.gameplayPC_C_0
	Function /Game/Blueprints/gameplay/gameplayPC.gameplayPC_C:ExecuteUbergraph_gameplayPC:09CC
[2018.04.02-18.24.49:794][984]LogScript: Warning: Script call stack:
	Function /Game/Blueprints/gameplay/gameplayPC.gameplayPC_C:ReceiveTick
	Function /Game/Blueprints/gameplay/gameplayPC.gameplayPC_C:ExecuteUbergraph_gameplayPC

[2018.04.02-18.24.49:794][984]LogScript: Warning: Accessed None
	gameplayPC_C /Game/Maps/Arena01.arena01:PersistentLevel.gameplayPC_C_0
	Function /Game/Blueprints/gameplay/gameplayPC.gameplayPC_C:ExecuteUbergraph_gameplayPC:09E1
[2018.04.02-18.24.49:794][984]LogScript: Warning: Script call stack:
	Function /Game/Blueprints/gameplay/gameplayPC.gameplayPC_C:ReceiveTick
	Function /Game/Blueprints/gameplay/gameplayPC.gameplayPC_C:ExecuteUbergraph_gameplayPC

[2018.04.02-18.24.49:795][984]LogScript: Warning: Accessed None trying to read property currentSpellCast
	gameplayPC_C /Game/Maps/Arena01.arena01:PersistentLevel.gameplayPC_C_0
	Function /Game/Blueprints/gameplay/gameplayPC.gameplayPC_C:ExecuteUbergraph_gameplayPC:0324
[2018.04.02-18.24.49:795][984]LogScript: Warning: Script call stack:
	Function /Game/Blueprints/gameplay/gameplayPC.gameplayPC_C:ReceiveTick
	Function /Game/Blueprints/gameplay/gameplayPC.gameplayPC_C:ExecuteUbergraph_gameplayPC

[2018.04.02-18.24.49:795][984]LogScript: Warning: Accessed None trying to read property currentSpellCast
	gameplayPC_C /Game/Maps/Arena01.arena01:PersistentLevel.gameplayPC_C_1
	Function /Game/Blueprints/gameplay/gameplayPC.gameplayPC_C:ExecuteUbergraph_gameplayPC:0984
[2018.04.02-18.24.49:795][984]LogScript: Warning: Script call stack:
	Function /Game/Blueprints/gameplay/gameplayPC.gameplayPC_C:ReceiveTick
	Function /Game/Blueprints/gameplay/gameplayPC.gameplayPC_C:ExecuteUbergraph_gameplayPC

[2018.04.02-18.24.49:795][984]LogScript: Warning: Accessed None
	gameplayPC_C /Game/Maps/Arena01.arena01:PersistentLevel.gameplayPC_C_1
	Function /Game/Blueprints/gameplay/gameplayPC.gameplayPC_C:ExecuteUbergraph_gameplayPC:0999
[2018.04.02-18.24.49:795][984]LogScript: Warning: Script call stack:
	Function /Game/Blueprints/gameplay/gameplayPC.gameplayPC_C:ReceiveTick
	Function /Game/Blueprints/gameplay/gameplayPC.gameplayPC_C:ExecuteUbergraph_gameplayPC

[2018.04.02-18.24.49:795][984]LogScript: Warning: Accessed None trying to read property currentSpellCast
	gameplayPC_C /Game/Maps/Arena01.arena01:PersistentLevel.gameplayPC_C_1
	Function /Game/Blueprints/gameplay/gameplayPC.gameplayPC_C:ExecuteUbergraph_gameplayPC:09CC
[2018.04.02-18.24.49:795][984]LogScript: Warning: Script call stack:
	Function /Game/Blueprints/gameplay/gameplayPC.gameplayPC_C:ReceiveTick
	Function /Game/Blueprints/gameplay/gameplayPC.gameplayPC_C:ExecuteUbergraph_gameplayPC

[2018.04.02-18.24.49:795][984]LogScript: Warning: Accessed None
	gameplayPC_C /Game/Maps/Arena01.arena01:PersistentLevel.gameplayPC_C_1
	Function /Game/Blueprints/gameplay/gameplayPC.gameplayPC_C:ExecuteUbergraph_gameplayPC:09E1
[2018.04.02-18.24.49:795][984]LogScript: Warning: Script call stack:
	Function /Game/Blueprints/gameplay/gameplayPC.gameplayPC_C:ReceiveTick
	Function /Game/Blueprints/gameplay/gameplayPC.gameplayPC_C:ExecuteUbergraph_gameplayPC

[2018.04.02-18.24.49:795][984]LogScript: Warning: Accessed None trying to read property currentSpellCast
	gameplayPC_C /Game/Maps/Arena01.arena01:PersistentLevel.gameplayPC_C_1
	Function /Game/Blueprints/gameplay/gameplayPC.gameplayPC_C:ExecuteUbergraph_gameplayPC:0324
[2018.04.02-18.24.49:795][984]LogScript: Warning: Script call stack:
	Function /Game/Blueprints/gameplay/gameplayPC.gameplayPC_C:ReceiveTick
	Function /Game/Blueprints/gameplay/gameplayPC.gameplayPC_C:ExecuteUbergraph_gameplayPC

[2018.04.02-18.24.49:836][985]LogScript: Warning: Accessed None trying to read property currentSpellCast
	gameplayPC_C /Game/Maps/Arena01.arena01:PersistentLevel.gameplayPC_C_0
	Function /Game/Blueprints/gameplay/gameplayPC.gameplayPC_C:ExecuteUbergraph_gameplayPC:0984
[2018.04.02-18.24.49:836][985]LogScript: Warning: Script call stack:
	Function /Game/Blueprints/gameplay/gameplayPC.gameplayPC_C:ReceiveTick
	Function /Game/Blueprints/gameplay/gameplayPC.gameplayPC_C:ExecuteUbergraph_gameplayPC

[2018.04.02-18.24.49:836][985]LogScript: Warning: Accessed None
	gameplayPC_C /Game/Maps/Arena01.arena01:PersistentLevel.gameplayPC_C_0
	Function /Game/Blueprints/gameplay/gameplayPC.gameplayPC_C:ExecuteUbergraph_gameplayPC:0999
[2018.04.02-18.24.49:836][985]LogScript: Warning: Script call stack:
	Function /Game/Blueprints/gameplay/gameplayPC.gameplayPC_C:ReceiveTick
	Function /Game/Blueprints/gameplay/gameplayPC.gameplayPC_C:ExecuteUbergraph_gameplayPC

[2018.04.02-18.24.49:836][985]LogScript: Warning: Accessed None trying to read property currentSpellCast
	gameplayPC_C /Game/Maps/Arena01.arena01:PersistentLevel.gameplayPC_C_0
	Function /Game/Blueprints/gameplay/gameplayPC.gameplayPC_C:ExecuteUbergraph_gameplayPC:09CC
[2018.04.02-18.24.49:836][985]LogScript: Warning: Script call stack:
	Function /Game/Blueprints/gameplay/gameplayPC.gameplayPC_C:ReceiveTick
	Function /Game/Blueprints/gameplay/gameplayPC.gameplayPC_C:ExecuteUbergraph_gameplayPC

[2018.04.02-18.24.49:836][985]LogScript: Warning: Accessed None
	gameplayPC_C /Game/Maps/Arena01.arena01:PersistentLevel.gameplayPC_C_0
	Function /Game/Blueprints/gameplay/gameplayPC.gameplayPC_C:ExecuteUbergraph_gameplayPC:09E1
[2018.04.02-18.24.49:836][985]LogScript: Warning: Script call stack:
	Function /Game/Blueprints/gameplay/gameplayPC.gameplayPC_C:ReceiveTick
	Function /Game/Blueprints/gameplay/gameplayPC.gameplayPC_C:ExecuteUbergraph_gameplayPC

[2018.04.02-18.24.49:836][985]LogScript: Warning: Accessed None trying to read property currentSpellCast
	gameplayPC_C /Game/Maps/Arena01.arena01:PersistentLevel.gameplayPC_C_0
	Function /Game/Blueprints/gameplay/gameplayPC.gameplayPC_C:ExecuteUbergraph_gameplayPC:0324
[2018.04.02-18.24.49:836][985]LogScript: Warning: Script call stack:
	Function /Game/Blueprints/gameplay/gameplayPC.gameplayPC_C:ReceiveTick
	Function /Game/Blueprints/gameplay/gameplayPC.gameplayPC_C:ExecuteUbergraph_gameplayPC

[2018.04.02-18.24.49:870][985]LogRenderer: Reallocating scene render targets to support 128x128 Format 10 NumSamples 1 (Frame:0).
[2018.04.02-18.24.49:870][985]LogScript: Warning: Accessed None trying to read property currentSpellCast
	gameplayPC_C /Game/Maps/Arena01.arena01:PersistentLevel.gameplayPC_C_1
	Function /Game/Blueprints/gameplay/gameplayPC.gameplayPC_C:ExecuteUbergraph_gameplayPC:0984
[2018.04.02-18.24.49:870][985]LogScript: Warning: Script call stack:
	Function /Game/Blueprints/gameplay/gameplayPC.gameplayPC_C:ReceiveTick
	Function /Game/Blueprints/gameplay/gameplayPC.gameplayPC_C:ExecuteUbergraph_gameplayPC

[2018.04.02-18.24.49:870][985]LogScript: Warning: Accessed None
	gameplayPC_C /Game/Maps/Arena01.arena01:PersistentLevel.gameplayPC_C_1
	Function /Game/Blueprints/gameplay/gameplayPC.gameplayPC_C:ExecuteUbergraph_gameplayPC:0999
[2018.04.02-18.24.49:870][985]LogScript: Warning: Script call stack:
	Function /Game/Blueprints/gameplay/gameplayPC.gameplayPC_C:ReceiveTick
	Function /Game/Blueprints/gameplay/gameplayPC.gameplayPC_C:ExecuteUbergraph_gameplayPC

[2018.04.02-18.24.49:870][985]LogScript: Warning: Accessed None trying to read property currentSpellCast
	gameplayPC_C /Game/Maps/Arena01.arena01:PersistentLevel.gameplayPC_C_1
	Function /Game/Blueprints/gameplay/gameplayPC.gameplayPC_C:ExecuteUbergraph_gameplayPC:09CC
[2018.04.02-18.24.49:870][985]LogScript: Warning: Script call stack:
	Function /Game/Blueprints/gameplay/gameplayPC.gameplayPC_C:ReceiveTick
	Function /Game/Blueprints/gameplay/gameplayPC.gameplayPC_C:ExecuteUbergraph_gameplayPC

[2018.04.02-18.24.49:870][985]LogScript: Warning: Accessed None
	gameplayPC_C /Game/Maps/Arena01.arena01:PersistentLevel.gameplayPC_C_1
	Function /Game/Blueprints/gameplay/gameplayPC.gameplayPC_C:ExecuteUbergraph_gameplayPC:09E1
[2018.04.02-18.24.49:870][985]LogScript: Warning: Script call stack:
	Function /Game/Blueprints/gameplay/gameplayPC.gameplayPC_C:ReceiveTick
	Function /Game/Blueprints/gameplay/gameplayPC.gameplayPC_C:ExecuteUbergraph_gameplayPC

[2018.04.02-18.24.49:870][985]LogScript: Warning: Accessed None trying to read property currentSpellCast
	gameplayPC_C /Game/Maps/Arena01.arena01:PersistentLevel.gameplayPC_C_1
	Function /Game/Blueprints/gameplay/gameplayPC.gameplayPC_C:ExecuteUbergraph_gameplayPC:0324
[2018.04.02-18.24.49:870][985]LogScript: Warning: Script call stack:
	Function /Game/Blueprints/gameplay/gameplayPC.gameplayPC_C:ReceiveTick
	Function /Game/Blueprints/gameplay/gameplayPC.gameplayPC_C:ExecuteUbergraph_gameplayPC

[2018.04.02-18.24.49:906][986]LogRenderer: Reallocating scene render targets to support 1920x1080 Format 10 NumSamples 1 (Frame:1).
[2018.04.02-18.24.49:954][986]LogScriptCore: Warning: Script Msg: DestroySession - Invalid player state
[2018.04.02-18.24.49:954][986]LogScript: Warning: Accessed None trying to read property currentSpellCast
	gameplayPC_C /Game/Maps/Arena01.arena01:PersistentLevel.gameplayPC_C_0
	Function /Game/Blueprints/gameplay/gameplayPC.gameplayPC_C:ExecuteUbergraph_gameplayPC:0984
[2018.04.02-18.24.49:954][986]LogScript: Warning: Script call stack:
	Function /Game/Blueprints/gameplay/gameplayPC.gameplayPC_C:ReceiveTick
	Function /Game/Blueprints/gameplay/gameplayPC.gameplayPC_C:ExecuteUbergraph_gameplayPC

[2018.04.02-18.24.49:954][986]LogScript: Warning: Accessed None
	gameplayPC_C /Game/Maps/Arena01.arena01:PersistentLevel.gameplayPC_C_0
	Function /Game/Blueprints/gameplay/gameplayPC.gameplayPC_C:ExecuteUbergraph_gameplayPC:0999
[2018.04.02-18.24.49:954][986]LogScript: Warning: Script call stack:
	Function /Game/Blueprints/gameplay/gameplayPC.gameplayPC_C:ReceiveTick
	Function /Game/Blueprints/gameplay/gameplayPC.gameplayPC_C:ExecuteUbergraph_gameplayPC

[2018.04.02-18.24.49:954][986]LogScript: Warning: Accessed None trying to read property currentSpellCast
	gameplayPC_C /Game/Maps/Arena01.arena01:PersistentLevel.gameplayPC_C_0
	Function /Game/Blueprints/gameplay/gameplayPC.gameplayPC_C:ExecuteUbergraph_gameplayPC:09CC
[2018.04.02-18.24.49:954][986]LogScript: Warning: Script call stack:
	Function /Game/Blueprints/gameplay/gameplayPC.gameplayPC_C:ReceiveTick
	Function /Game/Blueprints/gameplay/gameplayPC.gameplayPC_C:ExecuteUbergraph_gameplayPC

[2018.04.02-18.24.49:954][986]LogScript: Warning: Accessed None
	gameplayPC_C /Game/Maps/Arena01.arena01:PersistentLevel.gameplayPC_C_0
	Function /Game/Blueprints/gameplay/gameplayPC.gameplayPC_C:ExecuteUbergraph_gameplayPC:09E1
[2018.04.02-18.24.49:955][986]LogScript: Warning: Script call stack:
	Function /Game/Blueprints/gameplay/gameplayPC.gameplayPC_C:ReceiveTick
	Function /Game/Blueprints/gameplay/gameplayPC.gameplayPC_C:ExecuteUbergraph_gameplayPC

[2018.04.02-18.24.49:955][986]LogScript: Warning: Accessed None trying to read property currentSpellCast
	gameplayPC_C /Game/Maps/Arena01.arena01:PersistentLevel.gameplayPC_C_0
	Function /Game/Blueprints/gameplay/gameplayPC.gameplayPC_C:ExecuteUbergraph_gameplayPC:0324
[2018.04.02-18.24.49:955][986]LogScript: Warning: Script call stack:
	Function /Game/Blueprints/gameplay/gameplayPC.gameplayPC_C:ReceiveTick
	Function /Game/Blueprints/gameplay/gameplayPC.gameplayPC_C:ExecuteUbergraph_gameplayPC

[2018.04.02-18.24.49:955][986]LogScript: Warning: Accessed None trying to read property currentSpellCast
	gameplayPC_C /Game/Maps/Arena01.arena01:PersistentLevel.gameplayPC_C_1
	Function /Game/Blueprints/gameplay/gameplayPC.gameplayPC_C:ExecuteUbergraph_gameplayPC:0984
[2018.04.02-18.24.49:955][986]LogScript: Warning: Script call stack:
	Function /Game/Blueprints/gameplay/gameplayPC.gameplayPC_C:ReceiveTick
	Function /Game/Blueprints/gameplay/gameplayPC.gameplayPC_C:ExecuteUbergraph_gameplayPC

[2018.04.02-18.24.49:955][986]LogScript: Warning: Accessed None
	gameplayPC_C /Game/Maps/Arena01.arena01:PersistentLevel.gameplayPC_C_1
	Function /Game/Blueprints/gameplay/gameplayPC.gameplayPC_C:ExecuteUbergraph_gameplayPC:0999
[2018.04.02-18.24.49:955][986]LogScript: Warning: Script call stack:
	Function /Game/Blueprints/gameplay/gameplayPC.gameplayPC_C:ReceiveTick
	Function /Game/Blueprints/gameplay/gameplayPC.gameplayPC_C:ExecuteUbergraph_gameplayPC

[2018.04.02-18.24.49:955][986]LogScript: Warning: Accessed None trying to read property currentSpellCast
	gameplayPC_C /Game/Maps/Arena01.arena01:PersistentLevel.gameplayPC_C_1
	Function /Game/Blueprints/gameplay/gameplayPC.gameplayPC_C:ExecuteUbergraph_gameplayPC:09CC
[2018.04.02-18.24.49:955][986]LogScript: Warning: Script call stack:
	Function /Game/Blueprints/gameplay/gameplayPC.gameplayPC_C:ReceiveTick
	Function /Game/Blueprints/gameplay/gameplayPC.gameplayPC_C:ExecuteUbergraph_gameplayPC

[2018.04.02-18.24.49:955][986]LogScript: Warning: Accessed None
	gameplayPC_C /Game/Maps/Arena01.arena01:PersistentLevel.gameplayPC_C_1
	Function /Game/Blueprints/gameplay/gameplayPC.gameplayPC_C:ExecuteUbergraph_gameplayPC:09E1
[2018.04.02-18.24.49:955][986]LogScript: Warning: Script call stack:
	Function /Game/Blueprints/gameplay/gameplayPC.gameplayPC_C:ReceiveTick
	Function /Game/Blueprints/gameplay/gameplayPC.gameplayPC_C:ExecuteUbergraph_gameplayPC

[2018.04.02-18.24.49:955][986]LogScript: Warning: Accessed None trying to read property currentSpellCast
	gameplayPC_C /Game/Maps/Arena01.arena01:PersistentLevel.gameplayPC_C_1
	Function /Game/Blueprints/gameplay/gameplayPC.gameplayPC_C:ExecuteUbergraph_gameplayPC:0324
[2018.04.02-18.24.49:955][986]LogScript: Warning: Script call stack:
	Function /Game/Blueprints/gameplay/gameplayPC.gameplayPC_C:ReceiveTick
	Function /Game/Blueprints/gameplay/gameplayPC.gameplayPC_C:ExecuteUbergraph_gameplayPC

[2018.04.02-18.24.50:095][987]LogScript: Warning: Accessed None trying to read property currentSpellCast
	gameplayPC_C /Game/Maps/Arena01.arena01:PersistentLevel.gameplayPC_C_0
	Function /Game/Blueprints/gameplay/gameplayPC.gameplayPC_C:ExecuteUbergraph_gameplayPC:0984
[2018.04.02-18.24.50:095][987]LogScript: Warning: Script call stack:
	Function /Game/Blueprints/gameplay/gameplayPC.gameplayPC_C:ReceiveTick
	Function /Game/Blueprints/gameplay/gameplayPC.gameplayPC_C:ExecuteUbergraph_gameplayPC

[2018.04.02-18.24.50:095][987]LogScript: Warning: Accessed None
	gameplayPC_C /Game/Maps/Arena01.arena01:PersistentLevel.gameplayPC_C_0
	Function /Game/Blueprints/gameplay/gameplayPC.gameplayPC_C:ExecuteUbergraph_gameplayPC:0999
[2018.04.02-18.24.50:095][987]LogScript: Warning: Script call stack:
	Function /Game/Blueprints/gameplay/gameplayPC.gameplayPC_C:ReceiveTick
	Function /Game/Blueprints/gameplay/gameplayPC.gameplayPC_C:ExecuteUbergraph_gameplayPC

[2018.04.02-18.24.50:095][987]LogScript: Warning: Accessed None trying to read property currentSpellCast
	gameplayPC_C /Game/Maps/Arena01.arena01:PersistentLevel.gameplayPC_C_1
	Function /Game/Blueprints/gameplay/gameplayPC.gameplayPC_C:ExecuteUbergraph_gameplayPC:0984
[2018.04.02-18.24.50:095][987]LogScript: Warning: Script call stack:
	Function /Game/Blueprints/gameplay/gameplayPC.gameplayPC_C:ReceiveTick
	Function /Game/Blueprints/gameplay/gameplayPC.gameplayPC_C:ExecuteUbergraph_gameplayPC

[2018.04.02-18.24.50:095][987]LogScript: Warning: Accessed None
	gameplayPC_C /Game/Maps/Arena01.arena01:PersistentLevel.gameplayPC_C_1
	Function /Game/Blueprints/gameplay/gameplayPC.gameplayPC_C:ExecuteUbergraph_gameplayPC:0999
[2018.04.02-18.24.50:096][987]LogScript: Warning: Script call stack:
	Function /Game/Blueprints/gameplay/gameplayPC.gameplayPC_C:ReceiveTick
	Function /Game/Blueprints/gameplay/gameplayPC.gameplayPC_C:ExecuteUbergraph_gameplayPC

[2018.04.02-18.25.14:330][447]LogNet: UChannel::ReceivedSequencedBunch: Bunch.bClose == true. ChIndex == 0. Calling ConditionalCleanUp.
[2018.04.02-18.25.14:330][447]LogNet: UChannel::CleanUp: ChIndex == 0. Closing connection. [UChannel] ChIndex: 0, Closing: 0 [UNetConnection] RemoteAddr: 76561198011701234:7777, Name: SteamNetConnection_0, Driver: GameNetDriver SteamNetDriver_0, IsServer: YES, PC: gameplayPC_C_1, Owner: gameplayPC_C_1
[2018.04.02-18.25.14:330][447]LogNet: UNetConnection::Close: [UNetConnection] RemoteAddr: 76561198011701234:7777, Name: SteamNetConnection_0, Driver: GameNetDriver SteamNetDriver_0, IsServer: YES, PC: gameplayPC_C_1, Owner: gameplayPC_C_1, Channels: 11, Time: 2018.04.02-18.25.14
[2018.04.02-18.25.14:382][447]LogNet: UChannel::Close: Sending CloseBunch. ChIndex == 0. Name: [UChannel] ChIndex: 0, Closing: 0 [UNetConnection] RemoteAddr: 76561198011701234:7777, Name: SteamNetConnection_0, Driver: GameNetDriver SteamNetDriver_0, IsServer: YES, PC: gameplayPC_C_1, Owner: gameplayPC_C_1
[2018.04.02-18.25.14:715][454]LogScriptCore: Warning: Script Msg: DestroySessionCallback - Invalid player state
[2018.04.02-18.25.31:987][781]LogWindowsTextInputMethodSystem: Display: IME system now deactivated.
[2018.04.02-18.25.31:987][781]LogWindowsTextInputMethodSystem: Display: IME system now deactivated.
[2018.04.02-18.25.31:992][781]LogWindowsTextInputMethodSystem: Display: IME system now deactivated.
[2018.04.02-18.25.31:992][781]LogWindowsTextInputMethodSystem: Display: IME system now deactivated.
[2018.04.02-18.25.31:995][781]LogOnline: Warning: STEAM: Can't destroy a null online session (GameSession)
[2018.04.02-18.25.31:995][781]LogScriptCore: Warning: Script Msg: DestroySessionCallback - Invalid player state
[2018.04.02-18.25.31:995][781]LogOnline: Warning: STEAM: No game present to leave for session (GameSession)
[2018.04.02-18.25.31:995][781]LogEngine: All Windows Closed
[2018.04.02-18.25.31:995][781]LogWindows: FPlatformMisc::RequestExit(0)
[2018.04.02-18.25.32:001][782]LogNet: World NetDriver shutdown SteamNetDriver_0 [GameNetDriver]
[2018.04.02-18.25.32:001][782]LogNet: DestroyNamedNetDriver SteamNetDriver_0 [GameNetDriver]
[2018.04.02-18.25.32:001][782]LogExit: GameNetDriver SteamNetDriver_0 shut down
[2018.04.02-18.25.32:052][782]LogExit: Preparing to exit.
[2018.04.02-18.25.32:052][782]LogMoviePlayer: Shutting down movie player
[2018.04.02-18.25.32:086][782]LogExit: Game engine shut down
[2018.04.02-18.25.32:149][782]LogExit: Object subsystem successfully closed.
[2018.04.02-18.25.32:165][782]LogD3D11RHI: Shutdown
[2018.04.02-18.25.32:165][782]LogD3D11RHI: CleanupD3DDevice
[2018.04.02-18.25.32:167][782]LogD3D11RHI: ~FD3D11DynamicRHI
[2018.04.02-18.25.32:171][782]LogModuleManager: Shutting down and abandoning module SequenceRecorderSections (314)
[2018.04.02-18.25.32:171][782]LogModuleManager: Shutting down and abandoning module SequenceRecorder (312)
[2018.04.02-18.25.32:171][782]LogModuleManager: Shutting down and abandoning module AutomationController (310)
[2018.04.02-18.25.32:171][782]LogModuleManager: Shutting down and abandoning module AutomationWorker (308)
[2018.04.02-18.25.32:171][782]LogModuleManager: Shutting down and abandoning module AIModule (306)
[2018.04.02-18.25.32:171][782]LogModuleManager: Shutting down and abandoning module GameplayDebugger (305)
[2018.04.02-18.25.32:171][782]LogModuleManager: Shutting down and abandoning module AITestSuite (303)
[2018.04.02-18.25.32:171][782]LogModuleManager: Shutting down and abandoning module WmfMediaFactory (300)
[2018.04.02-18.25.32:171][782]LogModuleManager: Shutting down and abandoning module OpenExrWrapper (298)
[2018.04.02-18.25.32:171][782]LogModuleManager: Shutting down and abandoning module ImgMediaFactory (296)
[2018.04.02-18.25.32:171][782]LogModuleManager: Shutting down and abandoning module AvfMediaFactory (294)
[2018.04.02-18.25.32:171][782]LogModuleManager: Shutting down and abandoning module CharacterAI (292)
[2018.04.02-18.25.32:171][782]LogModuleManager: Shutting down and abandoning module SessionServices (290)
[2018.04.02-18.25.32:171][782]LogModuleManager: Shutting down and abandoning module MovieSceneCapture (288)
[2018.04.02-18.25.32:171][782]LogModuleManager: Shutting down and abandoning module MovieSceneTracks (286)
[2018.04.02-18.25.32:171][782]LogModuleManager: Shutting down and abandoning module MovieScene (284)
[2018.04.02-18.25.32:171][782]LogModuleManager: Shutting down and abandoning module GeometryCache (282)
[2018.04.02-18.25.32:171][782]LogModuleManager: Shutting down and abandoning module GeometryCacheEd (281)
[2018.04.02-18.25.32:171][782]LogModuleManager: Shutting down and abandoning module StreamingPauseRendering (278)
[2018.04.02-18.25.32:171][782]LogModuleManager: Shutting down and abandoning module PortalServices (276)
[2018.04.02-18.25.32:171][782]LogModuleManager: Shutting down and abandoning module PortalRpc (274)
[2018.04.02-18.25.32:171][782]LogModuleManager: Shutting down and abandoning module MessagingRpc (272)
[2018.04.02-18.25.32:171][782]LogModuleManager: Shutting down and abandoning module ProfilerService (270)
[2018.04.02-18.25.32:288][782]LogModuleManager: Shutting down and abandoning module TaskGraph (268)
[2018.04.02-18.25.32:288][782]LogModuleManager: Shutting down and abandoning module SteamVRController (266)
[2018.04.02-18.25.32:288][782]LogModuleManager: Shutting down and abandoning module ProceduralMeshComponent (264)
[2018.04.02-18.25.32:288][782]LogModuleManager: Shutting down and abandoning module OculusInput (262)
[2018.04.02-18.25.32:288][782]LogModuleManager: Shutting down and abandoning module MobilePatchingUtils (260)
[2018.04.02-18.25.32:288][782]LogModuleManager: Shutting down and abandoning module CustomMeshComponent (258)
[2018.04.02-18.25.32:288][782]LogModuleManager: Shutting down and abandoning module CableComponent (256)
[2018.04.02-18.25.32:288][782]LogModuleManager: Shutting down and abandoning module ArchVisCharacter (254)
[2018.04.02-18.25.32:288][782]LogModuleManager: Shutting down and abandoning module AndroidPermission (252)
[2018.04.02-18.25.32:288][782]LogModuleManager: Shutting down and abandoning module ActorSequence (248)
[2018.04.02-18.25.32:288][782]LogModuleManager: Shutting down and abandoning module MediaCompositing (246)
[2018.04.02-18.25.32:288][782]LogModuleManager: Shutting down and abandoning module HTML5Networking (244)
[2018.04.02-18.25.32:288][782]LogModuleManager: Shutting down and abandoning module VisualStudioSourceCodeAccess (242)
[2018.04.02-18.25.32:288][782]LogModuleManager: Shutting down and abandoning module HotReload (241)
[2018.04.02-18.25.32:288][782]LogDirectoryWatcher: A directory notification for 'D:/ue4/steam/Binaries/Win64' was aborted.
[2018.04.02-18.25.32:288][782]LogModuleManager: Shutting down and abandoning module VisualStudioCodeSourceCodeAccess (238)
[2018.04.02-18.25.32:288][782]LogModuleManager: Shutting down and abandoning module UObjectPlugin (236)
[2018.04.02-18.25.32:288][782]LogModuleManager: Shutting down and abandoning module SubversionSourceControl (234)
[2018.04.02-18.25.32:289][782]LogModuleManager: Shutting down and abandoning module PerforceSourceControl (232)
[2018.04.02-18.25.32:289][782]LogModuleManager: Shutting down and abandoning module SourceControl (231)
[2018.04.02-18.25.32:289][782]LogModuleManager: Shutting down and abandoning module RuntimePhysXCooking (228)
[2018.04.02-18.25.32:289][782]LogModuleManager: Shutting down and abandoning module PhysXVehiclesEditor (226)
[2018.04.02-18.25.32:289][782]LogModuleManager: Shutting down and abandoning module PhysXVehicles (224)
[2018.04.02-18.25.32:289][782]LogModuleManager: Shutting down and abandoning module LocationServicesBPLibrary (222)
[2018.04.02-18.25.32:289][782]LogModuleManager: Shutting down and abandoning module ImmediatePhysicsEditor (220)
[2018.04.02-18.25.32:289][782]LogModuleManager: Shutting down and abandoning module ImmediatePhysics (218)
[2018.04.02-18.25.32:289][782]LogModuleManager: Shutting down and abandoning module UdpMessaging (216)
[2018.04.02-18.25.32:289][782]LogModuleManager: Shutting down and abandoning module TcpMessaging (214)
[2018.04.02-18.25.32:289][782]LogModuleManager: Shutting down and abandoning module GameplayTagsEditor (212)
[2018.04.02-18.25.32:289][782]LogModuleManager: Shutting down and abandoning module FacialAnimation (210)
[2018.04.02-18.25.32:289][782]LogModuleManager: Shutting down and abandoning module AssetManagerEditor (208)
[2018.04.02-18.25.32:289][782]LogModuleManager: Shutting down and abandoning module GraphEditor (207)
[2018.04.02-18.25.32:289][782]LogModuleManager: Shutting down and abandoning module ContentBrowser (205)
[2018.04.02-18.25.32:289][782]LogModuleManager: Shutting down and abandoning module CollectionManager (204)
[2018.04.02-18.25.32:289][782]LogDirectoryWatcher: A directory notification for 'D:/ue4/steam/Content/Collections/' was aborted.
[2018.04.02-18.25.32:289][782]LogDirectoryWatcher: A directory notification for 'D:/ue4/steam/Content/Developers/Energy/Collections/' was aborted.
[2018.04.02-18.25.32:289][782]LogDirectoryWatcher: A directory notification for 'D:/ue4/steam/Saved/Collections/' was aborted.
[2018.04.02-18.25.32:289][782]LogModuleManager: Shutting down and abandoning module DirectoryWatcher (203)
[2018.04.02-18.25.32:289][782]LogModuleManager: Shutting down and abandoning module LightPropagationVolumeRuntime (198)
[2018.04.02-18.25.32:289][782]LogModuleManager: Shutting down and abandoning module Paper2D (196)
[2018.04.02-18.25.32:289][782]LogModuleManager: Shutting down and abandoning module WindowsMoviePlayer (194)
[2018.04.02-18.25.32:289][782]LogModuleManager: Shutting down and abandoning module WmfMedia (192)
[2018.04.02-18.25.32:290][782]LogModuleManager: Shutting down and abandoning module ImgMedia (190)
[2018.04.02-18.25.32:290][782]LogModuleManager: Shutting down and abandoning module PacketHandler (188)
[2018.04.02-18.25.32:290][782]LogModuleManager: Shutting down and abandoning module ClothingSystemEditor (186)
[2018.04.02-18.25.32:290][782]LogModuleManager: Shutting down and abandoning module ClothingSystemRuntime (184)
[2018.04.02-18.25.32:290][782]LogModuleManager: Shutting down and abandoning module MediaAssets (182)
[2018.04.02-18.25.32:290][782]LogModuleManager: Shutting down and abandoning module Media (181)
[2018.04.02-18.25.32:296][782]LogModuleManager: Shutting down and abandoning module Overlay (178)
[2018.04.02-18.25.32:296][782]LogModuleManager: Shutting down and abandoning module OverlayEditor (177)
[2018.04.02-18.25.32:296][782]LogModuleManager: Shutting down and abandoning module VREditor (174)
[2018.04.02-18.25.32:296][782]LogModuleManager: Shutting down and abandoning module StringTableEditor (172)
[2018.04.02-18.25.32:296][782]LogModuleManager: Shutting down and abandoning module GameplayTasksEditor (170)
[2018.04.02-18.25.32:296][782]LogModuleManager: Shutting down and abandoning module BehaviorTreeEditor (168)
[2018.04.02-18.25.32:296][782]LogModuleManager: Shutting down and abandoning module FunctionalTesting (166)
[2018.04.02-18.25.32:296][782]LogModuleManager: Shutting down and abandoning module CollisionAnalyzer (164)
[2018.04.02-18.25.32:296][782]LogModuleManager: Shutting down and abandoning module WorkspaceMenuStructure (163)
[2018.04.02-18.25.32:296][782]LogModuleManager: Shutting down and abandoning module UMG (160)
[2018.04.02-18.25.32:296][782]LogModuleManager: Shutting down and abandoning module UMGEditor (159)
[2018.04.02-18.25.32:297][782]LogModuleManager: Shutting down and abandoning module Sequencer (158)
[2018.04.02-18.25.32:297][782]LogModuleManager: Shutting down and abandoning module MessageLog (155)
[2018.04.02-18.25.32:297][782]LogModuleManager: Shutting down and abandoning module SlateReflector (150)
[2018.04.02-18.25.32:297][782]LogModuleManager: Shutting down and abandoning module Slate (148)
[2018.04.02-18.25.32:297][782]LogModuleManager: Shutting down and abandoning module EditorStyle (146)
[2018.04.02-18.25.32:299][782]LogModuleManager: Shutting down and abandoning module MRMesh (144)
[2018.04.02-18.25.32:299][782]LogModuleManager: Shutting down and abandoning module Messaging (142)
[2018.04.02-18.25.32:299][782]LogModuleManager: Shutting down and abandoning module SourceCodeAccess (140)
[2018.04.02-18.25.32:299][782]LogModuleManager: Shutting down and abandoning module HeadMountedDisplay (138)
[2018.04.02-18.25.32:299][782]LogModuleManager: Shutting down and abandoning module XAudio2 (136)
[2018.04.02-18.25.32:299][782]LogModuleManager: Shutting down and abandoning module Networking (134)
[2018.04.02-18.25.32:299][782]LogModuleManager: Shutting down and abandoning module Core (132)
[2018.04.02-18.25.32:299][782]LogModuleManager: Shutting down and abandoning module LevelSequence (130)
[2018.04.02-18.25.32:299][782]LogModuleManager: Shutting down and abandoning module KismetCompiler (128)
[2018.04.02-18.25.32:299][782]LogModuleManager: Shutting down and abandoning module MeshUtilities (126)
[2018.04.02-18.25.32:299][782]LogModuleManager: Shutting down and abandoning module MeshMergeUtilities (125)
[2018.04.02-18.25.32:299][782]LogModuleManager: Shutting down and abandoning module MeshReductionInterface (124)
[2018.04.02-18.25.32:299][782]LogModuleManager: Shutting down and abandoning module SimplygonSwarm (123)
[2018.04.02-18.25.32:299][782]LogModuleManager: Shutting down and abandoning module SimplygonMeshReduction (121)
[2018.04.02-18.25.32:299][782]LogModuleManager: Shutting down and abandoning module QuadricMeshReduction (119)
[2018.04.02-18.25.32:299][782]LogModuleManager: Shutting down and abandoning module MaterialBaking (115)
[2018.04.02-18.25.32:299][782]LogModuleManager: Shutting down and abandoning module DerivedDataCache (110)
[2018.04.02-18.25.32:430][782]LogDerivedDataCache: Shutdown
[2018.04.02-18.25.32:430][782]LogModuleManager: Shutting down and abandoning module TargetPlatform (108)
[2018.04.02-18.25.32:430][782]LogModuleManager: Shutting down and abandoning module VulkanShaderFormat (107)
[2018.04.02-18.25.32:430][782]LogModuleManager: Shutting down and abandoning module ShaderFormatVectorVM (105)
[2018.04.02-18.25.32:430][782]LogModuleManager: Shutting down and abandoning module ShaderFormatOpenGL (103)
[2018.04.02-18.25.32:430][782]LogModuleManager: Shutting down and abandoning module ShaderFormatD3D (101)
[2018.04.02-18.25.32:430][782]LogModuleManager: Shutting down and abandoning module MetalShaderFormat (99)
[2018.04.02-18.25.32:430][782]LogModuleManager: Shutting down and abandoning module TextureFormatUncompressed (97)
[2018.04.02-18.25.32:430][782]LogModuleManager: Shutting down and abandoning module TextureFormatPVR (95)
[2018.04.02-18.25.32:430][782]LogModuleManager: Shutting down and abandoning module TextureFormatDXT (93)
[2018.04.02-18.25.32:430][782]LogModuleManager: Shutting down and abandoning module TextureFormatIntelISPCTexComp (91)
[2018.04.02-18.25.32:431][782]LogModuleManager: Shutting down and abandoning module TextureFormatASTC (89)
[2018.04.02-18.25.32:431][782]LogModuleManager: Shutting down and abandoning module ImageWrapper (88)
[2018.04.02-18.25.32:431][782]LogModuleManager: Shutting down and abandoning module TextureFormatAndroid (85)
[2018.04.02-18.25.32:431][782]LogModuleManager: Shutting down and abandoning module AudioFormatOpus (83)
[2018.04.02-18.25.32:431][782]LogModuleManager: Shutting down and abandoning module AudioFormatOgg (81)
[2018.04.02-18.25.32:431][782]LogModuleManager: Shutting down and abandoning module AudioFormatADPCM (79)
[2018.04.02-18.25.32:431][782]LogModuleManager: Shutting down and abandoning module WindowsTargetPlatform (77)
[2018.04.02-18.25.32:431][782]LogModuleManager: Shutting down and abandoning module WindowsServerTargetPlatform (75)
[2018.04.02-18.25.32:431][782]LogModuleManager: Shutting down and abandoning module WindowsNoEditorTargetPlatform (73)
[2018.04.02-18.25.32:431][782]LogModuleManager: Shutting down and abandoning module WindowsClientTargetPlatform (71)
[2018.04.02-18.25.32:431][782]LogModuleManager: Shutting down and abandoning module InputCore (68)
[2018.04.02-18.25.32:431][782]LogModuleManager: Shutting down and abandoning module Settings (66)
[2018.04.02-18.25.32:431][782]LogModuleManager: Shutting down and abandoning module PhysXCooking (64)
[2018.04.02-18.25.32:431][782]LogModuleManager: Shutting down and abandoning module SteamVR (62)
[2018.04.02-18.25.32:431][782]LogModuleManager: Shutting down and abandoning module OculusHMD (60)
[2018.04.02-18.25.32:431][782]LogModuleManager: Shutting down and abandoning module ExampleDeviceProfileSelector (58)
[2018.04.02-18.25.32:431][782]LogModuleManager: Shutting down and abandoning module AppleARKit (56)
[2018.04.02-18.25.32:431][782]LogModuleManager: Shutting down and abandoning module AugmentedReality (55)
[2018.04.02-18.25.32:431][782]LogModuleManager: Shutting down and abandoning module OnlineBlueprintSupport (52)
[2018.04.02-18.25.32:431][782]LogModuleManager: Shutting down and abandoning module OnlineSubsystem (48)
[2018.04.02-18.25.32:431][782]LogOnline: Display: STEAM: OnlineSubsystemSteam::Shutdown()
[2018.04.02-18.25.32:431][782]LogOnline: Display: OSS: FOnlineAsyncTaskManager::Stop() ActiveTask:0000000000000000 Tasks[0/0]
[2018.04.02-18.25.32:459][782]LogOnline: Display: OSS: FOnlineAsyncTaskManager::Exit() started
[2018.04.02-18.25.32:459][782]LogOnline: Display: OSS: FOnlineAsyncTaskManager::Exit() finished
[2018.04.02-18.25.32:459][782]LogOnline: Display: STEAM: OnlineSubsystemSteam::Shutdown()
[2018.04.02-18.25.32:459][782]LogModuleManager: Shutting down and abandoning module XMPP (43)
[2018.04.02-18.25.32:459][782]LogModuleManager: Shutting down and abandoning module HTTP (41)
[2018.04.02-18.25.32:464][782]LogModuleManager: Shutting down and abandoning module SSL (40)
[2018.04.02-18.25.32:465][782]LogModuleManager: Shutting down and abandoning module AnimationModifiers (36)
[2018.04.02-18.25.32:465][782]LogModuleManager: Shutting down and abandoning module PropertyEditor (35)
[2018.04.02-18.25.32:465][782]LogModuleManager: Shutting down and abandoning module AudioEditor (32)
[2018.04.02-18.25.32:465][782]LogModuleManager: Shutting down and abandoning module TextureCompressor (30)
[2018.04.02-18.25.32:466][782]LogModuleManager: Shutting down and abandoning module ShaderCore (28)
[2018.04.02-18.25.32:466][782]LogModuleManager: Shutting down and abandoning module Landscape (26)
[2018.04.02-18.25.32:466][782]LogModuleManager: Shutting down and abandoning module SlateRHIRenderer (24)
[2018.04.02-18.25.32:466][782]LogModuleManager: Shutting down and abandoning module OpenGLDrv (22)
[2018.04.02-18.25.32:466][782]LogModuleManager: Shutting down and abandoning module D3D11RHI (20)
[2018.04.02-18.25.32:466][782]LogModuleManager: Shutting down and abandoning module AnimGraphRuntime (18)
[2018.04.02-18.25.32:466][782]LogModuleManager: Shutting down and abandoning module Renderer (16)
[2018.04.02-18.25.32:466][782]LogModuleManager: Shutting down and abandoning module Engine (14)
[2018.04.02-18.25.32:466][782]LogModuleManager: Shutting down and abandoning module CoreUObject (12)
[2018.04.02-18.25.32:466][782]LogModuleManager: Shutting down and abandoning module NetworkFile (10)
[2018.04.02-18.25.32:466][782]LogModuleManager: Shutting down and abandoning module CookedIterativeFile (8)
[2018.04.02-18.25.32:466][782]LogModuleManager: Shutting down and abandoning module StreamingFile (6)
[2018.04.02-18.25.32:466][782]LogModuleManager: Shutting down and abandoning module SandboxFile (4)
[2018.04.02-18.25.32:466][782]LogModuleManager: Shutting down and abandoning module PakFile (2)
[2018.04.02-18.25.32:516][782]LogExit: Exiting.
[2018.04.02-18.25.32:518][782]Log file closed, 04/02/18 11:25:32
