Log file open, 02/10/18 17:45:12
LogWindows: Failed to load 'aqProf.dll' (GetLastError=126)
LogWindows: File 'aqProf.dll' does not exist
LogWindows: Failed to load 'VtuneApi.dll' (GetLastError=126)
LogWindows: File 'VtuneApi.dll' does not exist
LogWindows: Failed to load 'VtuneApi32e.dll' (GetLastError=126)
LogWindows: File 'VtuneApi32e.dll' does not exist
LogInit: Display: Running engine for game: MyProject12
LogPlatformFile: Not using cached read wrapper
LogInit: Display: RandInit(961744959) SRandInit(961744959).
LogInit: Read version file with build ID '3709383'
LogInit: Overriding engine version to CL 3754814, compatible CL 3709383
LogInit: Registered custom module enumerator with build ID '3709383'
LogTaskGraph: Started task graph with 5 named threads and 14 total threads with 3 sets of task threads.
LogStats: Stats thread started at 0.378056
LogD3D11RHI: Aftermath initialized
LogModuleManager: Display: Found up-to-date module file ../../../Engine/Plugins/Online/OnlineSubsystemSteam/Binaries/Win64/UE4Editor-OnlineSubsystemSteam.dll (API version 3709383).
LogModuleManager: Display: Found up-to-date module file ../../../Engine/Plugins/Online/OnlineSubsystem/Binaries/Win64/UE4Editor-OnlineSubsystem.dll (API version 3709383).
LogModuleManager: Display: Found up-to-date module file ../../../Engine/Plugins/Online/OnlineSubsystemUtils/Binaries/Win64/UE4Editor-OnlineSubsystemUtils.dll (API version 3709383).
LogModuleManager: Display: Found up-to-date module file ../../../Engine/Plugins/Online/OnlineSubsystemUtils/Binaries/Win64/UE4Editor-OnlineBlueprintSupport.dll (API version 3709383).
LogModuleManager: Display: Found up-to-date module file ../../../Engine/Plugins/2D/Paper2D/Binaries/Win64/UE4Editor-Paper2D.dll (API version 3709383).
LogModuleManager: Display: Found up-to-date module file ../../../Engine/Plugins/2D/Paper2D/Binaries/Win64/UE4Editor-Paper2DEditor.dll (API version 3709383).
LogModuleManager: Display: Found up-to-date module file ../../../Engine/Plugins/2D/Paper2D/Binaries/Win64/UE4Editor-PaperSpriteSheetImporter.dll (API version 3709383).
LogModuleManager: Display: Found up-to-date module file ../../../Engine/Plugins/2D/Paper2D/Binaries/Win64/UE4Editor-PaperTiledImporter.dll (API version 3709383).
LogModuleManager: Display: Found up-to-date module file ../../../Engine/Plugins/2D/Paper2D/Binaries/Win64/UE4Editor-SmartSnapping.dll (API version 3709383).
LogModuleManager: Display: Found up-to-date module file ../../../Engine/Plugins/Blendables/LightPropagationVolume/Binaries/Win64/UE4Editor-LightPropagationVolumeRuntime.dll (API version 3709383).
LogModuleManager: Display: Found up-to-date module file ../../../Engine/Plugins/Blendables/LightPropagationVolume/Binaries/Win64/UE4Editor-LightPropagationVolumeEditor.dll (API version 3709383).
LogModuleManager: Display: Found up-to-date module file ../../../Engine/Plugins/Developer/GitSourceControl/Binaries/Win64/UE4Editor-GitSourceControl.dll (API version 3709383).
LogModuleManager: Display: Found up-to-date module file ../../../Engine/Plugins/Developer/PerforceSourceControl/Binaries/Win64/UE4Editor-PerforceSourceControl.dll (API version 3709383).
LogModuleManager: Display: Found up-to-date module file ../../../Engine/Plugins/Developer/SubversionSourceControl/Binaries/Win64/UE4Editor-SubversionSourceControl.dll (API version 3709383).
LogModuleManager: Display: Found up-to-date module file ../../../Engine/Plugins/Developer/UObjectPlugin/Binaries/Win64/UE4Editor-UObjectPlugin.dll (API version 3709383).
LogModuleManager: Display: Found up-to-date module file ../../../Engine/Plugins/Developer/VisualStudioCodeSourceCodeAccess/Binaries/Win64/UE4Editor-VisualStudioCodeSourceCodeAccess.dll (API version 3709383).
LogModuleManager: Display: Found up-to-date module file ../../../Engine/Plugins/Developer/VisualStudioSourceCodeAccess/Binaries/Win64/UE4Editor-VisualStudioSourceCodeAccess.dll (API version 3709383).
LogModuleManager: Display: Found up-to-date module file ../../../Engine/Plugins/Editor/AssetManagerEditor/Binaries/Win64/UE4Editor-AssetManagerEditor.dll (API version 3709383).
LogModuleManager: Display: Found up-to-date module file ../../../Engine/Plugins/Editor/AudioCapture/Binaries/Win64/UE4Editor-AudioCapture.dll (API version 3709383).
LogModuleManager: Display: Found up-to-date module file ../../../Engine/Plugins/Editor/FacialAnimation/Binaries/Win64/UE4Editor-FacialAnimation.dll (API version 3709383).
LogModuleManager: Display: Found up-to-date module file ../../../Engine/Plugins/Editor/FacialAnimation/Binaries/Win64/UE4Editor-FacialAnimationEditor.dll (API version 3709383).
LogModuleManager: Display: Found up-to-date module file ../../../Engine/Plugins/Editor/GameplayTagsEditor/Binaries/Win64/UE4Editor-GameplayTagsEditor.dll (API version 3709383).
LogModuleManager: Display: Found up-to-date module file ../../../Engine/Plugins/Editor/MobileLauncherProfileWizard/Binaries/Win64/UE4Editor-MobileLauncherProfileWizard.dll (API version 3709383).
LogModuleManager: Display: Found up-to-date module file ../../../Engine/Plugins/Editor/PluginBrowser/Binaries/Win64/UE4Editor-PluginBrowser.dll (API version 3709383).
LogModuleManager: Display: Found up-to-date module file ../../../Engine/Plugins/Editor/SpeedTreeImporter/Binaries/Win64/UE4Editor-SpeedTreeImporter.dll (API version 3709383).
LogModuleManager: Display: Found up-to-date module file ../../../Engine/Plugins/Experimental/AlembicImporter/Binaries/Win64/UE4Editor-AlembicImporter.dll (API version 3709383).
LogModuleManager: Display: Found up-to-date module file ../../../Engine/Plugins/Experimental/AlembicImporter/Binaries/Win64/UE4Editor-AlembicLibrary.dll (API version 3709383).
LogModuleManager: Display: Found up-to-date module file ../../../Engine/Plugins/Experimental/CharacterAI/Binaries/Win64/UE4Editor-CharacterAI.dll (API version 3709383).
LogModuleManager: Display: Found up-to-date module file ../../../Engine/Plugins/Experimental/HTML5Networking/Binaries/Win64/UE4Editor-HTML5Networking.dll (API version 3709383).
LogModuleManager: Display: Found up-to-date module file ../../../Engine/Plugins/Media/AndroidMedia/Binaries/Win64/UE4Editor-AndroidMediaEditor.dll (API version 3709383).
LogModuleManager: Display: Found up-to-date module file ../../../Engine/Plugins/Media/AndroidMedia/Binaries/Win64/UE4Editor-AndroidMediaFactory.dll (API version 3709383).
LogModuleManager: Display: Found up-to-date module file ../../../Engine/Plugins/Media/AvfMedia/Binaries/Win64/UE4Editor-AvfMediaEditor.dll (API version 3709383).
LogModuleManager: Display: Found up-to-date module file ../../../Engine/Plugins/Media/AvfMedia/Binaries/Win64/UE4Editor-AvfMediaFactory.dll (API version 3709383).
LogModuleManager: Display: Found up-to-date module file ../../../Engine/Plugins/Media/AvfMedia/Binaries/Win64/UE4Editor-AvfMediaFactory.dll (API version 3709383).
LogModuleManager: Display: Found up-to-date module file ../../../Engine/Plugins/Media/ImgMedia/Binaries/Win64/UE4Editor-ImgMedia.dll (API version 3709383).
LogModuleManager: Display: Found up-to-date module file ../../../Engine/Plugins/Media/ImgMedia/Binaries/Win64/UE4Editor-ImgMediaEditor.dll (API version 3709383).
LogModuleManager: Display: Found up-to-date module file ../../../Engine/Plugins/Media/ImgMedia/Binaries/Win64/UE4Editor-ImgMediaFactory.dll (API version 3709383).
LogModuleManager: Display: Found up-to-date module file ../../../Engine/Plugins/Media/ImgMedia/Binaries/Win64/UE4Editor-ImgMediaFactory.dll (API version 3709383).
LogModuleManager: Display: Found up-to-date module file ../../../Engine/Plugins/Media/ImgMedia/Binaries/Win64/UE4Editor-OpenExrWrapper.dll (API version 3709383).
LogModuleManager: Display: Found up-to-date module file ../../../Engine/Plugins/Media/MediaCompositing/Binaries/Win64/UE4Editor-MediaCompositing.dll (API version 3709383).
LogModuleManager: Display: Found up-to-date module file ../../../Engine/Plugins/Media/MediaCompositing/Binaries/Win64/UE4Editor-MediaCompositingEditor.dll (API version 3709383).
LogModuleManager: Display: Found up-to-date module file ../../../Engine/Plugins/Media/MediaPlayerEditor/Binaries/Win64/UE4Editor-MediaPlayerEditor.dll (API version 3709383).
LogModuleManager: Display: Found up-to-date module file ../../../Engine/Plugins/Media/WmfMedia/Binaries/Win64/UE4Editor-WmfMedia.dll (API version 3709383).
LogModuleManager: Display: Found up-to-date module file ../../../Engine/Plugins/Media/WmfMedia/Binaries/Win64/UE4Editor-WmfMediaEditor.dll (API version 3709383).
LogModuleManager: Display: Found up-to-date module file ../../../Engine/Plugins/Media/WmfMedia/Binaries/Win64/UE4Editor-WmfMediaFactory.dll (API version 3709383).
LogModuleManager: Display: Found up-to-date module file ../../../Engine/Plugins/Media/WmfMedia/Binaries/Win64/UE4Editor-WmfMediaFactory.dll (API version 3709383).
LogModuleManager: Display: Found up-to-date module file ../../../Engine/Plugins/Messaging/TcpMessaging/Binaries/Win64/UE4Editor-TcpMessaging.dll (API version 3709383).
LogModuleManager: Display: Found up-to-date module file ../../../Engine/Plugins/Messaging/UdpMessaging/Binaries/Win64/UE4Editor-UdpMessaging.dll (API version 3709383).
LogModuleManager: Display: Found up-to-date module file ../../../Engine/Plugins/MovieScene/ActorSequence/Binaries/Win64/UE4Editor-ActorSequence.dll (API version 3709383).
LogModuleManager: Display: Found up-to-date module file ../../../Engine/Plugins/MovieScene/LevelSequenceEditor/Binaries/Win64/UE4Editor-LevelSequenceEditor.dll (API version 3709383).
LogModuleManager: Display: Found up-to-date module file ../../../Engine/Plugins/MovieScene/MatineeToLevelSequence/Binaries/Win64/UE4Editor-MatineeToLevelSequence.dll (API version 3709383).
LogModuleManager: Display: Found up-to-date module file ../../../Engine/Plugins/Runtime/AndroidPermission/Binaries/Win64/UE4Editor-AndroidPermission.dll (API version 3709383).
LogModuleManager: Display: Found up-to-date module file ../../../Engine/Plugins/Online/OnlineSubsystemNull/Binaries/Win64/UE4Editor-OnlineSubsystemNull.dll (API version 3709383).
LogModuleManager: Display: Found up-to-date module file ../../../Engine/Plugins/Runtime/AndroidDeviceProfileSelector/Binaries/Win64/UE4Editor-AndroidDeviceProfileSelector.dll (API version 3709383).
LogModuleManager: Display: Found up-to-date module file ../../../Engine/Plugins/Runtime/AppleARKit/Binaries/Win64/UE4Editor-AppleARKit.dll (API version 3709383).
LogModuleManager: Display: Found up-to-date module file ../../../Engine/Plugins/Runtime/ArchVisCharacter/Binaries/Win64/UE4Editor-ArchVisCharacter.dll (API version 3709383).
LogModuleManager: Display: Found up-to-date module file ../../../Engine/Plugins/Runtime/CableComponent/Binaries/Win64/UE4Editor-CableComponent.dll (API version 3709383).
LogModuleManager: Display: Found up-to-date module file ../../../Engine/Plugins/Runtime/CustomMeshComponent/Binaries/Win64/UE4Editor-CustomMeshComponent.dll (API version 3709383).
LogModuleManager: Display: Found up-to-date module file ../../../Engine/Plugins/Runtime/ExampleDeviceProfileSelector/Binaries/Win64/UE4Editor-ExampleDeviceProfileSelector.dll (API version 3709383).
LogModuleManager: Display: Found up-to-date module file ../../../Engine/Plugins/Runtime/ImmediatePhysics/Binaries/Win64/UE4Editor-ImmediatePhysics.dll (API version 3709383).
LogModuleManager: Display: Found up-to-date module file ../../../Engine/Plugins/Runtime/ImmediatePhysics/Binaries/Win64/UE4Editor-ImmediatePhysicsEditor.dll (API version 3709383).
LogModuleManager: Display: Found up-to-date module file ../../../Engine/Plugins/Runtime/LocationServicesBPLibrary/Binaries/Win64/UE4Editor-LocationServicesBPLibrary.dll (API version 3709383).
LogModuleManager: Display: Found up-to-date module file ../../../Engine/Plugins/Runtime/MobilePatchingUtils/Binaries/Win64/UE4Editor-MobilePatchingUtils.dll (API version 3709383).
LogModuleManager: Display: Found up-to-date module file ../../../Engine/Plugins/Runtime/Oculus/OculusVR/Binaries/Win64/UE4Editor-OculusHMD.dll (API version 3709383).
LogModuleManager: Display: Found up-to-date module file ../../../Engine/Plugins/Runtime/Oculus/OculusVR/Binaries/Win64/UE4Editor-OculusInput.dll (API version 3709383).
LogModuleManager: Display: Found up-to-date module file ../../../Engine/Plugins/Runtime/Oculus/OculusVR/Binaries/Win64/UE4Editor-OculusEditor.dll (API version 3709383).
LogModuleManager: Display: Found up-to-date module file ../../../Engine/Plugins/Runtime/PhysXVehicles/Binaries/Win64/UE4Editor-PhysXVehicles.dll (API version 3709383).
LogModuleManager: Display: Found up-to-date module file ../../../Engine/Plugins/Runtime/PhysXVehicles/Binaries/Win64/UE4Editor-PhysXVehiclesEditor.dll (API version 3709383).
LogModuleManager: Display: Found up-to-date module file ../../../Engine/Plugins/Runtime/ProceduralMeshComponent/Binaries/Win64/UE4Editor-ProceduralMeshComponent.dll (API version 3709383).
LogModuleManager: Display: Found up-to-date module file ../../../Engine/Plugins/Runtime/ProceduralMeshComponent/Binaries/Win64/UE4Editor-ProceduralMeshComponentEditor.dll (API version 3709383).
LogModuleManager: Display: Found up-to-date module file ../../../Engine/Plugins/Runtime/RuntimePhysXCooking/Binaries/Win64/UE4Editor-RuntimePhysXCooking.dll (API version 3709383).
LogModuleManager: Display: Found up-to-date module file ../../../Engine/Plugins/Runtime/Steam/SteamVR/Binaries/Win64/UE4Editor-SteamVR.dll (API version 3709383).
LogModuleManager: Display: Found up-to-date module file ../../../Engine/Plugins/Runtime/Steam/SteamVR/Binaries/Win64/UE4Editor-SteamVRController.dll (API version 3709383).
LogModuleManager: Display: Found up-to-date module file ../../../Engine/Plugins/Runtime/WindowsMoviePlayer/Binaries/Win64/UE4Editor-WindowsMoviePlayer.dll (API version 3709383).
LogPluginManager: Mounting plugin Paper2D
LogPluginManager: Mounting plugin LightPropagationVolume
LogPluginManager: Mounting plugin CodeLiteSourceCodeAccess
LogPluginManager: Mounting plugin GitSourceControl
LogPluginManager: Mounting plugin KDevelopSourceCodeAccess
LogPluginManager: Mounting plugin NullSourceCodeAccess
LogPluginManager: Mounting plugin PerforceSourceControl
LogPluginManager: Mounting plugin SubversionSourceControl
LogPluginManager: Mounting plugin UObjectPlugin
LogPluginManager: Mounting plugin VisualStudioCodeSourceCodeAccess
LogPluginManager: Mounting plugin VisualStudioSourceCodeAccess
LogPluginManager: Mounting plugin XCodeSourceCodeAccess
LogPluginManager: Mounting plugin AssetManagerEditor
LogPluginManager: Mounting plugin AudioCapture
LogPluginManager: Mounting plugin FacialAnimation
LogPluginManager: Mounting plugin GameplayTagsEditor
LogPluginManager: Mounting plugin MobileLauncherProfileWizard
LogPluginManager: Mounting plugin PluginBrowser
LogPluginManager: Mounting plugin SpeedTreeImporter
LogPluginManager: Mounting plugin AlembicImporter
LogPluginManager: Mounting plugin CharacterAI
LogPluginManager: Mounting plugin HTML5Networking
LogPluginManager: Mounting plugin AndroidMedia
LogPluginManager: Mounting plugin AvfMedia
LogPluginManager: Mounting plugin ImgMedia
LogPluginManager: Mounting plugin MediaCompositing
LogPluginManager: Mounting plugin MediaPlayerEditor
LogPluginManager: Mounting plugin WmfMedia
LogPluginManager: Mounting plugin TcpMessaging
LogPluginManager: Mounting plugin UdpMessaging
LogPluginManager: Mounting plugin ActorSequence
LogPluginManager: Mounting plugin LevelSequenceEditor
LogPluginManager: Mounting plugin MatineeToLevelSequence
LogPluginManager: Mounting plugin OnlineSubsystemGooglePlay
LogPluginManager: Mounting plugin OnlineSubsystemIOS
LogPluginManager: Mounting plugin OnlineSubsystem
LogPluginManager: Mounting plugin OnlineSubsystemNull
LogPluginManager: Mounting plugin OnlineSubsystemSteam
LogPluginManager: Mounting plugin OnlineSubsystemUtils
LogPluginManager: Mounting plugin AndroidDeviceProfileSelector
LogPluginManager: Mounting plugin AndroidMoviePlayer
LogPluginManager: Mounting plugin AndroidPermission
LogPluginManager: Mounting plugin AppleARKit
LogPluginManager: Mounting plugin AppleMoviePlayer
LogPluginManager: Mounting plugin ArchVisCharacter
LogPluginManager: Mounting plugin CableComponent
LogPluginManager: Mounting plugin CustomMeshComponent
LogPluginManager: Mounting plugin ExampleDeviceProfileSelector
LogPluginManager: Mounting plugin GoogleCloudMessaging
LogPluginManager: Mounting plugin ImmediatePhysics
LogPluginManager: Mounting plugin IOSDeviceProfileSelector
LogPluginManager: Mounting plugin LinuxDeviceProfileSelector
LogPluginManager: Mounting plugin LocationServicesBPLibrary
LogPluginManager: Mounting plugin MobilePatchingUtils
LogPluginManager: Mounting plugin OculusVR
LogPluginManager: Plugin shader directory ../../../Engine/Plugins/Runtime/Oculus/OculusVR/Shaders found
LogPluginManager: Mapping shader source directory ../../../Engine/Plugins/Runtime/Oculus/OculusVR/Shaders to virtual directory /Plugin/OculusVR
LogPluginManager: Mounting plugin PhysXVehicles
LogPluginManager: Mounting plugin ProceduralMeshComponent
LogPluginManager: Mounting plugin RuntimePhysXCooking
LogPluginManager: Mounting plugin SteamVR
LogPluginManager: Mounting plugin WindowsMoviePlayer
LogInit: Using libcurl 7.47.1
LogInit:  - built for x86_64-pc-win32
LogInit:  - supports SSL with OpenSSL/1.0.2g
LogInit:  - supports HTTP deflate (compression) using libz 1.2.8
LogInit:  - other features:
LogInit:      CURL_VERSION_SSL
LogInit:      CURL_VERSION_LIBZ
LogInit:      CURL_VERSION_IPV6
LogInit:      CURL_VERSION_ASYNCHDNS
LogInit:      CURL_VERSION_LARGEFILE
LogInit:      CURL_VERSION_IDN
LogInit:  CurlRequestOptions (configurable via config and command line):
LogInit:  - bVerifyPeer = false  - Libcurl will NOT verify peer certificate
LogInit:  - bUseHttpProxy = false  - Libcurl will NOT use HTTP proxy
LogInit:  - bDontReuseConnections = false  - Libcurl will reuse connections
LogInit:  - CertBundlePath = nullptr  - Libcurl will use whatever was configured at build time.
LogOnline: Display: STEAM: Loading Steam SDK 1.39
LogInit: WinSock: version 1.1 (2.2), MaxSocks=32767, MaxUdp=65467
LogInit: Build: ++UE4+Release-4.18-CL-3754814
LogInit: Engine Version: 4.18.1-3754814+++UE4+Release-4.18
LogInit: Compatible Engine Version: 4.18.0-3709383+++UE4+Release-4.18
LogInit: Net CL: 3709383
LogDevObjectVersion: Number of dev versions registered: 16
LogDevObjectVersion:   Dev-Blueprints (B0D832E4-1F89-4F0D-ACCF-7EB736FD4AA2): 10
LogDevObjectVersion:   Dev-Build (E1C64328-A22C-4D53-A36C-8E866417BD8C): 0
LogDevObjectVersion:   Dev-Core (375EC13C-06E4-48FB-B500-84F0262A717E): 2
LogDevObjectVersion:   Dev-Editor (E4B068ED-F494-42E9-A231-DA0B2E46BB41): 20
LogDevObjectVersion:   Dev-Framework (CFFC743F-43B0-4480-9391-14DF171D2073): 30
LogDevObjectVersion:   Dev-Mobile (B02B49B5-BB20-44E9-A304-32B752E40360): 0
LogDevObjectVersion:   Dev-Networking (A4E4105C-59A1-49B5-A7C5-40C4547EDFEE): 0
LogDevObjectVersion:   Dev-Online (39C831C9-5AE6-47DC-9A44-9C173E1C8E7C): 0
LogDevObjectVersion:   Dev-Physics (78F01B33-EBEA-4F98-B9B4-84EACCB95AA2): 0
LogDevObjectVersion:   Dev-Platform (6631380F-2D4D-43E0-8009-CF276956A95A): 0
LogDevObjectVersion:   Dev-Rendering (12F88B9F-8875-4AFC-A67C-D90C383ABD29): 20
LogDevObjectVersion:   Dev-Sequencer (7B5AE74C-D270-4C10-A958-57980B212A5A): 4
LogDevObjectVersion:   Dev-VR (D7296918-1DD6-4BDD-9DE2-64A83CC13884): 0
LogDevObjectVersion:   Dev-LoadTimes (C2A15278-BFE7-4AFE-6C17-90FF531DF755): 1
LogDevObjectVersion:   Private-Geometry (6EACA3D4-40EC-4CC1-B786-8BED09428FC5): 1
LogDevObjectVersion:   Dev-AnimPhys (29E575DD-E0A3-4627-9D10-D276232CDCEA): 12
LogInit: Compiled (64-bit): Nov 14 2017 02:05:55
LogInit: Compiled with Visual C++: 19.00.24215.01
LogInit: Build Configuration: Development
LogInit: Branch Name: ++UE4+Release-4.18
LogInit: Command line:  -game
LogInit: Base directory: E:/UE_4.18/Engine/Binaries/Win64/
LogInit: Installed Engine Build: 1
LogInit: Presizing for max 8388607 objects, including 0 objects not considered by GC, pre-allocating 0 bytes for permanent pool.
LogInit: Object subsystem initialized
[2018.02.11-01.45.15:545][  0]LogInit: Selected Device Profile: [Windows]
[2018.02.11-01.45.15:545][  0]LogInit: Applying CVar settings loaded from the selected device profile: [Windows]
[2018.02.11-01.45.15:588][  0]LogInit: Computer: CALVERT-PC
[2018.02.11-01.45.15:588][  0]LogInit: User: Calvert
[2018.02.11-01.45.15:588][  0]LogInit: CPU Page size=4096, Cores=4
[2018.02.11-01.45.15:588][  0]LogInit: High frequency timer resolution =3.515644 MHz
[2018.02.11-01.45.15:589][  0]LogMemory: Memory total: Physical=7.9GB (8GB approx)
[2018.02.11-01.45.15:589][  0]LogMemory: Platform Memory Stats for Windows
[2018.02.11-01.45.15:589][  0]LogMemory: Process Physical Memory: 304.77 MB used, 304.77 MB peak
[2018.02.11-01.45.15:589][  0]LogMemory: Process Virtual Memory: 286.42 MB used, 286.42 MB peak
[2018.02.11-01.45.15:589][  0]LogMemory: Physical Memory: 5682.11 MB used,  2374.92 MB free, 8057.02 MB total
[2018.02.11-01.45.15:589][  0]LogMemory: Virtual Memory: 751.46 MB used,  2374.92 MB free, 8388608.00 MB total
[2018.02.11-01.45.16:023][  0]LogInit: Using OS detected language (en-US).
[2018.02.11-01.45.16:023][  0]LogInit: Using OS detected locale (en-US).
[2018.02.11-01.45.16:253][  0]LogTextLocalizationManager: No specific localization for 'en-US' exists, so the 'en' localization will be used.
[2018.02.11-01.45.18:350][  0]LogD3D11RHI: D3D11 adapters:
[2018.02.11-01.45.18:901][  0]LogD3D11RHI:    0. 'NVIDIA GeForce GTX 760' (Feature Level 11_0)
[2018.02.11-01.45.18:901][  0]LogD3D11RHI:       1990/0/3772 MB DedicatedVideo/DedicatedSystem/SharedSystem, Outputs:1, VendorId:0x10de
[2018.02.11-01.45.18:939][  0]LogD3D11RHI:    1. 'Intel(R) HD Graphics 4600' (Feature Level 11_0)
[2018.02.11-01.45.18:939][  0]LogD3D11RHI:       64/0/1632 MB DedicatedVideo/DedicatedSystem/SharedSystem, Outputs:0, VendorId:0x8086
[2018.02.11-01.45.18:939][  0]LogD3D11RHI: Chosen D3D11 Adapter: 0
[2018.02.11-01.45.18:949][  0]LogD3D11RHI: Creating new Direct3DDevice
[2018.02.11-01.45.18:949][  0]LogD3D11RHI:     GPU DeviceId: 0x1187 (for the marketing name, search the web for "GPU Device Id")
[2018.02.11-01.45.18:949][  0]LogWindows: EnumDisplayDevices:
[2018.02.11-01.45.18:949][  0]LogWindows:    0. 'NVIDIA GeForce GTX 760' (P:1 D:1)
[2018.02.11-01.45.18:949][  0]LogWindows:    1. 'NVIDIA GeForce GTX 760' (P:0 D:0)
[2018.02.11-01.45.18:949][  0]LogWindows:    2. 'NVIDIA GeForce GTX 760' (P:0 D:0)
[2018.02.11-01.45.18:949][  0]LogWindows:    3. 'NVIDIA GeForce GTX 760' (P:0 D:0)
[2018.02.11-01.45.18:949][  0]LogWindows:    4. 'Intel(R) HD Graphics 4600' (P:0 D:0)
[2018.02.11-01.45.18:949][  0]LogWindows:    5. 'Intel(R) HD Graphics 4600' (P:0 D:0)
[2018.02.11-01.45.18:950][  0]LogWindows:    6. 'Intel(R) HD Graphics 4600' (P:0 D:0)
[2018.02.11-01.45.18:950][  0]LogWindows:    7. 'RDPDD Chained DD' (P:0 D:0)
[2018.02.11-01.45.18:950][  0]LogWindows:    8. 'RDP Encoder Mirror Driver' (P:0 D:0)
[2018.02.11-01.45.18:950][  0]LogWindows:    9. 'RDP Reflector Display Driver' (P:0 D:0)
[2018.02.11-01.45.18:950][  0]LogWindows:    10. 'LogMeIn Mirror Driver' (P:0 D:0)
[2018.02.11-01.45.18:950][  0]LogWindows: DebugString: PrimaryIsNotTheChoosenAdapter PrimaryIsNotTheChoosenAdapter PrimaryIsNotTheChoosenAdapter GetVideoDriverDetailsInvalid PrimaryIsNotTheChoosenAdapter GetVideoDriverDetailsInvalid PrimaryIsNotTheChoosenAdapter GetVideoDriverDetailsInvalid PrimaryIsNotTheChoosenAdapter GetVideoDriverDetailsInvalid PrimaryIsNotTheChoosenAdapter FoundDriverCount:4 
[2018.02.11-01.45.18:950][  0]LogD3D11RHI:     Adapter Name: NVIDIA GeForce GTX 760
[2018.02.11-01.45.18:950][  0]LogD3D11RHI:   Driver Version: 385.41 (internal:22.21.13.8541, unified:385.41)
[2018.02.11-01.45.18:950][  0]LogD3D11RHI:      Driver Date: 8-21-2017
[2018.02.11-01.45.18:950][  0]LogRHI: Texture pool is 1393 MB (70% of 1990 MB)
[2018.02.11-01.45.19:491][  0]LogD3D11RHI: Async texture creation enabled
[2018.02.11-01.45.19:508][  0]LogD3D11RHI: GPU Timing Frequency: 1000.000000 (Debug: 2 2)
[2018.02.11-01.45.19:556][  0]LogShaderCompilers: Guid format shader working directory is 26 characters bigger than the processId version (../../../../ue4/steam/Intermediate/Shaders/WorkingDirectory/75056/).
[2018.02.11-01.45.19:556][  0]LogShaderCompilers: Cleaned the shader compiler working directory 'C:/Users/Calvert/AppData/Local/Temp/UnrealShaderWorkingDir/1DE128884CCBAD70C32D3696231304AA/'.
[2018.02.11-01.45.19:556][  0]LogShaderCompilers: Display: Using Local Shader Compiler.
[2018.02.11-01.45.20:749][  0]LogTemp: Display: Loaded TP WindowsClientTargetPlatform
[2018.02.11-01.45.20:779][  0]LogTemp: Display: Loaded TP WindowsNoEditorTargetPlatform
[2018.02.11-01.45.20:811][  0]LogTemp: Display: Loaded TP WindowsServerTargetPlatform
[2018.02.11-01.45.20:842][  0]LogTemp: Display: Loaded TP WindowsTargetPlatform
[2018.02.11-01.45.20:843][  0]LogTargetPlatformManager: Display: Building Assets For Windows
[2018.02.11-01.45.21:098][  0]LogDerivedDataCache: Display: Max Cache Size: 512 MB
[2018.02.11-01.45.21:201][  0]LogDerivedDataCache: Loaded boot cache 0.10s 77MB C:/Users/Calvert/AppData/Local/UnrealEngine/4.18/DerivedDataCache/Boot.ddc.
[2018.02.11-01.45.21:201][  0]LogDerivedDataCache: Display: Loaded Boot cache: C:/Users/Calvert/AppData/Local/UnrealEngine/4.18/DerivedDataCache/Boot.ddc
[2018.02.11-01.45.21:202][  0]LogDerivedDataCache: FDerivedDataBackendGraph:  Pak pak cache file ../../../../ue4/steam/DerivedDataCache/DDC.ddp not found, will not use a pak cache.
[2018.02.11-01.45.21:202][  0]LogDerivedDataCache: Unable to find inner node Pak for hierarchical cache Hierarchy.
[2018.02.11-01.45.21:202][  0]LogDerivedDataCache: FDerivedDataBackendGraph:  CompressedPak pak cache file ../../../../ue4/steam/DerivedDataCache/Compressed.ddp not found, will not use a pak cache.
[2018.02.11-01.45.21:202][  0]LogDerivedDataCache: Unable to find inner node CompressedPak for hierarchical cache Hierarchy.
[2018.02.11-01.45.21:225][  0]LogDerivedDataCache: Display: Pak cache opened for reading ../../../Engine/DerivedDataCache/Compressed.ddp.
[2018.02.11-01.45.21:236][  0]LogDerivedDataCache: Using Local data cache path C:/Users/Calvert/AppData/Local/UnrealEngine/Common/DerivedDataCache: Writable
[2018.02.11-01.45.21:245][  0]LogMaterial: Verifying Global Shaders for PCD3D_SM5
[2018.02.11-01.45.21:245][  0]LogSlate: Using Freetype 2.6.0
[2018.02.11-01.45.21:245][  0]LogSlate: SlateFontCache - WITH_FREETYPE: 1, WITH_HARFBUZZ: 1
[2018.02.11-01.45.21:245][  0]LogSlate: SlateFontCache - WITH_FREETYPE: 1, WITH_HARFBUZZ: 1
[2018.02.11-01.45.21:567][  0]LogAssetRegistry: FAssetRegistry took 0.0040 seconds to start up
[2018.02.11-01.45.21:592][  0]LogPackageLocalizationCache: Processed 7 localized package path(s) for 2 prioritized culture(s) in 0.025076 seconds
[2018.02.11-01.45.21:678][  0]LogInit: Selected Device Profile: [Windows]
[2018.02.11-01.45.21:890][  0]LogSimplygon: Simplygon DLL not present - disabling.
[2018.02.11-01.45.21:912][  0]LogMeshReduction: Using SimplygonSwarm for distributed automatic mesh merging
[2018.02.11-01.45.21:912][  0]LogMeshReduction: Using QuadricMeshReduction for automatic static mesh reduction
[2018.02.11-01.45.21:912][  0]LogMeshReduction: No automatic skeletal mesh reduction module available
[2018.02.11-01.45.21:912][  0]LogMeshReduction: No automatic mesh merging module available
[2018.02.11-01.45.21:912][  0]LogMeshMerging: No automatic mesh merging module available
[2018.02.11-01.45.21:930][  0]LogNetVersion: MyProject12 , NetCL: 3709383, EngineNetVer: 2, GameNetVer: 0 (Checksum: 3203290924)
[2018.02.11-01.45.23:103][  0]LogMoviePlayer: Initializing movie player
[2018.02.11-01.45.23:372][  0]LogCollectionManager: Loaded 0 collections in 0.001143 seconds
[2018.02.11-01.45.23:411][  0]LogFileCache: Scanning file cache for directory 'E:/ue4/steam/Saved/Collections/' took 0.01s
[2018.02.11-01.45.23:411][  0]LogFileCache: Scanning file cache for directory 'E:/ue4/steam/Content/Developers/Calvert/Collections/' took 0.01s
[2018.02.11-01.45.23:411][  0]LogFileCache: Scanning file cache for directory 'E:/ue4/steam/Content/Collections/' took 0.01s
[2018.02.11-01.45.23:411][  0]LogCollectionManager: Rebuilt the object cache for 0 collections in 0.000001 seconds (found 0 objects)
[2018.02.11-01.45.23:411][  0]LogCollectionManager: Fixed up redirectors for 0 collections in 0.000102 seconds (updated 0 objects)
[2018.02.11-01.45.23:778][  0]SourceControl: Source control is disabled
[2018.02.11-01.45.23:778][  0]SourceControl: Source control is disabled
[2018.02.11-01.45.23:807][  0]SourceControl: Source control is disabled
[2018.02.11-01.45.24:031][  0]LogAndroidPermission: UAndroidPermissionCallbackProxy::GetInstance
[2018.02.11-01.45.24:173][  0]LogOcInput: OculusInput pre-init called
[2018.02.11-01.45.24:234][  0]LogUObjectArray: 38960 objects as part of root set at end of initial load.
[2018.02.11-01.45.24:234][  0]LogUObjectAllocator: 8571456 out of 0 bytes used by permanent object pool.
[2018.02.11-01.45.24:234][  0]LogUObjectArray: CloseDisregardForGC: 0/0 objects in disregard for GC pool
[2018.02.11-01.45.24:308][  0]LogEngine: Initializing Engine...
[2018.02.11-01.45.24:310][  0]LogHMD: Failed to initialize OpenVR with code 110
[2018.02.11-01.45.24:520][  0]LogStats: UGameplayTagsManager::ConstructGameplayTagTree: Construct from data asset -  0.000 s
[2018.02.11-01.45.24:521][  0]LogStats: UGameplayTagsManager::ConstructGameplayTagTree: GameplayTagTreeChangedEvent.Broadcast -  0.000 s
[2018.02.11-01.45.24:543][  0]LogInit: XAudio2 using 'Speakers (6- Logitech USB Headset H340)' : 2 channels at 44.1 kHz using 16 bits per sample (channel mask 0x3)
[2018.02.11-01.45.24:550][  0]LogInit: FAudioDevice initialized.
[2018.02.11-01.45.24:648][  0]LogDerivedDataCache: Saved boot cache 0.09s 77MB C:/Users/Calvert/AppData/Local/UnrealEngine/4.18/DerivedDataCache/Boot.ddc.
[2018.02.11-01.45.24:657][  0]LogInit: Texture streaming: Enabled
[2018.02.11-01.45.24:677][  0]LogMaterial: Uniform references updated for custom material expression Custom.
[2018.02.11-01.45.24:927][  0]LogProperty: Error: UStructProperty::Serialize Loading: Property 'StructProperty /Game/UI/MainMenu/optionsMenu.optionsMenu_C:playerInfo'. Unknown structure.
[2018.02.11-01.45.24:928][  0]LogProperty: Error: UStructProperty::Serialize Loading: Property 'StructProperty /Game/Blueprints/allLevels/playerSaveGame.playerSaveGame_C:S_PlayerINfo'. Unknown structure.
[2018.02.11-01.45.24:928][  0]LogClass: Warning: Property S_PlayerINfo of S_PlayerINfo has a struct type mismatch (tag STRUCT_REINST_PlayerInfo_0 != prop FallbackStruct) in package:  ../../../../ue4/steam/Content/Blueprints/allLevels/playerSaveGame.uasset. If that struct got renamed, add an entry to ActiveStructRedirects.
[2018.02.11-01.45.24:962][  0]LogClass: Warning: Property playerInfo of playerInfo has a struct type mismatch (tag STRUCT_REINST_PlayerInfo_0 != prop FallbackStruct) in package:  ../../../../ue4/steam/Content/UI/MainMenu/optionsMenu.uasset. If that struct got renamed, add an entry to ActiveStructRedirects.
[2018.02.11-01.45.25:025][  0]LogClass: Warning: Property S_PlayerINfo of S_PlayerINfo has a struct type mismatch (tag FallbackStruct != prop PlayerInfo) in package:  FObjectReader. If that struct got renamed, add an entry to ActiveStructRedirects.
[2018.02.11-01.45.25:025][  0]LogClass: Warning: Property playerInfo of playerInfo has a struct type mismatch (tag FallbackStruct != prop PlayerInfo) in package:  FObjectReader. If that struct got renamed, add an entry to ActiveStructRedirects.
[2018.02.11-01.45.25:101][  0]LogInit: Display: Game Engine Initialized.
[2018.02.11-01.45.25:101][  0]LogGameplayTags: Display: UGameplayTagsManager::DoneAddingNativeTags. DelegateIsBound: 0
[2018.02.11-01.45.25:202][  0]LogInit: Display: Starting Game.
[2018.02.11-01.45.25:202][  0]LogNet: Browse: /Game/Maps/mainMenu?Name=Player
[2018.02.11-01.45.25:202][  0]LogLoad: LoadMap: /Game/Maps/mainMenu?Name=Player
[2018.02.11-01.45.25:293][  0]LogAIModule: Creating AISystem for world mainMenu
[2018.02.11-01.45.25:426][  0]LogLoad: Game class is 'TopDownGameMode_C'
[2018.02.11-01.45.25:427][  0]LogWorld: Bringing World /Game/Maps/mainMenu.mainMenu up for play (max tick rate 0) at 2018.02.10-17.45.25
[2018.02.11-01.45.25:427][  0]LogWorld: Bringing up level for play took: 0.000560
[2018.02.11-01.45.25:428][  0]LogGameMode: FindPlayerStart: PATHS NOT DEFINED or NO PLAYERSTART with positive rating
[2018.02.11-01.45.25:431][  0]LogLoad: Took 0.229313 seconds to LoadMap(/Game/Maps/mainMenu)
[2018.02.11-01.45.25:550][  0]LogRenderer: Reallocating scene render targets to support 1920x1080 Format 10 NumSamples 1 (Frame:1).
[2018.02.11-01.45.25:550][  0]LogLoad: (Engine Initialization) Total time: 16.36 seconds
[2018.02.11-01.45.25:550][  0]LogLoad: (Engine Initialization) Total Blueprint compile time: 0.00 seconds
[2018.02.11-01.45.25:550][  0]LogExternalProfiler: Found external profiler: VSPerf
[2018.02.11-01.45.25:550][  0]LogExternalProfiler: Using external profiler: VSPerf
[2018.02.11-01.45.25:570][  0]LogContentStreaming: Texture pool size now 1000 MB
[2018.02.11-01.45.29:039][206]LogNetVersion: MyProject12 1.0.0.0, NetCL: 3709383, EngineNetVer: 2, GameNetVer: 0 (Checksum: 878358411)
[2018.02.11-01.45.29:039][206]LogOnline: Warning: Unknown or unsupported data type from Steam key data bentest ray R
[2018.02.11-01.45.29:041][206]LogOnline: Warning: STEAM: Failed to parse setting from key bentest value ray R
[2018.02.11-01.45.29:041][206]LogOnline: Warning: Unknown or unsupported data type from Steam key data __gameserverIP 0
[2018.02.11-01.45.29:041][206]LogOnline: Warning: STEAM: Failed to parse setting from key __gameserverIP value 0
[2018.02.11-01.45.29:041][206]LogOnline: Warning: Unknown or unsupported data type from Steam key data __gameserverPort 0
[2018.02.11-01.45.29:041][206]LogOnline: Warning: STEAM: Failed to parse setting from key __gameserverPort value 0
[2018.02.11-01.45.29:041][206]LogOnline: Warning: Unknown or unsupported data type from Steam key data __gameserverSteamID 90113321362286600
[2018.02.11-01.45.29:041][206]LogOnline: Warning: STEAM: Failed to parse setting from key __gameserverSteamID value 90113321362286600
[2018.02.11-01.45.29:042][206]LogOnline: Warning: STEAM: Unable to parse search result for lobby 'Lobby [0x1860000DFD3D3EE]'
[2018.02.11-01.45.29:042][206]LogOnline: Warning: Unknown or unsupported data type from Steam key data game Plutocracy
[2018.02.11-01.45.29:042][206]LogOnline: Warning: STEAM: Failed to parse setting from key game value Plutocracy
[2018.02.11-01.45.29:042][206]LogOnline: Warning: Unknown or unsupported data type from Steam key data name data
[2018.02.11-01.45.29:042][206]LogOnline: Warning: STEAM: Failed to parse setting from key name value data
[2018.02.11-01.45.29:042][206]LogOnline: Warning: Unknown or unsupported data type from Steam key data vis true
[2018.02.11-01.45.29:042][206]LogOnline: Warning: STEAM: Failed to parse setting from key vis value true
[2018.02.11-01.45.29:042][206]LogOnline: Warning: STEAM: Unable to parse search result for lobby 'Lobby [0x1860000DFD4013C]'
[2018.02.11-01.45.29:042][206]LogOnline: Warning: STEAM: Unable to parse search result for lobby 'Lobby [0x1860000DFD3BB2B]'
[2018.02.11-01.45.29:042][206]LogOnline: Warning: Unknown or unsupported data type from Steam key data actual_password edba6eb71aa417085ddf267eef74f087
[2018.02.11-01.45.29:042][206]LogOnline: Warning: STEAM: Failed to parse setting from key actual_password value edba6eb71aa417085ddf267eef74f087
[2018.02.11-01.45.29:042][206]LogOnline: Warning: Unknown or unsupported data type from Steam key data desc eu4
[2018.02.11-01.45.29:042][206]LogOnline: Warning: STEAM: Failed to parse setting from key desc value eu4
[2018.02.11-01.45.29:042][206]LogOnline: Warning: Unknown or unsupported data type from Steam key data mod eu4
[2018.02.11-01.45.29:042][206]LogOnline: Warning: STEAM: Failed to parse setting from key mod value eu4
[2018.02.11-01.45.29:042][206]LogOnline: Warning: Unknown or unsupported data type from Steam key data name ZeusJuiceKoTR
[2018.02.11-01.45.29:042][206]LogOnline: Warning: STEAM: Failed to parse setting from key name value ZeusJuiceKoTR
[2018.02.11-01.45.29:042][206]LogOnline: Warning: Unknown or unsupported data type from Steam key data password 1
[2018.02.11-01.45.29:042][206]LogOnline: Warning: STEAM: Failed to parse setting from key password value 1
[2018.02.11-01.45.29:042][206]LogOnline: Warning: Unknown or unsupported data type from Steam key data sn_32 0
[2018.02.11-01.45.29:042][206]LogOnline: Warning: STEAM: Failed to parse setting from key sn_32 value 0
[2018.02.11-01.45.29:042][206]LogOnline: Warning: Unknown or unsupported data type from Steam key data sn_48 0
[2018.02.11-01.45.29:042][206]LogOnline: Warning: STEAM: Failed to parse setting from key sn_48 value 0
[2018.02.11-01.45.29:043][206]LogOnline: Warning: Unknown or unsupported data type from Steam key data sn_49 0
[2018.02.11-01.45.29:043][206]LogOnline: Warning: STEAM: Failed to parse setting from key sn_49 value 0
[2018.02.11-01.45.29:043][206]LogOnline: Warning: Unknown or unsupported data type from Steam key data sn_50 0
[2018.02.11-01.45.29:043][206]LogOnline: Warning: STEAM: Failed to parse setting from key sn_50 value 0
[2018.02.11-01.45.29:043][206]LogOnline: Warning: Unknown or unsupported data type from Steam key data sn_51 0
[2018.02.11-01.45.29:043][206]LogOnline: Warning: STEAM: Failed to parse setting from key sn_51 value 0
[2018.02.11-01.45.29:043][206]LogOnline: Warning: Unknown or unsupported data type from Steam key data sn_52 0
[2018.02.11-01.45.29:043][206]LogOnline: Warning: STEAM: Failed to parse setting from key sn_52 value 0
[2018.02.11-01.45.29:043][206]LogOnline: Warning: Unknown or unsupported data type from Steam key data sn_53 0
[2018.02.11-01.45.29:043][206]LogOnline: Warning: STEAM: Failed to parse setting from key sn_53 value 0
[2018.02.11-01.45.29:043][206]LogOnline: Warning: Unknown or unsupported data type from Steam key data sn_54 0
[2018.02.11-01.45.29:043][206]LogOnline: Warning: STEAM: Failed to parse setting from key sn_54 value 0
[2018.02.11-01.45.29:043][206]LogOnline: Warning: Unknown or unsupported data type from Steam key data sn_55 0
[2018.02.11-01.45.29:043][206]LogOnline: Warning: STEAM: Failed to parse setting from key sn_55 value 0
[2018.02.11-01.45.29:043][206]LogOnline: Warning: Unknown or unsupported data type from Steam key data sn_56 0
[2018.02.11-01.45.29:043][206]LogOnline: Warning: STEAM: Failed to parse setting from key sn_56 value 0
[2018.02.11-01.45.29:043][206]LogOnline: Warning: Unknown or unsupported data type from Steam key data sn_57 0
[2018.02.11-01.45.29:043][206]LogOnline: Warning: STEAM: Failed to parse setting from key sn_57 value 0
[2018.02.11-01.45.29:043][206]LogOnline: Warning: Unknown or unsupported data type from Steam key data sn_65 0
[2018.02.11-01.45.29:043][206]LogOnline: Warning: STEAM: Failed to parse setting from key sn_65 value 0
[2018.02.11-01.45.29:043][206]LogOnline: Warning: Unknown or unsupported data type from Steam key data sn_66 0
[2018.02.11-01.45.29:043][206]LogOnline: Warning: STEAM: Failed to parse setting from key sn_66 value 0
[2018.02.11-01.45.29:043][206]LogOnline: Warning: Unknown or unsupported data type from Steam key data sn_67 1
[2018.02.11-01.45.29:043][206]LogOnline: Warning: STEAM: Failed to parse setting from key sn_67 value 1
[2018.02.11-01.45.29:043][206]LogOnline: Warning: Unknown or unsupported data type from Steam key data sn_68 0
[2018.02.11-01.45.29:043][206]LogOnline: Warning: STEAM: Failed to parse setting from key sn_68 value 0
[2018.02.11-01.45.29:043][206]LogOnline: Warning: Unknown or unsupported data type from Steam key data sn_69 2
[2018.02.11-01.45.29:043][206]LogOnline: Warning: STEAM: Failed to parse setting from key sn_69 value 2
[2018.02.11-01.45.29:043][206]LogOnline: Warning: Unknown or unsupported data type from Steam key data sn_70 0
[2018.02.11-01.45.29:043][206]LogOnline: Warning: STEAM: Failed to parse setting from key sn_70 value 0
[2018.02.11-01.45.29:043][206]LogOnline: Warning: Unknown or unsupported data type from Steam key data sn_71 0
[2018.02.11-01.45.29:043][206]LogOnline: Warning: STEAM: Failed to parse setting from key sn_71 value 0
[2018.02.11-01.45.29:043][206]LogOnline: Warning: Unknown or unsupported data type from Steam key data sn_72 0
[2018.02.11-01.45.29:043][206]LogOnline: Warning: STEAM: Failed to parse setting from key sn_72 value 0
[2018.02.11-01.45.29:043][206]LogOnline: Warning: Unknown or unsupported data type from Steam key data sn_73 1
[2018.02.11-01.45.29:043][206]LogOnline: Warning: STEAM: Failed to parse setting from key sn_73 value 1
[2018.02.11-01.45.29:043][206]LogOnline: Warning: Unknown or unsupported data type from Steam key data sn_74 1
[2018.02.11-01.45.29:043][206]LogOnline: Warning: STEAM: Failed to parse setting from key sn_74 value 1
[2018.02.11-01.45.29:043][206]LogOnline: Warning: Unknown or unsupported data type from Steam key data sn_75 1
[2018.02.11-01.45.29:043][206]LogOnline: Warning: STEAM: Failed to parse setting from key sn_75 value 1
[2018.02.11-01.45.29:043][206]LogOnline: Warning: Unknown or unsupported data type from Steam key data sn_76 0
[2018.02.11-01.45.29:043][206]LogOnline: Warning: STEAM: Failed to parse setting from key sn_76 value 0
[2018.02.11-01.45.29:043][206]LogOnline: Warning: Unknown or unsupported data type from Steam key data sn_77 0
[2018.02.11-01.45.29:043][206]LogOnline: Warning: STEAM: Failed to parse setting from key sn_77 value 0
[2018.02.11-01.45.29:043][206]LogOnline: Warning: Unknown or unsupported data type from Steam key data sn_78 0
[2018.02.11-01.45.29:043][206]LogOnline: Warning: STEAM: Failed to parse setting from key sn_78 value 0
[2018.02.11-01.45.29:043][206]LogOnline: Warning: Unknown or unsupported data type from Steam key data sn_79 1
[2018.02.11-01.45.29:043][206]LogOnline: Warning: STEAM: Failed to parse setting from key sn_79 value 1
[2018.02.11-01.45.29:043][206]LogOnline: Warning: Unknown or unsupported data type from Steam key data sn_80 0
[2018.02.11-01.45.29:043][206]LogOnline: Warning: STEAM: Failed to parse setting from key sn_80 value 0
[2018.02.11-01.45.29:043][206]LogOnline: Warning: Unknown or unsupported data type from Steam key data sn_81 0
[2018.02.11-01.45.29:044][206]LogOnline: Warning: STEAM: Failed to parse setting from key sn_81 value 0
[2018.02.11-01.45.29:044][206]LogOnline: Warning: Unknown or unsupported data type from Steam key data sn_82 1
[2018.02.11-01.45.29:044][206]LogOnline: Warning: STEAM: Failed to parse setting from key sn_82 value 1
[2018.02.11-01.45.29:044][206]LogOnline: Warning: Unknown or unsupported data type from Steam key data sn_83 1
[2018.02.11-01.45.29:044][206]LogOnline: Warning: STEAM: Failed to parse setting from key sn_83 value 1
[2018.02.11-01.45.29:044][206]LogOnline: Warning: Unknown or unsupported data type from Steam key data sn_84 1
[2018.02.11-01.45.29:044][206]LogOnline: Warning: STEAM: Failed to parse setting from key sn_84 value 1
[2018.02.11-01.45.29:044][206]LogOnline: Warning: Unknown or unsupported data type from Steam key data sn_85 2
[2018.02.11-01.45.29:044][206]LogOnline: Warning: STEAM: Failed to parse setting from key sn_85 value 2
[2018.02.11-01.45.29:044][206]LogOnline: Warning: Unknown or unsupported data type from Steam key data sn_86 0
[2018.02.11-01.45.29:044][206]LogOnline: Warning: STEAM: Failed to parse setting from key sn_86 value 0
[2018.02.11-01.45.29:044][206]LogOnline: Warning: Unknown or unsupported data type from Steam key data sn_87 0
[2018.02.11-01.45.29:044][206]LogOnline: Warning: STEAM: Failed to parse setting from key sn_87 value 0
[2018.02.11-01.45.29:044][206]LogOnline: Warning: Unknown or unsupported data type from Steam key data sn_88 0
[2018.02.11-01.45.29:044][206]LogOnline: Warning: STEAM: Failed to parse setting from key sn_88 value 0
[2018.02.11-01.45.29:044][206]LogOnline: Warning: Unknown or unsupported data type from Steam key data sn_89 0
[2018.02.11-01.45.29:044][206]LogOnline: Warning: STEAM: Failed to parse setting from key sn_89 value 0
[2018.02.11-01.45.29:044][206]LogOnline: Warning: Unknown or unsupported data type from Steam key data sn_90 1
[2018.02.11-01.45.29:044][206]LogOnline: Warning: STEAM: Failed to parse setting from key sn_90 value 1
[2018.02.11-01.45.29:044][206]LogOnline: Warning: Unknown or unsupported data type from Steam key data status RUNNING
[2018.02.11-01.45.29:044][206]LogOnline: Warning: STEAM: Failed to parse setting from key status value RUNNING
[2018.02.11-01.45.29:044][206]LogOnline: Warning: Unknown or unsupported data type from Steam key data st_32 0
[2018.02.11-01.45.29:044][206]LogOnline: Warning: STEAM: Failed to parse setting from key st_32 value 0
[2018.02.11-01.45.29:044][206]LogOnline: Warning: Unknown or unsupported data type from Steam key data st_48 0
[2018.02.11-01.45.29:044][206]LogOnline: Warning: STEAM: Failed to parse setting from key st_48 value 0
[2018.02.11-01.45.29:044][206]LogOnline: Warning: Unknown or unsupported data type from Steam key data st_49 0
[2018.02.11-01.45.29:044][206]LogOnline: Warning: STEAM: Failed to parse setting from key st_49 value 0
[2018.02.11-01.45.29:044][206]LogOnline: Warning: Unknown or unsupported data type from Steam key data st_50 0
[2018.02.11-01.45.29:044][206]LogOnline: Warning: STEAM: Failed to parse setting from key st_50 value 0
[2018.02.11-01.45.29:044][206]LogOnline: Warning: Unknown or unsupported data type from Steam key data st_51 0
[2018.02.11-01.45.29:044][206]LogOnline: Warning: STEAM: Failed to parse setting from key st_51 value 0
[2018.02.11-01.45.29:044][206]LogOnline: Warning: Unknown or unsupported data type from Steam key data st_52 0
[2018.02.11-01.45.29:044][206]LogOnline: Warning: STEAM: Failed to parse setting from key st_52 value 0
[2018.02.11-01.45.29:044][206]LogOnline: Warning: Unknown or unsupported data type from Steam key data st_53 0
[2018.02.11-01.45.29:044][206]LogOnline: Warning: STEAM: Failed to parse setting from key st_53 value 0
[2018.02.11-01.45.29:044][206]LogOnline: Warning: Unknown or unsupported data type from Steam key data st_54 0
[2018.02.11-01.45.29:044][206]LogOnline: Warning: STEAM: Failed to parse setting from key st_54 value 0
[2018.02.11-01.45.29:044][206]LogOnline: Warning: Unknown or unsupported data type from Steam key data st_55 0
[2018.02.11-01.45.29:044][206]LogOnline: Warning: STEAM: Failed to parse setting from key st_55 value 0
[2018.02.11-01.45.29:044][206]LogOnline: Warning: Unknown or unsupported data type from Steam key data st_56 0
[2018.02.11-01.45.29:044][206]LogOnline: Warning: STEAM: Failed to parse setting from key st_56 value 0
[2018.02.11-01.45.29:044][206]LogOnline: Warning: Unknown or unsupported data type from Steam key data st_57 0
[2018.02.11-01.45.29:044][206]LogOnline: Warning: STEAM: Failed to parse setting from key st_57 value 0
[2018.02.11-01.45.29:045][206]LogOnline: Warning: Unknown or unsupported data type from Steam key data st_65 0
[2018.02.11-01.45.29:045][206]LogOnline: Warning: STEAM: Failed to parse setting from key st_65 value 0
[2018.02.11-01.45.29:045][206]LogOnline: Warning: Unknown or unsupported data type from Steam key data st_66 0
[2018.02.11-01.45.29:045][206]LogOnline: Warning: STEAM: Failed to parse setting from key st_66 value 0
[2018.02.11-01.45.29:045][206]LogOnline: Warning: Unknown or unsupported data type from Steam key data st_67 0
[2018.02.11-01.45.29:045][206]LogOnline: Warning: STEAM: Failed to parse setting from key st_67 value 0
[2018.02.11-01.45.29:045][206]LogOnline: Warning: Unknown or unsupported data type from Steam key data st_68 0
[2018.02.11-01.45.29:045][206]LogOnline: Warning: STEAM: Failed to parse setting from key st_68 value 0
[2018.02.11-01.45.29:045][206]LogOnline: Warning: Unknown or unsupported data type from Steam key data st_69 0
[2018.02.11-01.45.29:045][206]LogOnline: Warning: STEAM: Failed to parse setting from key st_69 value 0
[2018.02.11-01.45.29:045][206]LogOnline: Warning: Unknown or unsupported data type from Steam key data st_70 0
[2018.02.11-01.45.29:045][206]LogOnline: Warning: STEAM: Failed to parse setting from key st_70 value 0
[2018.02.11-01.45.29:045][206]LogOnline: Warning: Unknown or unsupported data type from Steam key data st_71 0
[2018.02.11-01.45.29:045][206]LogOnline: Warning: STEAM: Failed to parse setting from key st_71 value 0
[2018.02.11-01.45.29:045][206]LogOnline: Warning: Unknown or unsupported data type from Steam key data st_72 0
[2018.02.11-01.45.29:045][206]LogOnline: Warning: STEAM: Failed to parse setting from key st_72 value 0
[2018.02.11-01.45.29:045][206]LogOnline: Warning: Unknown or unsupported data type from Steam key data st_73 0
[2018.02.11-01.45.29:045][206]LogOnline: Warning: STEAM: Failed to parse setting from key st_73 value 0
[2018.02.11-01.45.29:045][206]LogOnline: Warning: Unknown or unsupported data type from Steam key data st_74 0
[2018.02.11-01.45.29:045][206]LogOnline: Warning: STEAM: Failed to parse setting from key st_74 value 0
[2018.02.11-01.45.29:045][206]LogOnline: Warning: Unknown or unsupported data type from Steam key data st_75 0
[2018.02.11-01.45.29:045][206]LogOnline: Warning: STEAM: Failed to parse setting from key st_75 value 0
[2018.02.11-01.45.29:045][206]LogOnline: Warning: Unknown or unsupported data type from Steam key data st_76 0
[2018.02.11-01.45.29:045][206]LogOnline: Warning: STEAM: Failed to parse setting from key st_76 value 0
[2018.02.11-01.45.29:045][206]LogOnline: Warning: Unknown or unsupported data type from Steam key data st_77 0
[2018.02.11-01.45.29:045][206]LogOnline: Warning: STEAM: Failed to parse setting from key st_77 value 0
[2018.02.11-01.45.29:045][206]LogOnline: Warning: Unknown or unsupported data type from Steam key data st_78 0
[2018.02.11-01.45.29:045][206]LogOnline: Warning: STEAM: Failed to parse setting from key st_78 value 0
[2018.02.11-01.45.29:045][206]LogOnline: Warning: Unknown or unsupported data type from Steam key data st_79 0
[2018.02.11-01.45.29:045][206]LogOnline: Warning: STEAM: Failed to parse setting from key st_79 value 0
[2018.02.11-01.45.29:045][206]LogOnline: Warning: Unknown or unsupported data type from Steam key data st_80 0
[2018.02.11-01.45.29:045][206]LogOnline: Warning: STEAM: Failed to parse setting from key st_80 value 0
[2018.02.11-01.45.29:045][206]LogOnline: Warning: Unknown or unsupported data type from Steam key data st_81 0
[2018.02.11-01.45.29:045][206]LogOnline: Warning: STEAM: Failed to parse setting from key st_81 value 0
[2018.02.11-01.45.29:045][206]LogOnline: Warning: Unknown or unsupported data type from Steam key data st_82 0
[2018.02.11-01.45.29:045][206]LogOnline: Warning: STEAM: Failed to parse setting from key st_82 value 0
[2018.02.11-01.45.29:045][206]LogOnline: Warning: Unknown or unsupported data type from Steam key data st_83 0
[2018.02.11-01.45.29:046][206]LogOnline: Warning: STEAM: Failed to parse setting from key st_83 value 0
[2018.02.11-01.45.29:046][206]LogOnline: Warning: Unknown or unsupported data type from Steam key data st_84 0
[2018.02.11-01.45.29:046][206]LogOnline: Warning: STEAM: Failed to parse setting from key st_84 value 0
[2018.02.11-01.45.29:046][206]LogOnline: Warning: Unknown or unsupported data type from Steam key data st_85 0
[2018.02.11-01.45.29:046][206]LogOnline: Warning: STEAM: Failed to parse setting from key st_85 value 0
[2018.02.11-01.45.29:046][206]LogOnline: Warning: Unknown or unsupported data type from Steam key data st_86 0
[2018.02.11-01.45.29:046][206]LogOnline: Warning: STEAM: Failed to parse setting from key st_86 value 0
[2018.02.11-01.45.29:046][206]LogOnline: Warning: Unknown or unsupported data type from Steam key data st_87 0
[2018.02.11-01.45.29:046][206]LogOnline: Warning: STEAM: Failed to parse setting from key st_87 value 0
[2018.02.11-01.45.29:046][206]LogOnline: Warning: Unknown or unsupported data type from Steam key data st_88 0
[2018.02.11-01.45.29:046][206]LogOnline: Warning: STEAM: Failed to parse setting from key st_88 value 0
[2018.02.11-01.45.29:046][206]LogOnline: Warning: Unknown or unsupported data type from Steam key data st_89 0
[2018.02.11-01.45.29:046][206]LogOnline: Warning: STEAM: Failed to parse setting from key st_89 value 0
[2018.02.11-01.45.29:046][206]LogOnline: Warning: Unknown or unsupported data type from Steam key data st_90 0
[2018.02.11-01.45.29:046][206]LogOnline: Warning: STEAM: Failed to parse setting from key st_90 value 0
[2018.02.11-01.45.29:046][206]LogOnline: Warning: Unknown or unsupported data type from Steam key data version EU4 v1.24.1.0 Japan (0625)
[2018.02.11-01.45.29:046][206]LogOnline: Warning: STEAM: Failed to parse setting from key version value EU4 v1.24.1.0 Japan (0625)
[2018.02.11-01.45.29:046][206]LogOnline: Warning: Unknown or unsupported data type from Steam key data __gameserverIP 0
[2018.02.11-01.45.29:046][206]LogOnline: Warning: STEAM: Failed to parse setting from key __gameserverIP value 0
[2018.02.11-01.45.29:046][206]LogOnline: Warning: Unknown or unsupported data type from Steam key data __gameserverPort 0
[2018.02.11-01.45.29:046][206]LogOnline: Warning: STEAM: Failed to parse setting from key __gameserverPort value 0
[2018.02.11-01.45.29:046][206]LogOnline: Warning: Unknown or unsupported data type from Steam key data __gameserverSteamID 90113320872364037
[2018.02.11-01.45.29:046][206]LogOnline: Warning: STEAM: Failed to parse setting from key __gameserverSteamID value 90113320872364037
[2018.02.11-01.45.29:046][206]LogOnline: Warning: STEAM: Unable to parse search result for lobby 'Lobby [0x1860000DFD321F7]'
[2018.02.11-01.45.29:046][206]LogOnline: Warning: Unknown or unsupported data type from Steam key data atv_enabled 1
[2018.02.11-01.45.29:046][206]LogOnline: Warning: STEAM: Failed to parse setting from key atv_enabled value 1
[2018.02.11-01.45.29:046][206]LogOnline: Warning: Unknown or unsupported data type from Steam key data branch default
[2018.02.11-01.45.29:046][206]LogOnline: Warning: STEAM: Failed to parse setting from key branch value default
[2018.02.11-01.45.29:046][206]LogOnline: Warning: Unknown or unsupported data type from Steam key data ip_country us
[2018.02.11-01.45.29:046][206]LogOnline: Warning: STEAM: Failed to parse setting from key ip_country value us
[2018.02.11-01.45.29:046][206]LogOnline: Warning: Unknown or unsupported data type from Steam key data map_name Siberia
[2018.02.11-01.45.29:046][206]LogOnline: Warning: STEAM: Failed to parse setting from key map_name value Siberia
[2018.02.11-01.45.29:046][206]LogOnline: Warning: Unknown or unsupported data type from Steam key data name Blade Eagle's server
[2018.02.11-01.45.29:047][206]LogOnline: Warning: STEAM: Failed to parse setting from key name value Blade Eagle's server
[2018.02.11-01.45.29:047][206]LogOnline: Warning: Unknown or unsupported data type from Steam key data net_version 24
[2018.02.11-01.45.29:047][206]LogOnline: Warning: STEAM: Failed to parse setting from key net_version value 24
[2018.02.11-01.45.29:047][206]LogOnline: Warning: Unknown or unsupported data type from Steam key data reserve_number 2
[2018.02.11-01.45.29:047][206]LogOnline: Warning: STEAM: Failed to parse setting from key reserve_number value 2
[2018.02.11-01.45.29:047][206]LogOnline: Warning: STEAM: Unable to parse search result for lobby 'Lobby [0x1860000DFD28C7C]'
[2018.02.11-01.45.29:047][206]LogOnline: Warning: Unknown or unsupported data type from Steam key data currentmembers 2
[2018.02.11-01.45.29:047][206]LogOnline: Warning: STEAM: Failed to parse setting from key currentmembers value 2
[2018.02.11-01.45.29:047][206]LogOnline: Warning: Unknown or unsupported data type from Steam key data guid 3ff74089-90b8-4567-b9e6-06b112646c5e
[2018.02.11-01.45.29:047][206]LogOnline: Warning: STEAM: Failed to parse setting from key guid value 3ff74089-90b8-4567-b9e6-06b112646c5e
[2018.02.11-01.45.29:047][206]LogOnline: Warning: Unknown or unsupported data type from Steam key data name pops (Thesupergod71)
[2018.02.11-01.45.29:047][206]LogOnline: Warning: STEAM: Failed to parse setting from key name value pops (Thesupergod71)
[2018.02.11-01.45.29:047][206]LogOnline: Warning: Unknown or unsupported data type from Steam key data __gameserverIP 0
[2018.02.11-01.45.29:047][206]LogOnline: Warning: STEAM: Failed to parse setting from key __gameserverIP value 0
[2018.02.11-01.45.29:047][206]LogOnline: Warning: Unknown or unsupported data type from Steam key data __gameserverPort 0
[2018.02.11-01.45.29:047][206]LogOnline: Warning: STEAM: Failed to parse setting from key __gameserverPort value 0
[2018.02.11-01.45.29:047][206]LogOnline: Warning: Unknown or unsupported data type from Steam key data __gameserverSteamID 90113321404017674
[2018.02.11-01.45.29:047][206]LogOnline: Warning: STEAM: Failed to parse setting from key __gameserverSteamID value 90113321404017674
[2018.02.11-01.45.29:047][206]LogOnline: Warning: STEAM: Unable to parse search result for lobby 'Lobby [0x1860000DFD3EE3A]'
[2018.02.11-01.45.29:047][206]LogOnline: Warning: STEAM: Removed incompatible build: ServerBuildUniqueId = 0x30681712, GetBuildUniqueId() = 0x6cd3e102
[2018.02.11-01.45.29:047][206]LogOnline: Warning: STEAM: Unable to parse search result for lobby 'Lobby [0x1860000DFD370EA]'
[2018.02.11-01.45.29:047][206]LogOnline: Warning: Unknown or unsupported data type from Steam key data currentmembers 5
[2018.02.11-01.45.29:047][206]LogOnline: Warning: STEAM: Failed to parse setting from key currentmembers value 5
[2018.02.11-01.45.29:047][206]LogOnline: Warning: Unknown or unsupported data type from Steam key data guid ae89313c-03dc-4913-9b9d-615715bb046e
[2018.02.11-01.45.29:047][206]LogOnline: Warning: STEAM: Failed to parse setting from key guid value ae89313c-03dc-4913-9b9d-615715bb046e
[2018.02.11-01.45.29:047][206]LogOnline: Warning: Unknown or unsupported data type from Steam key data name Roblox Server 420 BYOK (Haztel)
[2018.02.11-01.45.29:047][206]LogOnline: Warning: STEAM: Failed to parse setting from key name value Roblox Server 420 BYOK (Haztel)
[2018.02.11-01.45.29:047][206]LogOnline: Warning: Unknown or unsupported data type from Steam key data __gameserverIP 0
[2018.02.11-01.45.29:047][206]LogOnline: Warning: STEAM: Failed to parse setting from key __gameserverIP value 0
[2018.02.11-01.45.29:047][206]LogOnline: Warning: Unknown or unsupported data type from Steam key data __gameserverPort 0
[2018.02.11-01.45.29:047][206]LogOnline: Warning: STEAM: Failed to parse setting from key __gameserverPort value 0
[2018.02.11-01.45.29:047][206]LogOnline: Warning: Unknown or unsupported data type from Steam key data __gameserverSteamID 90113320932549643
[2018.02.11-01.45.29:047][206]LogOnline: Warning: STEAM: Failed to parse setting from key __gameserverSteamID value 90113320932549643
[2018.02.11-01.45.29:047][206]LogOnline: Warning: STEAM: Unable to parse search result for lobby 'Lobby [0x1860000DFD3383B]'
[2018.02.11-01.45.29:048][206]LogOnline: Warning: STEAM: Removed incompatible build: ServerBuildUniqueId = 0x00000114, GetBuildUniqueId() = 0x6cd3e102
[2018.02.11-01.45.29:048][206]LogOnline: Warning: STEAM: Unable to parse search result for lobby 'Lobby [0x1860000DFCF2F9C]'
[2018.02.11-01.45.29:048][206]LogOnline: Warning: Unknown or unsupported data type from Steam key data actual_password 76e8bbdbae5279f8470a15d3a3e5b28e
[2018.02.11-01.45.29:048][206]LogOnline: Warning: STEAM: Failed to parse setting from key actual_password value 76e8bbdbae5279f8470a15d3a3e5b28e
[2018.02.11-01.45.29:048][206]LogOnline: Warning: Unknown or unsupported data type from Steam key data desc Stellaris
[2018.02.11-01.45.29:048][206]LogOnline: Warning: STEAM: Failed to parse setting from key desc value Stellaris
[2018.02.11-01.45.29:048][206]LogOnline: Warning: Unknown or unsupported data type from Steam key data mod Stellaris
[2018.02.11-01.45.29:048][206]LogOnline: Warning: STEAM: Failed to parse setting from key mod value Stellaris
[2018.02.11-01.45.29:048][206]LogOnline: Warning: Unknown or unsupported data type from Steam key data name ASSHATS
[2018.02.11-01.45.29:048][206]LogOnline: Warning: STEAM: Failed to parse setting from key name value ASSHATS
[2018.02.11-01.45.29:048][206]LogOnline: Warning: Unknown or unsupported data type from Steam key data password 1
[2018.02.11-01.45.29:048][206]LogOnline: Warning: STEAM: Failed to parse setting from key password value 1
[2018.02.11-01.45.29:048][206]LogOnline: Warning: Unknown or unsupported data type from Steam key data status RUNNING;Boulle v1.9.1 (83d2);76e8bbdbae5279f8470a15d3a3e5b28e
[2018.02.11-01.45.29:048][206]LogOnline: Warning: STEAM: Failed to parse setting from key status value RUNNING;Boulle v1.9.1 (83d2);76e8bbdbae5279f8470a15d3a3e5b28e
[2018.02.11-01.45.29:048][206]LogOnline: Warning: Unknown or unsupported data type from Steam key data version Boulle v1.9.1 (83d2)
[2018.02.11-01.45.29:048][206]LogOnline: Warning: STEAM: Failed to parse setting from key version value Boulle v1.9.1 (83d2)
[2018.02.11-01.45.29:048][206]LogOnline: Warning: Unknown or unsupported data type from Steam key data __gameserverIP 0
[2018.02.11-01.45.29:048][206]LogOnline: Warning: STEAM: Failed to parse setting from key __gameserverIP value 0
[2018.02.11-01.45.29:048][206]LogOnline: Warning: Unknown or unsupported data type from Steam key data __gameserverPort 0
[2018.02.11-01.45.29:048][206]LogOnline: Warning: STEAM: Failed to parse setting from key __gameserverPort value 0
[2018.02.11-01.45.29:048][206]LogOnline: Warning: Unknown or unsupported data type from Steam key data __gameserverSteamID 90113320989707274
[2018.02.11-01.45.29:048][206]LogOnline: Warning: STEAM: Failed to parse setting from key __gameserverSteamID value 90113320989707274
[2018.02.11-01.45.29:048][206]LogOnline: Warning: STEAM: Unable to parse search result for lobby 'Lobby [0x1860000DFD3D595]'
[2018.02.11-01.45.29:048][206]LogOnline: Warning: Unknown or unsupported data type from Steam key data 10000012 11102
[2018.02.11-01.45.29:048][206]LogOnline: Warning: STEAM: Failed to parse setting from key 10000012 value 11102
[2018.02.11-01.45.29:048][206]LogOnline: Warning: Unknown or unsupported data type from Steam key data 10000015 67109378
[2018.02.11-01.45.29:048][206]LogOnline: Warning: STEAM: Failed to parse setting from key 10000015 value 67109378
[2018.02.11-01.45.29:048][206]LogOnline: Warning: Unknown or unsupported data type from Steam key data 10000017 0
[2018.02.11-01.45.29:048][206]LogOnline: Warning: STEAM: Failed to parse setting from key 10000017 value 0
[2018.02.11-01.45.29:048][206]LogOnline: Warning: Unknown or unsupported data type from Steam key data 1000003c 60
[2018.02.11-01.45.29:048][206]LogOnline: Warning: STEAM: Failed to parse setting from key 1000003c value 60
[2018.02.11-01.45.29:048][206]LogOnline: Warning: Unknown or unsupported data type from Steam key data 1000003d 262144
[2018.02.11-01.45.29:048][206]LogOnline: Warning: STEAM: Failed to parse setting from key 1000003d value 262144
[2018.02.11-01.45.29:048][206]LogOnline: Warning: Unknown or unsupported data type from Steam key data 10000050 0
[2018.02.11-01.45.29:048][206]LogOnline: Warning: STEAM: Failed to parse setting from key 10000050 value 0
[2018.02.11-01.45.29:048][206]LogOnline: Warning: Unknown or unsupported data type from Steam key data 10000052 989
[2018.02.11-01.45.29:048][206]LogOnline: Warning: STEAM: Failed to parse setting from key 10000052 value 989
[2018.02.11-01.45.29:048][206]LogOnline: Warning: Unknown or unsupported data type from Steam key data 10000088 379
[2018.02.11-01.45.29:048][206]LogOnline: Warning: STEAM: Failed to parse setting from key 10000088 value 379
[2018.02.11-01.45.29:049][206]LogOnline: Warning: Unknown or unsupported data type from Steam key data 10000089 41
[2018.02.11-01.45.29:049][206]LogOnline: Warning: STEAM: Failed to parse setting from key 10000089 value 41
[2018.02.11-01.45.29:049][206]LogOnline: Warning: Unknown or unsupported data type from Steam key data 1000008a 17
[2018.02.11-01.45.29:049][206]LogOnline: Warning: STEAM: Failed to parse setting from key 1000008a value 17
[2018.02.11-01.45.29:049][206]LogOnline: Warning: Unknown or unsupported data type from Steam key data 1000008b -1721188449
[2018.02.11-01.45.29:049][206]LogOnline: Warning: STEAM: Failed to parse setting from key 1000008b value -1721188449
[2018.02.11-01.45.29:049][206]LogOnline: Warning: Unknown or unsupported data type from Steam key data 1000008c 0
[2018.02.11-01.45.29:049][206]LogOnline: Warning: STEAM: Failed to parse setting from key 1000008c value 0
[2018.02.11-01.45.29:049][206]LogOnline: Warning: Unknown or unsupported data type from Steam key data 1000008d 2
[2018.02.11-01.45.29:049][206]LogOnline: Warning: STEAM: Failed to parse setting from key 1000008d value 2
[2018.02.11-01.45.29:049][206]LogOnline: Warning: Unknown or unsupported data type from Steam key data 100000aa 2
[2018.02.11-01.45.29:049][206]LogOnline: Warning: STEAM: Failed to parse setting from key 100000aa value 2
[2018.02.11-01.45.29:049][206]LogOnline: Warning: Unknown or unsupported data type from Steam key data 2000003b 0
[2018.02.11-01.45.29:049][206]LogOnline: Warning: STEAM: Failed to parse setting from key 2000003b value 0
[2018.02.11-01.45.29:049][206]LogOnline: Warning: Unknown or unsupported data type from Steam key data 20000083 0
[2018.02.11-01.45.29:049][206]LogOnline: Warning: STEAM: Failed to parse setting from key 20000083 value 0
[2018.02.11-01.45.29:049][206]LogOnline: Warning: Unknown or unsupported data type from Steam key data 20000084 0
[2018.02.11-01.45.29:049][206]LogOnline: Warning: STEAM: Failed to parse setting from key 20000084 value 0
[2018.02.11-01.45.29:049][206]LogOnline: Warning: Unknown or unsupported data type from Steam key data 20000085 0
[2018.02.11-01.45.29:049][206]LogOnline: Warning: STEAM: Failed to parse setting from key 20000085 value 0
[2018.02.11-01.45.29:049][206]LogOnline: Warning: Unknown or unsupported data type from Steam key data 20000086 0
[2018.02.11-01.45.29:049][206]LogOnline: Warning: STEAM: Failed to parse setting from key 20000086 value 0
[2018.02.11-01.45.29:049][206]LogOnline: Warning: Unknown or unsupported data type from Steam key data 20000087 0
[2018.02.11-01.45.29:049][206]LogOnline: Warning: STEAM: Failed to parse setting from key 20000087 value 0
[2018.02.11-01.45.29:049][206]LogOnline: Warning: Unknown or unsupported data type from Steam key data 800a 0
[2018.02.11-01.45.29:049][206]LogOnline: Warning: STEAM: Failed to parse setting from key 800a value 0
[2018.02.11-01.45.29:049][206]LogOnline: Warning: Unknown or unsupported data type from Steam key data 800b 0
[2018.02.11-01.45.29:049][206]LogOnline: Warning: STEAM: Failed to parse setting from key 800b value 0
[2018.02.11-01.45.29:049][206]LogOnline: Warning: Unknown or unsupported data type from Steam key data 9 0
[2018.02.11-01.45.29:049][206]LogOnline: Warning: STEAM: Failed to parse setting from key 9 value 0
[2018.02.11-01.45.29:049][206]LogOnline: Warning: Unknown or unsupported data type from Steam key data name Eggarethebest12
[2018.02.11-01.45.29:049][206]LogOnline: Warning: STEAM: Failed to parse setting from key name value Eggarethebest12
[2018.02.11-01.45.29:049][206]LogOnline: Warning: Unknown or unsupported data type from Steam key data owner 76561198419126266
[2018.02.11-01.45.29:049][206]LogOnline: Warning: STEAM: Failed to parse setting from key owner value 76561198419126266
[2018.02.11-01.45.29:049][206]LogOnline: Warning: Unknown or unsupported data type from Steam key data players_cnt 2
[2018.02.11-01.45.29:049][206]LogOnline: Warning: STEAM: Failed to parse setting from key players_cnt value 2
[2018.02.11-01.45.29:049][206]LogOnline: Warning: STEAM: Unable to parse search result for lobby 'Lobby [0x1860000DFC8F6BC]'
[2018.02.11-01.45.29:049][206]LogOnline: Warning: Unknown or unsupported data type from Steam key data appcrc 0x3A5D57BB
[2018.02.11-01.45.29:049][206]LogOnline: Warning: STEAM: Failed to parse setting from key appcrc value 0x3A5D57BB
[2018.02.11-01.45.29:049][206]LogOnline: Warning: Unknown or unsupported data type from Steam key data gametype combat
[2018.02.11-01.45.29:049][206]LogOnline: Warning: STEAM: Failed to parse setting from key gametype value combat
[2018.02.11-01.45.29:049][206]LogOnline: Warning: Unknown or unsupported data type from Steam key data gamever 3.260.0
[2018.02.11-01.45.29:049][206]LogOnline: Warning: STEAM: Failed to parse setting from key gamever value 3.260.0
[2018.02.11-01.45.29:049][206]LogOnline: Warning: Unknown or unsupported data type from Steam key data hostname Striker Hog
[2018.02.11-01.45.29:049][206]LogOnline: Warning: STEAM: Failed to parse setting from key hostname value Striker Hog
[2018.02.11-01.45.29:050][206]LogOnline: Warning: Unknown or unsupported data type from Steam key data mapcrc 0x9DE01A4A
[2018.02.11-01.45.29:050][206]LogOnline: Warning: STEAM: Failed to parse setting from key mapcrc value 0x9DE01A4A
[2018.02.11-01.45.29:050][206]LogOnline: Warning: Unknown or unsupported data type from Steam key data MapName multi/4v4_nijmegen:combat
[2018.02.11-01.45.29:050][206]LogOnline: Warning: STEAM: Failed to parse setting from key MapName value multi/4v4_nijmegen:combat
[2018.02.11-01.45.29:050][206]LogOnline: Warning: Unknown or unsupported data type from Steam key data master 0x0000000A
[2018.02.11-01.45.29:050][206]LogOnline: Warning: STEAM: Failed to parse setting from key master value 0x0000000A
[2018.02.11-01.45.29:050][206]LogOnline: Warning: Unknown or unsupported data type from Steam key data maxplayers 8
[2018.02.11-01.45.29:050][206]LogOnline: Warning: STEAM: Failed to parse setting from key maxplayers value 8
[2018.02.11-01.45.29:050][206]LogOnline: Warning: Unknown or unsupported data type from Steam key data min_performance 0
[2018.02.11-01.45.29:050][206]LogOnline: Warning: STEAM: Failed to parse setting from key min_performance value 0
[2018.02.11-01.45.29:050][206]LogOnline: Warning: Unknown or unsupported data type from Steam key data mods gsm fields of honor xii:0
[2018.02.11-01.45.29:050][206]LogOnline: Warning: STEAM: Failed to parse setting from key mods value gsm fields of honor xii:0
[2018.02.11-01.45.29:050][206]LogOnline: Warning: Unknown or unsupported data type from Steam key data numplayers 5
[2018.02.11-01.45.29:050][206]LogOnline: Warning: STEAM: Failed to parse setting from key numplayers value 5
[2018.02.11-01.45.29:050][206]LogOnline: Warning: Unknown or unsupported data type from Steam key data owner 76561198097811953
[2018.02.11-01.45.29:050][206]LogOnline: Warning: STEAM: Failed to parse setting from key owner value 76561198097811953
[2018.02.11-01.45.29:050][206]LogOnline: Warning: Unknown or unsupported data type from Steam key data password 0x00000000
[2018.02.11-01.45.29:050][206]LogOnline: Warning: STEAM: Failed to parse setting from key password value 0x00000000
[2018.02.11-01.45.29:050][206]LogOnline: Warning: Unknown or unsupported data type from Steam key data ranked 0
[2018.02.11-01.45.29:050][206]LogOnline: Warning: STEAM: Failed to parse setting from key ranked value 0
[2018.02.11-01.45.29:050][206]LogOnline: Warning: Unknown or unsupported data type from Steam key data secured 1
[2018.02.11-01.45.29:050][206]LogOnline: Warning: STEAM: Failed to parse setting from key secured value 1
[2018.02.11-01.45.29:050][206]LogOnline: Warning: Unknown or unsupported data type from Steam key data service 25
[2018.02.11-01.45.29:050][206]LogOnline: Warning: STEAM: Failed to parse setting from key service value 25
[2018.02.11-01.45.29:050][206]LogOnline: Warning: Unknown or unsupported data type from Steam key data state 0
[2018.02.11-01.45.29:050][206]LogOnline: Warning: STEAM: Failed to parse setting from key state value 0
[2018.02.11-01.45.29:050][206]LogOnline: Warning: Unknown or unsupported data type from Steam key data type 1
[2018.02.11-01.45.29:050][206]LogOnline: Warning: STEAM: Failed to parse setting from key type value 1
[2018.02.11-01.45.29:050][206]LogOnline: Warning: Unknown or unsupported data type from Steam key data version 3.260.0
[2018.02.11-01.45.29:050][206]LogOnline: Warning: STEAM: Failed to parse setting from key version value 3.260.0
[2018.02.11-01.45.29:050][206]LogOnline: Warning: Unknown or unsupported data type from Steam key data veterancy 0
[2018.02.11-01.45.29:050][206]LogOnline: Warning: STEAM: Failed to parse setting from key veterancy value 0
[2018.02.11-01.45.29:050][206]LogOnline: Warning: Unknown or unsupported data type from Steam key data xpgain 0
[2018.02.11-01.45.29:050][206]LogOnline: Warning: STEAM: Failed to parse setting from key xpgain value 0
[2018.02.11-01.45.29:050][206]LogOnline: Warning: Unknown or unsupported data type from Steam key data __gameserverIP 0
[2018.02.11-01.45.29:050][206]LogOnline: Warning: STEAM: Failed to parse setting from key __gameserverIP value 0
[2018.02.11-01.45.29:050][206]LogOnline: Warning: Unknown or unsupported data type from Steam key data __gameserverPort 0
[2018.02.11-01.45.29:050][206]LogOnline: Warning: STEAM: Failed to parse setting from key __gameserverPort value 0
[2018.02.11-01.45.29:050][206]LogOnline: Warning: Unknown or unsupported data type from Steam key data __gameserverSteamID 90113321216494595
[2018.02.11-01.45.29:050][206]LogOnline: Warning: STEAM: Failed to parse setting from key __gameserverSteamID value 90113321216494595
[2018.02.11-01.45.29:050][206]LogOnline: Warning: STEAM: Unable to parse search result for lobby 'Lobby [0x1860000DFD37EB4]'
[2018.02.11-01.45.30:157][272]LogNet: Browse: steam.76561198390995288//Game/Maps/mainMenu
[2018.02.11-01.45.30:178][272]LogTemp: Display: ParseSettings for GameNetDriver
[2018.02.11-01.45.30:183][272]LogTemp: Display: ParseSettings for SteamNetDriver_0
[2018.02.11-01.45.30:184][272]LogTemp: Display: ParseSettings for PendingNetDriver
[2018.02.11-01.45.30:185][272]LogNet: Display: SteamNetDriver_0 bound to port 7777
[2018.02.11-01.45.30:186][272]PacketHandlerLog: Loaded PacketHandler component: Engine.EngineHandlerComponentFactory (StatelessConnectHandlerComponent)
[2018.02.11-01.45.30:196][272]LogNet: Game client on port 7777, rate 10000
[2018.02.11-01.45.34:239][521]LogHandshake: SendChallengeResponse. Timestamp: 35.439247, Cookie: 229137065139124192123135128000049139114251068133198194070178
[2018.02.11-01.45.34:239][521]LogHandshake: SendChallengeResponse. Timestamp: 35.439247, Cookie: 229137065139124192123135128000049139114251068133198194070178
[2018.02.11-01.45.34:239][521]LogHandshake: SendChallengeResponse. Timestamp: 35.439247, Cookie: 229137065139124192123135128000049139114251068133198194070178
[2018.02.11-01.45.34:239][521]LogHandshake: SendChallengeResponse. Timestamp: 35.439247, Cookie: 229137065139124192123135128000049139114251068133198194070178
[2018.02.11-01.45.34:247][523]LogVoiceEngine: Warning: Dropping voice data due to network layer not processing fast enough
[2018.02.11-01.45.34:278][524]LogNet: UPendingNetGame::SendInitialJoin: Sending hello. [UNetConnection] RemoteAddr: 76561198390995288:7777, Name: SteamNetConnection_0, Driver: PendingNetDriver SteamNetDriver_0, IsServer: NO, PC: NULL, Owner: NULL
[2018.02.11-01.45.34:358][529]LogNet: Welcomed by server (Level: /Game/Maps/lobby, Game: /Game/Blueprints/lobby/lobbyGM.lobbyGM_C)
[2018.02.11-01.45.34:362][529]LogLoad: LoadMap: steam.76561198390995288//Game/Maps/lobby?game=/Game/Blueprints/lobby/lobbyGM.lobbyGM_C
[2018.02.11-01.45.34:804][529]LogProperty: Error: UStructProperty::Serialize Loading: Property 'StructProperty /Game/UI/Lobby/gameSettings.gameSettings_C:ExecuteUbergraph_gameSettings.CallFunc_Array_Get_Item'. Unknown structure.
[2018.02.11-01.45.34:807][529]LogProperty: Error: UStructProperty::Serialize Loading: Property 'StructProperty /Game/UI/Lobby/playerButton.playerButton_C:playerInfo'. Unknown structure.
[2018.02.11-01.45.34:807][529]LogClass: Warning: Property playerInfo of playerInfo has a struct type mismatch (tag STRUCT_REINST_PlayerInfo_0 != prop FallbackStruct) in package:  ../../../../ue4/steam/Content/UI/Lobby/playerButton.uasset. If that struct got renamed, add an entry to ActiveStructRedirects.
[2018.02.11-01.45.35:317][529]LogClass: Warning: Property playerInfo of playerInfo has a struct type mismatch (tag FallbackStruct != prop PlayerInfo) in package:  FObjectReader. If that struct got renamed, add an entry to ActiveStructRedirects.
[2018.02.11-01.45.36:138][529]LogAIModule: Creating AISystem for world lobby
[2018.02.11-01.45.36:154][529]LogTemp: Display: ParseSettings for GameNetDriver
[2018.02.11-01.45.36:286][529]LogWorld: Bringing World /Game/Maps/lobby.lobby up for play (max tick rate 0) at 2018.02.10-17.45.36
[2018.02.11-01.45.36:286][529]LogWorld: Bringing up level for play took: 0.131444
[2018.02.11-01.45.36:321][529]LogLoad: Took 1.959856 seconds to LoadMap(/Game/Maps/lobby)
[2018.02.11-01.45.36:914][530]LogSlate: Took 0.014114 seconds to synchronously load lazily loaded font '../../../Engine/Content/Slate/Fonts/Roboto-Regular.ttf' (155K)
[2018.02.11-01.45.43:721][948]LogWorld: SeamlessTravel to: /Game/Maps/Arena01
[2018.02.11-01.45.43:795][950]LogStats:     SeamlessTravel FlushLevelStreaming  -  0.000 s
[2018.02.11-01.45.43:810][950]LogWorld: Bringing World /Game/Maps/travelMap.travelMap up for play (max tick rate 0) at 2018.02.10-17.45.43
[2018.02.11-01.45.43:810][950]LogWorld: Bringing up level for play took: 0.015245
[2018.02.11-01.45.43:810][950]LogWorld: Sending NotifyLoadedWorld for LP: LocalPlayer_0 PC: lobbyPlayerController_C_0
[2018.02.11-01.45.43:810][950]LogNet: Verbose: NotifyLoadedWorld Begin
[2018.02.11-01.45.43:813][950]LogNet: VeryVerbose: GetFunctionCallspace RemoteRole Remote ServerNotifyLoadedWorld
[2018.02.11-01.45.43:814][950]LogNetTraffic:       Sent RPC: lobbyPlayerController_C_0::ServerNotifyLoadedWorld [34.4 bytes]
[2018.02.11-01.45.43:822][950]LogNetTraffic: VeryVerbose: Sending: FOutBunch: Channel[2] ChSequence: 842 NumBits: 275 PacketId: 0 bOpen: 0 bClose: 0 bDormant: 0 bIsReplicationPaused: 0 bReliable: 1 bPartial: 0//0//0 bHasPackageMapExports: 0 
[2018.02.11-01.45.43:822][950]LogNetTraffic: Verbose: UNetConnection::SendRawBunch. ChIndex: 2. Bits: 275. PacketId: 3308
[2018.02.11-01.45.43:822][950]LogNet: Verbose: NotifyLoadedWorld End
[2018.02.11-01.45.43:822][950]LogWorld: StartLoadingDestination to: /Game/Maps/Arena01
[2018.02.11-01.45.44:386][960]LogStats:     SeamlessTravel FlushLevelStreaming  -  0.000 s
[2018.02.11-01.45.44:387][960]LogWorld: Bringing World /Game/Maps/Arena01.arena01 up for play (max tick rate 0) at 2018.02.10-17.45.44
[2018.02.11-01.45.44:388][960]LogWorld: Bringing up level for play took: 0.001638
[2018.02.11-01.45.44:388][960]LogWorld: Sending NotifyLoadedWorld for LP: LocalPlayer_0 PC: lobbyPlayerController_C_0
[2018.02.11-01.45.44:388][960]LogNet: Verbose: NotifyLoadedWorld Begin
[2018.02.11-01.45.44:388][960]LogNet: VeryVerbose: GetFunctionCallspace RemoteRole Remote ServerNotifyLoadedWorld
[2018.02.11-01.45.44:388][960]LogNetTraffic:       Sent RPC: lobbyPlayerController_C_0::ServerNotifyLoadedWorld [32.4 bytes]
[2018.02.11-01.45.44:388][960]LogNetTraffic: VeryVerbose: Sending: FOutBunch: Channel[2] ChSequence: 843 NumBits: 259 PacketId: 0 bOpen: 0 bClose: 0 bDormant: 0 bIsReplicationPaused: 0 bReliable: 1 bPartial: 0//0//0 bHasPackageMapExports: 0 
[2018.02.11-01.45.44:388][960]LogNetTraffic: Verbose: UNetConnection::SendRawBunch. ChIndex: 2. Bits: 259. PacketId: 3315
[2018.02.11-01.45.44:388][960]LogNet: Verbose: NotifyLoadedWorld End
[2018.02.11-01.45.44:388][960]LogWorld: ----SeamlessTravel finished in 0.67 seconds ------
[2018.02.11-01.45.44:411][962]LogRenderer: Reallocating scene render targets to support 128x128 Format 10 NumSamples 1 (Frame:0).
[2018.02.11-01.45.44:437][962]LogRenderer: Reallocating scene render targets to support 1920x1080 Format 10 NumSamples 1 (Frame:1).
[2018.02.11-01.45.44:498][964]LogBlueprintUserMessages: [gameplayPC_C_0] loaded game for arena
[2018.02.11-01.45.44:525][967]LogScriptCore: Warning: Script Msg: DestroySessionCallback - Invalid player state
[2018.02.11-01.45.45:091][  0]LogOnline: Warning: STEAM: No game present to join for session (GameSession)
[2018.02.11-01.46.07:752][403]Closing by request
[2018.02.11-01.46.07:752][403]LogWindows: FPlatformMisc::RequestExit(0)
[2018.02.11-01.46.07:760][404]LogNet: World NetDriver shutdown SteamNetDriver_0 [GameNetDriver]
[2018.02.11-01.46.07:760][404]LogNet: DestroyNamedNetDriver SteamNetDriver_0 [GameNetDriver]
[2018.02.11-01.46.07:760][404]LogNet: UNetConnection::Close: [UNetConnection] RemoteAddr: 76561198390995288:7777, Name: SteamNetConnection_0, Driver: GameNetDriver SteamNetDriver_0, IsServer: NO, PC: gameplayPC_C_0, Owner: gameplayPC_C_0, Channels: 11, Time: 2018.02.11-01.46.07
[2018.02.11-01.46.07:770][404]LogNet: UChannel::Close: Sending CloseBunch. ChIndex == 0. Name: [UChannel] ChIndex: 0, Closing: 0 [UNetConnection] RemoteAddr: 76561198390995288:7777, Name: SteamNetConnection_0, Driver: GameNetDriver SteamNetDriver_0, IsServer: NO, PC: gameplayPC_C_0, Owner: gameplayPC_C_0
[2018.02.11-01.46.07:780][404]LogExit: GameNetDriver SteamNetDriver_0 shut down
[2018.02.11-01.46.08:348][404]LogExit: Preparing to exit.
[2018.02.11-01.46.08:348][404]LogMoviePlayer: Shutting down movie player
[2018.02.11-01.46.08:383][404]LogExit: Game engine shut down
[2018.02.11-01.46.08:443][404]LogExit: Object subsystem successfully closed.
[2018.02.11-01.46.08:458][404]LogD3D11RHI: Shutdown
[2018.02.11-01.46.08:458][404]LogD3D11RHI: CleanupD3DDevice
[2018.02.11-01.46.08:459][404]LogD3D11RHI: ~FD3D11DynamicRHI
[2018.02.11-01.46.08:462][404]LogModuleManager: Shutting down and abandoning module SequenceRecorderSections (314)
[2018.02.11-01.46.08:462][404]LogModuleManager: Shutting down and abandoning module SequenceRecorder (312)
[2018.02.11-01.46.08:462][404]LogModuleManager: Shutting down and abandoning module AutomationController (310)
[2018.02.11-01.46.08:462][404]LogModuleManager: Shutting down and abandoning module AutomationWorker (308)
[2018.02.11-01.46.08:462][404]LogModuleManager: Shutting down and abandoning module AIModule (306)
[2018.02.11-01.46.08:462][404]LogModuleManager: Shutting down and abandoning module GameplayDebugger (305)
[2018.02.11-01.46.08:463][404]LogModuleManager: Shutting down and abandoning module AITestSuite (303)
[2018.02.11-01.46.08:463][404]LogModuleManager: Shutting down and abandoning module WmfMediaFactory (300)
[2018.02.11-01.46.08:463][404]LogModuleManager: Shutting down and abandoning module OpenExrWrapper (298)
[2018.02.11-01.46.08:463][404]LogModuleManager: Shutting down and abandoning module ImgMediaFactory (296)
[2018.02.11-01.46.08:463][404]LogModuleManager: Shutting down and abandoning module AvfMediaFactory (294)
[2018.02.11-01.46.08:463][404]LogModuleManager: Shutting down and abandoning module CharacterAI (292)
[2018.02.11-01.46.08:463][404]LogModuleManager: Shutting down and abandoning module SessionServices (290)
[2018.02.11-01.46.08:463][404]LogModuleManager: Shutting down and abandoning module MovieSceneCapture (288)
[2018.02.11-01.46.08:463][404]LogModuleManager: Shutting down and abandoning module MovieSceneTracks (286)
[2018.02.11-01.46.08:463][404]LogModuleManager: Shutting down and abandoning module MovieScene (284)
[2018.02.11-01.46.08:463][404]LogModuleManager: Shutting down and abandoning module GeometryCache (282)
[2018.02.11-01.46.08:463][404]LogModuleManager: Shutting down and abandoning module GeometryCacheEd (281)
[2018.02.11-01.46.08:463][404]LogModuleManager: Shutting down and abandoning module StreamingPauseRendering (278)
[2018.02.11-01.46.08:463][404]LogModuleManager: Shutting down and abandoning module PortalServices (276)
[2018.02.11-01.46.08:463][404]LogModuleManager: Shutting down and abandoning module PortalRpc (274)
[2018.02.11-01.46.08:463][404]LogModuleManager: Shutting down and abandoning module MessagingRpc (272)
[2018.02.11-01.46.08:463][404]LogModuleManager: Shutting down and abandoning module ProfilerService (270)
[2018.02.11-01.46.08:527][404]LogModuleManager: Shutting down and abandoning module TaskGraph (268)
[2018.02.11-01.46.08:527][404]LogModuleManager: Shutting down and abandoning module SteamVRController (266)
[2018.02.11-01.46.08:527][404]LogModuleManager: Shutting down and abandoning module ProceduralMeshComponent (264)
[2018.02.11-01.46.08:527][404]LogModuleManager: Shutting down and abandoning module OculusInput (262)
[2018.02.11-01.46.08:527][404]LogModuleManager: Shutting down and abandoning module MobilePatchingUtils (260)
[2018.02.11-01.46.08:527][404]LogModuleManager: Shutting down and abandoning module CustomMeshComponent (258)
[2018.02.11-01.46.08:527][404]LogModuleManager: Shutting down and abandoning module CableComponent (256)
[2018.02.11-01.46.08:527][404]LogModuleManager: Shutting down and abandoning module ArchVisCharacter (254)
[2018.02.11-01.46.08:527][404]LogModuleManager: Shutting down and abandoning module AndroidPermission (252)
[2018.02.11-01.46.08:527][404]LogModuleManager: Shutting down and abandoning module ActorSequence (248)
[2018.02.11-01.46.08:527][404]LogModuleManager: Shutting down and abandoning module MediaCompositing (246)
[2018.02.11-01.46.08:527][404]LogModuleManager: Shutting down and abandoning module HTML5Networking (244)
[2018.02.11-01.46.08:527][404]LogModuleManager: Shutting down and abandoning module VisualStudioSourceCodeAccess (242)
[2018.02.11-01.46.08:527][404]LogModuleManager: Shutting down and abandoning module HotReload (241)
[2018.02.11-01.46.08:527][404]LogModuleManager: Shutting down and abandoning module VisualStudioCodeSourceCodeAccess (238)
[2018.02.11-01.46.08:527][404]LogModuleManager: Shutting down and abandoning module UObjectPlugin (236)
[2018.02.11-01.46.08:527][404]LogModuleManager: Shutting down and abandoning module SubversionSourceControl (234)
[2018.02.11-01.46.08:527][404]LogModuleManager: Shutting down and abandoning module PerforceSourceControl (232)
[2018.02.11-01.46.08:527][404]LogModuleManager: Shutting down and abandoning module SourceControl (231)
[2018.02.11-01.46.08:527][404]LogModuleManager: Shutting down and abandoning module RuntimePhysXCooking (228)
[2018.02.11-01.46.08:527][404]LogModuleManager: Shutting down and abandoning module PhysXVehiclesEditor (226)
[2018.02.11-01.46.08:527][404]LogModuleManager: Shutting down and abandoning module PhysXVehicles (224)
[2018.02.11-01.46.08:527][404]LogModuleManager: Shutting down and abandoning module LocationServicesBPLibrary (222)
[2018.02.11-01.46.08:527][404]LogModuleManager: Shutting down and abandoning module ImmediatePhysicsEditor (220)
[2018.02.11-01.46.08:527][404]LogModuleManager: Shutting down and abandoning module ImmediatePhysics (218)
[2018.02.11-01.46.08:527][404]LogModuleManager: Shutting down and abandoning module UdpMessaging (216)
[2018.02.11-01.46.08:527][404]LogModuleManager: Shutting down and abandoning module TcpMessaging (214)
[2018.02.11-01.46.08:527][404]LogModuleManager: Shutting down and abandoning module GameplayTagsEditor (212)
[2018.02.11-01.46.08:527][404]LogModuleManager: Shutting down and abandoning module FacialAnimation (210)
[2018.02.11-01.46.08:527][404]LogModuleManager: Shutting down and abandoning module AssetManagerEditor (208)
[2018.02.11-01.46.08:528][404]LogModuleManager: Shutting down and abandoning module GraphEditor (207)
[2018.02.11-01.46.08:528][404]LogModuleManager: Shutting down and abandoning module ContentBrowser (205)
[2018.02.11-01.46.08:528][404]LogModuleManager: Shutting down and abandoning module CollectionManager (204)
[2018.02.11-01.46.08:528][404]LogDirectoryWatcher: A directory notification for 'E:/ue4/steam/Content/Collections/' was aborted.
[2018.02.11-01.46.08:528][404]LogDirectoryWatcher: A directory notification for 'E:/ue4/steam/Content/Developers/Calvert/Collections/' was aborted.
[2018.02.11-01.46.08:528][404]LogDirectoryWatcher: A directory notification for 'E:/ue4/steam/Saved/Collections/' was aborted.
[2018.02.11-01.46.08:528][404]LogModuleManager: Shutting down and abandoning module DirectoryWatcher (203)
[2018.02.11-01.46.08:528][404]LogModuleManager: Shutting down and abandoning module LightPropagationVolumeRuntime (198)
[2018.02.11-01.46.08:528][404]LogModuleManager: Shutting down and abandoning module Paper2D (196)
[2018.02.11-01.46.08:528][404]LogModuleManager: Shutting down and abandoning module WindowsMoviePlayer (194)
[2018.02.11-01.46.08:528][404]LogModuleManager: Shutting down and abandoning module WmfMedia (192)
[2018.02.11-01.46.08:528][404]LogModuleManager: Shutting down and abandoning module ImgMedia (190)
[2018.02.11-01.46.08:528][404]LogModuleManager: Shutting down and abandoning module PacketHandler (188)
[2018.02.11-01.46.08:528][404]LogModuleManager: Shutting down and abandoning module ClothingSystemEditor (186)
[2018.02.11-01.46.08:528][404]LogModuleManager: Shutting down and abandoning module ClothingSystemRuntime (184)
[2018.02.11-01.46.08:528][404]LogModuleManager: Shutting down and abandoning module MediaAssets (182)
[2018.02.11-01.46.08:528][404]LogModuleManager: Shutting down and abandoning module Media (181)
[2018.02.11-01.46.08:534][404]LogModuleManager: Shutting down and abandoning module Overlay (178)
[2018.02.11-01.46.08:534][404]LogModuleManager: Shutting down and abandoning module OverlayEditor (177)
[2018.02.11-01.46.08:534][404]LogModuleManager: Shutting down and abandoning module VREditor (174)
[2018.02.11-01.46.08:534][404]LogModuleManager: Shutting down and abandoning module StringTableEditor (172)
[2018.02.11-01.46.08:534][404]LogModuleManager: Shutting down and abandoning module GameplayTasksEditor (170)
[2018.02.11-01.46.08:534][404]LogModuleManager: Shutting down and abandoning module BehaviorTreeEditor (168)
[2018.02.11-01.46.08:534][404]LogModuleManager: Shutting down and abandoning module FunctionalTesting (166)
[2018.02.11-01.46.08:534][404]LogModuleManager: Shutting down and abandoning module CollisionAnalyzer (164)
[2018.02.11-01.46.08:534][404]LogModuleManager: Shutting down and abandoning module WorkspaceMenuStructure (163)
[2018.02.11-01.46.08:534][404]LogModuleManager: Shutting down and abandoning module UMG (160)
[2018.02.11-01.46.08:534][404]LogModuleManager: Shutting down and abandoning module UMGEditor (159)
[2018.02.11-01.46.08:534][404]LogModuleManager: Shutting down and abandoning module Sequencer (158)
[2018.02.11-01.46.08:534][404]LogModuleManager: Shutting down and abandoning module MessageLog (155)
[2018.02.11-01.46.08:534][404]LogModuleManager: Shutting down and abandoning module SlateReflector (150)
[2018.02.11-01.46.08:534][404]LogModuleManager: Shutting down and abandoning module Slate (148)
[2018.02.11-01.46.08:534][404]LogModuleManager: Shutting down and abandoning module EditorStyle (146)
[2018.02.11-01.46.08:535][404]LogModuleManager: Shutting down and abandoning module MRMesh (144)
[2018.02.11-01.46.08:535][404]LogModuleManager: Shutting down and abandoning module Messaging (142)
[2018.02.11-01.46.08:535][404]LogModuleManager: Shutting down and abandoning module SourceCodeAccess (140)
[2018.02.11-01.46.08:535][404]LogModuleManager: Shutting down and abandoning module HeadMountedDisplay (138)
[2018.02.11-01.46.08:535][404]LogModuleManager: Shutting down and abandoning module XAudio2 (136)
[2018.02.11-01.46.08:535][404]LogModuleManager: Shutting down and abandoning module Networking (134)
[2018.02.11-01.46.08:535][404]LogModuleManager: Shutting down and abandoning module Core (132)
[2018.02.11-01.46.08:535][404]LogModuleManager: Shutting down and abandoning module LevelSequence (130)
[2018.02.11-01.46.08:535][404]LogModuleManager: Shutting down and abandoning module KismetCompiler (128)
[2018.02.11-01.46.08:535][404]LogModuleManager: Shutting down and abandoning module MeshUtilities (126)
[2018.02.11-01.46.08:535][404]LogModuleManager: Shutting down and abandoning module MeshMergeUtilities (125)
[2018.02.11-01.46.08:535][404]LogModuleManager: Shutting down and abandoning module MeshReductionInterface (124)
[2018.02.11-01.46.08:536][404]LogModuleManager: Shutting down and abandoning module SimplygonSwarm (123)
[2018.02.11-01.46.08:536][404]LogModuleManager: Shutting down and abandoning module SimplygonMeshReduction (121)
[2018.02.11-01.46.08:536][404]LogModuleManager: Shutting down and abandoning module QuadricMeshReduction (119)
[2018.02.11-01.46.08:536][404]LogModuleManager: Shutting down and abandoning module MaterialBaking (115)
[2018.02.11-01.46.08:536][404]LogModuleManager: Shutting down and abandoning module DerivedDataCache (110)
[2018.02.11-01.46.08:732][404]LogDerivedDataCache: Shutdown
[2018.02.11-01.46.08:732][404]LogModuleManager: Shutting down and abandoning module TargetPlatform (108)
[2018.02.11-01.46.08:732][404]LogModuleManager: Shutting down and abandoning module VulkanShaderFormat (107)
[2018.02.11-01.46.08:732][404]LogModuleManager: Shutting down and abandoning module ShaderFormatVectorVM (105)
[2018.02.11-01.46.08:732][404]LogModuleManager: Shutting down and abandoning module ShaderFormatOpenGL (103)
[2018.02.11-01.46.08:732][404]LogModuleManager: Shutting down and abandoning module ShaderFormatD3D (101)
[2018.02.11-01.46.08:732][404]LogModuleManager: Shutting down and abandoning module MetalShaderFormat (99)
[2018.02.11-01.46.08:732][404]LogModuleManager: Shutting down and abandoning module TextureFormatUncompressed (97)
[2018.02.11-01.46.08:732][404]LogModuleManager: Shutting down and abandoning module TextureFormatPVR (95)
[2018.02.11-01.46.08:732][404]LogModuleManager: Shutting down and abandoning module TextureFormatDXT (93)
[2018.02.11-01.46.08:732][404]LogModuleManager: Shutting down and abandoning module TextureFormatIntelISPCTexComp (91)
[2018.02.11-01.46.08:732][404]LogModuleManager: Shutting down and abandoning module TextureFormatASTC (89)
[2018.02.11-01.46.08:732][404]LogModuleManager: Shutting down and abandoning module ImageWrapper (88)
[2018.02.11-01.46.08:732][404]LogModuleManager: Shutting down and abandoning module TextureFormatAndroid (85)
[2018.02.11-01.46.08:732][404]LogModuleManager: Shutting down and abandoning module AudioFormatOpus (83)
[2018.02.11-01.46.08:732][404]LogModuleManager: Shutting down and abandoning module AudioFormatOgg (81)
[2018.02.11-01.46.08:732][404]LogModuleManager: Shutting down and abandoning module AudioFormatADPCM (79)
[2018.02.11-01.46.08:732][404]LogModuleManager: Shutting down and abandoning module WindowsTargetPlatform (77)
[2018.02.11-01.46.08:732][404]LogModuleManager: Shutting down and abandoning module WindowsServerTargetPlatform (75)
[2018.02.11-01.46.08:732][404]LogModuleManager: Shutting down and abandoning module WindowsNoEditorTargetPlatform (73)
[2018.02.11-01.46.08:732][404]LogModuleManager: Shutting down and abandoning module WindowsClientTargetPlatform (71)
[2018.02.11-01.46.08:732][404]LogModuleManager: Shutting down and abandoning module InputCore (68)
[2018.02.11-01.46.08:732][404]LogModuleManager: Shutting down and abandoning module Settings (66)
[2018.02.11-01.46.08:732][404]LogModuleManager: Shutting down and abandoning module PhysXCooking (64)
[2018.02.11-01.46.08:732][404]LogModuleManager: Shutting down and abandoning module SteamVR (62)
[2018.02.11-01.46.08:732][404]LogModuleManager: Shutting down and abandoning module OculusHMD (60)
[2018.02.11-01.46.08:732][404]LogModuleManager: Shutting down and abandoning module ExampleDeviceProfileSelector (58)
[2018.02.11-01.46.08:732][404]LogModuleManager: Shutting down and abandoning module AppleARKit (56)
[2018.02.11-01.46.08:732][404]LogModuleManager: Shutting down and abandoning module AugmentedReality (55)
[2018.02.11-01.46.08:732][404]LogModuleManager: Shutting down and abandoning module OnlineBlueprintSupport (52)
[2018.02.11-01.46.08:732][404]LogModuleManager: Shutting down and abandoning module OnlineSubsystem (48)
[2018.02.11-01.46.08:732][404]LogOnline: Display: STEAM: OnlineSubsystemSteam::Shutdown()
[2018.02.11-01.46.08:732][404]LogOnline: Display: OSS: FOnlineAsyncTaskManager::Stop() ActiveTask:0000000000000000 Tasks[0/0]
[2018.02.11-01.46.08:766][404]LogOnline: Display: OSS: FOnlineAsyncTaskManager::Exit() started
[2018.02.11-01.46.08:766][404]LogOnline: Display: OSS: FOnlineAsyncTaskManager::Exit() finished
[2018.02.11-01.46.08:766][404]LogOnline: Display: STEAM: OnlineSubsystemSteam::Shutdown()
[2018.02.11-01.46.08:766][404]LogModuleManager: Shutting down and abandoning module XMPP (43)
[2018.02.11-01.46.08:767][404]LogModuleManager: Shutting down and abandoning module HTTP (41)
[2018.02.11-01.46.08:791][404]LogModuleManager: Shutting down and abandoning module SSL (40)
[2018.02.11-01.46.08:792][404]LogModuleManager: Shutting down and abandoning module AnimationModifiers (36)
[2018.02.11-01.46.08:792][404]LogModuleManager: Shutting down and abandoning module PropertyEditor (35)
[2018.02.11-01.46.08:792][404]LogModuleManager: Shutting down and abandoning module AudioEditor (32)
[2018.02.11-01.46.08:792][404]LogModuleManager: Shutting down and abandoning module TextureCompressor (30)
[2018.02.11-01.46.08:792][404]LogModuleManager: Shutting down and abandoning module ShaderCore (28)
[2018.02.11-01.46.08:792][404]LogModuleManager: Shutting down and abandoning module Landscape (26)
[2018.02.11-01.46.08:792][404]LogModuleManager: Shutting down and abandoning module SlateRHIRenderer (24)
[2018.02.11-01.46.08:792][404]LogModuleManager: Shutting down and abandoning module OpenGLDrv (22)
[2018.02.11-01.46.08:792][404]LogModuleManager: Shutting down and abandoning module D3D11RHI (20)
[2018.02.11-01.46.08:792][404]LogModuleManager: Shutting down and abandoning module AnimGraphRuntime (18)
[2018.02.11-01.46.08:792][404]LogModuleManager: Shutting down and abandoning module Renderer (16)
[2018.02.11-01.46.08:792][404]LogModuleManager: Shutting down and abandoning module Engine (14)
[2018.02.11-01.46.08:792][404]LogModuleManager: Shutting down and abandoning module CoreUObject (12)
[2018.02.11-01.46.08:792][404]LogModuleManager: Shutting down and abandoning module NetworkFile (10)
[2018.02.11-01.46.08:792][404]LogModuleManager: Shutting down and abandoning module CookedIterativeFile (8)
[2018.02.11-01.46.08:792][404]LogModuleManager: Shutting down and abandoning module StreamingFile (6)
[2018.02.11-01.46.08:792][404]LogModuleManager: Shutting down and abandoning module SandboxFile (4)
[2018.02.11-01.46.08:792][404]LogModuleManager: Shutting down and abandoning module PakFile (2)
[2018.02.11-01.46.08:794][404]LogExit: Exiting.
[2018.02.11-01.46.08:795][404]Log file closed, 02/10/18 17:46:08
