Log file open, 01/20/18 20:52:27
LogWindows: Failed to load 'aqProf.dll' (GetLastError=126)
LogWindows: File 'aqProf.dll' does not exist
LogWindows: Failed to load 'VSPerf140.dll' (GetLastError=126)
LogWindows: File 'VSPerf140.dll' does not exist
LogWindows: Failed to load 'VtuneApi.dll' (GetLastError=126)
LogWindows: File 'VtuneApi.dll' does not exist
LogWindows: Failed to load 'VtuneApi32e.dll' (GetLastError=126)
LogWindows: File 'VtuneApi32e.dll' does not exist
LogInit: Display: Running engine for game: MyProject12
LogPlatformFile: Not using cached read wrapper
LogInit: Display: RandInit(-573712457) SRandInit(-573712456).
LogInit: Read version file with build ID '3709383'
LogInit: Overriding engine version to CL 3832480, compatible CL 3709383
LogInit: Registered custom module enumerator with build ID '3709383'
LogInit: Warning: Passing commandline switches using / instead of - has been deprecated and will be removed in future versions of Unreal Engine.
LogTaskGraph: Started task graph with 5 named threads and 14 total threads with 3 sets of task threads.
LogStats: Stats thread started at 0.371498
LogD3D11RHI: Aftermath initialized
LogInit: Warning: Passing commandline switches using / instead of - has been deprecated and will be removed in future versions of Unreal Engine.
LogModuleManager: Display: Found up-to-date module file ../../../Engine/Plugins/Online/OnlineSubsystemSteam/Binaries/Win64/UE4Editor-OnlineSubsystemSteam.dll (API version 3709383).
LogModuleManager: Display: Found up-to-date module file ../../../Engine/Plugins/Online/OnlineSubsystem/Binaries/Win64/UE4Editor-OnlineSubsystem.dll (API version 3709383).
LogModuleManager: Display: Found up-to-date module file ../../../Engine/Plugins/Online/OnlineSubsystemUtils/Binaries/Win64/UE4Editor-OnlineSubsystemUtils.dll (API version 3709383).
LogModuleManager: Display: Found up-to-date module file ../../../Engine/Plugins/Online/OnlineSubsystemUtils/Binaries/Win64/UE4Editor-OnlineBlueprintSupport.dll (API version 3709383).
LogModuleManager: Display: Found up-to-date module file ../../../Engine/Plugins/2D/Paper2D/Binaries/Win64/UE4Editor-Paper2D.dll (API version 3709383).
LogModuleManager: Display: Found up-to-date module file ../../../Engine/Plugins/2D/Paper2D/Binaries/Win64/UE4Editor-Paper2DEditor.dll (API version 3709383).
LogModuleManager: Display: Found up-to-date module file ../../../Engine/Plugins/2D/Paper2D/Binaries/Win64/UE4Editor-PaperSpriteSheetImporter.dll (API version 3709383).
LogModuleManager: Display: Found up-to-date module file ../../../Engine/Plugins/2D/Paper2D/Binaries/Win64/UE4Editor-PaperTiledImporter.dll (API version 3709383).
LogModuleManager: Display: Found up-to-date module file ../../../Engine/Plugins/2D/Paper2D/Binaries/Win64/UE4Editor-SmartSnapping.dll (API version 3709383).
LogModuleManager: Display: Found up-to-date module file ../../../Engine/Plugins/Blendables/LightPropagationVolume/Binaries/Win64/UE4Editor-LightPropagationVolumeRuntime.dll (API version 3709383).
LogModuleManager: Display: Found up-to-date module file ../../../Engine/Plugins/Blendables/LightPropagationVolume/Binaries/Win64/UE4Editor-LightPropagationVolumeEditor.dll (API version 3709383).
LogModuleManager: Display: Found up-to-date module file ../../../Engine/Plugins/Developer/GitSourceControl/Binaries/Win64/UE4Editor-GitSourceControl.dll (API version 3709383).
LogModuleManager: Display: Found up-to-date module file ../../../Engine/Plugins/Developer/PerforceSourceControl/Binaries/Win64/UE4Editor-PerforceSourceControl.dll (API version 3709383).
LogModuleManager: Display: Found up-to-date module file ../../../Engine/Plugins/Developer/SubversionSourceControl/Binaries/Win64/UE4Editor-SubversionSourceControl.dll (API version 3709383).
LogModuleManager: Display: Found up-to-date module file ../../../Engine/Plugins/Developer/UObjectPlugin/Binaries/Win64/UE4Editor-UObjectPlugin.dll (API version 3709383).
LogModuleManager: Display: Found up-to-date module file ../../../Engine/Plugins/Developer/VisualStudioCodeSourceCodeAccess/Binaries/Win64/UE4Editor-VisualStudioCodeSourceCodeAccess.dll (API version 3709383).
LogModuleManager: Display: Found up-to-date module file ../../../Engine/Plugins/Developer/VisualStudioSourceCodeAccess/Binaries/Win64/UE4Editor-VisualStudioSourceCodeAccess.dll (API version 3709383).
LogModuleManager: Display: Found up-to-date module file ../../../Engine/Plugins/Editor/AssetManagerEditor/Binaries/Win64/UE4Editor-AssetManagerEditor.dll (API version 3709383).
LogModuleManager: Display: Found up-to-date module file ../../../Engine/Plugins/Editor/AudioCapture/Binaries/Win64/UE4Editor-AudioCapture.dll (API version 3709383).
LogModuleManager: Display: Found up-to-date module file ../../../Engine/Plugins/Editor/FacialAnimation/Binaries/Win64/UE4Editor-FacialAnimation.dll (API version 3709383).
LogModuleManager: Display: Found up-to-date module file ../../../Engine/Plugins/Editor/FacialAnimation/Binaries/Win64/UE4Editor-FacialAnimationEditor.dll (API version 3709383).
LogModuleManager: Display: Found up-to-date module file ../../../Engine/Plugins/Editor/GameplayTagsEditor/Binaries/Win64/UE4Editor-GameplayTagsEditor.dll (API version 3709383).
LogModuleManager: Display: Found up-to-date module file ../../../Engine/Plugins/Editor/MobileLauncherProfileWizard/Binaries/Win64/UE4Editor-MobileLauncherProfileWizard.dll (API version 3709383).
LogModuleManager: Display: Found up-to-date module file ../../../Engine/Plugins/Editor/PluginBrowser/Binaries/Win64/UE4Editor-PluginBrowser.dll (API version 3709383).
LogModuleManager: Display: Found up-to-date module file ../../../Engine/Plugins/Editor/SpeedTreeImporter/Binaries/Win64/UE4Editor-SpeedTreeImporter.dll (API version 3709383).
LogModuleManager: Display: Found up-to-date module file ../../../Engine/Plugins/Experimental/AlembicImporter/Binaries/Win64/UE4Editor-AlembicImporter.dll (API version 3709383).
LogModuleManager: Display: Found up-to-date module file ../../../Engine/Plugins/Experimental/AlembicImporter/Binaries/Win64/UE4Editor-AlembicLibrary.dll (API version 3709383).
LogModuleManager: Display: Found up-to-date module file ../../../Engine/Plugins/Experimental/CharacterAI/Binaries/Win64/UE4Editor-CharacterAI.dll (API version 3709383).
LogModuleManager: Display: Found up-to-date module file ../../../Engine/Plugins/Experimental/HTML5Networking/Binaries/Win64/UE4Editor-HTML5Networking.dll (API version 3709383).
LogModuleManager: Display: Found up-to-date module file ../../../Engine/Plugins/Media/AndroidMedia/Binaries/Win64/UE4Editor-AndroidMediaEditor.dll (API version 3709383).
LogModuleManager: Display: Found up-to-date module file ../../../Engine/Plugins/Media/AndroidMedia/Binaries/Win64/UE4Editor-AndroidMediaFactory.dll (API version 3709383).
LogModuleManager: Display: Found up-to-date module file ../../../Engine/Plugins/Media/AvfMedia/Binaries/Win64/UE4Editor-AvfMediaEditor.dll (API version 3709383).
LogModuleManager: Display: Found up-to-date module file ../../../Engine/Plugins/Media/AvfMedia/Binaries/Win64/UE4Editor-AvfMediaFactory.dll (API version 3709383).
LogModuleManager: Display: Found up-to-date module file ../../../Engine/Plugins/Media/AvfMedia/Binaries/Win64/UE4Editor-AvfMediaFactory.dll (API version 3709383).
LogModuleManager: Display: Found up-to-date module file ../../../Engine/Plugins/Media/ImgMedia/Binaries/Win64/UE4Editor-ImgMedia.dll (API version 3709383).
LogModuleManager: Display: Found up-to-date module file ../../../Engine/Plugins/Media/ImgMedia/Binaries/Win64/UE4Editor-ImgMediaEditor.dll (API version 3709383).
LogModuleManager: Display: Found up-to-date module file ../../../Engine/Plugins/Media/ImgMedia/Binaries/Win64/UE4Editor-ImgMediaFactory.dll (API version 3709383).
LogModuleManager: Display: Found up-to-date module file ../../../Engine/Plugins/Media/ImgMedia/Binaries/Win64/UE4Editor-ImgMediaFactory.dll (API version 3709383).
LogModuleManager: Display: Found up-to-date module file ../../../Engine/Plugins/Media/ImgMedia/Binaries/Win64/UE4Editor-OpenExrWrapper.dll (API version 3709383).
LogModuleManager: Display: Found up-to-date module file ../../../Engine/Plugins/Media/MediaCompositing/Binaries/Win64/UE4Editor-MediaCompositing.dll (API version 3709383).
LogModuleManager: Display: Found up-to-date module file ../../../Engine/Plugins/Media/MediaCompositing/Binaries/Win64/UE4Editor-MediaCompositingEditor.dll (API version 3709383).
LogModuleManager: Display: Found up-to-date module file ../../../Engine/Plugins/Media/MediaPlayerEditor/Binaries/Win64/UE4Editor-MediaPlayerEditor.dll (API version 3709383).
LogModuleManager: Display: Found up-to-date module file ../../../Engine/Plugins/Media/WmfMedia/Binaries/Win64/UE4Editor-WmfMedia.dll (API version 3709383).
LogModuleManager: Display: Found up-to-date module file ../../../Engine/Plugins/Media/WmfMedia/Binaries/Win64/UE4Editor-WmfMediaEditor.dll (API version 3709383).
LogModuleManager: Display: Found up-to-date module file ../../../Engine/Plugins/Media/WmfMedia/Binaries/Win64/UE4Editor-WmfMediaFactory.dll (API version 3709383).
LogModuleManager: Display: Found up-to-date module file ../../../Engine/Plugins/Media/WmfMedia/Binaries/Win64/UE4Editor-WmfMediaFactory.dll (API version 3709383).
LogModuleManager: Display: Found up-to-date module file ../../../Engine/Plugins/Messaging/TcpMessaging/Binaries/Win64/UE4Editor-TcpMessaging.dll (API version 3709383).
LogModuleManager: Display: Found up-to-date module file ../../../Engine/Plugins/Messaging/UdpMessaging/Binaries/Win64/UE4Editor-UdpMessaging.dll (API version 3709383).
LogModuleManager: Display: Found up-to-date module file ../../../Engine/Plugins/MovieScene/ActorSequence/Binaries/Win64/UE4Editor-ActorSequence.dll (API version 3709383).
LogModuleManager: Display: Found up-to-date module file ../../../Engine/Plugins/MovieScene/LevelSequenceEditor/Binaries/Win64/UE4Editor-LevelSequenceEditor.dll (API version 3709383).
LogModuleManager: Display: Found up-to-date module file ../../../Engine/Plugins/MovieScene/MatineeToLevelSequence/Binaries/Win64/UE4Editor-MatineeToLevelSequence.dll (API version 3709383).
LogModuleManager: Display: Found up-to-date module file ../../../Engine/Plugins/Runtime/AndroidPermission/Binaries/Win64/UE4Editor-AndroidPermission.dll (API version 3709383).
LogModuleManager: Display: Found up-to-date module file ../../../Engine/Plugins/Online/OnlineSubsystemNull/Binaries/Win64/UE4Editor-OnlineSubsystemNull.dll (API version 3709383).
LogModuleManager: Display: Found up-to-date module file ../../../Engine/Plugins/Runtime/AndroidDeviceProfileSelector/Binaries/Win64/UE4Editor-AndroidDeviceProfileSelector.dll (API version 3709383).
LogModuleManager: Display: Found up-to-date module file ../../../Engine/Plugins/Runtime/AppleARKit/Binaries/Win64/UE4Editor-AppleARKit.dll (API version 3709383).
LogModuleManager: Display: Found up-to-date module file ../../../Engine/Plugins/Runtime/ArchVisCharacter/Binaries/Win64/UE4Editor-ArchVisCharacter.dll (API version 3709383).
LogModuleManager: Display: Found up-to-date module file ../../../Engine/Plugins/Runtime/CableComponent/Binaries/Win64/UE4Editor-CableComponent.dll (API version 3709383).
LogModuleManager: Display: Found up-to-date module file ../../../Engine/Plugins/Runtime/CustomMeshComponent/Binaries/Win64/UE4Editor-CustomMeshComponent.dll (API version 3709383).
LogModuleManager: Display: Found up-to-date module file ../../../Engine/Plugins/Runtime/ExampleDeviceProfileSelector/Binaries/Win64/UE4Editor-ExampleDeviceProfileSelector.dll (API version 3709383).
LogModuleManager: Display: Found up-to-date module file ../../../Engine/Plugins/Runtime/ImmediatePhysics/Binaries/Win64/UE4Editor-ImmediatePhysics.dll (API version 3709383).
LogModuleManager: Display: Found up-to-date module file ../../../Engine/Plugins/Runtime/ImmediatePhysics/Binaries/Win64/UE4Editor-ImmediatePhysicsEditor.dll (API version 3709383).
LogModuleManager: Display: Found up-to-date module file ../../../Engine/Plugins/Runtime/LocationServicesBPLibrary/Binaries/Win64/UE4Editor-LocationServicesBPLibrary.dll (API version 3709383).
LogModuleManager: Display: Found up-to-date module file ../../../Engine/Plugins/Runtime/MobilePatchingUtils/Binaries/Win64/UE4Editor-MobilePatchingUtils.dll (API version 3709383).
LogModuleManager: Display: Found up-to-date module file ../../../Engine/Plugins/Runtime/Oculus/OculusVR/Binaries/Win64/UE4Editor-OculusHMD.dll (API version 3709383).
LogModuleManager: Display: Found up-to-date module file ../../../Engine/Plugins/Runtime/Oculus/OculusVR/Binaries/Win64/UE4Editor-OculusInput.dll (API version 3709383).
LogModuleManager: Display: Found up-to-date module file ../../../Engine/Plugins/Runtime/Oculus/OculusVR/Binaries/Win64/UE4Editor-OculusEditor.dll (API version 3709383).
LogModuleManager: Display: Found up-to-date module file ../../../Engine/Plugins/Runtime/PhysXVehicles/Binaries/Win64/UE4Editor-PhysXVehicles.dll (API version 3709383).
LogModuleManager: Display: Found up-to-date module file ../../../Engine/Plugins/Runtime/PhysXVehicles/Binaries/Win64/UE4Editor-PhysXVehiclesEditor.dll (API version 3709383).
LogModuleManager: Display: Found up-to-date module file ../../../Engine/Plugins/Runtime/ProceduralMeshComponent/Binaries/Win64/UE4Editor-ProceduralMeshComponent.dll (API version 3709383).
LogModuleManager: Display: Found up-to-date module file ../../../Engine/Plugins/Runtime/ProceduralMeshComponent/Binaries/Win64/UE4Editor-ProceduralMeshComponentEditor.dll (API version 3709383).
LogModuleManager: Display: Found up-to-date module file ../../../Engine/Plugins/Runtime/RuntimePhysXCooking/Binaries/Win64/UE4Editor-RuntimePhysXCooking.dll (API version 3709383).
LogModuleManager: Display: Found up-to-date module file ../../../Engine/Plugins/Runtime/Steam/SteamVR/Binaries/Win64/UE4Editor-SteamVR.dll (API version 3709383).
LogModuleManager: Display: Found up-to-date module file ../../../Engine/Plugins/Runtime/Steam/SteamVR/Binaries/Win64/UE4Editor-SteamVRController.dll (API version 3709383).
LogModuleManager: Display: Found up-to-date module file ../../../Engine/Plugins/Runtime/WindowsMoviePlayer/Binaries/Win64/UE4Editor-WindowsMoviePlayer.dll (API version 3709383).
LogPluginManager: Mounting plugin Paper2D
LogPluginManager: Mounting plugin LightPropagationVolume
LogPluginManager: Mounting plugin CodeLiteSourceCodeAccess
LogPluginManager: Mounting plugin GitSourceControl
LogPluginManager: Mounting plugin KDevelopSourceCodeAccess
LogPluginManager: Mounting plugin NullSourceCodeAccess
LogPluginManager: Mounting plugin PerforceSourceControl
LogPluginManager: Mounting plugin SubversionSourceControl
LogPluginManager: Mounting plugin UObjectPlugin
LogPluginManager: Mounting plugin VisualStudioCodeSourceCodeAccess
LogPluginManager: Mounting plugin VisualStudioSourceCodeAccess
LogPluginManager: Mounting plugin XCodeSourceCodeAccess
LogPluginManager: Mounting plugin AssetManagerEditor
LogPluginManager: Mounting plugin AudioCapture
LogPluginManager: Mounting plugin FacialAnimation
LogPluginManager: Mounting plugin GameplayTagsEditor
LogPluginManager: Mounting plugin MobileLauncherProfileWizard
LogPluginManager: Mounting plugin PluginBrowser
LogPluginManager: Mounting plugin SpeedTreeImporter
LogPluginManager: Mounting plugin AlembicImporter
LogPluginManager: Mounting plugin CharacterAI
LogPluginManager: Mounting plugin HTML5Networking
LogPluginManager: Mounting plugin AndroidMedia
LogPluginManager: Mounting plugin AvfMedia
LogPluginManager: Mounting plugin ImgMedia
LogPluginManager: Mounting plugin MediaCompositing
LogPluginManager: Mounting plugin MediaPlayerEditor
LogPluginManager: Mounting plugin WmfMedia
LogPluginManager: Mounting plugin TcpMessaging
LogPluginManager: Mounting plugin UdpMessaging
LogPluginManager: Mounting plugin ActorSequence
LogPluginManager: Mounting plugin LevelSequenceEditor
LogPluginManager: Mounting plugin MatineeToLevelSequence
LogPluginManager: Mounting plugin OnlineSubsystemGooglePlay
LogPluginManager: Mounting plugin OnlineSubsystemIOS
LogPluginManager: Mounting plugin OnlineSubsystem
LogPluginManager: Mounting plugin OnlineSubsystemNull
LogPluginManager: Mounting plugin OnlineSubsystemSteam
LogPluginManager: Mounting plugin OnlineSubsystemUtils
LogPluginManager: Mounting plugin AndroidDeviceProfileSelector
LogPluginManager: Mounting plugin AndroidMoviePlayer
LogPluginManager: Mounting plugin AndroidPermission
LogPluginManager: Mounting plugin AppleARKit
LogPluginManager: Mounting plugin AppleMoviePlayer
LogPluginManager: Mounting plugin ArchVisCharacter
LogPluginManager: Mounting plugin CableComponent
LogPluginManager: Mounting plugin CustomMeshComponent
LogPluginManager: Mounting plugin ExampleDeviceProfileSelector
LogPluginManager: Mounting plugin GoogleCloudMessaging
LogPluginManager: Mounting plugin ImmediatePhysics
LogPluginManager: Mounting plugin IOSDeviceProfileSelector
LogPluginManager: Mounting plugin LinuxDeviceProfileSelector
LogPluginManager: Mounting plugin LocationServicesBPLibrary
LogPluginManager: Mounting plugin MobilePatchingUtils
LogPluginManager: Mounting plugin OculusVR
LogPluginManager: Plugin shader directory ../../../Engine/Plugins/Runtime/Oculus/OculusVR/Shaders found
LogPluginManager: Mapping shader source directory ../../../Engine/Plugins/Runtime/Oculus/OculusVR/Shaders to virtual directory /Plugin/OculusVR
LogPluginManager: Mounting plugin PhysXVehicles
LogPluginManager: Mounting plugin ProceduralMeshComponent
LogPluginManager: Mounting plugin RuntimePhysXCooking
LogPluginManager: Mounting plugin SteamVR
LogPluginManager: Mounting plugin WindowsMoviePlayer
LogInit: Using libcurl 7.47.1
LogInit:  - built for x86_64-pc-win32
LogInit:  - supports SSL with OpenSSL/1.0.2g
LogInit:  - supports HTTP deflate (compression) using libz 1.2.8
LogInit:  - other features:
LogInit:      CURL_VERSION_SSL
LogInit:      CURL_VERSION_LIBZ
LogInit:      CURL_VERSION_IPV6
LogInit:      CURL_VERSION_ASYNCHDNS
LogInit:      CURL_VERSION_LARGEFILE
LogInit:      CURL_VERSION_IDN
LogInit:  CurlRequestOptions (configurable via config and command line):
LogInit:  - bVerifyPeer = false  - Libcurl will NOT verify peer certificate
LogInit:  - bUseHttpProxy = false  - Libcurl will NOT use HTTP proxy
LogInit:  - bDontReuseConnections = false  - Libcurl will reuse connections
LogInit:  - CertBundlePath = nullptr  - Libcurl will use whatever was configured at build time.
LogOnline: Display: STEAM: Loading Steam SDK 1.39
LogInit: WinSock: version 1.1 (2.2), MaxSocks=32767, MaxUdp=65467
LogInit: Build: ++UE4+Release-4.18-CL-3832480
LogInit: Engine Version: 4.18.3-3832480+++UE4+Release-4.18
LogInit: Compatible Engine Version: 4.18.0-3709383+++UE4+Release-4.18
LogInit: Net CL: 3709383
LogDevObjectVersion: Number of dev versions registered: 16
LogDevObjectVersion:   Dev-Blueprints (B0D832E4-1F89-4F0D-ACCF-7EB736FD4AA2): 10
LogDevObjectVersion:   Dev-Build (E1C64328-A22C-4D53-A36C-8E866417BD8C): 0
LogDevObjectVersion:   Dev-Core (375EC13C-06E4-48FB-B500-84F0262A717E): 2
LogDevObjectVersion:   Dev-Editor (E4B068ED-F494-42E9-A231-DA0B2E46BB41): 20
LogDevObjectVersion:   Dev-Framework (CFFC743F-43B0-4480-9391-14DF171D2073): 30
LogDevObjectVersion:   Dev-Mobile (B02B49B5-BB20-44E9-A304-32B752E40360): 0
LogDevObjectVersion:   Dev-Networking (A4E4105C-59A1-49B5-A7C5-40C4547EDFEE): 0
LogDevObjectVersion:   Dev-Online (39C831C9-5AE6-47DC-9A44-9C173E1C8E7C): 0
LogDevObjectVersion:   Dev-Physics (78F01B33-EBEA-4F98-B9B4-84EACCB95AA2): 0
LogDevObjectVersion:   Dev-Platform (6631380F-2D4D-43E0-8009-CF276956A95A): 0
LogDevObjectVersion:   Dev-Rendering (12F88B9F-8875-4AFC-A67C-D90C383ABD29): 20
LogDevObjectVersion:   Dev-Sequencer (7B5AE74C-D270-4C10-A958-57980B212A5A): 4
LogDevObjectVersion:   Dev-VR (D7296918-1DD6-4BDD-9DE2-64A83CC13884): 0
LogDevObjectVersion:   Dev-LoadTimes (C2A15278-BFE7-4AFE-6C17-90FF531DF755): 1
LogDevObjectVersion:   Private-Geometry (6EACA3D4-40EC-4CC1-B786-8BED09428FC5): 1
LogDevObjectVersion:   Dev-AnimPhys (29E575DD-E0A3-4627-9D10-D276232CDCEA): 12
LogInit: Compiled (64-bit): Jan 12 2018 02:04:55
LogInit: Compiled with Visual C++: 19.00.24215.01
LogInit: Build Configuration: Development
LogInit: Branch Name: ++UE4+Release-4.18
LogInit: Command line:  /Game/Maps/mainMenu -game -PIEVIACONSOLE -ResX=1280 -ResY=720  -Multiprocess -messaging -SessionName="Play in Standalone Game" -windowed 
LogInit: Base directory: C:/Program Files/Epic Games/UE_4.18/Engine/Binaries/Win64/
LogInit: Installed Engine Build: 1
LogInit: Presizing for max 8388607 objects, including 0 objects not considered by GC, pre-allocating 0 bytes for permanent pool.
LogInit: Object subsystem initialized
[2018.01.21-04.52.33:018][  0]LogInit: Selected Device Profile: [Windows]
[2018.01.21-04.52.33:018][  0]LogInit: Applying CVar settings loaded from the selected device profile: [Windows]
[2018.01.21-04.52.33:042][  0]LogInit: Computer: DESKTOP-3HTVB4G
[2018.01.21-04.52.33:043][  0]LogInit: User: Polymake
[2018.01.21-04.52.33:043][  0]LogInit: CPU Page size=4096, Cores=4
[2018.01.21-04.52.33:043][  0]LogInit: High frequency timer resolution =2.272934 MHz
[2018.01.21-04.52.33:043][  0]LogMemory: Memory total: Physical=8.0GB (8GB approx)
[2018.01.21-04.52.33:043][  0]LogMemory: Platform Memory Stats for Windows
[2018.01.21-04.52.33:043][  0]LogMemory: Process Physical Memory: 307.09 MB used, 307.09 MB peak
[2018.01.21-04.52.33:043][  0]LogMemory: Process Virtual Memory: 281.23 MB used, 281.23 MB peak
[2018.01.21-04.52.33:043][  0]LogMemory: Physical Memory: 6023.65 MB used,  2167.53 MB free, 8191.18 MB total
[2018.01.21-04.52.33:043][  0]LogMemory: Virtual Memory: 756.91 MB used,  2167.53 MB free, 134217728.00 MB total
[2018.01.21-04.52.33:586][  0]LogInit: Using OS detected language (en-US).
[2018.01.21-04.52.33:586][  0]LogInit: Using OS detected locale (en-US).
[2018.01.21-04.52.33:701][  0]LogTextLocalizationManager: No specific localization for 'en-US' exists, so the 'en' localization will be used.
[2018.01.21-04.52.34:954][  0]LogD3D11RHI: D3D11 adapters:
[2018.01.21-04.52.35:079][  0]LogD3D11RHI:    0. 'NVIDIA GeForce GTX 1050 Ti' (Feature Level 11_0)
[2018.01.21-04.52.35:079][  0]LogD3D11RHI:       4029/0/4095 MB DedicatedVideo/DedicatedSystem/SharedSystem, Outputs:2, VendorId:0x10de
[2018.01.21-04.52.35:086][  0]LogD3D11RHI:    1. 'Microsoft Basic Render Driver' (Feature Level 11_0)
[2018.01.21-04.52.35:086][  0]LogD3D11RHI:       0/0/4095 MB DedicatedVideo/DedicatedSystem/SharedSystem, Outputs:0, VendorId:0x1414
[2018.01.21-04.52.35:086][  0]LogD3D11RHI: Chosen D3D11 Adapter: 0
[2018.01.21-04.52.35:123][  0]LogD3D11RHI: Creating new Direct3DDevice
[2018.01.21-04.52.35:124][  0]LogD3D11RHI:     GPU DeviceId: 0x1c82 (for the marketing name, search the web for "GPU Device Id")
[2018.01.21-04.52.35:125][  0]LogWindows: EnumDisplayDevices:
[2018.01.21-04.52.35:125][  0]LogWindows:    0. 'NVIDIA GeForce GTX 1050 Ti' (P:0 D:1)
[2018.01.21-04.52.35:125][  0]LogWindows:    1. 'NVIDIA GeForce GTX 1050 Ti' (P:1 D:1)
[2018.01.21-04.52.35:125][  0]LogWindows:    2. 'NVIDIA GeForce GTX 1050 Ti' (P:0 D:0)
[2018.01.21-04.52.35:126][  0]LogWindows:    3. 'NVIDIA GeForce GTX 1050 Ti' (P:0 D:0)
[2018.01.21-04.52.35:126][  0]LogWindows: DebugString: FoundDriverCount:4 
[2018.01.21-04.52.35:126][  0]LogD3D11RHI:     Adapter Name: NVIDIA GeForce GTX 1050 Ti
[2018.01.21-04.52.35:126][  0]LogD3D11RHI:   Driver Version: 388.31 (internal:23.21.13.8831, unified:388.31)
[2018.01.21-04.52.35:126][  0]LogD3D11RHI:      Driver Date: 11-14-2017
[2018.01.21-04.52.35:126][  0]LogRHI: Texture pool is 2820 MB (70% of 4029 MB)
[2018.01.21-04.52.35:187][  0]LogD3D11RHI: Async texture creation enabled
[2018.01.21-04.52.35:206][  0]LogD3D11RHI: GPU Timing Frequency: 1000.000000 (Debug: 2 1)
[2018.01.21-04.52.35:253][  0]LogShaderCompilers: Guid format shader working directory is 15 characters bigger than the processId version (../../../../../../UE4/steam/steam/Intermediate/Shaders/WorkingDirectory/53404/).
[2018.01.21-04.52.35:253][  0]LogShaderCompilers: Cleaned the shader compiler working directory 'C:/Users/Polymake/AppData/Local/Temp/UnrealShaderWorkingDir/00CE4DF745A9D109D6C144876760676E/'.
[2018.01.21-04.52.35:253][  0]LogShaderCompilers: Display: Using Local Shader Compiler.
[2018.01.21-04.52.40:159][  0]LogTemp: Display: Loaded TP WindowsClientTargetPlatform
[2018.01.21-04.52.40:334][  0]LogTemp: Display: Loaded TP WindowsNoEditorTargetPlatform
[2018.01.21-04.52.40:514][  0]LogTemp: Display: Loaded TP WindowsServerTargetPlatform
[2018.01.21-04.52.40:688][  0]LogTemp: Display: Loaded TP WindowsTargetPlatform
[2018.01.21-04.52.40:689][  0]LogTargetPlatformManager: Display: Building Assets For Windows
[2018.01.21-04.52.42:385][  0]LogDerivedDataCache: Display: Max Cache Size: 512 MB
[2018.01.21-04.52.43:105][  0]LogDerivedDataCache: Loaded boot cache 0.72s 77MB C:/Users/Polymake/AppData/Local/UnrealEngine/4.18/DerivedDataCache/Boot.ddc.
[2018.01.21-04.52.43:106][  0]LogDerivedDataCache: Display: Loaded Boot cache: C:/Users/Polymake/AppData/Local/UnrealEngine/4.18/DerivedDataCache/Boot.ddc
[2018.01.21-04.52.43:106][  0]LogDerivedDataCache: FDerivedDataBackendGraph:  Pak pak cache file ../../../../../../UE4/steam/steam/DerivedDataCache/DDC.ddp not found, will not use a pak cache.
[2018.01.21-04.52.43:106][  0]LogDerivedDataCache: Unable to find inner node Pak for hierarchical cache Hierarchy.
[2018.01.21-04.52.43:106][  0]LogDerivedDataCache: FDerivedDataBackendGraph:  CompressedPak pak cache file ../../../../../../UE4/steam/steam/DerivedDataCache/Compressed.ddp not found, will not use a pak cache.
[2018.01.21-04.52.43:106][  0]LogDerivedDataCache: Unable to find inner node CompressedPak for hierarchical cache Hierarchy.
[2018.01.21-04.52.43:136][  0]LogDerivedDataCache: Display: Pak cache opened for reading ../../../Engine/DerivedDataCache/Compressed.ddp.
[2018.01.21-04.52.43:149][  0]LogDerivedDataCache: Using Local data cache path C:/Users/Polymake/AppData/Local/UnrealEngine/Common/DerivedDataCache: Writable
[2018.01.21-04.52.43:174][  0]LogMaterial: Verifying Global Shaders for PCD3D_SM5
[2018.01.21-04.52.43:175][  0]LogSlate: Using Freetype 2.6.0
[2018.01.21-04.52.43:195][  0]LogSlate: SlateFontCache - WITH_FREETYPE: 1, WITH_HARFBUZZ: 1
[2018.01.21-04.52.43:195][  0]LogSlate: SlateFontCache - WITH_FREETYPE: 1, WITH_HARFBUZZ: 1
[2018.01.21-04.52.44:804][  0]LogAssetRegistry: FAssetRegistry took 0.0102 seconds to start up
[2018.01.21-04.52.44:849][  0]LogPackageLocalizationCache: Processed 7 localized package path(s) for 2 prioritized culture(s) in 0.045347 seconds
[2018.01.21-04.52.45:095][  0]LogInit: Selected Device Profile: [Windows]
[2018.01.21-04.52.46:044][  0]LogSimplygon: Simplygon DLL not present - disabling.
[2018.01.21-04.52.46:176][  0]LogMeshReduction: Using SimplygonSwarm for distributed automatic mesh merging
[2018.01.21-04.52.46:176][  0]LogMeshReduction: Using QuadricMeshReduction for automatic static mesh reduction
[2018.01.21-04.52.46:176][  0]LogMeshReduction: No automatic skeletal mesh reduction module available
[2018.01.21-04.52.46:176][  0]LogMeshReduction: No automatic mesh merging module available
[2018.01.21-04.52.46:176][  0]LogMeshMerging: No automatic mesh merging module available
[2018.01.21-04.52.46:231][  0]LogNetVersion: MyProject12 , NetCL: 3709383, EngineNetVer: 2, GameNetVer: 0 (Checksum: 3203290924)
[2018.01.21-04.52.46:705][  0]LogInit: Warning: Passing commandline switches using / instead of - has been deprecated and will be removed in future versions of Unreal Engine.
[2018.01.21-04.52.46:705][  0]LogInit: Warning: Passing commandline switches using / instead of - has been deprecated and will be removed in future versions of Unreal Engine.
[2018.01.21-04.52.46:706][  0]LogInit: Warning: Passing commandline switches using / instead of - has been deprecated and will be removed in future versions of Unreal Engine.
[2018.01.21-04.52.51:517][  0]LogMoviePlayer: Initializing movie player
[2018.01.21-04.52.52:510][  0]LogCollectionManager: Loaded 0 collections in 0.003963 seconds
[2018.01.21-04.52.52:611][  0]LogFileCache: Scanning file cache for directory 'C:/UE4/steam/steam/Saved/Collections/' took 0.01s
[2018.01.21-04.52.52:611][  0]LogFileCache: Scanning file cache for directory 'C:/UE4/steam/steam/Content/Developers/Polymake/Collections/' took 0.01s
[2018.01.21-04.52.52:611][  0]LogFileCache: Scanning file cache for directory 'C:/UE4/steam/steam/Content/Collections/' took 0.01s
[2018.01.21-04.52.52:611][  0]LogCollectionManager: Rebuilt the object cache for 0 collections in 0.000001 seconds (found 0 objects)
[2018.01.21-04.52.52:611][  0]LogCollectionManager: Fixed up redirectors for 0 collections in 0.000172 seconds (updated 0 objects)
[2018.01.21-04.52.53:215][  0]LogTcpMessaging: Initializing TcpMessaging bridge
[2018.01.21-04.52.53:319][  0]LogUdpMessaging: Initializing bridge on interface 0.0.0.0:0 to multicast group 230.0.0.1:6666.
[2018.01.21-04.52.54:686][  0]LogInit: Warning: Passing commandline switches using / instead of - has been deprecated and will be removed in future versions of Unreal Engine.
[2018.01.21-04.52.54:687][  0]SourceControl: Source control is disabled
[2018.01.21-04.52.54:687][  0]SourceControl: Source control is disabled
[2018.01.21-04.52.54:847][  0]SourceControl: Source control is disabled
[2018.01.21-04.52.56:136][  0]LogAndroidPermission: UAndroidPermissionCallbackProxy::GetInstance
[2018.01.21-04.52.57:055][  0]LogOcInput: OculusInput pre-init called
[2018.01.21-04.52.57:434][  0]LogUObjectArray: 38930 objects as part of root set at end of initial load.
[2018.01.21-04.52.57:434][  0]LogUObjectAllocator: 8563136 out of 0 bytes used by permanent object pool.
[2018.01.21-04.52.57:434][  0]LogUObjectArray: CloseDisregardForGC: 0/0 objects in disregard for GC pool
[2018.01.21-04.52.57:744][  0]LogEngine: Initializing Engine...
[2018.01.21-04.52.57:752][  0]LogHMD: Failed to initialize OpenVR with code 110
[2018.01.21-04.52.58:260][  0]LogStats: UGameplayTagsManager::ConstructGameplayTagTree: Construct from data asset -  0.000 s
[2018.01.21-04.52.58:260][  0]LogStats: UGameplayTagsManager::ConstructGameplayTagTree: GameplayTagTreeChangedEvent.Broadcast -  0.000 s
[2018.01.21-04.52.58:287][  0]LogInit: XAudio2 using 'Headset Earphone (Corsair VOID Surround USB Sound Adaptor)' : 2 channels at 48 kHz using 16 bits per sample (channel mask 0x3)
[2018.01.21-04.52.58:310][  0]LogInit: FAudioDevice initialized.
[2018.01.21-04.52.58:381][  0]LogInit: Texture streaming: Enabled
[2018.01.21-04.52.58:447][  0]LogMaterial: Uniform references updated for custom material expression Custom.
[2018.01.21-04.53.00:236][  0]LogInit: Warning: Passing commandline switches using / instead of - has been deprecated and will be removed in future versions of Unreal Engine.
[2018.01.21-04.53.00:451][  0]LogInit: Display: Game Engine Initialized.
[2018.01.21-04.53.00:452][  0]LogGameplayTags: Display: UGameplayTagsManager::DoneAddingNativeTags. DelegateIsBound: 0
[2018.01.21-04.53.01:175][  0]LogInit: Display: Starting Game.
[2018.01.21-04.53.01:179][  0]LogNet: Browse: /Game/Maps/mainMenu?Name=Player
[2018.01.21-04.53.01:181][  0]LogLoad: LoadMap: /Game/Maps/mainMenu?Name=Player
[2018.01.21-04.53.01:754][  0]LogAIModule: Creating AISystem for world mainMenu
[2018.01.21-04.53.02:904][  0]LogLoad: Game class is 'TopDownGameMode_C'
[2018.01.21-04.53.02:907][  0]LogWorld: Bringing World /Game/Maps/mainMenu.mainMenu up for play (max tick rate 0) at 2018.01.20-20.53.02
[2018.01.21-04.53.02:908][  0]LogWorld: Bringing up level for play took: 0.002730
[2018.01.21-04.53.02:913][  0]LogGameMode: FindPlayerStart: PATHS NOT DEFINED or NO PLAYERSTART with positive rating
[2018.01.21-04.53.02:990][  0]LogLoad: Took 1.808946 seconds to LoadMap(/Game/Maps/mainMenu)
[2018.01.21-04.53.03:005][  0]LogSlate: Took 0.011270 seconds to synchronously load lazily loaded font '../../../Engine/Content/Slate/Fonts/Roboto-Regular.ttf' (155K)
[2018.01.21-04.53.03:578][  0]LogRenderer: Reallocating scene render targets to support 1280x720 Format 10 NumSamples 1 (Frame:1).
[2018.01.21-04.53.03:578][  0]LogLoad: (Engine Initialization) Total time: 41.28 seconds
[2018.01.21-04.53.03:578][  0]LogLoad: (Engine Initialization) Total Blueprint compile time: 0.00 seconds
[2018.01.21-04.53.03:578][  0]LogExternalProfiler: No external profilers were discovered.  External profiling features will not be available.
[2018.01.21-04.53.03:609][  0]LogContentStreaming: Texture pool size now 1000 MB
[2018.01.21-04.53.28:860][550]LogNetVersion: MyProject12 1.0.0.0, NetCL: 3709383, EngineNetVer: 2, GameNetVer: 0 (Checksum: 878358411)
[2018.01.21-04.53.29:110][565]LogOnline: Verbose: dumping NamedSession: 
[2018.01.21-04.53.29:110][565]LogOnline: Verbose: 	SessionName: GameSession
[2018.01.21-04.53.29:110][565]LogOnline: Verbose: 	HostingPlayerNum: 0
[2018.01.21-04.53.29:110][565]LogOnline: Verbose: 	SessionState: Pending
[2018.01.21-04.53.29:110][565]LogOnline: Verbose: 	RegisteredPlayers: 
[2018.01.21-04.53.29:110][565]LogOnline: Verbose: 	    0 registered players
[2018.01.21-04.53.29:111][565]LogOnline: Verbose: dumping Session: 
[2018.01.21-04.53.29:111][565]LogOnline: Verbose: 	OwningPlayerName: harriswga
[2018.01.21-04.53.29:111][565]LogOnline: Verbose: 	OwningPlayerId: harriswga [0x110000119AC6958]
[2018.01.21-04.53.29:111][565]LogOnline: Verbose: 	NumOpenPrivateConnections: 0
[2018.01.21-04.53.29:111][565]LogOnline: Verbose: 	NumOpenPublicConnections: 1
[2018.01.21-04.53.29:111][565]LogOnline: Verbose: 	SessionInfo: HostIP: INVALID SteamP2P: 76561198390995288:7777 Type: Lobby session SessionId: Lobby [0x1860000DAD0FE5C]
[2018.01.21-04.53.29:111][565]LogOnline: Verbose: dumping SessionSettings: 
[2018.01.21-04.53.29:111][565]LogOnline: Verbose: 	NumPublicConnections: 2
[2018.01.21-04.53.29:111][565]LogOnline: Verbose: 	NumPrivateConnections: 0
[2018.01.21-04.53.29:111][565]LogOnline: Verbose: 	bIsLanMatch: false
[2018.01.21-04.53.29:111][565]LogOnline: Verbose: 	bIsDedicated: false
[2018.01.21-04.53.29:111][565]LogOnline: Verbose: 	bUsesStats: false
[2018.01.21-04.53.29:111][565]LogOnline: Verbose: 	bShouldAdvertise: true
[2018.01.21-04.53.29:111][565]LogOnline: Verbose: 	bAllowJoinInProgress: true
[2018.01.21-04.53.29:111][565]LogOnline: Verbose: 	bAllowInvites: false
[2018.01.21-04.53.29:111][565]LogOnline: Verbose: 	bUsesPresence: true
[2018.01.21-04.53.29:111][565]LogOnline: Verbose: 	bAllowJoinViaPresence: true
[2018.01.21-04.53.29:111][565]LogOnline: Verbose: 	bAllowJoinViaPresenceFriendsOnly: false
[2018.01.21-04.53.29:112][565]LogOnline: Verbose: 	BuildUniqueId: 0x6cd3e102
[2018.01.21-04.53.29:112][565]LogOnline: Verbose: 	Settings:
[2018.01.21-04.53.29:355][565]LogPackageName: SearchForPackageOnDisk took   0.239s to resolve lobby.umap.
[2018.01.21-04.53.29:513][565]LogPackageName: SearchForPackageOnDisk took   0.156s to resolve lobby.umap.
[2018.01.21-04.53.29:513][565]LogNet: Browse: /Game/Maps/lobby?listen
[2018.01.21-04.53.29:513][565]LogLoad: LoadMap: /Game/Maps/lobby?listen
[2018.01.21-04.53.30:390][565]LogAIModule: Creating AISystem for world lobby
[2018.01.21-04.53.30:390][565]LogLoad: Game class is 'lobbyGM_C'
[2018.01.21-04.53.30:392][565]LogTemp: Display: ParseSettings for GameNetDriver
[2018.01.21-04.53.30:394][565]LogTemp: Display: ParseSettings for SteamNetDriver_0
[2018.01.21-04.53.30:394][565]LogTemp: Display: ParseSettings for GameNetDriver
[2018.01.21-04.53.30:396][565]LogNet: Display: SteamNetDriver_0 bound to port 7777
[2018.01.21-04.53.30:397][565]PacketHandlerLog: Loaded PacketHandler component: Engine.EngineHandlerComponentFactory (StatelessConnectHandlerComponent)
[2018.01.21-04.53.30:400][565]LogNet: GameNetDriver SteamNetDriver_0 IpNetDriver listening on port 7777
[2018.01.21-04.53.30:408][565]LogWorld: Bringing World /Game/Maps/lobby.lobby up for play (max tick rate 0) at 2018.01.20-20.53.30
[2018.01.21-04.53.30:409][565]LogWorld: Bringing up level for play took: 0.007973
[2018.01.21-04.53.30:426][565]LogGameMode: Display: Match State Changed from EnteringMap to WaitingToStart
[2018.01.21-04.53.30:426][565]LogGameState: Match State Changed from EnteringMap to WaitingToStart
[2018.01.21-04.53.30:426][565]LogGameMode: Display: Match State Changed from WaitingToStart to InProgress
[2018.01.21-04.53.30:426][565]LogGameState: Match State Changed from WaitingToStart to InProgress
[2018.01.21-04.53.30:433][565]LogLoad: Took 0.919872 seconds to LoadMap(/Game/Maps/lobby)
[2018.01.21-04.53.51:220][839]PIE: Warning: This widget does not support focus.  If this is a UserWidget, you should set bIsFocusable to true.
[2018.01.21-04.57.26:727][953]LogRenderer: Reallocating scene render targets to support 1920x1060 Format 10 NumSamples 1 (Frame:14391).
[2018.01.21-04.57.32:758][322]LogGameMode: Display: Match State Changed from InProgress to LeavingMap
[2018.01.21-04.57.32:758][322]LogGameState: Match State Changed from InProgress to LeavingMap
[2018.01.21-04.57.32:772][322]LogGameMode: ProcessServerTravel: /Game/Maps/Arena01
[2018.01.21-04.57.32:773][322]LogWorld: SeamlessTravel to: /Game/Maps/Arena01
[2018.01.21-04.57.32:828][323]LogAIModule: Creating AISystem for world travelMap
[2018.01.21-04.57.32:830][323]LogStats:     SeamlessTravel FlushLevelStreaming  -  0.002 s
[2018.01.21-04.57.32:831][323]LogWorld: Bringing World /Game/Maps/travelMap.travelMap up for play (max tick rate 0) at 2018.01.20-20.57.32
[2018.01.21-04.57.32:831][323]LogWorld: Bringing up level for play took: 0.001008
[2018.01.21-04.57.32:831][323]LogWorld: Sending NotifyLoadedWorld for LP: LocalPlayer_0 PC: lobbyPlayerController_C_0
[2018.01.21-04.57.32:831][323]LogNet: Verbose: NotifyLoadedWorld Begin
[2018.01.21-04.57.32:832][323]LogNet: VeryVerbose: GetFunctionCallspace Server calling Server function: ServerNotifyLoadedWorld Local
[2018.01.21-04.57.32:832][323]LogNet: Verbose: NotifyLoadedWorld End
[2018.01.21-04.57.32:832][323]LogWorld: StartLoadingDestination to: /Game/Maps/Arena01
[2018.01.21-04.57.33:980][347]LogAIModule: Creating AISystem for world arena01
[2018.01.21-04.57.33:981][347]LogLoad: Game class is 'gameplayGM_C'
[2018.01.21-04.57.33:982][347]LogStats:     SeamlessTravel FlushLevelStreaming  -  0.001 s
[2018.01.21-04.57.33:991][347]LogWorld: Bringing World /Game/Maps/Arena01.arena01 up for play (max tick rate 0) at 2018.01.20-20.57.33
[2018.01.21-04.57.33:998][347]LogWorld: Bringing up level for play took: 0.015977
[2018.01.21-04.57.33:999][347]LogWorld: Sending NotifyLoadedWorld for LP: LocalPlayer_0 PC: lobbyPlayerController_C_0
[2018.01.21-04.57.33:999][347]LogNet: Verbose: NotifyLoadedWorld Begin
[2018.01.21-04.57.33:999][347]LogNet: VeryVerbose: GetFunctionCallspace Server calling Server function: ServerNotifyLoadedWorld Local
[2018.01.21-04.57.33:999][347]LogNet: Verbose: NotifyLoadedWorld End
[2018.01.21-04.57.33:999][347]LogWorld: ----SeamlessTravel finished in 1.23 seconds ------
[2018.01.21-04.57.33:999][347]LogGameMode: >> GameMode::HandleSeamlessTravelPlayer: lobbyPlayerController_C_0 
[2018.01.21-04.57.34:007][347]LogGameMode: << GameMode::HandleSeamlessTravelPlayer: gameplayPC_C_0
[2018.01.21-04.57.34:007][347]LogGameMode: Display: Match State Changed from EnteringMap to WaitingToStart
[2018.01.21-04.57.34:007][347]LogGameState: Match State Changed from EnteringMap to WaitingToStart
[2018.01.21-04.57.34:007][347]LogGameMode: Display: Match State Changed from WaitingToStart to InProgress
[2018.01.21-04.57.34:011][347]LogGameState: Match State Changed from WaitingToStart to InProgress
[2018.01.21-04.57.34:029][349]LogRenderer: Reallocating scene render targets to support 128x128 Format 10 NumSamples 1 (Frame:0).
[2018.01.21-04.57.34:122][349]LogRenderer: Reallocating scene render targets to support 1920x1060 Format 10 NumSamples 1 (Frame:1).
[2018.01.21-04.58.00:692][972]LogRenderer: Reallocating scene render targets to support 1280x720 Format 10 NumSamples 1 (Frame:1627).
[2018.01.21-04.58.02:305][ 63]LogRenderer: Reallocating scene render targets to support 1920x1060 Format 10 NumSamples 1 (Frame:1719).
[2018.01.21-04.58.34:613][ 21]Closing by request
[2018.01.21-04.58.34:613][ 21]LogWindows: FPlatformMisc::RequestExit(0)
[2018.01.21-04.58.34:630][ 22]LogNet: World NetDriver shutdown SteamNetDriver_0 [GameNetDriver]
[2018.01.21-04.58.34:630][ 22]LogNet: DestroyNamedNetDriver SteamNetDriver_0 [GameNetDriver]
[2018.01.21-04.58.34:631][ 22]LogExit: GameNetDriver SteamNetDriver_0 shut down
[2018.01.21-04.58.35:056][ 22]LogWindowsTextInputMethodSystem: Display: IME system now deactivated.
[2018.01.21-04.58.35:095][ 22]LogExit: Preparing to exit.
[2018.01.21-04.58.35:095][ 22]LogMoviePlayer: Shutting down movie player
[2018.01.21-04.58.35:560][ 22]LogExit: Game engine shut down
[2018.01.21-04.58.35:770][ 22]LogExit: Object subsystem successfully closed.
[2018.01.21-04.58.35:808][ 22]LogD3D11RHI: Shutdown
[2018.01.21-04.58.35:809][ 22]LogD3D11RHI: CleanupD3DDevice
[2018.01.21-04.58.35:814][ 22]LogD3D11RHI: ~FD3D11DynamicRHI
[2018.01.21-04.58.35:856][ 22]LogModuleManager: Shutting down and abandoning module SequenceRecorderSections (314)
[2018.01.21-04.58.35:856][ 22]LogModuleManager: Shutting down and abandoning module SequenceRecorder (312)
[2018.01.21-04.58.35:857][ 22]LogModuleManager: Shutting down and abandoning module AutomationController (310)
[2018.01.21-04.58.35:858][ 22]LogModuleManager: Shutting down and abandoning module AutomationWorker (308)
[2018.01.21-04.58.35:858][ 22]LogModuleManager: Shutting down and abandoning module AIModule (306)
[2018.01.21-04.58.35:859][ 22]LogModuleManager: Shutting down and abandoning module GameplayDebugger (305)
[2018.01.21-04.58.35:859][ 22]LogModuleManager: Shutting down and abandoning module AITestSuite (303)
[2018.01.21-04.58.35:860][ 22]LogModuleManager: Shutting down and abandoning module WmfMediaFactory (300)
[2018.01.21-04.58.35:860][ 22]LogModuleManager: Shutting down and abandoning module OpenExrWrapper (298)
[2018.01.21-04.58.35:860][ 22]LogModuleManager: Shutting down and abandoning module ImgMediaFactory (296)
[2018.01.21-04.58.35:860][ 22]LogModuleManager: Shutting down and abandoning module AvfMediaFactory (294)
[2018.01.21-04.58.35:860][ 22]LogModuleManager: Shutting down and abandoning module CharacterAI (292)
[2018.01.21-04.58.35:860][ 22]LogModuleManager: Shutting down and abandoning module SessionServices (290)
[2018.01.21-04.58.35:860][ 22]LogModuleManager: Shutting down and abandoning module MovieSceneCapture (288)
[2018.01.21-04.58.35:860][ 22]LogModuleManager: Shutting down and abandoning module MovieSceneTracks (286)
[2018.01.21-04.58.35:860][ 22]LogModuleManager: Shutting down and abandoning module MovieScene (284)
[2018.01.21-04.58.35:860][ 22]LogModuleManager: Shutting down and abandoning module GeometryCache (282)
[2018.01.21-04.58.35:860][ 22]LogModuleManager: Shutting down and abandoning module GeometryCacheEd (281)
[2018.01.21-04.58.35:860][ 22]LogModuleManager: Shutting down and abandoning module StreamingPauseRendering (278)
[2018.01.21-04.58.35:860][ 22]LogModuleManager: Shutting down and abandoning module PortalServices (276)
[2018.01.21-04.58.35:860][ 22]LogModuleManager: Shutting down and abandoning module PortalRpc (274)
[2018.01.21-04.58.35:860][ 22]LogModuleManager: Shutting down and abandoning module MessagingRpc (272)
[2018.01.21-04.58.35:860][ 22]LogModuleManager: Shutting down and abandoning module ProfilerService (270)
[2018.01.21-04.58.35:983][ 22]LogModuleManager: Shutting down and abandoning module TaskGraph (268)
[2018.01.21-04.58.35:986][ 22]LogModuleManager: Shutting down and abandoning module SteamVRController (266)
[2018.01.21-04.58.35:986][ 22]LogModuleManager: Shutting down and abandoning module ProceduralMeshComponent (264)
[2018.01.21-04.58.35:986][ 22]LogModuleManager: Shutting down and abandoning module OculusInput (262)
[2018.01.21-04.58.35:987][ 22]LogModuleManager: Shutting down and abandoning module MobilePatchingUtils (260)
[2018.01.21-04.58.35:987][ 22]LogModuleManager: Shutting down and abandoning module CustomMeshComponent (258)
[2018.01.21-04.58.35:987][ 22]LogModuleManager: Shutting down and abandoning module CableComponent (256)
[2018.01.21-04.58.35:987][ 22]LogModuleManager: Shutting down and abandoning module ArchVisCharacter (254)
[2018.01.21-04.58.35:987][ 22]LogModuleManager: Shutting down and abandoning module AndroidPermission (252)
[2018.01.21-04.58.35:987][ 22]LogModuleManager: Shutting down and abandoning module ActorSequence (248)
[2018.01.21-04.58.35:987][ 22]LogModuleManager: Shutting down and abandoning module MediaCompositing (246)
[2018.01.21-04.58.35:987][ 22]LogModuleManager: Shutting down and abandoning module HTML5Networking (244)
[2018.01.21-04.58.35:987][ 22]LogModuleManager: Shutting down and abandoning module VisualStudioSourceCodeAccess (242)
[2018.01.21-04.58.35:987][ 22]LogModuleManager: Shutting down and abandoning module HotReload (241)
[2018.01.21-04.58.35:988][ 22]LogModuleManager: Shutting down and abandoning module VisualStudioCodeSourceCodeAccess (238)
[2018.01.21-04.58.35:988][ 22]LogModuleManager: Shutting down and abandoning module UObjectPlugin (236)
[2018.01.21-04.58.35:988][ 22]LogModuleManager: Shutting down and abandoning module SubversionSourceControl (234)
[2018.01.21-04.58.35:990][ 22]LogModuleManager: Shutting down and abandoning module PerforceSourceControl (232)
[2018.01.21-04.58.35:991][ 22]LogModuleManager: Shutting down and abandoning module SourceControl (231)
[2018.01.21-04.58.35:992][ 22]LogModuleManager: Shutting down and abandoning module RuntimePhysXCooking (228)
[2018.01.21-04.58.35:993][ 22]LogModuleManager: Shutting down and abandoning module PhysXVehiclesEditor (226)
[2018.01.21-04.58.35:993][ 22]LogModuleManager: Shutting down and abandoning module PhysXVehicles (224)
[2018.01.21-04.58.35:993][ 22]LogModuleManager: Shutting down and abandoning module LocationServicesBPLibrary (222)
[2018.01.21-04.58.35:993][ 22]LogModuleManager: Shutting down and abandoning module ImmediatePhysicsEditor (220)
[2018.01.21-04.58.35:993][ 22]LogModuleManager: Shutting down and abandoning module ImmediatePhysics (218)
[2018.01.21-04.58.35:993][ 22]LogModuleManager: Shutting down and abandoning module UdpMessaging (216)
[2018.01.21-04.58.36:095][ 22]LogModuleManager: Shutting down and abandoning module TcpMessaging (214)
[2018.01.21-04.58.36:196][ 22]LogModuleManager: Shutting down and abandoning module GameplayTagsEditor (212)
[2018.01.21-04.58.36:196][ 22]LogModuleManager: Shutting down and abandoning module FacialAnimation (210)
[2018.01.21-04.58.36:196][ 22]LogModuleManager: Shutting down and abandoning module AssetManagerEditor (208)
[2018.01.21-04.58.36:197][ 22]LogModuleManager: Shutting down and abandoning module GraphEditor (207)
[2018.01.21-04.58.36:198][ 22]LogModuleManager: Shutting down and abandoning module ContentBrowser (205)
[2018.01.21-04.58.36:198][ 22]LogModuleManager: Shutting down and abandoning module CollectionManager (204)
[2018.01.21-04.58.36:199][ 22]LogDirectoryWatcher: A directory notification for 'C:/UE4/steam/steam/Content/Collections/' was aborted.
[2018.01.21-04.58.36:199][ 22]LogDirectoryWatcher: A directory notification for 'C:/UE4/steam/steam/Content/Developers/Polymake/Collections/' was aborted.
[2018.01.21-04.58.36:199][ 22]LogDirectoryWatcher: A directory notification for 'C:/UE4/steam/steam/Saved/Collections/' was aborted.
[2018.01.21-04.58.36:199][ 22]LogModuleManager: Shutting down and abandoning module DirectoryWatcher (203)
[2018.01.21-04.58.36:200][ 22]LogModuleManager: Shutting down and abandoning module LightPropagationVolumeRuntime (198)
[2018.01.21-04.58.36:200][ 22]LogModuleManager: Shutting down and abandoning module Paper2D (196)
[2018.01.21-04.58.36:200][ 22]LogModuleManager: Shutting down and abandoning module WindowsMoviePlayer (194)
[2018.01.21-04.58.36:200][ 22]LogModuleManager: Shutting down and abandoning module WmfMedia (192)
[2018.01.21-04.58.36:201][ 22]LogModuleManager: Shutting down and abandoning module ImgMedia (190)
[2018.01.21-04.58.36:201][ 22]LogModuleManager: Shutting down and abandoning module PacketHandler (188)
[2018.01.21-04.58.36:201][ 22]LogModuleManager: Shutting down and abandoning module ClothingSystemEditor (186)
[2018.01.21-04.58.36:201][ 22]LogModuleManager: Shutting down and abandoning module ClothingSystemRuntime (184)
[2018.01.21-04.58.36:202][ 22]LogModuleManager: Shutting down and abandoning module MediaAssets (182)
[2018.01.21-04.58.36:202][ 22]LogModuleManager: Shutting down and abandoning module Media (181)
[2018.01.21-04.58.36:209][ 22]LogModuleManager: Shutting down and abandoning module Overlay (178)
[2018.01.21-04.58.36:209][ 22]LogModuleManager: Shutting down and abandoning module OverlayEditor (177)
[2018.01.21-04.58.36:209][ 22]LogModuleManager: Shutting down and abandoning module VREditor (174)
[2018.01.21-04.58.36:210][ 22]LogModuleManager: Shutting down and abandoning module StringTableEditor (172)
[2018.01.21-04.58.36:210][ 22]LogModuleManager: Shutting down and abandoning module GameplayTasksEditor (170)
[2018.01.21-04.58.36:210][ 22]LogModuleManager: Shutting down and abandoning module BehaviorTreeEditor (168)
[2018.01.21-04.58.36:214][ 22]LogModuleManager: Shutting down and abandoning module FunctionalTesting (166)
[2018.01.21-04.58.36:216][ 22]LogModuleManager: Shutting down and abandoning module CollisionAnalyzer (164)
[2018.01.21-04.58.36:218][ 22]LogModuleManager: Shutting down and abandoning module WorkspaceMenuStructure (163)
[2018.01.21-04.58.36:218][ 22]LogModuleManager: Shutting down and abandoning module UMG (160)
[2018.01.21-04.58.36:218][ 22]LogModuleManager: Shutting down and abandoning module UMGEditor (159)
[2018.01.21-04.58.36:218][ 22]LogModuleManager: Shutting down and abandoning module Sequencer (158)
[2018.01.21-04.58.36:218][ 22]LogModuleManager: Shutting down and abandoning module MessageLog (155)
[2018.01.21-04.58.36:219][ 22]LogModuleManager: Shutting down and abandoning module SlateReflector (150)
[2018.01.21-04.58.36:223][ 22]LogModuleManager: Shutting down and abandoning module Slate (148)
[2018.01.21-04.58.36:223][ 22]LogModuleManager: Shutting down and abandoning module EditorStyle (146)
[2018.01.21-04.58.36:230][ 22]LogModuleManager: Shutting down and abandoning module MRMesh (144)
[2018.01.21-04.58.36:230][ 22]LogModuleManager: Shutting down and abandoning module Messaging (142)
[2018.01.21-04.58.36:230][ 22]LogModuleManager: Shutting down and abandoning module SourceCodeAccess (140)
[2018.01.21-04.58.36:230][ 22]LogModuleManager: Shutting down and abandoning module HeadMountedDisplay (138)
[2018.01.21-04.58.36:230][ 22]LogModuleManager: Shutting down and abandoning module XAudio2 (136)
[2018.01.21-04.58.36:230][ 22]LogModuleManager: Shutting down and abandoning module Networking (134)
[2018.01.21-04.58.36:230][ 22]LogModuleManager: Shutting down and abandoning module Core (132)
[2018.01.21-04.58.36:230][ 22]LogModuleManager: Shutting down and abandoning module LevelSequence (130)
[2018.01.21-04.58.36:230][ 22]LogModuleManager: Shutting down and abandoning module KismetCompiler (128)
[2018.01.21-04.58.36:230][ 22]LogModuleManager: Shutting down and abandoning module MeshUtilities (126)
[2018.01.21-04.58.36:233][ 22]LogModuleManager: Shutting down and abandoning module MeshMergeUtilities (125)
[2018.01.21-04.58.36:234][ 22]LogModuleManager: Shutting down and abandoning module MeshReductionInterface (124)
[2018.01.21-04.58.36:234][ 22]LogModuleManager: Shutting down and abandoning module SimplygonSwarm (123)
[2018.01.21-04.58.36:235][ 22]LogModuleManager: Shutting down and abandoning module SimplygonMeshReduction (121)
[2018.01.21-04.58.36:235][ 22]LogModuleManager: Shutting down and abandoning module QuadricMeshReduction (119)
[2018.01.21-04.58.36:235][ 22]LogModuleManager: Shutting down and abandoning module MaterialBaking (115)
[2018.01.21-04.58.36:235][ 22]LogModuleManager: Shutting down and abandoning module DerivedDataCache (110)
[2018.01.21-04.58.36:331][ 22]LogDerivedDataCache: Shutdown
[2018.01.21-04.58.36:331][ 22]LogModuleManager: Shutting down and abandoning module TargetPlatform (108)
[2018.01.21-04.58.36:331][ 22]LogModuleManager: Shutting down and abandoning module VulkanShaderFormat (107)
[2018.01.21-04.58.36:332][ 22]LogModuleManager: Shutting down and abandoning module ShaderFormatVectorVM (105)
[2018.01.21-04.58.36:333][ 22]LogModuleManager: Shutting down and abandoning module ShaderFormatOpenGL (103)
[2018.01.21-04.58.36:334][ 22]LogModuleManager: Shutting down and abandoning module ShaderFormatD3D (101)
[2018.01.21-04.58.36:334][ 22]LogModuleManager: Shutting down and abandoning module MetalShaderFormat (99)
[2018.01.21-04.58.36:335][ 22]LogModuleManager: Shutting down and abandoning module TextureFormatUncompressed (97)
[2018.01.21-04.58.36:335][ 22]LogModuleManager: Shutting down and abandoning module TextureFormatPVR (95)
[2018.01.21-04.58.36:335][ 22]LogModuleManager: Shutting down and abandoning module TextureFormatDXT (93)
[2018.01.21-04.58.36:335][ 22]LogModuleManager: Shutting down and abandoning module TextureFormatIntelISPCTexComp (91)
[2018.01.21-04.58.36:335][ 22]LogModuleManager: Shutting down and abandoning module TextureFormatASTC (89)
[2018.01.21-04.58.36:335][ 22]LogModuleManager: Shutting down and abandoning module ImageWrapper (88)
[2018.01.21-04.58.36:335][ 22]LogModuleManager: Shutting down and abandoning module TextureFormatAndroid (85)
[2018.01.21-04.58.36:335][ 22]LogModuleManager: Shutting down and abandoning module AudioFormatOpus (83)
[2018.01.21-04.58.36:335][ 22]LogModuleManager: Shutting down and abandoning module AudioFormatOgg (81)
[2018.01.21-04.58.36:335][ 22]LogModuleManager: Shutting down and abandoning module AudioFormatADPCM (79)
[2018.01.21-04.58.36:335][ 22]LogModuleManager: Shutting down and abandoning module WindowsTargetPlatform (77)
[2018.01.21-04.58.36:335][ 22]LogModuleManager: Shutting down and abandoning module WindowsServerTargetPlatform (75)
[2018.01.21-04.58.36:335][ 22]LogModuleManager: Shutting down and abandoning module WindowsNoEditorTargetPlatform (73)
[2018.01.21-04.58.36:336][ 22]LogModuleManager: Shutting down and abandoning module WindowsClientTargetPlatform (71)
[2018.01.21-04.58.36:336][ 22]LogModuleManager: Shutting down and abandoning module InputCore (68)
[2018.01.21-04.58.36:336][ 22]LogModuleManager: Shutting down and abandoning module Settings (66)
[2018.01.21-04.58.36:336][ 22]LogModuleManager: Shutting down and abandoning module PhysXCooking (64)
[2018.01.21-04.58.36:336][ 22]LogModuleManager: Shutting down and abandoning module SteamVR (62)
[2018.01.21-04.58.36:336][ 22]LogModuleManager: Shutting down and abandoning module OculusHMD (60)
[2018.01.21-04.58.36:336][ 22]LogModuleManager: Shutting down and abandoning module ExampleDeviceProfileSelector (58)
[2018.01.21-04.58.36:336][ 22]LogModuleManager: Shutting down and abandoning module AppleARKit (56)
[2018.01.21-04.58.36:336][ 22]LogModuleManager: Shutting down and abandoning module AugmentedReality (55)
[2018.01.21-04.58.36:336][ 22]LogModuleManager: Shutting down and abandoning module OnlineBlueprintSupport (52)
[2018.01.21-04.58.36:336][ 22]LogModuleManager: Shutting down and abandoning module OnlineSubsystem (48)
[2018.01.21-04.58.36:336][ 22]LogOnline: Display: STEAM: OnlineSubsystemSteam::Shutdown()
[2018.01.21-04.58.36:337][ 22]LogOnline: Display: OSS: FOnlineAsyncTaskManager::Stop() ActiveTask:0000000000000000 Tasks[0/0]
[2018.01.21-04.58.36:439][ 22]LogOnline: Display: OSS: FOnlineAsyncTaskManager::Exit() started
[2018.01.21-04.58.36:439][ 22]LogOnline: Display: OSS: FOnlineAsyncTaskManager::Exit() finished
[2018.01.21-04.58.36:439][ 22]LogOnline: Display: STEAM: OnlineSubsystemSteam::Shutdown()
[2018.01.21-04.58.36:441][ 22]LogModuleManager: Shutting down and abandoning module XMPP (43)
[2018.01.21-04.58.36:443][ 22]LogModuleManager: Shutting down and abandoning module HTTP (41)
[2018.01.21-04.58.36:450][ 22]LogModuleManager: Shutting down and abandoning module SSL (40)
[2018.01.21-04.58.36:454][ 22]LogModuleManager: Shutting down and abandoning module AnimationModifiers (36)
[2018.01.21-04.58.36:456][ 22]LogModuleManager: Shutting down and abandoning module PropertyEditor (35)
[2018.01.21-04.58.36:456][ 22]LogModuleManager: Shutting down and abandoning module AudioEditor (32)
[2018.01.21-04.58.36:457][ 22]LogModuleManager: Shutting down and abandoning module TextureCompressor (30)
[2018.01.21-04.58.36:459][ 22]LogModuleManager: Shutting down and abandoning module ShaderCore (28)
[2018.01.21-04.58.36:459][ 22]LogModuleManager: Shutting down and abandoning module Landscape (26)
[2018.01.21-04.58.36:459][ 22]LogModuleManager: Shutting down and abandoning module SlateRHIRenderer (24)
[2018.01.21-04.58.36:461][ 22]LogModuleManager: Shutting down and abandoning module OpenGLDrv (22)
[2018.01.21-04.58.36:463][ 22]LogModuleManager: Shutting down and abandoning module D3D11RHI (20)
[2018.01.21-04.58.36:463][ 22]LogModuleManager: Shutting down and abandoning module AnimGraphRuntime (18)
[2018.01.21-04.58.36:464][ 22]LogModuleManager: Shutting down and abandoning module Renderer (16)
[2018.01.21-04.58.36:464][ 22]LogModuleManager: Shutting down and abandoning module Engine (14)
[2018.01.21-04.58.36:465][ 22]LogModuleManager: Shutting down and abandoning module CoreUObject (12)
[2018.01.21-04.58.36:465][ 22]LogModuleManager: Shutting down and abandoning module NetworkFile (10)
[2018.01.21-04.58.36:465][ 22]LogModuleManager: Shutting down and abandoning module CookedIterativeFile (8)
[2018.01.21-04.58.36:465][ 22]LogModuleManager: Shutting down and abandoning module StreamingFile (6)
[2018.01.21-04.58.36:465][ 22]LogModuleManager: Shutting down and abandoning module SandboxFile (4)
[2018.01.21-04.58.36:465][ 22]LogModuleManager: Shutting down and abandoning module PakFile (2)
[2018.01.21-04.58.36:478][ 22]LogExit: Exiting.
[2018.01.21-04.58.36:481][ 22]Log file closed, 01/20/18 20:58:36
