Log file open, 02/10/18 10:52:31
LogWindows: Failed to load 'aqProf.dll' (GetLastError=126)
LogWindows: File 'aqProf.dll' does not exist
LogWindows: Failed to load 'VSPerf140.dll' (GetLastError=126)
LogWindows: File 'VSPerf140.dll' does not exist
LogWindows: Failed to load 'VtuneApi.dll' (GetLastError=126)
LogWindows: File 'VtuneApi.dll' does not exist
LogWindows: Failed to load 'VtuneApi32e.dll' (GetLastError=126)
LogWindows: File 'VtuneApi32e.dll' does not exist
LogInit: Display: Running engine for game: MyProject12
LogPlatformFile: Not using cached read wrapper
LogInit: Display: RandInit(7586837) SRandInit(7586837).
LogInit: Read version file with build ID '3709383'
LogInit: Overriding engine version to CL 3832480, compatible CL 3709383
LogInit: Registered custom module enumerator with build ID '3709383'
LogInit: Warning: Passing commandline switches using / instead of - has been deprecated and will be removed in future versions of Unreal Engine.
LogTaskGraph: Started task graph with 5 named threads and 14 total threads with 3 sets of task threads.
LogStats: Stats thread started at 0.327659
LogD3D11RHI: Aftermath initialized
LogInit: Warning: Passing commandline switches using / instead of - has been deprecated and will be removed in future versions of Unreal Engine.
LogModuleManager: Display: Found up-to-date module file ../../../Engine/Plugins/Online/OnlineSubsystemSteam/Binaries/Win64/UE4Editor-OnlineSubsystemSteam.dll (API version 3709383).
LogModuleManager: Display: Found up-to-date module file ../../../Engine/Plugins/Online/OnlineSubsystem/Binaries/Win64/UE4Editor-OnlineSubsystem.dll (API version 3709383).
LogModuleManager: Display: Found up-to-date module file ../../../Engine/Plugins/Online/OnlineSubsystemUtils/Binaries/Win64/UE4Editor-OnlineSubsystemUtils.dll (API version 3709383).
LogModuleManager: Display: Found up-to-date module file ../../../Engine/Plugins/Online/OnlineSubsystemUtils/Binaries/Win64/UE4Editor-OnlineBlueprintSupport.dll (API version 3709383).
LogModuleManager: Display: Found up-to-date module file ../../../Engine/Plugins/2D/Paper2D/Binaries/Win64/UE4Editor-Paper2D.dll (API version 3709383).
LogModuleManager: Display: Found up-to-date module file ../../../Engine/Plugins/2D/Paper2D/Binaries/Win64/UE4Editor-Paper2DEditor.dll (API version 3709383).
LogModuleManager: Display: Found up-to-date module file ../../../Engine/Plugins/2D/Paper2D/Binaries/Win64/UE4Editor-PaperSpriteSheetImporter.dll (API version 3709383).
LogModuleManager: Display: Found up-to-date module file ../../../Engine/Plugins/2D/Paper2D/Binaries/Win64/UE4Editor-PaperTiledImporter.dll (API version 3709383).
LogModuleManager: Display: Found up-to-date module file ../../../Engine/Plugins/2D/Paper2D/Binaries/Win64/UE4Editor-SmartSnapping.dll (API version 3709383).
LogModuleManager: Display: Found up-to-date module file ../../../Engine/Plugins/Blendables/LightPropagationVolume/Binaries/Win64/UE4Editor-LightPropagationVolumeRuntime.dll (API version 3709383).
LogModuleManager: Display: Found up-to-date module file ../../../Engine/Plugins/Blendables/LightPropagationVolume/Binaries/Win64/UE4Editor-LightPropagationVolumeEditor.dll (API version 3709383).
LogModuleManager: Display: Found up-to-date module file ../../../Engine/Plugins/Developer/GitSourceControl/Binaries/Win64/UE4Editor-GitSourceControl.dll (API version 3709383).
LogModuleManager: Display: Found up-to-date module file ../../../Engine/Plugins/Developer/PerforceSourceControl/Binaries/Win64/UE4Editor-PerforceSourceControl.dll (API version 3709383).
LogModuleManager: Display: Found up-to-date module file ../../../Engine/Plugins/Developer/SubversionSourceControl/Binaries/Win64/UE4Editor-SubversionSourceControl.dll (API version 3709383).
LogModuleManager: Display: Found up-to-date module file ../../../Engine/Plugins/Developer/UObjectPlugin/Binaries/Win64/UE4Editor-UObjectPlugin.dll (API version 3709383).
LogModuleManager: Display: Found up-to-date module file ../../../Engine/Plugins/Developer/VisualStudioCodeSourceCodeAccess/Binaries/Win64/UE4Editor-VisualStudioCodeSourceCodeAccess.dll (API version 3709383).
LogModuleManager: Display: Found up-to-date module file ../../../Engine/Plugins/Developer/VisualStudioSourceCodeAccess/Binaries/Win64/UE4Editor-VisualStudioSourceCodeAccess.dll (API version 3709383).
LogModuleManager: Display: Found up-to-date module file ../../../Engine/Plugins/Editor/AssetManagerEditor/Binaries/Win64/UE4Editor-AssetManagerEditor.dll (API version 3709383).
LogModuleManager: Display: Found up-to-date module file ../../../Engine/Plugins/Editor/AudioCapture/Binaries/Win64/UE4Editor-AudioCapture.dll (API version 3709383).
LogModuleManager: Display: Found up-to-date module file ../../../Engine/Plugins/Editor/FacialAnimation/Binaries/Win64/UE4Editor-FacialAnimation.dll (API version 3709383).
LogModuleManager: Display: Found up-to-date module file ../../../Engine/Plugins/Editor/FacialAnimation/Binaries/Win64/UE4Editor-FacialAnimationEditor.dll (API version 3709383).
LogModuleManager: Display: Found up-to-date module file ../../../Engine/Plugins/Editor/GameplayTagsEditor/Binaries/Win64/UE4Editor-GameplayTagsEditor.dll (API version 3709383).
LogModuleManager: Display: Found up-to-date module file ../../../Engine/Plugins/Editor/MobileLauncherProfileWizard/Binaries/Win64/UE4Editor-MobileLauncherProfileWizard.dll (API version 3709383).
LogModuleManager: Display: Found up-to-date module file ../../../Engine/Plugins/Editor/PluginBrowser/Binaries/Win64/UE4Editor-PluginBrowser.dll (API version 3709383).
LogModuleManager: Display: Found up-to-date module file ../../../Engine/Plugins/Editor/SpeedTreeImporter/Binaries/Win64/UE4Editor-SpeedTreeImporter.dll (API version 3709383).
LogModuleManager: Display: Found up-to-date module file ../../../Engine/Plugins/Experimental/AlembicImporter/Binaries/Win64/UE4Editor-AlembicImporter.dll (API version 3709383).
LogModuleManager: Display: Found up-to-date module file ../../../Engine/Plugins/Experimental/AlembicImporter/Binaries/Win64/UE4Editor-AlembicLibrary.dll (API version 3709383).
LogModuleManager: Display: Found up-to-date module file ../../../Engine/Plugins/Experimental/CharacterAI/Binaries/Win64/UE4Editor-CharacterAI.dll (API version 3709383).
LogModuleManager: Display: Found up-to-date module file ../../../Engine/Plugins/Experimental/HTML5Networking/Binaries/Win64/UE4Editor-HTML5Networking.dll (API version 3709383).
LogModuleManager: Display: Found up-to-date module file ../../../Engine/Plugins/Media/AndroidMedia/Binaries/Win64/UE4Editor-AndroidMediaEditor.dll (API version 3709383).
LogModuleManager: Display: Found up-to-date module file ../../../Engine/Plugins/Media/AndroidMedia/Binaries/Win64/UE4Editor-AndroidMediaFactory.dll (API version 3709383).
LogModuleManager: Display: Found up-to-date module file ../../../Engine/Plugins/Media/AvfMedia/Binaries/Win64/UE4Editor-AvfMediaEditor.dll (API version 3709383).
LogModuleManager: Display: Found up-to-date module file ../../../Engine/Plugins/Media/AvfMedia/Binaries/Win64/UE4Editor-AvfMediaFactory.dll (API version 3709383).
LogModuleManager: Display: Found up-to-date module file ../../../Engine/Plugins/Media/AvfMedia/Binaries/Win64/UE4Editor-AvfMediaFactory.dll (API version 3709383).
LogModuleManager: Display: Found up-to-date module file ../../../Engine/Plugins/Media/ImgMedia/Binaries/Win64/UE4Editor-ImgMedia.dll (API version 3709383).
LogModuleManager: Display: Found up-to-date module file ../../../Engine/Plugins/Media/ImgMedia/Binaries/Win64/UE4Editor-ImgMediaEditor.dll (API version 3709383).
LogModuleManager: Display: Found up-to-date module file ../../../Engine/Plugins/Media/ImgMedia/Binaries/Win64/UE4Editor-ImgMediaFactory.dll (API version 3709383).
LogModuleManager: Display: Found up-to-date module file ../../../Engine/Plugins/Media/ImgMedia/Binaries/Win64/UE4Editor-ImgMediaFactory.dll (API version 3709383).
LogModuleManager: Display: Found up-to-date module file ../../../Engine/Plugins/Media/ImgMedia/Binaries/Win64/UE4Editor-OpenExrWrapper.dll (API version 3709383).
LogModuleManager: Display: Found up-to-date module file ../../../Engine/Plugins/Media/MediaCompositing/Binaries/Win64/UE4Editor-MediaCompositing.dll (API version 3709383).
LogModuleManager: Display: Found up-to-date module file ../../../Engine/Plugins/Media/MediaCompositing/Binaries/Win64/UE4Editor-MediaCompositingEditor.dll (API version 3709383).
LogModuleManager: Display: Found up-to-date module file ../../../Engine/Plugins/Media/MediaPlayerEditor/Binaries/Win64/UE4Editor-MediaPlayerEditor.dll (API version 3709383).
LogModuleManager: Display: Found up-to-date module file ../../../Engine/Plugins/Media/WmfMedia/Binaries/Win64/UE4Editor-WmfMedia.dll (API version 3709383).
LogModuleManager: Display: Found up-to-date module file ../../../Engine/Plugins/Media/WmfMedia/Binaries/Win64/UE4Editor-WmfMediaEditor.dll (API version 3709383).
LogModuleManager: Display: Found up-to-date module file ../../../Engine/Plugins/Media/WmfMedia/Binaries/Win64/UE4Editor-WmfMediaFactory.dll (API version 3709383).
LogModuleManager: Display: Found up-to-date module file ../../../Engine/Plugins/Media/WmfMedia/Binaries/Win64/UE4Editor-WmfMediaFactory.dll (API version 3709383).
LogModuleManager: Display: Found up-to-date module file ../../../Engine/Plugins/Messaging/TcpMessaging/Binaries/Win64/UE4Editor-TcpMessaging.dll (API version 3709383).
LogModuleManager: Display: Found up-to-date module file ../../../Engine/Plugins/Messaging/UdpMessaging/Binaries/Win64/UE4Editor-UdpMessaging.dll (API version 3709383).
LogModuleManager: Display: Found up-to-date module file ../../../Engine/Plugins/MovieScene/ActorSequence/Binaries/Win64/UE4Editor-ActorSequence.dll (API version 3709383).
LogModuleManager: Display: Found up-to-date module file ../../../Engine/Plugins/MovieScene/LevelSequenceEditor/Binaries/Win64/UE4Editor-LevelSequenceEditor.dll (API version 3709383).
LogModuleManager: Display: Found up-to-date module file ../../../Engine/Plugins/MovieScene/MatineeToLevelSequence/Binaries/Win64/UE4Editor-MatineeToLevelSequence.dll (API version 3709383).
LogModuleManager: Display: Found up-to-date module file ../../../Engine/Plugins/Runtime/AndroidPermission/Binaries/Win64/UE4Editor-AndroidPermission.dll (API version 3709383).
LogModuleManager: Display: Found up-to-date module file ../../../Engine/Plugins/Online/OnlineSubsystemNull/Binaries/Win64/UE4Editor-OnlineSubsystemNull.dll (API version 3709383).
LogModuleManager: Display: Found up-to-date module file ../../../Engine/Plugins/Runtime/AndroidDeviceProfileSelector/Binaries/Win64/UE4Editor-AndroidDeviceProfileSelector.dll (API version 3709383).
LogModuleManager: Display: Found up-to-date module file ../../../Engine/Plugins/Runtime/AppleARKit/Binaries/Win64/UE4Editor-AppleARKit.dll (API version 3709383).
LogModuleManager: Display: Found up-to-date module file ../../../Engine/Plugins/Runtime/ArchVisCharacter/Binaries/Win64/UE4Editor-ArchVisCharacter.dll (API version 3709383).
LogModuleManager: Display: Found up-to-date module file ../../../Engine/Plugins/Runtime/CableComponent/Binaries/Win64/UE4Editor-CableComponent.dll (API version 3709383).
LogModuleManager: Display: Found up-to-date module file ../../../Engine/Plugins/Runtime/CustomMeshComponent/Binaries/Win64/UE4Editor-CustomMeshComponent.dll (API version 3709383).
LogModuleManager: Display: Found up-to-date module file ../../../Engine/Plugins/Runtime/ExampleDeviceProfileSelector/Binaries/Win64/UE4Editor-ExampleDeviceProfileSelector.dll (API version 3709383).
LogModuleManager: Display: Found up-to-date module file ../../../Engine/Plugins/Runtime/ImmediatePhysics/Binaries/Win64/UE4Editor-ImmediatePhysics.dll (API version 3709383).
LogModuleManager: Display: Found up-to-date module file ../../../Engine/Plugins/Runtime/ImmediatePhysics/Binaries/Win64/UE4Editor-ImmediatePhysicsEditor.dll (API version 3709383).
LogModuleManager: Display: Found up-to-date module file ../../../Engine/Plugins/Runtime/LocationServicesBPLibrary/Binaries/Win64/UE4Editor-LocationServicesBPLibrary.dll (API version 3709383).
LogModuleManager: Display: Found up-to-date module file ../../../Engine/Plugins/Runtime/MobilePatchingUtils/Binaries/Win64/UE4Editor-MobilePatchingUtils.dll (API version 3709383).
LogModuleManager: Display: Found up-to-date module file ../../../Engine/Plugins/Runtime/Oculus/OculusVR/Binaries/Win64/UE4Editor-OculusHMD.dll (API version 3709383).
LogModuleManager: Display: Found up-to-date module file ../../../Engine/Plugins/Runtime/Oculus/OculusVR/Binaries/Win64/UE4Editor-OculusInput.dll (API version 3709383).
LogModuleManager: Display: Found up-to-date module file ../../../Engine/Plugins/Runtime/Oculus/OculusVR/Binaries/Win64/UE4Editor-OculusEditor.dll (API version 3709383).
LogModuleManager: Display: Found up-to-date module file ../../../Engine/Plugins/Runtime/PhysXVehicles/Binaries/Win64/UE4Editor-PhysXVehicles.dll (API version 3709383).
LogModuleManager: Display: Found up-to-date module file ../../../Engine/Plugins/Runtime/PhysXVehicles/Binaries/Win64/UE4Editor-PhysXVehiclesEditor.dll (API version 3709383).
LogModuleManager: Display: Found up-to-date module file ../../../Engine/Plugins/Runtime/ProceduralMeshComponent/Binaries/Win64/UE4Editor-ProceduralMeshComponent.dll (API version 3709383).
LogModuleManager: Display: Found up-to-date module file ../../../Engine/Plugins/Runtime/ProceduralMeshComponent/Binaries/Win64/UE4Editor-ProceduralMeshComponentEditor.dll (API version 3709383).
LogModuleManager: Display: Found up-to-date module file ../../../Engine/Plugins/Runtime/RuntimePhysXCooking/Binaries/Win64/UE4Editor-RuntimePhysXCooking.dll (API version 3709383).
LogModuleManager: Display: Found up-to-date module file ../../../Engine/Plugins/Runtime/Steam/SteamVR/Binaries/Win64/UE4Editor-SteamVR.dll (API version 3709383).
LogModuleManager: Display: Found up-to-date module file ../../../Engine/Plugins/Runtime/Steam/SteamVR/Binaries/Win64/UE4Editor-SteamVRController.dll (API version 3709383).
LogModuleManager: Display: Found up-to-date module file ../../../Engine/Plugins/Runtime/WindowsMoviePlayer/Binaries/Win64/UE4Editor-WindowsMoviePlayer.dll (API version 3709383).
LogPluginManager: Mounting plugin Paper2D
LogPluginManager: Mounting plugin LightPropagationVolume
LogPluginManager: Mounting plugin CodeLiteSourceCodeAccess
LogPluginManager: Mounting plugin GitSourceControl
LogPluginManager: Mounting plugin KDevelopSourceCodeAccess
LogPluginManager: Mounting plugin NullSourceCodeAccess
LogPluginManager: Mounting plugin PerforceSourceControl
LogPluginManager: Mounting plugin SubversionSourceControl
LogPluginManager: Mounting plugin UObjectPlugin
LogPluginManager: Mounting plugin VisualStudioCodeSourceCodeAccess
LogPluginManager: Mounting plugin VisualStudioSourceCodeAccess
LogPluginManager: Mounting plugin XCodeSourceCodeAccess
LogPluginManager: Mounting plugin AssetManagerEditor
LogPluginManager: Mounting plugin AudioCapture
LogPluginManager: Mounting plugin FacialAnimation
LogPluginManager: Mounting plugin GameplayTagsEditor
LogPluginManager: Mounting plugin MobileLauncherProfileWizard
LogPluginManager: Mounting plugin PluginBrowser
LogPluginManager: Mounting plugin SpeedTreeImporter
LogPluginManager: Mounting plugin AlembicImporter
LogPluginManager: Mounting plugin CharacterAI
LogPluginManager: Mounting plugin HTML5Networking
LogPluginManager: Mounting plugin AndroidMedia
LogPluginManager: Mounting plugin AvfMedia
LogPluginManager: Mounting plugin ImgMedia
LogPluginManager: Mounting plugin MediaCompositing
LogPluginManager: Mounting plugin MediaPlayerEditor
LogPluginManager: Mounting plugin WmfMedia
LogPluginManager: Mounting plugin TcpMessaging
LogPluginManager: Mounting plugin UdpMessaging
LogPluginManager: Mounting plugin ActorSequence
LogPluginManager: Mounting plugin LevelSequenceEditor
LogPluginManager: Mounting plugin MatineeToLevelSequence
LogPluginManager: Mounting plugin OnlineSubsystemGooglePlay
LogPluginManager: Mounting plugin OnlineSubsystemIOS
LogPluginManager: Mounting plugin OnlineSubsystem
LogPluginManager: Mounting plugin OnlineSubsystemNull
LogPluginManager: Mounting plugin OnlineSubsystemSteam
LogPluginManager: Mounting plugin OnlineSubsystemUtils
LogPluginManager: Mounting plugin AndroidDeviceProfileSelector
LogPluginManager: Mounting plugin AndroidMoviePlayer
LogPluginManager: Mounting plugin AndroidPermission
LogPluginManager: Mounting plugin AppleARKit
LogPluginManager: Mounting plugin AppleMoviePlayer
LogPluginManager: Mounting plugin ArchVisCharacter
LogPluginManager: Mounting plugin CableComponent
LogPluginManager: Mounting plugin CustomMeshComponent
LogPluginManager: Mounting plugin ExampleDeviceProfileSelector
LogPluginManager: Mounting plugin GoogleCloudMessaging
LogPluginManager: Mounting plugin ImmediatePhysics
LogPluginManager: Mounting plugin IOSDeviceProfileSelector
LogPluginManager: Mounting plugin LinuxDeviceProfileSelector
LogPluginManager: Mounting plugin LocationServicesBPLibrary
LogPluginManager: Mounting plugin MobilePatchingUtils
LogPluginManager: Mounting plugin OculusVR
LogPluginManager: Plugin shader directory ../../../Engine/Plugins/Runtime/Oculus/OculusVR/Shaders found
LogPluginManager: Mapping shader source directory ../../../Engine/Plugins/Runtime/Oculus/OculusVR/Shaders to virtual directory /Plugin/OculusVR
LogPluginManager: Mounting plugin PhysXVehicles
LogPluginManager: Mounting plugin ProceduralMeshComponent
LogPluginManager: Mounting plugin RuntimePhysXCooking
LogPluginManager: Mounting plugin SteamVR
LogPluginManager: Mounting plugin WindowsMoviePlayer
LogInit: Using libcurl 7.47.1
LogInit:  - built for x86_64-pc-win32
LogInit:  - supports SSL with OpenSSL/1.0.2g
LogInit:  - supports HTTP deflate (compression) using libz 1.2.8
LogInit:  - other features:
LogInit:      CURL_VERSION_SSL
LogInit:      CURL_VERSION_LIBZ
LogInit:      CURL_VERSION_IPV6
LogInit:      CURL_VERSION_ASYNCHDNS
LogInit:      CURL_VERSION_LARGEFILE
LogInit:      CURL_VERSION_IDN
LogInit:  CurlRequestOptions (configurable via config and command line):
LogInit:  - bVerifyPeer = false  - Libcurl will NOT verify peer certificate
LogInit:  - bUseHttpProxy = false  - Libcurl will NOT use HTTP proxy
LogInit:  - bDontReuseConnections = false  - Libcurl will reuse connections
LogInit:  - CertBundlePath = nullptr  - Libcurl will use whatever was configured at build time.
LogOnline: Display: STEAM: Loading Steam SDK 1.39
LogInit: WinSock: version 1.1 (2.2), MaxSocks=32767, MaxUdp=65467
LogInit: Build: ++UE4+Release-4.18-CL-3832480
LogInit: Engine Version: 4.18.3-3832480+++UE4+Release-4.18
LogInit: Compatible Engine Version: 4.18.0-3709383+++UE4+Release-4.18
LogInit: Net CL: 3709383
LogDevObjectVersion: Number of dev versions registered: 16
LogDevObjectVersion:   Dev-Blueprints (B0D832E4-1F89-4F0D-ACCF-7EB736FD4AA2): 10
LogDevObjectVersion:   Dev-Build (E1C64328-A22C-4D53-A36C-8E866417BD8C): 0
LogDevObjectVersion:   Dev-Core (375EC13C-06E4-48FB-B500-84F0262A717E): 2
LogDevObjectVersion:   Dev-Editor (E4B068ED-F494-42E9-A231-DA0B2E46BB41): 20
LogDevObjectVersion:   Dev-Framework (CFFC743F-43B0-4480-9391-14DF171D2073): 30
LogDevObjectVersion:   Dev-Mobile (B02B49B5-BB20-44E9-A304-32B752E40360): 0
LogDevObjectVersion:   Dev-Networking (A4E4105C-59A1-49B5-A7C5-40C4547EDFEE): 0
LogDevObjectVersion:   Dev-Online (39C831C9-5AE6-47DC-9A44-9C173E1C8E7C): 0
LogDevObjectVersion:   Dev-Physics (78F01B33-EBEA-4F98-B9B4-84EACCB95AA2): 0
LogDevObjectVersion:   Dev-Platform (6631380F-2D4D-43E0-8009-CF276956A95A): 0
LogDevObjectVersion:   Dev-Rendering (12F88B9F-8875-4AFC-A67C-D90C383ABD29): 20
LogDevObjectVersion:   Dev-Sequencer (7B5AE74C-D270-4C10-A958-57980B212A5A): 4
LogDevObjectVersion:   Dev-VR (D7296918-1DD6-4BDD-9DE2-64A83CC13884): 0
LogDevObjectVersion:   Dev-LoadTimes (C2A15278-BFE7-4AFE-6C17-90FF531DF755): 1
LogDevObjectVersion:   Private-Geometry (6EACA3D4-40EC-4CC1-B786-8BED09428FC5): 1
LogDevObjectVersion:   Dev-AnimPhys (29E575DD-E0A3-4627-9D10-D276232CDCEA): 12
LogInit: Compiled (64-bit): Jan 12 2018 02:04:55
LogInit: Compiled with Visual C++: 19.00.24215.01
LogInit: Build Configuration: Development
LogInit: Branch Name: ++UE4+Release-4.18
LogInit: Command line:  /Game/Maps/mainMenu -game -PIEVIACONSOLE -ResX=1280 -ResY=720  -Multiprocess -messaging -SessionName="Play in Standalone Game" -windowed 
LogInit: Base directory: C:/Program Files/Epic Games/UE_4.18/Engine/Binaries/Win64/
LogInit: Installed Engine Build: 1
LogInit: Presizing for max 8388607 objects, including 0 objects not considered by GC, pre-allocating 0 bytes for permanent pool.
LogInit: Object subsystem initialized
[2018.02.10-18.52.40:781][  0]LogInit: Selected Device Profile: [Windows]
[2018.02.10-18.52.40:781][  0]LogInit: Applying CVar settings loaded from the selected device profile: [Windows]
[2018.02.10-18.52.40:796][  0]LogInit: Computer: DESKTOP-3HTVB4G
[2018.02.10-18.52.40:796][  0]LogInit: User: Polymake
[2018.02.10-18.52.40:796][  0]LogInit: CPU Page size=4096, Cores=4
[2018.02.10-18.52.40:796][  0]LogInit: High frequency timer resolution =2.272934 MHz
[2018.02.10-18.52.40:797][  0]LogMemory: Memory total: Physical=8.0GB (8GB approx)
[2018.02.10-18.52.40:797][  0]LogMemory: Platform Memory Stats for Windows
[2018.02.10-18.52.40:797][  0]LogMemory: Process Physical Memory: 307.32 MB used, 307.32 MB peak
[2018.02.10-18.52.40:797][  0]LogMemory: Process Virtual Memory: 289.07 MB used, 289.07 MB peak
[2018.02.10-18.52.40:797][  0]LogMemory: Physical Memory: 4811.40 MB used,  3379.77 MB free, 8191.18 MB total
[2018.02.10-18.52.40:797][  0]LogMemory: Virtual Memory: 764.91 MB used,  3379.77 MB free, 134217728.00 MB total
[2018.02.10-18.52.41:701][  0]LogInit: Using OS detected language (en-US).
[2018.02.10-18.52.41:701][  0]LogInit: Using OS detected locale (en-US).
[2018.02.10-18.52.41:713][  0]LogTextLocalizationManager: No specific localization for 'en-US' exists, so the 'en' localization will be used.
[2018.02.10-18.52.43:295][  0]LogD3D11RHI: D3D11 adapters:
[2018.02.10-18.52.43:402][  0]LogD3D11RHI:    0. 'NVIDIA GeForce GTX 1050 Ti' (Feature Level 11_0)
[2018.02.10-18.52.43:402][  0]LogD3D11RHI:       4029/0/4095 MB DedicatedVideo/DedicatedSystem/SharedSystem, Outputs:1, VendorId:0x10de
[2018.02.10-18.52.43:409][  0]LogD3D11RHI:    1. 'Microsoft Basic Render Driver' (Feature Level 11_0)
[2018.02.10-18.52.43:409][  0]LogD3D11RHI:       0/0/4095 MB DedicatedVideo/DedicatedSystem/SharedSystem, Outputs:0, VendorId:0x1414
[2018.02.10-18.52.43:409][  0]LogD3D11RHI: Chosen D3D11 Adapter: 0
[2018.02.10-18.52.43:466][  0]LogD3D11RHI: Creating new Direct3DDevice
[2018.02.10-18.52.43:467][  0]LogD3D11RHI:     GPU DeviceId: 0x1c82 (for the marketing name, search the web for "GPU Device Id")
[2018.02.10-18.52.43:467][  0]LogWindows: EnumDisplayDevices:
[2018.02.10-18.52.43:468][  0]LogWindows:    0. 'NVIDIA GeForce GTX 1050 Ti' (P:0 D:0)
[2018.02.10-18.52.43:468][  0]LogWindows:    1. 'NVIDIA GeForce GTX 1050 Ti' (P:1 D:1)
[2018.02.10-18.52.43:468][  0]LogWindows:    2. 'NVIDIA GeForce GTX 1050 Ti' (P:0 D:0)
[2018.02.10-18.52.43:468][  0]LogWindows:    3. 'NVIDIA GeForce GTX 1050 Ti' (P:0 D:0)
[2018.02.10-18.52.43:469][  0]LogWindows: DebugString: FoundDriverCount:4 
[2018.02.10-18.52.43:469][  0]LogD3D11RHI:     Adapter Name: NVIDIA GeForce GTX 1050 Ti
[2018.02.10-18.52.43:469][  0]LogD3D11RHI:   Driver Version: 388.31 (internal:23.21.13.8831, unified:388.31)
[2018.02.10-18.52.43:469][  0]LogD3D11RHI:      Driver Date: 11-14-2017
[2018.02.10-18.52.43:469][  0]LogRHI: Texture pool is 2820 MB (70% of 4029 MB)
[2018.02.10-18.52.43:537][  0]LogD3D11RHI: Async texture creation enabled
[2018.02.10-18.52.43:566][  0]LogD3D11RHI: GPU Timing Frequency: 1000.000000 (Debug: 2 1)
[2018.02.10-18.52.43:611][  0]LogShaderCompilers: Guid format shader working directory is 14 characters bigger than the processId version (../../../../../../UE4/steam/steam/Intermediate/Shaders/WorkingDirectory/101148/).
[2018.02.10-18.52.43:611][  0]LogShaderCompilers: Cleaned the shader compiler working directory 'C:/Users/Polymake/AppData/Local/Temp/UnrealShaderWorkingDir/92294F984DD5514B53FF6B90DB65F99A/'.
[2018.02.10-18.52.43:611][  0]LogShaderCompilers: Display: Using Local Shader Compiler.
[2018.02.10-18.52.46:565][  0]LogTemp: Display: Loaded TP WindowsClientTargetPlatform
[2018.02.10-18.52.46:740][  0]LogTemp: Display: Loaded TP WindowsNoEditorTargetPlatform
[2018.02.10-18.52.46:909][  0]LogTemp: Display: Loaded TP WindowsServerTargetPlatform
[2018.02.10-18.52.47:081][  0]LogTemp: Display: Loaded TP WindowsTargetPlatform
[2018.02.10-18.52.47:082][  0]LogTargetPlatformManager: Display: Building Assets For Windows
[2018.02.10-18.52.48:703][  0]LogDerivedDataCache: Display: Max Cache Size: 512 MB
[2018.02.10-18.52.48:996][  0]LogDerivedDataCache: Loaded boot cache 0.29s 78MB C:/Users/Polymake/AppData/Local/UnrealEngine/4.18/DerivedDataCache/Boot.ddc.
[2018.02.10-18.52.48:996][  0]LogDerivedDataCache: Display: Loaded Boot cache: C:/Users/Polymake/AppData/Local/UnrealEngine/4.18/DerivedDataCache/Boot.ddc
[2018.02.10-18.52.48:997][  0]LogDerivedDataCache: FDerivedDataBackendGraph:  Pak pak cache file ../../../../../../UE4/steam/steam/DerivedDataCache/DDC.ddp not found, will not use a pak cache.
[2018.02.10-18.52.48:997][  0]LogDerivedDataCache: Unable to find inner node Pak for hierarchical cache Hierarchy.
[2018.02.10-18.52.48:997][  0]LogDerivedDataCache: FDerivedDataBackendGraph:  CompressedPak pak cache file ../../../../../../UE4/steam/steam/DerivedDataCache/Compressed.ddp not found, will not use a pak cache.
[2018.02.10-18.52.48:997][  0]LogDerivedDataCache: Unable to find inner node CompressedPak for hierarchical cache Hierarchy.
[2018.02.10-18.52.49:027][  0]LogDerivedDataCache: Display: Pak cache opened for reading ../../../Engine/DerivedDataCache/Compressed.ddp.
[2018.02.10-18.52.49:040][  0]LogDerivedDataCache: Using Local data cache path C:/Users/Polymake/AppData/Local/UnrealEngine/Common/DerivedDataCache: Writable
[2018.02.10-18.52.49:068][  0]LogMaterial: Verifying Global Shaders for PCD3D_SM5
[2018.02.10-18.52.49:069][  0]LogSlate: Using Freetype 2.6.0
[2018.02.10-18.52.49:071][  0]LogSlate: SlateFontCache - WITH_FREETYPE: 1, WITH_HARFBUZZ: 1
[2018.02.10-18.52.49:071][  0]LogSlate: SlateFontCache - WITH_FREETYPE: 1, WITH_HARFBUZZ: 1
[2018.02.10-18.52.50:132][  0]LogAssetRegistry: FAssetRegistry took 0.0116 seconds to start up
[2018.02.10-18.52.50:180][  0]LogPackageLocalizationCache: Processed 7 localized package path(s) for 2 prioritized culture(s) in 0.047882 seconds
[2018.02.10-18.52.50:432][  0]LogInit: Selected Device Profile: [Windows]
[2018.02.10-18.52.51:432][  0]LogSimplygon: Simplygon DLL not present - disabling.
[2018.02.10-18.52.51:568][  0]LogMeshReduction: Using SimplygonSwarm for distributed automatic mesh merging
[2018.02.10-18.52.51:568][  0]LogMeshReduction: Using QuadricMeshReduction for automatic static mesh reduction
[2018.02.10-18.52.51:568][  0]LogMeshReduction: No automatic skeletal mesh reduction module available
[2018.02.10-18.52.51:568][  0]LogMeshReduction: No automatic mesh merging module available
[2018.02.10-18.52.51:568][  0]LogMeshMerging: No automatic mesh merging module available
[2018.02.10-18.52.51:626][  0]LogNetVersion: MyProject12 , NetCL: 3709383, EngineNetVer: 2, GameNetVer: 0 (Checksum: 3203290924)
[2018.02.10-18.52.52:150][  0]LogInit: Warning: Passing commandline switches using / instead of - has been deprecated and will be removed in future versions of Unreal Engine.
[2018.02.10-18.52.52:150][  0]LogInit: Warning: Passing commandline switches using / instead of - has been deprecated and will be removed in future versions of Unreal Engine.
[2018.02.10-18.52.52:150][  0]LogInit: Warning: Passing commandline switches using / instead of - has been deprecated and will be removed in future versions of Unreal Engine.
[2018.02.10-18.52.57:176][  0]LogMoviePlayer: Initializing movie player
[2018.02.10-18.52.58:143][  0]LogCollectionManager: Loaded 0 collections in 0.003261 seconds
[2018.02.10-18.52.58:242][  0]LogFileCache: Scanning file cache for directory 'C:/UE4/steam/steam/Saved/Collections/' took 0.01s
[2018.02.10-18.52.58:242][  0]LogFileCache: Scanning file cache for directory 'C:/UE4/steam/steam/Content/Developers/Polymake/Collections/' took 0.01s
[2018.02.10-18.52.58:242][  0]LogFileCache: Scanning file cache for directory 'C:/UE4/steam/steam/Content/Collections/' took 0.01s
[2018.02.10-18.52.58:242][  0]LogCollectionManager: Rebuilt the object cache for 0 collections in 0.000001 seconds (found 0 objects)
[2018.02.10-18.52.58:243][  0]LogCollectionManager: Fixed up redirectors for 0 collections in 0.000191 seconds (updated 0 objects)
[2018.02.10-18.52.58:849][  0]LogTcpMessaging: Initializing TcpMessaging bridge
[2018.02.10-18.52.58:951][  0]LogUdpMessaging: Initializing bridge on interface 0.0.0.0:0 to multicast group 230.0.0.1:6666.
[2018.02.10-18.53.00:389][  0]LogInit: Warning: Passing commandline switches using / instead of - has been deprecated and will be removed in future versions of Unreal Engine.
[2018.02.10-18.53.00:395][  0]SourceControl: Source control is disabled
[2018.02.10-18.53.00:395][  0]SourceControl: Source control is disabled
[2018.02.10-18.53.00:564][  0]SourceControl: Source control is disabled
[2018.02.10-18.53.01:817][  0]LogAndroidPermission: UAndroidPermissionCallbackProxy::GetInstance
[2018.02.10-18.53.02:652][  0]LogOcInput: OculusInput pre-init called
[2018.02.10-18.53.02:995][  0]LogUObjectArray: 38930 objects as part of root set at end of initial load.
[2018.02.10-18.53.02:995][  0]LogUObjectAllocator: 8563128 out of 0 bytes used by permanent object pool.
[2018.02.10-18.53.02:995][  0]LogUObjectArray: CloseDisregardForGC: 0/0 objects in disregard for GC pool
[2018.02.10-18.53.03:283][  0]LogEngine: Initializing Engine...
[2018.02.10-18.53.03:290][  0]LogHMD: Failed to initialize OpenVR with code 110
[2018.02.10-18.53.03:790][  0]LogStats: UGameplayTagsManager::ConstructGameplayTagTree: Construct from data asset -  0.000 s
[2018.02.10-18.53.03:790][  0]LogStats: UGameplayTagsManager::ConstructGameplayTagTree: GameplayTagTreeChangedEvent.Broadcast -  0.000 s
[2018.02.10-18.53.03:823][  0]LogInit: XAudio2 using 'Headset Earphone (Corsair VOID Surround USB Sound Adaptor)' : 2 channels at 48 kHz using 16 bits per sample (channel mask 0x3)
[2018.02.10-18.53.03:850][  0]LogInit: FAudioDevice initialized.
[2018.02.10-18.53.03:919][  0]LogInit: Texture streaming: Enabled
[2018.02.10-18.53.03:984][  0]LogMaterial: Uniform references updated for custom material expression Custom.
[2018.02.10-18.53.05:406][  0]LogProperty: Error: UStructProperty::Serialize Loading: Property 'StructProperty /Game/UI/MainMenu/optionsMenu.optionsMenu_C:playerInfo'. Unknown structure.
[2018.02.10-18.53.05:408][  0]LogProperty: Error: UStructProperty::Serialize Loading: Property 'StructProperty /Game/Blueprints/allLevels/playerSaveGame.playerSaveGame_C:S_PlayerINfo'. Unknown structure.
[2018.02.10-18.53.05:410][  0]LogClass: Warning: Property S_PlayerINfo of S_PlayerINfo has a struct type mismatch (tag STRUCT_REINST_PlayerInfo_0 != prop FallbackStruct) in package:  ../../../../../../UE4/steam/steam/Content/Blueprints/allLevels/playerSaveGame.uasset. If that struct got renamed, add an entry to ActiveStructRedirects.
[2018.02.10-18.53.05:510][  0]LogClass: Warning: Property playerInfo of playerInfo has a struct type mismatch (tag STRUCT_REINST_PlayerInfo_0 != prop FallbackStruct) in package:  ../../../../../../UE4/steam/steam/Content/UI/MainMenu/optionsMenu.uasset. If that struct got renamed, add an entry to ActiveStructRedirects.
[2018.02.10-18.53.05:687][  0]LogClass: Warning: Property S_PlayerINfo of S_PlayerINfo has a struct type mismatch (tag FallbackStruct != prop PlayerInfo) in package:  FObjectReader. If that struct got renamed, add an entry to ActiveStructRedirects.
[2018.02.10-18.53.05:688][  0]LogClass: Warning: Property playerInfo of playerInfo has a struct type mismatch (tag FallbackStruct != prop PlayerInfo) in package:  FObjectReader. If that struct got renamed, add an entry to ActiveStructRedirects.
[2018.02.10-18.53.05:795][  0]LogInit: Warning: Passing commandline switches using / instead of - has been deprecated and will be removed in future versions of Unreal Engine.
[2018.02.10-18.53.05:945][  0]LogInit: Display: Game Engine Initialized.
[2018.02.10-18.53.05:945][  0]LogGameplayTags: Display: UGameplayTagsManager::DoneAddingNativeTags. DelegateIsBound: 0
[2018.02.10-18.53.06:485][  0]LogInit: Display: Starting Game.
[2018.02.10-18.53.06:487][  0]LogNet: Browse: /Game/Maps/mainMenu?Name=Player
[2018.02.10-18.53.06:488][  0]LogLoad: LoadMap: /Game/Maps/mainMenu?Name=Player
[2018.02.10-18.53.06:963][  0]LogAIModule: Creating AISystem for world mainMenu
[2018.02.10-18.53.07:845][  0]LogLoad: Game class is 'TopDownGameMode_C'
[2018.02.10-18.53.07:852][  0]LogWorld: Bringing World /Game/Maps/mainMenu.mainMenu up for play (max tick rate 0) at 2018.02.10-10.53.07
[2018.02.10-18.53.07:855][  0]LogWorld: Bringing up level for play took: 0.005884
[2018.02.10-18.53.07:865][  0]LogGameMode: FindPlayerStart: PATHS NOT DEFINED or NO PLAYERSTART with positive rating
[2018.02.10-18.53.07:942][  0]LogLoad: Took 1.454133 seconds to LoadMap(/Game/Maps/mainMenu)
[2018.02.10-18.53.08:489][  0]LogRenderer: Reallocating scene render targets to support 1280x720 Format 10 NumSamples 1 (Frame:1).
[2018.02.10-18.53.08:489][  0]LogLoad: (Engine Initialization) Total time: 39.31 seconds
[2018.02.10-18.53.08:489][  0]LogLoad: (Engine Initialization) Total Blueprint compile time: 0.00 seconds
[2018.02.10-18.53.08:489][  0]LogExternalProfiler: No external profilers were discovered.  External profiling features will not be available.
[2018.02.10-18.53.08:509][  0]LogWindowsTextInputMethodSystem: Display: IME system now deactivated.
[2018.02.10-18.53.08:520][  0]LogContentStreaming: Texture pool size now 1000 MB
[2018.02.10-18.53.17:610][516]LogSlate: Took 0.000501 seconds to synchronously load lazily loaded font '../../../Engine/Content/Slate/Fonts/Roboto-Regular.ttf' (155K)
[2018.02.10-18.53.41:053][969]LogNetVersion: MyProject12 1.0.0.0, NetCL: 3709383, EngineNetVer: 2, GameNetVer: 0 (Checksum: 878358411)
[2018.02.10-18.53.41:285][984]LogOnline: Verbose: dumping NamedSession: 
[2018.02.10-18.53.41:285][984]LogOnline: Verbose: 	SessionName: GameSession
[2018.02.10-18.53.41:285][984]LogOnline: Verbose: 	HostingPlayerNum: 0
[2018.02.10-18.53.41:285][984]LogOnline: Verbose: 	SessionState: Pending
[2018.02.10-18.53.41:285][984]LogOnline: Verbose: 	RegisteredPlayers: 
[2018.02.10-18.53.41:285][984]LogOnline: Verbose: 	    0 registered players
[2018.02.10-18.53.41:285][984]LogOnline: Verbose: dumping Session: 
[2018.02.10-18.53.41:285][984]LogOnline: Verbose: 	OwningPlayerName: harriswga
[2018.02.10-18.53.41:285][984]LogOnline: Verbose: 	OwningPlayerId: harriswga [0x110000119AC6958]
[2018.02.10-18.53.41:285][984]LogOnline: Verbose: 	NumOpenPrivateConnections: 0
[2018.02.10-18.53.41:285][984]LogOnline: Verbose: 	NumOpenPublicConnections: 1
[2018.02.10-18.53.41:285][984]LogOnline: Verbose: 	SessionInfo: HostIP: INVALID SteamP2P: 76561198390995288:7777 Type: Lobby session SessionId: Lobby [0x1860000DFCB5071]
[2018.02.10-18.53.41:285][984]LogOnline: Verbose: dumping SessionSettings: 
[2018.02.10-18.53.41:286][984]LogOnline: Verbose: 	NumPublicConnections: 2
[2018.02.10-18.53.41:286][984]LogOnline: Verbose: 	NumPrivateConnections: 0
[2018.02.10-18.53.41:286][984]LogOnline: Verbose: 	bIsLanMatch: false
[2018.02.10-18.53.41:286][984]LogOnline: Verbose: 	bIsDedicated: false
[2018.02.10-18.53.41:286][984]LogOnline: Verbose: 	bUsesStats: false
[2018.02.10-18.53.41:286][984]LogOnline: Verbose: 	bShouldAdvertise: true
[2018.02.10-18.53.41:286][984]LogOnline: Verbose: 	bAllowJoinInProgress: true
[2018.02.10-18.53.41:286][984]LogOnline: Verbose: 	bAllowInvites: false
[2018.02.10-18.53.41:286][984]LogOnline: Verbose: 	bUsesPresence: true
[2018.02.10-18.53.41:286][984]LogOnline: Verbose: 	bAllowJoinViaPresence: true
[2018.02.10-18.53.41:286][984]LogOnline: Verbose: 	bAllowJoinViaPresenceFriendsOnly: false
[2018.02.10-18.53.41:286][984]LogOnline: Verbose: 	BuildUniqueId: 0x6cd3e102
[2018.02.10-18.53.41:286][984]LogOnline: Verbose: 	Settings:
[2018.02.10-18.53.41:458][984]LogPackageName: SearchForPackageOnDisk took   0.168s to resolve lobby.umap.
[2018.02.10-18.53.41:623][984]LogPackageName: SearchForPackageOnDisk took   0.162s to resolve lobby.umap.
[2018.02.10-18.53.41:623][984]LogNet: Browse: /Game/Maps/lobby?listen
[2018.02.10-18.53.41:623][984]LogLoad: LoadMap: /Game/Maps/lobby?listen
[2018.02.10-18.53.42:178][984]LogProperty: Error: UStructProperty::Serialize Loading: Property 'StructProperty /Game/UI/Lobby/gameSettings.gameSettings_C:ExecuteUbergraph_gameSettings.CallFunc_Array_Get_Item'. Unknown structure.
[2018.02.10-18.53.42:189][984]LogProperty: Error: UStructProperty::Serialize Loading: Property 'StructProperty /Game/UI/Lobby/playerButton.playerButton_C:playerInfo'. Unknown structure.
[2018.02.10-18.53.42:190][984]LogClass: Warning: Property playerInfo of playerInfo has a struct type mismatch (tag STRUCT_REINST_PlayerInfo_0 != prop FallbackStruct) in package:  ../../../../../../UE4/steam/steam/Content/UI/Lobby/playerButton.uasset. If that struct got renamed, add an entry to ActiveStructRedirects.
[2018.02.10-18.53.42:751][984]LogClass: Warning: Property playerInfo of playerInfo has a struct type mismatch (tag FallbackStruct != prop PlayerInfo) in package:  FObjectReader. If that struct got renamed, add an entry to ActiveStructRedirects.
[2018.02.10-18.53.43:339][984]LogAIModule: Creating AISystem for world lobby
[2018.02.10-18.53.43:340][984]LogLoad: Game class is 'lobbyGM_C'
[2018.02.10-18.53.43:342][984]LogTemp: Display: ParseSettings for GameNetDriver
[2018.02.10-18.53.43:343][984]LogTemp: Display: ParseSettings for SteamNetDriver_0
[2018.02.10-18.53.43:343][984]LogTemp: Display: ParseSettings for GameNetDriver
[2018.02.10-18.53.43:346][984]LogNet: Display: SteamNetDriver_0 bound to port 7777
[2018.02.10-18.53.43:347][984]PacketHandlerLog: Loaded PacketHandler component: Engine.EngineHandlerComponentFactory (StatelessConnectHandlerComponent)
[2018.02.10-18.53.43:351][984]LogNet: GameNetDriver SteamNetDriver_0 IpNetDriver listening on port 7777
[2018.02.10-18.53.43:365][984]LogWorld: Bringing World /Game/Maps/lobby.lobby up for play (max tick rate 0) at 2018.02.10-10.53.43
[2018.02.10-18.53.43:366][984]LogWorld: Bringing up level for play took: 0.014403
[2018.02.10-18.53.43:380][984]LogScript: Warning: UGameplayStatics::BeginSpawningActorFromClass: can not spawn an actor from a NULL class
[2018.02.10-18.53.43:401][984]LogGameMode: Display: Match State Changed from EnteringMap to WaitingToStart
[2018.02.10-18.53.43:401][984]LogGameState: Match State Changed from EnteringMap to WaitingToStart
[2018.02.10-18.53.43:401][984]LogGameMode: Display: Match State Changed from WaitingToStart to InProgress
[2018.02.10-18.53.43:402][984]LogGameState: Match State Changed from WaitingToStart to InProgress
[2018.02.10-18.53.43:410][984]LogLoad: Took 1.787854 seconds to LoadMap(/Game/Maps/lobby)
[2018.02.10-18.55.25:995][319]LogNet: NotifyAcceptingConnection accepted from: 76561198011701234:7777
[2018.02.10-18.55.25:995][319]LogHandshake: SendConnectChallenge. Timestamp: 104.715240, Cookie: 086160221123119056035227151002081136219078016034162209043158
[2018.02.10-18.55.25:997][319]LogNet: NotifyAcceptingConnection accepted from: 76561198011701234:7777
[2018.02.10-18.55.25:997][319]LogHandshake: SendConnectChallenge. Timestamp: 104.715240, Cookie: 086160221123119056035227151002081136219078016034162209043158
[2018.02.10-18.55.25:998][319]LogNet: NotifyAcceptingConnection accepted from: 76561198011701234:7777
[2018.02.10-18.55.25:998][319]LogHandshake: SendConnectChallenge. Timestamp: 104.715240, Cookie: 086160221123119056035227151002081136219078016034162209043158
[2018.02.10-18.55.25:998][319]LogNet: NotifyAcceptingConnection accepted from: 76561198011701234:7777
[2018.02.10-18.55.25:998][319]LogHandshake: SendConnectChallenge. Timestamp: 104.715240, Cookie: 086160221123119056035227151002081136219078016034162209043158
[2018.02.10-18.55.26:071][324]LogNet: NotifyAcceptingConnection accepted from: 76561198011701234:7777
[2018.02.10-18.55.26:071][324]LogHandshake: SendChallengeAck. InCookie: 086160221123119056035227151002081136219078016034162209043158
[2018.02.10-18.55.26:072][324]LogNet: Server accepting post-challenge connection from: 76561198011701234:7777
[2018.02.10-18.55.26:072][324]PacketHandlerLog: Loaded PacketHandler component: Engine.EngineHandlerComponentFactory (StatelessConnectHandlerComponent)
[2018.02.10-18.55.26:074][324]LogNet: NotifyAcceptedConnection: Name: lobby, TimeStamp: 02/10/18 10:55:26, [UNetConnection] RemoteAddr: 76561198011701234:7777, Name: SteamNetConnection_0, Driver: GameNetDriver SteamNetDriver_0, IsServer: YES, PC: NULL, Owner: NULL
[2018.02.10-18.55.26:074][324]LogNet: AddClientConnection: Added client connection: [UNetConnection] RemoteAddr: 76561198011701234:7777, Name: SteamNetConnection_0, Driver: GameNetDriver SteamNetDriver_0, IsServer: YES, PC: NULL, Owner: NULL
[2018.02.10-18.55.26:074][324]LogHandshake: Received unexpected post-connect handshake packet - resending ack.
[2018.02.10-18.55.26:074][324]LogHandshake: SendChallengeAck. InCookie: 086160221123119056035227151002081136219078016034162209043158
[2018.02.10-18.55.26:074][324]LogHandshake: Received unexpected post-connect handshake packet - resending ack.
[2018.02.10-18.55.26:075][324]LogHandshake: SendChallengeAck. InCookie: 086160221123119056035227151002081136219078016034162209043158
[2018.02.10-18.55.26:075][324]LogHandshake: Received unexpected post-connect handshake packet - resending ack.
[2018.02.10-18.55.26:075][324]LogHandshake: SendChallengeAck. InCookie: 086160221123119056035227151002081136219078016034162209043158
[2018.02.10-18.55.26:121][327]LogNet: NotifyAcceptingChannel Control 0 server World /Game/Maps/lobby.lobby: Accepted
[2018.02.10-18.55.26:122][327]LogNet: Remote platform little endian=1
[2018.02.10-18.55.26:122][327]LogNet: This platform little endian=1
[2018.02.10-18.55.26:168][330]LogNet: Login request: /Game/Maps/mainMenu?Name=Ian userId: 76561198011701234
[2018.02.10-18.55.26:201][332]LogNet: Client netspeed is 10000
[2018.02.10-18.55.33:150][762]LogNet: Join request: /Game/Maps/mainMenu?Name=Ian?SplitscreenCount=1
[2018.02.10-18.55.33:169][762]LogNet: Join succeeded: Ian
[2018.02.10-18.55.33:812][802]LogScript: Warning: UGameplayStatics::BeginSpawningActorFromClass: can not spawn an actor from a NULL class
[2018.02.10-18.56.30:976][330]LogGameMode: Display: Match State Changed from InProgress to LeavingMap
[2018.02.10-18.56.30:976][330]LogGameState: Match State Changed from InProgress to LeavingMap
[2018.02.10-18.56.30:999][330]LogGameMode: ProcessServerTravel: /Game/Maps/Arena02
[2018.02.10-18.56.31:000][330]LogWorld: SeamlessTravel to: /Game/Maps/Arena02
[2018.02.10-18.56.31:068][331]LogAIModule: Creating AISystem for world travelMap
[2018.02.10-18.56.31:070][331]LogStats:     SeamlessTravel FlushLevelStreaming  -  0.001 s
[2018.02.10-18.56.31:071][331]LogWorld: Bringing World /Game/Maps/travelMap.travelMap up for play (max tick rate 0) at 2018.02.10-10.56.31
[2018.02.10-18.56.31:071][331]LogWorld: Bringing up level for play took: 0.000800
[2018.02.10-18.56.31:071][331]LogWorld: Sending NotifyLoadedWorld for LP: LocalPlayer_0 PC: lobbyPlayerController_C_0
[2018.02.10-18.56.31:071][331]LogNet: Verbose: NotifyLoadedWorld Begin
[2018.02.10-18.56.31:071][331]LogNet: VeryVerbose: GetFunctionCallspace Server calling Server function: ServerNotifyLoadedWorld Local
[2018.02.10-18.56.31:071][331]LogNet: Verbose: NotifyLoadedWorld End
[2018.02.10-18.56.31:071][331]LogWorld: StartLoadingDestination to: /Game/Maps/Arena02
[2018.02.10-18.56.31:590][340]LogAIModule: Creating AISystem for world arena02
[2018.02.10-18.56.31:590][340]LogLoad: Game class is 'gameplayGMbase_C'
[2018.02.10-18.56.31:591][340]LogStats:     SeamlessTravel FlushLevelStreaming  -  0.001 s
[2018.02.10-18.56.31:598][340]LogWorld: Bringing World /Game/Maps/Arena02.arena02 up for play (max tick rate 0) at 2018.02.10-10.56.31
[2018.02.10-18.56.31:598][340]LogWorld: Bringing up level for play took: 0.007013
[2018.02.10-18.56.31:598][340]LogWorld: Sending NotifyLoadedWorld for LP: LocalPlayer_0 PC: lobbyPlayerController_C_0
[2018.02.10-18.56.31:598][340]LogNet: Verbose: NotifyLoadedWorld Begin
[2018.02.10-18.56.31:598][340]LogNet: VeryVerbose: GetFunctionCallspace Server calling Server function: ServerNotifyLoadedWorld Local
[2018.02.10-18.56.31:599][340]LogNet: Verbose: NotifyLoadedWorld End
[2018.02.10-18.56.31:599][340]LogWorld: ----SeamlessTravel finished in 0.60 seconds ------
[2018.02.10-18.56.31:619][342]LogRenderer: Reallocating scene render targets to support 128x128 Format 10 NumSamples 1 (Frame:0).
[2018.02.10-18.56.31:715][342]LogRenderer: Reallocating scene render targets to support 1280x720 Format 10 NumSamples 1 (Frame:1).
[2018.02.10-18.56.31:853][348]LogScriptCore: Warning: Script Msg: DestroySession - Invalid player state
[2018.02.10-18.57.18:394][213]LogWindowsTextInputMethodSystem: Display: IME system now deactivated.
[2018.02.10-18.57.18:397][213]LogWindowsTextInputMethodSystem: Display: IME system now deactivated.
[2018.02.10-18.57.18:403][213]LogEngine: All Windows Closed
[2018.02.10-18.57.18:403][213]LogWindows: FPlatformMisc::RequestExit(0)
[2018.02.10-18.57.18:422][214]LogNet: World NetDriver shutdown SteamNetDriver_0 [GameNetDriver]
[2018.02.10-18.57.18:422][214]LogNet: DestroyNamedNetDriver SteamNetDriver_0 [GameNetDriver]
[2018.02.10-18.57.18:423][214]LogNet: UNetConnection::Cleanup: Closing open connection. [UNetConnection] RemoteAddr: 76561198011701234:7777, Name: SteamNetConnection_0, Driver: GameNetDriver SteamNetDriver_0, IsServer: YES, PC: PlayerController_1, Owner: PlayerController_1
[2018.02.10-18.57.18:423][214]LogNet: UNetConnection::Close: [UNetConnection] RemoteAddr: 76561198011701234:7777, Name: SteamNetConnection_0, Driver: GameNetDriver SteamNetDriver_0, IsServer: YES, PC: PlayerController_1, Owner: PlayerController_1, Channels: 11, Time: 2018.02.10-18.57.18
[2018.02.10-18.57.18:424][214]LogNet: UChannel::Close: Sending CloseBunch. ChIndex == 0. Name: [UChannel] ChIndex: 0, Closing: 0 [UNetConnection] RemoteAddr: 76561198011701234:7777, Name: SteamNetConnection_0, Driver: GameNetDriver SteamNetDriver_0, IsServer: YES, PC: PlayerController_1, Owner: PlayerController_1
[2018.02.10-18.57.18:427][214]LogExit: GameNetDriver SteamNetDriver_0 shut down
[2018.02.10-18.57.19:378][214]LogExit: Preparing to exit.
[2018.02.10-18.57.19:379][214]LogMoviePlayer: Shutting down movie player
[2018.02.10-18.57.20:161][214]LogExit: Game engine shut down
[2018.02.10-18.57.20:363][214]LogExit: Object subsystem successfully closed.
[2018.02.10-18.57.20:402][214]LogD3D11RHI: Shutdown
[2018.02.10-18.57.20:403][214]LogD3D11RHI: CleanupD3DDevice
[2018.02.10-18.57.20:408][214]LogD3D11RHI: ~FD3D11DynamicRHI
[2018.02.10-18.57.20:449][214]LogModuleManager: Shutting down and abandoning module SequenceRecorderSections (314)
[2018.02.10-18.57.20:449][214]LogModuleManager: Shutting down and abandoning module SequenceRecorder (312)
[2018.02.10-18.57.20:449][214]LogModuleManager: Shutting down and abandoning module AutomationController (310)
[2018.02.10-18.57.20:450][214]LogModuleManager: Shutting down and abandoning module AutomationWorker (308)
[2018.02.10-18.57.20:451][214]LogModuleManager: Shutting down and abandoning module AIModule (306)
[2018.02.10-18.57.20:451][214]LogModuleManager: Shutting down and abandoning module GameplayDebugger (305)
[2018.02.10-18.57.20:452][214]LogModuleManager: Shutting down and abandoning module AITestSuite (303)
[2018.02.10-18.57.20:453][214]LogModuleManager: Shutting down and abandoning module WmfMediaFactory (300)
[2018.02.10-18.57.20:453][214]LogModuleManager: Shutting down and abandoning module OpenExrWrapper (298)
[2018.02.10-18.57.20:453][214]LogModuleManager: Shutting down and abandoning module ImgMediaFactory (296)
[2018.02.10-18.57.20:453][214]LogModuleManager: Shutting down and abandoning module AvfMediaFactory (294)
[2018.02.10-18.57.20:453][214]LogModuleManager: Shutting down and abandoning module CharacterAI (292)
[2018.02.10-18.57.20:453][214]LogModuleManager: Shutting down and abandoning module SessionServices (290)
[2018.02.10-18.57.20:453][214]LogModuleManager: Shutting down and abandoning module MovieSceneCapture (288)
[2018.02.10-18.57.20:453][214]LogModuleManager: Shutting down and abandoning module MovieSceneTracks (286)
[2018.02.10-18.57.20:453][214]LogModuleManager: Shutting down and abandoning module MovieScene (284)
[2018.02.10-18.57.20:453][214]LogModuleManager: Shutting down and abandoning module GeometryCache (282)
[2018.02.10-18.57.20:453][214]LogModuleManager: Shutting down and abandoning module GeometryCacheEd (281)
[2018.02.10-18.57.20:453][214]LogModuleManager: Shutting down and abandoning module StreamingPauseRendering (278)
[2018.02.10-18.57.20:454][214]LogModuleManager: Shutting down and abandoning module PortalServices (276)
[2018.02.10-18.57.20:454][214]LogModuleManager: Shutting down and abandoning module PortalRpc (274)
[2018.02.10-18.57.20:454][214]LogModuleManager: Shutting down and abandoning module MessagingRpc (272)
[2018.02.10-18.57.20:454][214]LogModuleManager: Shutting down and abandoning module ProfilerService (270)
[2018.02.10-18.57.20:651][214]LogModuleManager: Shutting down and abandoning module TaskGraph (268)
[2018.02.10-18.57.20:653][214]LogModuleManager: Shutting down and abandoning module SteamVRController (266)
[2018.02.10-18.57.20:653][214]LogModuleManager: Shutting down and abandoning module ProceduralMeshComponent (264)
[2018.02.10-18.57.20:653][214]LogModuleManager: Shutting down and abandoning module OculusInput (262)
[2018.02.10-18.57.20:653][214]LogModuleManager: Shutting down and abandoning module MobilePatchingUtils (260)
[2018.02.10-18.57.20:653][214]LogModuleManager: Shutting down and abandoning module CustomMeshComponent (258)
[2018.02.10-18.57.20:653][214]LogModuleManager: Shutting down and abandoning module CableComponent (256)
[2018.02.10-18.57.20:653][214]LogModuleManager: Shutting down and abandoning module ArchVisCharacter (254)
[2018.02.10-18.57.20:653][214]LogModuleManager: Shutting down and abandoning module AndroidPermission (252)
[2018.02.10-18.57.20:653][214]LogModuleManager: Shutting down and abandoning module ActorSequence (248)
[2018.02.10-18.57.20:653][214]LogModuleManager: Shutting down and abandoning module MediaCompositing (246)
[2018.02.10-18.57.20:653][214]LogModuleManager: Shutting down and abandoning module HTML5Networking (244)
[2018.02.10-18.57.20:653][214]LogModuleManager: Shutting down and abandoning module VisualStudioSourceCodeAccess (242)
[2018.02.10-18.57.20:653][214]LogModuleManager: Shutting down and abandoning module HotReload (241)
[2018.02.10-18.57.20:654][214]LogModuleManager: Shutting down and abandoning module VisualStudioCodeSourceCodeAccess (238)
[2018.02.10-18.57.20:654][214]LogModuleManager: Shutting down and abandoning module UObjectPlugin (236)
[2018.02.10-18.57.20:654][214]LogModuleManager: Shutting down and abandoning module SubversionSourceControl (234)
[2018.02.10-18.57.20:655][214]LogModuleManager: Shutting down and abandoning module PerforceSourceControl (232)
[2018.02.10-18.57.20:656][214]LogModuleManager: Shutting down and abandoning module SourceControl (231)
[2018.02.10-18.57.20:657][214]LogModuleManager: Shutting down and abandoning module RuntimePhysXCooking (228)
[2018.02.10-18.57.20:657][214]LogModuleManager: Shutting down and abandoning module PhysXVehiclesEditor (226)
[2018.02.10-18.57.20:657][214]LogModuleManager: Shutting down and abandoning module PhysXVehicles (224)
[2018.02.10-18.57.20:657][214]LogModuleManager: Shutting down and abandoning module LocationServicesBPLibrary (222)
[2018.02.10-18.57.20:657][214]LogModuleManager: Shutting down and abandoning module ImmediatePhysicsEditor (220)
[2018.02.10-18.57.20:657][214]LogModuleManager: Shutting down and abandoning module ImmediatePhysics (218)
[2018.02.10-18.57.20:658][214]LogModuleManager: Shutting down and abandoning module UdpMessaging (216)
[2018.02.10-18.57.20:758][214]LogModuleManager: Shutting down and abandoning module TcpMessaging (214)
[2018.02.10-18.57.20:927][214]LogModuleManager: Shutting down and abandoning module GameplayTagsEditor (212)
[2018.02.10-18.57.20:927][214]LogModuleManager: Shutting down and abandoning module FacialAnimation (210)
[2018.02.10-18.57.20:927][214]LogModuleManager: Shutting down and abandoning module AssetManagerEditor (208)
[2018.02.10-18.57.20:929][214]LogModuleManager: Shutting down and abandoning module GraphEditor (207)
[2018.02.10-18.57.20:931][214]LogModuleManager: Shutting down and abandoning module ContentBrowser (205)
[2018.02.10-18.57.20:932][214]LogModuleManager: Shutting down and abandoning module CollectionManager (204)
[2018.02.10-18.57.20:933][214]LogDirectoryWatcher: A directory notification for 'C:/UE4/steam/steam/Content/Collections/' was aborted.
[2018.02.10-18.57.20:933][214]LogDirectoryWatcher: A directory notification for 'C:/UE4/steam/steam/Content/Developers/Polymake/Collections/' was aborted.
[2018.02.10-18.57.20:933][214]LogDirectoryWatcher: A directory notification for 'C:/UE4/steam/steam/Saved/Collections/' was aborted.
[2018.02.10-18.57.20:934][214]LogModuleManager: Shutting down and abandoning module DirectoryWatcher (203)
[2018.02.10-18.57.20:934][214]LogModuleManager: Shutting down and abandoning module LightPropagationVolumeRuntime (198)
[2018.02.10-18.57.20:935][214]LogModuleManager: Shutting down and abandoning module Paper2D (196)
[2018.02.10-18.57.20:935][214]LogModuleManager: Shutting down and abandoning module WindowsMoviePlayer (194)
[2018.02.10-18.57.20:935][214]LogModuleManager: Shutting down and abandoning module WmfMedia (192)
[2018.02.10-18.57.20:936][214]LogModuleManager: Shutting down and abandoning module ImgMedia (190)
[2018.02.10-18.57.20:936][214]LogModuleManager: Shutting down and abandoning module PacketHandler (188)
[2018.02.10-18.57.20:936][214]LogModuleManager: Shutting down and abandoning module ClothingSystemEditor (186)
[2018.02.10-18.57.20:936][214]LogModuleManager: Shutting down and abandoning module ClothingSystemRuntime (184)
[2018.02.10-18.57.20:937][214]LogModuleManager: Shutting down and abandoning module MediaAssets (182)
[2018.02.10-18.57.20:937][214]LogModuleManager: Shutting down and abandoning module Media (181)
[2018.02.10-18.57.20:944][214]LogModuleManager: Shutting down and abandoning module Overlay (178)
[2018.02.10-18.57.20:944][214]LogModuleManager: Shutting down and abandoning module OverlayEditor (177)
[2018.02.10-18.57.20:944][214]LogModuleManager: Shutting down and abandoning module VREditor (174)
[2018.02.10-18.57.20:944][214]LogModuleManager: Shutting down and abandoning module StringTableEditor (172)
[2018.02.10-18.57.20:945][214]LogModuleManager: Shutting down and abandoning module GameplayTasksEditor (170)
[2018.02.10-18.57.20:945][214]LogModuleManager: Shutting down and abandoning module BehaviorTreeEditor (168)
[2018.02.10-18.57.20:947][214]LogModuleManager: Shutting down and abandoning module FunctionalTesting (166)
[2018.02.10-18.57.20:948][214]LogModuleManager: Shutting down and abandoning module CollisionAnalyzer (164)
[2018.02.10-18.57.20:949][214]LogModuleManager: Shutting down and abandoning module WorkspaceMenuStructure (163)
[2018.02.10-18.57.20:949][214]LogModuleManager: Shutting down and abandoning module UMG (160)
[2018.02.10-18.57.20:949][214]LogModuleManager: Shutting down and abandoning module UMGEditor (159)
[2018.02.10-18.57.20:953][214]LogModuleManager: Shutting down and abandoning module Sequencer (158)
[2018.02.10-18.57.20:955][214]LogModuleManager: Shutting down and abandoning module MessageLog (155)
[2018.02.10-18.57.20:956][214]LogModuleManager: Shutting down and abandoning module SlateReflector (150)
[2018.02.10-18.57.20:959][214]LogModuleManager: Shutting down and abandoning module Slate (148)
[2018.02.10-18.57.20:959][214]LogModuleManager: Shutting down and abandoning module EditorStyle (146)
[2018.02.10-18.57.20:964][214]LogModuleManager: Shutting down and abandoning module MRMesh (144)
[2018.02.10-18.57.20:964][214]LogModuleManager: Shutting down and abandoning module Messaging (142)
[2018.02.10-18.57.20:964][214]LogModuleManager: Shutting down and abandoning module SourceCodeAccess (140)
[2018.02.10-18.57.20:964][214]LogModuleManager: Shutting down and abandoning module HeadMountedDisplay (138)
[2018.02.10-18.57.20:964][214]LogModuleManager: Shutting down and abandoning module XAudio2 (136)
[2018.02.10-18.57.20:964][214]LogModuleManager: Shutting down and abandoning module Networking (134)
[2018.02.10-18.57.20:964][214]LogModuleManager: Shutting down and abandoning module Core (132)
[2018.02.10-18.57.20:964][214]LogModuleManager: Shutting down and abandoning module LevelSequence (130)
[2018.02.10-18.57.20:965][214]LogModuleManager: Shutting down and abandoning module KismetCompiler (128)
[2018.02.10-18.57.20:965][214]LogModuleManager: Shutting down and abandoning module MeshUtilities (126)
[2018.02.10-18.57.20:966][214]LogModuleManager: Shutting down and abandoning module MeshMergeUtilities (125)
[2018.02.10-18.57.20:968][214]LogModuleManager: Shutting down and abandoning module MeshReductionInterface (124)
[2018.02.10-18.57.20:968][214]LogModuleManager: Shutting down and abandoning module SimplygonSwarm (123)
[2018.02.10-18.57.20:968][214]LogModuleManager: Shutting down and abandoning module SimplygonMeshReduction (121)
[2018.02.10-18.57.20:968][214]LogModuleManager: Shutting down and abandoning module QuadricMeshReduction (119)
[2018.02.10-18.57.20:968][214]LogModuleManager: Shutting down and abandoning module MaterialBaking (115)
[2018.02.10-18.57.20:968][214]LogModuleManager: Shutting down and abandoning module DerivedDataCache (110)
[2018.02.10-18.57.20:973][214]LogDerivedDataCache: Shutdown
[2018.02.10-18.57.20:973][214]LogModuleManager: Shutting down and abandoning module TargetPlatform (108)
[2018.02.10-18.57.20:973][214]LogModuleManager: Shutting down and abandoning module VulkanShaderFormat (107)
[2018.02.10-18.57.20:974][214]LogModuleManager: Shutting down and abandoning module ShaderFormatVectorVM (105)
[2018.02.10-18.57.20:974][214]LogModuleManager: Shutting down and abandoning module ShaderFormatOpenGL (103)
[2018.02.10-18.57.20:975][214]LogModuleManager: Shutting down and abandoning module ShaderFormatD3D (101)
[2018.02.10-18.57.20:975][214]LogModuleManager: Shutting down and abandoning module MetalShaderFormat (99)
[2018.02.10-18.57.20:976][214]LogModuleManager: Shutting down and abandoning module TextureFormatUncompressed (97)
[2018.02.10-18.57.20:976][214]LogModuleManager: Shutting down and abandoning module TextureFormatPVR (95)
[2018.02.10-18.57.20:976][214]LogModuleManager: Shutting down and abandoning module TextureFormatDXT (93)
[2018.02.10-18.57.20:976][214]LogModuleManager: Shutting down and abandoning module TextureFormatIntelISPCTexComp (91)
[2018.02.10-18.57.20:976][214]LogModuleManager: Shutting down and abandoning module TextureFormatASTC (89)
[2018.02.10-18.57.20:976][214]LogModuleManager: Shutting down and abandoning module ImageWrapper (88)
[2018.02.10-18.57.20:976][214]LogModuleManager: Shutting down and abandoning module TextureFormatAndroid (85)
[2018.02.10-18.57.20:976][214]LogModuleManager: Shutting down and abandoning module AudioFormatOpus (83)
[2018.02.10-18.57.20:976][214]LogModuleManager: Shutting down and abandoning module AudioFormatOgg (81)
[2018.02.10-18.57.20:977][214]LogModuleManager: Shutting down and abandoning module AudioFormatADPCM (79)
[2018.02.10-18.57.20:977][214]LogModuleManager: Shutting down and abandoning module WindowsTargetPlatform (77)
[2018.02.10-18.57.20:977][214]LogModuleManager: Shutting down and abandoning module WindowsServerTargetPlatform (75)
[2018.02.10-18.57.20:977][214]LogModuleManager: Shutting down and abandoning module WindowsNoEditorTargetPlatform (73)
[2018.02.10-18.57.20:977][214]LogModuleManager: Shutting down and abandoning module WindowsClientTargetPlatform (71)
[2018.02.10-18.57.20:977][214]LogModuleManager: Shutting down and abandoning module InputCore (68)
[2018.02.10-18.57.20:977][214]LogModuleManager: Shutting down and abandoning module Settings (66)
[2018.02.10-18.57.20:977][214]LogModuleManager: Shutting down and abandoning module PhysXCooking (64)
[2018.02.10-18.57.20:977][214]LogModuleManager: Shutting down and abandoning module SteamVR (62)
[2018.02.10-18.57.20:977][214]LogModuleManager: Shutting down and abandoning module OculusHMD (60)
[2018.02.10-18.57.20:978][214]LogModuleManager: Shutting down and abandoning module ExampleDeviceProfileSelector (58)
[2018.02.10-18.57.20:978][214]LogModuleManager: Shutting down and abandoning module AppleARKit (56)
[2018.02.10-18.57.20:978][214]LogModuleManager: Shutting down and abandoning module AugmentedReality (55)
[2018.02.10-18.57.20:978][214]LogModuleManager: Shutting down and abandoning module OnlineBlueprintSupport (52)
[2018.02.10-18.57.20:978][214]LogModuleManager: Shutting down and abandoning module OnlineSubsystem (48)
[2018.02.10-18.57.20:978][214]LogOnline: Display: STEAM: OnlineSubsystemSteam::Shutdown()
[2018.02.10-18.57.20:979][214]LogOnline: Display: OSS: FOnlineAsyncTaskManager::Stop() ActiveTask:0000000000000000 Tasks[0/0]
[2018.02.10-18.57.21:047][214]LogOnline: Display: OSS: FOnlineAsyncTaskManager::Exit() started
[2018.02.10-18.57.21:047][214]LogOnline: Display: OSS: FOnlineAsyncTaskManager::Exit() finished
[2018.02.10-18.57.21:047][214]LogOnline: Display: STEAM: OnlineSubsystemSteam::Shutdown()
[2018.02.10-18.57.21:048][214]LogModuleManager: Shutting down and abandoning module XMPP (43)
[2018.02.10-18.57.21:049][214]LogModuleManager: Shutting down and abandoning module HTTP (41)
[2018.02.10-18.57.21:066][214]LogModuleManager: Shutting down and abandoning module SSL (40)
[2018.02.10-18.57.21:069][214]LogModuleManager: Shutting down and abandoning module AnimationModifiers (36)
[2018.02.10-18.57.21:071][214]LogModuleManager: Shutting down and abandoning module PropertyEditor (35)
[2018.02.10-18.57.21:071][214]LogModuleManager: Shutting down and abandoning module AudioEditor (32)
[2018.02.10-18.57.21:072][214]LogModuleManager: Shutting down and abandoning module TextureCompressor (30)
[2018.02.10-18.57.21:073][214]LogModuleManager: Shutting down and abandoning module ShaderCore (28)
[2018.02.10-18.57.21:073][214]LogModuleManager: Shutting down and abandoning module Landscape (26)
[2018.02.10-18.57.21:073][214]LogModuleManager: Shutting down and abandoning module SlateRHIRenderer (24)
[2018.02.10-18.57.21:075][214]LogModuleManager: Shutting down and abandoning module OpenGLDrv (22)
[2018.02.10-18.57.21:076][214]LogModuleManager: Shutting down and abandoning module D3D11RHI (20)
[2018.02.10-18.57.21:076][214]LogModuleManager: Shutting down and abandoning module AnimGraphRuntime (18)
[2018.02.10-18.57.21:077][214]LogModuleManager: Shutting down and abandoning module Renderer (16)
[2018.02.10-18.57.21:077][214]LogModuleManager: Shutting down and abandoning module Engine (14)
[2018.02.10-18.57.21:077][214]LogModuleManager: Shutting down and abandoning module CoreUObject (12)
[2018.02.10-18.57.21:077][214]LogModuleManager: Shutting down and abandoning module NetworkFile (10)
[2018.02.10-18.57.21:077][214]LogModuleManager: Shutting down and abandoning module CookedIterativeFile (8)
[2018.02.10-18.57.21:077][214]LogModuleManager: Shutting down and abandoning module StreamingFile (6)
[2018.02.10-18.57.21:077][214]LogModuleManager: Shutting down and abandoning module SandboxFile (4)
[2018.02.10-18.57.21:077][214]LogModuleManager: Shutting down and abandoning module PakFile (2)
[2018.02.10-18.57.21:083][214]LogExit: Exiting.
[2018.02.10-18.57.21:086][214]Log file closed, 02/10/18 10:57:21
