Log file open, 02/28/18 20:04:07
LogWindows: Failed to load 'aqProf.dll' (GetLastError=126)
LogWindows: File 'aqProf.dll' does not exist
LogWindows: Failed to load 'VtuneApi.dll' (GetLastError=126)
LogWindows: File 'VtuneApi.dll' does not exist
LogWindows: Failed to load 'VtuneApi32e.dll' (GetLastError=126)
LogWindows: File 'VtuneApi32e.dll' does not exist
LogInit: Display: Running engine for game: MyProject12
LogPlatformFile: Not using cached read wrapper
LogInit: Display: RandInit(-398695442) SRandInit(-398695442).
LogInit: Read version file with build ID '3709383'
LogInit: Overriding engine version to CL 3754814, compatible CL 3709383
LogInit: Registered custom module enumerator with build ID '3709383'
LogInit: Warning: Passing commandline switches using / instead of - has been deprecated and will be removed in future versions of Unreal Engine.
LogTaskGraph: Started task graph with 5 named threads and 14 total threads with 3 sets of task threads.
LogStats: Stats thread started at 0.166044
LogD3D11RHI: Aftermath initialized
LogInit: Warning: Passing commandline switches using / instead of - has been deprecated and will be removed in future versions of Unreal Engine.
LogModuleManager: Display: Found up-to-date module file ../../../Engine/Plugins/Online/OnlineSubsystemSteam/Binaries/Win64/UE4Editor-OnlineSubsystemSteam.dll (API version 3709383).
LogModuleManager: Display: Found up-to-date module file ../../../Engine/Plugins/Online/OnlineSubsystem/Binaries/Win64/UE4Editor-OnlineSubsystem.dll (API version 3709383).
LogModuleManager: Display: Found up-to-date module file ../../../Engine/Plugins/Online/OnlineSubsystemUtils/Binaries/Win64/UE4Editor-OnlineSubsystemUtils.dll (API version 3709383).
LogModuleManager: Display: Found up-to-date module file ../../../Engine/Plugins/Online/OnlineSubsystemUtils/Binaries/Win64/UE4Editor-OnlineBlueprintSupport.dll (API version 3709383).
LogModuleManager: Display: Found up-to-date module file ../../../Engine/Plugins/2D/Paper2D/Binaries/Win64/UE4Editor-Paper2D.dll (API version 3709383).
LogModuleManager: Display: Found up-to-date module file ../../../Engine/Plugins/2D/Paper2D/Binaries/Win64/UE4Editor-Paper2DEditor.dll (API version 3709383).
LogModuleManager: Display: Found up-to-date module file ../../../Engine/Plugins/2D/Paper2D/Binaries/Win64/UE4Editor-PaperSpriteSheetImporter.dll (API version 3709383).
LogModuleManager: Display: Found up-to-date module file ../../../Engine/Plugins/2D/Paper2D/Binaries/Win64/UE4Editor-PaperTiledImporter.dll (API version 3709383).
LogModuleManager: Display: Found up-to-date module file ../../../Engine/Plugins/2D/Paper2D/Binaries/Win64/UE4Editor-SmartSnapping.dll (API version 3709383).
LogModuleManager: Display: Found up-to-date module file ../../../Engine/Plugins/Blendables/LightPropagationVolume/Binaries/Win64/UE4Editor-LightPropagationVolumeRuntime.dll (API version 3709383).
LogModuleManager: Display: Found up-to-date module file ../../../Engine/Plugins/Blendables/LightPropagationVolume/Binaries/Win64/UE4Editor-LightPropagationVolumeEditor.dll (API version 3709383).
LogModuleManager: Display: Found up-to-date module file ../../../Engine/Plugins/Developer/GitSourceControl/Binaries/Win64/UE4Editor-GitSourceControl.dll (API version 3709383).
LogModuleManager: Display: Found up-to-date module file ../../../Engine/Plugins/Developer/PerforceSourceControl/Binaries/Win64/UE4Editor-PerforceSourceControl.dll (API version 3709383).
LogModuleManager: Display: Found up-to-date module file ../../../Engine/Plugins/Developer/SubversionSourceControl/Binaries/Win64/UE4Editor-SubversionSourceControl.dll (API version 3709383).
LogModuleManager: Display: Found up-to-date module file ../../../Engine/Plugins/Developer/UObjectPlugin/Binaries/Win64/UE4Editor-UObjectPlugin.dll (API version 3709383).
LogModuleManager: Display: Found up-to-date module file ../../../Engine/Plugins/Developer/VisualStudioCodeSourceCodeAccess/Binaries/Win64/UE4Editor-VisualStudioCodeSourceCodeAccess.dll (API version 3709383).
LogModuleManager: Display: Found up-to-date module file ../../../Engine/Plugins/Developer/VisualStudioSourceCodeAccess/Binaries/Win64/UE4Editor-VisualStudioSourceCodeAccess.dll (API version 3709383).
LogModuleManager: Display: Found up-to-date module file ../../../Engine/Plugins/Editor/AssetManagerEditor/Binaries/Win64/UE4Editor-AssetManagerEditor.dll (API version 3709383).
LogModuleManager: Display: Found up-to-date module file ../../../Engine/Plugins/Editor/AudioCapture/Binaries/Win64/UE4Editor-AudioCapture.dll (API version 3709383).
LogModuleManager: Display: Found up-to-date module file ../../../Engine/Plugins/Editor/FacialAnimation/Binaries/Win64/UE4Editor-FacialAnimation.dll (API version 3709383).
LogModuleManager: Display: Found up-to-date module file ../../../Engine/Plugins/Editor/FacialAnimation/Binaries/Win64/UE4Editor-FacialAnimationEditor.dll (API version 3709383).
LogModuleManager: Display: Found up-to-date module file ../../../Engine/Plugins/Editor/GameplayTagsEditor/Binaries/Win64/UE4Editor-GameplayTagsEditor.dll (API version 3709383).
LogModuleManager: Display: Found up-to-date module file ../../../Engine/Plugins/Editor/MobileLauncherProfileWizard/Binaries/Win64/UE4Editor-MobileLauncherProfileWizard.dll (API version 3709383).
LogModuleManager: Display: Found up-to-date module file ../../../Engine/Plugins/Editor/PluginBrowser/Binaries/Win64/UE4Editor-PluginBrowser.dll (API version 3709383).
LogModuleManager: Display: Found up-to-date module file ../../../Engine/Plugins/Editor/SpeedTreeImporter/Binaries/Win64/UE4Editor-SpeedTreeImporter.dll (API version 3709383).
LogModuleManager: Display: Found up-to-date module file ../../../Engine/Plugins/Experimental/AlembicImporter/Binaries/Win64/UE4Editor-AlembicImporter.dll (API version 3709383).
LogModuleManager: Display: Found up-to-date module file ../../../Engine/Plugins/Experimental/AlembicImporter/Binaries/Win64/UE4Editor-AlembicLibrary.dll (API version 3709383).
LogModuleManager: Display: Found up-to-date module file ../../../Engine/Plugins/Experimental/CharacterAI/Binaries/Win64/UE4Editor-CharacterAI.dll (API version 3709383).
LogModuleManager: Display: Found up-to-date module file ../../../Engine/Plugins/Experimental/HTML5Networking/Binaries/Win64/UE4Editor-HTML5Networking.dll (API version 3709383).
LogModuleManager: Display: Found up-to-date module file ../../../Engine/Plugins/Media/AndroidMedia/Binaries/Win64/UE4Editor-AndroidMediaEditor.dll (API version 3709383).
LogModuleManager: Display: Found up-to-date module file ../../../Engine/Plugins/Media/AndroidMedia/Binaries/Win64/UE4Editor-AndroidMediaFactory.dll (API version 3709383).
LogModuleManager: Display: Found up-to-date module file ../../../Engine/Plugins/Media/AvfMedia/Binaries/Win64/UE4Editor-AvfMediaEditor.dll (API version 3709383).
LogModuleManager: Display: Found up-to-date module file ../../../Engine/Plugins/Media/AvfMedia/Binaries/Win64/UE4Editor-AvfMediaFactory.dll (API version 3709383).
LogModuleManager: Display: Found up-to-date module file ../../../Engine/Plugins/Media/AvfMedia/Binaries/Win64/UE4Editor-AvfMediaFactory.dll (API version 3709383).
LogModuleManager: Display: Found up-to-date module file ../../../Engine/Plugins/Media/ImgMedia/Binaries/Win64/UE4Editor-ImgMedia.dll (API version 3709383).
LogModuleManager: Display: Found up-to-date module file ../../../Engine/Plugins/Media/ImgMedia/Binaries/Win64/UE4Editor-ImgMediaEditor.dll (API version 3709383).
LogModuleManager: Display: Found up-to-date module file ../../../Engine/Plugins/Media/ImgMedia/Binaries/Win64/UE4Editor-ImgMediaFactory.dll (API version 3709383).
LogModuleManager: Display: Found up-to-date module file ../../../Engine/Plugins/Media/ImgMedia/Binaries/Win64/UE4Editor-ImgMediaFactory.dll (API version 3709383).
LogModuleManager: Display: Found up-to-date module file ../../../Engine/Plugins/Media/ImgMedia/Binaries/Win64/UE4Editor-OpenExrWrapper.dll (API version 3709383).
LogModuleManager: Display: Found up-to-date module file ../../../Engine/Plugins/Media/MediaCompositing/Binaries/Win64/UE4Editor-MediaCompositing.dll (API version 3709383).
LogModuleManager: Display: Found up-to-date module file ../../../Engine/Plugins/Media/MediaCompositing/Binaries/Win64/UE4Editor-MediaCompositingEditor.dll (API version 3709383).
LogModuleManager: Display: Found up-to-date module file ../../../Engine/Plugins/Media/MediaPlayerEditor/Binaries/Win64/UE4Editor-MediaPlayerEditor.dll (API version 3709383).
LogModuleManager: Display: Found up-to-date module file ../../../Engine/Plugins/Media/WmfMedia/Binaries/Win64/UE4Editor-WmfMedia.dll (API version 3709383).
LogModuleManager: Display: Found up-to-date module file ../../../Engine/Plugins/Media/WmfMedia/Binaries/Win64/UE4Editor-WmfMediaEditor.dll (API version 3709383).
LogModuleManager: Display: Found up-to-date module file ../../../Engine/Plugins/Media/WmfMedia/Binaries/Win64/UE4Editor-WmfMediaFactory.dll (API version 3709383).
LogModuleManager: Display: Found up-to-date module file ../../../Engine/Plugins/Media/WmfMedia/Binaries/Win64/UE4Editor-WmfMediaFactory.dll (API version 3709383).
LogModuleManager: Display: Found up-to-date module file ../../../Engine/Plugins/Messaging/TcpMessaging/Binaries/Win64/UE4Editor-TcpMessaging.dll (API version 3709383).
LogModuleManager: Display: Found up-to-date module file ../../../Engine/Plugins/Messaging/UdpMessaging/Binaries/Win64/UE4Editor-UdpMessaging.dll (API version 3709383).
LogModuleManager: Display: Found up-to-date module file ../../../Engine/Plugins/MovieScene/ActorSequence/Binaries/Win64/UE4Editor-ActorSequence.dll (API version 3709383).
LogModuleManager: Display: Found up-to-date module file ../../../Engine/Plugins/MovieScene/LevelSequenceEditor/Binaries/Win64/UE4Editor-LevelSequenceEditor.dll (API version 3709383).
LogModuleManager: Display: Found up-to-date module file ../../../Engine/Plugins/MovieScene/MatineeToLevelSequence/Binaries/Win64/UE4Editor-MatineeToLevelSequence.dll (API version 3709383).
LogModuleManager: Display: Found up-to-date module file ../../../Engine/Plugins/Runtime/AndroidPermission/Binaries/Win64/UE4Editor-AndroidPermission.dll (API version 3709383).
LogModuleManager: Display: Found up-to-date module file ../../../Engine/Plugins/Online/OnlineSubsystemNull/Binaries/Win64/UE4Editor-OnlineSubsystemNull.dll (API version 3709383).
LogModuleManager: Display: Found up-to-date module file ../../../Engine/Plugins/Runtime/AndroidDeviceProfileSelector/Binaries/Win64/UE4Editor-AndroidDeviceProfileSelector.dll (API version 3709383).
LogModuleManager: Display: Found up-to-date module file ../../../Engine/Plugins/Runtime/AppleARKit/Binaries/Win64/UE4Editor-AppleARKit.dll (API version 3709383).
LogModuleManager: Display: Found up-to-date module file ../../../Engine/Plugins/Runtime/ArchVisCharacter/Binaries/Win64/UE4Editor-ArchVisCharacter.dll (API version 3709383).
LogModuleManager: Display: Found up-to-date module file ../../../Engine/Plugins/Runtime/CableComponent/Binaries/Win64/UE4Editor-CableComponent.dll (API version 3709383).
LogModuleManager: Display: Found up-to-date module file ../../../Engine/Plugins/Runtime/CustomMeshComponent/Binaries/Win64/UE4Editor-CustomMeshComponent.dll (API version 3709383).
LogModuleManager: Display: Found up-to-date module file ../../../Engine/Plugins/Runtime/ExampleDeviceProfileSelector/Binaries/Win64/UE4Editor-ExampleDeviceProfileSelector.dll (API version 3709383).
LogModuleManager: Display: Found up-to-date module file ../../../Engine/Plugins/Runtime/ImmediatePhysics/Binaries/Win64/UE4Editor-ImmediatePhysics.dll (API version 3709383).
LogModuleManager: Display: Found up-to-date module file ../../../Engine/Plugins/Runtime/ImmediatePhysics/Binaries/Win64/UE4Editor-ImmediatePhysicsEditor.dll (API version 3709383).
LogModuleManager: Display: Found up-to-date module file ../../../Engine/Plugins/Runtime/LocationServicesBPLibrary/Binaries/Win64/UE4Editor-LocationServicesBPLibrary.dll (API version 3709383).
LogModuleManager: Display: Found up-to-date module file ../../../Engine/Plugins/Runtime/MobilePatchingUtils/Binaries/Win64/UE4Editor-MobilePatchingUtils.dll (API version 3709383).
LogModuleManager: Display: Found up-to-date module file ../../../Engine/Plugins/Runtime/Oculus/OculusVR/Binaries/Win64/UE4Editor-OculusHMD.dll (API version 3709383).
LogModuleManager: Display: Found up-to-date module file ../../../Engine/Plugins/Runtime/Oculus/OculusVR/Binaries/Win64/UE4Editor-OculusInput.dll (API version 3709383).
LogModuleManager: Display: Found up-to-date module file ../../../Engine/Plugins/Runtime/Oculus/OculusVR/Binaries/Win64/UE4Editor-OculusEditor.dll (API version 3709383).
LogModuleManager: Display: Found up-to-date module file ../../../Engine/Plugins/Runtime/PhysXVehicles/Binaries/Win64/UE4Editor-PhysXVehicles.dll (API version 3709383).
LogModuleManager: Display: Found up-to-date module file ../../../Engine/Plugins/Runtime/PhysXVehicles/Binaries/Win64/UE4Editor-PhysXVehiclesEditor.dll (API version 3709383).
LogModuleManager: Display: Found up-to-date module file ../../../Engine/Plugins/Runtime/ProceduralMeshComponent/Binaries/Win64/UE4Editor-ProceduralMeshComponent.dll (API version 3709383).
LogModuleManager: Display: Found up-to-date module file ../../../Engine/Plugins/Runtime/ProceduralMeshComponent/Binaries/Win64/UE4Editor-ProceduralMeshComponentEditor.dll (API version 3709383).
LogModuleManager: Display: Found up-to-date module file ../../../Engine/Plugins/Runtime/RuntimePhysXCooking/Binaries/Win64/UE4Editor-RuntimePhysXCooking.dll (API version 3709383).
LogModuleManager: Display: Found up-to-date module file ../../../Engine/Plugins/Runtime/Steam/SteamVR/Binaries/Win64/UE4Editor-SteamVR.dll (API version 3709383).
LogModuleManager: Display: Found up-to-date module file ../../../Engine/Plugins/Runtime/Steam/SteamVR/Binaries/Win64/UE4Editor-SteamVRController.dll (API version 3709383).
LogModuleManager: Display: Found up-to-date module file ../../../Engine/Plugins/Runtime/WindowsMoviePlayer/Binaries/Win64/UE4Editor-WindowsMoviePlayer.dll (API version 3709383).
LogPluginManager: Mounting plugin Paper2D
LogPluginManager: Mounting plugin LightPropagationVolume
LogPluginManager: Mounting plugin CodeLiteSourceCodeAccess
LogPluginManager: Mounting plugin GitSourceControl
LogPluginManager: Mounting plugin KDevelopSourceCodeAccess
LogPluginManager: Mounting plugin NullSourceCodeAccess
LogPluginManager: Mounting plugin PerforceSourceControl
LogPluginManager: Mounting plugin SubversionSourceControl
LogPluginManager: Mounting plugin UObjectPlugin
LogPluginManager: Mounting plugin VisualStudioCodeSourceCodeAccess
LogPluginManager: Mounting plugin VisualStudioSourceCodeAccess
LogPluginManager: Mounting plugin XCodeSourceCodeAccess
LogPluginManager: Mounting plugin AssetManagerEditor
LogPluginManager: Mounting plugin AudioCapture
LogPluginManager: Mounting plugin FacialAnimation
LogPluginManager: Mounting plugin GameplayTagsEditor
LogPluginManager: Mounting plugin MobileLauncherProfileWizard
LogPluginManager: Mounting plugin PluginBrowser
LogPluginManager: Mounting plugin SpeedTreeImporter
LogPluginManager: Mounting plugin AlembicImporter
LogPluginManager: Mounting plugin CharacterAI
LogPluginManager: Mounting plugin HTML5Networking
LogPluginManager: Mounting plugin AndroidMedia
LogPluginManager: Mounting plugin AvfMedia
LogPluginManager: Mounting plugin ImgMedia
LogPluginManager: Mounting plugin MediaCompositing
LogPluginManager: Mounting plugin MediaPlayerEditor
LogPluginManager: Mounting plugin WmfMedia
LogPluginManager: Mounting plugin TcpMessaging
LogPluginManager: Mounting plugin UdpMessaging
LogPluginManager: Mounting plugin ActorSequence
LogPluginManager: Mounting plugin LevelSequenceEditor
LogPluginManager: Mounting plugin MatineeToLevelSequence
LogPluginManager: Mounting plugin OnlineSubsystemGooglePlay
LogPluginManager: Mounting plugin OnlineSubsystemIOS
LogPluginManager: Mounting plugin OnlineSubsystem
LogPluginManager: Mounting plugin OnlineSubsystemNull
LogPluginManager: Mounting plugin OnlineSubsystemSteam
LogPluginManager: Mounting plugin OnlineSubsystemUtils
LogPluginManager: Mounting plugin AndroidDeviceProfileSelector
LogPluginManager: Mounting plugin AndroidMoviePlayer
LogPluginManager: Mounting plugin AndroidPermission
LogPluginManager: Mounting plugin AppleARKit
LogPluginManager: Mounting plugin AppleMoviePlayer
LogPluginManager: Mounting plugin ArchVisCharacter
LogPluginManager: Mounting plugin CableComponent
LogPluginManager: Mounting plugin CustomMeshComponent
LogPluginManager: Mounting plugin ExampleDeviceProfileSelector
LogPluginManager: Mounting plugin GoogleCloudMessaging
LogPluginManager: Mounting plugin ImmediatePhysics
LogPluginManager: Mounting plugin IOSDeviceProfileSelector
LogPluginManager: Mounting plugin LinuxDeviceProfileSelector
LogPluginManager: Mounting plugin LocationServicesBPLibrary
LogPluginManager: Mounting plugin MobilePatchingUtils
LogPluginManager: Mounting plugin OculusVR
LogPluginManager: Plugin shader directory ../../../Engine/Plugins/Runtime/Oculus/OculusVR/Shaders found
LogPluginManager: Mapping shader source directory ../../../Engine/Plugins/Runtime/Oculus/OculusVR/Shaders to virtual directory /Plugin/OculusVR
LogPluginManager: Mounting plugin PhysXVehicles
LogPluginManager: Mounting plugin ProceduralMeshComponent
LogPluginManager: Mounting plugin RuntimePhysXCooking
LogPluginManager: Mounting plugin SteamVR
LogPluginManager: Mounting plugin WindowsMoviePlayer
LogInit: Using libcurl 7.47.1
LogInit:  - built for x86_64-pc-win32
LogInit:  - supports SSL with OpenSSL/1.0.2g
LogInit:  - supports HTTP deflate (compression) using libz 1.2.8
LogInit:  - other features:
LogInit:      CURL_VERSION_SSL
LogInit:      CURL_VERSION_LIBZ
LogInit:      CURL_VERSION_IPV6
LogInit:      CURL_VERSION_ASYNCHDNS
LogInit:      CURL_VERSION_LARGEFILE
LogInit:      CURL_VERSION_IDN
LogInit:  CurlRequestOptions (configurable via config and command line):
LogInit:  - bVerifyPeer = false  - Libcurl will NOT verify peer certificate
LogInit:  - bUseHttpProxy = false  - Libcurl will NOT use HTTP proxy
LogInit:  - bDontReuseConnections = false  - Libcurl will reuse connections
LogInit:  - CertBundlePath = nullptr  - Libcurl will use whatever was configured at build time.
LogOnline: Display: STEAM: Loading Steam SDK 1.39
LogInit: WinSock: version 1.1 (2.2), MaxSocks=32767, MaxUdp=65467
LogInit: Build: ++UE4+Release-4.18-CL-3754814
LogInit: Engine Version: 4.18.1-3754814+++UE4+Release-4.18
LogInit: Compatible Engine Version: 4.18.0-3709383+++UE4+Release-4.18
LogInit: Net CL: 3709383
LogDevObjectVersion: Number of dev versions registered: 16
LogDevObjectVersion:   Dev-Blueprints (B0D832E4-1F89-4F0D-ACCF-7EB736FD4AA2): 10
LogDevObjectVersion:   Dev-Build (E1C64328-A22C-4D53-A36C-8E866417BD8C): 0
LogDevObjectVersion:   Dev-Core (375EC13C-06E4-48FB-B500-84F0262A717E): 2
LogDevObjectVersion:   Dev-Editor (E4B068ED-F494-42E9-A231-DA0B2E46BB41): 20
LogDevObjectVersion:   Dev-Framework (CFFC743F-43B0-4480-9391-14DF171D2073): 30
LogDevObjectVersion:   Dev-Mobile (B02B49B5-BB20-44E9-A304-32B752E40360): 0
LogDevObjectVersion:   Dev-Networking (A4E4105C-59A1-49B5-A7C5-40C4547EDFEE): 0
LogDevObjectVersion:   Dev-Online (39C831C9-5AE6-47DC-9A44-9C173E1C8E7C): 0
LogDevObjectVersion:   Dev-Physics (78F01B33-EBEA-4F98-B9B4-84EACCB95AA2): 0
LogDevObjectVersion:   Dev-Platform (6631380F-2D4D-43E0-8009-CF276956A95A): 0
LogDevObjectVersion:   Dev-Rendering (12F88B9F-8875-4AFC-A67C-D90C383ABD29): 20
LogDevObjectVersion:   Dev-Sequencer (7B5AE74C-D270-4C10-A958-57980B212A5A): 4
LogDevObjectVersion:   Dev-VR (D7296918-1DD6-4BDD-9DE2-64A83CC13884): 0
LogDevObjectVersion:   Dev-LoadTimes (C2A15278-BFE7-4AFE-6C17-90FF531DF755): 1
LogDevObjectVersion:   Private-Geometry (6EACA3D4-40EC-4CC1-B786-8BED09428FC5): 1
LogDevObjectVersion:   Dev-AnimPhys (29E575DD-E0A3-4627-9D10-D276232CDCEA): 12
LogInit: Compiled (64-bit): Nov 14 2017 02:05:55
LogInit: Compiled with Visual C++: 19.00.24215.01
LogInit: Build Configuration: Development
LogInit: Branch Name: ++UE4+Release-4.18
LogInit: Command line:  /Game/Maps/mainMenu -game -PIEVIACONSOLE -ResX=1280 -ResY=720  -Multiprocess -messaging -SessionName="Play in Standalone Game" -windowed 
LogInit: Base directory: E:/UE_4.18/Engine/Binaries/Win64/
LogInit: Installed Engine Build: 1
LogInit: Presizing for max 8388607 objects, including 0 objects not considered by GC, pre-allocating 0 bytes for permanent pool.
LogInit: Object subsystem initialized
[2018.03.01-04.04.08:565][  0]LogInit: Selected Device Profile: [Windows]
[2018.03.01-04.04.08:565][  0]LogInit: Applying CVar settings loaded from the selected device profile: [Windows]
[2018.03.01-04.04.08:570][  0]LogInit: Computer: CALVERT-PC
[2018.03.01-04.04.08:570][  0]LogInit: User: Calvert
[2018.03.01-04.04.08:570][  0]LogInit: CPU Page size=4096, Cores=4
[2018.03.01-04.04.08:570][  0]LogInit: High frequency timer resolution =3.515644 MHz
[2018.03.01-04.04.08:570][  0]LogMemory: Memory total: Physical=7.9GB (8GB approx)
[2018.03.01-04.04.08:570][  0]LogMemory: Platform Memory Stats for Windows
[2018.03.01-04.04.08:570][  0]LogMemory: Process Physical Memory: 306.93 MB used, 306.93 MB peak
[2018.03.01-04.04.08:570][  0]LogMemory: Process Virtual Memory: 289.05 MB used, 289.05 MB peak
[2018.03.01-04.04.08:570][  0]LogMemory: Physical Memory: 6709.25 MB used,  1347.77 MB free, 8057.02 MB total
[2018.03.01-04.04.08:570][  0]LogMemory: Virtual Memory: 746.66 MB used,  1347.77 MB free, 8388608.00 MB total
[2018.03.01-04.04.08:678][  0]LogInit: Using OS detected language (en-US).
[2018.03.01-04.04.08:678][  0]LogInit: Using OS detected locale (en-US).
[2018.03.01-04.04.08:680][  0]LogTextLocalizationManager: No specific localization for 'en-US' exists, so the 'en' localization will be used.
[2018.03.01-04.04.09:155][  0]LogD3D11RHI: D3D11 adapters:
[2018.03.01-04.04.09:721][  0]LogD3D11RHI:    0. 'NVIDIA GeForce GTX 760' (Feature Level 11_0)
[2018.03.01-04.04.09:721][  0]LogD3D11RHI:       1990/0/3772 MB DedicatedVideo/DedicatedSystem/SharedSystem, Outputs:2, VendorId:0x10de
[2018.03.01-04.04.09:729][  0]LogD3D11RHI:    1. 'Intel(R) HD Graphics 4600' (Feature Level 11_0)
[2018.03.01-04.04.09:729][  0]LogD3D11RHI:       64/0/1632 MB DedicatedVideo/DedicatedSystem/SharedSystem, Outputs:0, VendorId:0x8086
[2018.03.01-04.04.09:729][  0]LogD3D11RHI: Chosen D3D11 Adapter: 0
[2018.03.01-04.04.09:744][  0]LogD3D11RHI: Creating new Direct3DDevice
[2018.03.01-04.04.09:744][  0]LogD3D11RHI:     GPU DeviceId: 0x1187 (for the marketing name, search the web for "GPU Device Id")
[2018.03.01-04.04.09:744][  0]LogWindows: EnumDisplayDevices:
[2018.03.01-04.04.09:744][  0]LogWindows:    0. 'NVIDIA GeForce GTX 760' (P:1 D:1)
[2018.03.01-04.04.09:744][  0]LogWindows:    1. 'NVIDIA GeForce GTX 760' (P:0 D:1)
[2018.03.01-04.04.09:744][  0]LogWindows:    2. 'NVIDIA GeForce GTX 760' (P:0 D:0)
[2018.03.01-04.04.09:745][  0]LogWindows:    3. 'NVIDIA GeForce GTX 760' (P:0 D:0)
[2018.03.01-04.04.09:745][  0]LogWindows:    4. 'Intel(R) HD Graphics 4600' (P:0 D:0)
[2018.03.01-04.04.09:745][  0]LogWindows:    5. 'Intel(R) HD Graphics 4600' (P:0 D:0)
[2018.03.01-04.04.09:745][  0]LogWindows:    6. 'Intel(R) HD Graphics 4600' (P:0 D:0)
[2018.03.01-04.04.09:745][  0]LogWindows:    7. 'RDPDD Chained DD' (P:0 D:0)
[2018.03.01-04.04.09:745][  0]LogWindows:    8. 'RDP Encoder Mirror Driver' (P:0 D:0)
[2018.03.01-04.04.09:745][  0]LogWindows:    9. 'RDP Reflector Display Driver' (P:0 D:0)
[2018.03.01-04.04.09:746][  0]LogWindows:    10. 'LogMeIn Mirror Driver' (P:0 D:0)
[2018.03.01-04.04.09:746][  0]LogWindows: DebugString: PrimaryIsNotTheChoosenAdapter PrimaryIsNotTheChoosenAdapter PrimaryIsNotTheChoosenAdapter GetVideoDriverDetailsInvalid PrimaryIsNotTheChoosenAdapter GetVideoDriverDetailsInvalid PrimaryIsNotTheChoosenAdapter GetVideoDriverDetailsInvalid PrimaryIsNotTheChoosenAdapter GetVideoDriverDetailsInvalid PrimaryIsNotTheChoosenAdapter FoundDriverCount:4 
[2018.03.01-04.04.09:746][  0]LogD3D11RHI:     Adapter Name: NVIDIA GeForce GTX 760
[2018.03.01-04.04.09:746][  0]LogD3D11RHI:   Driver Version: 385.41 (internal:22.21.13.8541, unified:385.41)
[2018.03.01-04.04.09:746][  0]LogD3D11RHI:      Driver Date: 8-21-2017
[2018.03.01-04.04.09:746][  0]LogRHI: Texture pool is 1393 MB (70% of 1990 MB)
[2018.03.01-04.04.10:266][  0]LogD3D11RHI: Async texture creation enabled
[2018.03.01-04.04.10:286][  0]LogD3D11RHI: GPU Timing Frequency: 1000.000000 (Debug: 2 2)
[2018.03.01-04.04.10:335][  0]LogShaderCompilers: Guid format shader working directory is 25 characters bigger than the processId version (../../../../ue4/steam/Intermediate/Shaders/WorkingDirectory/122952/).
[2018.03.01-04.04.10:335][  0]LogShaderCompilers: Cleaned the shader compiler working directory 'C:/Users/Calvert/AppData/Local/Temp/UnrealShaderWorkingDir/30105D0F48EFC9359332F2A424B8D4F7/'.
[2018.03.01-04.04.10:335][  0]LogShaderCompilers: Display: Using Local Shader Compiler.
[2018.03.01-04.04.11:163][  0]LogTemp: Display: Loaded TP WindowsClientTargetPlatform
[2018.03.01-04.04.11:197][  0]LogTemp: Display: Loaded TP WindowsNoEditorTargetPlatform
[2018.03.01-04.04.11:229][  0]LogTemp: Display: Loaded TP WindowsServerTargetPlatform
[2018.03.01-04.04.11:261][  0]LogTemp: Display: Loaded TP WindowsTargetPlatform
[2018.03.01-04.04.11:261][  0]LogTargetPlatformManager: Display: Building Assets For Windows
[2018.03.01-04.04.11:527][  0]LogDerivedDataCache: Display: Max Cache Size: 512 MB
[2018.03.01-04.04.11:614][  0]LogDerivedDataCache: Loaded boot cache 0.09s 77MB C:/Users/Calvert/AppData/Local/UnrealEngine/4.18/DerivedDataCache/Boot.ddc.
[2018.03.01-04.04.11:614][  0]LogDerivedDataCache: Display: Loaded Boot cache: C:/Users/Calvert/AppData/Local/UnrealEngine/4.18/DerivedDataCache/Boot.ddc
[2018.03.01-04.04.11:614][  0]LogDerivedDataCache: FDerivedDataBackendGraph:  Pak pak cache file ../../../../ue4/steam/DerivedDataCache/DDC.ddp not found, will not use a pak cache.
[2018.03.01-04.04.11:614][  0]LogDerivedDataCache: Unable to find inner node Pak for hierarchical cache Hierarchy.
[2018.03.01-04.04.11:614][  0]LogDerivedDataCache: FDerivedDataBackendGraph:  CompressedPak pak cache file ../../../../ue4/steam/DerivedDataCache/Compressed.ddp not found, will not use a pak cache.
[2018.03.01-04.04.11:614][  0]LogDerivedDataCache: Unable to find inner node CompressedPak for hierarchical cache Hierarchy.
[2018.03.01-04.04.11:634][  0]LogDerivedDataCache: Display: Pak cache opened for reading ../../../Engine/DerivedDataCache/Compressed.ddp.
[2018.03.01-04.04.11:645][  0]LogDerivedDataCache: Using Local data cache path C:/Users/Calvert/AppData/Local/UnrealEngine/Common/DerivedDataCache: Writable
[2018.03.01-04.04.11:655][  0]LogMaterial: Verifying Global Shaders for PCD3D_SM5
[2018.03.01-04.04.11:655][  0]LogSlate: Using Freetype 2.6.0
[2018.03.01-04.04.11:656][  0]LogSlate: SlateFontCache - WITH_FREETYPE: 1, WITH_HARFBUZZ: 1
[2018.03.01-04.04.11:656][  0]LogSlate: SlateFontCache - WITH_FREETYPE: 1, WITH_HARFBUZZ: 1
[2018.03.01-04.04.11:980][  0]LogAssetRegistry: FAssetRegistry took 0.0041 seconds to start up
[2018.03.01-04.04.11:995][  0]LogPackageLocalizationCache: Processed 7 localized package path(s) for 2 prioritized culture(s) in 0.014784 seconds
[2018.03.01-04.04.12:080][  0]LogInit: Selected Device Profile: [Windows]
[2018.03.01-04.04.12:300][  0]LogSimplygon: Simplygon DLL not present - disabling.
[2018.03.01-04.04.12:322][  0]LogMeshReduction: Using SimplygonSwarm for distributed automatic mesh merging
[2018.03.01-04.04.12:322][  0]LogMeshReduction: Using QuadricMeshReduction for automatic static mesh reduction
[2018.03.01-04.04.12:322][  0]LogMeshReduction: No automatic skeletal mesh reduction module available
[2018.03.01-04.04.12:322][  0]LogMeshReduction: No automatic mesh merging module available
[2018.03.01-04.04.12:322][  0]LogMeshMerging: No automatic mesh merging module available
[2018.03.01-04.04.12:344][  0]LogNetVersion: MyProject12 , NetCL: 3709383, EngineNetVer: 2, GameNetVer: 0 (Checksum: 3203290924)
[2018.03.01-04.04.12:539][  0]LogInit: Warning: Passing commandline switches using / instead of - has been deprecated and will be removed in future versions of Unreal Engine.
[2018.03.01-04.04.12:539][  0]LogInit: Warning: Passing commandline switches using / instead of - has been deprecated and will be removed in future versions of Unreal Engine.
[2018.03.01-04.04.12:539][  0]LogInit: Warning: Passing commandline switches using / instead of - has been deprecated and will be removed in future versions of Unreal Engine.
[2018.03.01-04.04.13:548][  0]LogMoviePlayer: Initializing movie player
[2018.03.01-04.04.13:836][  0]LogCollectionManager: Loaded 0 collections in 0.001119 seconds
[2018.03.01-04.04.13:878][  0]LogFileCache: Scanning file cache for directory 'E:/ue4/steam/Saved/Collections/' took 0.01s
[2018.03.01-04.04.13:878][  0]LogFileCache: Scanning file cache for directory 'E:/ue4/steam/Content/Developers/Calvert/Collections/' took 0.01s
[2018.03.01-04.04.13:878][  0]LogFileCache: Scanning file cache for directory 'E:/ue4/steam/Content/Collections/' took 0.01s
[2018.03.01-04.04.13:878][  0]LogCollectionManager: Rebuilt the object cache for 0 collections in 0.000000 seconds (found 0 objects)
[2018.03.01-04.04.13:878][  0]LogCollectionManager: Fixed up redirectors for 0 collections in 0.000099 seconds (updated 0 objects)
[2018.03.01-04.04.13:986][  0]LogTcpMessaging: Initializing TcpMessaging bridge
[2018.03.01-04.04.14:013][  0]LogUdpMessaging: Initializing bridge on interface 0.0.0.0:0 to multicast group 230.0.0.1:6666.
[2018.03.01-04.04.14:292][  0]LogInit: Warning: Passing commandline switches using / instead of - has been deprecated and will be removed in future versions of Unreal Engine.
[2018.03.01-04.04.14:292][  0]SourceControl: Source control is disabled
[2018.03.01-04.04.14:292][  0]SourceControl: Source control is disabled
[2018.03.01-04.04.14:320][  0]SourceControl: Source control is disabled
[2018.03.01-04.04.14:558][  0]LogAndroidPermission: UAndroidPermissionCallbackProxy::GetInstance
[2018.03.01-04.04.14:711][  0]LogOcInput: OculusInput pre-init called
[2018.03.01-04.04.14:781][  0]LogUObjectArray: 38960 objects as part of root set at end of initial load.
[2018.03.01-04.04.14:781][  0]LogUObjectAllocator: 8571448 out of 0 bytes used by permanent object pool.
[2018.03.01-04.04.14:781][  0]LogUObjectArray: CloseDisregardForGC: 0/0 objects in disregard for GC pool
[2018.03.01-04.04.14:853][  0]LogEngine: Initializing Engine...
[2018.03.01-04.04.14:855][  0]LogHMD: Failed to initialize OpenVR with code 110
[2018.03.01-04.04.15:065][  0]LogStats: UGameplayTagsManager::ConstructGameplayTagTree: Construct from data asset -  0.000 s
[2018.03.01-04.04.15:065][  0]LogStats: UGameplayTagsManager::ConstructGameplayTagTree: GameplayTagTreeChangedEvent.Broadcast -  0.000 s
[2018.03.01-04.04.15:084][  0]LogInit: XAudio2 using 'Speakers (7- Logitech USB Headset H340)' : 2 channels at 44.1 kHz using 16 bits per sample (channel mask 0x3)
[2018.03.01-04.04.15:091][  0]LogInit: FAudioDevice initialized.
[2018.03.01-04.04.15:114][  0]LogInit: Texture streaming: Enabled
[2018.03.01-04.04.15:137][  0]LogMaterial: Uniform references updated for custom material expression Custom.
[2018.03.01-04.04.15:356][  0]LogProperty: Error: UStructProperty::Serialize Loading: Property 'StructProperty /Game/UI/MainMenu/optionsMenu.optionsMenu_C:playerInfo'. Unknown structure.
[2018.03.01-04.04.15:357][  0]LogProperty: Error: UStructProperty::Serialize Loading: Property 'StructProperty /Game/Blueprints/allLevels/playerSaveGame.playerSaveGame_C:S_PlayerINfo'. Unknown structure.
[2018.03.01-04.04.15:357][  0]LogClass: Warning: Property S_PlayerINfo of S_PlayerINfo has a struct type mismatch (tag STRUCT_REINST_PlayerInfo_0 != prop FallbackStruct) in package:  ../../../../ue4/steam/Content/Blueprints/allLevels/playerSaveGame.uasset. If that struct got renamed, add an entry to ActiveStructRedirects.
[2018.03.01-04.04.15:392][  0]LogClass: Warning: Property playerInfo of playerInfo has a struct type mismatch (tag STRUCT_REINST_PlayerInfo_0 != prop FallbackStruct) in package:  ../../../../ue4/steam/Content/UI/MainMenu/optionsMenu.uasset. If that struct got renamed, add an entry to ActiveStructRedirects.
[2018.03.01-04.04.15:464][  0]LogClass: Warning: Property S_PlayerINfo of S_PlayerINfo has a struct type mismatch (tag FallbackStruct != prop PlayerInfo) in package:  FObjectReader. If that struct got renamed, add an entry to ActiveStructRedirects.
[2018.03.01-04.04.15:465][  0]LogClass: Warning: Property playerInfo of playerInfo has a struct type mismatch (tag FallbackStruct != prop PlayerInfo) in package:  FObjectReader. If that struct got renamed, add an entry to ActiveStructRedirects.
[2018.03.01-04.04.15:508][  0]LogInit: Warning: Passing commandline switches using / instead of - has been deprecated and will be removed in future versions of Unreal Engine.
[2018.03.01-04.04.15:533][  0]LogInit: Display: Game Engine Initialized.
[2018.03.01-04.04.15:534][  0]LogGameplayTags: Display: UGameplayTagsManager::DoneAddingNativeTags. DelegateIsBound: 0
[2018.03.01-04.04.15:635][  0]LogInit: Display: Starting Game.
[2018.03.01-04.04.15:635][  0]LogNet: Browse: /Game/Maps/mainMenu?Name=Player
[2018.03.01-04.04.15:635][  0]LogLoad: LoadMap: /Game/Maps/mainMenu?Name=Player
[2018.03.01-04.04.15:725][  0]LogAIModule: Creating AISystem for world mainMenu
[2018.03.01-04.04.15:781][  0]LogProperty: Error: UStructProperty::Serialize Loading: Property 'StructProperty /Game/UI/Lobby/gameSettings.gameSettings_C:ExecuteUbergraph_gameSettings.CallFunc_Array_Get_Item'. Unknown structure.
[2018.03.01-04.04.15:782][  0]LogProperty: Error: UStructProperty::Serialize Loading: Property 'StructProperty /Game/UI/Lobby/playerButton.playerButton_C:playerInfo'. Unknown structure.
[2018.03.01-04.04.15:782][  0]LogClass: Warning: Property playerInfo of playerInfo has a struct type mismatch (tag STRUCT_REINST_PlayerInfo_0 != prop FallbackStruct) in package:  ../../../../ue4/steam/Content/UI/Lobby/playerButton.uasset. If that struct got renamed, add an entry to ActiveStructRedirects.
[2018.03.01-04.04.16:040][  0]LogClass: Warning: Property playerInfo of playerInfo has a struct type mismatch (tag FallbackStruct != prop PlayerInfo) in package:  FObjectReader. If that struct got renamed, add an entry to ActiveStructRedirects.
[2018.03.01-04.04.16:235][  0]LogLoad: Game class is 'TopDownGameMode_C'
[2018.03.01-04.04.16:236][  0]LogWorld: Bringing World /Game/Maps/mainMenu.mainMenu up for play (max tick rate 0) at 2018.02.28-20.04.16
[2018.03.01-04.04.16:236][  0]LogWorld: Bringing up level for play took: 0.000500
[2018.03.01-04.04.16:237][  0]LogGameMode: FindPlayerStart: PATHS NOT DEFINED or NO PLAYERSTART with positive rating
[2018.03.01-04.04.16:238][  0]LogScript: Warning: Accessed None trying to read property K2Node_DynamicCast_AsGameplay_PC
	0_baseANimBP_C /Game/Maps/mainMenu.mainMenu:PersistentLevel.0_base_C_0.CharacterMesh0.0_baseANimBP_C_0
	Function /Game/InfinityBladeWarriors/animations/0_baseANimBP.0_baseANimBP_C:ExecuteUbergraph_0_baseANimBP:01E4
[2018.03.01-04.04.16:238][  0]LogScript: Warning: Script call stack:
	Function /Game/InfinityBladeWarriors/animations/0_baseANimBP.0_baseANimBP_C:BlueprintUpdateAnimation
	Function /Game/InfinityBladeWarriors/animations/0_baseANimBP.0_baseANimBP_C:ExecuteUbergraph_0_baseANimBP

[2018.03.01-04.04.16:238][  0]LogScript: Warning: Accessed None trying to read property K2Node_DynamicCast_AsGameplay_PC
	0_baseANimBP_C /Game/Maps/mainMenu.mainMenu:PersistentLevel.0_base_C_0.CharacterMesh0.0_baseANimBP_C_0
	Function /Game/InfinityBladeWarriors/animations/0_baseANimBP.0_baseANimBP_C:ExecuteUbergraph_0_baseANimBP:027E
[2018.03.01-04.04.16:238][  0]LogScript: Warning: Script call stack:
	Function /Game/InfinityBladeWarriors/animations/0_baseANimBP.0_baseANimBP_C:BlueprintUpdateAnimation
	Function /Game/InfinityBladeWarriors/animations/0_baseANimBP.0_baseANimBP_C:ExecuteUbergraph_0_baseANimBP

[2018.03.01-04.04.16:241][  0]LogLoad: Took 0.605826 seconds to LoadMap(/Game/Maps/mainMenu)
[2018.03.01-04.04.16:380][  0]LogRenderer: Reallocating scene render targets to support 1280x720 Format 10 NumSamples 1 (Frame:1).
[2018.03.01-04.04.16:380][  0]LogLoad: (Engine Initialization) Total time: 9.76 seconds
[2018.03.01-04.04.16:380][  0]LogLoad: (Engine Initialization) Total Blueprint compile time: 0.00 seconds
[2018.03.01-04.04.16:380][  0]LogExternalProfiler: Found external profiler: VSPerf
[2018.03.01-04.04.16:380][  0]LogExternalProfiler: Using external profiler: VSPerf
[2018.03.01-04.04.16:421][  0]LogEngine: All Windows Closed
[2018.03.01-04.04.16:422][  0]LogWindows: FPlatformMisc::RequestExit(0)
[2018.03.01-04.04.16:858][  1]LogExit: Preparing to exit.
[2018.03.01-04.04.16:858][  1]LogMoviePlayer: Shutting down movie player
[2018.03.01-04.04.17:050][  1]LogExit: Game engine shut down
[2018.03.01-04.04.17:109][  1]LogExit: Object subsystem successfully closed.
[2018.03.01-04.04.17:127][  1]LogD3D11RHI: Shutdown
[2018.03.01-04.04.17:127][  1]LogD3D11RHI: CleanupD3DDevice
[2018.03.01-04.04.17:127][  1]LogD3D11RHI: ~FD3D11DynamicRHI
[2018.03.01-04.04.17:130][  1]LogModuleManager: Shutting down and abandoning module SequenceRecorderSections (314)
[2018.03.01-04.04.17:131][  1]LogModuleManager: Shutting down and abandoning module SequenceRecorder (312)
[2018.03.01-04.04.17:131][  1]LogModuleManager: Shutting down and abandoning module AutomationController (310)
[2018.03.01-04.04.17:131][  1]LogModuleManager: Shutting down and abandoning module AutomationWorker (308)
[2018.03.01-04.04.17:131][  1]LogModuleManager: Shutting down and abandoning module AIModule (306)
[2018.03.01-04.04.17:131][  1]LogModuleManager: Shutting down and abandoning module GameplayDebugger (305)
[2018.03.01-04.04.17:131][  1]LogModuleManager: Shutting down and abandoning module AITestSuite (303)
[2018.03.01-04.04.17:131][  1]LogModuleManager: Shutting down and abandoning module WmfMediaFactory (300)
[2018.03.01-04.04.17:131][  1]LogModuleManager: Shutting down and abandoning module OpenExrWrapper (298)
[2018.03.01-04.04.17:131][  1]LogModuleManager: Shutting down and abandoning module ImgMediaFactory (296)
[2018.03.01-04.04.17:131][  1]LogModuleManager: Shutting down and abandoning module AvfMediaFactory (294)
[2018.03.01-04.04.17:131][  1]LogModuleManager: Shutting down and abandoning module CharacterAI (292)
[2018.03.01-04.04.17:131][  1]LogModuleManager: Shutting down and abandoning module SessionServices (290)
[2018.03.01-04.04.17:131][  1]LogModuleManager: Shutting down and abandoning module MovieSceneCapture (288)
[2018.03.01-04.04.17:131][  1]LogModuleManager: Shutting down and abandoning module MovieSceneTracks (286)
[2018.03.01-04.04.17:131][  1]LogModuleManager: Shutting down and abandoning module MovieScene (284)
[2018.03.01-04.04.17:131][  1]LogModuleManager: Shutting down and abandoning module GeometryCache (282)
[2018.03.01-04.04.17:131][  1]LogModuleManager: Shutting down and abandoning module GeometryCacheEd (281)
[2018.03.01-04.04.17:131][  1]LogModuleManager: Shutting down and abandoning module StreamingPauseRendering (278)
[2018.03.01-04.04.17:131][  1]LogModuleManager: Shutting down and abandoning module PortalServices (276)
[2018.03.01-04.04.17:131][  1]LogModuleManager: Shutting down and abandoning module PortalRpc (274)
[2018.03.01-04.04.17:131][  1]LogModuleManager: Shutting down and abandoning module MessagingRpc (272)
[2018.03.01-04.04.17:131][  1]LogModuleManager: Shutting down and abandoning module ProfilerService (270)
[2018.03.01-04.04.17:317][  1]LogModuleManager: Shutting down and abandoning module TaskGraph (268)
[2018.03.01-04.04.17:317][  1]LogModuleManager: Shutting down and abandoning module SteamVRController (266)
[2018.03.01-04.04.17:317][  1]LogModuleManager: Shutting down and abandoning module ProceduralMeshComponent (264)
[2018.03.01-04.04.17:317][  1]LogModuleManager: Shutting down and abandoning module OculusInput (262)
[2018.03.01-04.04.17:317][  1]LogModuleManager: Shutting down and abandoning module MobilePatchingUtils (260)
[2018.03.01-04.04.17:317][  1]LogModuleManager: Shutting down and abandoning module CustomMeshComponent (258)
[2018.03.01-04.04.17:317][  1]LogModuleManager: Shutting down and abandoning module CableComponent (256)
[2018.03.01-04.04.17:317][  1]LogModuleManager: Shutting down and abandoning module ArchVisCharacter (254)
[2018.03.01-04.04.17:317][  1]LogModuleManager: Shutting down and abandoning module AndroidPermission (252)
[2018.03.01-04.04.17:317][  1]LogModuleManager: Shutting down and abandoning module ActorSequence (248)
[2018.03.01-04.04.17:317][  1]LogModuleManager: Shutting down and abandoning module MediaCompositing (246)
[2018.03.01-04.04.17:317][  1]LogModuleManager: Shutting down and abandoning module HTML5Networking (244)
[2018.03.01-04.04.17:317][  1]LogModuleManager: Shutting down and abandoning module VisualStudioSourceCodeAccess (242)
[2018.03.01-04.04.17:317][  1]LogModuleManager: Shutting down and abandoning module HotReload (241)
[2018.03.01-04.04.17:317][  1]LogModuleManager: Shutting down and abandoning module VisualStudioCodeSourceCodeAccess (238)
[2018.03.01-04.04.17:317][  1]LogModuleManager: Shutting down and abandoning module UObjectPlugin (236)
[2018.03.01-04.04.17:317][  1]LogModuleManager: Shutting down and abandoning module SubversionSourceControl (234)
[2018.03.01-04.04.17:317][  1]LogModuleManager: Shutting down and abandoning module PerforceSourceControl (232)
[2018.03.01-04.04.17:317][  1]LogModuleManager: Shutting down and abandoning module SourceControl (231)
[2018.03.01-04.04.17:317][  1]LogModuleManager: Shutting down and abandoning module RuntimePhysXCooking (228)
[2018.03.01-04.04.17:317][  1]LogModuleManager: Shutting down and abandoning module PhysXVehiclesEditor (226)
[2018.03.01-04.04.17:317][  1]LogModuleManager: Shutting down and abandoning module PhysXVehicles (224)
[2018.03.01-04.04.17:317][  1]LogModuleManager: Shutting down and abandoning module LocationServicesBPLibrary (222)
[2018.03.01-04.04.17:317][  1]LogModuleManager: Shutting down and abandoning module ImmediatePhysicsEditor (220)
[2018.03.01-04.04.17:317][  1]LogModuleManager: Shutting down and abandoning module ImmediatePhysics (218)
[2018.03.01-04.04.17:317][  1]LogModuleManager: Shutting down and abandoning module UdpMessaging (216)
[2018.03.01-04.04.17:417][  1]LogModuleManager: Shutting down and abandoning module TcpMessaging (214)
[2018.03.01-04.04.17:987][  1]LogModuleManager: Shutting down and abandoning module GameplayTagsEditor (212)
[2018.03.01-04.04.17:987][  1]LogModuleManager: Shutting down and abandoning module FacialAnimation (210)
[2018.03.01-04.04.17:987][  1]LogModuleManager: Shutting down and abandoning module AssetManagerEditor (208)
[2018.03.01-04.04.17:987][  1]LogModuleManager: Shutting down and abandoning module GraphEditor (207)
[2018.03.01-04.04.17:987][  1]LogModuleManager: Shutting down and abandoning module ContentBrowser (205)
[2018.03.01-04.04.17:987][  1]LogModuleManager: Shutting down and abandoning module CollectionManager (204)
[2018.03.01-04.04.17:987][  1]LogDirectoryWatcher: A directory notification for 'E:/ue4/steam/Content/Collections/' was aborted.
[2018.03.01-04.04.17:987][  1]LogDirectoryWatcher: A directory notification for 'E:/ue4/steam/Content/Developers/Calvert/Collections/' was aborted.
[2018.03.01-04.04.17:987][  1]LogDirectoryWatcher: A directory notification for 'E:/ue4/steam/Saved/Collections/' was aborted.
[2018.03.01-04.04.17:987][  1]LogModuleManager: Shutting down and abandoning module DirectoryWatcher (203)
[2018.03.01-04.04.17:987][  1]LogModuleManager: Shutting down and abandoning module LightPropagationVolumeRuntime (198)
[2018.03.01-04.04.17:987][  1]LogModuleManager: Shutting down and abandoning module Paper2D (196)
[2018.03.01-04.04.17:987][  1]LogModuleManager: Shutting down and abandoning module WindowsMoviePlayer (194)
[2018.03.01-04.04.17:987][  1]LogModuleManager: Shutting down and abandoning module WmfMedia (192)
[2018.03.01-04.04.17:988][  1]LogModuleManager: Shutting down and abandoning module ImgMedia (190)
[2018.03.01-04.04.17:988][  1]LogModuleManager: Shutting down and abandoning module PacketHandler (188)
[2018.03.01-04.04.17:988][  1]LogModuleManager: Shutting down and abandoning module ClothingSystemEditor (186)
[2018.03.01-04.04.17:988][  1]LogModuleManager: Shutting down and abandoning module ClothingSystemRuntime (184)
[2018.03.01-04.04.17:988][  1]LogModuleManager: Shutting down and abandoning module MediaAssets (182)
[2018.03.01-04.04.17:988][  1]LogModuleManager: Shutting down and abandoning module Media (181)
[2018.03.01-04.04.17:993][  1]LogModuleManager: Shutting down and abandoning module Overlay (178)
[2018.03.01-04.04.17:993][  1]LogModuleManager: Shutting down and abandoning module OverlayEditor (177)
[2018.03.01-04.04.17:993][  1]LogModuleManager: Shutting down and abandoning module VREditor (174)
[2018.03.01-04.04.17:993][  1]LogModuleManager: Shutting down and abandoning module StringTableEditor (172)
[2018.03.01-04.04.17:993][  1]LogModuleManager: Shutting down and abandoning module GameplayTasksEditor (170)
[2018.03.01-04.04.17:993][  1]LogModuleManager: Shutting down and abandoning module BehaviorTreeEditor (168)
[2018.03.01-04.04.17:993][  1]LogModuleManager: Shutting down and abandoning module FunctionalTesting (166)
[2018.03.01-04.04.17:993][  1]LogModuleManager: Shutting down and abandoning module CollisionAnalyzer (164)
[2018.03.01-04.04.17:993][  1]LogModuleManager: Shutting down and abandoning module WorkspaceMenuStructure (163)
[2018.03.01-04.04.17:993][  1]LogModuleManager: Shutting down and abandoning module UMG (160)
[2018.03.01-04.04.17:993][  1]LogModuleManager: Shutting down and abandoning module UMGEditor (159)
[2018.03.01-04.04.17:993][  1]LogModuleManager: Shutting down and abandoning module Sequencer (158)
[2018.03.01-04.04.17:993][  1]LogModuleManager: Shutting down and abandoning module MessageLog (155)
[2018.03.01-04.04.17:993][  1]LogModuleManager: Shutting down and abandoning module SlateReflector (150)
[2018.03.01-04.04.17:993][  1]LogModuleManager: Shutting down and abandoning module Slate (148)
[2018.03.01-04.04.17:993][  1]LogModuleManager: Shutting down and abandoning module EditorStyle (146)
[2018.03.01-04.04.17:994][  1]LogModuleManager: Shutting down and abandoning module MRMesh (144)
[2018.03.01-04.04.17:994][  1]LogModuleManager: Shutting down and abandoning module Messaging (142)
[2018.03.01-04.04.17:994][  1]LogModuleManager: Shutting down and abandoning module SourceCodeAccess (140)
[2018.03.01-04.04.17:994][  1]LogModuleManager: Shutting down and abandoning module HeadMountedDisplay (138)
[2018.03.01-04.04.17:994][  1]LogModuleManager: Shutting down and abandoning module XAudio2 (136)
[2018.03.01-04.04.17:994][  1]LogModuleManager: Shutting down and abandoning module Networking (134)
[2018.03.01-04.04.17:994][  1]LogModuleManager: Shutting down and abandoning module Core (132)
[2018.03.01-04.04.17:994][  1]LogModuleManager: Shutting down and abandoning module LevelSequence (130)
[2018.03.01-04.04.17:994][  1]LogModuleManager: Shutting down and abandoning module KismetCompiler (128)
[2018.03.01-04.04.17:994][  1]LogModuleManager: Shutting down and abandoning module MeshUtilities (126)
[2018.03.01-04.04.17:994][  1]LogModuleManager: Shutting down and abandoning module MeshMergeUtilities (125)
[2018.03.01-04.04.17:994][  1]LogModuleManager: Shutting down and abandoning module MeshReductionInterface (124)
[2018.03.01-04.04.17:994][  1]LogModuleManager: Shutting down and abandoning module SimplygonSwarm (123)
[2018.03.01-04.04.17:994][  1]LogModuleManager: Shutting down and abandoning module SimplygonMeshReduction (121)
[2018.03.01-04.04.17:994][  1]LogModuleManager: Shutting down and abandoning module QuadricMeshReduction (119)
[2018.03.01-04.04.17:994][  1]LogModuleManager: Shutting down and abandoning module MaterialBaking (115)
[2018.03.01-04.04.17:995][  1]LogModuleManager: Shutting down and abandoning module DerivedDataCache (110)
[2018.03.01-04.04.18:136][  1]LogDerivedDataCache: Shutdown
[2018.03.01-04.04.18:136][  1]LogModuleManager: Shutting down and abandoning module TargetPlatform (108)
[2018.03.01-04.04.18:136][  1]LogModuleManager: Shutting down and abandoning module VulkanShaderFormat (107)
[2018.03.01-04.04.18:136][  1]LogModuleManager: Shutting down and abandoning module ShaderFormatVectorVM (105)
[2018.03.01-04.04.18:136][  1]LogModuleManager: Shutting down and abandoning module ShaderFormatOpenGL (103)
[2018.03.01-04.04.18:136][  1]LogModuleManager: Shutting down and abandoning module ShaderFormatD3D (101)
[2018.03.01-04.04.18:136][  1]LogModuleManager: Shutting down and abandoning module MetalShaderFormat (99)
[2018.03.01-04.04.18:136][  1]LogModuleManager: Shutting down and abandoning module TextureFormatUncompressed (97)
[2018.03.01-04.04.18:136][  1]LogModuleManager: Shutting down and abandoning module TextureFormatPVR (95)
[2018.03.01-04.04.18:136][  1]LogModuleManager: Shutting down and abandoning module TextureFormatDXT (93)
[2018.03.01-04.04.18:136][  1]LogModuleManager: Shutting down and abandoning module TextureFormatIntelISPCTexComp (91)
[2018.03.01-04.04.18:136][  1]LogModuleManager: Shutting down and abandoning module TextureFormatASTC (89)
[2018.03.01-04.04.18:136][  1]LogModuleManager: Shutting down and abandoning module ImageWrapper (88)
[2018.03.01-04.04.18:136][  1]LogModuleManager: Shutting down and abandoning module TextureFormatAndroid (85)
[2018.03.01-04.04.18:136][  1]LogModuleManager: Shutting down and abandoning module AudioFormatOpus (83)
[2018.03.01-04.04.18:136][  1]LogModuleManager: Shutting down and abandoning module AudioFormatOgg (81)
[2018.03.01-04.04.18:136][  1]LogModuleManager: Shutting down and abandoning module AudioFormatADPCM (79)
[2018.03.01-04.04.18:136][  1]LogModuleManager: Shutting down and abandoning module WindowsTargetPlatform (77)
[2018.03.01-04.04.18:136][  1]LogModuleManager: Shutting down and abandoning module WindowsServerTargetPlatform (75)
[2018.03.01-04.04.18:136][  1]LogModuleManager: Shutting down and abandoning module WindowsNoEditorTargetPlatform (73)
[2018.03.01-04.04.18:136][  1]LogModuleManager: Shutting down and abandoning module WindowsClientTargetPlatform (71)
[2018.03.01-04.04.18:136][  1]LogModuleManager: Shutting down and abandoning module InputCore (68)
[2018.03.01-04.04.18:136][  1]LogModuleManager: Shutting down and abandoning module Settings (66)
[2018.03.01-04.04.18:136][  1]LogModuleManager: Shutting down and abandoning module PhysXCooking (64)
[2018.03.01-04.04.18:136][  1]LogModuleManager: Shutting down and abandoning module SteamVR (62)
[2018.03.01-04.04.18:136][  1]LogModuleManager: Shutting down and abandoning module OculusHMD (60)
[2018.03.01-04.04.18:136][  1]LogModuleManager: Shutting down and abandoning module ExampleDeviceProfileSelector (58)
[2018.03.01-04.04.18:136][  1]LogModuleManager: Shutting down and abandoning module AppleARKit (56)
[2018.03.01-04.04.18:136][  1]LogModuleManager: Shutting down and abandoning module AugmentedReality (55)
[2018.03.01-04.04.18:136][  1]LogModuleManager: Shutting down and abandoning module OnlineBlueprintSupport (52)
[2018.03.01-04.04.18:136][  1]LogModuleManager: Shutting down and abandoning module OnlineSubsystem (48)
[2018.03.01-04.04.18:136][  1]LogOnline: Display: STEAM: OnlineSubsystemSteam::Shutdown()
[2018.03.01-04.04.18:137][  1]LogOnline: Display: OSS: FOnlineAsyncTaskManager::Stop() ActiveTask:0000000000000000 Tasks[0/0]
[2018.03.01-04.04.18:160][  1]LogOnline: Display: OSS: FOnlineAsyncTaskManager::Exit() started
[2018.03.01-04.04.18:160][  1]LogOnline: Display: OSS: FOnlineAsyncTaskManager::Exit() finished
[2018.03.01-04.04.18:160][  1]LogOnline: Display: STEAM: OnlineSubsystemSteam::Shutdown()
[2018.03.01-04.04.18:160][  1]LogModuleManager: Shutting down and abandoning module XMPP (43)
[2018.03.01-04.04.18:160][  1]LogModuleManager: Shutting down and abandoning module HTTP (41)
[2018.03.01-04.04.18:170][  1]LogModuleManager: Shutting down and abandoning module SSL (40)
[2018.03.01-04.04.18:171][  1]LogModuleManager: Shutting down and abandoning module AnimationModifiers (36)
[2018.03.01-04.04.18:171][  1]LogModuleManager: Shutting down and abandoning module PropertyEditor (35)
[2018.03.01-04.04.18:171][  1]LogModuleManager: Shutting down and abandoning module AudioEditor (32)
[2018.03.01-04.04.18:171][  1]LogModuleManager: Shutting down and abandoning module TextureCompressor (30)
[2018.03.01-04.04.18:171][  1]LogModuleManager: Shutting down and abandoning module ShaderCore (28)
[2018.03.01-04.04.18:171][  1]LogModuleManager: Shutting down and abandoning module Landscape (26)
[2018.03.01-04.04.18:171][  1]LogModuleManager: Shutting down and abandoning module SlateRHIRenderer (24)
[2018.03.01-04.04.18:171][  1]LogModuleManager: Shutting down and abandoning module OpenGLDrv (22)
[2018.03.01-04.04.18:171][  1]LogModuleManager: Shutting down and abandoning module D3D11RHI (20)
[2018.03.01-04.04.18:171][  1]LogModuleManager: Shutting down and abandoning module AnimGraphRuntime (18)
[2018.03.01-04.04.18:171][  1]LogModuleManager: Shutting down and abandoning module Renderer (16)
[2018.03.01-04.04.18:171][  1]LogModuleManager: Shutting down and abandoning module Engine (14)
[2018.03.01-04.04.18:171][  1]LogModuleManager: Shutting down and abandoning module CoreUObject (12)
[2018.03.01-04.04.18:171][  1]LogModuleManager: Shutting down and abandoning module NetworkFile (10)
[2018.03.01-04.04.18:171][  1]LogModuleManager: Shutting down and abandoning module CookedIterativeFile (8)
[2018.03.01-04.04.18:171][  1]LogModuleManager: Shutting down and abandoning module StreamingFile (6)
[2018.03.01-04.04.18:171][  1]LogModuleManager: Shutting down and abandoning module SandboxFile (4)
[2018.03.01-04.04.18:171][  1]LogModuleManager: Shutting down and abandoning module PakFile (2)
[2018.03.01-04.04.18:173][  1]LogExit: Exiting.
[2018.03.01-04.04.18:174][  1]Log file closed, 02/28/18 20:04:18
