Log file open, 03/08/18 09:53:37
LogWindows: Failed to load 'aqProf.dll' (GetLastError=126)
LogWindows: File 'aqProf.dll' does not exist
LogWindows: Failed to load 'VSPerf140.dll' (GetLastError=126)
LogWindows: File 'VSPerf140.dll' does not exist
LogWindows: Failed to load 'VtuneApi.dll' (GetLastError=126)
LogWindows: File 'VtuneApi.dll' does not exist
LogWindows: Failed to load 'VtuneApi32e.dll' (GetLastError=126)
LogWindows: File 'VtuneApi32e.dll' does not exist
LogInit: Display: Running engine for game: MyProject12
LogPlatformFile: Not using cached read wrapper
LogInit: Display: RandInit(1336517106) SRandInit(1336517106).
LogInit: Read version file with build ID '3709383'
LogInit: Overriding engine version to CL 3794801, compatible CL 3709383
LogInit: Registered custom module enumerator with build ID '3709383'
LogTaskGraph: Started task graph with 5 named threads and 14 total threads with 3 sets of task threads.
LogStats: Stats thread started at 0.160990
LogD3D11RHI: Aftermath initialized
LogModuleManager: Display: Found up-to-date module file ../../../Engine/Plugins/Online/OnlineSubsystemSteam/Binaries/Win64/UE4Editor-OnlineSubsystemSteam.dll (API version 3709383).
LogModuleManager: Display: Found up-to-date module file ../../../Engine/Plugins/Online/OnlineSubsystem/Binaries/Win64/UE4Editor-OnlineSubsystem.dll (API version 3709383).
LogModuleManager: Display: Found up-to-date module file ../../../Engine/Plugins/Online/OnlineSubsystemUtils/Binaries/Win64/UE4Editor-OnlineSubsystemUtils.dll (API version 3709383).
LogModuleManager: Display: Found up-to-date module file ../../../Engine/Plugins/Online/OnlineSubsystemUtils/Binaries/Win64/UE4Editor-OnlineBlueprintSupport.dll (API version 3709383).
LogModuleManager: Display: Found up-to-date module file ../../../Engine/Plugins/2D/Paper2D/Binaries/Win64/UE4Editor-Paper2D.dll (API version 3709383).
LogModuleManager: Display: Found up-to-date module file ../../../Engine/Plugins/2D/Paper2D/Binaries/Win64/UE4Editor-Paper2DEditor.dll (API version 3709383).
LogModuleManager: Display: Found up-to-date module file ../../../Engine/Plugins/2D/Paper2D/Binaries/Win64/UE4Editor-PaperSpriteSheetImporter.dll (API version 3709383).
LogModuleManager: Display: Found up-to-date module file ../../../Engine/Plugins/2D/Paper2D/Binaries/Win64/UE4Editor-PaperTiledImporter.dll (API version 3709383).
LogModuleManager: Display: Found up-to-date module file ../../../Engine/Plugins/2D/Paper2D/Binaries/Win64/UE4Editor-SmartSnapping.dll (API version 3709383).
LogModuleManager: Display: Found up-to-date module file ../../../Engine/Plugins/Blendables/LightPropagationVolume/Binaries/Win64/UE4Editor-LightPropagationVolumeRuntime.dll (API version 3709383).
LogModuleManager: Display: Found up-to-date module file ../../../Engine/Plugins/Blendables/LightPropagationVolume/Binaries/Win64/UE4Editor-LightPropagationVolumeEditor.dll (API version 3709383).
LogModuleManager: Display: Found up-to-date module file ../../../Engine/Plugins/Developer/GitSourceControl/Binaries/Win64/UE4Editor-GitSourceControl.dll (API version 3709383).
LogModuleManager: Display: Found up-to-date module file ../../../Engine/Plugins/Developer/PerforceSourceControl/Binaries/Win64/UE4Editor-PerforceSourceControl.dll (API version 3709383).
LogModuleManager: Display: Found up-to-date module file ../../../Engine/Plugins/Developer/SubversionSourceControl/Binaries/Win64/UE4Editor-SubversionSourceControl.dll (API version 3709383).
LogModuleManager: Display: Found up-to-date module file ../../../Engine/Plugins/Developer/UObjectPlugin/Binaries/Win64/UE4Editor-UObjectPlugin.dll (API version 3709383).
LogModuleManager: Display: Found up-to-date module file ../../../Engine/Plugins/Developer/VisualStudioCodeSourceCodeAccess/Binaries/Win64/UE4Editor-VisualStudioCodeSourceCodeAccess.dll (API version 3709383).
LogModuleManager: Display: Found up-to-date module file ../../../Engine/Plugins/Developer/VisualStudioSourceCodeAccess/Binaries/Win64/UE4Editor-VisualStudioSourceCodeAccess.dll (API version 3709383).
LogModuleManager: Display: Found up-to-date module file ../../../Engine/Plugins/Editor/AssetManagerEditor/Binaries/Win64/UE4Editor-AssetManagerEditor.dll (API version 3709383).
LogModuleManager: Display: Found up-to-date module file ../../../Engine/Plugins/Editor/AudioCapture/Binaries/Win64/UE4Editor-AudioCapture.dll (API version 3709383).
LogModuleManager: Display: Found up-to-date module file ../../../Engine/Plugins/Editor/FacialAnimation/Binaries/Win64/UE4Editor-FacialAnimation.dll (API version 3709383).
LogModuleManager: Display: Found up-to-date module file ../../../Engine/Plugins/Editor/FacialAnimation/Binaries/Win64/UE4Editor-FacialAnimationEditor.dll (API version 3709383).
LogModuleManager: Display: Found up-to-date module file ../../../Engine/Plugins/Editor/GameplayTagsEditor/Binaries/Win64/UE4Editor-GameplayTagsEditor.dll (API version 3709383).
LogModuleManager: Display: Found up-to-date module file ../../../Engine/Plugins/Editor/MobileLauncherProfileWizard/Binaries/Win64/UE4Editor-MobileLauncherProfileWizard.dll (API version 3709383).
LogModuleManager: Display: Found up-to-date module file ../../../Engine/Plugins/Editor/PluginBrowser/Binaries/Win64/UE4Editor-PluginBrowser.dll (API version 3709383).
LogModuleManager: Display: Found up-to-date module file ../../../Engine/Plugins/Editor/SpeedTreeImporter/Binaries/Win64/UE4Editor-SpeedTreeImporter.dll (API version 3709383).
LogModuleManager: Display: Found up-to-date module file ../../../Engine/Plugins/Experimental/AlembicImporter/Binaries/Win64/UE4Editor-AlembicImporter.dll (API version 3709383).
LogModuleManager: Display: Found up-to-date module file ../../../Engine/Plugins/Experimental/AlembicImporter/Binaries/Win64/UE4Editor-AlembicLibrary.dll (API version 3709383).
LogModuleManager: Display: Found up-to-date module file ../../../Engine/Plugins/Experimental/CharacterAI/Binaries/Win64/UE4Editor-CharacterAI.dll (API version 3709383).
LogModuleManager: Display: Found up-to-date module file ../../../Engine/Plugins/Experimental/HTML5Networking/Binaries/Win64/UE4Editor-HTML5Networking.dll (API version 3709383).
LogModuleManager: Display: Found up-to-date module file ../../../Engine/Plugins/Media/AndroidMedia/Binaries/Win64/UE4Editor-AndroidMediaEditor.dll (API version 3709383).
LogModuleManager: Display: Found up-to-date module file ../../../Engine/Plugins/Media/AndroidMedia/Binaries/Win64/UE4Editor-AndroidMediaFactory.dll (API version 3709383).
LogModuleManager: Display: Found up-to-date module file ../../../Engine/Plugins/Media/AvfMedia/Binaries/Win64/UE4Editor-AvfMediaEditor.dll (API version 3709383).
LogModuleManager: Display: Found up-to-date module file ../../../Engine/Plugins/Media/AvfMedia/Binaries/Win64/UE4Editor-AvfMediaFactory.dll (API version 3709383).
LogModuleManager: Display: Found up-to-date module file ../../../Engine/Plugins/Media/AvfMedia/Binaries/Win64/UE4Editor-AvfMediaFactory.dll (API version 3709383).
LogModuleManager: Display: Found up-to-date module file ../../../Engine/Plugins/Media/ImgMedia/Binaries/Win64/UE4Editor-ImgMedia.dll (API version 3709383).
LogModuleManager: Display: Found up-to-date module file ../../../Engine/Plugins/Media/ImgMedia/Binaries/Win64/UE4Editor-ImgMediaEditor.dll (API version 3709383).
LogModuleManager: Display: Found up-to-date module file ../../../Engine/Plugins/Media/ImgMedia/Binaries/Win64/UE4Editor-ImgMediaFactory.dll (API version 3709383).
LogModuleManager: Display: Found up-to-date module file ../../../Engine/Plugins/Media/ImgMedia/Binaries/Win64/UE4Editor-ImgMediaFactory.dll (API version 3709383).
LogModuleManager: Display: Found up-to-date module file ../../../Engine/Plugins/Media/ImgMedia/Binaries/Win64/UE4Editor-OpenExrWrapper.dll (API version 3709383).
LogModuleManager: Display: Found up-to-date module file ../../../Engine/Plugins/Media/MediaCompositing/Binaries/Win64/UE4Editor-MediaCompositing.dll (API version 3709383).
LogModuleManager: Display: Found up-to-date module file ../../../Engine/Plugins/Media/MediaCompositing/Binaries/Win64/UE4Editor-MediaCompositingEditor.dll (API version 3709383).
LogModuleManager: Display: Found up-to-date module file ../../../Engine/Plugins/Media/MediaPlayerEditor/Binaries/Win64/UE4Editor-MediaPlayerEditor.dll (API version 3709383).
LogModuleManager: Display: Found up-to-date module file ../../../Engine/Plugins/Media/WmfMedia/Binaries/Win64/UE4Editor-WmfMedia.dll (API version 3709383).
LogModuleManager: Display: Found up-to-date module file ../../../Engine/Plugins/Media/WmfMedia/Binaries/Win64/UE4Editor-WmfMediaEditor.dll (API version 3709383).
LogModuleManager: Display: Found up-to-date module file ../../../Engine/Plugins/Media/WmfMedia/Binaries/Win64/UE4Editor-WmfMediaFactory.dll (API version 3709383).
LogModuleManager: Display: Found up-to-date module file ../../../Engine/Plugins/Media/WmfMedia/Binaries/Win64/UE4Editor-WmfMediaFactory.dll (API version 3709383).
LogModuleManager: Display: Found up-to-date module file ../../../Engine/Plugins/Messaging/TcpMessaging/Binaries/Win64/UE4Editor-TcpMessaging.dll (API version 3709383).
LogModuleManager: Display: Found up-to-date module file ../../../Engine/Plugins/Messaging/UdpMessaging/Binaries/Win64/UE4Editor-UdpMessaging.dll (API version 3709383).
LogModuleManager: Display: Found up-to-date module file ../../../Engine/Plugins/MovieScene/ActorSequence/Binaries/Win64/UE4Editor-ActorSequence.dll (API version 3709383).
LogModuleManager: Display: Found up-to-date module file ../../../Engine/Plugins/MovieScene/LevelSequenceEditor/Binaries/Win64/UE4Editor-LevelSequenceEditor.dll (API version 3709383).
LogModuleManager: Display: Found up-to-date module file ../../../Engine/Plugins/MovieScene/MatineeToLevelSequence/Binaries/Win64/UE4Editor-MatineeToLevelSequence.dll (API version 3709383).
LogModuleManager: Display: Found up-to-date module file ../../../Engine/Plugins/Runtime/AndroidPermission/Binaries/Win64/UE4Editor-AndroidPermission.dll (API version 3709383).
LogModuleManager: Display: Found up-to-date module file ../../../Engine/Plugins/Online/OnlineSubsystemNull/Binaries/Win64/UE4Editor-OnlineSubsystemNull.dll (API version 3709383).
LogModuleManager: Display: Found up-to-date module file ../../../Engine/Plugins/Runtime/AndroidDeviceProfileSelector/Binaries/Win64/UE4Editor-AndroidDeviceProfileSelector.dll (API version 3709383).
LogModuleManager: Display: Found up-to-date module file ../../../Engine/Plugins/Runtime/AppleARKit/Binaries/Win64/UE4Editor-AppleARKit.dll (API version 3709383).
LogModuleManager: Display: Found up-to-date module file ../../../Engine/Plugins/Runtime/ArchVisCharacter/Binaries/Win64/UE4Editor-ArchVisCharacter.dll (API version 3709383).
LogModuleManager: Display: Found up-to-date module file ../../../Engine/Plugins/Runtime/CableComponent/Binaries/Win64/UE4Editor-CableComponent.dll (API version 3709383).
LogModuleManager: Display: Found up-to-date module file ../../../Engine/Plugins/Runtime/CustomMeshComponent/Binaries/Win64/UE4Editor-CustomMeshComponent.dll (API version 3709383).
LogModuleManager: Display: Found up-to-date module file ../../../Engine/Plugins/Runtime/ExampleDeviceProfileSelector/Binaries/Win64/UE4Editor-ExampleDeviceProfileSelector.dll (API version 3709383).
LogModuleManager: Display: Found up-to-date module file ../../../Engine/Plugins/Runtime/ImmediatePhysics/Binaries/Win64/UE4Editor-ImmediatePhysics.dll (API version 3709383).
LogModuleManager: Display: Found up-to-date module file ../../../Engine/Plugins/Runtime/ImmediatePhysics/Binaries/Win64/UE4Editor-ImmediatePhysicsEditor.dll (API version 3709383).
LogModuleManager: Display: Found up-to-date module file ../../../Engine/Plugins/Runtime/LocationServicesBPLibrary/Binaries/Win64/UE4Editor-LocationServicesBPLibrary.dll (API version 3709383).
LogModuleManager: Display: Found up-to-date module file ../../../Engine/Plugins/Runtime/MobilePatchingUtils/Binaries/Win64/UE4Editor-MobilePatchingUtils.dll (API version 3709383).
LogModuleManager: Display: Found up-to-date module file ../../../Engine/Plugins/Runtime/Oculus/OculusVR/Binaries/Win64/UE4Editor-OculusHMD.dll (API version 3709383).
LogModuleManager: Display: Found up-to-date module file ../../../Engine/Plugins/Runtime/Oculus/OculusVR/Binaries/Win64/UE4Editor-OculusInput.dll (API version 3709383).
LogModuleManager: Display: Found up-to-date module file ../../../Engine/Plugins/Runtime/Oculus/OculusVR/Binaries/Win64/UE4Editor-OculusEditor.dll (API version 3709383).
LogModuleManager: Display: Found up-to-date module file ../../../Engine/Plugins/Runtime/PhysXVehicles/Binaries/Win64/UE4Editor-PhysXVehicles.dll (API version 3709383).
LogModuleManager: Display: Found up-to-date module file ../../../Engine/Plugins/Runtime/PhysXVehicles/Binaries/Win64/UE4Editor-PhysXVehiclesEditor.dll (API version 3709383).
LogModuleManager: Display: Found up-to-date module file ../../../Engine/Plugins/Runtime/ProceduralMeshComponent/Binaries/Win64/UE4Editor-ProceduralMeshComponent.dll (API version 3709383).
LogModuleManager: Display: Found up-to-date module file ../../../Engine/Plugins/Runtime/ProceduralMeshComponent/Binaries/Win64/UE4Editor-ProceduralMeshComponentEditor.dll (API version 3709383).
LogModuleManager: Display: Found up-to-date module file ../../../Engine/Plugins/Runtime/RuntimePhysXCooking/Binaries/Win64/UE4Editor-RuntimePhysXCooking.dll (API version 3709383).
LogModuleManager: Display: Found up-to-date module file ../../../Engine/Plugins/Runtime/Steam/SteamVR/Binaries/Win64/UE4Editor-SteamVR.dll (API version 3709383).
LogModuleManager: Display: Found up-to-date module file ../../../Engine/Plugins/Runtime/Steam/SteamVR/Binaries/Win64/UE4Editor-SteamVRController.dll (API version 3709383).
LogModuleManager: Display: Found up-to-date module file ../../../Engine/Plugins/Runtime/WindowsMoviePlayer/Binaries/Win64/UE4Editor-WindowsMoviePlayer.dll (API version 3709383).
LogPluginManager: Mounting plugin Paper2D
LogPluginManager: Mounting plugin LightPropagationVolume
LogPluginManager: Mounting plugin CodeLiteSourceCodeAccess
LogPluginManager: Mounting plugin GitSourceControl
LogPluginManager: Mounting plugin KDevelopSourceCodeAccess
LogPluginManager: Mounting plugin NullSourceCodeAccess
LogPluginManager: Mounting plugin PerforceSourceControl
LogPluginManager: Mounting plugin SubversionSourceControl
LogPluginManager: Mounting plugin UObjectPlugin
LogPluginManager: Mounting plugin VisualStudioCodeSourceCodeAccess
LogPluginManager: Mounting plugin VisualStudioSourceCodeAccess
LogPluginManager: Mounting plugin XCodeSourceCodeAccess
LogPluginManager: Mounting plugin AssetManagerEditor
LogPluginManager: Mounting plugin AudioCapture
LogPluginManager: Mounting plugin FacialAnimation
LogPluginManager: Mounting plugin GameplayTagsEditor
LogPluginManager: Mounting plugin MobileLauncherProfileWizard
LogPluginManager: Mounting plugin PluginBrowser
LogPluginManager: Mounting plugin SpeedTreeImporter
LogPluginManager: Mounting plugin AlembicImporter
LogPluginManager: Mounting plugin CharacterAI
LogPluginManager: Mounting plugin HTML5Networking
LogPluginManager: Mounting plugin AndroidMedia
LogPluginManager: Mounting plugin AvfMedia
LogPluginManager: Mounting plugin ImgMedia
LogPluginManager: Mounting plugin MediaCompositing
LogPluginManager: Mounting plugin MediaPlayerEditor
LogPluginManager: Mounting plugin WmfMedia
LogPluginManager: Mounting plugin TcpMessaging
LogPluginManager: Mounting plugin UdpMessaging
LogPluginManager: Mounting plugin ActorSequence
LogPluginManager: Mounting plugin LevelSequenceEditor
LogPluginManager: Mounting plugin MatineeToLevelSequence
LogPluginManager: Mounting plugin OnlineSubsystemGooglePlay
LogPluginManager: Mounting plugin OnlineSubsystemIOS
LogPluginManager: Mounting plugin OnlineSubsystem
LogPluginManager: Mounting plugin OnlineSubsystemNull
LogPluginManager: Mounting plugin OnlineSubsystemSteam
LogPluginManager: Mounting plugin OnlineSubsystemUtils
LogPluginManager: Mounting plugin AndroidDeviceProfileSelector
LogPluginManager: Mounting plugin AndroidMoviePlayer
LogPluginManager: Mounting plugin AndroidPermission
LogPluginManager: Mounting plugin AppleARKit
LogPluginManager: Mounting plugin AppleMoviePlayer
LogPluginManager: Mounting plugin ArchVisCharacter
LogPluginManager: Mounting plugin CableComponent
LogPluginManager: Mounting plugin CustomMeshComponent
LogPluginManager: Mounting plugin ExampleDeviceProfileSelector
LogPluginManager: Mounting plugin GoogleCloudMessaging
LogPluginManager: Mounting plugin ImmediatePhysics
LogPluginManager: Mounting plugin IOSDeviceProfileSelector
LogPluginManager: Mounting plugin LinuxDeviceProfileSelector
LogPluginManager: Mounting plugin LocationServicesBPLibrary
LogPluginManager: Mounting plugin MobilePatchingUtils
LogPluginManager: Mounting plugin OculusVR
LogPluginManager: Plugin shader directory ../../../Engine/Plugins/Runtime/Oculus/OculusVR/Shaders found
LogPluginManager: Mapping shader source directory ../../../Engine/Plugins/Runtime/Oculus/OculusVR/Shaders to virtual directory /Plugin/OculusVR
LogPluginManager: Mounting plugin PhysXVehicles
LogPluginManager: Mounting plugin ProceduralMeshComponent
LogPluginManager: Mounting plugin RuntimePhysXCooking
LogPluginManager: Mounting plugin SteamVR
LogPluginManager: Mounting plugin WindowsMoviePlayer
LogInit: Using libcurl 7.47.1
LogInit:  - built for x86_64-pc-win32
LogInit:  - supports SSL with OpenSSL/1.0.2g
LogInit:  - supports HTTP deflate (compression) using libz 1.2.8
LogInit:  - other features:
LogInit:      CURL_VERSION_SSL
LogInit:      CURL_VERSION_LIBZ
LogInit:      CURL_VERSION_IPV6
LogInit:      CURL_VERSION_ASYNCHDNS
LogInit:      CURL_VERSION_LARGEFILE
LogInit:      CURL_VERSION_IDN
LogInit:  CurlRequestOptions (configurable via config and command line):
LogInit:  - bVerifyPeer = false  - Libcurl will NOT verify peer certificate
LogInit:  - bUseHttpProxy = false  - Libcurl will NOT use HTTP proxy
LogInit:  - bDontReuseConnections = false  - Libcurl will reuse connections
LogInit:  - CertBundlePath = nullptr  - Libcurl will use whatever was configured at build time.
LogOnline: Display: STEAM: Loading Steam SDK 1.39
LogOnline: Warning: STEAM: Steam API disabled!
LogOnline: Display: STEAM: OnlineSubsystemSteam::Shutdown()
LogInit: WinSock: version 1.1 (2.2), MaxSocks=32767, MaxUdp=65467
LogInit: Build: ++UE4+Release-4.18-CL-3794801
LogInit: Engine Version: 4.18.2-3794801+++UE4+Release-4.18
LogInit: Compatible Engine Version: 4.18.0-3709383+++UE4+Release-4.18
LogInit: Net CL: 3709383
LogDevObjectVersion: Number of dev versions registered: 16
LogDevObjectVersion:   Dev-Blueprints (B0D832E4-1F89-4F0D-ACCF-7EB736FD4AA2): 10
LogDevObjectVersion:   Dev-Build (E1C64328-A22C-4D53-A36C-8E866417BD8C): 0
LogDevObjectVersion:   Dev-Core (375EC13C-06E4-48FB-B500-84F0262A717E): 2
LogDevObjectVersion:   Dev-Editor (E4B068ED-F494-42E9-A231-DA0B2E46BB41): 20
LogDevObjectVersion:   Dev-Framework (CFFC743F-43B0-4480-9391-14DF171D2073): 30
LogDevObjectVersion:   Dev-Mobile (B02B49B5-BB20-44E9-A304-32B752E40360): 0
LogDevObjectVersion:   Dev-Networking (A4E4105C-59A1-49B5-A7C5-40C4547EDFEE): 0
LogDevObjectVersion:   Dev-Online (39C831C9-5AE6-47DC-9A44-9C173E1C8E7C): 0
LogDevObjectVersion:   Dev-Physics (78F01B33-EBEA-4F98-B9B4-84EACCB95AA2): 0
LogDevObjectVersion:   Dev-Platform (6631380F-2D4D-43E0-8009-CF276956A95A): 0
LogDevObjectVersion:   Dev-Rendering (12F88B9F-8875-4AFC-A67C-D90C383ABD29): 20
LogDevObjectVersion:   Dev-Sequencer (7B5AE74C-D270-4C10-A958-57980B212A5A): 4
LogDevObjectVersion:   Dev-VR (D7296918-1DD6-4BDD-9DE2-64A83CC13884): 0
LogDevObjectVersion:   Dev-LoadTimes (C2A15278-BFE7-4AFE-6C17-90FF531DF755): 1
LogDevObjectVersion:   Private-Geometry (6EACA3D4-40EC-4CC1-B786-8BED09428FC5): 1
LogDevObjectVersion:   Dev-AnimPhys (29E575DD-E0A3-4627-9D10-D276232CDCEA): 12
LogInit: Compiled (64-bit): Dec  8 2017 02:04:53
LogInit: Compiled with Visual C++: 19.00.24215.01
LogInit: Build Configuration: Development
LogInit: Branch Name: ++UE4+Release-4.18
LogInit: Command line:  
LogInit: Base directory: D:/Programs/Epic Games/UE_4.18/Engine/Binaries/Win64/
LogInit: Installed Engine Build: 1
LogInit: Presizing for max 8388607 objects, including 0 objects not considered by GC, pre-allocating 0 bytes for permanent pool.
LogInit: Object subsystem initialized
[2018.03.08-17.53.38:972][  0]LogInit: Selected Device Profile: [Windows]
[2018.03.08-17.53.38:972][  0]LogInit: Applying CVar settings loaded from the selected device profile: [Windows]
[2018.03.08-17.53.38:982][  0]LogInit: Computer: DESKTOP-GML08TH
[2018.03.08-17.53.38:982][  0]LogInit: User: Energy
[2018.03.08-17.53.38:982][  0]LogInit: CPU Page size=4096, Cores=4
[2018.03.08-17.53.38:982][  0]LogInit: High frequency timer resolution =2.630642 MHz
[2018.03.08-17.53.38:982][  0]LogMemory: Memory total: Physical=11.9GB (12GB approx)
[2018.03.08-17.53.38:982][  0]LogMemory: Platform Memory Stats for Windows
[2018.03.08-17.53.38:982][  0]LogMemory: Process Physical Memory: 274.07 MB used, 274.07 MB peak
[2018.03.08-17.53.38:982][  0]LogMemory: Process Virtual Memory: 270.05 MB used, 270.05 MB peak
[2018.03.08-17.53.38:983][  0]LogMemory: Physical Memory: 5080.07 MB used,  7116.63 MB free, 12196.70 MB total
[2018.03.08-17.53.38:983][  0]LogMemory: Virtual Memory: 680.56 MB used,  7116.63 MB free, 134217728.00 MB total
[2018.03.08-17.53.39:083][  0]LogInit: Using OS detected language (en-US).
[2018.03.08-17.53.39:083][  0]LogInit: Using OS detected locale (en-US).
[2018.03.08-17.53.39:086][  0]LogTextLocalizationManager: No specific localization for 'en-US' exists, so the 'en' localization will be used.
[2018.03.08-17.53.39:481][  0]LogInit: Setting process to per monitor DPI aware
[2018.03.08-17.53.45:011][  0]LogD3D11RHI: D3D11 adapters:
[2018.03.08-17.53.45:054][  0]LogD3D11RHI:    0. 'NVIDIA GeForce GTX 870M' (Feature Level 11_0)
[2018.03.08-17.53.45:054][  0]LogD3D11RHI:       3029/0/6098 MB DedicatedVideo/DedicatedSystem/SharedSystem, Outputs:1, VendorId:0x10de
[2018.03.08-17.53.45:059][  0]LogD3D11RHI:    1. 'Intel(R) HD Graphics 4600' (Feature Level 11_0)
[2018.03.08-17.53.45:059][  0]LogD3D11RHI:       112/0/2048 MB DedicatedVideo/DedicatedSystem/SharedSystem, Outputs:0, VendorId:0x8086
[2018.03.08-17.53.45:062][  0]LogD3D11RHI:    2. 'Microsoft Basic Render Driver' (Feature Level 11_0)
[2018.03.08-17.53.45:062][  0]LogD3D11RHI:       0/0/6098 MB DedicatedVideo/DedicatedSystem/SharedSystem, Outputs:0, VendorId:0x1414
[2018.03.08-17.53.45:062][  0]LogD3D11RHI: Chosen D3D11 Adapter: 0
[2018.03.08-17.53.45:067][  0]LogD3D11RHI: Creating new Direct3DDevice
[2018.03.08-17.53.45:067][  0]LogD3D11RHI:     GPU DeviceId: 0x1199 (for the marketing name, search the web for "GPU Device Id")
[2018.03.08-17.53.45:067][  0]LogWindows: EnumDisplayDevices:
[2018.03.08-17.53.45:067][  0]LogWindows:    0. 'Intel(R) HD Graphics 4600' (P:1 D:1)
[2018.03.08-17.53.45:067][  0]LogWindows:    1. 'Intel(R) HD Graphics 4600' (P:0 D:0)
[2018.03.08-17.53.45:067][  0]LogWindows:    2. 'Intel(R) HD Graphics 4600' (P:0 D:0)
[2018.03.08-17.53.45:068][  0]LogWindows:    3. 'NVIDIA GeForce GTX 870M' (P:0 D:0)
[2018.03.08-17.53.45:068][  0]LogWindows:    4. 'NVIDIA GeForce GTX 870M' (P:0 D:0)
[2018.03.08-17.53.45:068][  0]LogWindows:    5. 'NVIDIA GeForce GTX 870M' (P:0 D:0)
[2018.03.08-17.53.45:068][  0]LogWindows:    6. 'NVIDIA GeForce GTX 870M' (P:0 D:0)
[2018.03.08-17.53.45:068][  0]LogWindows: DebugString: GetVideoDriverDetailsInvalid PrimaryIsNotTheChoosenAdapter GetVideoDriverDetailsInvalid PrimaryIsNotTheChoosenAdapter GetVideoDriverDetailsInvalid PrimaryIsNotTheChoosenAdapter GetVideoDriverDetailsInvalid PrimaryIsNotTheChoosenAdapter GetVideoDriverDetailsInvalid PrimaryIsNotTheChoosenAdapter GetVideoDriverDetailsInvalid PrimaryIsNotTheChoosenAdapter GetVideoDriverDetailsInvalid PrimaryIsNotTheChoosenAdapter FoundDriverCount:0 
[2018.03.08-17.53.45:068][  0]LogD3D11RHI:     Adapter Name: NVIDIA GeForce GTX 870M
[2018.03.08-17.53.45:068][  0]LogD3D11RHI:   Driver Version: Unknown (internal:Unknown, unified:Unknown)
[2018.03.08-17.53.45:068][  0]LogD3D11RHI:      Driver Date: Unknown
[2018.03.08-17.53.45:068][  0]LogRHI: Texture pool is 2120 MB (70% of 3029 MB)
[2018.03.08-17.53.45:097][  0]LogD3D11RHI: Async texture creation enabled
[2018.03.08-17.53.45:210][  0]LogD3D11RHI: GPU Timing Frequency: 1000.000000 (Debug: 2 2)
[2018.03.08-17.53.45:211][  0]LogShaderCompilers: Guid format shader working directory is 19 characters bigger than the processId version (../../../../../../UE4/steam/Intermediate/Shaders/WorkingDirectory/10972/).
[2018.03.08-17.53.45:211][  0]LogShaderCompilers: Cleaned the shader compiler working directory 'C:/Users/Energy/AppData/Local/Temp/UnrealShaderWorkingDir/1B0182E74769673FC0C1879E90533123/'.
[2018.03.08-17.53.45:211][  0]LogShaderCompilers: Display: Using Local Shader Compiler.
[2018.03.08-17.53.46:264][  0]LogTemp: Display: Loaded TP AllDesktopTargetPlatform
[2018.03.08-17.53.46:309][  0]LogTemp: Display: Loaded TP MacClientTargetPlatform
[2018.03.08-17.53.46:355][  0]LogTemp: Display: Loaded TP MacNoEditorTargetPlatform
[2018.03.08-17.53.46:402][  0]LogTemp: Display: Loaded TP MacServerTargetPlatform
[2018.03.08-17.53.46:504][  0]LogTemp: Display: Loaded TP MacTargetPlatform
[2018.03.08-17.53.46:550][  0]LogTemp: Display: Loaded TP WindowsClientTargetPlatform
[2018.03.08-17.53.46:599][  0]LogTemp: Display: Loaded TP WindowsNoEditorTargetPlatform
[2018.03.08-17.53.46:642][  0]LogTemp: Display: Loaded TP WindowsServerTargetPlatform
[2018.03.08-17.53.46:681][  0]LogTemp: Display: Loaded TP WindowsTargetPlatform
[2018.03.08-17.53.46:721][  0]LogTemp: Display: Loaded TP Android_ASTCTargetPlatform
[2018.03.08-17.53.46:773][  0]LogTemp: Display: Loaded TP Android_ATCTargetPlatform
[2018.03.08-17.53.46:835][  0]LogTemp: Display: Loaded TP Android_DXTTargetPlatform
[2018.03.08-17.53.46:882][  0]LogTemp: Display: Loaded TP Android_ETC1TargetPlatform
[2018.03.08-17.53.46:932][  0]LogTemp: Display: Loaded TP Android_ETC2TargetPlatform
[2018.03.08-17.53.47:026][  0]LogTemp: Display: Loaded TP Android_MultiTargetPlatform
[2018.03.08-17.53.47:026][  0]LogTemp: Display: Loaded TP Android_PVRTCTargetPlatform
[2018.03.08-17.53.47:086][  0]LogTemp: Display: Loaded TP AndroidTargetPlatform
[2018.03.08-17.53.47:114][  0]LogTemp: Display: Loaded TP HTML5TargetPlatform
[2018.03.08-17.53.47:233][  0]LogTemp: Display: Loaded TP IOSTargetPlatform
[2018.03.08-17.53.47:274][  0]LogTemp: Display: Loaded TP TVOSTargetPlatform
[2018.03.08-17.53.47:329][  0]LogTemp: Display: Loaded TP LinuxClientTargetPlatform
[2018.03.08-17.53.47:377][  0]LogTemp: Display: Loaded TP LinuxNoEditorTargetPlatform
[2018.03.08-17.53.47:427][  0]LogTemp: Display: Loaded TP LinuxServerTargetPlatform
[2018.03.08-17.53.47:476][  0]LogTemp: Display: Loaded TP LinuxTargetPlatform
[2018.03.08-17.53.47:476][  0]LogTargetPlatformManager: Display: Building Assets For Windows
[2018.03.08-17.53.47:860][  0]LogDerivedDataCache: Display: Max Cache Size: 512 MB
[2018.03.08-17.53.47:949][  0]LogDerivedDataCache: Loaded boot cache 0.09s 78MB C:/Users/Energy/AppData/Local/UnrealEngine/4.18/DerivedDataCache/Boot.ddc.
[2018.03.08-17.53.47:950][  0]LogDerivedDataCache: Display: Loaded Boot cache: C:/Users/Energy/AppData/Local/UnrealEngine/4.18/DerivedDataCache/Boot.ddc
[2018.03.08-17.53.47:950][  0]LogDerivedDataCache: FDerivedDataBackendGraph:  Pak pak cache file ../../../../../../UE4/steam/DerivedDataCache/DDC.ddp not found, will not use a pak cache.
[2018.03.08-17.53.47:950][  0]LogDerivedDataCache: Unable to find inner node Pak for hierarchical cache Hierarchy.
[2018.03.08-17.53.47:950][  0]LogDerivedDataCache: FDerivedDataBackendGraph:  CompressedPak pak cache file ../../../../../../UE4/steam/DerivedDataCache/Compressed.ddp not found, will not use a pak cache.
[2018.03.08-17.53.47:950][  0]LogDerivedDataCache: Unable to find inner node CompressedPak for hierarchical cache Hierarchy.
[2018.03.08-17.53.47:969][  0]LogDerivedDataCache: Display: Pak cache opened for reading ../../../Engine/DerivedDataCache/Compressed.ddp.
[2018.03.08-17.53.47:982][  0]LogDerivedDataCache: Using Local data cache path C:/Users/Energy/AppData/Local/UnrealEngine/Common/DerivedDataCache: Writable
[2018.03.08-17.53.47:994][  0]LogMaterial: Verifying Global Shaders for PCD3D_SM5
[2018.03.08-17.53.47:994][  0]LogSlate: Using Freetype 2.6.0
[2018.03.08-17.53.47:995][  0]LogSlate: SlateFontCache - WITH_FREETYPE: 1, WITH_HARFBUZZ: 1
[2018.03.08-17.53.47:995][  0]LogSlate: SlateFontCache - WITH_FREETYPE: 1, WITH_HARFBUZZ: 1
[2018.03.08-17.53.48:377][  0]LogInit: Selected Device Profile: [Windows]
[2018.03.08-17.53.48:748][  0]LogSimplygon: Simplygon DLL not present - disabling.
[2018.03.08-17.53.48:778][  0]LogMeshReduction: Using SimplygonSwarm for distributed automatic mesh merging
[2018.03.08-17.53.48:778][  0]LogMeshReduction: Using QuadricMeshReduction for automatic static mesh reduction
[2018.03.08-17.53.48:778][  0]LogMeshReduction: No automatic skeletal mesh reduction module available
[2018.03.08-17.53.48:778][  0]LogMeshReduction: No automatic mesh merging module available
[2018.03.08-17.53.48:778][  0]LogMeshMerging: No automatic mesh merging module available
[2018.03.08-17.53.48:857][  0]LogNetVersion: MyProject12 , NetCL: 3709383, EngineNetVer: 2, GameNetVer: 0 (Checksum: 3203290924)
[2018.03.08-17.53.49:224][  0]LogAssetRegistry: FAssetRegistry took 0.0262 seconds to start up
[2018.03.08-17.53.49:711][  0]LogPackageLocalizationCache: Processed 7 localized package path(s) for 2 prioritized culture(s) in 0.053359 seconds
[2018.03.08-17.53.49:716][  0]LogUObjectArray: 35907 objects as part of root set at end of initial load.
[2018.03.08-17.53.49:716][  0]LogUObjectAllocator: 7585960 out of 0 bytes used by permanent object pool.
[2018.03.08-17.53.49:716][  0]LogUObjectArray: CloseDisregardForGC: 0/0 objects in disregard for GC pool
[2018.03.08-17.54.27:352][  0]LogTcpMessaging: Initializing TcpMessaging bridge
[2018.03.08-17.54.27:385][  0]LogUdpMessaging: Initializing bridge on interface 0.0.0.0:0 to multicast group 230.0.0.1:6666.
[2018.03.08-17.54.28:408][  0]LogMaterial: Uniform references updated for custom material expression Custom.
[2018.03.08-17.54.28:764][  0]SourceControl: Source control is disabled
[2018.03.08-17.54.31:434][  0]LogAndroidPermission: UAndroidPermissionCallbackProxy::GetInstance
[2018.03.08-17.54.31:664][  0]LogOcInput: OculusInput pre-init called
[2018.03.08-17.54.31:907][  0]LogEngine: Initializing Engine...
[2018.03.08-17.54.31:910][  0]LogHMD: Failed to initialize OpenVR with code 110
[2018.03.08-17.54.32:317][  0]LogStats: UGameplayTagsManager::ConstructGameplayTagTree: Construct from data asset -  0.000 s
[2018.03.08-17.54.32:318][  0]LogStats: UGameplayTagsManager::ConstructGameplayTagTree: GameplayTagTreeChangedEvent.Broadcast -  0.000 s
[2018.03.08-17.54.32:424][  0]LogAIModule: Creating AISystem for world Untitled
[2018.03.08-17.54.32:432][  0]LogInit: XAudio2 using 'Speakers (High Definition Audio Device)' : 2 channels at 44.1 kHz using 16 bits per sample (channel mask 0x3)
[2018.03.08-17.54.32:453][  0]LogInit: FAudioDevice initialized.
[2018.03.08-17.54.32:531][  0]LogDerivedDataCache: Saved boot cache 0.08s 78MB C:/Users/Energy/AppData/Local/UnrealEngine/4.18/DerivedDataCache/Boot.ddc.
[2018.03.08-17.54.32:543][  0]LogInit: Texture streaming: Enabled
[2018.03.08-17.54.32:654][  0]LogEngineSessionManager: EngineSessionManager initialized
[2018.03.08-17.54.32:753][  0]LogWindowsTextInputMethodSystem: Display: IME system now deactivated.
[2018.03.08-17.54.32:874][  0]LogInit: Transaction tracking system initialized
[2018.03.08-17.54.33:409][  0]BlueprintLog: New page: Editor Load
[2018.03.08-17.54.36:639][  0]LocalizationService: Localization service is disabled
[2018.03.08-17.54.39:673][  0]LogConsoleResponse: Display: 
[2018.03.08-17.54.43:974][  0]LogCook: Display: Max memory allowance for cook 16384mb min free memory 0mb
[2018.03.08-17.54.43:974][  0]LogCook: Display: Mobile HDR setting 1
[2018.03.08-17.54.43:974][  0]LogGameplayTags: Display: UGameplayTagsManager::DoneAddingNativeTags. DelegateIsBound: 0
[2018.03.08-17.54.44:606][  0]LogFileCache: Scanning file cache for directory 'D:/UE4/steam/Content/' took 0.08s
[2018.03.08-17.54.48:450][  0]Cmd: MAP LOAD FILE="../../../../../../UE4/steam/Content/Maps/mainMenu.umap" TEMPLATE=0 SHOWPROGRESS=1 FEATURELEVEL=3
[2018.03.08-17.54.48:450][  0]LightingResults: New page: Lighting Build
[2018.03.08-17.54.48:478][  0]MapCheck: New page: Map Check
[2018.03.08-17.54.48:478][  0]LightingResults: New page: Lighting Build
[2018.03.08-17.54.48:528][  0]LogProperty: Error: UStructProperty::Serialize Loading: Property 'StructProperty /Game/UI/MainMenu/optionsMenu.optionsMenu_C:playerInfo'. Unknown structure.
[2018.03.08-17.54.48:531][  0]LogProperty: Error: UStructProperty::Serialize Loading: Property 'StructProperty /Game/Blueprints/allLevels/playerSaveGame.playerSaveGame_C:S_PlayerINfo'. Unknown structure.
[2018.03.08-17.54.48:531][  0]LogClass: Warning: Property S_PlayerINfo of S_PlayerINfo has a struct type mismatch (tag STRUCT_REINST_PlayerInfo_0 != prop FallbackStruct) in package:  ../../../../../../UE4/steam/Content/Blueprints/allLevels/playerSaveGame.uasset. If that struct got renamed, add an entry to ActiveStructRedirects.
[2018.03.08-17.54.48:560][  0]LogClass: Warning: Property playerInfo of playerInfo has a struct type mismatch (tag STRUCT_REINST_PlayerInfo_0 != prop FallbackStruct) in package:  ../../../../../../UE4/steam/Content/UI/MainMenu/optionsMenu.uasset. If that struct got renamed, add an entry to ActiveStructRedirects.
[2018.03.08-17.54.48:629][  0]LogClass: Warning: Property S_PlayerINfo of S_PlayerINfo has a struct type mismatch (tag FallbackStruct != prop PlayerInfo) in package:  FObjectReader. If that struct got renamed, add an entry to ActiveStructRedirects.
[2018.03.08-17.54.48:630][  0]LogClass: Warning: Property playerInfo of playerInfo has a struct type mismatch (tag FallbackStruct != prop PlayerInfo) in package:  FObjectReader. If that struct got renamed, add an entry to ActiveStructRedirects.
[2018.03.08-17.54.48:790][  0]LogAIModule: Creating AISystem for world mainMenu
[2018.03.08-17.54.48:792][  0]LogEditorServer: Finished looking for orphan Actors (0.000 secs)
[2018.03.08-17.54.48:802][  0]Cmd: MAP CHECKDEP NOCLEARLOG
[2018.03.08-17.54.48:842][  0]MapCheck: Map check complete: 0 Error(s), 0 Warning(s), took 39.376ms to complete.
[2018.03.08-17.54.48:842][  0]LogFileHelpers: Loading map 'mainMenu' took 0.392
[2018.03.08-17.54.49:315][  0]LogCollectionManager: Loaded 0 collections in 0.000845 seconds
[2018.03.08-17.54.49:391][  0]LogFileCache: Scanning file cache for directory 'D:/UE4/steam/Saved/Collections/' took 0.01s
[2018.03.08-17.54.49:391][  0]LogFileCache: Scanning file cache for directory 'D:/UE4/steam/Content/Developers/Energy/Collections/' took 0.01s
[2018.03.08-17.54.49:391][  0]LogFileCache: Scanning file cache for directory 'D:/UE4/steam/Content/Collections/' took 0.01s
[2018.03.08-17.54.49:391][  0]LogCollectionManager: Rebuilt the GUID cache for 0 collections in 0.000000 seconds
[2018.03.08-17.54.49:399][  0]LogContentBrowser: Native class hierarchy populated in 0.0082 seconds. Added 2365 classes and 522 folders.
[2018.03.08-17.54.49:448][  0]LogContentBrowser: Native class hierarchy updated for 'WidgetCarousel' in 0.0002 seconds. Added 0 classes and 0 folders.
[2018.03.08-17.54.55:283][  0]LogContentBrowser: Native class hierarchy updated for 'AddContentDialog' in 0.0002 seconds. Added 0 classes and 0 folders.
[2018.03.08-17.54.55:365][  0]LogContentBrowser: Native class hierarchy updated for 'SceneOutliner' in 0.0003 seconds. Added 1 classes and 2 folders.
[2018.03.08-17.54.55:572][  0]LogSlate: Took 0.027879 seconds to synchronously load lazily loaded font '../../../Engine/Content/Slate/Fonts/Roboto-Regular.ttf' (155K)
[2018.03.08-17.54.55:578][  0]LogSlate: Took 0.003980 seconds to synchronously load lazily loaded font '../../../Engine/Content/Slate/Fonts/Roboto-Bold.ttf' (160K)
[2018.03.08-17.54.55:598][  0]LogSlate: Took 0.014551 seconds to synchronously load lazily loaded font '../../../Engine/Content/Editor/Slate/Fonts/FontAwesome.ttf' (139K)
[2018.03.08-17.54.55:930][  0]LogRenderer: Reallocating scene render targets to support 1136x628 Format 9 NumSamples 1 (Frame:1).
[2018.03.08-17.54.56:145][  0]LogContentBrowser: Native class hierarchy updated for 'HierarchicalLODOutliner' in 0.0003 seconds. Added 1 classes and 2 folders.
[2018.03.08-17.54.56:145][  0]LogLoad: (Engine Initialization) Total time: 79.00 seconds
[2018.03.08-17.54.56:145][  0]LogLoad: (Engine Initialization) Total Blueprint compile time: 0.00 seconds
[2018.03.08-17.54.56:145][  0]LogExternalProfiler: No external profilers were discovered.  External profiling features will not be available.
[2018.03.08-17.54.56:175][  0]SourceControl: On branch daniel
[2018.03.08-17.54.56:175][  0]SourceControl: Your branch is up-to-date with 'origin/daniel'.
[2018.03.08-17.54.56:175][  0]SourceControl: Changes not staged for commit:
[2018.03.08-17.54.56:175][  0]SourceControl:   (use "git add/rm <file>..." to update what will be committed)
[2018.03.08-17.54.56:175][  0]SourceControl:   (use "git checkout -- <file>..." to discard changes in working directory)
[2018.03.08-17.54.56:175][  0]SourceControl: 	modified:   Intermediate/CachedAssetRegistry.bin
[2018.03.08-17.54.56:175][  0]SourceControl: 	modified:   Saved/AutoScreenshot.png
[2018.03.08-17.54.56:175][  0]SourceControl: 	modified:   Saved/Autosaves/PackageRestoreData.json
[2018.03.08-17.54.56:175][  0]SourceControl: 	modified:   Saved/Config/Windows/EditorPerProjectUserSettings.ini
[2018.03.08-17.54.56:175][  0]SourceControl: 	modified:   Saved/Config/Windows/Engine.ini
[2018.03.08-17.54.56:175][  0]SourceControl: 	deleted:    Saved/Logs/MyProject12-backup-2018.03.06-10.13.44.log
[2018.03.08-17.54.56:175][  0]SourceControl: 	deleted:    Saved/Logs/MyProject12-backup-2018.03.06-10.23.34.log
[2018.03.08-17.54.56:175][  0]SourceControl: Untracked files:
[2018.03.08-17.54.56:175][  0]SourceControl:   (use "git add <file>..." to include in what will be committed)
[2018.03.08-17.54.56:175][  0]SourceControl: 	Saved/Config/CrashReportClient/UE4CC-Windows-2CD708F849B3C419FB32509C0E79849A/
[2018.03.08-17.54.56:175][  0]SourceControl: 	Saved/Config/CrashReportClient/UE4CC-Windows-C8CD3BBE43CD9003F8D5ADBBA62FF434/
[2018.03.08-17.54.56:175][  0]SourceControl: 	Saved/Logs/MyProject12-backup-2018.03.08-08.34.10.log
[2018.03.08-17.54.56:175][  0]SourceControl: 	Saved/Logs/MyProject12-backup-2018.03.08-09.53.37.log
[2018.03.08-17.54.56:175][  0]SourceControl: no changes added to commit (use "git add" and/or "git commit -a")
[2018.03.08-17.54.56:176][  0]LogContentStreaming: Texture pool size now 800 MB
[2018.03.08-17.54.56:323][  2]LogAssetRegistry: Asset discovery search completed in 67.1213 seconds
[2018.03.08-17.54.56:330][  2]LogCollectionManager: Rebuilt the object cache for 0 collections in 0.000001 seconds (found 0 objects)
[2018.03.08-17.54.56:330][  2]LogCollectionManager: Fixed up redirectors for 0 collections in 0.000059 seconds (updated 0 objects)
[2018.03.08-17.55.00:395][427]LogSlate: Took 0.107114 seconds to synchronously load lazily loaded font '../../../Engine/Content/Slate/Fonts/Roboto-Light.ttf' (159K)
[2018.03.08-17.55.09:806][703]LogRenderer: Reallocating scene render targets to support 1136x632 Format 9 NumSamples 1 (Frame:693).
[2018.03.08-17.55.18:860][ 17]LogSlate: Took 0.000154 seconds to synchronously load lazily loaded font '../../../Engine/Content/Slate/Fonts/Roboto-Light.ttf' (159K)
[2018.03.08-17.55.20:058][ 17]LogSlate: Took 0.000127 seconds to synchronously load lazily loaded font '../../../Engine/Content/Slate/Fonts/Roboto-Regular.ttf' (155K)
[2018.03.08-17.55.27:910][ 17]LogAIModule: Creating AISystem for world TestMap_1
[2018.03.08-17.55.28:005][ 17]Cmd: MAP LOAD FILE="../../../../../../UE4/steam/Content/Daniel/Level/TestMap_1.umap" TEMPLATE=0 SHOWPROGRESS=1 FEATURELEVEL=3
[2018.03.08-17.55.28:005][ 17]LightingResults: New page: Lighting Build
[2018.03.08-17.55.28:005][ 17]LoadErrors: New page: Loading map: TestMap_1.umap
[2018.03.08-17.55.28:006][ 17]MapCheck: New page: Map Check
[2018.03.08-17.55.28:006][ 17]LightingResults: New page: Lighting Build
[2018.03.08-17.55.28:111][ 17]LogEditorServer: Finished looking for orphan Actors (0.000 secs)
[2018.03.08-17.55.28:223][ 17]Cmd: MAP CHECKDEP NOCLEARLOG
[2018.03.08-17.55.28:270][ 17]MapCheck: Map check complete: 0 Error(s), 0 Warning(s), took 46.683ms to complete.
[2018.03.08-17.55.28:270][ 17]LogFileHelpers: Loading map 'TestMap_1' took 0.266
[2018.03.08-17.55.44:959][610]LogFactory: FactoryCreateFile: StaticMesh with FbxFactory (0 0 ../../../../../../PolyGround/3D/props/finished_props/V1/New/city_1_church_1.fbx)
[2018.03.08-17.55.44:975][610]LogFbx: ItemName: GlobalSettings, ItemCount : 1
[2018.03.08-17.55.44:975][610]LogFbx: ItemName: AnimationStack, ItemCount : 1
[2018.03.08-17.55.44:975][610]LogFbx: ItemName: AnimationLayer, ItemCount : 1
[2018.03.08-17.55.44:975][610]LogFbx: ItemName: NodeAttribute, ItemCount : 76
[2018.03.08-17.55.44:975][610]LogFbx: ItemName: Model, ItemCount : 77
[2018.03.08-17.55.44:975][610]LogFbx: ItemName: Geometry, ItemCount : 1
[2018.03.08-17.55.44:976][610]LogFbx: ItemName: Material, ItemCount : 1
[2018.03.08-17.55.44:976][610]LogFbx: ItemName: Texture, ItemCount : 1
[2018.03.08-17.55.44:976][610]LogFbx: ItemName: Video, ItemCount : 1
[2018.03.08-17.55.44:980][610]LogFbx: Loading FBX Scene from ../../../../../../PolyGround/3D/props/finished_props/V1/New/city_1_church_1.fbx
[2018.03.08-17.55.45:009][610]LogFbx: FBX Scene Loaded Succesfully
[2018.03.08-17.55.46:752][610]LogFbx: Loading FBX Scene from ../../../../../../PolyGround/3D/props/finished_props/V1/New/city_1_church_1.fbx
[2018.03.08-17.55.46:780][610]LogFbx: FBX Scene Loaded Succesfully
[2018.03.08-17.55.46:831][610]LogFbx: Warning: Triangulating static mesh pCube554
[2018.03.08-17.55.46:992][610]LogStaticMesh: Building static mesh city_1_church_1...
[2018.03.08-17.55.47:380][610]LogStaticMesh: Built static mesh [0.39s] /Game/Daniel/Props/city_1_church_1.city_1_church_1
[2018.03.08-17.55.47:531][610]LogStaticMesh: Warning: city_1_church_1 has degenerate tangent bases which will result in incorrect shading.  MikkTSpace relies on tangent bases and may result in mesh corruption, consider disabling this option.
[2018.03.08-17.55.47:531][610]LogStaticMesh: Warning: city_1_church_1 has some nearly zero bi-normals which can create some issues. (Tolerance of 1E-4)
[2018.03.08-17.55.47:538][610]FBXImport: Warning: city_1_church_1 has degenerate tangent bases which will result in incorrect shading.  MikkTSpace relies on tangent bases and may result in mesh corruption, consider disabling this option. 
[2018.03.08-17.55.47:538][610]FBXImport: Warning: city_1_church_1 has some nearly zero bi-normals which can create some issues. (Tolerance of 1E-4) 
[2018.03.08-17.56.00:341][382]LogActorFactory: Actor Factory created city_1_church_1
[2018.03.08-17.56.01:204][467]LogActorFactory: Actor Factory created city_1_church_1
[2018.03.08-17.56.03:981][648]LogRenderer: Reallocating scene render targets to support 1136x636 Format 9 NumSamples 1 (Frame:1598).
[2018.03.08-17.56.04:024][649]LogRenderer: Reallocating scene render targets to support 1136x648 Format 9 NumSamples 1 (Frame:1600).
[2018.03.08-17.56.04:232][660]Cmd: CAMERA ALIGN ACTIVEVIEWPORTONLY
[2018.03.08-17.56.28:223][  4]Cmd: CAMERA ALIGN ACTIVEVIEWPORTONLY
[2018.03.08-17.56.30:784][240]LogEditorViewport: Clicking on Actor (LMB): StaticMeshActor (city_1_house_10)
[2018.03.08-17.56.31:943][355]Cmd: DELETE
[2018.03.08-17.56.31:943][355]Cmd: ACTOR DELETE
[2018.03.08-17.56.31:954][355]LogEditorActor: Deleted Actor: StaticMeshActor
[2018.03.08-17.56.31:963][355]LogEditorActor: Deleted 1 Actors (0.020 secs)
[2018.03.08-17.56.34:813][667]LogEditorViewport: Clicking on Actor (LMB): StaticMeshActor (city_1_church_1)
[2018.03.08-17.56.41:899][356]LogEditorViewport: Clicking on Actor (LMB): StaticMeshActor (barrels_9)
[2018.03.08-17.56.47:767][937]LogEditorViewport: Clicking on Actor (LMB): StaticMeshActor (city_1_church_1)
[2018.03.08-17.56.52:638][436]LogEditorViewport: Clicking on Actor (LMB): StaticMeshActor (plate_small)
[2018.03.08-17.58.50:920][679]LogEditorFactories: Performing atomic reimport of [D:/PolyGround/3D/props/finished_props/V1/New/city_1_church_1.fbx]
[2018.03.08-17.58.50:949][679]LogFbx: Loading FBX Scene from D:/PolyGround/3D/props/finished_props/V1/New/city_1_church_1.fbx
[2018.03.08-17.58.50:977][679]LogFbx: FBX Scene Loaded Succesfully
[2018.03.08-17.58.51:030][679]LogFbx: Warning: Triangulating static mesh pCube554
[2018.03.08-17.58.51:183][679]LogStaticMesh: Building static mesh city_1_church_1...
[2018.03.08-17.58.51:538][679]LogStaticMesh: Built static mesh [0.35s] /Game/Daniel/Props/city_1_church_1.city_1_church_1
[2018.03.08-17.58.51:573][679]LogStaticMesh: Warning: city_1_church_1 has degenerate tangent bases which will result in incorrect shading.  MikkTSpace relies on tangent bases and may result in mesh corruption, consider disabling this option.
[2018.03.08-17.58.51:573][679]LogStaticMesh: Warning: city_1_church_1 has some nearly zero bi-normals which can create some issues. (Tolerance of 1E-4)
[2018.03.08-17.58.51:577][679]LogEditorFactories: -- imported successfully
[2018.03.08-17.58.51:582][679]FBXImport: Warning: city_1_church_1 has degenerate tangent bases which will result in incorrect shading.  MikkTSpace relies on tangent bases and may result in mesh corruption, consider disabling this option. 
[2018.03.08-17.58.51:582][679]FBXImport: Warning: city_1_church_1 has some nearly zero bi-normals which can create some issues. (Tolerance of 1E-4) 
[2018.03.08-17.58.51:653][679]LogSlate: Took 0.000202 seconds to synchronously load lazily loaded font '../../../Engine/Content/Slate/Fonts/Roboto-Light.ttf' (159K)
[2018.03.08-17.58.58:714][101]LogEditorViewport: Clicking on Actor (LMB): StaticMeshActor (city_1_church_1)
[2018.03.08-17.59.02:548][485]Cmd: TRANSACTION UNDO
[2018.03.08-17.59.02:548][485]LogEditorTransaction: Undo Rotate Actors
[2018.03.08-17.59.17:167][665]LogEditorViewport: Clicking on Actor (LMB): StaticMeshActor (plate_small)
[2018.03.08-17.59.21:081][  4]LogEditorViewport: Clicking on Actor (LMB): StaticMeshActor (city_1_church_1)
[2018.03.08-17.59.40:262][728]Cmd: OBJ SAVEPACKAGE PACKAGE="/Game/Daniel/Level/TestMap_1" FILE="../../../../../../UE4/steam/Content/Daniel/Level/TestMap_1.umap" SILENT=true AUTOSAVING=false KEEPDIRTY=false
[2018.03.08-17.59.40:856][728]LogSavePackage: Save=229.33ms
[2018.03.08-17.59.40:857][728]LogSavePackage: Moving '../../../../../../UE4/steam/Saved/TestMap_1F3C87CD342A9FCDE33D861AB5F020180.tmp' to '../../../../../../UE4/steam/Content/Daniel/Level/TestMap_1.umap'
[2018.03.08-17.59.40:860][728]LogSavePackage: Display: Finished SavePackage ../../../../../../UE4/steam/Content/Daniel/Level/TestMap_1.umap
[2018.03.08-17.59.40:997][728]Cmd: OBJ SAVEPACKAGE PACKAGE="/Game/Daniel/Level/TestMap_1_BuiltData" FILE="../../../../../../UE4/steam/Content/Daniel/Level/TestMap_1_BuiltData.uasset" SILENT=true
[2018.03.08-17.59.41:036][728]LogSavePackage: Save=16.78ms
[2018.03.08-17.59.41:036][728]LogSavePackage: Moving '../../../../../../UE4/steam/Saved/TestMap_1_BuiltData275F251640B9108EBE8FE1846673C9DD.tmp' to '../../../../../../UE4/steam/Content/Daniel/Level/TestMap_1_BuiltData.uasset'
[2018.03.08-17.59.41:036][728]LogSavePackage: Display: Finished SavePackage ../../../../../../UE4/steam/Content/Daniel/Level/TestMap_1_BuiltData.uasset
[2018.03.08-18.00.56:915][415]LogEditorFactories: Performing atomic reimport of [D:/PolyGround/3D/props/finished_props/V1/New/city_1_church_1.fbx]
[2018.03.08-18.00.56:980][415]LogFbx: Loading FBX Scene from D:/PolyGround/3D/props/finished_props/V1/New/city_1_church_1.fbx
[2018.03.08-18.00.57:008][415]LogFbx: FBX Scene Loaded Succesfully
[2018.03.08-18.00.57:061][415]LogFbx: Warning: Triangulating static mesh pCube554
[2018.03.08-18.00.57:230][415]LogStaticMesh: Building static mesh city_1_church_1...
[2018.03.08-18.00.57:583][415]LogStaticMesh: Built static mesh [0.35s] /Game/Daniel/Props/city_1_church_1.city_1_church_1
[2018.03.08-18.00.57:619][415]LogStaticMesh: Warning: city_1_church_1 has degenerate tangent bases which will result in incorrect shading.  MikkTSpace relies on tangent bases and may result in mesh corruption, consider disabling this option.
[2018.03.08-18.00.57:620][415]LogStaticMesh: Warning: city_1_church_1 has some nearly zero bi-normals which can create some issues. (Tolerance of 1E-4)
[2018.03.08-18.00.57:625][415]LogEditorFactories: -- imported successfully
[2018.03.08-18.00.57:630][415]FBXImport: Warning: city_1_church_1 has degenerate tangent bases which will result in incorrect shading.  MikkTSpace relies on tangent bases and may result in mesh corruption, consider disabling this option. 
[2018.03.08-18.00.57:630][415]FBXImport: Warning: city_1_church_1 has some nearly zero bi-normals which can create some issues. (Tolerance of 1E-4) 
[2018.03.08-18.08.33:472][902]Cmd: OBJ SAVEPACKAGE PACKAGE="/Game/Daniel/Props/city_1_church_1" FILE="../../../../../../UE4/steam/Content/Daniel/Props/city_1_church_1.uasset" SILENT=true
[2018.03.08-18.08.33:491][902]LogSavePackage: Save=16.80ms
[2018.03.08-18.08.33:491][902]LogSavePackage: Moving '../../../../../../UE4/steam/Saved/city_1_church_1EB2CFED14F0BB78A42487AB5264747A3.tmp' to '../../../../../../UE4/steam/Content/Daniel/Props/city_1_church_1.uasset'
[2018.03.08-18.08.33:493][902]LogSavePackage: Display: Finished SavePackage ../../../../../../UE4/steam/Content/Daniel/Props/city_1_church_1.uasset
[2018.03.08-18.08.42:585][244]Cmd: OBJ SAVEPACKAGE PACKAGE="/Game/Daniel/Level/TestMap_1" FILE="../../../../../../UE4/steam/Content/Daniel/Level/TestMap_1.umap" SILENT=true AUTOSAVING=false KEEPDIRTY=false
[2018.03.08-18.08.42:854][244]LogSavePackage: Save=232.15ms
[2018.03.08-18.08.42:854][244]LogSavePackage: Moving '../../../../../../UE4/steam/Saved/TestMap_1F1D2FD1B4A49C5761924EBBFC92B16BA.tmp' to '../../../../../../UE4/steam/Content/Daniel/Level/TestMap_1.umap'
[2018.03.08-18.08.42:856][244]LogSavePackage: Display: Finished SavePackage ../../../../../../UE4/steam/Content/Daniel/Level/TestMap_1.umap
[2018.03.08-18.08.42:886][244]LogFileHelpers: Saving map 'TestMap_1' took 0.350
[2018.03.08-18.08.43:193][245]Cmd: QUIT_EDITOR
[2018.03.08-18.08.43:207][245]LogWindowsTextInputMethodSystem: Display: IME system now deactivated.
[2018.03.08-18.08.43:220][245]LogExit: Preparing to exit.
[2018.03.08-18.08.43:685][245]LogDirectoryWatcher: A directory notification for 'D:/UE4/steam/Content/' was aborted.
[2018.03.08-18.08.43:706][245]LogExit: Editor shut down
[2018.03.08-18.08.43:709][245]LogExit: Transaction tracking system shut down
[2018.03.08-18.08.43:848][245]LogDirectoryWatcher: A directory notification for '../../../Engine/Content/' was aborted.
[2018.03.08-18.08.43:848][245]LogDirectoryWatcher: A directory notification for '../../../../../../UE4/steam/Content/' was aborted.
[2018.03.08-18.08.43:848][245]LogDirectoryWatcher: A directory notification for '../../../Engine/Plugins/2D/Paper2D/Content/' was aborted.
[2018.03.08-18.08.43:848][245]LogDirectoryWatcher: A directory notification for '../../../Engine/Plugins/Media/MediaCompositing/Content/' was aborted.
[2018.03.08-18.08.43:848][245]LogDirectoryWatcher: A directory notification for '../../../Engine/Plugins/Runtime/AppleARKit/Content/' was aborted.
[2018.03.08-18.08.43:848][245]LogDirectoryWatcher: A directory notification for '../../../Engine/Plugins/Runtime/Oculus/OculusVR/Content/' was aborted.
[2018.03.08-18.08.43:848][245]LogDirectoryWatcher: A directory notification for '../../../Engine/Plugins/Runtime/Steam/SteamVR/Content/' was aborted.
[2018.03.08-18.08.43:910][245]LogExit: Object subsystem successfully closed.
[2018.03.08-18.08.43:939][245]LogD3D11RHI: Shutdown
[2018.03.08-18.08.43:939][245]LogD3D11RHI: CleanupD3DDevice
[2018.03.08-18.08.43:943][245]LogD3D11RHI: ~FD3D11DynamicRHI
[2018.03.08-18.08.43:950][245]LogModuleManager: Shutting down and abandoning module HierarchicalLODOutliner (550)
[2018.03.08-18.08.43:950][245]LogModuleManager: Shutting down and abandoning module SceneOutliner (548)
[2018.03.08-18.08.43:950][245]LogModuleManager: Shutting down and abandoning module AddContentDialog (546)
[2018.03.08-18.08.43:951][245]LogDirectoryWatcher: A directory notification for 'D:/Programs/Epic Games/UE_4.18/FeaturePacks/' was aborted.
[2018.03.08-18.08.43:952][245]LogModuleManager: Shutting down and abandoning module WidgetCarousel (545)
[2018.03.08-18.08.43:952][245]LogModuleManager: Shutting down and abandoning module EditorWidgets (542)
[2018.03.08-18.08.43:952][245]LogModuleManager: Shutting down and abandoning module CollectionManager (540)
[2018.03.08-18.08.43:952][245]LogDirectoryWatcher: A directory notification for 'D:/UE4/steam/Content/Collections/' was aborted.
[2018.03.08-18.08.43:952][245]LogDirectoryWatcher: A directory notification for 'D:/UE4/steam/Content/Developers/Energy/Collections/' was aborted.
[2018.03.08-18.08.43:952][245]LogDirectoryWatcher: A directory notification for 'D:/UE4/steam/Saved/Collections/' was aborted.
[2018.03.08-18.08.43:952][245]LogModuleManager: Shutting down and abandoning module StatsViewer (538)
[2018.03.08-18.08.43:952][245]LogModuleManager: Shutting down and abandoning module FoliageEdit (536)
[2018.03.08-18.08.43:952][245]LogModuleManager: Shutting down and abandoning module LandscapeEditor (534)
[2018.03.08-18.08.43:952][245]LogModuleManager: Shutting down and abandoning module MeshPaintMode (532)
[2018.03.08-18.08.43:953][245]LogModuleManager: Shutting down and abandoning module SceneDepthPickerMode (530)
[2018.03.08-18.08.43:953][245]LogModuleManager: Shutting down and abandoning module ActorPickerMode (528)
[2018.03.08-18.08.43:953][245]LogModuleManager: Shutting down and abandoning module GeometryMode (526)
[2018.03.08-18.08.43:953][245]LogModuleManager: Shutting down and abandoning module TextureAlignMode (524)
[2018.03.08-18.08.43:953][245]LogModuleManager: Shutting down and abandoning module BspMode (522)
[2018.03.08-18.08.43:953][245]LogModuleManager: Shutting down and abandoning module PIEPreviewDeviceProfileSelector (520)
[2018.03.08-18.08.43:953][245]LogModuleManager: Shutting down and abandoning module HardwareSurvey (518)
[2018.03.08-18.08.43:953][245]LogModuleManager: Shutting down and abandoning module SequenceRecorderSections (516)
[2018.03.08-18.08.43:953][245]LogModuleManager: Shutting down and abandoning module AutomationWorker (514)
[2018.03.08-18.08.43:953][245]LogModuleManager: Shutting down and abandoning module MatineeToLevelSequence (512)
[2018.03.08-18.08.43:953][245]LogModuleManager: Shutting down and abandoning module LevelSequenceEditor (510)
[2018.03.08-18.08.43:953][245]LogModuleManager: Shutting down and abandoning module PlacementMode (509)
[2018.03.08-18.08.43:953][245]LogModuleManager: Shutting down and abandoning module WmfMediaFactory (506)
[2018.03.08-18.08.43:953][245]LogModuleManager: Shutting down and abandoning module WmfMediaEditor (504)
[2018.03.08-18.08.43:953][245]LogModuleManager: Shutting down and abandoning module OpenExrWrapper (502)
[2018.03.08-18.08.43:953][245]LogModuleManager: Shutting down and abandoning module ImgMediaFactory (500)
[2018.03.08-18.08.43:953][245]LogModuleManager: Shutting down and abandoning module ImgMediaEditor (498)
[2018.03.08-18.08.43:953][245]LogModuleManager: Shutting down and abandoning module AvfMediaFactory (496)
[2018.03.08-18.08.43:953][245]LogModuleManager: Shutting down and abandoning module AvfMediaEditor (494)
[2018.03.08-18.08.43:953][245]LogModuleManager: Shutting down and abandoning module AndroidMediaFactory (492)
[2018.03.08-18.08.43:953][245]LogModuleManager: Shutting down and abandoning module AndroidMediaEditor (490)
[2018.03.08-18.08.43:953][245]LogModuleManager: Shutting down and abandoning module CharacterAI (488)
[2018.03.08-18.08.43:953][245]LogModuleManager: Shutting down and abandoning module AudioCapture (486)
[2018.03.08-18.08.43:953][245]LogModuleManager: Shutting down and abandoning module SequenceRecorder (485)
[2018.03.08-18.08.43:953][245]LogModuleManager: Shutting down and abandoning module SmartSnapping (482)
[2018.03.08-18.08.43:953][245]LogModuleManager: Shutting down and abandoning module SessionServices (480)
[2018.03.08-18.08.43:953][245]LogModuleManager: Shutting down and abandoning module ViewportSnapping (478)
[2018.03.08-18.08.43:953][245]LogModuleManager: Shutting down and abandoning module ViewportInteraction (476)
[2018.03.08-18.08.43:953][245]LogModuleManager: Shutting down and abandoning module ClothPainter (474)
[2018.03.08-18.08.43:953][245]LogModuleManager: Shutting down and abandoning module SkeletalMeshEditor (473)
[2018.03.08-18.08.43:953][245]LogModuleManager: Shutting down and abandoning module LogVisualizer (470)
[2018.03.08-18.08.43:953][245]LogModuleManager: Shutting down and abandoning module IntroTutorials (468)
[2018.03.08-18.08.43:953][245]LogModuleManager: Shutting down and abandoning module GameProjectGeneration (467)
[2018.03.08-18.08.43:953][245]LogModuleManager: Shutting down and abandoning module IOSPlatformEditor (464)
[2018.03.08-18.08.43:954][245]LogModuleManager: Shutting down and abandoning module HTML5PlatformEditor (462)
[2018.03.08-18.08.43:954][245]LogModuleManager: Shutting down and abandoning module AndroidPlatformEditor (460)
[2018.03.08-18.08.43:954][245]LogModuleManager: Shutting down and abandoning module AndroidDeviceDetection (459)
[2018.03.08-18.08.44:011][245]LogModuleManager: Shutting down and abandoning module WindowsPlatformEditor (456)
[2018.03.08-18.08.44:011][245]LogModuleManager: Shutting down and abandoning module IOSRuntimeSettings (454)
[2018.03.08-18.08.44:011][245]LogModuleManager: Shutting down and abandoning module AndroidRuntimeSettings (452)
[2018.03.08-18.08.44:011][245]LogModuleManager: Shutting down and abandoning module InputBindingEditor (450)
[2018.03.08-18.08.44:011][245]LogModuleManager: Shutting down and abandoning module MergeActors (448)
[2018.03.08-18.08.44:011][245]LogModuleManager: Shutting down and abandoning module SizeMap (446)
[2018.03.08-18.08.44:011][245]LogModuleManager: Shutting down and abandoning module TreeMap (444)
[2018.03.08-18.08.44:011][245]LogModuleManager: Shutting down and abandoning module ReferenceViewer (442)
[2018.03.08-18.08.44:011][245]LogModuleManager: Shutting down and abandoning module LocalizationDashboard (440)
[2018.03.08-18.08.44:011][245]LogModuleManager: Shutting down and abandoning module LocalizationService (439)
[2018.03.08-18.08.44:011][245]LogModuleManager: Shutting down and abandoning module HardwareTargeting (436)
[2018.03.08-18.08.44:012][245]LogModuleManager: Shutting down and abandoning module DeviceProfileEditor (434)
[2018.03.08-18.08.44:012][245]LogModuleManager: Shutting down and abandoning module UndoHistory (432)
[2018.03.08-18.08.44:012][245]LogModuleManager: Shutting down and abandoning module XmlParser (430)
[2018.03.08-18.08.44:012][245]LogModuleManager: Shutting down and abandoning module Blutility (428)
[2018.03.08-18.08.44:012][245]LogModuleManager: Shutting down and abandoning module ProjectSettingsViewer (426)
[2018.03.08-18.08.44:012][245]LogModuleManager: Shutting down and abandoning module ProjectTargetPlatformEditor (425)
[2018.03.08-18.08.44:012][245]LogModuleManager: Shutting down and abandoning module EditorSettingsViewer (422)
[2018.03.08-18.08.44:012][245]LogModuleManager: Shutting down and abandoning module SettingsEditor (420)
[2018.03.08-18.08.44:012][245]LogModuleManager: Shutting down and abandoning module ProjectLauncher (418)
[2018.03.08-18.08.44:012][245]LogModuleManager: Shutting down and abandoning module SessionFrontend (416)
[2018.03.08-18.08.44:012][245]LogModuleManager: Shutting down and abandoning module ProfilerClient (414)
[2018.03.08-18.08.44:012][245]LogModuleManager: Shutting down and abandoning module DeviceManager (412)
[2018.03.08-18.08.44:012][245]LogModuleManager: Shutting down and abandoning module TargetDeviceServices (411)
[2018.03.08-18.08.44:065][245]LogModuleManager: Shutting down and abandoning module AutomationController (408)
[2018.03.08-18.08.44:065][245]LogModuleManager: Shutting down and abandoning module AutomationWindow (406)
[2018.03.08-18.08.44:065][245]LogModuleManager: Shutting down and abandoning module Layers (404)
[2018.03.08-18.08.44:065][245]LogModuleManager: Shutting down and abandoning module ComponentVisualizers (402)
[2018.03.08-18.08.44:065][245]LogModuleManager: Shutting down and abandoning module DetailCustomizations (400)
[2018.03.08-18.08.44:065][245]LogModuleManager: Shutting down and abandoning module PackagesDialog (398)
[2018.03.08-18.08.44:065][245]LogModuleManager: Shutting down and abandoning module Persona (396)
[2018.03.08-18.08.44:065][245]LogModuleManager: Shutting down and abandoning module AdvancedPreviewScene (395)
[2018.03.08-18.08.44:065][245]LogModuleManager: Shutting down and abandoning module AnimGraph (393)
[2018.03.08-18.08.44:065][245]LogModuleManager: Shutting down and abandoning module Kismet (390)
[2018.03.08-18.08.44:066][245]LogModuleManager: Shutting down and abandoning module ClassViewer (388)
[2018.03.08-18.08.44:066][245]LogModuleManager: Shutting down and abandoning module Toolbox (386)
[2018.03.08-18.08.44:066][245]LogModuleManager: Shutting down and abandoning module ModuleUI (384)
[2018.03.08-18.08.44:066][245]LogModuleManager: Shutting down and abandoning module MovieSceneTools (382)
[2018.03.08-18.08.44:066][245]LogModuleManager: Shutting down and abandoning module OutputLog (380)
[2018.03.08-18.08.44:066][245]LogModuleManager: Shutting down and abandoning module GammaUI (378)
[2018.03.08-18.08.44:066][245]LogModuleManager: Shutting down and abandoning module Documentation (376)
[2018.03.08-18.08.44:066][245]LogModuleManager: Shutting down and abandoning module MovieSceneTracks (374)
[2018.03.08-18.08.44:066][245]LogModuleManager: Shutting down and abandoning module MovieScene (372)
[2018.03.08-18.08.44:066][245]LogModuleManager: Shutting down and abandoning module StreamingPauseRendering (370)
[2018.03.08-18.08.44:066][245]LogModuleManager: Shutting down and abandoning module LauncherPlatform (368)
[2018.03.08-18.08.44:066][245]LogModuleManager: Shutting down and abandoning module AnalyticsET (366)
[2018.03.08-18.08.44:066][245]LogModuleManager: Shutting down and abandoning module PortalServices (364)
[2018.03.08-18.08.44:066][245]LogModuleManager: Shutting down and abandoning module PortalRpc (362)
[2018.03.08-18.08.44:066][245]LogModuleManager: Shutting down and abandoning module MessagingRpc (360)
[2018.03.08-18.08.44:066][245]LogModuleManager: Shutting down and abandoning module AIModule (358)
[2018.03.08-18.08.44:066][245]LogModuleManager: Shutting down and abandoning module GameplayDebugger (357)
[2018.03.08-18.08.44:066][245]LogModuleManager: Shutting down and abandoning module AITestSuite (355)
[2018.03.08-18.08.44:066][245]LogModuleManager: Shutting down and abandoning module DesktopPlatform (352)
[2018.03.08-18.08.44:066][245]LogModuleManager: Shutting down and abandoning module ProfilerService (350)
[2018.03.08-18.08.44:130][245]LogModuleManager: Shutting down and abandoning module TaskGraph (348)
[2018.03.08-18.08.44:130][245]LogModuleManager: Shutting down and abandoning module SteamVRController (346)
[2018.03.08-18.08.44:130][245]LogModuleManager: Shutting down and abandoning module ProceduralMeshComponentEditor (344)
[2018.03.08-18.08.44:130][245]LogModuleManager: Shutting down and abandoning module ProceduralMeshComponent (342)
[2018.03.08-18.08.44:130][245]LogModuleManager: Shutting down and abandoning module OculusInput (340)
[2018.03.08-18.08.44:130][245]LogModuleManager: Shutting down and abandoning module MobilePatchingUtils (338)
[2018.03.08-18.08.44:130][245]LogModuleManager: Shutting down and abandoning module CustomMeshComponent (336)
[2018.03.08-18.08.44:130][245]LogModuleManager: Shutting down and abandoning module CableComponent (334)
[2018.03.08-18.08.44:130][245]LogModuleManager: Shutting down and abandoning module ArchVisCharacter (332)
[2018.03.08-18.08.44:130][245]LogModuleManager: Shutting down and abandoning module AndroidPermission (330)
[2018.03.08-18.08.44:130][245]LogModuleManager: Shutting down and abandoning module ActorSequence (328)
[2018.03.08-18.08.44:130][245]LogModuleManager: Shutting down and abandoning module MediaPlayerEditor (326)
[2018.03.08-18.08.44:131][245]LogModuleManager: Shutting down and abandoning module MediaCompositingEditor (324)
[2018.03.08-18.08.44:131][245]LogModuleManager: Shutting down and abandoning module MediaCompositing (322)
[2018.03.08-18.08.44:131][245]LogModuleManager: Shutting down and abandoning module HTML5Networking (320)
[2018.03.08-18.08.44:131][245]LogModuleManager: Shutting down and abandoning module AlembicImporter (318)
[2018.03.08-18.08.44:131][245]LogModuleManager: Shutting down and abandoning module AlembicLibrary (317)
[2018.03.08-18.08.44:131][245]LogModuleManager: Shutting down and abandoning module GeometryCache (316)
[2018.03.08-18.08.44:131][245]LogModuleManager: Shutting down and abandoning module GeometryCacheEd (315)
[2018.03.08-18.08.44:131][245]LogModuleManager: Shutting down and abandoning module SpeedTreeImporter (310)
[2018.03.08-18.08.44:131][245]LogModuleManager: Shutting down and abandoning module PluginBrowser (308)
[2018.03.08-18.08.44:131][245]LogModuleManager: Shutting down and abandoning module MobileLauncherProfileWizard (306)
[2018.03.08-18.08.44:131][245]LogModuleManager: Shutting down and abandoning module VisualStudioSourceCodeAccess (304)
[2018.03.08-18.08.44:131][245]LogModuleManager: Shutting down and abandoning module VisualStudioCodeSourceCodeAccess (302)
[2018.03.08-18.08.44:131][245]LogModuleManager: Shutting down and abandoning module UObjectPlugin (300)
[2018.03.08-18.08.44:131][245]LogModuleManager: Shutting down and abandoning module SubversionSourceControl (298)
[2018.03.08-18.08.44:131][245]LogModuleManager: Shutting down and abandoning module PerforceSourceControl (296)
[2018.03.08-18.08.44:131][245]LogModuleManager: Shutting down and abandoning module GitSourceControl (294)
[2018.03.08-18.08.44:131][245]LogModuleManager: Shutting down and abandoning module SourceControl (293)
[2018.03.08-18.08.44:131][245]LogModuleManager: Shutting down and abandoning module LightPropagationVolumeEditor (290)
[2018.03.08-18.08.44:131][245]LogModuleManager: Shutting down and abandoning module PaperTiledImporter (288)
[2018.03.08-18.08.44:131][245]LogModuleManager: Shutting down and abandoning module PaperSpriteSheetImporter (286)
[2018.03.08-18.08.44:131][245]LogModuleManager: Shutting down and abandoning module Paper2DEditor (284)
[2018.03.08-18.08.44:131][245]LogModuleManager: Shutting down and abandoning module MeshPaint (283)
[2018.03.08-18.08.44:131][245]LogModuleManager: Shutting down and abandoning module LevelEditor (281)
[2018.03.08-18.08.44:132][245]LogModuleManager: Shutting down and abandoning module PixelInspectorModule (280)
[2018.03.08-18.08.44:132][245]LogModuleManager: Shutting down and abandoning module MainFrame (278)
[2018.03.08-18.08.44:132][245]LogModuleManager: Shutting down and abandoning module HotReload (277)
[2018.03.08-18.08.44:132][245]LogModuleManager: Shutting down and abandoning module RuntimePhysXCooking (272)
[2018.03.08-18.08.44:132][245]LogModuleManager: Shutting down and abandoning module PhysXVehiclesEditor (270)
[2018.03.08-18.08.44:132][245]LogModuleManager: Shutting down and abandoning module PhysXVehicles (268)
[2018.03.08-18.08.44:132][245]LogModuleManager: Shutting down and abandoning module OculusEditor (266)
[2018.03.08-18.08.44:133][245]LogModuleManager: Shutting down and abandoning module LocationServicesBPLibrary (264)
[2018.03.08-18.08.44:133][245]LogModuleManager: Shutting down and abandoning module ImmediatePhysicsEditor (262)
[2018.03.08-18.08.44:133][245]LogModuleManager: Shutting down and abandoning module ImmediatePhysics (260)
[2018.03.08-18.08.44:133][245]LogModuleManager: Shutting down and abandoning module UdpMessaging (258)
[2018.03.08-18.08.44:234][245]LogModuleManager: Shutting down and abandoning module TcpMessaging (256)
[2018.03.08-18.08.44:657][245]LogModuleManager: Shutting down and abandoning module GameplayTagsEditor (254)
[2018.03.08-18.08.44:657][245]LogModuleManager: Shutting down and abandoning module FacialAnimationEditor (252)
[2018.03.08-18.08.44:657][245]LogModuleManager: Shutting down and abandoning module FacialAnimation (250)
[2018.03.08-18.08.44:657][245]LogModuleManager: Shutting down and abandoning module AssetManagerEditor (248)
[2018.03.08-18.08.44:657][245]LogModuleManager: Shutting down and abandoning module GraphEditor (247)
[2018.03.08-18.08.44:657][245]LogModuleManager: Shutting down and abandoning module ContentBrowser (245)
[2018.03.08-18.08.44:658][245]LogModuleManager: Shutting down and abandoning module LightPropagationVolumeRuntime (242)
[2018.03.08-18.08.44:658][245]LogModuleManager: Shutting down and abandoning module Paper2D (240)
[2018.03.08-18.08.44:658][245]LogModuleManager: Shutting down and abandoning module WindowsMoviePlayer (238)
[2018.03.08-18.08.44:658][245]LogModuleManager: Shutting down and abandoning module WmfMedia (236)
[2018.03.08-18.08.44:663][245]LogModuleManager: Shutting down and abandoning module ImgMedia (234)
[2018.03.08-18.08.44:663][245]LogModuleManager: Shutting down and abandoning module PacketHandler (232)
[2018.03.08-18.08.44:663][245]LogModuleManager: Shutting down and abandoning module ClothingSystemEditor (230)
[2018.03.08-18.08.44:663][245]LogModuleManager: Shutting down and abandoning module ClothingSystemRuntime (228)
[2018.03.08-18.08.44:663][245]LogModuleManager: Shutting down and abandoning module MediaAssets (226)
[2018.03.08-18.08.44:663][245]LogModuleManager: Shutting down and abandoning module Media (225)
[2018.03.08-18.08.44:670][245]LogModuleManager: Shutting down and abandoning module Overlay (222)
[2018.03.08-18.08.44:670][245]LogModuleManager: Shutting down and abandoning module OverlayEditor (221)
[2018.03.08-18.08.44:670][245]LogModuleManager: Shutting down and abandoning module VREditor (218)
[2018.03.08-18.08.44:670][245]LogModuleManager: Shutting down and abandoning module StringTableEditor (216)
[2018.03.08-18.08.44:670][245]LogModuleManager: Shutting down and abandoning module GameplayTasksEditor (214)
[2018.03.08-18.08.44:670][245]LogModuleManager: Shutting down and abandoning module BehaviorTreeEditor (212)
[2018.03.08-18.08.44:670][245]LogModuleManager: Shutting down and abandoning module FunctionalTesting (210)
[2018.03.08-18.08.44:670][245]LogModuleManager: Shutting down and abandoning module CollisionAnalyzer (208)
[2018.03.08-18.08.44:670][245]LogModuleManager: Shutting down and abandoning module WorkspaceMenuStructure (207)
[2018.03.08-18.08.44:670][245]LogModuleManager: Shutting down and abandoning module UMG (204)
[2018.03.08-18.08.44:670][245]LogModuleManager: Shutting down and abandoning module UMGEditor (203)
[2018.03.08-18.08.44:670][245]LogModuleManager: Shutting down and abandoning module Sequencer (202)
[2018.03.08-18.08.44:670][245]LogModuleManager: Shutting down and abandoning module MessageLog (199)
[2018.03.08-18.08.44:670][245]LogModuleManager: Shutting down and abandoning module SlateReflector (194)
[2018.03.08-18.08.44:670][245]LogModuleManager: Shutting down and abandoning module Slate (192)
[2018.03.08-18.08.44:670][245]LogModuleManager: Shutting down and abandoning module EditorStyle (190)
[2018.03.08-18.08.44:672][245]LogModuleManager: Shutting down and abandoning module MRMesh (188)
[2018.03.08-18.08.44:672][245]LogModuleManager: Shutting down and abandoning module SourceCodeAccess (186)
[2018.03.08-18.08.44:672][245]LogModuleManager: Shutting down and abandoning module HeadMountedDisplay (184)
[2018.03.08-18.08.44:672][245]LogModuleManager: Shutting down and abandoning module XAudio2 (182)
[2018.03.08-18.08.44:672][245]LogModuleManager: Shutting down and abandoning module Networking (180)
[2018.03.08-18.08.44:672][245]LogModuleManager: Shutting down and abandoning module Core (178)
[2018.03.08-18.08.44:672][245]LogModuleManager: Shutting down and abandoning module LevelSequence (174)
[2018.03.08-18.08.44:672][245]LogModuleManager: Shutting down and abandoning module DirectoryWatcher (172)
[2018.03.08-18.08.44:672][245]LogModuleManager: Shutting down and abandoning module KismetCompiler (170)
[2018.03.08-18.08.44:672][245]LogModuleManager: Shutting down and abandoning module MeshUtilities (168)
[2018.03.08-18.08.44:672][245]LogModuleManager: Shutting down and abandoning module MeshMergeUtilities (167)
[2018.03.08-18.08.44:673][245]LogModuleManager: Shutting down and abandoning module MeshReductionInterface (166)
[2018.03.08-18.08.44:673][245]LogModuleManager: Shutting down and abandoning module SimplygonSwarm (165)
[2018.03.08-18.08.44:673][245]LogModuleManager: Shutting down and abandoning module SimplygonMeshReduction (163)
[2018.03.08-18.08.44:673][245]LogModuleManager: Shutting down and abandoning module QuadricMeshReduction (161)
[2018.03.08-18.08.44:673][245]LogModuleManager: Shutting down and abandoning module MaterialBaking (157)
[2018.03.08-18.08.44:673][245]LogModuleManager: Shutting down and abandoning module DerivedDataCache (154)
[2018.03.08-18.08.44:738][245]LogDerivedDataCache: Shutdown
[2018.03.08-18.08.44:738][245]LogModuleManager: Shutting down and abandoning module TargetPlatform (152)
[2018.03.08-18.08.44:738][245]LogModuleManager: Shutting down and abandoning module VulkanShaderFormat (151)
[2018.03.08-18.08.44:738][245]LogModuleManager: Shutting down and abandoning module ShaderFormatVectorVM (149)
[2018.03.08-18.08.44:738][245]LogModuleManager: Shutting down and abandoning module ShaderFormatOpenGL (147)
[2018.03.08-18.08.44:738][245]LogModuleManager: Shutting down and abandoning module ShaderFormatD3D (145)
[2018.03.08-18.08.44:738][245]LogModuleManager: Shutting down and abandoning module MetalShaderFormat (143)
[2018.03.08-18.08.44:738][245]LogModuleManager: Shutting down and abandoning module TextureFormatUncompressed (141)
[2018.03.08-18.08.44:738][245]LogModuleManager: Shutting down and abandoning module TextureFormatPVR (139)
[2018.03.08-18.08.44:738][245]LogModuleManager: Shutting down and abandoning module TextureFormatDXT (137)
[2018.03.08-18.08.44:738][245]LogModuleManager: Shutting down and abandoning module TextureFormatIntelISPCTexComp (135)
[2018.03.08-18.08.44:738][245]LogModuleManager: Shutting down and abandoning module TextureFormatASTC (133)
[2018.03.08-18.08.44:738][245]LogModuleManager: Shutting down and abandoning module ImageWrapper (132)
[2018.03.08-18.08.44:739][245]LogModuleManager: Shutting down and abandoning module TextureFormatAndroid (129)
[2018.03.08-18.08.44:739][245]LogModuleManager: Shutting down and abandoning module AudioFormatOpus (127)
[2018.03.08-18.08.44:739][245]LogModuleManager: Shutting down and abandoning module AudioFormatOgg (125)
[2018.03.08-18.08.44:739][245]LogModuleManager: Shutting down and abandoning module AudioFormatADPCM (123)
[2018.03.08-18.08.44:739][245]LogModuleManager: Shutting down and abandoning module LinuxTargetPlatform (121)
[2018.03.08-18.08.44:739][245]LogModuleManager: Shutting down and abandoning module LinuxServerTargetPlatform (119)
[2018.03.08-18.08.44:739][245]LogModuleManager: Shutting down and abandoning module LinuxNoEditorTargetPlatform (117)
[2018.03.08-18.08.44:739][245]LogModuleManager: Shutting down and abandoning module LinuxClientTargetPlatform (115)
[2018.03.08-18.08.44:739][245]LogModuleManager: Shutting down and abandoning module TVOSTargetPlatform (113)
[2018.03.08-18.08.44:739][245]LogModuleManager: Shutting down and abandoning module Messaging (111)
[2018.03.08-18.08.44:739][245]LogModuleManager: Shutting down and abandoning module IOSTargetPlatform (109)
[2018.03.08-18.08.44:739][245]LogModuleManager: Shutting down and abandoning module HTML5TargetPlatform (107)
[2018.03.08-18.08.44:739][245]LogModuleManager: Shutting down and abandoning module AndroidTargetPlatform (105)
[2018.03.08-18.08.44:739][245]LogModuleManager: Shutting down and abandoning module Android_PVRTCTargetPlatform (103)
[2018.03.08-18.08.44:739][245]LogModuleManager: Shutting down and abandoning module Android_MultiTargetPlatform (101)
[2018.03.08-18.08.44:739][245]LogModuleManager: Shutting down and abandoning module Android_ETC2TargetPlatform (99)
[2018.03.08-18.08.44:739][245]LogModuleManager: Shutting down and abandoning module Android_ETC1TargetPlatform (97)
[2018.03.08-18.08.44:739][245]LogModuleManager: Shutting down and abandoning module Android_DXTTargetPlatform (95)
[2018.03.08-18.08.44:739][245]LogModuleManager: Shutting down and abandoning module Android_ATCTargetPlatform (93)
[2018.03.08-18.08.44:739][245]LogModuleManager: Shutting down and abandoning module Android_ASTCTargetPlatform (91)
[2018.03.08-18.08.44:739][245]LogModuleManager: Shutting down and abandoning module WindowsTargetPlatform (89)
[2018.03.08-18.08.44:739][245]LogModuleManager: Shutting down and abandoning module WindowsServerTargetPlatform (87)
[2018.03.08-18.08.44:739][245]LogModuleManager: Shutting down and abandoning module WindowsNoEditorTargetPlatform (85)
[2018.03.08-18.08.44:739][245]LogModuleManager: Shutting down and abandoning module WindowsClientTargetPlatform (83)
[2018.03.08-18.08.44:739][245]LogModuleManager: Shutting down and abandoning module MacTargetPlatform (81)
[2018.03.08-18.08.44:739][245]LogModuleManager: Shutting down and abandoning module MacServerTargetPlatform (79)
[2018.03.08-18.08.44:739][245]LogModuleManager: Shutting down and abandoning module MacNoEditorTargetPlatform (77)
[2018.03.08-18.08.44:739][245]LogModuleManager: Shutting down and abandoning module MacClientTargetPlatform (75)
[2018.03.08-18.08.44:739][245]LogModuleManager: Shutting down and abandoning module AllDesktopTargetPlatform (73)
[2018.03.08-18.08.44:739][245]LogModuleManager: Shutting down and abandoning module InputCore (70)
[2018.03.08-18.08.44:739][245]LogModuleManager: Shutting down and abandoning module Settings (68)
[2018.03.08-18.08.44:739][245]LogModuleManager: Shutting down and abandoning module PhysXCooking (66)
[2018.03.08-18.08.44:739][245]LogModuleManager: Shutting down and abandoning module SteamVR (64)
[2018.03.08-18.08.44:739][245]LogModuleManager: Shutting down and abandoning module OculusHMD (62)
[2018.03.08-18.08.44:739][245]LogModuleManager: Shutting down and abandoning module ExampleDeviceProfileSelector (60)
[2018.03.08-18.08.44:739][245]LogModuleManager: Shutting down and abandoning module AppleARKit (58)
[2018.03.08-18.08.44:739][245]LogModuleManager: Shutting down and abandoning module AugmentedReality (57)
[2018.03.08-18.08.44:739][245]LogModuleManager: Shutting down and abandoning module OnlineBlueprintSupport (54)
[2018.03.08-18.08.44:739][245]LogModuleManager: Shutting down and abandoning module OnlineSubsystem (50)
[2018.03.08-18.08.44:739][245]LogOnline: Display: OSS: FOnlineSubsystemNull::Shutdown()
[2018.03.08-18.08.44:739][245]LogOnline: Display: OSS: FOnlineAsyncTaskManager::Stop() ActiveTask:0000000000000000 Tasks[0/0]
[2018.03.08-18.08.44:740][245]LogOnline: Display: OSS: FOnlineAsyncTaskManager::Exit() started
[2018.03.08-18.08.44:740][245]LogOnline: Display: OSS: FOnlineAsyncTaskManager::Exit() finished
[2018.03.08-18.08.44:740][245]LogModuleManager: Shutting down and abandoning module XMPP (43)
[2018.03.08-18.08.44:740][245]LogModuleManager: Shutting down and abandoning module HTTP (41)
[2018.03.08-18.08.44:740][245]LogHttp: Display: Http module shutting down, but needs to wait on 1 outstanding Http requests:
[2018.03.08-18.08.44:740][245]LogHttp: Display: 	verb=[POST] url=[https://datarouter.ol.epicgames.com/datarouter/api/v1/public/data?SessionID=%7BE9F19450-4123-DD4F-76FE-FC9C8FB8F348%7D&AppID=UEEditor.Rocket.Release&AppVersion=4.18.2-3794801%2B%2B%2BUE4%2BRelease-4.18&UserID=2caf3c854e9bae482a63b0b044019ca5%7Ccf46ca88ca3845499e2f65f4ace1cb6e%7Cad90422d-0d1d-4403-9b03-82597dc1f4ae&AppEnvironment=datacollector-binary&UploadType=eteventstream] status=Processing
[2018.03.08-18.08.44:743][245]LogModuleManager: Shutting down and abandoning module SSL (40)
[2018.03.08-18.08.44:744][245]LogModuleManager: Shutting down and abandoning module AnimationModifiers (36)
[2018.03.08-18.08.44:745][245]LogModuleManager: Shutting down and abandoning module PropertyEditor (35)
[2018.03.08-18.08.44:745][245]LogModuleManager: Shutting down and abandoning module AudioEditor (32)
[2018.03.08-18.08.44:745][245]LogModuleManager: Shutting down and abandoning module TextureCompressor (30)
[2018.03.08-18.08.44:745][245]LogModuleManager: Shutting down and abandoning module ShaderCore (28)
[2018.03.08-18.08.44:745][245]LogModuleManager: Shutting down and abandoning module Landscape (26)
[2018.03.08-18.08.44:745][245]LogModuleManager: Shutting down and abandoning module SlateRHIRenderer (24)
[2018.03.08-18.08.44:745][245]LogModuleManager: Shutting down and abandoning module OpenGLDrv (22)
[2018.03.08-18.08.44:745][245]LogModuleManager: Shutting down and abandoning module D3D11RHI (20)
[2018.03.08-18.08.44:745][245]LogModuleManager: Shutting down and abandoning module AnimGraphRuntime (18)
[2018.03.08-18.08.44:745][245]LogModuleManager: Shutting down and abandoning module Renderer (16)
[2018.03.08-18.08.44:745][245]LogModuleManager: Shutting down and abandoning module Engine (14)
[2018.03.08-18.08.44:745][245]LogModuleManager: Shutting down and abandoning module CoreUObject (12)
[2018.03.08-18.08.44:746][245]LogModuleManager: Shutting down and abandoning module NetworkFile (10)
[2018.03.08-18.08.44:746][245]LogModuleManager: Shutting down and abandoning module CookedIterativeFile (8)
[2018.03.08-18.08.44:746][245]LogModuleManager: Shutting down and abandoning module StreamingFile (6)
[2018.03.08-18.08.44:746][245]LogModuleManager: Shutting down and abandoning module SandboxFile (4)
[2018.03.08-18.08.44:746][245]LogModuleManager: Shutting down and abandoning module PakFile (2)
[2018.03.08-18.08.44:749][245]LogExit: Exiting.
[2018.03.08-18.08.44:764][245]Log file closed, 03/08/18 10:08:44
