Log file open, 03/05/18 14:21:24
LogWindows: Failed to load 'aqProf.dll' (GetLastError=126)
LogWindows: File 'aqProf.dll' does not exist
LogWindows: Failed to load 'VSPerf140.dll' (GetLastError=126)
LogWindows: File 'VSPerf140.dll' does not exist
LogWindows: Failed to load 'VtuneApi.dll' (GetLastError=126)
LogWindows: File 'VtuneApi.dll' does not exist
LogWindows: Failed to load 'VtuneApi32e.dll' (GetLastError=126)
LogWindows: File 'VtuneApi32e.dll' does not exist
LogInit: Display: Running engine for game: MyProject12
LogPlatformFile: Not using cached read wrapper
LogInit: Display: RandInit(310511032) SRandInit(310511033).
LogInit: Read version file with build ID '3709383'
LogInit: Overriding engine version to CL 3832480, compatible CL 3709383
LogInit: Registered custom module enumerator with build ID '3709383'
LogTaskGraph: Started task graph with 5 named threads and 14 total threads with 3 sets of task threads.
LogStats: Stats thread started at 0.348143
LogD3D11RHI: Aftermath initialized
LogModuleManager: Display: Found up-to-date module file ../../../Engine/Plugins/Online/OnlineSubsystemSteam/Binaries/Win64/UE4Editor-OnlineSubsystemSteam.dll (API version 3709383).
LogModuleManager: Display: Found up-to-date module file ../../../Engine/Plugins/Online/OnlineSubsystem/Binaries/Win64/UE4Editor-OnlineSubsystem.dll (API version 3709383).
LogModuleManager: Display: Found up-to-date module file ../../../Engine/Plugins/Online/OnlineSubsystemUtils/Binaries/Win64/UE4Editor-OnlineSubsystemUtils.dll (API version 3709383).
LogModuleManager: Display: Found up-to-date module file ../../../Engine/Plugins/Online/OnlineSubsystemUtils/Binaries/Win64/UE4Editor-OnlineBlueprintSupport.dll (API version 3709383).
LogModuleManager: Display: Found up-to-date module file ../../../Engine/Plugins/2D/Paper2D/Binaries/Win64/UE4Editor-Paper2D.dll (API version 3709383).
LogModuleManager: Display: Found up-to-date module file ../../../Engine/Plugins/2D/Paper2D/Binaries/Win64/UE4Editor-Paper2DEditor.dll (API version 3709383).
LogModuleManager: Display: Found up-to-date module file ../../../Engine/Plugins/2D/Paper2D/Binaries/Win64/UE4Editor-PaperSpriteSheetImporter.dll (API version 3709383).
LogModuleManager: Display: Found up-to-date module file ../../../Engine/Plugins/2D/Paper2D/Binaries/Win64/UE4Editor-PaperTiledImporter.dll (API version 3709383).
LogModuleManager: Display: Found up-to-date module file ../../../Engine/Plugins/2D/Paper2D/Binaries/Win64/UE4Editor-SmartSnapping.dll (API version 3709383).
LogModuleManager: Display: Found up-to-date module file ../../../Engine/Plugins/Blendables/LightPropagationVolume/Binaries/Win64/UE4Editor-LightPropagationVolumeRuntime.dll (API version 3709383).
LogModuleManager: Display: Found up-to-date module file ../../../Engine/Plugins/Blendables/LightPropagationVolume/Binaries/Win64/UE4Editor-LightPropagationVolumeEditor.dll (API version 3709383).
LogModuleManager: Display: Found up-to-date module file ../../../Engine/Plugins/Developer/GitSourceControl/Binaries/Win64/UE4Editor-GitSourceControl.dll (API version 3709383).
LogModuleManager: Display: Found up-to-date module file ../../../Engine/Plugins/Developer/PerforceSourceControl/Binaries/Win64/UE4Editor-PerforceSourceControl.dll (API version 3709383).
LogModuleManager: Display: Found up-to-date module file ../../../Engine/Plugins/Developer/SubversionSourceControl/Binaries/Win64/UE4Editor-SubversionSourceControl.dll (API version 3709383).
LogModuleManager: Display: Found up-to-date module file ../../../Engine/Plugins/Developer/UObjectPlugin/Binaries/Win64/UE4Editor-UObjectPlugin.dll (API version 3709383).
LogModuleManager: Display: Found up-to-date module file ../../../Engine/Plugins/Developer/VisualStudioCodeSourceCodeAccess/Binaries/Win64/UE4Editor-VisualStudioCodeSourceCodeAccess.dll (API version 3709383).
LogModuleManager: Display: Found up-to-date module file ../../../Engine/Plugins/Developer/VisualStudioSourceCodeAccess/Binaries/Win64/UE4Editor-VisualStudioSourceCodeAccess.dll (API version 3709383).
LogModuleManager: Display: Found up-to-date module file ../../../Engine/Plugins/Editor/AssetManagerEditor/Binaries/Win64/UE4Editor-AssetManagerEditor.dll (API version 3709383).
LogModuleManager: Display: Found up-to-date module file ../../../Engine/Plugins/Editor/AudioCapture/Binaries/Win64/UE4Editor-AudioCapture.dll (API version 3709383).
LogModuleManager: Display: Found up-to-date module file ../../../Engine/Plugins/Editor/FacialAnimation/Binaries/Win64/UE4Editor-FacialAnimation.dll (API version 3709383).
LogModuleManager: Display: Found up-to-date module file ../../../Engine/Plugins/Editor/FacialAnimation/Binaries/Win64/UE4Editor-FacialAnimationEditor.dll (API version 3709383).
LogModuleManager: Display: Found up-to-date module file ../../../Engine/Plugins/Editor/GameplayTagsEditor/Binaries/Win64/UE4Editor-GameplayTagsEditor.dll (API version 3709383).
LogModuleManager: Display: Found up-to-date module file ../../../Engine/Plugins/Editor/MobileLauncherProfileWizard/Binaries/Win64/UE4Editor-MobileLauncherProfileWizard.dll (API version 3709383).
LogModuleManager: Display: Found up-to-date module file ../../../Engine/Plugins/Editor/PluginBrowser/Binaries/Win64/UE4Editor-PluginBrowser.dll (API version 3709383).
LogModuleManager: Display: Found up-to-date module file ../../../Engine/Plugins/Editor/SpeedTreeImporter/Binaries/Win64/UE4Editor-SpeedTreeImporter.dll (API version 3709383).
LogModuleManager: Display: Found up-to-date module file ../../../Engine/Plugins/Experimental/AlembicImporter/Binaries/Win64/UE4Editor-AlembicImporter.dll (API version 3709383).
LogModuleManager: Display: Found up-to-date module file ../../../Engine/Plugins/Experimental/AlembicImporter/Binaries/Win64/UE4Editor-AlembicLibrary.dll (API version 3709383).
LogModuleManager: Display: Found up-to-date module file ../../../Engine/Plugins/Experimental/CharacterAI/Binaries/Win64/UE4Editor-CharacterAI.dll (API version 3709383).
LogModuleManager: Display: Found up-to-date module file ../../../Engine/Plugins/Experimental/HTML5Networking/Binaries/Win64/UE4Editor-HTML5Networking.dll (API version 3709383).
LogModuleManager: Display: Found up-to-date module file ../../../Engine/Plugins/Media/AndroidMedia/Binaries/Win64/UE4Editor-AndroidMediaEditor.dll (API version 3709383).
LogModuleManager: Display: Found up-to-date module file ../../../Engine/Plugins/Media/AndroidMedia/Binaries/Win64/UE4Editor-AndroidMediaFactory.dll (API version 3709383).
LogModuleManager: Display: Found up-to-date module file ../../../Engine/Plugins/Media/AvfMedia/Binaries/Win64/UE4Editor-AvfMediaEditor.dll (API version 3709383).
LogModuleManager: Display: Found up-to-date module file ../../../Engine/Plugins/Media/AvfMedia/Binaries/Win64/UE4Editor-AvfMediaFactory.dll (API version 3709383).
LogModuleManager: Display: Found up-to-date module file ../../../Engine/Plugins/Media/AvfMedia/Binaries/Win64/UE4Editor-AvfMediaFactory.dll (API version 3709383).
LogModuleManager: Display: Found up-to-date module file ../../../Engine/Plugins/Media/ImgMedia/Binaries/Win64/UE4Editor-ImgMedia.dll (API version 3709383).
LogModuleManager: Display: Found up-to-date module file ../../../Engine/Plugins/Media/ImgMedia/Binaries/Win64/UE4Editor-ImgMediaEditor.dll (API version 3709383).
LogModuleManager: Display: Found up-to-date module file ../../../Engine/Plugins/Media/ImgMedia/Binaries/Win64/UE4Editor-ImgMediaFactory.dll (API version 3709383).
LogModuleManager: Display: Found up-to-date module file ../../../Engine/Plugins/Media/ImgMedia/Binaries/Win64/UE4Editor-ImgMediaFactory.dll (API version 3709383).
LogModuleManager: Display: Found up-to-date module file ../../../Engine/Plugins/Media/ImgMedia/Binaries/Win64/UE4Editor-OpenExrWrapper.dll (API version 3709383).
LogModuleManager: Display: Found up-to-date module file ../../../Engine/Plugins/Media/MediaCompositing/Binaries/Win64/UE4Editor-MediaCompositing.dll (API version 3709383).
LogModuleManager: Display: Found up-to-date module file ../../../Engine/Plugins/Media/MediaCompositing/Binaries/Win64/UE4Editor-MediaCompositingEditor.dll (API version 3709383).
LogModuleManager: Display: Found up-to-date module file ../../../Engine/Plugins/Media/MediaPlayerEditor/Binaries/Win64/UE4Editor-MediaPlayerEditor.dll (API version 3709383).
LogModuleManager: Display: Found up-to-date module file ../../../Engine/Plugins/Media/WmfMedia/Binaries/Win64/UE4Editor-WmfMedia.dll (API version 3709383).
LogModuleManager: Display: Found up-to-date module file ../../../Engine/Plugins/Media/WmfMedia/Binaries/Win64/UE4Editor-WmfMediaEditor.dll (API version 3709383).
LogModuleManager: Display: Found up-to-date module file ../../../Engine/Plugins/Media/WmfMedia/Binaries/Win64/UE4Editor-WmfMediaFactory.dll (API version 3709383).
LogModuleManager: Display: Found up-to-date module file ../../../Engine/Plugins/Media/WmfMedia/Binaries/Win64/UE4Editor-WmfMediaFactory.dll (API version 3709383).
LogModuleManager: Display: Found up-to-date module file ../../../Engine/Plugins/Messaging/TcpMessaging/Binaries/Win64/UE4Editor-TcpMessaging.dll (API version 3709383).
LogModuleManager: Display: Found up-to-date module file ../../../Engine/Plugins/Messaging/UdpMessaging/Binaries/Win64/UE4Editor-UdpMessaging.dll (API version 3709383).
LogModuleManager: Display: Found up-to-date module file ../../../Engine/Plugins/MovieScene/ActorSequence/Binaries/Win64/UE4Editor-ActorSequence.dll (API version 3709383).
LogModuleManager: Display: Found up-to-date module file ../../../Engine/Plugins/MovieScene/LevelSequenceEditor/Binaries/Win64/UE4Editor-LevelSequenceEditor.dll (API version 3709383).
LogModuleManager: Display: Found up-to-date module file ../../../Engine/Plugins/MovieScene/MatineeToLevelSequence/Binaries/Win64/UE4Editor-MatineeToLevelSequence.dll (API version 3709383).
LogModuleManager: Display: Found up-to-date module file ../../../Engine/Plugins/Runtime/AndroidPermission/Binaries/Win64/UE4Editor-AndroidPermission.dll (API version 3709383).
LogModuleManager: Display: Found up-to-date module file ../../../Engine/Plugins/Online/OnlineSubsystemNull/Binaries/Win64/UE4Editor-OnlineSubsystemNull.dll (API version 3709383).
LogModuleManager: Display: Found up-to-date module file ../../../Engine/Plugins/Runtime/AndroidDeviceProfileSelector/Binaries/Win64/UE4Editor-AndroidDeviceProfileSelector.dll (API version 3709383).
LogModuleManager: Display: Found up-to-date module file ../../../Engine/Plugins/Runtime/AppleARKit/Binaries/Win64/UE4Editor-AppleARKit.dll (API version 3709383).
LogModuleManager: Display: Found up-to-date module file ../../../Engine/Plugins/Runtime/ArchVisCharacter/Binaries/Win64/UE4Editor-ArchVisCharacter.dll (API version 3709383).
LogModuleManager: Display: Found up-to-date module file ../../../Engine/Plugins/Runtime/CableComponent/Binaries/Win64/UE4Editor-CableComponent.dll (API version 3709383).
LogModuleManager: Display: Found up-to-date module file ../../../Engine/Plugins/Runtime/CustomMeshComponent/Binaries/Win64/UE4Editor-CustomMeshComponent.dll (API version 3709383).
LogModuleManager: Display: Found up-to-date module file ../../../Engine/Plugins/Runtime/ExampleDeviceProfileSelector/Binaries/Win64/UE4Editor-ExampleDeviceProfileSelector.dll (API version 3709383).
LogModuleManager: Display: Found up-to-date module file ../../../Engine/Plugins/Runtime/ImmediatePhysics/Binaries/Win64/UE4Editor-ImmediatePhysics.dll (API version 3709383).
LogModuleManager: Display: Found up-to-date module file ../../../Engine/Plugins/Runtime/ImmediatePhysics/Binaries/Win64/UE4Editor-ImmediatePhysicsEditor.dll (API version 3709383).
LogModuleManager: Display: Found up-to-date module file ../../../Engine/Plugins/Runtime/LocationServicesBPLibrary/Binaries/Win64/UE4Editor-LocationServicesBPLibrary.dll (API version 3709383).
LogModuleManager: Display: Found up-to-date module file ../../../Engine/Plugins/Runtime/MobilePatchingUtils/Binaries/Win64/UE4Editor-MobilePatchingUtils.dll (API version 3709383).
LogModuleManager: Display: Found up-to-date module file ../../../Engine/Plugins/Runtime/Oculus/OculusVR/Binaries/Win64/UE4Editor-OculusHMD.dll (API version 3709383).
LogModuleManager: Display: Found up-to-date module file ../../../Engine/Plugins/Runtime/Oculus/OculusVR/Binaries/Win64/UE4Editor-OculusInput.dll (API version 3709383).
LogModuleManager: Display: Found up-to-date module file ../../../Engine/Plugins/Runtime/Oculus/OculusVR/Binaries/Win64/UE4Editor-OculusEditor.dll (API version 3709383).
LogModuleManager: Display: Found up-to-date module file ../../../Engine/Plugins/Runtime/PhysXVehicles/Binaries/Win64/UE4Editor-PhysXVehicles.dll (API version 3709383).
LogModuleManager: Display: Found up-to-date module file ../../../Engine/Plugins/Runtime/PhysXVehicles/Binaries/Win64/UE4Editor-PhysXVehiclesEditor.dll (API version 3709383).
LogModuleManager: Display: Found up-to-date module file ../../../Engine/Plugins/Runtime/ProceduralMeshComponent/Binaries/Win64/UE4Editor-ProceduralMeshComponent.dll (API version 3709383).
LogModuleManager: Display: Found up-to-date module file ../../../Engine/Plugins/Runtime/ProceduralMeshComponent/Binaries/Win64/UE4Editor-ProceduralMeshComponentEditor.dll (API version 3709383).
LogModuleManager: Display: Found up-to-date module file ../../../Engine/Plugins/Runtime/RuntimePhysXCooking/Binaries/Win64/UE4Editor-RuntimePhysXCooking.dll (API version 3709383).
LogModuleManager: Display: Found up-to-date module file ../../../Engine/Plugins/Runtime/Steam/SteamVR/Binaries/Win64/UE4Editor-SteamVR.dll (API version 3709383).
LogModuleManager: Display: Found up-to-date module file ../../../Engine/Plugins/Runtime/Steam/SteamVR/Binaries/Win64/UE4Editor-SteamVRController.dll (API version 3709383).
LogModuleManager: Display: Found up-to-date module file ../../../Engine/Plugins/Runtime/WindowsMoviePlayer/Binaries/Win64/UE4Editor-WindowsMoviePlayer.dll (API version 3709383).
LogPluginManager: Mounting plugin Paper2D
LogConfig: Warning: Failed to saved backup for config[Paper2D]
LogPluginManager: Mounting plugin LightPropagationVolume
LogPluginManager: Mounting plugin CodeLiteSourceCodeAccess
LogPluginManager: Mounting plugin GitSourceControl
LogPluginManager: Mounting plugin KDevelopSourceCodeAccess
LogPluginManager: Mounting plugin NullSourceCodeAccess
LogPluginManager: Mounting plugin PerforceSourceControl
LogPluginManager: Mounting plugin SubversionSourceControl
LogPluginManager: Mounting plugin UObjectPlugin
LogPluginManager: Mounting plugin VisualStudioCodeSourceCodeAccess
LogPluginManager: Mounting plugin VisualStudioSourceCodeAccess
LogPluginManager: Mounting plugin XCodeSourceCodeAccess
LogPluginManager: Mounting plugin AssetManagerEditor
LogPluginManager: Mounting plugin AudioCapture
LogPluginManager: Mounting plugin FacialAnimation
LogPluginManager: Mounting plugin GameplayTagsEditor
LogPluginManager: Mounting plugin MobileLauncherProfileWizard
LogPluginManager: Mounting plugin PluginBrowser
LogPluginManager: Mounting plugin SpeedTreeImporter
LogPluginManager: Mounting plugin AlembicImporter
LogPluginManager: Mounting plugin CharacterAI
LogPluginManager: Mounting plugin HTML5Networking
LogPluginManager: Mounting plugin AndroidMedia
LogPluginManager: Mounting plugin AvfMedia
LogPluginManager: Mounting plugin ImgMedia
LogPluginManager: Mounting plugin MediaCompositing
LogPluginManager: Mounting plugin MediaPlayerEditor
LogPluginManager: Mounting plugin WmfMedia
LogPluginManager: Mounting plugin TcpMessaging
LogPluginManager: Mounting plugin UdpMessaging
LogPluginManager: Mounting plugin ActorSequence
LogPluginManager: Mounting plugin LevelSequenceEditor
LogPluginManager: Mounting plugin MatineeToLevelSequence
LogPluginManager: Mounting plugin OnlineSubsystemGooglePlay
LogPluginManager: Mounting plugin OnlineSubsystemIOS
LogPluginManager: Mounting plugin OnlineSubsystem
LogPluginManager: Mounting plugin OnlineSubsystemNull
LogConfig: Warning: Failed to saved backup for config[OnlineSubsystemNull]
LogPluginManager: Mounting plugin OnlineSubsystemSteam
LogPluginManager: Mounting plugin OnlineSubsystemUtils
LogPluginManager: Mounting plugin AndroidDeviceProfileSelector
LogPluginManager: Mounting plugin AndroidMoviePlayer
LogPluginManager: Mounting plugin AndroidPermission
LogPluginManager: Mounting plugin AppleARKit
LogPluginManager: Mounting plugin AppleMoviePlayer
LogPluginManager: Mounting plugin ArchVisCharacter
LogPluginManager: Mounting plugin CableComponent
LogPluginManager: Mounting plugin CustomMeshComponent
LogPluginManager: Mounting plugin ExampleDeviceProfileSelector
LogPluginManager: Mounting plugin GoogleCloudMessaging
LogPluginManager: Mounting plugin ImmediatePhysics
LogPluginManager: Mounting plugin IOSDeviceProfileSelector
LogPluginManager: Mounting plugin LinuxDeviceProfileSelector
LogPluginManager: Mounting plugin LocationServicesBPLibrary
LogPluginManager: Mounting plugin MobilePatchingUtils
LogPluginManager: Mounting plugin OculusVR
LogPluginManager: Plugin shader directory ../../../Engine/Plugins/Runtime/Oculus/OculusVR/Shaders found
LogPluginManager: Mapping shader source directory ../../../Engine/Plugins/Runtime/Oculus/OculusVR/Shaders to virtual directory /Plugin/OculusVR
LogConfig: Warning: Failed to saved backup for config[OculusVR]
LogPluginManager: Mounting plugin PhysXVehicles
LogConfig: Warning: Failed to saved backup for config[PhysXVehicles]
LogPluginManager: Mounting plugin ProceduralMeshComponent
LogPluginManager: Mounting plugin RuntimePhysXCooking
LogPluginManager: Mounting plugin SteamVR
LogPluginManager: Mounting plugin WindowsMoviePlayer
LogInit: Using libcurl 7.47.1
LogInit:  - built for x86_64-pc-win32
LogInit:  - supports SSL with OpenSSL/1.0.2g
LogInit:  - supports HTTP deflate (compression) using libz 1.2.8
LogInit:  - other features:
LogInit:      CURL_VERSION_SSL
LogInit:      CURL_VERSION_LIBZ
LogInit:      CURL_VERSION_IPV6
LogInit:      CURL_VERSION_ASYNCHDNS
LogInit:      CURL_VERSION_LARGEFILE
LogInit:      CURL_VERSION_IDN
LogInit:  CurlRequestOptions (configurable via config and command line):
LogInit:  - bVerifyPeer = false  - Libcurl will NOT verify peer certificate
LogInit:  - bUseHttpProxy = false  - Libcurl will NOT use HTTP proxy
LogInit:  - bDontReuseConnections = false  - Libcurl will reuse connections
LogInit:  - CertBundlePath = nullptr  - Libcurl will use whatever was configured at build time.
LogOnline: Display: STEAM: Loading Steam SDK 1.39
LogOnline: Warning: STEAM: Steam API disabled!
LogOnline: Display: STEAM: OnlineSubsystemSteam::Shutdown()
LogInit: WinSock: version 1.1 (2.2), MaxSocks=32767, MaxUdp=65467
LogInit: Build: ++UE4+Release-4.18-CL-3832480
LogInit: Engine Version: 4.18.3-3832480+++UE4+Release-4.18
LogInit: Compatible Engine Version: 4.18.0-3709383+++UE4+Release-4.18
LogInit: Net CL: 3709383
LogDevObjectVersion: Number of dev versions registered: 16
LogDevObjectVersion:   Dev-Blueprints (B0D832E4-1F89-4F0D-ACCF-7EB736FD4AA2): 10
LogDevObjectVersion:   Dev-Build (E1C64328-A22C-4D53-A36C-8E866417BD8C): 0
LogDevObjectVersion:   Dev-Core (375EC13C-06E4-48FB-B500-84F0262A717E): 2
LogDevObjectVersion:   Dev-Editor (E4B068ED-F494-42E9-A231-DA0B2E46BB41): 20
LogDevObjectVersion:   Dev-Framework (CFFC743F-43B0-4480-9391-14DF171D2073): 30
LogDevObjectVersion:   Dev-Mobile (B02B49B5-BB20-44E9-A304-32B752E40360): 0
LogDevObjectVersion:   Dev-Networking (A4E4105C-59A1-49B5-A7C5-40C4547EDFEE): 0
LogDevObjectVersion:   Dev-Online (39C831C9-5AE6-47DC-9A44-9C173E1C8E7C): 0
LogDevObjectVersion:   Dev-Physics (78F01B33-EBEA-4F98-B9B4-84EACCB95AA2): 0
LogDevObjectVersion:   Dev-Platform (6631380F-2D4D-43E0-8009-CF276956A95A): 0
LogDevObjectVersion:   Dev-Rendering (12F88B9F-8875-4AFC-A67C-D90C383ABD29): 20
LogDevObjectVersion:   Dev-Sequencer (7B5AE74C-D270-4C10-A958-57980B212A5A): 4
LogDevObjectVersion:   Dev-VR (D7296918-1DD6-4BDD-9DE2-64A83CC13884): 0
LogDevObjectVersion:   Dev-LoadTimes (C2A15278-BFE7-4AFE-6C17-90FF531DF755): 1
LogDevObjectVersion:   Private-Geometry (6EACA3D4-40EC-4CC1-B786-8BED09428FC5): 1
LogDevObjectVersion:   Dev-AnimPhys (29E575DD-E0A3-4627-9D10-D276232CDCEA): 12
LogInit: Compiled (64-bit): Jan 12 2018 02:04:55
LogInit: Compiled with Visual C++: 19.00.24215.01
LogInit: Build Configuration: Development
LogInit: Branch Name: ++UE4+Release-4.18
LogInit: Command line:  
LogInit: Base directory: D:/UE_4.18/Engine/Binaries/Win64/
LogInit: Installed Engine Build: 1
LogInit: Presizing for max 8388607 objects, including 0 objects not considered by GC, pre-allocating 0 bytes for permanent pool.
LogInit: Object subsystem initialized
[2018.03.05-22.21.29:066][  0]LogInit: Selected Device Profile: [Windows]
[2018.03.05-22.21.29:066][  0]LogInit: Applying CVar settings loaded from the selected device profile: [Windows]
[2018.03.05-22.21.29:162][  0]LogInit: Computer: DESKTOP-FHCS6V6
[2018.03.05-22.21.29:162][  0]LogInit: User: IanCalvert
[2018.03.05-22.21.29:162][  0]LogInit: CPU Page size=4096, Cores=4
[2018.03.05-22.21.29:162][  0]LogInit: High frequency timer resolution =3.328126 MHz
[2018.03.05-22.21.29:162][  0]LogMemory: Memory total: Physical=16.0GB (16GB approx)
[2018.03.05-22.21.29:162][  0]LogMemory: Platform Memory Stats for Windows
[2018.03.05-22.21.29:162][  0]LogMemory: Process Physical Memory: 281.10 MB used, 281.10 MB peak
[2018.03.05-22.21.29:162][  0]LogMemory: Process Virtual Memory: 277.58 MB used, 277.58 MB peak
[2018.03.05-22.21.29:162][  0]LogMemory: Physical Memory: 4730.99 MB used,  11613.46 MB free, 16344.45 MB total
[2018.03.05-22.21.29:162][  0]LogMemory: Virtual Memory: 744.99 MB used,  11613.46 MB free, 134217728.00 MB total
[2018.03.05-22.21.29:961][  0]LogInit: Using OS detected language (en-US).
[2018.03.05-22.21.29:961][  0]LogInit: Using OS detected locale (en-US).
[2018.03.05-22.21.30:345][  0]LogTextLocalizationManager: No specific localization for 'en-US' exists, so the 'en' localization will be used.
[2018.03.05-22.21.31:180][  0]LogInit: Setting process to per monitor DPI aware
[2018.03.05-22.21.34:039][  0]LogD3D11RHI: D3D11 adapters:
[2018.03.05-22.21.34:079][  0]LogD3D11RHI:    0. 'NVIDIA GeForce GTX 980' (Feature Level 11_0)
[2018.03.05-22.21.34:079][  0]LogD3D11RHI:       4053/0/8172 MB DedicatedVideo/DedicatedSystem/SharedSystem, Outputs:1, VendorId:0x10de
[2018.03.05-22.21.34:081][  0]LogD3D11RHI:    1. 'Microsoft Basic Render Driver' (Feature Level 11_0)
[2018.03.05-22.21.34:081][  0]LogD3D11RHI:       0/0/8172 MB DedicatedVideo/DedicatedSystem/SharedSystem, Outputs:0, VendorId:0x1414
[2018.03.05-22.21.34:081][  0]LogD3D11RHI: Chosen D3D11 Adapter: 0
[2018.03.05-22.21.34:089][  0]LogD3D11RHI: Creating new Direct3DDevice
[2018.03.05-22.21.34:089][  0]LogD3D11RHI:     GPU DeviceId: 0x13c0 (for the marketing name, search the web for "GPU Device Id")
[2018.03.05-22.21.34:089][  0]LogWindows: EnumDisplayDevices:
[2018.03.05-22.21.34:089][  0]LogWindows:    0. 'NVIDIA GeForce GTX 980' (P:1 D:1)
[2018.03.05-22.21.34:089][  0]LogWindows:    1. 'NVIDIA GeForce GTX 980' (P:0 D:0)
[2018.03.05-22.21.34:089][  0]LogWindows:    2. 'NVIDIA GeForce GTX 980' (P:0 D:0)
[2018.03.05-22.21.34:089][  0]LogWindows:    3. 'NVIDIA GeForce GTX 980' (P:0 D:0)
[2018.03.05-22.21.34:089][  0]LogWindows: DebugString: GetVideoDriverDetailsInvalid PrimaryIsNotTheChoosenAdapter GetVideoDriverDetailsInvalid PrimaryIsNotTheChoosenAdapter GetVideoDriverDetailsInvalid PrimaryIsNotTheChoosenAdapter GetVideoDriverDetailsInvalid PrimaryIsNotTheChoosenAdapter FoundDriverCount:0 
[2018.03.05-22.21.34:089][  0]LogD3D11RHI:     Adapter Name: NVIDIA GeForce GTX 980
[2018.03.05-22.21.34:090][  0]LogD3D11RHI:   Driver Version: Unknown (internal:Unknown, unified:Unknown)
[2018.03.05-22.21.34:090][  0]LogD3D11RHI:      Driver Date: Unknown
[2018.03.05-22.21.34:090][  0]LogRHI: Texture pool is 2837 MB (70% of 4053 MB)
[2018.03.05-22.21.34:113][  0]LogD3D11RHI: Async texture creation enabled
[2018.03.05-22.21.34:132][  0]LogD3D11RHI: GPU Timing Frequency: 1000.000000 (Debug: 2 2)
[2018.03.05-22.21.34:133][  0]LogShaderCompilers: Guid format shader working directory is 18 characters bigger than the processId version (../../../../UE4/newSteamTest/steam/Intermediate/Shaders/WorkingDirectory/1620/).
[2018.03.05-22.21.34:133][  0]LogShaderCompilers: Cleaned the shader compiler working directory 'C:/Users/Ian Calvert/AppData/Local/Temp/UnrealShaderWorkingDir/858BA91343ECF0B5B2E600A57551ED18/'.
[2018.03.05-22.21.34:133][  0]LogShaderCompilers: Display: Using Local Shader Compiler.
[2018.03.05-22.21.36:752][  0]LogTemp: Display: Loaded TP AllDesktopTargetPlatform
[2018.03.05-22.21.36:791][  0]LogTemp: Display: Loaded TP MacClientTargetPlatform
[2018.03.05-22.21.36:829][  0]LogTemp: Display: Loaded TP MacNoEditorTargetPlatform
[2018.03.05-22.21.36:866][  0]LogTemp: Display: Loaded TP MacServerTargetPlatform
[2018.03.05-22.21.36:935][  0]LogTemp: Display: Loaded TP MacTargetPlatform
[2018.03.05-22.21.36:971][  0]LogTemp: Display: Loaded TP WindowsClientTargetPlatform
[2018.03.05-22.21.37:012][  0]LogTemp: Display: Loaded TP WindowsNoEditorTargetPlatform
[2018.03.05-22.21.37:046][  0]LogTemp: Display: Loaded TP WindowsServerTargetPlatform
[2018.03.05-22.21.37:074][  0]LogTemp: Display: Loaded TP WindowsTargetPlatform
[2018.03.05-22.21.37:111][  0]LogTemp: Display: Loaded TP Android_ASTCTargetPlatform
[2018.03.05-22.21.37:145][  0]LogTemp: Display: Loaded TP Android_ATCTargetPlatform
[2018.03.05-22.21.37:183][  0]LogTemp: Display: Loaded TP Android_DXTTargetPlatform
[2018.03.05-22.21.37:221][  0]LogTemp: Display: Loaded TP Android_ETC1TargetPlatform
[2018.03.05-22.21.37:256][  0]LogTemp: Display: Loaded TP Android_ETC2TargetPlatform
[2018.03.05-22.21.37:324][  0]LogTemp: Display: Loaded TP Android_MultiTargetPlatform
[2018.03.05-22.21.37:324][  0]LogTemp: Display: Loaded TP Android_PVRTCTargetPlatform
[2018.03.05-22.21.37:368][  0]LogTemp: Display: Loaded TP AndroidTargetPlatform
[2018.03.05-22.21.37:395][  0]LogTemp: Display: Loaded TP HTML5TargetPlatform
[2018.03.05-22.21.37:543][  0]LogTemp: Display: Loaded TP IOSTargetPlatform
[2018.03.05-22.21.37:573][  0]LogTemp: Display: Loaded TP TVOSTargetPlatform
[2018.03.05-22.21.37:611][  0]LogTemp: Display: Loaded TP LinuxClientTargetPlatform
[2018.03.05-22.21.37:647][  0]LogTemp: Display: Loaded TP LinuxNoEditorTargetPlatform
[2018.03.05-22.21.37:680][  0]LogTemp: Display: Loaded TP LinuxServerTargetPlatform
[2018.03.05-22.21.37:736][  0]LogTemp: Display: Loaded TP LinuxTargetPlatform
[2018.03.05-22.21.37:736][  0]LogTargetPlatformManager: Display: Building Assets For Windows
[2018.03.05-22.21.38:770][  0]LogDerivedDataCache: Display: Max Cache Size: 512 MB
[2018.03.05-22.21.39:116][  0]LogDerivedDataCache: Loaded boot cache 0.33s 78MB C:/Users/Ian Calvert/AppData/Local/UnrealEngine/4.18/DerivedDataCache/Boot.ddc.
[2018.03.05-22.21.39:116][  0]LogDerivedDataCache: Display: Loaded Boot cache: C:/Users/Ian Calvert/AppData/Local/UnrealEngine/4.18/DerivedDataCache/Boot.ddc
[2018.03.05-22.21.39:117][  0]LogDerivedDataCache: FDerivedDataBackendGraph:  Pak pak cache file ../../../../UE4/newSteamTest/steam/DerivedDataCache/DDC.ddp not found, will not use a pak cache.
[2018.03.05-22.21.39:117][  0]LogDerivedDataCache: Unable to find inner node Pak for hierarchical cache Hierarchy.
[2018.03.05-22.21.39:117][  0]LogDerivedDataCache: FDerivedDataBackendGraph:  CompressedPak pak cache file ../../../../UE4/newSteamTest/steam/DerivedDataCache/Compressed.ddp not found, will not use a pak cache.
[2018.03.05-22.21.39:117][  0]LogDerivedDataCache: Unable to find inner node CompressedPak for hierarchical cache Hierarchy.
[2018.03.05-22.21.39:231][  0]LogDerivedDataCache: Display: Pak cache opened for reading ../../../Engine/DerivedDataCache/Compressed.ddp.
[2018.03.05-22.21.39:244][  0]LogDerivedDataCache: Using Local data cache path C:/Users/Ian Calvert/AppData/Local/UnrealEngine/Common/DerivedDataCache: Writable
[2018.03.05-22.21.39:255][  0]LogMaterial: Verifying Global Shaders for PCD3D_SM5
[2018.03.05-22.21.39:255][  0]LogSlate: Using Freetype 2.6.0
[2018.03.05-22.21.39:329][  0]LogSlate: SlateFontCache - WITH_FREETYPE: 1, WITH_HARFBUZZ: 1
[2018.03.05-22.21.39:329][  0]LogSlate: SlateFontCache - WITH_FREETYPE: 1, WITH_HARFBUZZ: 1
[2018.03.05-22.21.43:264][  0]LogInit: Selected Device Profile: [Windows]
[2018.03.05-22.21.44:209][  0]LogSimplygon: Simplygon DLL not present - disabling.
[2018.03.05-22.21.44:267][  0]LogMeshReduction: Using SimplygonSwarm for distributed automatic mesh merging
[2018.03.05-22.21.44:283][  0]LogMeshReduction: Using QuadricMeshReduction for automatic static mesh reduction
[2018.03.05-22.21.44:283][  0]LogMeshReduction: No automatic skeletal mesh reduction module available
[2018.03.05-22.21.44:283][  0]LogMeshReduction: No automatic mesh merging module available
[2018.03.05-22.21.44:283][  0]LogMeshMerging: No automatic mesh merging module available
[2018.03.05-22.21.44:408][  0]LogNetVersion: MyProject12 , NetCL: 3709383, EngineNetVer: 2, GameNetVer: 0 (Checksum: 3203290924)
[2018.03.05-22.21.45:300][  0]LogAssetRegistry: FAssetRegistry took 0.0262 seconds to start up
[2018.03.05-22.21.49:349][  0]LogAssetRegistry: Error: Failed to open file for write ../../../../UE4/newSteamTest/steam/Intermediate/AssetRegistryCache/5a627529.bin
[2018.03.05-22.21.49:355][  0]LogAssetRegistry: Error: Failed to open file for write ../../../../UE4/newSteamTest/steam/Intermediate/AssetRegistryCache/1d5167fa.bin
[2018.03.05-22.21.49:378][  0]LogAssetRegistry: Error: Failed to open file for write ../../../../UE4/newSteamTest/steam/Intermediate/AssetRegistryCache/866581fd.bin
[2018.03.05-22.21.49:387][  0]LogAssetRegistry: Error: Failed to open file for write ../../../../UE4/newSteamTest/steam/Intermediate/AssetRegistryCache/8c0e1344.bin
[2018.03.05-22.21.49:394][  0]LogAssetRegistry: Error: Failed to open file for write ../../../../UE4/newSteamTest/steam/Intermediate/AssetRegistryCache/52ed2538.bin
[2018.03.05-22.21.49:401][  0]LogAssetRegistry: Error: Failed to open file for write ../../../../UE4/newSteamTest/steam/Intermediate/AssetRegistryCache/2f5244c7.bin
[2018.03.05-22.21.49:409][  0]LogAssetRegistry: Error: Failed to open file for write ../../../../UE4/newSteamTest/steam/Intermediate/AssetRegistryCache/f0d5030c.bin
[2018.03.05-22.21.49:418][  0]LogPackageLocalizationCache: Processed 7 localized package path(s) for 2 prioritized culture(s) in 0.086423 seconds
[2018.03.05-22.21.49:423][  0]LogUObjectArray: 35877 objects as part of root set at end of initial load.
[2018.03.05-22.21.49:423][  0]LogUObjectAllocator: 7577632 out of 0 bytes used by permanent object pool.
[2018.03.05-22.21.49:423][  0]LogUObjectArray: CloseDisregardForGC: 0/0 objects in disregard for GC pool
[2018.03.05-22.22.04:976][  0]LogAssetRegistry: Error: Failed to open file for write ../../../../UE4/newSteamTest/steam/Intermediate/CachedAssetRegistry.bin
[2018.03.05-22.22.04:976][  0]LogTcpMessaging: Initializing TcpMessaging bridge
[2018.03.05-22.22.05:009][  0]LogUdpMessaging: Initializing bridge on interface 0.0.0.0:0 to multicast group 230.0.0.1:6666.
[2018.03.05-22.22.05:963][  0]LogMaterial: Uniform references updated for custom material expression Custom.
[2018.03.05-22.22.06:595][  0]SourceControl: Source control is disabled
[2018.03.05-22.22.06:595][  0]SourceControl: Source control is disabled
[2018.03.05-22.22.06:632][  0]SourceControl: Source control is disabled
[2018.03.05-22.22.06:671][  0]SourceControl: Source control is disabled
[2018.03.05-22.22.07:347][  0]LogAndroidPermission: UAndroidPermissionCallbackProxy::GetInstance
[2018.03.05-22.22.07:539][  0]LogOcInput: OculusInput pre-init called
[2018.03.05-22.22.07:853][  0]LogEngine: Initializing Engine...
[2018.03.05-22.22.07:855][  0]LogHMD: Oculus plugin initialized. Version: 4.18.3-3832480+++UE4+Release-4.18, OVRPlugin: 1.19.0
[2018.03.05-22.22.08:480][  0]LogStats: UGameplayTagsManager::ConstructGameplayTagTree: Construct from data asset -  0.000 s
[2018.03.05-22.22.08:480][  0]LogStats: UGameplayTagsManager::ConstructGameplayTagTree: GameplayTagTreeChangedEvent.Broadcast -  0.000 s
[2018.03.05-22.22.08:587][  0]LogAIModule: Creating AISystem for world Untitled
[2018.03.05-22.22.08:599][  0]LogInit: XAudio2 using 'Headphones (Rift Audio)' : 2 channels at 48 kHz using 16 bits per sample (channel mask 0x3)
[2018.03.05-22.22.08:623][  0]LogInit: FAudioDevice initialized.
[2018.03.05-22.22.08:710][  0]LogDerivedDataCache: Saved boot cache 0.09s 78MB C:/Users/Ian Calvert/AppData/Local/UnrealEngine/4.18/DerivedDataCache/Boot.ddc.
[2018.03.05-22.22.08:721][  0]LogInit: Texture streaming: Enabled
[2018.03.05-22.22.08:797][  0]LogEngineSessionManager: EngineSessionManager initialized
[2018.03.05-22.22.08:891][  0]LogInit: Transaction tracking system initialized
[2018.03.05-22.22.09:111][  0]BlueprintLog: New page: Editor Load
[2018.03.05-22.22.10:521][  0]LocalizationService: Localization service is disabled
[2018.03.05-22.22.11:713][  0]LogConsoleResponse: Display: 
[2018.03.05-22.22.13:359][  0]LogCook: Display: Max memory allowance for cook 16384mb min free memory 0mb
[2018.03.05-22.22.13:359][  0]LogCook: Display: Mobile HDR setting 1
[2018.03.05-22.22.13:359][  0]LogGameplayTags: Display: UGameplayTagsManager::DoneAddingNativeTags. DelegateIsBound: 0
[2018.03.05-22.22.13:584][  0]LogFileCache: Scanning file cache for directory 'D:/UE4/newSteamTest/steam/Content/' took 0.02s
[2018.03.05-22.22.14:870][  0]SourceControl: Source control is disabled
[2018.03.05-22.22.14:870][  0]Cmd: MAP LOAD FILE="../../../../UE4/newSteamTest/steam/Content/Maps/mainMenu.umap" TEMPLATE=0 SHOWPROGRESS=1 FEATURELEVEL=3
[2018.03.05-22.22.14:883][  0]LightingResults: New page: Lighting Build
[2018.03.05-22.22.14:919][  0]MapCheck: New page: Map Check
[2018.03.05-22.22.14:919][  0]LightingResults: New page: Lighting Build
[2018.03.05-22.22.15:248][  0]LogProperty: Error: UStructProperty::Serialize Loading: Property 'StructProperty /Game/UI/MainMenu/optionsMenu.optionsMenu_C:playerInfo'. Unknown structure.
[2018.03.05-22.22.15:290][  0]LogProperty: Error: UStructProperty::Serialize Loading: Property 'StructProperty /Game/Blueprints/allLevels/playerSaveGame.playerSaveGame_C:S_PlayerINfo'. Unknown structure.
[2018.03.05-22.22.15:290][  0]LogClass: Warning: Property S_PlayerINfo of S_PlayerINfo has a struct type mismatch (tag STRUCT_REINST_PlayerInfo_0 != prop FallbackStruct) in package:  ../../../../UE4/newSteamTest/steam/Content/Blueprints/allLevels/playerSaveGame.uasset. If that struct got renamed, add an entry to ActiveStructRedirects.
[2018.03.05-22.22.15:708][  0]LogClass: Warning: Property playerInfo of playerInfo has a struct type mismatch (tag STRUCT_REINST_PlayerInfo_0 != prop FallbackStruct) in package:  ../../../../UE4/newSteamTest/steam/Content/UI/MainMenu/optionsMenu.uasset. If that struct got renamed, add an entry to ActiveStructRedirects.
[2018.03.05-22.22.15:799][  0]LogClass: Warning: Property S_PlayerINfo of S_PlayerINfo has a struct type mismatch (tag FallbackStruct != prop PlayerInfo) in package:  FObjectReader. If that struct got renamed, add an entry to ActiveStructRedirects.
[2018.03.05-22.22.15:800][  0]LogClass: Warning: Property playerInfo of playerInfo has a struct type mismatch (tag FallbackStruct != prop PlayerInfo) in package:  FObjectReader. If that struct got renamed, add an entry to ActiveStructRedirects.
[2018.03.05-22.22.16:165][  0]LogAIModule: Creating AISystem for world mainMenu
[2018.03.05-22.22.16:166][  0]LogEditorServer: Finished looking for orphan Actors (0.000 secs)
[2018.03.05-22.22.16:183][  0]Cmd: MAP CHECKDEP NOCLEARLOG
[2018.03.05-22.22.16:220][  0]MapCheck: Map check complete: 0 Error(s), 0 Warning(s), took 37.035ms to complete.
[2018.03.05-22.22.16:220][  0]LogFileHelpers: Loading map 'mainMenu' took 1.350
[2018.03.05-22.22.16:456][  0]LogCollectionManager: Loaded 0 collections in 0.001434 seconds
[2018.03.05-22.22.16:526][  0]LogFileCache: Scanning file cache for directory 'D:/UE4/newSteamTest/steam/Saved/Collections/' took 0.01s
[2018.03.05-22.22.16:526][  0]LogFileCache: Scanning file cache for directory 'D:/UE4/newSteamTest/steam/Content/Developers/IanCalvert/Collections/' took 0.01s
[2018.03.05-22.22.16:526][  0]LogFileCache: Scanning file cache for directory 'D:/UE4/newSteamTest/steam/Content/Collections/' took 0.01s
[2018.03.05-22.22.16:526][  0]LogCollectionManager: Rebuilt the GUID cache for 0 collections in 0.000000 seconds
[2018.03.05-22.22.16:535][  0]LogContentBrowser: Native class hierarchy populated in 0.0093 seconds. Added 2365 classes and 522 folders.
[2018.03.05-22.22.16:587][  0]LogContentBrowser: Native class hierarchy updated for 'WidgetCarousel' in 0.0004 seconds. Added 0 classes and 0 folders.
[2018.03.05-22.22.17:615][  0]LogContentBrowser: Native class hierarchy updated for 'AddContentDialog' in 0.0002 seconds. Added 0 classes and 0 folders.
[2018.03.05-22.22.17:669][  0]LogContentBrowser: Native class hierarchy updated for 'SceneOutliner' in 0.0003 seconds. Added 1 classes and 2 folders.
[2018.03.05-22.22.17:712][  0]LogSlate: Took 0.017049 seconds to synchronously load lazily loaded font '../../../Engine/Content/Slate/Fonts/Roboto-Regular.ttf' (155K)
[2018.03.05-22.22.17:718][  0]LogSlate: Took 0.004347 seconds to synchronously load lazily loaded font '../../../Engine/Content/Slate/Fonts/Roboto-Bold.ttf' (160K)
[2018.03.05-22.22.17:740][  0]LogSlate: Took 0.015901 seconds to synchronously load lazily loaded font '../../../Engine/Content/Editor/Slate/Fonts/FontAwesome.ttf' (139K)
[2018.03.05-22.22.17:955][  0]LogRenderer: Reallocating scene render targets to support 1208x452 Format 9 NumSamples 1 (Frame:1).
[2018.03.05-22.22.18:116][  0]LogContentBrowser: Native class hierarchy updated for 'HierarchicalLODOutliner' in 0.0002 seconds. Added 1 classes and 2 folders.
[2018.03.05-22.22.18:116][  0]LogLoad: (Engine Initialization) Total time: 63.90 seconds
[2018.03.05-22.22.18:116][  0]LogLoad: (Engine Initialization) Total Blueprint compile time: 0.00 seconds
[2018.03.05-22.22.18:116][  0]LogExternalProfiler: No external profilers were discovered.  External profiling features will not be available.
[2018.03.05-22.22.18:460][  0]LogOcInput: OculusInput is initialized
[2018.03.05-22.22.18:477][  0]LogContentStreaming: Texture pool size now 600 MB
[2018.03.05-22.22.18:501][  0]LogSlate: Took 0.000188 seconds to synchronously load lazily loaded font '../../../Engine/Content/Slate/Fonts/Roboto-Light.ttf' (159K)
[2018.03.05-22.22.18:795][  1]LogAssetRegistry: Asset discovery search completed in 33.5180 seconds
[2018.03.05-22.22.18:798][  1]LogCollectionManager: Rebuilt the object cache for 0 collections in 0.000000 seconds (found 0 objects)
[2018.03.05-22.22.18:798][  1]LogCollectionManager: Fixed up redirectors for 0 collections in 0.000057 seconds (updated 0 objects)
[2018.03.05-22.22.19:456][  3]LogSlate: Took 0.000201 seconds to synchronously load lazily loaded font '../../../Engine/Content/Slate/Fonts/Roboto-Light.ttf' (159K)
