Log file open, 02/10/18 17:36:50
LogWindows: Failed to load 'aqProf.dll' (GetLastError=126)
LogWindows: File 'aqProf.dll' does not exist
LogWindows: Failed to load 'VSPerf140.dll' (GetLastError=126)
LogWindows: File 'VSPerf140.dll' does not exist
LogWindows: Failed to load 'VtuneApi.dll' (GetLastError=126)
LogWindows: File 'VtuneApi.dll' does not exist
LogWindows: Failed to load 'VtuneApi32e.dll' (GetLastError=126)
LogWindows: File 'VtuneApi32e.dll' does not exist
LogInit: Display: Running engine for game: MyProject12
LogPlatformFile: Not using cached read wrapper
LogInit: Display: RandInit(-701095653) SRandInit(-701095653).
LogInit: Read version file with build ID '3709383'
LogInit: Overriding engine version to CL 3832480, compatible CL 3709383
LogInit: Registered custom module enumerator with build ID '3709383'
LogTaskGraph: Started task graph with 5 named threads and 14 total threads with 3 sets of task threads.
LogStats: Stats thread started at 0.931952
LogD3D11RHI: Aftermath initialized
LogModuleManager: Display: Found up-to-date module file ../../../Engine/Plugins/Online/OnlineSubsystemSteam/Binaries/Win64/UE4Editor-OnlineSubsystemSteam.dll (API version 3709383).
LogModuleManager: Display: Found up-to-date module file ../../../Engine/Plugins/Online/OnlineSubsystem/Binaries/Win64/UE4Editor-OnlineSubsystem.dll (API version 3709383).
LogModuleManager: Display: Found up-to-date module file ../../../Engine/Plugins/Online/OnlineSubsystemUtils/Binaries/Win64/UE4Editor-OnlineSubsystemUtils.dll (API version 3709383).
LogModuleManager: Display: Found up-to-date module file ../../../Engine/Plugins/Online/OnlineSubsystemUtils/Binaries/Win64/UE4Editor-OnlineBlueprintSupport.dll (API version 3709383).
LogModuleManager: Display: Found up-to-date module file ../../../Engine/Plugins/2D/Paper2D/Binaries/Win64/UE4Editor-Paper2D.dll (API version 3709383).
LogModuleManager: Display: Found up-to-date module file ../../../Engine/Plugins/2D/Paper2D/Binaries/Win64/UE4Editor-Paper2DEditor.dll (API version 3709383).
LogModuleManager: Display: Found up-to-date module file ../../../Engine/Plugins/2D/Paper2D/Binaries/Win64/UE4Editor-PaperSpriteSheetImporter.dll (API version 3709383).
LogModuleManager: Display: Found up-to-date module file ../../../Engine/Plugins/2D/Paper2D/Binaries/Win64/UE4Editor-PaperTiledImporter.dll (API version 3709383).
LogModuleManager: Display: Found up-to-date module file ../../../Engine/Plugins/2D/Paper2D/Binaries/Win64/UE4Editor-SmartSnapping.dll (API version 3709383).
LogModuleManager: Display: Found up-to-date module file ../../../Engine/Plugins/Blendables/LightPropagationVolume/Binaries/Win64/UE4Editor-LightPropagationVolumeRuntime.dll (API version 3709383).
LogModuleManager: Display: Found up-to-date module file ../../../Engine/Plugins/Blendables/LightPropagationVolume/Binaries/Win64/UE4Editor-LightPropagationVolumeEditor.dll (API version 3709383).
LogModuleManager: Display: Found up-to-date module file ../../../Engine/Plugins/Developer/GitSourceControl/Binaries/Win64/UE4Editor-GitSourceControl.dll (API version 3709383).
LogModuleManager: Display: Found up-to-date module file ../../../Engine/Plugins/Developer/PerforceSourceControl/Binaries/Win64/UE4Editor-PerforceSourceControl.dll (API version 3709383).
LogModuleManager: Display: Found up-to-date module file ../../../Engine/Plugins/Developer/SubversionSourceControl/Binaries/Win64/UE4Editor-SubversionSourceControl.dll (API version 3709383).
LogModuleManager: Display: Found up-to-date module file ../../../Engine/Plugins/Developer/UObjectPlugin/Binaries/Win64/UE4Editor-UObjectPlugin.dll (API version 3709383).
LogModuleManager: Display: Found up-to-date module file ../../../Engine/Plugins/Developer/VisualStudioCodeSourceCodeAccess/Binaries/Win64/UE4Editor-VisualStudioCodeSourceCodeAccess.dll (API version 3709383).
LogModuleManager: Display: Found up-to-date module file ../../../Engine/Plugins/Developer/VisualStudioSourceCodeAccess/Binaries/Win64/UE4Editor-VisualStudioSourceCodeAccess.dll (API version 3709383).
LogModuleManager: Display: Found up-to-date module file ../../../Engine/Plugins/Editor/AssetManagerEditor/Binaries/Win64/UE4Editor-AssetManagerEditor.dll (API version 3709383).
LogModuleManager: Display: Found up-to-date module file ../../../Engine/Plugins/Editor/AudioCapture/Binaries/Win64/UE4Editor-AudioCapture.dll (API version 3709383).
LogModuleManager: Display: Found up-to-date module file ../../../Engine/Plugins/Editor/FacialAnimation/Binaries/Win64/UE4Editor-FacialAnimation.dll (API version 3709383).
LogModuleManager: Display: Found up-to-date module file ../../../Engine/Plugins/Editor/FacialAnimation/Binaries/Win64/UE4Editor-FacialAnimationEditor.dll (API version 3709383).
LogModuleManager: Display: Found up-to-date module file ../../../Engine/Plugins/Editor/GameplayTagsEditor/Binaries/Win64/UE4Editor-GameplayTagsEditor.dll (API version 3709383).
LogModuleManager: Display: Found up-to-date module file ../../../Engine/Plugins/Editor/MobileLauncherProfileWizard/Binaries/Win64/UE4Editor-MobileLauncherProfileWizard.dll (API version 3709383).
LogModuleManager: Display: Found up-to-date module file ../../../Engine/Plugins/Editor/PluginBrowser/Binaries/Win64/UE4Editor-PluginBrowser.dll (API version 3709383).
LogModuleManager: Display: Found up-to-date module file ../../../Engine/Plugins/Editor/SpeedTreeImporter/Binaries/Win64/UE4Editor-SpeedTreeImporter.dll (API version 3709383).
LogModuleManager: Display: Found up-to-date module file ../../../Engine/Plugins/Experimental/AlembicImporter/Binaries/Win64/UE4Editor-AlembicImporter.dll (API version 3709383).
LogModuleManager: Display: Found up-to-date module file ../../../Engine/Plugins/Experimental/AlembicImporter/Binaries/Win64/UE4Editor-AlembicLibrary.dll (API version 3709383).
LogModuleManager: Display: Found up-to-date module file ../../../Engine/Plugins/Experimental/CharacterAI/Binaries/Win64/UE4Editor-CharacterAI.dll (API version 3709383).
LogModuleManager: Display: Found up-to-date module file ../../../Engine/Plugins/Experimental/HTML5Networking/Binaries/Win64/UE4Editor-HTML5Networking.dll (API version 3709383).
LogModuleManager: Display: Found up-to-date module file ../../../Engine/Plugins/Media/AndroidMedia/Binaries/Win64/UE4Editor-AndroidMediaEditor.dll (API version 3709383).
LogModuleManager: Display: Found up-to-date module file ../../../Engine/Plugins/Media/AndroidMedia/Binaries/Win64/UE4Editor-AndroidMediaFactory.dll (API version 3709383).
LogModuleManager: Display: Found up-to-date module file ../../../Engine/Plugins/Media/AvfMedia/Binaries/Win64/UE4Editor-AvfMediaEditor.dll (API version 3709383).
LogModuleManager: Display: Found up-to-date module file ../../../Engine/Plugins/Media/AvfMedia/Binaries/Win64/UE4Editor-AvfMediaFactory.dll (API version 3709383).
LogModuleManager: Display: Found up-to-date module file ../../../Engine/Plugins/Media/AvfMedia/Binaries/Win64/UE4Editor-AvfMediaFactory.dll (API version 3709383).
LogModuleManager: Display: Found up-to-date module file ../../../Engine/Plugins/Media/ImgMedia/Binaries/Win64/UE4Editor-ImgMedia.dll (API version 3709383).
LogModuleManager: Display: Found up-to-date module file ../../../Engine/Plugins/Media/ImgMedia/Binaries/Win64/UE4Editor-ImgMediaEditor.dll (API version 3709383).
LogModuleManager: Display: Found up-to-date module file ../../../Engine/Plugins/Media/ImgMedia/Binaries/Win64/UE4Editor-ImgMediaFactory.dll (API version 3709383).
LogModuleManager: Display: Found up-to-date module file ../../../Engine/Plugins/Media/ImgMedia/Binaries/Win64/UE4Editor-ImgMediaFactory.dll (API version 3709383).
LogModuleManager: Display: Found up-to-date module file ../../../Engine/Plugins/Media/ImgMedia/Binaries/Win64/UE4Editor-OpenExrWrapper.dll (API version 3709383).
LogModuleManager: Display: Found up-to-date module file ../../../Engine/Plugins/Media/MediaCompositing/Binaries/Win64/UE4Editor-MediaCompositing.dll (API version 3709383).
LogModuleManager: Display: Found up-to-date module file ../../../Engine/Plugins/Media/MediaCompositing/Binaries/Win64/UE4Editor-MediaCompositingEditor.dll (API version 3709383).
LogModuleManager: Display: Found up-to-date module file ../../../Engine/Plugins/Media/MediaPlayerEditor/Binaries/Win64/UE4Editor-MediaPlayerEditor.dll (API version 3709383).
LogModuleManager: Display: Found up-to-date module file ../../../Engine/Plugins/Media/WmfMedia/Binaries/Win64/UE4Editor-WmfMedia.dll (API version 3709383).
LogModuleManager: Display: Found up-to-date module file ../../../Engine/Plugins/Media/WmfMedia/Binaries/Win64/UE4Editor-WmfMediaEditor.dll (API version 3709383).
LogModuleManager: Display: Found up-to-date module file ../../../Engine/Plugins/Media/WmfMedia/Binaries/Win64/UE4Editor-WmfMediaFactory.dll (API version 3709383).
LogModuleManager: Display: Found up-to-date module file ../../../Engine/Plugins/Media/WmfMedia/Binaries/Win64/UE4Editor-WmfMediaFactory.dll (API version 3709383).
LogModuleManager: Display: Found up-to-date module file ../../../Engine/Plugins/Messaging/TcpMessaging/Binaries/Win64/UE4Editor-TcpMessaging.dll (API version 3709383).
LogModuleManager: Display: Found up-to-date module file ../../../Engine/Plugins/Messaging/UdpMessaging/Binaries/Win64/UE4Editor-UdpMessaging.dll (API version 3709383).
LogModuleManager: Display: Found up-to-date module file ../../../Engine/Plugins/MovieScene/ActorSequence/Binaries/Win64/UE4Editor-ActorSequence.dll (API version 3709383).
LogModuleManager: Display: Found up-to-date module file ../../../Engine/Plugins/MovieScene/LevelSequenceEditor/Binaries/Win64/UE4Editor-LevelSequenceEditor.dll (API version 3709383).
LogModuleManager: Display: Found up-to-date module file ../../../Engine/Plugins/MovieScene/MatineeToLevelSequence/Binaries/Win64/UE4Editor-MatineeToLevelSequence.dll (API version 3709383).
LogModuleManager: Display: Found up-to-date module file ../../../Engine/Plugins/Runtime/AndroidPermission/Binaries/Win64/UE4Editor-AndroidPermission.dll (API version 3709383).
LogModuleManager: Display: Found up-to-date module file ../../../Engine/Plugins/Online/OnlineSubsystemNull/Binaries/Win64/UE4Editor-OnlineSubsystemNull.dll (API version 3709383).
LogModuleManager: Display: Found up-to-date module file ../../../Engine/Plugins/Runtime/AndroidDeviceProfileSelector/Binaries/Win64/UE4Editor-AndroidDeviceProfileSelector.dll (API version 3709383).
LogModuleManager: Display: Found up-to-date module file ../../../Engine/Plugins/Runtime/AppleARKit/Binaries/Win64/UE4Editor-AppleARKit.dll (API version 3709383).
LogModuleManager: Display: Found up-to-date module file ../../../Engine/Plugins/Runtime/ArchVisCharacter/Binaries/Win64/UE4Editor-ArchVisCharacter.dll (API version 3709383).
LogModuleManager: Display: Found up-to-date module file ../../../Engine/Plugins/Runtime/CableComponent/Binaries/Win64/UE4Editor-CableComponent.dll (API version 3709383).
LogModuleManager: Display: Found up-to-date module file ../../../Engine/Plugins/Runtime/CustomMeshComponent/Binaries/Win64/UE4Editor-CustomMeshComponent.dll (API version 3709383).
LogModuleManager: Display: Found up-to-date module file ../../../Engine/Plugins/Runtime/ExampleDeviceProfileSelector/Binaries/Win64/UE4Editor-ExampleDeviceProfileSelector.dll (API version 3709383).
LogModuleManager: Display: Found up-to-date module file ../../../Engine/Plugins/Runtime/ImmediatePhysics/Binaries/Win64/UE4Editor-ImmediatePhysics.dll (API version 3709383).
LogModuleManager: Display: Found up-to-date module file ../../../Engine/Plugins/Runtime/ImmediatePhysics/Binaries/Win64/UE4Editor-ImmediatePhysicsEditor.dll (API version 3709383).
LogModuleManager: Display: Found up-to-date module file ../../../Engine/Plugins/Runtime/LocationServicesBPLibrary/Binaries/Win64/UE4Editor-LocationServicesBPLibrary.dll (API version 3709383).
LogModuleManager: Display: Found up-to-date module file ../../../Engine/Plugins/Runtime/MobilePatchingUtils/Binaries/Win64/UE4Editor-MobilePatchingUtils.dll (API version 3709383).
LogModuleManager: Display: Found up-to-date module file ../../../Engine/Plugins/Runtime/Oculus/OculusVR/Binaries/Win64/UE4Editor-OculusHMD.dll (API version 3709383).
LogModuleManager: Display: Found up-to-date module file ../../../Engine/Plugins/Runtime/Oculus/OculusVR/Binaries/Win64/UE4Editor-OculusInput.dll (API version 3709383).
LogModuleManager: Display: Found up-to-date module file ../../../Engine/Plugins/Runtime/Oculus/OculusVR/Binaries/Win64/UE4Editor-OculusEditor.dll (API version 3709383).
LogModuleManager: Display: Found up-to-date module file ../../../Engine/Plugins/Runtime/PhysXVehicles/Binaries/Win64/UE4Editor-PhysXVehicles.dll (API version 3709383).
LogModuleManager: Display: Found up-to-date module file ../../../Engine/Plugins/Runtime/PhysXVehicles/Binaries/Win64/UE4Editor-PhysXVehiclesEditor.dll (API version 3709383).
LogModuleManager: Display: Found up-to-date module file ../../../Engine/Plugins/Runtime/ProceduralMeshComponent/Binaries/Win64/UE4Editor-ProceduralMeshComponent.dll (API version 3709383).
LogModuleManager: Display: Found up-to-date module file ../../../Engine/Plugins/Runtime/ProceduralMeshComponent/Binaries/Win64/UE4Editor-ProceduralMeshComponentEditor.dll (API version 3709383).
LogModuleManager: Display: Found up-to-date module file ../../../Engine/Plugins/Runtime/RuntimePhysXCooking/Binaries/Win64/UE4Editor-RuntimePhysXCooking.dll (API version 3709383).
LogModuleManager: Display: Found up-to-date module file ../../../Engine/Plugins/Runtime/Steam/SteamVR/Binaries/Win64/UE4Editor-SteamVR.dll (API version 3709383).
LogModuleManager: Display: Found up-to-date module file ../../../Engine/Plugins/Runtime/Steam/SteamVR/Binaries/Win64/UE4Editor-SteamVRController.dll (API version 3709383).
LogModuleManager: Display: Found up-to-date module file ../../../Engine/Plugins/Runtime/WindowsMoviePlayer/Binaries/Win64/UE4Editor-WindowsMoviePlayer.dll (API version 3709383).
LogPluginManager: Mounting plugin Paper2D
LogPluginManager: Mounting plugin LightPropagationVolume
LogPluginManager: Mounting plugin CodeLiteSourceCodeAccess
LogPluginManager: Mounting plugin GitSourceControl
LogPluginManager: Mounting plugin KDevelopSourceCodeAccess
LogPluginManager: Mounting plugin NullSourceCodeAccess
LogPluginManager: Mounting plugin PerforceSourceControl
LogPluginManager: Mounting plugin SubversionSourceControl
LogPluginManager: Mounting plugin UObjectPlugin
LogPluginManager: Mounting plugin VisualStudioCodeSourceCodeAccess
LogPluginManager: Mounting plugin VisualStudioSourceCodeAccess
LogPluginManager: Mounting plugin XCodeSourceCodeAccess
LogPluginManager: Mounting plugin AssetManagerEditor
LogPluginManager: Mounting plugin AudioCapture
LogPluginManager: Mounting plugin FacialAnimation
LogPluginManager: Mounting plugin GameplayTagsEditor
LogPluginManager: Mounting plugin MobileLauncherProfileWizard
LogPluginManager: Mounting plugin PluginBrowser
LogPluginManager: Mounting plugin SpeedTreeImporter
LogPluginManager: Mounting plugin AlembicImporter
LogPluginManager: Mounting plugin CharacterAI
LogPluginManager: Mounting plugin HTML5Networking
LogPluginManager: Mounting plugin AndroidMedia
LogPluginManager: Mounting plugin AvfMedia
LogPluginManager: Mounting plugin ImgMedia
LogPluginManager: Mounting plugin MediaCompositing
LogPluginManager: Mounting plugin MediaPlayerEditor
LogPluginManager: Mounting plugin WmfMedia
LogPluginManager: Mounting plugin TcpMessaging
LogPluginManager: Mounting plugin UdpMessaging
LogPluginManager: Mounting plugin ActorSequence
LogPluginManager: Mounting plugin LevelSequenceEditor
LogPluginManager: Mounting plugin MatineeToLevelSequence
LogPluginManager: Mounting plugin OnlineSubsystemGooglePlay
LogPluginManager: Mounting plugin OnlineSubsystemIOS
LogPluginManager: Mounting plugin OnlineSubsystem
LogPluginManager: Mounting plugin OnlineSubsystemNull
LogPluginManager: Mounting plugin OnlineSubsystemSteam
LogPluginManager: Mounting plugin OnlineSubsystemUtils
LogPluginManager: Mounting plugin AndroidDeviceProfileSelector
LogPluginManager: Mounting plugin AndroidMoviePlayer
LogPluginManager: Mounting plugin AndroidPermission
LogPluginManager: Mounting plugin AppleARKit
LogPluginManager: Mounting plugin AppleMoviePlayer
LogPluginManager: Mounting plugin ArchVisCharacter
LogPluginManager: Mounting plugin CableComponent
LogPluginManager: Mounting plugin CustomMeshComponent
LogPluginManager: Mounting plugin ExampleDeviceProfileSelector
LogPluginManager: Mounting plugin GoogleCloudMessaging
LogPluginManager: Mounting plugin ImmediatePhysics
LogPluginManager: Mounting plugin IOSDeviceProfileSelector
LogPluginManager: Mounting plugin LinuxDeviceProfileSelector
LogPluginManager: Mounting plugin LocationServicesBPLibrary
LogPluginManager: Mounting plugin MobilePatchingUtils
LogPluginManager: Mounting plugin OculusVR
LogPluginManager: Plugin shader directory ../../../Engine/Plugins/Runtime/Oculus/OculusVR/Shaders found
LogPluginManager: Mapping shader source directory ../../../Engine/Plugins/Runtime/Oculus/OculusVR/Shaders to virtual directory /Plugin/OculusVR
LogPluginManager: Mounting plugin PhysXVehicles
LogPluginManager: Mounting plugin ProceduralMeshComponent
LogPluginManager: Mounting plugin RuntimePhysXCooking
LogPluginManager: Mounting plugin SteamVR
LogPluginManager: Mounting plugin WindowsMoviePlayer
LogInit: Using libcurl 7.47.1
LogInit:  - built for x86_64-pc-win32
LogInit:  - supports SSL with OpenSSL/1.0.2g
LogInit:  - supports HTTP deflate (compression) using libz 1.2.8
LogInit:  - other features:
LogInit:      CURL_VERSION_SSL
LogInit:      CURL_VERSION_LIBZ
LogInit:      CURL_VERSION_IPV6
LogInit:      CURL_VERSION_ASYNCHDNS
LogInit:      CURL_VERSION_LARGEFILE
LogInit:      CURL_VERSION_IDN
LogInit:  CurlRequestOptions (configurable via config and command line):
LogInit:  - bVerifyPeer = false  - Libcurl will NOT verify peer certificate
LogInit:  - bUseHttpProxy = false  - Libcurl will NOT use HTTP proxy
LogInit:  - bDontReuseConnections = false  - Libcurl will reuse connections
LogInit:  - CertBundlePath = nullptr  - Libcurl will use whatever was configured at build time.
LogOnline: Display: STEAM: Loading Steam SDK 1.39
LogInit: WinSock: version 1.1 (2.2), MaxSocks=32767, MaxUdp=65467
LogInit: Build: ++UE4+Release-4.18-CL-3832480
LogInit: Engine Version: 4.18.3-3832480+++UE4+Release-4.18
LogInit: Compatible Engine Version: 4.18.0-3709383+++UE4+Release-4.18
LogInit: Net CL: 3709383
LogDevObjectVersion: Number of dev versions registered: 16
LogDevObjectVersion:   Dev-Blueprints (B0D832E4-1F89-4F0D-ACCF-7EB736FD4AA2): 10
LogDevObjectVersion:   Dev-Build (E1C64328-A22C-4D53-A36C-8E866417BD8C): 0
LogDevObjectVersion:   Dev-Core (375EC13C-06E4-48FB-B500-84F0262A717E): 2
LogDevObjectVersion:   Dev-Editor (E4B068ED-F494-42E9-A231-DA0B2E46BB41): 20
LogDevObjectVersion:   Dev-Framework (CFFC743F-43B0-4480-9391-14DF171D2073): 30
LogDevObjectVersion:   Dev-Mobile (B02B49B5-BB20-44E9-A304-32B752E40360): 0
LogDevObjectVersion:   Dev-Networking (A4E4105C-59A1-49B5-A7C5-40C4547EDFEE): 0
LogDevObjectVersion:   Dev-Online (39C831C9-5AE6-47DC-9A44-9C173E1C8E7C): 0
LogDevObjectVersion:   Dev-Physics (78F01B33-EBEA-4F98-B9B4-84EACCB95AA2): 0
LogDevObjectVersion:   Dev-Platform (6631380F-2D4D-43E0-8009-CF276956A95A): 0
LogDevObjectVersion:   Dev-Rendering (12F88B9F-8875-4AFC-A67C-D90C383ABD29): 20
LogDevObjectVersion:   Dev-Sequencer (7B5AE74C-D270-4C10-A958-57980B212A5A): 4
LogDevObjectVersion:   Dev-VR (D7296918-1DD6-4BDD-9DE2-64A83CC13884): 0
LogDevObjectVersion:   Dev-LoadTimes (C2A15278-BFE7-4AFE-6C17-90FF531DF755): 1
LogDevObjectVersion:   Private-Geometry (6EACA3D4-40EC-4CC1-B786-8BED09428FC5): 1
LogDevObjectVersion:   Dev-AnimPhys (29E575DD-E0A3-4627-9D10-D276232CDCEA): 12
LogInit: Compiled (64-bit): Jan 12 2018 02:04:55
LogInit: Compiled with Visual C++: 19.00.24215.01
LogInit: Build Configuration: Development
LogInit: Branch Name: ++UE4+Release-4.18
LogInit: Command line:  -game
LogInit: Base directory: C:/Program Files/Epic Games/UE_4.18/Engine/Binaries/Win64/
LogInit: Installed Engine Build: 1
LogInit: Presizing for max 8388607 objects, including 0 objects not considered by GC, pre-allocating 0 bytes for permanent pool.
LogInit: Object subsystem initialized
[2018.02.11-01.37.08:101][  0]LogInit: Selected Device Profile: [Windows]
[2018.02.11-01.37.08:101][  0]LogInit: Applying CVar settings loaded from the selected device profile: [Windows]
[2018.02.11-01.37.08:199][  0]LogInit: Computer: DESKTOP-3HTVB4G
[2018.02.11-01.37.08:199][  0]LogInit: User: Polymake
[2018.02.11-01.37.08:199][  0]LogInit: CPU Page size=4096, Cores=4
[2018.02.11-01.37.08:199][  0]LogInit: High frequency timer resolution =2.272934 MHz
[2018.02.11-01.37.08:200][  0]LogMemory: Memory total: Physical=8.0GB (8GB approx)
[2018.02.11-01.37.08:200][  0]LogMemory: Platform Memory Stats for Windows
[2018.02.11-01.37.08:200][  0]LogMemory: Process Physical Memory: 306.30 MB used, 306.30 MB peak
[2018.02.11-01.37.08:200][  0]LogMemory: Process Virtual Memory: 280.89 MB used, 280.89 MB peak
[2018.02.11-01.37.08:200][  0]LogMemory: Physical Memory: 4985.25 MB used,  3205.93 MB free, 8191.18 MB total
[2018.02.11-01.37.08:200][  0]LogMemory: Virtual Memory: 756.91 MB used,  3205.93 MB free, 134217728.00 MB total
[2018.02.11-01.37.10:493][  0]LogInit: Using OS detected language (en-US).
[2018.02.11-01.37.10:493][  0]LogInit: Using OS detected locale (en-US).
[2018.02.11-01.37.10:532][  0]LogTextLocalizationManager: No specific localization for 'en-US' exists, so the 'en' localization will be used.
[2018.02.11-01.37.14:394][  0]LogD3D11RHI: D3D11 adapters:
[2018.02.11-01.37.14:605][  0]LogD3D11RHI:    0. 'NVIDIA GeForce GTX 1050 Ti' (Feature Level 11_0)
[2018.02.11-01.37.14:605][  0]LogD3D11RHI:       4029/0/4095 MB DedicatedVideo/DedicatedSystem/SharedSystem, Outputs:1, VendorId:0x10de
[2018.02.11-01.37.14:612][  0]LogD3D11RHI:    1. 'Microsoft Basic Render Driver' (Feature Level 11_0)
[2018.02.11-01.37.14:612][  0]LogD3D11RHI:       0/0/4095 MB DedicatedVideo/DedicatedSystem/SharedSystem, Outputs:0, VendorId:0x1414
[2018.02.11-01.37.14:612][  0]LogD3D11RHI: Chosen D3D11 Adapter: 0
[2018.02.11-01.37.14:684][  0]LogD3D11RHI: Creating new Direct3DDevice
[2018.02.11-01.37.14:685][  0]LogD3D11RHI:     GPU DeviceId: 0x1c82 (for the marketing name, search the web for "GPU Device Id")
[2018.02.11-01.37.14:685][  0]LogWindows: EnumDisplayDevices:
[2018.02.11-01.37.14:686][  0]LogWindows:    0. 'NVIDIA GeForce GTX 1050 Ti' (P:0 D:0)
[2018.02.11-01.37.14:686][  0]LogWindows:    1. 'NVIDIA GeForce GTX 1050 Ti' (P:1 D:1)
[2018.02.11-01.37.14:687][  0]LogWindows:    2. 'NVIDIA GeForce GTX 1050 Ti' (P:0 D:0)
[2018.02.11-01.37.14:687][  0]LogWindows:    3. 'NVIDIA GeForce GTX 1050 Ti' (P:0 D:0)
[2018.02.11-01.37.14:688][  0]LogWindows: DebugString: FoundDriverCount:4 
[2018.02.11-01.37.14:688][  0]LogD3D11RHI:     Adapter Name: NVIDIA GeForce GTX 1050 Ti
[2018.02.11-01.37.14:688][  0]LogD3D11RHI:   Driver Version: 388.31 (internal:23.21.13.8831, unified:388.31)
[2018.02.11-01.37.14:688][  0]LogD3D11RHI:      Driver Date: 11-14-2017
[2018.02.11-01.37.14:688][  0]LogRHI: Texture pool is 2820 MB (70% of 4029 MB)
[2018.02.11-01.37.14:800][  0]LogD3D11RHI: Async texture creation enabled
[2018.02.11-01.37.14:828][  0]LogD3D11RHI: GPU Timing Frequency: 1000.000000 (Debug: 2 1)
[2018.02.11-01.37.14:876][  0]LogShaderCompilers: Guid format shader working directory is 14 characters bigger than the processId version (../../../../../../UE4/steam/steam/Intermediate/Shaders/WorkingDirectory/111612/).
[2018.02.11-01.37.14:876][  0]LogShaderCompilers: Cleaned the shader compiler working directory 'C:/Users/Polymake/AppData/Local/Temp/UnrealShaderWorkingDir/A615F4F24D0DC783C61CD2B9A222E6EB/'.
[2018.02.11-01.37.14:876][  0]LogShaderCompilers: Display: Using Local Shader Compiler.
[2018.02.11-01.37.22:806][  0]LogTemp: Display: Loaded TP WindowsClientTargetPlatform
[2018.02.11-01.37.23:135][  0]LogTemp: Display: Loaded TP WindowsNoEditorTargetPlatform
[2018.02.11-01.37.23:556][  0]LogTemp: Display: Loaded TP WindowsServerTargetPlatform
[2018.02.11-01.37.23:915][  0]LogTemp: Display: Loaded TP WindowsTargetPlatform
[2018.02.11-01.37.23:915][  0]LogTargetPlatformManager: Display: Building Assets For Windows
[2018.02.11-01.37.27:461][  0]LogDerivedDataCache: Display: Max Cache Size: 512 MB
[2018.02.11-01.37.28:240][  0]LogDerivedDataCache: Loaded boot cache 0.78s 78MB C:/Users/Polymake/AppData/Local/UnrealEngine/4.18/DerivedDataCache/Boot.ddc.
[2018.02.11-01.37.28:240][  0]LogDerivedDataCache: Display: Loaded Boot cache: C:/Users/Polymake/AppData/Local/UnrealEngine/4.18/DerivedDataCache/Boot.ddc
[2018.02.11-01.37.28:240][  0]LogDerivedDataCache: FDerivedDataBackendGraph:  Pak pak cache file ../../../../../../UE4/steam/steam/DerivedDataCache/DDC.ddp not found, will not use a pak cache.
[2018.02.11-01.37.28:240][  0]LogDerivedDataCache: Unable to find inner node Pak for hierarchical cache Hierarchy.
[2018.02.11-01.37.28:240][  0]LogDerivedDataCache: FDerivedDataBackendGraph:  CompressedPak pak cache file ../../../../../../UE4/steam/steam/DerivedDataCache/Compressed.ddp not found, will not use a pak cache.
[2018.02.11-01.37.28:240][  0]LogDerivedDataCache: Unable to find inner node CompressedPak for hierarchical cache Hierarchy.
[2018.02.11-01.37.28:310][  0]LogDerivedDataCache: Display: Pak cache opened for reading ../../../Engine/DerivedDataCache/Compressed.ddp.
[2018.02.11-01.37.28:325][  0]LogDerivedDataCache: Using Local data cache path C:/Users/Polymake/AppData/Local/UnrealEngine/Common/DerivedDataCache: Writable
[2018.02.11-01.37.28:406][  0]LogMaterial: Verifying Global Shaders for PCD3D_SM5
[2018.02.11-01.37.28:407][  0]LogSlate: Using Freetype 2.6.0
[2018.02.11-01.37.28:408][  0]LogSlate: SlateFontCache - WITH_FREETYPE: 1, WITH_HARFBUZZ: 1
[2018.02.11-01.37.28:409][  0]LogSlate: SlateFontCache - WITH_FREETYPE: 1, WITH_HARFBUZZ: 1
[2018.02.11-01.37.30:831][  0]LogAssetRegistry: FAssetRegistry took 0.0128 seconds to start up
[2018.02.11-01.37.31:496][  0]LogPackageLocalizationCache: Processed 7 localized package path(s) for 2 prioritized culture(s) in 0.664282 seconds
[2018.02.11-01.37.32:068][  0]LogInit: Selected Device Profile: [Windows]
[2018.02.11-01.37.34:201][  0]LogSimplygon: Simplygon DLL not present - disabling.
[2018.02.11-01.37.34:521][  0]LogMeshReduction: Using SimplygonSwarm for distributed automatic mesh merging
[2018.02.11-01.37.34:521][  0]LogMeshReduction: Using QuadricMeshReduction for automatic static mesh reduction
[2018.02.11-01.37.34:521][  0]LogMeshReduction: No automatic skeletal mesh reduction module available
[2018.02.11-01.37.34:521][  0]LogMeshReduction: No automatic mesh merging module available
[2018.02.11-01.37.34:521][  0]LogMeshMerging: No automatic mesh merging module available
[2018.02.11-01.37.34:665][  0]LogNetVersion: MyProject12 , NetCL: 3709383, EngineNetVer: 2, GameNetVer: 0 (Checksum: 3203290924)
[2018.02.11-01.37.47:667][  0]LogMoviePlayer: Initializing movie player
[2018.02.11-01.37.49:417][  0]LogCollectionManager: Loaded 0 collections in 0.004001 seconds
[2018.02.11-01.37.49:615][  0]LogFileCache: Scanning file cache for directory 'C:/UE4/steam/steam/Saved/Collections/' took 0.01s
[2018.02.11-01.37.49:615][  0]LogFileCache: Scanning file cache for directory 'C:/UE4/steam/steam/Content/Developers/Polymake/Collections/' took 0.01s
[2018.02.11-01.37.49:615][  0]LogFileCache: Scanning file cache for directory 'C:/UE4/steam/steam/Content/Collections/' took 0.01s
[2018.02.11-01.37.49:615][  0]LogCollectionManager: Rebuilt the object cache for 0 collections in 0.000000 seconds (found 0 objects)
[2018.02.11-01.37.49:615][  0]LogCollectionManager: Fixed up redirectors for 0 collections in 0.000175 seconds (updated 0 objects)
[2018.02.11-01.37.52:796][  0]SourceControl: Source control is disabled
[2018.02.11-01.37.52:796][  0]SourceControl: Source control is disabled
[2018.02.11-01.37.53:037][  0]SourceControl: Source control is disabled
[2018.02.11-01.37.55:047][  0]LogAndroidPermission: UAndroidPermissionCallbackProxy::GetInstance
[2018.02.11-01.37.56:392][  0]LogOcInput: OculusInput pre-init called
[2018.02.11-01.37.56:945][  0]LogUObjectArray: 38930 objects as part of root set at end of initial load.
[2018.02.11-01.37.56:945][  0]LogUObjectAllocator: 8563128 out of 0 bytes used by permanent object pool.
[2018.02.11-01.37.56:945][  0]LogUObjectArray: CloseDisregardForGC: 0/0 objects in disregard for GC pool
[2018.02.11-01.37.57:415][  0]LogEngine: Initializing Engine...
[2018.02.11-01.37.57:426][  0]LogHMD: Failed to initialize OpenVR with code 110
[2018.02.11-01.37.58:375][  0]LogStats: UGameplayTagsManager::ConstructGameplayTagTree: Construct from data asset -  0.000 s
[2018.02.11-01.37.58:375][  0]LogStats: UGameplayTagsManager::ConstructGameplayTagTree: GameplayTagTreeChangedEvent.Broadcast -  0.000 s
[2018.02.11-01.37.58:458][  0]LogInit: XAudio2 using 'Headset Earphone (Corsair VOID Surround USB Sound Adaptor)' : 2 channels at 48 kHz using 16 bits per sample (channel mask 0x3)
[2018.02.11-01.37.58:780][  0]LogInit: FAudioDevice initialized.
[2018.02.11-01.37.59:034][  0]LogDerivedDataCache: Saved boot cache 0.24s 77MB C:/Users/Polymake/AppData/Local/UnrealEngine/4.18/DerivedDataCache/Boot.ddc.
[2018.02.11-01.37.59:106][  0]LogInit: Texture streaming: Enabled
[2018.02.11-01.37.59:206][  0]LogMaterial: Uniform references updated for custom material expression Custom.
[2018.02.11-01.38.00:947][  0]LogProperty: Error: UStructProperty::Serialize Loading: Property 'StructProperty /Game/UI/MainMenu/optionsMenu.optionsMenu_C:playerInfo'. Unknown structure.
[2018.02.11-01.38.00:950][  0]LogProperty: Error: UStructProperty::Serialize Loading: Property 'StructProperty /Game/Blueprints/allLevels/playerSaveGame.playerSaveGame_C:S_PlayerINfo'. Unknown structure.
[2018.02.11-01.38.00:958][  0]LogClass: Warning: Property S_PlayerINfo of S_PlayerINfo has a struct type mismatch (tag STRUCT_REINST_PlayerInfo_0 != prop FallbackStruct) in package:  ../../../../../../UE4/steam/steam/Content/Blueprints/allLevels/playerSaveGame.uasset. If that struct got renamed, add an entry to ActiveStructRedirects.
[2018.02.11-01.38.01:143][  0]LogClass: Warning: Property playerInfo of playerInfo has a struct type mismatch (tag STRUCT_REINST_PlayerInfo_0 != prop FallbackStruct) in package:  ../../../../../../UE4/steam/steam/Content/UI/MainMenu/optionsMenu.uasset. If that struct got renamed, add an entry to ActiveStructRedirects.
[2018.02.11-01.38.01:460][  0]LogClass: Warning: Property S_PlayerINfo of S_PlayerINfo has a struct type mismatch (tag FallbackStruct != prop PlayerInfo) in package:  FObjectReader. If that struct got renamed, add an entry to ActiveStructRedirects.
[2018.02.11-01.38.01:461][  0]LogClass: Warning: Property playerInfo of playerInfo has a struct type mismatch (tag FallbackStruct != prop PlayerInfo) in package:  FObjectReader. If that struct got renamed, add an entry to ActiveStructRedirects.
[2018.02.11-01.38.01:836][  0]LogInit: Display: Game Engine Initialized.
[2018.02.11-01.38.01:836][  0]LogGameplayTags: Display: UGameplayTagsManager::DoneAddingNativeTags. DelegateIsBound: 0
[2018.02.11-01.38.02:729][  0]LogInit: Display: Starting Game.
[2018.02.11-01.38.02:729][  0]LogNet: Browse: /Game/Maps/mainMenu?Name=Player
[2018.02.11-01.38.02:729][  0]LogLoad: LoadMap: /Game/Maps/mainMenu?Name=Player
[2018.02.11-01.38.03:389][  0]LogAIModule: Creating AISystem for world mainMenu
[2018.02.11-01.38.04:085][  0]LogLoad: Game class is 'TopDownGameMode_C'
[2018.02.11-01.38.04:089][  0]LogWorld: Bringing World /Game/Maps/mainMenu.mainMenu up for play (max tick rate 0) at 2018.02.10-17.38.04
[2018.02.11-01.38.04:089][  0]LogWorld: Bringing up level for play took: 0.002190
[2018.02.11-01.38.04:092][  0]LogGameMode: FindPlayerStart: PATHS NOT DEFINED or NO PLAYERSTART with positive rating
[2018.02.11-01.38.04:135][  0]LogLoad: Took 1.406437 seconds to LoadMap(/Game/Maps/mainMenu)
[2018.02.11-01.38.04:948][  0]LogRenderer: Reallocating scene render targets to support 1920x1080 Format 10 NumSamples 1 (Frame:1).
[2018.02.11-01.38.04:948][  0]LogLoad: (Engine Initialization) Total time: 82.97 seconds
[2018.02.11-01.38.04:948][  0]LogLoad: (Engine Initialization) Total Blueprint compile time: 0.00 seconds
[2018.02.11-01.38.04:949][  0]LogExternalProfiler: No external profilers were discovered.  External profiling features will not be available.
[2018.02.11-01.38.05:075][  0]LogContentStreaming: Texture pool size now 1000 MB
[2018.02.11-01.38.16:283][127]LogAudio: Warning: Waited 70.137535ms for audio thread.
[2018.02.11-01.38.16:318][127]LogAudio: Warning: Waited 105.685867ms for audio thread.
[2018.02.11-01.38.16:354][127]LogAudio: Warning: Waited 141.632797ms for audio thread.
[2018.02.11-01.38.16:389][127]LogAudio: Warning: Waited 176.669891ms for audio thread.
[2018.02.11-01.38.16:424][127]LogAudio: Warning: Waited 211.738663ms for audio thread.
[2018.02.11-01.38.16:439][127]LogAudio: Warning: Waited 226.612823ms for audio thread.
[2018.02.11-01.38.16:549][130]LogSlate: Took 0.000573 seconds to synchronously load lazily loaded font '../../../Engine/Content/Slate/Fonts/Roboto-Regular.ttf' (155K)
[2018.02.11-01.38.21:297][284]LogAudio: Warning: Waited 69.651390ms for audio thread.
[2018.02.11-01.38.21:333][284]LogAudio: Warning: Waited 105.285065ms for audio thread.
[2018.02.11-01.38.21:368][284]LogAudio: Warning: Waited 140.624847ms for audio thread.
[2018.02.11-01.38.21:404][284]LogAudio: Warning: Waited 176.133148ms for audio thread.
[2018.02.11-01.38.21:439][284]LogAudio: Warning: Waited 211.149109ms for audio thread.
[2018.02.11-01.38.21:474][284]LogAudio: Warning: Waited 246.246918ms for audio thread.
[2018.02.11-01.38.21:475][284]LogAudio: Warning: Waited 247.328781ms for audio thread.
[2018.02.11-01.38.23:680][344]LogAudio: Warning: Waited 70.275246ms for audio thread.
[2018.02.11-01.38.23:715][344]LogAudio: Warning: Waited 105.801575ms for audio thread.
[2018.02.11-01.38.23:750][344]LogAudio: Warning: Waited 140.782349ms for audio thread.
[2018.02.11-01.38.23:785][344]LogAudio: Warning: Waited 175.797455ms for audio thread.
[2018.02.11-01.38.23:820][344]LogAudio: Warning: Waited 210.849945ms for audio thread.
[2018.02.11-01.38.23:855][344]LogAudio: Warning: Waited 245.799484ms for audio thread.
[2018.02.11-01.38.23:890][344]LogAudio: Warning: Waited 280.942627ms for audio thread.
[2018.02.11-01.38.23:912][344]LogAudio: Warning: Waited 303.155762ms for audio thread.
[2018.02.11-01.38.36:699][676]LogNetVersion: MyProject12 1.0.0.0, NetCL: 3709383, EngineNetVer: 2, GameNetVer: 0 (Checksum: 878358411)
[2018.02.11-01.38.36:909][685]LogOnline: Verbose: dumping NamedSession: 
[2018.02.11-01.38.36:909][685]LogOnline: Verbose: 	SessionName: GameSession
[2018.02.11-01.38.36:909][685]LogOnline: Verbose: 	HostingPlayerNum: 0
[2018.02.11-01.38.36:909][685]LogOnline: Verbose: 	SessionState: Pending
[2018.02.11-01.38.36:909][685]LogOnline: Verbose: 	RegisteredPlayers: 
[2018.02.11-01.38.36:909][685]LogOnline: Verbose: 	    0 registered players
[2018.02.11-01.38.36:909][685]LogOnline: Verbose: dumping Session: 
[2018.02.11-01.38.36:909][685]LogOnline: Verbose: 	OwningPlayerName: harriswga
[2018.02.11-01.38.36:909][685]LogOnline: Verbose: 	OwningPlayerId: harriswga [0x110000119AC6958]
[2018.02.11-01.38.36:909][685]LogOnline: Verbose: 	NumOpenPrivateConnections: 0
[2018.02.11-01.38.36:909][685]LogOnline: Verbose: 	NumOpenPublicConnections: 1
[2018.02.11-01.38.36:909][685]LogOnline: Verbose: 	SessionInfo: HostIP: INVALID SteamP2P: 76561198390995288:7777 Type: Lobby session SessionId: Lobby [0x1860000DFD3ECAD]
[2018.02.11-01.38.36:909][685]LogOnline: Verbose: dumping SessionSettings: 
[2018.02.11-01.38.36:909][685]LogOnline: Verbose: 	NumPublicConnections: 2
[2018.02.11-01.38.36:909][685]LogOnline: Verbose: 	NumPrivateConnections: 0
[2018.02.11-01.38.36:909][685]LogOnline: Verbose: 	bIsLanMatch: false
[2018.02.11-01.38.36:910][685]LogOnline: Verbose: 	bIsDedicated: false
[2018.02.11-01.38.36:910][685]LogOnline: Verbose: 	bUsesStats: false
[2018.02.11-01.38.36:910][685]LogOnline: Verbose: 	bShouldAdvertise: true
[2018.02.11-01.38.36:910][685]LogOnline: Verbose: 	bAllowJoinInProgress: true
[2018.02.11-01.38.36:910][685]LogOnline: Verbose: 	bAllowInvites: false
[2018.02.11-01.38.36:910][685]LogOnline: Verbose: 	bUsesPresence: true
[2018.02.11-01.38.36:910][685]LogOnline: Verbose: 	bAllowJoinViaPresence: true
[2018.02.11-01.38.36:910][685]LogOnline: Verbose: 	bAllowJoinViaPresenceFriendsOnly: false
[2018.02.11-01.38.36:910][685]LogOnline: Verbose: 	BuildUniqueId: 0x6cd3e102
[2018.02.11-01.38.36:910][685]LogOnline: Verbose: 	Settings:
[2018.02.11-01.38.37:172][685]LogPackageName: SearchForPackageOnDisk took   0.261s to resolve lobby.umap.
[2018.02.11-01.38.37:457][685]LogPackageName: SearchForPackageOnDisk took   0.283s to resolve lobby.umap.
[2018.02.11-01.38.37:457][685]LogNet: Browse: /Game/Maps/lobby?listen
[2018.02.11-01.38.37:457][685]LogLoad: LoadMap: /Game/Maps/lobby?listen
[2018.02.11-01.38.38:349][685]LogProperty: Error: UStructProperty::Serialize Loading: Property 'StructProperty /Game/UI/Lobby/gameSettings.gameSettings_C:ExecuteUbergraph_gameSettings.CallFunc_Array_Get_Item'. Unknown structure.
[2018.02.11-01.38.38:358][685]LogProperty: Error: UStructProperty::Serialize Loading: Property 'StructProperty /Game/UI/Lobby/playerButton.playerButton_C:playerInfo'. Unknown structure.
[2018.02.11-01.38.38:358][685]LogClass: Warning: Property playerInfo of playerInfo has a struct type mismatch (tag STRUCT_REINST_PlayerInfo_0 != prop FallbackStruct) in package:  ../../../../../../UE4/steam/steam/Content/UI/Lobby/playerButton.uasset. If that struct got renamed, add an entry to ActiveStructRedirects.
[2018.02.11-01.38.39:443][685]LogClass: Warning: Property playerInfo of playerInfo has a struct type mismatch (tag FallbackStruct != prop PlayerInfo) in package:  FObjectReader. If that struct got renamed, add an entry to ActiveStructRedirects.
[2018.02.11-01.38.40:197][685]LogAIModule: Creating AISystem for world lobby
[2018.02.11-01.38.40:198][685]LogLoad: Game class is 'lobbyGM_C'
[2018.02.11-01.38.40:208][685]LogTemp: Display: ParseSettings for GameNetDriver
[2018.02.11-01.38.40:209][685]LogTemp: Display: ParseSettings for SteamNetDriver_0
[2018.02.11-01.38.40:209][685]LogTemp: Display: ParseSettings for GameNetDriver
[2018.02.11-01.38.40:209][685]LogNet: Display: SteamNetDriver_0 bound to port 7777
[2018.02.11-01.38.40:210][685]PacketHandlerLog: Loaded PacketHandler component: Engine.EngineHandlerComponentFactory (StatelessConnectHandlerComponent)
[2018.02.11-01.38.40:210][685]LogNet: GameNetDriver SteamNetDriver_0 IpNetDriver listening on port 7777
[2018.02.11-01.38.40:214][685]LogWorld: Bringing World /Game/Maps/lobby.lobby up for play (max tick rate 0) at 2018.02.10-17.38.40
[2018.02.11-01.38.40:214][685]LogWorld: Bringing up level for play took: 0.003594
[2018.02.11-01.38.40:240][685]LogScript: Warning: UGameplayStatics::BeginSpawningActorFromClass: can not spawn an actor from a NULL class
[2018.02.11-01.38.40:258][685]LogGameMode: Display: Match State Changed from EnteringMap to WaitingToStart
[2018.02.11-01.38.40:258][685]LogGameState: Match State Changed from EnteringMap to WaitingToStart
[2018.02.11-01.38.40:258][685]LogGameMode: Display: Match State Changed from WaitingToStart to InProgress
[2018.02.11-01.38.40:259][685]LogGameState: Match State Changed from WaitingToStart to InProgress
[2018.02.11-01.38.40:290][685]LogLoad: Took 2.831999 seconds to LoadMap(/Game/Maps/lobby)
[2018.02.11-01.38.52:636][756]LogNet: UNetDriver::TickDispatch: Very long time between ticks. DeltaTime: 7.10, Realtime: 7.10. SteamNetDriver_0
[2018.02.11-01.38.52:644][756]LogCharacterMovement: Warning: GetSimulationTimeStep() - Max iterations 8 hit while remaining time 0.093970 > MaxSimulationTimeStep (0.050) for 'Frosty_C_0', movement 'Walking'
[2018.02.11-01.39.05:695][856]LogNet: UNetDriver::TickDispatch: Very long time between ticks. DeltaTime: 5.73, Realtime: 5.73. SteamNetDriver_0
[2018.02.11-01.40.21:686][612]LogAudio: Warning: Current Audio Device with ID {0.0.0.00000000}.{8a9c911f-d5a7-4ebf-b841-f082e72fbb38} was removed. Shutting down audio device.
[2018.02.11-01.40.21:687][612]LogNet: UNetDriver::TickDispatch: Very long time between ticks. DeltaTime: 11.45, Realtime: 11.45. SteamNetDriver_0
[2018.02.11-01.40.21:761][612]LogAudio: Warning: Waited 70.967300ms for audio thread.
[2018.02.11-01.40.21:796][612]LogAudio: Warning: Waited 105.968315ms for audio thread.
[2018.02.11-01.40.21:831][612]LogAudio: Warning: Waited 140.980331ms for audio thread.
[2018.02.11-01.40.21:866][612]LogAudio: Warning: Waited 176.009079ms for audio thread.
[2018.02.11-01.40.21:901][612]LogAudio: Warning: Waited 211.521759ms for audio thread.
[2018.02.11-01.40.21:936][612]LogAudio: Warning: Waited 246.557083ms for audio thread.
[2018.02.11-01.40.21:972][612]LogAudio: Warning: Waited 281.973419ms for audio thread.
[2018.02.11-01.40.22:007][612]LogAudio: Warning: Waited 316.985870ms for audio thread.
[2018.02.11-01.40.22:042][612]LogAudio: Warning: Waited 352.002289ms for audio thread.
[2018.02.11-01.40.22:077][612]LogAudio: Warning: Waited 386.991455ms for audio thread.
[2018.02.11-01.40.22:112][612]LogAudio: Warning: Waited 422.620270ms for audio thread.
[2018.02.11-01.40.22:147][612]LogAudio: Warning: Waited 457.495483ms for audio thread.
[2018.02.11-01.40.22:183][612]LogAudio: Warning: Waited 493.017395ms for audio thread.
[2018.02.11-01.40.22:218][612]LogAudio: Warning: Waited 528.574097ms for audio thread.
[2018.02.11-01.40.22:253][612]LogAudio: Warning: Waited 563.520996ms for audio thread.
[2018.02.11-01.40.22:289][612]LogAudio: Warning: Waited 599.034973ms for audio thread.
[2018.02.11-01.40.22:324][612]LogAudio: Warning: Waited 634.039124ms for audio thread.
[2018.02.11-01.40.22:359][612]LogAudio: Warning: Waited 669.543457ms for audio thread.
[2018.02.11-01.40.22:394][612]LogAudio: Warning: Waited 704.545715ms for audio thread.
[2018.02.11-01.40.22:429][612]LogAudio: Warning: Waited 739.545898ms for audio thread.
[2018.02.11-01.40.22:464][612]LogAudio: Warning: Waited 774.542480ms for audio thread.
[2018.02.11-01.40.22:499][612]LogAudio: Warning: Waited 809.572083ms for audio thread.
[2018.02.11-01.40.22:535][612]LogAudio: Warning: Waited 845.115173ms for audio thread.
[2018.02.11-01.40.22:570][612]LogAudio: Warning: Waited 880.056824ms for audio thread.
[2018.02.11-01.40.22:605][612]LogAudio: Warning: Waited 915.563354ms for audio thread.
[2018.02.11-01.40.22:640][612]LogAudio: Warning: Waited 950.574463ms for audio thread.
[2018.02.11-01.40.22:675][612]LogAudio: Warning: Waited 985.575500ms for audio thread.
[2018.02.11-01.40.22:710][612]LogAudio: Warning: Waited 1020.601990ms for audio thread.
[2018.02.11-01.40.22:746][612]LogAudio: Warning: Waited 1056.088379ms for audio thread.
[2018.02.11-01.40.22:781][612]LogAudio: Warning: Waited 1091.106079ms for audio thread.
[2018.02.11-01.40.22:816][612]LogAudio: Warning: Waited 1126.101685ms for audio thread.
[2018.02.11-01.40.22:851][612]LogAudio: Warning: Waited 1161.094482ms for audio thread.
[2018.02.11-01.40.22:886][612]LogAudio: Warning: Waited 1196.120972ms for audio thread.
[2018.02.11-01.40.22:921][612]LogAudio: Warning: Waited 1231.115845ms for audio thread.
[2018.02.11-01.40.22:956][612]LogAudio: Warning: Waited 1266.604736ms for audio thread.
[2018.02.11-01.40.22:992][612]LogAudio: Warning: Waited 1302.132813ms for audio thread.
[2018.02.11-01.40.23:027][612]LogAudio: Warning: Waited 1337.112793ms for audio thread.
[2018.02.11-01.40.23:062][612]LogAudio: Warning: Waited 1372.118652ms for audio thread.
[2018.02.11-01.40.23:097][612]LogAudio: Warning: Waited 1407.138062ms for audio thread.
[2018.02.11-01.40.23:132][612]LogAudio: Warning: Waited 1442.153198ms for audio thread.
[2018.02.11-01.40.23:168][612]LogAudio: Warning: Waited 1477.678711ms for audio thread.
[2018.02.11-01.40.23:203][612]LogAudio: Warning: Waited 1512.662476ms for audio thread.
[2018.02.11-01.40.23:238][612]LogAudio: Warning: Waited 1547.686279ms for audio thread.
[2018.02.11-01.40.23:273][612]LogAudio: Warning: Waited 1582.660034ms for audio thread.
[2018.02.11-01.40.23:308][612]LogAudio: Warning: Waited 1617.665527ms for audio thread.
[2018.02.11-01.40.23:343][612]LogAudio: Warning: Waited 1653.164673ms for audio thread.
[2018.02.11-01.40.23:379][612]LogAudio: Warning: Waited 1688.709351ms for audio thread.
[2018.02.11-01.40.23:414][612]LogAudio: Warning: Waited 1723.703857ms for audio thread.
[2018.02.11-01.40.23:449][612]LogAudio: Warning: Waited 1758.680176ms for audio thread.
[2018.02.11-01.40.23:484][612]LogAudio: Warning: Waited 1794.402710ms for audio thread.
[2018.02.11-01.40.23:519][612]LogAudio: Warning: Waited 1829.217651ms for audio thread.
[2018.02.11-01.40.23:554][612]LogAudio: Warning: Waited 1864.184326ms for audio thread.
[2018.02.11-01.40.23:589][612]LogAudio: Warning: Waited 1899.211304ms for audio thread.
[2018.02.11-01.40.23:624][612]LogAudio: Warning: Waited 1934.242676ms for audio thread.
[2018.02.11-01.40.23:849][612]LogAudio: Warning: Waited 2158.757568ms for audio thread.
[2018.02.11-01.40.23:978][612]LogAudio: Warning: Waited 2288.342773ms for audio thread.
[2018.02.11-01.40.24:071][612]LogAudio: Warning: Waited 2381.692627ms for audio thread.
[2018.02.11-01.40.24:189][612]LogAudio: Warning: Waited 2498.889404ms for audio thread.
[2018.02.11-01.40.24:269][612]LogAudio: Warning: Waited 2579.665039ms for audio thread.
[2018.02.11-01.40.24:341][612]LogAudio: Warning: Waited 2651.035156ms for audio thread.
[2018.02.11-01.40.24:407][612]LogAudio: Warning: Waited 2717.693115ms for audio thread.
[2018.02.11-01.40.24:505][612]LogAudio: Warning: Waited 2815.398926ms for audio thread.
[2018.02.11-01.40.24:600][612]LogAudio: Warning: Waited 2910.077881ms for audio thread.
[2018.02.11-01.40.24:655][612]LogAudio: Warning: Waited 2965.727051ms for audio thread.
[2018.02.11-01.40.24:720][612]LogAudio: Warning: Waited 3030.762939ms for audio thread.
[2018.02.11-01.40.24:758][612]LogAudio: Warning: Waited 3068.496582ms for audio thread.
[2018.02.11-01.40.24:806][612]LogAudio: Warning: Waited 3116.107178ms for audio thread.
[2018.02.11-01.40.24:890][612]LogAudio: Warning: Waited 3199.906250ms for audio thread.
[2018.02.11-01.40.24:953][612]LogAudio: Warning: Waited 3263.656250ms for audio thread.
[2018.02.11-01.40.25:052][612]LogAudio: Warning: Waited 3362.559570ms for audio thread.
[2018.02.11-01.40.25:117][612]LogAudio: Warning: Waited 3427.843018ms for audio thread.
[2018.02.11-01.40.25:170][612]LogAudio: Warning: Waited 3480.073730ms for audio thread.
[2018.02.11-01.40.25:227][612]LogAudio: Warning: Waited 3536.371826ms for audio thread.
[2018.02.11-01.40.25:289][612]LogAudio: Warning: Waited 3599.547607ms for audio thread.
[2018.02.11-01.40.25:371][612]LogAudio: Warning: Waited 3681.545410ms for audio thread.
[2018.02.11-01.40.25:467][612]LogAudio: Warning: Waited 3777.329102ms for audio thread.
[2018.02.11-01.40.25:526][612]LogAudio: Warning: Waited 3836.850342ms for audio thread.
[2018.02.11-01.40.25:569][612]LogAudio: Warning: Waited 3879.199219ms for audio thread.
[2018.02.11-01.40.25:606][612]LogAudio: Warning: Waited 3916.774902ms for audio thread.
[2018.02.11-01.40.25:656][612]LogAudio: Warning: Waited 3966.085693ms for audio thread.
[2018.02.11-01.40.25:703][612]LogAudio: Warning: Waited 4013.128662ms for audio thread.
[2018.02.11-01.40.25:756][612]LogAudio: Warning: Waited 4066.002930ms for audio thread.
[2018.02.11-01.40.25:837][612]LogAudio: Warning: Waited 4147.928711ms for audio thread.
[2018.02.11-01.40.25:900][612]LogAudio: Warning: Waited 4210.345215ms for audio thread.
[2018.02.11-01.40.26:017][612]LogAudio: Warning: Waited 4327.775391ms for audio thread.
[2018.02.11-01.40.26:066][612]LogAudio: Warning: Waited 4376.218262ms for audio thread.
[2018.02.11-01.40.26:104][612]LogAudio: Warning: Waited 4414.257813ms for audio thread.
[2018.02.11-01.40.26:150][612]LogAudio: Warning: Waited 4460.698242ms for audio thread.
[2018.02.11-01.40.26:215][612]LogAudio: Warning: Waited 4525.097656ms for audio thread.
[2018.02.11-01.40.26:285][612]LogAudio: Warning: Waited 4595.485352ms for audio thread.
[2018.02.11-01.40.26:395][612]LogAudio: Warning: Waited 4705.269531ms for audio thread.
[2018.02.11-01.40.26:525][612]LogAudio: Warning: Waited 4835.617676ms for audio thread.
[2018.02.11-01.40.26:574][612]LogAudio: Warning: Waited 4884.552734ms for audio thread.
[2018.02.11-01.40.26:612][612]LogAudio: Warning: Waited 4922.221680ms for audio thread.
[2018.02.11-01.40.26:654][612]LogAudio: Warning: Waited 4965.021973ms for audio thread.
[2018.02.11-01.40.26:724][612]LogAudio: Warning: Waited 5034.761230ms for audio thread.
[2018.02.11-01.40.26:836][612]LogAudio: Warning: Waited 5146.893066ms for audio thread.
[2018.02.11-01.40.26:954][612]LogAudio: Warning: Waited 5263.704102ms for audio thread.
[2018.02.11-01.40.27:072][612]LogAudio: Warning: Waited 5381.884766ms for audio thread.
[2018.02.11-01.40.27:167][612]LogAudio: Warning: Waited 5476.758301ms for audio thread.
[2018.02.11-01.40.27:286][612]LogAudio: Warning: Waited 5596.427246ms for audio thread.
[2018.02.11-01.40.27:386][612]LogAudio: Warning: Waited 5695.908691ms for audio thread.
[2018.02.11-01.40.27:476][612]LogAudio: Warning: Waited 5785.795898ms for audio thread.
[2018.02.11-01.40.27:619][612]LogAudio: Warning: Waited 5928.793945ms for audio thread.
[2018.02.11-01.40.27:685][612]LogAudio: Warning: Waited 5994.970215ms for audio thread.
[2018.02.11-01.40.27:727][612]LogAudio: Warning: Waited 6036.954590ms for audio thread.
[2018.02.11-01.40.27:778][612]LogAudio: Warning: Waited 6088.243652ms for audio thread.
[2018.02.11-01.40.27:855][612]LogAudio: Warning: Waited 6165.199707ms for audio thread.
[2018.02.11-01.40.27:928][612]LogAudio: Warning: Waited 6238.354980ms for audio thread.
[2018.02.11-01.40.27:985][612]LogAudio: Warning: Waited 6295.329590ms for audio thread.
[2018.02.11-01.40.28:042][612]LogAudio: Warning: Waited 6352.508301ms for audio thread.
[2018.02.11-01.40.28:107][612]LogAudio: Warning: Waited 6416.845215ms for audio thread.
[2018.02.11-01.40.28:159][612]LogAudio: Warning: Waited 6469.729492ms for audio thread.
[2018.02.11-01.40.28:206][612]LogAudio: Warning: Waited 6516.451660ms for audio thread.
[2018.02.11-01.40.28:251][612]LogAudio: Warning: Waited 6560.875000ms for audio thread.
[2018.02.11-01.40.28:287][612]LogAudio: Warning: Waited 6597.672852ms for audio thread.
[2018.02.11-01.40.28:370][612]LogAudio: Warning: Waited 6680.726563ms for audio thread.
[2018.02.11-01.40.28:503][612]LogAudio: Warning: Waited 6813.465820ms for audio thread.
[2018.02.11-01.40.28:626][612]LogAudio: Warning: Waited 6936.583496ms for audio thread.
[2018.02.11-01.40.28:818][612]LogAudio: Warning: Waited 7127.995605ms for audio thread.
[2018.02.11-01.40.28:891][612]LogAudio: Warning: Waited 7201.558594ms for audio thread.
[2018.02.11-01.40.28:937][612]LogAudio: Warning: Waited 7247.751953ms for audio thread.
[2018.02.11-01.40.28:989][612]LogAudio: Warning: Waited 7298.663086ms for audio thread.
[2018.02.11-01.40.29:028][612]LogAudio: Warning: Waited 7338.666992ms for audio thread.
[2018.02.11-01.40.29:068][612]LogAudio: Warning: Waited 7378.244141ms for audio thread.
[2018.02.11-01.40.29:107][612]LogAudio: Warning: Waited 7416.980469ms for audio thread.
[2018.02.11-01.40.29:172][612]LogAudio: Warning: Waited 7482.211426ms for audio thread.
[2018.02.11-01.40.29:249][612]LogAudio: Warning: Waited 7559.679199ms for audio thread.
[2018.02.11-01.40.29:288][612]LogAudio: Warning: Waited 7597.896484ms for audio thread.
[2018.02.11-01.40.29:348][612]LogAudio: Warning: Waited 7658.486816ms for audio thread.
[2018.02.11-01.40.29:402][612]LogAudio: Warning: Waited 7711.640625ms for audio thread.
[2018.02.11-01.40.29:471][612]LogAudio: Warning: Waited 7781.074219ms for audio thread.
[2018.02.11-01.40.29:519][612]LogAudio: Warning: Waited 7829.785645ms for audio thread.
[2018.02.11-01.40.29:587][612]LogAudio: Warning: Waited 7897.825195ms for audio thread.
[2018.02.11-01.40.29:650][612]LogAudio: Warning: Waited 7960.875488ms for audio thread.
[2018.02.11-01.40.29:690][612]LogAudio: Warning: Waited 8000.833496ms for audio thread.
[2018.02.11-01.40.29:738][612]LogAudio: Warning: Waited 8048.818359ms for audio thread.
[2018.02.11-01.40.29:773][612]LogAudio: Warning: Waited 8083.495117ms for audio thread.
[2018.02.11-01.40.29:809][612]LogAudio: Warning: Waited 8118.954590ms for audio thread.
[2018.02.11-01.40.29:844][612]LogAudio: Warning: Waited 8154.020508ms for audio thread.
[2018.02.11-01.40.29:879][612]LogAudio: Warning: Waited 8189.567383ms for audio thread.
[2018.02.11-01.40.29:915][612]LogAudio: Warning: Waited 8225.054688ms for audio thread.
[2018.02.11-01.40.29:950][612]LogAudio: Warning: Waited 8260.521484ms for audio thread.
[2018.02.11-01.40.29:985][612]LogAudio: Warning: Waited 8295.518555ms for audio thread.
[2018.02.11-01.40.30:020][612]LogAudio: Warning: Waited 8330.523438ms for audio thread.
[2018.02.11-01.40.30:056][612]LogAudio: Warning: Waited 8366.045898ms for audio thread.
[2018.02.11-01.40.30:091][612]LogAudio: Warning: Waited 8401.062500ms for audio thread.
[2018.02.11-01.40.30:126][612]LogAudio: Warning: Waited 8436.090820ms for audio thread.
[2018.02.11-01.40.30:161][612]LogAudio: Warning: Waited 8471.053711ms for audio thread.
[2018.02.11-01.40.30:196][612]LogAudio: Warning: Waited 8506.049805ms for audio thread.
[2018.02.11-01.40.30:231][612]LogAudio: Warning: Waited 8541.053711ms for audio thread.
[2018.02.11-01.40.30:266][612]LogAudio: Warning: Waited 8576.057617ms for audio thread.
[2018.02.11-01.40.30:301][612]LogAudio: Warning: Waited 8611.108398ms for audio thread.
[2018.02.11-01.40.30:336][612]LogAudio: Warning: Waited 8646.069336ms for audio thread.
[2018.02.11-01.40.30:371][612]LogAudio: Warning: Waited 8681.131836ms for audio thread.
[2018.02.11-01.40.30:406][612]LogAudio: Warning: Waited 8716.117188ms for audio thread.
[2018.02.11-01.40.30:441][612]LogAudio: Warning: Waited 8751.160156ms for audio thread.
[2018.02.11-01.40.30:476][612]LogAudio: Warning: Waited 8786.094727ms for audio thread.
[2018.02.11-01.40.30:511][612]LogAudio: Warning: Waited 8821.098633ms for audio thread.
[2018.02.11-01.40.30:546][612]LogAudio: Warning: Waited 8856.606445ms for audio thread.
[2018.02.11-01.40.30:582][612]LogAudio: Warning: Waited 8892.124023ms for audio thread.
[2018.02.11-01.40.30:617][612]LogAudio: Warning: Waited 8927.631836ms for audio thread.
[2018.02.11-01.40.30:652][612]LogAudio: Warning: Waited 8962.894531ms for audio thread.
[2018.02.11-01.40.30:688][612]LogAudio: Warning: Waited 8998.664063ms for audio thread.
[2018.02.11-01.40.30:723][612]LogAudio: Warning: Waited 9033.626953ms for audio thread.
[2018.02.11-01.40.30:758][612]LogAudio: Warning: Waited 9068.619141ms for audio thread.
[2018.02.11-01.40.30:794][612]LogAudio: Warning: Waited 9103.659180ms for audio thread.
[2018.02.11-01.40.30:829][612]LogAudio: Warning: Waited 9138.718750ms for audio thread.
[2018.02.11-01.40.30:864][612]LogAudio: Warning: Waited 9173.797852ms for audio thread.
[2018.02.11-01.40.30:899][612]LogAudio: Warning: Waited 9209.141602ms for audio thread.
[2018.02.11-01.40.30:934][612]LogAudio: Warning: Waited 9244.199219ms for audio thread.
[2018.02.11-01.40.30:969][612]LogAudio: Warning: Waited 9279.154297ms for audio thread.
[2018.02.11-01.40.31:004][612]LogAudio: Warning: Waited 9314.216797ms for audio thread.
[2018.02.11-01.40.31:039][612]LogAudio: Warning: Waited 9349.208008ms for audio thread.
[2018.02.11-01.40.31:074][612]LogAudio: Warning: Waited 9384.163086ms for audio thread.
[2018.02.11-01.40.31:109][612]LogAudio: Warning: Waited 9419.208008ms for audio thread.
[2018.02.11-01.40.31:144][612]LogAudio: Warning: Waited 9454.203125ms for audio thread.
[2018.02.11-01.40.31:179][612]LogAudio: Warning: Waited 9489.222656ms for audio thread.
[2018.02.11-01.40.31:215][612]LogAudio: Warning: Waited 9524.738281ms for audio thread.
[2018.02.11-01.40.31:250][612]LogAudio: Warning: Waited 9559.761719ms for audio thread.
[2018.02.11-01.40.31:285][612]LogAudio: Warning: Waited 9594.683594ms for audio thread.
[2018.02.11-01.40.31:320][612]LogAudio: Warning: Waited 9629.847656ms for audio thread.
[2018.02.11-01.40.31:355][612]LogAudio: Warning: Waited 9665.212891ms for audio thread.
[2018.02.11-01.40.31:390][612]LogAudio: Warning: Waited 9700.202148ms for audio thread.
[2018.02.11-01.40.31:425][612]LogAudio: Warning: Waited 9735.217773ms for audio thread.
[2018.02.11-01.40.31:460][612]LogAudio: Warning: Waited 9770.227539ms for audio thread.
[2018.02.11-01.40.31:496][612]LogAudio: Warning: Waited 9805.865234ms for audio thread.
[2018.02.11-01.40.31:531][612]LogAudio: Warning: Waited 9840.783203ms for audio thread.
[2018.02.11-01.40.31:566][612]LogAudio: Warning: Waited 9875.747070ms for audio thread.
[2018.02.11-01.40.31:601][612]LogAudio: Warning: Waited 9910.782227ms for audio thread.
[2018.02.11-01.40.31:636][612]LogAudio: Warning: Waited 9945.762695ms for audio thread.
[2018.02.11-01.40.31:671][612]LogAudio: Warning: Waited 9981.236328ms for audio thread.
[2018.02.11-01.40.31:706][612]LogAudio: Warning: Waited 10016.258789ms for audio thread.
[2018.02.11-01.40.31:742][612]LogAudio: Warning: Waited 10051.798828ms for audio thread.
[2018.02.11-01.40.31:777][612]LogAudio: Warning: Waited 10086.777344ms for audio thread.
[2018.02.11-01.40.31:812][612]LogAudio: Warning: Waited 10121.755859ms for audio thread.
[2018.02.11-01.40.31:847][612]LogAudio: Warning: Waited 10156.773438ms for audio thread.
[2018.02.11-01.40.31:882][612]LogAudio: Warning: Waited 10191.837891ms for audio thread.
[2018.02.11-01.40.31:917][612]LogAudio: Warning: Waited 10227.312500ms for audio thread.
[2018.02.11-01.40.31:952][612]LogAudio: Warning: Waited 10262.432617ms for audio thread.
[2018.02.11-01.40.31:988][612]LogAudio: Warning: Waited 10297.791992ms for audio thread.
[2018.02.11-01.40.32:023][612]LogAudio: Warning: Waited 10332.837891ms for audio thread.
[2018.02.11-01.40.32:058][612]LogAudio: Warning: Waited 10368.327148ms for audio thread.
[2018.02.11-01.40.32:093][612]LogAudio: Warning: Waited 10403.295898ms for audio thread.
[2018.02.11-01.40.32:129][612]LogAudio: Warning: Waited 10438.860352ms for audio thread.
[2018.02.11-01.40.32:165][612]LogAudio: Warning: Waited 10475.250977ms for audio thread.
[2018.02.11-01.40.32:200][612]LogAudio: Warning: Waited 10510.316406ms for audio thread.
[2018.02.11-01.40.32:235][612]LogAudio: Warning: Waited 10545.321289ms for audio thread.
[2018.02.11-01.40.32:271][612]LogAudio: Warning: Waited 10580.842773ms for audio thread.
[2018.02.11-01.40.32:306][612]LogInit: XAudio2 using 'Headset Earphone (Corsair VOID Surround USB Sound Adaptor)' : 2 channels at 48 kHz using 16 bits per sample (channel mask 0x3)
[2018.02.11-01.40.32:306][612]LogAudio: Warning: Waited 10615.895508ms for audio thread.
[2018.02.11-01.40.32:341][612]LogAudio: Warning: Waited 10650.817383ms for audio thread.
[2018.02.11-01.40.32:376][612]LogAudio: Warning: Waited 10686.351563ms for audio thread.
[2018.02.11-01.40.32:412][612]LogAudio: Warning: Waited 10721.857422ms for audio thread.
[2018.02.11-01.40.32:427][612]LogAudio: Warning: Waited 10736.936523ms for audio thread.
[2018.02.11-01.40.32:435][613]LogNet: UNetDriver::TickDispatch: Very long time between ticks. DeltaTime: 10.74, Realtime: 10.75. SteamNetDriver_0
[2018.02.11-01.41.01:855][264]LogPackageName: SearchForPackageOnDisk took   0.234s to resolve mainMenu.umap.
[2018.02.11-01.41.01:857][264]LogGameMode: Display: Match State Changed from InProgress to LeavingMap
[2018.02.11-01.41.01:857][264]LogGameState: Match State Changed from InProgress to LeavingMap
[2018.02.11-01.41.02:088][264]LogPackageName: SearchForPackageOnDisk took   0.230s to resolve mainMenu.umap.
[2018.02.11-01.41.02:088][264]LogNet: Browse: /Game/Maps/mainMenu
[2018.02.11-01.41.02:089][264]LogLoad: LoadMap: /Game/Maps/mainMenu
[2018.02.11-01.41.02:090][264]LogNet: World NetDriver shutdown SteamNetDriver_0 [GameNetDriver]
[2018.02.11-01.41.02:090][264]LogNet: DestroyNamedNetDriver SteamNetDriver_0 [GameNetDriver]
[2018.02.11-01.41.02:090][264]LogExit: GameNetDriver SteamNetDriver_0 shut down
[2018.02.11-01.41.02:092][264]LogScriptCore: Warning: Script Msg: DestroySession - Invalid player state
[2018.02.11-01.41.02:255][264]LogAIModule: Creating AISystem for world mainMenu
[2018.02.11-01.41.03:118][264]LogLoad: Game class is 'TopDownGameMode_C'
[2018.02.11-01.41.03:121][264]LogWorld: Bringing World /Game/Maps/mainMenu.mainMenu up for play (max tick rate 0) at 2018.02.10-17.41.03
[2018.02.11-01.41.03:121][264]LogWorld: Bringing up level for play took: 0.001230
[2018.02.11-01.41.03:122][264]LogGameMode: FindPlayerStart: PATHS NOT DEFINED or NO PLAYERSTART with positive rating
[2018.02.11-01.41.03:128][264]LogLoad: Took 1.039581 seconds to LoadMap(/Game/Maps/mainMenu)
[2018.02.11-01.41.03:642][267]LogD3D11RHI: Timed out while waiting for GPU to catch up. (0.5 s)
[2018.02.11-01.41.07:250][396]Closing by request
[2018.02.11-01.41.07:251][396]LogWindows: FPlatformMisc::RequestExit(0)
[2018.02.11-01.41.07:871][397]LogWindowsTextInputMethodSystem: Display: IME system now deactivated.
[2018.02.11-01.41.08:110][397]LogExit: Preparing to exit.
[2018.02.11-01.41.08:110][397]LogMoviePlayer: Shutting down movie player
[2018.02.11-01.41.09:386][397]LogExit: Game engine shut down
[2018.02.11-01.41.09:960][397]LogExit: Object subsystem successfully closed.
[2018.02.11-01.41.10:208][397]LogD3D11RHI: Shutdown
[2018.02.11-01.41.10:208][397]LogD3D11RHI: CleanupD3DDevice
[2018.02.11-01.41.10:250][397]LogD3D11RHI: ~FD3D11DynamicRHI
[2018.02.11-01.41.10:359][397]LogModuleManager: Shutting down and abandoning module SequenceRecorderSections (314)
[2018.02.11-01.41.10:359][397]LogModuleManager: Shutting down and abandoning module SequenceRecorder (312)
[2018.02.11-01.41.10:359][397]LogModuleManager: Shutting down and abandoning module AutomationController (310)
[2018.02.11-01.41.10:359][397]LogModuleManager: Shutting down and abandoning module AutomationWorker (308)
[2018.02.11-01.41.10:359][397]LogModuleManager: Shutting down and abandoning module AIModule (306)
[2018.02.11-01.41.10:359][397]LogModuleManager: Shutting down and abandoning module GameplayDebugger (305)
[2018.02.11-01.41.10:360][397]LogModuleManager: Shutting down and abandoning module AITestSuite (303)
[2018.02.11-01.41.10:360][397]LogModuleManager: Shutting down and abandoning module WmfMediaFactory (300)
[2018.02.11-01.41.10:365][397]LogModuleManager: Shutting down and abandoning module OpenExrWrapper (298)
[2018.02.11-01.41.10:365][397]LogModuleManager: Shutting down and abandoning module ImgMediaFactory (296)
[2018.02.11-01.41.10:365][397]LogModuleManager: Shutting down and abandoning module AvfMediaFactory (294)
[2018.02.11-01.41.10:365][397]LogModuleManager: Shutting down and abandoning module CharacterAI (292)
[2018.02.11-01.41.10:365][397]LogModuleManager: Shutting down and abandoning module SessionServices (290)
[2018.02.11-01.41.10:365][397]LogModuleManager: Shutting down and abandoning module MovieSceneCapture (288)
[2018.02.11-01.41.10:365][397]LogModuleManager: Shutting down and abandoning module MovieSceneTracks (286)
[2018.02.11-01.41.10:365][397]LogModuleManager: Shutting down and abandoning module MovieScene (284)
[2018.02.11-01.41.10:365][397]LogModuleManager: Shutting down and abandoning module GeometryCache (282)
[2018.02.11-01.41.10:365][397]LogModuleManager: Shutting down and abandoning module GeometryCacheEd (281)
[2018.02.11-01.41.10:365][397]LogModuleManager: Shutting down and abandoning module StreamingPauseRendering (278)
[2018.02.11-01.41.10:365][397]LogModuleManager: Shutting down and abandoning module PortalServices (276)
[2018.02.11-01.41.10:365][397]LogModuleManager: Shutting down and abandoning module PortalRpc (274)
[2018.02.11-01.41.10:365][397]LogModuleManager: Shutting down and abandoning module MessagingRpc (272)
[2018.02.11-01.41.10:365][397]LogModuleManager: Shutting down and abandoning module ProfilerService (270)
[2018.02.11-01.41.10:598][397]LogModuleManager: Shutting down and abandoning module TaskGraph (268)
[2018.02.11-01.41.10:598][397]LogModuleManager: Shutting down and abandoning module SteamVRController (266)
[2018.02.11-01.41.10:598][397]LogModuleManager: Shutting down and abandoning module ProceduralMeshComponent (264)
[2018.02.11-01.41.10:598][397]LogModuleManager: Shutting down and abandoning module OculusInput (262)
[2018.02.11-01.41.10:598][397]LogModuleManager: Shutting down and abandoning module MobilePatchingUtils (260)
[2018.02.11-01.41.10:598][397]LogModuleManager: Shutting down and abandoning module CustomMeshComponent (258)
[2018.02.11-01.41.10:599][397]LogModuleManager: Shutting down and abandoning module CableComponent (256)
[2018.02.11-01.41.10:599][397]LogModuleManager: Shutting down and abandoning module ArchVisCharacter (254)
[2018.02.11-01.41.10:599][397]LogModuleManager: Shutting down and abandoning module AndroidPermission (252)
[2018.02.11-01.41.10:599][397]LogModuleManager: Shutting down and abandoning module ActorSequence (248)
[2018.02.11-01.41.10:599][397]LogModuleManager: Shutting down and abandoning module MediaCompositing (246)
[2018.02.11-01.41.10:599][397]LogModuleManager: Shutting down and abandoning module HTML5Networking (244)
[2018.02.11-01.41.10:599][397]LogModuleManager: Shutting down and abandoning module VisualStudioSourceCodeAccess (242)
[2018.02.11-01.41.10:599][397]LogModuleManager: Shutting down and abandoning module HotReload (241)
[2018.02.11-01.41.10:599][397]LogModuleManager: Shutting down and abandoning module VisualStudioCodeSourceCodeAccess (238)
[2018.02.11-01.41.10:599][397]LogModuleManager: Shutting down and abandoning module UObjectPlugin (236)
[2018.02.11-01.41.10:599][397]LogModuleManager: Shutting down and abandoning module SubversionSourceControl (234)
[2018.02.11-01.41.10:599][397]LogModuleManager: Shutting down and abandoning module PerforceSourceControl (232)
[2018.02.11-01.41.10:599][397]LogModuleManager: Shutting down and abandoning module SourceControl (231)
[2018.02.11-01.41.10:599][397]LogModuleManager: Shutting down and abandoning module RuntimePhysXCooking (228)
[2018.02.11-01.41.10:600][397]LogModuleManager: Shutting down and abandoning module PhysXVehiclesEditor (226)
[2018.02.11-01.41.10:600][397]LogModuleManager: Shutting down and abandoning module PhysXVehicles (224)
[2018.02.11-01.41.10:600][397]LogModuleManager: Shutting down and abandoning module LocationServicesBPLibrary (222)
[2018.02.11-01.41.10:600][397]LogModuleManager: Shutting down and abandoning module ImmediatePhysicsEditor (220)
[2018.02.11-01.41.10:600][397]LogModuleManager: Shutting down and abandoning module ImmediatePhysics (218)
[2018.02.11-01.41.10:600][397]LogModuleManager: Shutting down and abandoning module UdpMessaging (216)
[2018.02.11-01.41.10:600][397]LogModuleManager: Shutting down and abandoning module TcpMessaging (214)
[2018.02.11-01.41.10:600][397]LogModuleManager: Shutting down and abandoning module GameplayTagsEditor (212)
[2018.02.11-01.41.10:600][397]LogModuleManager: Shutting down and abandoning module FacialAnimation (210)
[2018.02.11-01.41.10:600][397]LogModuleManager: Shutting down and abandoning module AssetManagerEditor (208)
[2018.02.11-01.41.10:601][397]LogModuleManager: Shutting down and abandoning module GraphEditor (207)
[2018.02.11-01.41.10:601][397]LogModuleManager: Shutting down and abandoning module ContentBrowser (205)
[2018.02.11-01.41.10:601][397]LogModuleManager: Shutting down and abandoning module CollectionManager (204)
[2018.02.11-01.41.10:601][397]LogDirectoryWatcher: A directory notification for 'C:/UE4/steam/steam/Content/Collections/' was aborted.
[2018.02.11-01.41.10:602][397]LogDirectoryWatcher: A directory notification for 'C:/UE4/steam/steam/Content/Developers/Polymake/Collections/' was aborted.
[2018.02.11-01.41.10:602][397]LogDirectoryWatcher: A directory notification for 'C:/UE4/steam/steam/Saved/Collections/' was aborted.
[2018.02.11-01.41.10:602][397]LogModuleManager: Shutting down and abandoning module DirectoryWatcher (203)
[2018.02.11-01.41.10:604][397]LogModuleManager: Shutting down and abandoning module LightPropagationVolumeRuntime (198)
[2018.02.11-01.41.10:604][397]LogModuleManager: Shutting down and abandoning module Paper2D (196)
[2018.02.11-01.41.10:604][397]LogModuleManager: Shutting down and abandoning module WindowsMoviePlayer (194)
[2018.02.11-01.41.10:604][397]LogModuleManager: Shutting down and abandoning module WmfMedia (192)
[2018.02.11-01.41.10:610][397]LogModuleManager: Shutting down and abandoning module ImgMedia (190)
[2018.02.11-01.41.10:610][397]LogModuleManager: Shutting down and abandoning module PacketHandler (188)
[2018.02.11-01.41.10:610][397]LogModuleManager: Shutting down and abandoning module ClothingSystemEditor (186)
[2018.02.11-01.41.10:610][397]LogModuleManager: Shutting down and abandoning module ClothingSystemRuntime (184)
[2018.02.11-01.41.10:610][397]LogModuleManager: Shutting down and abandoning module MediaAssets (182)
[2018.02.11-01.41.10:610][397]LogModuleManager: Shutting down and abandoning module Media (181)
[2018.02.11-01.41.10:619][397]LogModuleManager: Shutting down and abandoning module Overlay (178)
[2018.02.11-01.41.10:619][397]LogModuleManager: Shutting down and abandoning module OverlayEditor (177)
[2018.02.11-01.41.10:620][397]LogModuleManager: Shutting down and abandoning module VREditor (174)
[2018.02.11-01.41.10:620][397]LogModuleManager: Shutting down and abandoning module StringTableEditor (172)
[2018.02.11-01.41.10:620][397]LogModuleManager: Shutting down and abandoning module GameplayTasksEditor (170)
[2018.02.11-01.41.10:620][397]LogModuleManager: Shutting down and abandoning module BehaviorTreeEditor (168)
[2018.02.11-01.41.10:620][397]LogModuleManager: Shutting down and abandoning module FunctionalTesting (166)
[2018.02.11-01.41.10:621][397]LogModuleManager: Shutting down and abandoning module CollisionAnalyzer (164)
[2018.02.11-01.41.10:621][397]LogModuleManager: Shutting down and abandoning module WorkspaceMenuStructure (163)
[2018.02.11-01.41.10:621][397]LogModuleManager: Shutting down and abandoning module UMG (160)
[2018.02.11-01.41.10:621][397]LogModuleManager: Shutting down and abandoning module UMGEditor (159)
[2018.02.11-01.41.10:621][397]LogModuleManager: Shutting down and abandoning module Sequencer (158)
[2018.02.11-01.41.10:621][397]LogModuleManager: Shutting down and abandoning module MessageLog (155)
[2018.02.11-01.41.10:621][397]LogModuleManager: Shutting down and abandoning module SlateReflector (150)
[2018.02.11-01.41.10:623][397]LogModuleManager: Shutting down and abandoning module Slate (148)
[2018.02.11-01.41.10:623][397]LogModuleManager: Shutting down and abandoning module EditorStyle (146)
[2018.02.11-01.41.10:639][397]LogModuleManager: Shutting down and abandoning module MRMesh (144)
[2018.02.11-01.41.10:639][397]LogModuleManager: Shutting down and abandoning module Messaging (142)
[2018.02.11-01.41.10:639][397]LogModuleManager: Shutting down and abandoning module SourceCodeAccess (140)
[2018.02.11-01.41.10:640][397]LogModuleManager: Shutting down and abandoning module HeadMountedDisplay (138)
[2018.02.11-01.41.10:640][397]LogModuleManager: Shutting down and abandoning module XAudio2 (136)
[2018.02.11-01.41.10:640][397]LogModuleManager: Shutting down and abandoning module Networking (134)
[2018.02.11-01.41.10:640][397]LogModuleManager: Shutting down and abandoning module Core (132)
[2018.02.11-01.41.10:640][397]LogModuleManager: Shutting down and abandoning module LevelSequence (130)
[2018.02.11-01.41.10:640][397]LogModuleManager: Shutting down and abandoning module KismetCompiler (128)
[2018.02.11-01.41.10:640][397]LogModuleManager: Shutting down and abandoning module MeshUtilities (126)
[2018.02.11-01.41.10:640][397]LogModuleManager: Shutting down and abandoning module MeshMergeUtilities (125)
[2018.02.11-01.41.10:640][397]LogModuleManager: Shutting down and abandoning module MeshReductionInterface (124)
[2018.02.11-01.41.10:640][397]LogModuleManager: Shutting down and abandoning module SimplygonSwarm (123)
[2018.02.11-01.41.10:640][397]LogModuleManager: Shutting down and abandoning module SimplygonMeshReduction (121)
[2018.02.11-01.41.10:640][397]LogModuleManager: Shutting down and abandoning module QuadricMeshReduction (119)
[2018.02.11-01.41.10:641][397]LogModuleManager: Shutting down and abandoning module MaterialBaking (115)
[2018.02.11-01.41.10:641][397]LogModuleManager: Shutting down and abandoning module DerivedDataCache (110)
[2018.02.11-01.41.11:306][397]LogDerivedDataCache: Shutdown
[2018.02.11-01.41.11:307][397]LogModuleManager: Shutting down and abandoning module TargetPlatform (108)
[2018.02.11-01.41.11:307][397]LogModuleManager: Shutting down and abandoning module VulkanShaderFormat (107)
[2018.02.11-01.41.11:307][397]LogModuleManager: Shutting down and abandoning module ShaderFormatVectorVM (105)
[2018.02.11-01.41.11:307][397]LogModuleManager: Shutting down and abandoning module ShaderFormatOpenGL (103)
[2018.02.11-01.41.11:307][397]LogModuleManager: Shutting down and abandoning module ShaderFormatD3D (101)
[2018.02.11-01.41.11:307][397]LogModuleManager: Shutting down and abandoning module MetalShaderFormat (99)
[2018.02.11-01.41.11:307][397]LogModuleManager: Shutting down and abandoning module TextureFormatUncompressed (97)
[2018.02.11-01.41.11:307][397]LogModuleManager: Shutting down and abandoning module TextureFormatPVR (95)
[2018.02.11-01.41.11:307][397]LogModuleManager: Shutting down and abandoning module TextureFormatDXT (93)
[2018.02.11-01.41.11:307][397]LogModuleManager: Shutting down and abandoning module TextureFormatIntelISPCTexComp (91)
[2018.02.11-01.41.11:307][397]LogModuleManager: Shutting down and abandoning module TextureFormatASTC (89)
[2018.02.11-01.41.11:307][397]LogModuleManager: Shutting down and abandoning module ImageWrapper (88)
[2018.02.11-01.41.11:307][397]LogModuleManager: Shutting down and abandoning module TextureFormatAndroid (85)
[2018.02.11-01.41.11:307][397]LogModuleManager: Shutting down and abandoning module AudioFormatOpus (83)
[2018.02.11-01.41.11:307][397]LogModuleManager: Shutting down and abandoning module AudioFormatOgg (81)
[2018.02.11-01.41.11:307][397]LogModuleManager: Shutting down and abandoning module AudioFormatADPCM (79)
[2018.02.11-01.41.11:307][397]LogModuleManager: Shutting down and abandoning module WindowsTargetPlatform (77)
[2018.02.11-01.41.11:307][397]LogModuleManager: Shutting down and abandoning module WindowsServerTargetPlatform (75)
[2018.02.11-01.41.11:307][397]LogModuleManager: Shutting down and abandoning module WindowsNoEditorTargetPlatform (73)
[2018.02.11-01.41.11:307][397]LogModuleManager: Shutting down and abandoning module WindowsClientTargetPlatform (71)
[2018.02.11-01.41.11:307][397]LogModuleManager: Shutting down and abandoning module InputCore (68)
[2018.02.11-01.41.11:307][397]LogModuleManager: Shutting down and abandoning module Settings (66)
[2018.02.11-01.41.11:308][397]LogModuleManager: Shutting down and abandoning module PhysXCooking (64)
[2018.02.11-01.41.11:308][397]LogModuleManager: Shutting down and abandoning module SteamVR (62)
[2018.02.11-01.41.11:308][397]LogModuleManager: Shutting down and abandoning module OculusHMD (60)
[2018.02.11-01.41.11:308][397]LogModuleManager: Shutting down and abandoning module ExampleDeviceProfileSelector (58)
[2018.02.11-01.41.11:308][397]LogModuleManager: Shutting down and abandoning module AppleARKit (56)
[2018.02.11-01.41.11:308][397]LogModuleManager: Shutting down and abandoning module AugmentedReality (55)
[2018.02.11-01.41.11:308][397]LogModuleManager: Shutting down and abandoning module OnlineBlueprintSupport (52)
[2018.02.11-01.41.11:308][397]LogModuleManager: Shutting down and abandoning module OnlineSubsystem (48)
[2018.02.11-01.41.11:308][397]LogOnline: Display: STEAM: OnlineSubsystemSteam::Shutdown()
[2018.02.11-01.41.11:308][397]LogOnline: Display: OSS: FOnlineAsyncTaskManager::Stop() ActiveTask:0000000000000000 Tasks[0/0]
[2018.02.11-01.41.11:427][397]LogOnline: Display: OSS: FOnlineAsyncTaskManager::Exit() started
[2018.02.11-01.41.11:427][397]LogOnline: Display: OSS: FOnlineAsyncTaskManager::Exit() finished
[2018.02.11-01.41.11:427][397]LogOnline: Display: STEAM: OnlineSubsystemSteam::Shutdown()
[2018.02.11-01.41.11:427][397]LogModuleManager: Shutting down and abandoning module XMPP (43)
[2018.02.11-01.41.11:427][397]LogModuleManager: Shutting down and abandoning module HTTP (41)
[2018.02.11-01.41.11:431][397]LogModuleManager: Shutting down and abandoning module SSL (40)
[2018.02.11-01.41.11:435][397]LogModuleManager: Shutting down and abandoning module AnimationModifiers (36)
[2018.02.11-01.41.11:435][397]LogModuleManager: Shutting down and abandoning module PropertyEditor (35)
[2018.02.11-01.41.11:435][397]LogModuleManager: Shutting down and abandoning module AudioEditor (32)
[2018.02.11-01.41.11:436][397]LogModuleManager: Shutting down and abandoning module TextureCompressor (30)
[2018.02.11-01.41.11:436][397]LogModuleManager: Shutting down and abandoning module ShaderCore (28)
[2018.02.11-01.41.11:436][397]LogModuleManager: Shutting down and abandoning module Landscape (26)
[2018.02.11-01.41.11:436][397]LogModuleManager: Shutting down and abandoning module SlateRHIRenderer (24)
[2018.02.11-01.41.11:438][397]LogModuleManager: Shutting down and abandoning module OpenGLDrv (22)
[2018.02.11-01.41.11:438][397]LogModuleManager: Shutting down and abandoning module D3D11RHI (20)
[2018.02.11-01.41.11:438][397]LogModuleManager: Shutting down and abandoning module AnimGraphRuntime (18)
[2018.02.11-01.41.11:438][397]LogModuleManager: Shutting down and abandoning module Renderer (16)
[2018.02.11-01.41.11:438][397]LogModuleManager: Shutting down and abandoning module Engine (14)
[2018.02.11-01.41.11:438][397]LogModuleManager: Shutting down and abandoning module CoreUObject (12)
[2018.02.11-01.41.11:438][397]LogModuleManager: Shutting down and abandoning module NetworkFile (10)
[2018.02.11-01.41.11:438][397]LogModuleManager: Shutting down and abandoning module CookedIterativeFile (8)
[2018.02.11-01.41.11:438][397]LogModuleManager: Shutting down and abandoning module StreamingFile (6)
[2018.02.11-01.41.11:438][397]LogModuleManager: Shutting down and abandoning module SandboxFile (4)
[2018.02.11-01.41.11:438][397]LogModuleManager: Shutting down and abandoning module PakFile (2)
[2018.02.11-01.41.11:533][397]LogExit: Exiting.
[2018.02.11-01.41.11:541][397]Log file closed, 02/10/18 17:41:11
