Log file open, 03/01/18 11:34:24
LogWindows: Failed to load 'aqProf.dll' (GetLastError=126)
LogWindows: File 'aqProf.dll' does not exist
LogWindows: Failed to load 'VSPerf140.dll' (GetLastError=126)
LogWindows: File 'VSPerf140.dll' does not exist
LogWindows: Failed to load 'VtuneApi.dll' (GetLastError=126)
LogWindows: File 'VtuneApi.dll' does not exist
LogWindows: Failed to load 'VtuneApi32e.dll' (GetLastError=126)
LogWindows: File 'VtuneApi32e.dll' does not exist
LogInit: Display: Running engine for game: MyProject12
LogPlatformFile: Not using cached read wrapper
LogInit: Display: RandInit(-536266780) SRandInit(-536266780).
LogInit: Read version file with build ID '3709383'
LogInit: Overriding engine version to CL 3832480, compatible CL 3709383
LogInit: Registered custom module enumerator with build ID '3709383'
LogTaskGraph: Started task graph with 5 named threads and 14 total threads with 3 sets of task threads.
LogStats: Stats thread started at 0.157511
LogD3D11RHI: Aftermath initialized
LogModuleManager: Display: Found up-to-date module file ../../../Engine/Plugins/Online/OnlineSubsystemSteam/Binaries/Win64/UE4Editor-OnlineSubsystemSteam.dll (API version 3709383).
LogModuleManager: Display: Found up-to-date module file ../../../Engine/Plugins/Online/OnlineSubsystem/Binaries/Win64/UE4Editor-OnlineSubsystem.dll (API version 3709383).
LogModuleManager: Display: Found up-to-date module file ../../../Engine/Plugins/Online/OnlineSubsystemUtils/Binaries/Win64/UE4Editor-OnlineSubsystemUtils.dll (API version 3709383).
LogModuleManager: Display: Found up-to-date module file ../../../Engine/Plugins/Online/OnlineSubsystemUtils/Binaries/Win64/UE4Editor-OnlineBlueprintSupport.dll (API version 3709383).
LogModuleManager: Display: Found up-to-date module file ../../../Engine/Plugins/2D/Paper2D/Binaries/Win64/UE4Editor-Paper2D.dll (API version 3709383).
LogModuleManager: Display: Found up-to-date module file ../../../Engine/Plugins/2D/Paper2D/Binaries/Win64/UE4Editor-Paper2DEditor.dll (API version 3709383).
LogModuleManager: Display: Found up-to-date module file ../../../Engine/Plugins/2D/Paper2D/Binaries/Win64/UE4Editor-PaperSpriteSheetImporter.dll (API version 3709383).
LogModuleManager: Display: Found up-to-date module file ../../../Engine/Plugins/2D/Paper2D/Binaries/Win64/UE4Editor-PaperTiledImporter.dll (API version 3709383).
LogModuleManager: Display: Found up-to-date module file ../../../Engine/Plugins/2D/Paper2D/Binaries/Win64/UE4Editor-SmartSnapping.dll (API version 3709383).
LogModuleManager: Display: Found up-to-date module file ../../../Engine/Plugins/Blendables/LightPropagationVolume/Binaries/Win64/UE4Editor-LightPropagationVolumeRuntime.dll (API version 3709383).
LogModuleManager: Display: Found up-to-date module file ../../../Engine/Plugins/Blendables/LightPropagationVolume/Binaries/Win64/UE4Editor-LightPropagationVolumeEditor.dll (API version 3709383).
LogModuleManager: Display: Found up-to-date module file ../../../Engine/Plugins/Developer/GitSourceControl/Binaries/Win64/UE4Editor-GitSourceControl.dll (API version 3709383).
LogModuleManager: Display: Found up-to-date module file ../../../Engine/Plugins/Developer/PerforceSourceControl/Binaries/Win64/UE4Editor-PerforceSourceControl.dll (API version 3709383).
LogModuleManager: Display: Found up-to-date module file ../../../Engine/Plugins/Developer/SubversionSourceControl/Binaries/Win64/UE4Editor-SubversionSourceControl.dll (API version 3709383).
LogModuleManager: Display: Found up-to-date module file ../../../Engine/Plugins/Developer/UObjectPlugin/Binaries/Win64/UE4Editor-UObjectPlugin.dll (API version 3709383).
LogModuleManager: Display: Found up-to-date module file ../../../Engine/Plugins/Developer/VisualStudioCodeSourceCodeAccess/Binaries/Win64/UE4Editor-VisualStudioCodeSourceCodeAccess.dll (API version 3709383).
LogModuleManager: Display: Found up-to-date module file ../../../Engine/Plugins/Developer/VisualStudioSourceCodeAccess/Binaries/Win64/UE4Editor-VisualStudioSourceCodeAccess.dll (API version 3709383).
LogModuleManager: Display: Found up-to-date module file ../../../Engine/Plugins/Editor/AssetManagerEditor/Binaries/Win64/UE4Editor-AssetManagerEditor.dll (API version 3709383).
LogModuleManager: Display: Found up-to-date module file ../../../Engine/Plugins/Editor/AudioCapture/Binaries/Win64/UE4Editor-AudioCapture.dll (API version 3709383).
LogModuleManager: Display: Found up-to-date module file ../../../Engine/Plugins/Editor/FacialAnimation/Binaries/Win64/UE4Editor-FacialAnimation.dll (API version 3709383).
LogModuleManager: Display: Found up-to-date module file ../../../Engine/Plugins/Editor/FacialAnimation/Binaries/Win64/UE4Editor-FacialAnimationEditor.dll (API version 3709383).
LogModuleManager: Display: Found up-to-date module file ../../../Engine/Plugins/Editor/GameplayTagsEditor/Binaries/Win64/UE4Editor-GameplayTagsEditor.dll (API version 3709383).
LogModuleManager: Display: Found up-to-date module file ../../../Engine/Plugins/Editor/MobileLauncherProfileWizard/Binaries/Win64/UE4Editor-MobileLauncherProfileWizard.dll (API version 3709383).
LogModuleManager: Display: Found up-to-date module file ../../../Engine/Plugins/Editor/PluginBrowser/Binaries/Win64/UE4Editor-PluginBrowser.dll (API version 3709383).
LogModuleManager: Display: Found up-to-date module file ../../../Engine/Plugins/Editor/SpeedTreeImporter/Binaries/Win64/UE4Editor-SpeedTreeImporter.dll (API version 3709383).
LogModuleManager: Display: Found up-to-date module file ../../../Engine/Plugins/Experimental/AlembicImporter/Binaries/Win64/UE4Editor-AlembicImporter.dll (API version 3709383).
LogModuleManager: Display: Found up-to-date module file ../../../Engine/Plugins/Experimental/AlembicImporter/Binaries/Win64/UE4Editor-AlembicLibrary.dll (API version 3709383).
LogModuleManager: Display: Found up-to-date module file ../../../Engine/Plugins/Experimental/CharacterAI/Binaries/Win64/UE4Editor-CharacterAI.dll (API version 3709383).
LogModuleManager: Display: Found up-to-date module file ../../../Engine/Plugins/Experimental/HTML5Networking/Binaries/Win64/UE4Editor-HTML5Networking.dll (API version 3709383).
LogModuleManager: Display: Found up-to-date module file ../../../Engine/Plugins/Media/AndroidMedia/Binaries/Win64/UE4Editor-AndroidMediaEditor.dll (API version 3709383).
LogModuleManager: Display: Found up-to-date module file ../../../Engine/Plugins/Media/AndroidMedia/Binaries/Win64/UE4Editor-AndroidMediaFactory.dll (API version 3709383).
LogModuleManager: Display: Found up-to-date module file ../../../Engine/Plugins/Media/AvfMedia/Binaries/Win64/UE4Editor-AvfMediaEditor.dll (API version 3709383).
LogModuleManager: Display: Found up-to-date module file ../../../Engine/Plugins/Media/AvfMedia/Binaries/Win64/UE4Editor-AvfMediaFactory.dll (API version 3709383).
LogModuleManager: Display: Found up-to-date module file ../../../Engine/Plugins/Media/AvfMedia/Binaries/Win64/UE4Editor-AvfMediaFactory.dll (API version 3709383).
LogModuleManager: Display: Found up-to-date module file ../../../Engine/Plugins/Media/ImgMedia/Binaries/Win64/UE4Editor-ImgMedia.dll (API version 3709383).
LogModuleManager: Display: Found up-to-date module file ../../../Engine/Plugins/Media/ImgMedia/Binaries/Win64/UE4Editor-ImgMediaEditor.dll (API version 3709383).
LogModuleManager: Display: Found up-to-date module file ../../../Engine/Plugins/Media/ImgMedia/Binaries/Win64/UE4Editor-ImgMediaFactory.dll (API version 3709383).
LogModuleManager: Display: Found up-to-date module file ../../../Engine/Plugins/Media/ImgMedia/Binaries/Win64/UE4Editor-ImgMediaFactory.dll (API version 3709383).
LogModuleManager: Display: Found up-to-date module file ../../../Engine/Plugins/Media/ImgMedia/Binaries/Win64/UE4Editor-OpenExrWrapper.dll (API version 3709383).
LogModuleManager: Display: Found up-to-date module file ../../../Engine/Plugins/Media/MediaCompositing/Binaries/Win64/UE4Editor-MediaCompositing.dll (API version 3709383).
LogModuleManager: Display: Found up-to-date module file ../../../Engine/Plugins/Media/MediaCompositing/Binaries/Win64/UE4Editor-MediaCompositingEditor.dll (API version 3709383).
LogModuleManager: Display: Found up-to-date module file ../../../Engine/Plugins/Media/MediaPlayerEditor/Binaries/Win64/UE4Editor-MediaPlayerEditor.dll (API version 3709383).
LogModuleManager: Display: Found up-to-date module file ../../../Engine/Plugins/Media/WmfMedia/Binaries/Win64/UE4Editor-WmfMedia.dll (API version 3709383).
LogModuleManager: Display: Found up-to-date module file ../../../Engine/Plugins/Media/WmfMedia/Binaries/Win64/UE4Editor-WmfMediaEditor.dll (API version 3709383).
LogModuleManager: Display: Found up-to-date module file ../../../Engine/Plugins/Media/WmfMedia/Binaries/Win64/UE4Editor-WmfMediaFactory.dll (API version 3709383).
LogModuleManager: Display: Found up-to-date module file ../../../Engine/Plugins/Media/WmfMedia/Binaries/Win64/UE4Editor-WmfMediaFactory.dll (API version 3709383).
LogModuleManager: Display: Found up-to-date module file ../../../Engine/Plugins/Messaging/TcpMessaging/Binaries/Win64/UE4Editor-TcpMessaging.dll (API version 3709383).
LogModuleManager: Display: Found up-to-date module file ../../../Engine/Plugins/Messaging/UdpMessaging/Binaries/Win64/UE4Editor-UdpMessaging.dll (API version 3709383).
LogModuleManager: Display: Found up-to-date module file ../../../Engine/Plugins/MovieScene/ActorSequence/Binaries/Win64/UE4Editor-ActorSequence.dll (API version 3709383).
LogModuleManager: Display: Found up-to-date module file ../../../Engine/Plugins/MovieScene/LevelSequenceEditor/Binaries/Win64/UE4Editor-LevelSequenceEditor.dll (API version 3709383).
LogModuleManager: Display: Found up-to-date module file ../../../Engine/Plugins/MovieScene/MatineeToLevelSequence/Binaries/Win64/UE4Editor-MatineeToLevelSequence.dll (API version 3709383).
LogModuleManager: Display: Found up-to-date module file ../../../Engine/Plugins/Runtime/AndroidPermission/Binaries/Win64/UE4Editor-AndroidPermission.dll (API version 3709383).
LogModuleManager: Display: Found up-to-date module file ../../../Engine/Plugins/Online/OnlineSubsystemNull/Binaries/Win64/UE4Editor-OnlineSubsystemNull.dll (API version 3709383).
LogModuleManager: Display: Found up-to-date module file ../../../Engine/Plugins/Runtime/AndroidDeviceProfileSelector/Binaries/Win64/UE4Editor-AndroidDeviceProfileSelector.dll (API version 3709383).
LogModuleManager: Display: Found up-to-date module file ../../../Engine/Plugins/Runtime/AppleARKit/Binaries/Win64/UE4Editor-AppleARKit.dll (API version 3709383).
LogModuleManager: Display: Found up-to-date module file ../../../Engine/Plugins/Runtime/ArchVisCharacter/Binaries/Win64/UE4Editor-ArchVisCharacter.dll (API version 3709383).
LogModuleManager: Display: Found up-to-date module file ../../../Engine/Plugins/Runtime/CableComponent/Binaries/Win64/UE4Editor-CableComponent.dll (API version 3709383).
LogModuleManager: Display: Found up-to-date module file ../../../Engine/Plugins/Runtime/CustomMeshComponent/Binaries/Win64/UE4Editor-CustomMeshComponent.dll (API version 3709383).
LogModuleManager: Display: Found up-to-date module file ../../../Engine/Plugins/Runtime/ExampleDeviceProfileSelector/Binaries/Win64/UE4Editor-ExampleDeviceProfileSelector.dll (API version 3709383).
LogModuleManager: Display: Found up-to-date module file ../../../Engine/Plugins/Runtime/ImmediatePhysics/Binaries/Win64/UE4Editor-ImmediatePhysics.dll (API version 3709383).
LogModuleManager: Display: Found up-to-date module file ../../../Engine/Plugins/Runtime/ImmediatePhysics/Binaries/Win64/UE4Editor-ImmediatePhysicsEditor.dll (API version 3709383).
LogModuleManager: Display: Found up-to-date module file ../../../Engine/Plugins/Runtime/LocationServicesBPLibrary/Binaries/Win64/UE4Editor-LocationServicesBPLibrary.dll (API version 3709383).
LogModuleManager: Display: Found up-to-date module file ../../../Engine/Plugins/Runtime/MobilePatchingUtils/Binaries/Win64/UE4Editor-MobilePatchingUtils.dll (API version 3709383).
LogModuleManager: Display: Found up-to-date module file ../../../Engine/Plugins/Runtime/Oculus/OculusVR/Binaries/Win64/UE4Editor-OculusHMD.dll (API version 3709383).
LogModuleManager: Display: Found up-to-date module file ../../../Engine/Plugins/Runtime/Oculus/OculusVR/Binaries/Win64/UE4Editor-OculusInput.dll (API version 3709383).
LogModuleManager: Display: Found up-to-date module file ../../../Engine/Plugins/Runtime/Oculus/OculusVR/Binaries/Win64/UE4Editor-OculusEditor.dll (API version 3709383).
LogModuleManager: Display: Found up-to-date module file ../../../Engine/Plugins/Runtime/PhysXVehicles/Binaries/Win64/UE4Editor-PhysXVehicles.dll (API version 3709383).
LogModuleManager: Display: Found up-to-date module file ../../../Engine/Plugins/Runtime/PhysXVehicles/Binaries/Win64/UE4Editor-PhysXVehiclesEditor.dll (API version 3709383).
LogModuleManager: Display: Found up-to-date module file ../../../Engine/Plugins/Runtime/ProceduralMeshComponent/Binaries/Win64/UE4Editor-ProceduralMeshComponent.dll (API version 3709383).
LogModuleManager: Display: Found up-to-date module file ../../../Engine/Plugins/Runtime/ProceduralMeshComponent/Binaries/Win64/UE4Editor-ProceduralMeshComponentEditor.dll (API version 3709383).
LogModuleManager: Display: Found up-to-date module file ../../../Engine/Plugins/Runtime/RuntimePhysXCooking/Binaries/Win64/UE4Editor-RuntimePhysXCooking.dll (API version 3709383).
LogModuleManager: Display: Found up-to-date module file ../../../Engine/Plugins/Runtime/Steam/SteamVR/Binaries/Win64/UE4Editor-SteamVR.dll (API version 3709383).
LogModuleManager: Display: Found up-to-date module file ../../../Engine/Plugins/Runtime/Steam/SteamVR/Binaries/Win64/UE4Editor-SteamVRController.dll (API version 3709383).
LogModuleManager: Display: Found up-to-date module file ../../../Engine/Plugins/Runtime/WindowsMoviePlayer/Binaries/Win64/UE4Editor-WindowsMoviePlayer.dll (API version 3709383).
LogPluginManager: Mounting plugin Paper2D
LogPluginManager: Mounting plugin LightPropagationVolume
LogPluginManager: Mounting plugin CodeLiteSourceCodeAccess
LogPluginManager: Mounting plugin GitSourceControl
LogPluginManager: Mounting plugin KDevelopSourceCodeAccess
LogPluginManager: Mounting plugin NullSourceCodeAccess
LogPluginManager: Mounting plugin PerforceSourceControl
LogPluginManager: Mounting plugin SubversionSourceControl
LogPluginManager: Mounting plugin UObjectPlugin
LogPluginManager: Mounting plugin VisualStudioCodeSourceCodeAccess
LogPluginManager: Mounting plugin VisualStudioSourceCodeAccess
LogPluginManager: Mounting plugin XCodeSourceCodeAccess
LogPluginManager: Mounting plugin AssetManagerEditor
LogPluginManager: Mounting plugin AudioCapture
LogPluginManager: Mounting plugin FacialAnimation
LogPluginManager: Mounting plugin GameplayTagsEditor
LogPluginManager: Mounting plugin MobileLauncherProfileWizard
LogPluginManager: Mounting plugin PluginBrowser
LogPluginManager: Mounting plugin SpeedTreeImporter
LogPluginManager: Mounting plugin AlembicImporter
LogPluginManager: Mounting plugin CharacterAI
LogPluginManager: Mounting plugin HTML5Networking
LogPluginManager: Mounting plugin AndroidMedia
LogPluginManager: Mounting plugin AvfMedia
LogPluginManager: Mounting plugin ImgMedia
LogPluginManager: Mounting plugin MediaCompositing
LogPluginManager: Mounting plugin MediaPlayerEditor
LogPluginManager: Mounting plugin WmfMedia
LogPluginManager: Mounting plugin TcpMessaging
LogPluginManager: Mounting plugin UdpMessaging
LogPluginManager: Mounting plugin ActorSequence
LogPluginManager: Mounting plugin LevelSequenceEditor
LogPluginManager: Mounting plugin MatineeToLevelSequence
LogPluginManager: Mounting plugin OnlineSubsystemGooglePlay
LogPluginManager: Mounting plugin OnlineSubsystemIOS
LogPluginManager: Mounting plugin OnlineSubsystem
LogPluginManager: Mounting plugin OnlineSubsystemNull
LogPluginManager: Mounting plugin OnlineSubsystemSteam
LogPluginManager: Mounting plugin OnlineSubsystemUtils
LogPluginManager: Mounting plugin AndroidDeviceProfileSelector
LogPluginManager: Mounting plugin AndroidMoviePlayer
LogPluginManager: Mounting plugin AndroidPermission
LogPluginManager: Mounting plugin AppleARKit
LogPluginManager: Mounting plugin AppleMoviePlayer
LogPluginManager: Mounting plugin ArchVisCharacter
LogPluginManager: Mounting plugin CableComponent
LogPluginManager: Mounting plugin CustomMeshComponent
LogPluginManager: Mounting plugin ExampleDeviceProfileSelector
LogPluginManager: Mounting plugin GoogleCloudMessaging
LogPluginManager: Mounting plugin ImmediatePhysics
LogPluginManager: Mounting plugin IOSDeviceProfileSelector
LogPluginManager: Mounting plugin LinuxDeviceProfileSelector
LogPluginManager: Mounting plugin LocationServicesBPLibrary
LogPluginManager: Mounting plugin MobilePatchingUtils
LogPluginManager: Mounting plugin OculusVR
LogPluginManager: Plugin shader directory ../../../Engine/Plugins/Runtime/Oculus/OculusVR/Shaders found
LogPluginManager: Mapping shader source directory ../../../Engine/Plugins/Runtime/Oculus/OculusVR/Shaders to virtual directory /Plugin/OculusVR
LogPluginManager: Mounting plugin PhysXVehicles
LogPluginManager: Mounting plugin ProceduralMeshComponent
LogPluginManager: Mounting plugin RuntimePhysXCooking
LogPluginManager: Mounting plugin SteamVR
LogPluginManager: Mounting plugin WindowsMoviePlayer
LogInit: Using libcurl 7.47.1
LogInit:  - built for x86_64-pc-win32
LogInit:  - supports SSL with OpenSSL/1.0.2g
LogInit:  - supports HTTP deflate (compression) using libz 1.2.8
LogInit:  - other features:
LogInit:      CURL_VERSION_SSL
LogInit:      CURL_VERSION_LIBZ
LogInit:      CURL_VERSION_IPV6
LogInit:      CURL_VERSION_ASYNCHDNS
LogInit:      CURL_VERSION_LARGEFILE
LogInit:      CURL_VERSION_IDN
LogInit:  CurlRequestOptions (configurable via config and command line):
LogInit:  - bVerifyPeer = false  - Libcurl will NOT verify peer certificate
LogInit:  - bUseHttpProxy = false  - Libcurl will NOT use HTTP proxy
LogInit:  - bDontReuseConnections = false  - Libcurl will reuse connections
LogInit:  - CertBundlePath = nullptr  - Libcurl will use whatever was configured at build time.
LogOnline: Display: STEAM: Loading Steam SDK 1.39
LogOnline: Warning: STEAM: Steamworks: SteamUtils() failed!
LogOnline: Warning: STEAM: Steamworks: SteamUser() failed!
LogOnline: Warning: STEAM: Steamworks: SteamFriends() failed!
LogOnline: Warning: STEAM: Steamworks: SteamRemoteStorage() failed!
LogOnline: Warning: STEAM: Steamworks: SteamUserStats() failed!
LogOnline: Warning: STEAM: Steamworks: SteamMatchmakingServers() failed!
LogOnline: Warning: STEAM: Steamworks: SteamApps() failed!
LogOnline: Warning: STEAM: Steamworks: SteamNetworking() failed!
LogOnline: Warning: STEAM: Steamworks: SteamMatchmaking() failed!
LogOnline: Display: STEAM: OnlineSubsystemSteam::Shutdown()
LogOnline: Warning: STEAM: Steam API failed to initialize!
LogOnline: Display: STEAM: OnlineSubsystemSteam::Shutdown()
LogInit: WinSock: version 1.1 (2.2), MaxSocks=32767, MaxUdp=65467
LogInit: Build: ++UE4+Release-4.18-CL-3832480
LogInit: Engine Version: 4.18.3-3832480+++UE4+Release-4.18
LogInit: Compatible Engine Version: 4.18.0-3709383+++UE4+Release-4.18
LogInit: Net CL: 3709383
LogDevObjectVersion: Number of dev versions registered: 16
LogDevObjectVersion:   Dev-Blueprints (B0D832E4-1F89-4F0D-ACCF-7EB736FD4AA2): 10
LogDevObjectVersion:   Dev-Build (E1C64328-A22C-4D53-A36C-8E866417BD8C): 0
LogDevObjectVersion:   Dev-Core (375EC13C-06E4-48FB-B500-84F0262A717E): 2
LogDevObjectVersion:   Dev-Editor (E4B068ED-F494-42E9-A231-DA0B2E46BB41): 20
LogDevObjectVersion:   Dev-Framework (CFFC743F-43B0-4480-9391-14DF171D2073): 30
LogDevObjectVersion:   Dev-Mobile (B02B49B5-BB20-44E9-A304-32B752E40360): 0
LogDevObjectVersion:   Dev-Networking (A4E4105C-59A1-49B5-A7C5-40C4547EDFEE): 0
LogDevObjectVersion:   Dev-Online (39C831C9-5AE6-47DC-9A44-9C173E1C8E7C): 0
LogDevObjectVersion:   Dev-Physics (78F01B33-EBEA-4F98-B9B4-84EACCB95AA2): 0
LogDevObjectVersion:   Dev-Platform (6631380F-2D4D-43E0-8009-CF276956A95A): 0
LogDevObjectVersion:   Dev-Rendering (12F88B9F-8875-4AFC-A67C-D90C383ABD29): 20
LogDevObjectVersion:   Dev-Sequencer (7B5AE74C-D270-4C10-A958-57980B212A5A): 4
LogDevObjectVersion:   Dev-VR (D7296918-1DD6-4BDD-9DE2-64A83CC13884): 0
LogDevObjectVersion:   Dev-LoadTimes (C2A15278-BFE7-4AFE-6C17-90FF531DF755): 1
LogDevObjectVersion:   Private-Geometry (6EACA3D4-40EC-4CC1-B786-8BED09428FC5): 1
LogDevObjectVersion:   Dev-AnimPhys (29E575DD-E0A3-4627-9D10-D276232CDCEA): 12
LogInit: Compiled (64-bit): Jan 12 2018 02:04:55
LogInit: Compiled with Visual C++: 19.00.24215.01
LogInit: Build Configuration: Development
LogInit: Branch Name: ++UE4+Release-4.18
LogInit: Command line:  -game
LogInit: Base directory: D:/UE_4.18/Engine/Binaries/Win64/
LogInit: Installed Engine Build: 1
LogInit: Presizing for max 8388607 objects, including 0 objects not considered by GC, pre-allocating 0 bytes for permanent pool.
LogInit: Object subsystem initialized
[2018.03.01-19.34.25:425][  0]LogInit: Selected Device Profile: [Windows]
[2018.03.01-19.34.25:425][  0]LogInit: Applying CVar settings loaded from the selected device profile: [Windows]
[2018.03.01-19.34.25:435][  0]LogInit: Computer: DESKTOP-FHCS6V6
[2018.03.01-19.34.25:435][  0]LogInit: User: IanCalvert
[2018.03.01-19.34.25:435][  0]LogInit: CPU Page size=4096, Cores=4
[2018.03.01-19.34.25:435][  0]LogInit: High frequency timer resolution =3.328126 MHz
[2018.03.01-19.34.25:435][  0]LogMemory: Memory total: Physical=16.0GB (16GB approx)
[2018.03.01-19.34.25:435][  0]LogMemory: Platform Memory Stats for Windows
[2018.03.01-19.34.25:435][  0]LogMemory: Process Physical Memory: 282.03 MB used, 282.03 MB peak
[2018.03.01-19.34.25:435][  0]LogMemory: Process Virtual Memory: 276.71 MB used, 276.71 MB peak
[2018.03.01-19.34.25:435][  0]LogMemory: Physical Memory: 7300.00 MB used,  9044.45 MB free, 16344.45 MB total
[2018.03.01-19.34.25:435][  0]LogMemory: Virtual Memory: 743.96 MB used,  9044.45 MB free, 134217728.00 MB total
[2018.03.01-19.34.25:529][  0]LogInit: Using OS detected language (en-US).
[2018.03.01-19.34.25:529][  0]LogInit: Using OS detected locale (en-US).
[2018.03.01-19.34.25:531][  0]LogTextLocalizationManager: No specific localization for 'en-US' exists, so the 'en' localization will be used.
[2018.03.01-19.34.25:947][  0]LogD3D11RHI: D3D11 adapters:
[2018.03.01-19.34.25:985][  0]LogD3D11RHI:    0. 'NVIDIA GeForce GTX 980' (Feature Level 11_0)
[2018.03.01-19.34.25:985][  0]LogD3D11RHI:       4053/0/8172 MB DedicatedVideo/DedicatedSystem/SharedSystem, Outputs:1, VendorId:0x10de
[2018.03.01-19.34.25:987][  0]LogD3D11RHI:    1. 'Microsoft Basic Render Driver' (Feature Level 11_0)
[2018.03.01-19.34.25:987][  0]LogD3D11RHI:       0/0/8172 MB DedicatedVideo/DedicatedSystem/SharedSystem, Outputs:0, VendorId:0x1414
[2018.03.01-19.34.25:987][  0]LogD3D11RHI: Chosen D3D11 Adapter: 0
[2018.03.01-19.34.26:021][  0]LogD3D11RHI: Creating new Direct3DDevice
[2018.03.01-19.34.26:021][  0]LogD3D11RHI:     GPU DeviceId: 0x13c0 (for the marketing name, search the web for "GPU Device Id")
[2018.03.01-19.34.26:021][  0]LogWindows: EnumDisplayDevices:
[2018.03.01-19.34.26:021][  0]LogWindows:    0. 'NVIDIA GeForce GTX 980' (P:1 D:1)
[2018.03.01-19.34.26:021][  0]LogWindows:    1. 'NVIDIA GeForce GTX 980' (P:0 D:0)
[2018.03.01-19.34.26:022][  0]LogWindows:    2. 'NVIDIA GeForce GTX 980' (P:0 D:0)
[2018.03.01-19.34.26:022][  0]LogWindows:    3. 'NVIDIA GeForce GTX 980' (P:0 D:0)
[2018.03.01-19.34.26:022][  0]LogWindows: DebugString: GetVideoDriverDetailsInvalid PrimaryIsNotTheChoosenAdapter GetVideoDriverDetailsInvalid PrimaryIsNotTheChoosenAdapter GetVideoDriverDetailsInvalid PrimaryIsNotTheChoosenAdapter GetVideoDriverDetailsInvalid PrimaryIsNotTheChoosenAdapter FoundDriverCount:0 
[2018.03.01-19.34.26:022][  0]LogD3D11RHI:     Adapter Name: NVIDIA GeForce GTX 980
[2018.03.01-19.34.26:022][  0]LogD3D11RHI:   Driver Version: Unknown (internal:Unknown, unified:Unknown)
[2018.03.01-19.34.26:022][  0]LogD3D11RHI:      Driver Date: Unknown
[2018.03.01-19.34.26:022][  0]LogRHI: Texture pool is 2837 MB (70% of 4053 MB)
[2018.03.01-19.34.26:043][  0]LogD3D11RHI: Async texture creation enabled
[2018.03.01-19.34.26:060][  0]LogD3D11RHI: GPU Timing Frequency: 1000.000000 (Debug: 2 2)
[2018.03.01-19.34.26:061][  0]LogShaderCompilers: Guid format shader working directory is 16 characters bigger than the processId version (../../../../UE4/newSteamTest/steam/Intermediate/Shaders/WorkingDirectory/138568/).
[2018.03.01-19.34.26:061][  0]LogShaderCompilers: Cleaned the shader compiler working directory 'C:/Users/Ian Calvert/AppData/Local/Temp/UnrealShaderWorkingDir/7D3C6B764124E3F23A9F02988FEC3CF0/'.
[2018.03.01-19.34.26:061][  0]LogShaderCompilers: Display: Using Local Shader Compiler.
[2018.03.01-19.34.26:954][  0]LogTemp: Display: Loaded TP WindowsClientTargetPlatform
[2018.03.01-19.34.26:987][  0]LogTemp: Display: Loaded TP WindowsNoEditorTargetPlatform
[2018.03.01-19.34.27:022][  0]LogTemp: Display: Loaded TP WindowsServerTargetPlatform
[2018.03.01-19.34.27:056][  0]LogTemp: Display: Loaded TP WindowsTargetPlatform
[2018.03.01-19.34.27:056][  0]LogTargetPlatformManager: Display: Building Assets For Windows
[2018.03.01-19.34.27:342][  0]LogDerivedDataCache: Display: Max Cache Size: 512 MB
[2018.03.01-19.34.27:402][  0]LogDerivedDataCache: Loaded boot cache 0.06s 78MB C:/Users/Ian Calvert/AppData/Local/UnrealEngine/4.18/DerivedDataCache/Boot.ddc.
[2018.03.01-19.34.27:402][  0]LogDerivedDataCache: Display: Loaded Boot cache: C:/Users/Ian Calvert/AppData/Local/UnrealEngine/4.18/DerivedDataCache/Boot.ddc
[2018.03.01-19.34.27:402][  0]LogDerivedDataCache: FDerivedDataBackendGraph:  Pak pak cache file ../../../../UE4/newSteamTest/steam/DerivedDataCache/DDC.ddp not found, will not use a pak cache.
[2018.03.01-19.34.27:403][  0]LogDerivedDataCache: Unable to find inner node Pak for hierarchical cache Hierarchy.
[2018.03.01-19.34.27:403][  0]LogDerivedDataCache: FDerivedDataBackendGraph:  CompressedPak pak cache file ../../../../UE4/newSteamTest/steam/DerivedDataCache/Compressed.ddp not found, will not use a pak cache.
[2018.03.01-19.34.27:403][  0]LogDerivedDataCache: Unable to find inner node CompressedPak for hierarchical cache Hierarchy.
[2018.03.01-19.34.27:416][  0]LogDerivedDataCache: Display: Pak cache opened for reading ../../../Engine/DerivedDataCache/Compressed.ddp.
[2018.03.01-19.34.27:429][  0]LogDerivedDataCache: Using Local data cache path C:/Users/Ian Calvert/AppData/Local/UnrealEngine/Common/DerivedDataCache: Writable
[2018.03.01-19.34.27:438][  0]LogMaterial: Verifying Global Shaders for PCD3D_SM5
[2018.03.01-19.34.27:438][  0]LogSlate: Using Freetype 2.6.0
[2018.03.01-19.34.27:439][  0]LogSlate: SlateFontCache - WITH_FREETYPE: 1, WITH_HARFBUZZ: 1
[2018.03.01-19.34.27:439][  0]LogSlate: SlateFontCache - WITH_FREETYPE: 1, WITH_HARFBUZZ: 1
[2018.03.01-19.34.27:669][  0]LogAssetRegistry: FAssetRegistry took 0.0038 seconds to start up
[2018.03.01-19.34.27:706][  0]LogPackageLocalizationCache: Processed 7 localized package path(s) for 2 prioritized culture(s) in 0.036101 seconds
[2018.03.01-19.34.27:785][  0]LogInit: Selected Device Profile: [Windows]
[2018.03.01-19.34.28:005][  0]LogSimplygon: Simplygon DLL not present - disabling.
[2018.03.01-19.34.28:031][  0]LogMeshReduction: Using SimplygonSwarm for distributed automatic mesh merging
[2018.03.01-19.34.28:031][  0]LogMeshReduction: Using QuadricMeshReduction for automatic static mesh reduction
[2018.03.01-19.34.28:031][  0]LogMeshReduction: No automatic skeletal mesh reduction module available
[2018.03.01-19.34.28:031][  0]LogMeshReduction: No automatic mesh merging module available
[2018.03.01-19.34.28:031][  0]LogMeshMerging: No automatic mesh merging module available
[2018.03.01-19.34.28:049][  0]LogNetVersion: MyProject12 , NetCL: 3709383, EngineNetVer: 2, GameNetVer: 0 (Checksum: 3203290924)
[2018.03.01-19.34.29:260][  0]LogMoviePlayer: Initializing movie player
[2018.03.01-19.34.29:499][  0]LogCollectionManager: Loaded 0 collections in 0.001248 seconds
[2018.03.01-19.34.29:541][  0]LogFileCache: Scanning file cache for directory 'D:/UE4/newSteamTest/steam/Saved/Collections/' took 0.01s
[2018.03.01-19.34.29:541][  0]LogFileCache: Scanning file cache for directory 'D:/UE4/newSteamTest/steam/Content/Developers/IanCalvert/Collections/' took 0.01s
[2018.03.01-19.34.29:541][  0]LogFileCache: Scanning file cache for directory 'D:/UE4/newSteamTest/steam/Content/Collections/' took 0.01s
[2018.03.01-19.34.29:541][  0]LogCollectionManager: Rebuilt the object cache for 0 collections in 0.000000 seconds (found 0 objects)
[2018.03.01-19.34.29:541][  0]LogCollectionManager: Fixed up redirectors for 0 collections in 0.000074 seconds (updated 0 objects)
[2018.03.01-19.34.29:934][  0]SourceControl: Source control is disabled
[2018.03.01-19.34.29:934][  0]SourceControl: Source control is disabled
[2018.03.01-19.34.29:966][  0]SourceControl: Source control is disabled
[2018.03.01-19.34.30:178][  0]LogAndroidPermission: UAndroidPermissionCallbackProxy::GetInstance
[2018.03.01-19.34.30:349][  0]LogOcInput: OculusInput pre-init called
[2018.03.01-19.34.30:420][  0]LogUObjectArray: 38930 objects as part of root set at end of initial load.
[2018.03.01-19.34.30:420][  0]LogUObjectAllocator: 8563128 out of 0 bytes used by permanent object pool.
[2018.03.01-19.34.30:420][  0]LogUObjectArray: CloseDisregardForGC: 0/0 objects in disregard for GC pool
[2018.03.01-19.34.30:497][  0]LogEngine: Initializing Engine...
[2018.03.01-19.34.30:498][  0]LogHMD: Oculus plugin initialized. Version: 4.18.3-3832480+++UE4+Release-4.18, OVRPlugin: 1.19.0
[2018.03.01-19.34.30:653][  0]LogStats: UGameplayTagsManager::ConstructGameplayTagTree: Construct from data asset -  0.000 s
[2018.03.01-19.34.30:653][  0]LogStats: UGameplayTagsManager::ConstructGameplayTagTree: GameplayTagTreeChangedEvent.Broadcast -  0.000 s
[2018.03.01-19.34.30:661][  0]LogInit: XAudio2 using 'Headphones (Rift Audio)' : 2 channels at 48 kHz using 16 bits per sample (channel mask 0x3)
[2018.03.01-19.34.30:673][  0]LogInit: FAudioDevice initialized.
[2018.03.01-19.34.30:766][  0]LogDerivedDataCache: Saved boot cache 0.08s 78MB C:/Users/Ian Calvert/AppData/Local/UnrealEngine/4.18/DerivedDataCache/Boot.ddc.
[2018.03.01-19.34.30:781][  0]LogInit: Texture streaming: Enabled
[2018.03.01-19.34.30:809][  0]LogMaterial: Uniform references updated for custom material expression Custom.
[2018.03.01-19.34.31:138][  0]LogProperty: Error: UStructProperty::Serialize Loading: Property 'StructProperty /Game/UI/MainMenu/optionsMenu.optionsMenu_C:playerInfo'. Unknown structure.
[2018.03.01-19.34.31:139][  0]LogProperty: Error: UStructProperty::Serialize Loading: Property 'StructProperty /Game/Blueprints/allLevels/playerSaveGame.playerSaveGame_C:S_PlayerINfo'. Unknown structure.
[2018.03.01-19.34.31:140][  0]LogClass: Warning: Property S_PlayerINfo of S_PlayerINfo has a struct type mismatch (tag STRUCT_REINST_PlayerInfo_0 != prop FallbackStruct) in package:  ../../../../UE4/newSteamTest/steam/Content/Blueprints/allLevels/playerSaveGame.uasset. If that struct got renamed, add an entry to ActiveStructRedirects.
[2018.03.01-19.34.31:173][  0]LogClass: Warning: Property playerInfo of playerInfo has a struct type mismatch (tag STRUCT_REINST_PlayerInfo_0 != prop FallbackStruct) in package:  ../../../../UE4/newSteamTest/steam/Content/UI/MainMenu/optionsMenu.uasset. If that struct got renamed, add an entry to ActiveStructRedirects.
[2018.03.01-19.34.31:239][  0]LogClass: Warning: Property S_PlayerINfo of S_PlayerINfo has a struct type mismatch (tag FallbackStruct != prop PlayerInfo) in package:  FObjectReader. If that struct got renamed, add an entry to ActiveStructRedirects.
[2018.03.01-19.34.31:239][  0]LogClass: Warning: Property playerInfo of playerInfo has a struct type mismatch (tag FallbackStruct != prop PlayerInfo) in package:  FObjectReader. If that struct got renamed, add an entry to ActiveStructRedirects.
[2018.03.01-19.34.31:307][  0]LogInit: Display: Game Engine Initialized.
[2018.03.01-19.34.31:307][  0]LogGameplayTags: Display: UGameplayTagsManager::DoneAddingNativeTags. DelegateIsBound: 0
[2018.03.01-19.34.31:432][  0]LogInit: Display: Starting Game.
[2018.03.01-19.34.31:432][  0]LogNet: Browse: /Game/Maps/mainMenu?Name=Player
[2018.03.01-19.34.31:432][  0]LogLoadingSplash: Loading begins
[2018.03.01-19.34.31:432][  0]LogHMD: Initializing OVRPlugin session
[2018.03.01-19.34.31:466][  0]LogHMD: FSplash::OnShow
[2018.03.01-19.34.31:466][  0]LogLoad: LoadMap: /Game/Maps/mainMenu?Name=Player
[2018.03.01-19.34.31:560][  0]LogAIModule: Creating AISystem for world mainMenu
[2018.03.01-19.34.31:615][  0]LogProperty: Error: UStructProperty::Serialize Loading: Property 'StructProperty /Game/UI/Lobby/gameSettings.gameSettings_C:ExecuteUbergraph_gameSettings.CallFunc_Array_Get_Item'. Unknown structure.
[2018.03.01-19.34.31:616][  0]LogProperty: Error: UStructProperty::Serialize Loading: Property 'StructProperty /Game/UI/Lobby/playerButton.playerButton_C:playerInfo'. Unknown structure.
[2018.03.01-19.34.31:616][  0]LogClass: Warning: Property playerInfo of playerInfo has a struct type mismatch (tag STRUCT_REINST_PlayerInfo_0 != prop FallbackStruct) in package:  ../../../../UE4/newSteamTest/steam/Content/UI/Lobby/playerButton.uasset. If that struct got renamed, add an entry to ActiveStructRedirects.
[2018.03.01-19.34.31:851][  0]LogClass: Warning: Property playerInfo of playerInfo has a struct type mismatch (tag FallbackStruct != prop PlayerInfo) in package:  FObjectReader. If that struct got renamed, add an entry to ActiveStructRedirects.
[2018.03.01-19.34.32:030][  0]LogLoad: Game class is 'TopDownGameMode_C'
[2018.03.01-19.34.32:031][  0]LogWorld: Bringing World /Game/Maps/mainMenu.mainMenu up for play (max tick rate 0) at 2018.03.01-11.34.32
[2018.03.01-19.34.32:031][  0]LogWorld: Bringing up level for play took: 0.000481
[2018.03.01-19.34.32:032][  0]LogGameMode: FindPlayerStart: PATHS NOT DEFINED or NO PLAYERSTART with positive rating
[2018.03.01-19.34.32:043][  0]LogScript: Warning: Accessed None trying to read property K2Node_DynamicCast_AsGameplay_PC
	0_baseANimBP_C /Game/Maps/mainMenu.mainMenu:PersistentLevel.0_base_C_0.CharacterMesh0.0_baseANimBP_C_0
	Function /Game/InfinityBladeWarriors/animations/0_baseANimBP.0_baseANimBP_C:ExecuteUbergraph_0_baseANimBP:01E4
[2018.03.01-19.34.32:043][  0]LogScript: Warning: Script call stack:
	Function /Game/InfinityBladeWarriors/animations/0_baseANimBP.0_baseANimBP_C:BlueprintUpdateAnimation
	Function /Game/InfinityBladeWarriors/animations/0_baseANimBP.0_baseANimBP_C:ExecuteUbergraph_0_baseANimBP

[2018.03.01-19.34.32:043][  0]LogScript: Warning: Accessed None trying to read property K2Node_DynamicCast_AsGameplay_PC
	0_baseANimBP_C /Game/Maps/mainMenu.mainMenu:PersistentLevel.0_base_C_0.CharacterMesh0.0_baseANimBP_C_0
	Function /Game/InfinityBladeWarriors/animations/0_baseANimBP.0_baseANimBP_C:ExecuteUbergraph_0_baseANimBP:027E
[2018.03.01-19.34.32:043][  0]LogScript: Warning: Script call stack:
	Function /Game/InfinityBladeWarriors/animations/0_baseANimBP.0_baseANimBP_C:BlueprintUpdateAnimation
	Function /Game/InfinityBladeWarriors/animations/0_baseANimBP.0_baseANimBP_C:ExecuteUbergraph_0_baseANimBP

[2018.03.01-19.34.32:045][  0]LogLoadingSplash: Loading ends
[2018.03.01-19.34.32:045][  0]LogHMD: FSplash::OnHide
[2018.03.01-19.34.32:047][  0]LogLoad: Took 0.580461 seconds to LoadMap(/Game/Maps/mainMenu)
[2018.03.01-19.34.32:179][  0]LogRenderer: Reallocating scene render targets to support 1920x1080 Format 10 NumSamples 1 (Frame:1).
[2018.03.01-19.34.32:179][  0]LogLoad: (Engine Initialization) Total time: 8.61 seconds
[2018.03.01-19.34.32:179][  0]LogLoad: (Engine Initialization) Total Blueprint compile time: 0.00 seconds
[2018.03.01-19.34.32:179][  0]LogExternalProfiler: No external profilers were discovered.  External profiling features will not be available.
[2018.03.01-19.34.32:195][  0]LogWindowsTextInputMethodSystem: Display: IME system now deactivated.
[2018.03.01-19.34.32:200][  0]LogOcInput: OculusInput is initialized
[2018.03.01-19.34.32:203][  0]LogContentStreaming: Texture pool size now 1000 MB
[2018.03.01-19.34.32:214][  1]LogScript: Warning: Accessed None trying to read property K2Node_DynamicCast_AsGameplay_PC
	0_baseANimBP_C /Game/Maps/mainMenu.mainMenu:PersistentLevel.0_base_C_0.CharacterMesh0.0_baseANimBP_C_0
	Function /Game/InfinityBladeWarriors/animations/0_baseANimBP.0_baseANimBP_C:ExecuteUbergraph_0_baseANimBP:01E4
[2018.03.01-19.34.32:214][  1]LogScript: Warning: Script call stack:
	Function /Game/InfinityBladeWarriors/animations/0_baseANimBP.0_baseANimBP_C:BlueprintUpdateAnimation
	Function /Game/InfinityBladeWarriors/animations/0_baseANimBP.0_baseANimBP_C:ExecuteUbergraph_0_baseANimBP

[2018.03.01-19.34.32:214][  1]LogScript: Warning: Accessed None trying to read property K2Node_DynamicCast_AsGameplay_PC
	0_baseANimBP_C /Game/Maps/mainMenu.mainMenu:PersistentLevel.0_base_C_0.CharacterMesh0.0_baseANimBP_C_0
	Function /Game/InfinityBladeWarriors/animations/0_baseANimBP.0_baseANimBP_C:ExecuteUbergraph_0_baseANimBP:027E
[2018.03.01-19.34.32:214][  1]LogScript: Warning: Script call stack:
	Function /Game/InfinityBladeWarriors/animations/0_baseANimBP.0_baseANimBP_C:BlueprintUpdateAnimation
	Function /Game/InfinityBladeWarriors/animations/0_baseANimBP.0_baseANimBP_C:ExecuteUbergraph_0_baseANimBP

[2018.03.01-19.34.32:230][  2]LogScript: Warning: Accessed None trying to read property K2Node_DynamicCast_AsGameplay_PC
	0_baseANimBP_C /Game/Maps/mainMenu.mainMenu:PersistentLevel.0_base_C_0.CharacterMesh0.0_baseANimBP_C_0
	Function /Game/InfinityBladeWarriors/animations/0_baseANimBP.0_baseANimBP_C:ExecuteUbergraph_0_baseANimBP:01E4
[2018.03.01-19.34.32:230][  2]LogScript: Warning: Script call stack:
	Function /Game/InfinityBladeWarriors/animations/0_baseANimBP.0_baseANimBP_C:BlueprintUpdateAnimation
	Function /Game/InfinityBladeWarriors/animations/0_baseANimBP.0_baseANimBP_C:ExecuteUbergraph_0_baseANimBP

[2018.03.01-19.34.32:230][  2]LogScript: Warning: Accessed None trying to read property K2Node_DynamicCast_AsGameplay_PC
	0_baseANimBP_C /Game/Maps/mainMenu.mainMenu:PersistentLevel.0_base_C_0.CharacterMesh0.0_baseANimBP_C_0
	Function /Game/InfinityBladeWarriors/animations/0_baseANimBP.0_baseANimBP_C:ExecuteUbergraph_0_baseANimBP:027E
[2018.03.01-19.34.32:230][  2]LogScript: Warning: Script call stack:
	Function /Game/InfinityBladeWarriors/animations/0_baseANimBP.0_baseANimBP_C:BlueprintUpdateAnimation
	Function /Game/InfinityBladeWarriors/animations/0_baseANimBP.0_baseANimBP_C:ExecuteUbergraph_0_baseANimBP

[2018.03.01-19.34.32:251][  3]LogScript: Warning: Accessed None trying to read property K2Node_DynamicCast_AsGameplay_PC
	0_baseANimBP_C /Game/Maps/mainMenu.mainMenu:PersistentLevel.0_base_C_0.CharacterMesh0.0_baseANimBP_C_0
	Function /Game/InfinityBladeWarriors/animations/0_baseANimBP.0_baseANimBP_C:ExecuteUbergraph_0_baseANimBP:01E4
[2018.03.01-19.34.32:251][  3]LogScript: Warning: Script call stack:
	Function /Game/InfinityBladeWarriors/animations/0_baseANimBP.0_baseANimBP_C:BlueprintUpdateAnimation
	Function /Game/InfinityBladeWarriors/animations/0_baseANimBP.0_baseANimBP_C:ExecuteUbergraph_0_baseANimBP

[2018.03.01-19.34.32:251][  3]LogScript: Warning: Accessed None trying to read property K2Node_DynamicCast_AsGameplay_PC
	0_baseANimBP_C /Game/Maps/mainMenu.mainMenu:PersistentLevel.0_base_C_0.CharacterMesh0.0_baseANimBP_C_0
	Function /Game/InfinityBladeWarriors/animations/0_baseANimBP.0_baseANimBP_C:ExecuteUbergraph_0_baseANimBP:027E
[2018.03.01-19.34.32:251][  3]LogScript: Warning: Script call stack:
	Function /Game/InfinityBladeWarriors/animations/0_baseANimBP.0_baseANimBP_C:BlueprintUpdateAnimation
	Function /Game/InfinityBladeWarriors/animations/0_baseANimBP.0_baseANimBP_C:ExecuteUbergraph_0_baseANimBP

[2018.03.01-19.34.32:268][  4]LogScript: Warning: Accessed None trying to read property K2Node_DynamicCast_AsGameplay_PC
	0_baseANimBP_C /Game/Maps/mainMenu.mainMenu:PersistentLevel.0_base_C_0.CharacterMesh0.0_baseANimBP_C_0
	Function /Game/InfinityBladeWarriors/animations/0_baseANimBP.0_baseANimBP_C:ExecuteUbergraph_0_baseANimBP:01E4
[2018.03.01-19.34.32:268][  4]LogScript: Warning: Script call stack:
	Function /Game/InfinityBladeWarriors/animations/0_baseANimBP.0_baseANimBP_C:BlueprintUpdateAnimation
	Function /Game/InfinityBladeWarriors/animations/0_baseANimBP.0_baseANimBP_C:ExecuteUbergraph_0_baseANimBP

[2018.03.01-19.34.32:268][  4]LogScript: Warning: Accessed None trying to read property K2Node_DynamicCast_AsGameplay_PC
	0_baseANimBP_C /Game/Maps/mainMenu.mainMenu:PersistentLevel.0_base_C_0.CharacterMesh0.0_baseANimBP_C_0
	Function /Game/InfinityBladeWarriors/animations/0_baseANimBP.0_baseANimBP_C:ExecuteUbergraph_0_baseANimBP:027E
[2018.03.01-19.34.32:268][  4]LogScript: Warning: Script call stack:
	Function /Game/InfinityBladeWarriors/animations/0_baseANimBP.0_baseANimBP_C:BlueprintUpdateAnimation
	Function /Game/InfinityBladeWarriors/animations/0_baseANimBP.0_baseANimBP_C:ExecuteUbergraph_0_baseANimBP

[2018.03.01-19.34.32:283][  5]LogScript: Warning: Accessed None trying to read property K2Node_DynamicCast_AsGameplay_PC
	0_baseANimBP_C /Game/Maps/mainMenu.mainMenu:PersistentLevel.0_base_C_0.CharacterMesh0.0_baseANimBP_C_0
	Function /Game/InfinityBladeWarriors/animations/0_baseANimBP.0_baseANimBP_C:ExecuteUbergraph_0_baseANimBP:01E4
[2018.03.01-19.34.32:283][  5]LogScript: Warning: Script call stack:
	Function /Game/InfinityBladeWarriors/animations/0_baseANimBP.0_baseANimBP_C:BlueprintUpdateAnimation
	Function /Game/InfinityBladeWarriors/animations/0_baseANimBP.0_baseANimBP_C:ExecuteUbergraph_0_baseANimBP

[2018.03.01-19.34.32:284][  5]LogScript: Warning: Accessed None trying to read property K2Node_DynamicCast_AsGameplay_PC
	0_baseANimBP_C /Game/Maps/mainMenu.mainMenu:PersistentLevel.0_base_C_0.CharacterMesh0.0_baseANimBP_C_0
	Function /Game/InfinityBladeWarriors/animations/0_baseANimBP.0_baseANimBP_C:ExecuteUbergraph_0_baseANimBP:027E
[2018.03.01-19.34.32:284][  5]LogScript: Warning: Script call stack:
	Function /Game/InfinityBladeWarriors/animations/0_baseANimBP.0_baseANimBP_C:BlueprintUpdateAnimation
	Function /Game/InfinityBladeWarriors/animations/0_baseANimBP.0_baseANimBP_C:ExecuteUbergraph_0_baseANimBP

[2018.03.01-19.34.32:300][  6]LogScript: Warning: Accessed None trying to read property K2Node_DynamicCast_AsGameplay_PC
	0_baseANimBP_C /Game/Maps/mainMenu.mainMenu:PersistentLevel.0_base_C_0.CharacterMesh0.0_baseANimBP_C_0
	Function /Game/InfinityBladeWarriors/animations/0_baseANimBP.0_baseANimBP_C:ExecuteUbergraph_0_baseANimBP:01E4
[2018.03.01-19.34.32:300][  6]LogScript: Warning: Script call stack:
	Function /Game/InfinityBladeWarriors/animations/0_baseANimBP.0_baseANimBP_C:BlueprintUpdateAnimation
	Function /Game/InfinityBladeWarriors/animations/0_baseANimBP.0_baseANimBP_C:ExecuteUbergraph_0_baseANimBP

[2018.03.01-19.34.32:300][  6]LogScript: Warning: Accessed None trying to read property K2Node_DynamicCast_AsGameplay_PC
	0_baseANimBP_C /Game/Maps/mainMenu.mainMenu:PersistentLevel.0_base_C_0.CharacterMesh0.0_baseANimBP_C_0
	Function /Game/InfinityBladeWarriors/animations/0_baseANimBP.0_baseANimBP_C:ExecuteUbergraph_0_baseANimBP:027E
[2018.03.01-19.34.32:300][  6]LogScript: Warning: Script call stack:
	Function /Game/InfinityBladeWarriors/animations/0_baseANimBP.0_baseANimBP_C:BlueprintUpdateAnimation
	Function /Game/InfinityBladeWarriors/animations/0_baseANimBP.0_baseANimBP_C:ExecuteUbergraph_0_baseANimBP

[2018.03.01-19.34.32:316][  7]LogScript: Warning: Accessed None trying to read property K2Node_DynamicCast_AsGameplay_PC
	0_baseANimBP_C /Game/Maps/mainMenu.mainMenu:PersistentLevel.0_base_C_0.CharacterMesh0.0_baseANimBP_C_0
	Function /Game/InfinityBladeWarriors/animations/0_baseANimBP.0_baseANimBP_C:ExecuteUbergraph_0_baseANimBP:01E4
[2018.03.01-19.34.32:316][  7]LogScript: Warning: Script call stack:
	Function /Game/InfinityBladeWarriors/animations/0_baseANimBP.0_baseANimBP_C:BlueprintUpdateAnimation
	Function /Game/InfinityBladeWarriors/animations/0_baseANimBP.0_baseANimBP_C:ExecuteUbergraph_0_baseANimBP

[2018.03.01-19.34.32:316][  7]LogScript: Warning: Accessed None trying to read property K2Node_DynamicCast_AsGameplay_PC
	0_baseANimBP_C /Game/Maps/mainMenu.mainMenu:PersistentLevel.0_base_C_0.CharacterMesh0.0_baseANimBP_C_0
	Function /Game/InfinityBladeWarriors/animations/0_baseANimBP.0_baseANimBP_C:ExecuteUbergraph_0_baseANimBP:027E
[2018.03.01-19.34.32:316][  7]LogScript: Warning: Script call stack:
	Function /Game/InfinityBladeWarriors/animations/0_baseANimBP.0_baseANimBP_C:BlueprintUpdateAnimation
	Function /Game/InfinityBladeWarriors/animations/0_baseANimBP.0_baseANimBP_C:ExecuteUbergraph_0_baseANimBP

[2018.03.01-19.34.32:331][  8]LogScript: Warning: Accessed None trying to read property K2Node_DynamicCast_AsGameplay_PC
	0_baseANimBP_C /Game/Maps/mainMenu.mainMenu:PersistentLevel.0_base_C_0.CharacterMesh0.0_baseANimBP_C_0
	Function /Game/InfinityBladeWarriors/animations/0_baseANimBP.0_baseANimBP_C:ExecuteUbergraph_0_baseANimBP:01E4
[2018.03.01-19.34.32:331][  8]LogScript: Warning: Script call stack:
	Function /Game/InfinityBladeWarriors/animations/0_baseANimBP.0_baseANimBP_C:BlueprintUpdateAnimation
	Function /Game/InfinityBladeWarriors/animations/0_baseANimBP.0_baseANimBP_C:ExecuteUbergraph_0_baseANimBP

[2018.03.01-19.38.56:398][379]LogActor: Warning: 0_base_C_0 is outside the world bounds!
[2018.03.01-20.06.02:896][214]Closing by request
[2018.03.01-20.06.02:896][214]LogWindows: FPlatformMisc::RequestExit(0)
[2018.03.01-20.06.03:294][215]LogExit: Preparing to exit.
[2018.03.01-20.06.03:294][215]LogMoviePlayer: Shutting down movie player
[2018.03.01-20.06.03:330][215]LogExit: Game engine shut down
[2018.03.01-20.06.03:387][215]LogExit: Object subsystem successfully closed.
[2018.03.01-20.06.03:397][215]LogD3D11RHI: Shutdown
[2018.03.01-20.06.03:397][215]LogD3D11RHI: CleanupD3DDevice
[2018.03.01-20.06.03:399][215]LogD3D11RHI: ~FD3D11DynamicRHI
[2018.03.01-20.06.03:404][215]LogModuleManager: Shutting down and abandoning module SequenceRecorderSections (316)
[2018.03.01-20.06.03:404][215]LogModuleManager: Shutting down and abandoning module SequenceRecorder (314)
[2018.03.01-20.06.03:404][215]LogModuleManager: Shutting down and abandoning module AutomationController (312)
[2018.03.01-20.06.03:404][215]LogModuleManager: Shutting down and abandoning module AutomationWorker (310)
[2018.03.01-20.06.03:404][215]LogModuleManager: Shutting down and abandoning module Voice (308)
[2018.03.01-20.06.03:404][215]LogModuleManager: Shutting down and abandoning module AIModule (306)
[2018.03.01-20.06.03:404][215]LogModuleManager: Shutting down and abandoning module GameplayDebugger (305)
[2018.03.01-20.06.03:440][215]LogModuleManager: Shutting down and abandoning module AITestSuite (303)
[2018.03.01-20.06.03:440][215]LogModuleManager: Shutting down and abandoning module WmfMediaFactory (300)
[2018.03.01-20.06.03:440][215]LogModuleManager: Shutting down and abandoning module OpenExrWrapper (298)
[2018.03.01-20.06.03:440][215]LogModuleManager: Shutting down and abandoning module ImgMediaFactory (296)
[2018.03.01-20.06.03:440][215]LogModuleManager: Shutting down and abandoning module AvfMediaFactory (294)
[2018.03.01-20.06.03:440][215]LogModuleManager: Shutting down and abandoning module CharacterAI (292)
[2018.03.01-20.06.03:440][215]LogModuleManager: Shutting down and abandoning module SessionServices (290)
[2018.03.01-20.06.03:440][215]LogModuleManager: Shutting down and abandoning module MovieSceneCapture (288)
[2018.03.01-20.06.03:440][215]LogModuleManager: Shutting down and abandoning module MovieSceneTracks (286)
[2018.03.01-20.06.03:440][215]LogModuleManager: Shutting down and abandoning module MovieScene (284)
[2018.03.01-20.06.03:440][215]LogModuleManager: Shutting down and abandoning module GeometryCache (282)
[2018.03.01-20.06.03:440][215]LogModuleManager: Shutting down and abandoning module GeometryCacheEd (281)
[2018.03.01-20.06.03:440][215]LogModuleManager: Shutting down and abandoning module StreamingPauseRendering (278)
[2018.03.01-20.06.03:440][215]LogModuleManager: Shutting down and abandoning module PortalServices (276)
[2018.03.01-20.06.03:440][215]LogModuleManager: Shutting down and abandoning module PortalRpc (274)
[2018.03.01-20.06.03:440][215]LogModuleManager: Shutting down and abandoning module MessagingRpc (272)
[2018.03.01-20.06.03:440][215]LogModuleManager: Shutting down and abandoning module ProfilerService (270)
[2018.03.01-20.06.03:603][215]LogModuleManager: Shutting down and abandoning module TaskGraph (268)
[2018.03.01-20.06.03:603][215]LogModuleManager: Shutting down and abandoning module SteamVRController (266)
[2018.03.01-20.06.03:603][215]LogModuleManager: Shutting down and abandoning module ProceduralMeshComponent (264)
[2018.03.01-20.06.03:603][215]LogModuleManager: Shutting down and abandoning module OculusInput (262)
[2018.03.01-20.06.03:603][215]LogModuleManager: Shutting down and abandoning module MobilePatchingUtils (260)
[2018.03.01-20.06.03:603][215]LogModuleManager: Shutting down and abandoning module CustomMeshComponent (258)
[2018.03.01-20.06.03:603][215]LogModuleManager: Shutting down and abandoning module CableComponent (256)
[2018.03.01-20.06.03:603][215]LogModuleManager: Shutting down and abandoning module ArchVisCharacter (254)
[2018.03.01-20.06.03:603][215]LogModuleManager: Shutting down and abandoning module AndroidPermission (252)
[2018.03.01-20.06.03:603][215]LogModuleManager: Shutting down and abandoning module ActorSequence (250)
[2018.03.01-20.06.03:603][215]LogModuleManager: Shutting down and abandoning module MediaCompositing (248)
[2018.03.01-20.06.03:603][215]LogModuleManager: Shutting down and abandoning module HTML5Networking (246)
[2018.03.01-20.06.03:603][215]LogModuleManager: Shutting down and abandoning module VisualStudioSourceCodeAccess (244)
[2018.03.01-20.06.03:603][215]LogModuleManager: Shutting down and abandoning module HotReload (243)
[2018.03.01-20.06.03:603][215]LogModuleManager: Shutting down and abandoning module VisualStudioCodeSourceCodeAccess (240)
[2018.03.01-20.06.03:603][215]LogModuleManager: Shutting down and abandoning module UObjectPlugin (238)
[2018.03.01-20.06.03:603][215]LogModuleManager: Shutting down and abandoning module SubversionSourceControl (236)
[2018.03.01-20.06.03:603][215]LogModuleManager: Shutting down and abandoning module PerforceSourceControl (234)
[2018.03.01-20.06.03:603][215]LogModuleManager: Shutting down and abandoning module SourceControl (233)
[2018.03.01-20.06.03:603][215]LogModuleManager: Shutting down and abandoning module RuntimePhysXCooking (230)
[2018.03.01-20.06.03:603][215]LogModuleManager: Shutting down and abandoning module PhysXVehiclesEditor (228)
[2018.03.01-20.06.03:603][215]LogModuleManager: Shutting down and abandoning module PhysXVehicles (226)
[2018.03.01-20.06.03:603][215]LogModuleManager: Shutting down and abandoning module LocationServicesBPLibrary (224)
[2018.03.01-20.06.03:603][215]LogModuleManager: Shutting down and abandoning module ImmediatePhysicsEditor (222)
[2018.03.01-20.06.03:603][215]LogModuleManager: Shutting down and abandoning module ImmediatePhysics (220)
[2018.03.01-20.06.03:603][215]LogModuleManager: Shutting down and abandoning module UdpMessaging (218)
[2018.03.01-20.06.03:603][215]LogModuleManager: Shutting down and abandoning module TcpMessaging (216)
[2018.03.01-20.06.03:603][215]LogModuleManager: Shutting down and abandoning module GameplayTagsEditor (214)
[2018.03.01-20.06.03:603][215]LogModuleManager: Shutting down and abandoning module FacialAnimation (212)
[2018.03.01-20.06.03:603][215]LogModuleManager: Shutting down and abandoning module AssetManagerEditor (210)
[2018.03.01-20.06.03:603][215]LogModuleManager: Shutting down and abandoning module GraphEditor (209)
[2018.03.01-20.06.03:603][215]LogModuleManager: Shutting down and abandoning module ContentBrowser (207)
[2018.03.01-20.06.03:603][215]LogModuleManager: Shutting down and abandoning module CollectionManager (206)
[2018.03.01-20.06.03:604][215]LogDirectoryWatcher: A directory notification for 'D:/UE4/newSteamTest/steam/Content/Collections/' was aborted.
[2018.03.01-20.06.03:604][215]LogDirectoryWatcher: A directory notification for 'D:/UE4/newSteamTest/steam/Content/Developers/IanCalvert/Collections/' was aborted.
[2018.03.01-20.06.03:604][215]LogDirectoryWatcher: A directory notification for 'D:/UE4/newSteamTest/steam/Saved/Collections/' was aborted.
[2018.03.01-20.06.03:604][215]LogModuleManager: Shutting down and abandoning module DirectoryWatcher (205)
[2018.03.01-20.06.03:604][215]LogModuleManager: Shutting down and abandoning module LightPropagationVolumeRuntime (200)
[2018.03.01-20.06.03:604][215]LogModuleManager: Shutting down and abandoning module Paper2D (198)
[2018.03.01-20.06.03:604][215]LogModuleManager: Shutting down and abandoning module WindowsMoviePlayer (196)
[2018.03.01-20.06.03:604][215]LogModuleManager: Shutting down and abandoning module WmfMedia (194)
[2018.03.01-20.06.03:605][215]LogModuleManager: Shutting down and abandoning module ImgMedia (192)
[2018.03.01-20.06.03:605][215]LogModuleManager: Shutting down and abandoning module PacketHandler (190)
[2018.03.01-20.06.03:605][215]LogModuleManager: Shutting down and abandoning module ClothingSystemEditor (188)
[2018.03.01-20.06.03:605][215]LogModuleManager: Shutting down and abandoning module ClothingSystemRuntime (186)
[2018.03.01-20.06.03:605][215]LogModuleManager: Shutting down and abandoning module MediaAssets (184)
[2018.03.01-20.06.03:605][215]LogModuleManager: Shutting down and abandoning module Media (183)
[2018.03.01-20.06.03:610][215]LogModuleManager: Shutting down and abandoning module Overlay (180)
[2018.03.01-20.06.03:610][215]LogModuleManager: Shutting down and abandoning module OverlayEditor (179)
[2018.03.01-20.06.03:610][215]LogModuleManager: Shutting down and abandoning module VREditor (176)
[2018.03.01-20.06.03:610][215]LogModuleManager: Shutting down and abandoning module StringTableEditor (174)
[2018.03.01-20.06.03:610][215]LogModuleManager: Shutting down and abandoning module GameplayTasksEditor (172)
[2018.03.01-20.06.03:610][215]LogModuleManager: Shutting down and abandoning module BehaviorTreeEditor (170)
[2018.03.01-20.06.03:610][215]LogModuleManager: Shutting down and abandoning module FunctionalTesting (168)
[2018.03.01-20.06.03:611][215]LogModuleManager: Shutting down and abandoning module CollisionAnalyzer (166)
[2018.03.01-20.06.03:611][215]LogModuleManager: Shutting down and abandoning module WorkspaceMenuStructure (165)
[2018.03.01-20.06.03:611][215]LogModuleManager: Shutting down and abandoning module UMG (162)
[2018.03.01-20.06.03:611][215]LogModuleManager: Shutting down and abandoning module UMGEditor (161)
[2018.03.01-20.06.03:611][215]LogModuleManager: Shutting down and abandoning module Sequencer (160)
[2018.03.01-20.06.03:611][215]LogModuleManager: Shutting down and abandoning module MessageLog (157)
[2018.03.01-20.06.03:611][215]LogModuleManager: Shutting down and abandoning module SlateReflector (152)
[2018.03.01-20.06.03:611][215]LogModuleManager: Shutting down and abandoning module Slate (150)
[2018.03.01-20.06.03:611][215]LogModuleManager: Shutting down and abandoning module EditorStyle (148)
[2018.03.01-20.06.03:612][215]LogModuleManager: Shutting down and abandoning module MRMesh (146)
[2018.03.01-20.06.03:612][215]LogModuleManager: Shutting down and abandoning module Messaging (144)
[2018.03.01-20.06.03:612][215]LogModuleManager: Shutting down and abandoning module SourceCodeAccess (142)
[2018.03.01-20.06.03:612][215]LogModuleManager: Shutting down and abandoning module HeadMountedDisplay (140)
[2018.03.01-20.06.03:612][215]LogModuleManager: Shutting down and abandoning module XAudio2 (138)
[2018.03.01-20.06.03:612][215]LogModuleManager: Shutting down and abandoning module Networking (136)
[2018.03.01-20.06.03:612][215]LogModuleManager: Shutting down and abandoning module Core (134)
[2018.03.01-20.06.03:612][215]LogModuleManager: Shutting down and abandoning module LevelSequence (132)
[2018.03.01-20.06.03:612][215]LogModuleManager: Shutting down and abandoning module KismetCompiler (130)
[2018.03.01-20.06.03:612][215]LogModuleManager: Shutting down and abandoning module MeshUtilities (128)
[2018.03.01-20.06.03:612][215]LogModuleManager: Shutting down and abandoning module MeshMergeUtilities (127)
[2018.03.01-20.06.03:612][215]LogModuleManager: Shutting down and abandoning module MeshReductionInterface (126)
[2018.03.01-20.06.03:612][215]LogModuleManager: Shutting down and abandoning module SimplygonSwarm (125)
[2018.03.01-20.06.03:612][215]LogModuleManager: Shutting down and abandoning module SimplygonMeshReduction (123)
[2018.03.01-20.06.03:612][215]LogModuleManager: Shutting down and abandoning module QuadricMeshReduction (121)
[2018.03.01-20.06.03:612][215]LogModuleManager: Shutting down and abandoning module MaterialBaking (117)
[2018.03.01-20.06.03:612][215]LogModuleManager: Shutting down and abandoning module DerivedDataCache (112)
[2018.03.01-20.06.03:709][215]LogDerivedDataCache: Shutdown
[2018.03.01-20.06.03:709][215]LogModuleManager: Shutting down and abandoning module TargetPlatform (110)
[2018.03.01-20.06.03:709][215]LogModuleManager: Shutting down and abandoning module VulkanShaderFormat (109)
[2018.03.01-20.06.03:709][215]LogModuleManager: Shutting down and abandoning module ShaderFormatVectorVM (107)
[2018.03.01-20.06.03:709][215]LogModuleManager: Shutting down and abandoning module ShaderFormatOpenGL (105)
[2018.03.01-20.06.03:709][215]LogModuleManager: Shutting down and abandoning module ShaderFormatD3D (103)
[2018.03.01-20.06.03:709][215]LogModuleManager: Shutting down and abandoning module MetalShaderFormat (101)
[2018.03.01-20.06.03:709][215]LogModuleManager: Shutting down and abandoning module TextureFormatUncompressed (99)
[2018.03.01-20.06.03:709][215]LogModuleManager: Shutting down and abandoning module TextureFormatPVR (97)
[2018.03.01-20.06.03:709][215]LogModuleManager: Shutting down and abandoning module TextureFormatDXT (95)
[2018.03.01-20.06.03:709][215]LogModuleManager: Shutting down and abandoning module TextureFormatIntelISPCTexComp (93)
[2018.03.01-20.06.03:709][215]LogModuleManager: Shutting down and abandoning module TextureFormatASTC (91)
[2018.03.01-20.06.03:709][215]LogModuleManager: Shutting down and abandoning module ImageWrapper (90)
[2018.03.01-20.06.03:709][215]LogModuleManager: Shutting down and abandoning module TextureFormatAndroid (87)
[2018.03.01-20.06.03:709][215]LogModuleManager: Shutting down and abandoning module AudioFormatOpus (85)
[2018.03.01-20.06.03:709][215]LogModuleManager: Shutting down and abandoning module AudioFormatOgg (83)
[2018.03.01-20.06.03:709][215]LogModuleManager: Shutting down and abandoning module AudioFormatADPCM (81)
[2018.03.01-20.06.03:709][215]LogModuleManager: Shutting down and abandoning module WindowsTargetPlatform (79)
[2018.03.01-20.06.03:709][215]LogModuleManager: Shutting down and abandoning module WindowsServerTargetPlatform (77)
[2018.03.01-20.06.03:709][215]LogModuleManager: Shutting down and abandoning module WindowsNoEditorTargetPlatform (75)
[2018.03.01-20.06.03:709][215]LogModuleManager: Shutting down and abandoning module WindowsClientTargetPlatform (73)
[2018.03.01-20.06.03:709][215]LogModuleManager: Shutting down and abandoning module InputCore (70)
[2018.03.01-20.06.03:709][215]LogModuleManager: Shutting down and abandoning module Settings (68)
[2018.03.01-20.06.03:709][215]LogModuleManager: Shutting down and abandoning module PhysXCooking (66)
[2018.03.01-20.06.03:709][215]LogModuleManager: Shutting down and abandoning module SteamVR (64)
[2018.03.01-20.06.03:709][215]LogModuleManager: Shutting down and abandoning module OculusHMD (62)
[2018.03.01-20.06.03:709][215]LogModuleManager: Shutting down and abandoning module ExampleDeviceProfileSelector (60)
[2018.03.01-20.06.03:709][215]LogModuleManager: Shutting down and abandoning module AppleARKit (58)
[2018.03.01-20.06.03:709][215]LogModuleManager: Shutting down and abandoning module AugmentedReality (57)
[2018.03.01-20.06.03:709][215]LogModuleManager: Shutting down and abandoning module OnlineBlueprintSupport (54)
[2018.03.01-20.06.03:709][215]LogModuleManager: Shutting down and abandoning module OnlineSubsystem (50)
[2018.03.01-20.06.03:709][215]LogOnline: Display: OSS: FOnlineSubsystemNull::Shutdown()
[2018.03.01-20.06.03:709][215]LogOnline: Display: OSS: FOnlineAsyncTaskManager::Stop() ActiveTask:0000000000000000 Tasks[0/0]
[2018.03.01-20.06.03:710][215]LogOnline: Display: OSS: FOnlineAsyncTaskManager::Exit() started
[2018.03.01-20.06.03:710][215]LogOnline: Display: OSS: FOnlineAsyncTaskManager::Exit() finished
[2018.03.01-20.06.03:710][215]LogModuleManager: Shutting down and abandoning module XMPP (43)
[2018.03.01-20.06.03:710][215]LogModuleManager: Shutting down and abandoning module HTTP (41)
[2018.03.01-20.06.03:743][215]LogModuleManager: Shutting down and abandoning module SSL (40)
[2018.03.01-20.06.03:744][215]LogModuleManager: Shutting down and abandoning module AnimationModifiers (36)
[2018.03.01-20.06.03:744][215]LogModuleManager: Shutting down and abandoning module PropertyEditor (35)
[2018.03.01-20.06.03:744][215]LogModuleManager: Shutting down and abandoning module AudioEditor (32)
[2018.03.01-20.06.03:744][215]LogModuleManager: Shutting down and abandoning module TextureCompressor (30)
[2018.03.01-20.06.03:744][215]LogModuleManager: Shutting down and abandoning module ShaderCore (28)
[2018.03.01-20.06.03:744][215]LogModuleManager: Shutting down and abandoning module Landscape (26)
[2018.03.01-20.06.03:744][215]LogModuleManager: Shutting down and abandoning module SlateRHIRenderer (24)
[2018.03.01-20.06.03:745][215]LogModuleManager: Shutting down and abandoning module OpenGLDrv (22)
[2018.03.01-20.06.03:745][215]LogModuleManager: Shutting down and abandoning module D3D11RHI (20)
[2018.03.01-20.06.03:745][215]LogModuleManager: Shutting down and abandoning module AnimGraphRuntime (18)
[2018.03.01-20.06.03:745][215]LogModuleManager: Shutting down and abandoning module Renderer (16)
[2018.03.01-20.06.03:745][215]LogModuleManager: Shutting down and abandoning module Engine (14)
[2018.03.01-20.06.03:745][215]LogModuleManager: Shutting down and abandoning module CoreUObject (12)
[2018.03.01-20.06.03:745][215]LogModuleManager: Shutting down and abandoning module NetworkFile (10)
[2018.03.01-20.06.03:745][215]LogModuleManager: Shutting down and abandoning module CookedIterativeFile (8)
[2018.03.01-20.06.03:745][215]LogModuleManager: Shutting down and abandoning module StreamingFile (6)
[2018.03.01-20.06.03:745][215]LogModuleManager: Shutting down and abandoning module SandboxFile (4)
[2018.03.01-20.06.03:745][215]LogModuleManager: Shutting down and abandoning module PakFile (2)
[2018.03.01-20.06.03:747][215]LogExit: Exiting.
[2018.03.01-20.06.03:749][215]Log file closed, 03/01/18 12:06:03
