Log file open, 03/22/18 11:58:22
LogWindows: Failed to load 'aqProf.dll' (GetLastError=126)
LogWindows: File 'aqProf.dll' does not exist
LogWindows: Failed to load 'VSPerf140.dll' (GetLastError=126)
LogWindows: File 'VSPerf140.dll' does not exist
LogWindows: Failed to load 'VtuneApi.dll' (GetLastError=126)
LogWindows: File 'VtuneApi.dll' does not exist
LogWindows: Failed to load 'VtuneApi32e.dll' (GetLastError=126)
LogWindows: File 'VtuneApi32e.dll' does not exist
LogInit: Display: Running engine for game: MyProject12
LogPlatformFile: Not using cached read wrapper
LogInit: Display: RandInit(-280634174) SRandInit(-280634174).
LogInit: Read version file with build ID '3709383'
LogInit: Overriding engine version to CL 3794801, compatible CL 3709383
LogInit: Registered custom module enumerator with build ID '3709383'
LogTaskGraph: Started task graph with 5 named threads and 14 total threads with 3 sets of task threads.
LogStats: Stats thread started at 0.163691
LogD3D11RHI: Aftermath initialized
LogModuleManager: Display: Found up-to-date module file ../../../Engine/Plugins/Online/OnlineSubsystemSteam/Binaries/Win64/UE4Editor-OnlineSubsystemSteam.dll (API version 3709383).
LogModuleManager: Display: Found up-to-date module file ../../../Engine/Plugins/Online/OnlineSubsystem/Binaries/Win64/UE4Editor-OnlineSubsystem.dll (API version 3709383).
LogModuleManager: Display: Found up-to-date module file ../../../Engine/Plugins/Online/OnlineSubsystemUtils/Binaries/Win64/UE4Editor-OnlineSubsystemUtils.dll (API version 3709383).
LogModuleManager: Display: Found up-to-date module file ../../../Engine/Plugins/Online/OnlineSubsystemUtils/Binaries/Win64/UE4Editor-OnlineBlueprintSupport.dll (API version 3709383).
LogModuleManager: Display: Found up-to-date module file ../../../Engine/Plugins/2D/Paper2D/Binaries/Win64/UE4Editor-Paper2D.dll (API version 3709383).
LogModuleManager: Display: Found up-to-date module file ../../../Engine/Plugins/2D/Paper2D/Binaries/Win64/UE4Editor-Paper2DEditor.dll (API version 3709383).
LogModuleManager: Display: Found up-to-date module file ../../../Engine/Plugins/2D/Paper2D/Binaries/Win64/UE4Editor-PaperSpriteSheetImporter.dll (API version 3709383).
LogModuleManager: Display: Found up-to-date module file ../../../Engine/Plugins/2D/Paper2D/Binaries/Win64/UE4Editor-PaperTiledImporter.dll (API version 3709383).
LogModuleManager: Display: Found up-to-date module file ../../../Engine/Plugins/2D/Paper2D/Binaries/Win64/UE4Editor-SmartSnapping.dll (API version 3709383).
LogModuleManager: Display: Found up-to-date module file ../../../Engine/Plugins/Blendables/LightPropagationVolume/Binaries/Win64/UE4Editor-LightPropagationVolumeRuntime.dll (API version 3709383).
LogModuleManager: Display: Found up-to-date module file ../../../Engine/Plugins/Blendables/LightPropagationVolume/Binaries/Win64/UE4Editor-LightPropagationVolumeEditor.dll (API version 3709383).
LogModuleManager: Display: Found up-to-date module file ../../../Engine/Plugins/Developer/GitSourceControl/Binaries/Win64/UE4Editor-GitSourceControl.dll (API version 3709383).
LogModuleManager: Display: Found up-to-date module file ../../../Engine/Plugins/Developer/PerforceSourceControl/Binaries/Win64/UE4Editor-PerforceSourceControl.dll (API version 3709383).
LogModuleManager: Display: Found up-to-date module file ../../../Engine/Plugins/Developer/SubversionSourceControl/Binaries/Win64/UE4Editor-SubversionSourceControl.dll (API version 3709383).
LogModuleManager: Display: Found up-to-date module file ../../../Engine/Plugins/Developer/UObjectPlugin/Binaries/Win64/UE4Editor-UObjectPlugin.dll (API version 3709383).
LogModuleManager: Display: Found up-to-date module file ../../../Engine/Plugins/Developer/VisualStudioCodeSourceCodeAccess/Binaries/Win64/UE4Editor-VisualStudioCodeSourceCodeAccess.dll (API version 3709383).
LogModuleManager: Display: Found up-to-date module file ../../../Engine/Plugins/Developer/VisualStudioSourceCodeAccess/Binaries/Win64/UE4Editor-VisualStudioSourceCodeAccess.dll (API version 3709383).
LogModuleManager: Display: Found up-to-date module file ../../../Engine/Plugins/Editor/AssetManagerEditor/Binaries/Win64/UE4Editor-AssetManagerEditor.dll (API version 3709383).
LogModuleManager: Display: Found up-to-date module file ../../../Engine/Plugins/Editor/AudioCapture/Binaries/Win64/UE4Editor-AudioCapture.dll (API version 3709383).
LogModuleManager: Display: Found up-to-date module file ../../../Engine/Plugins/Editor/FacialAnimation/Binaries/Win64/UE4Editor-FacialAnimation.dll (API version 3709383).
LogModuleManager: Display: Found up-to-date module file ../../../Engine/Plugins/Editor/FacialAnimation/Binaries/Win64/UE4Editor-FacialAnimationEditor.dll (API version 3709383).
LogModuleManager: Display: Found up-to-date module file ../../../Engine/Plugins/Editor/GameplayTagsEditor/Binaries/Win64/UE4Editor-GameplayTagsEditor.dll (API version 3709383).
LogModuleManager: Display: Found up-to-date module file ../../../Engine/Plugins/Editor/MobileLauncherProfileWizard/Binaries/Win64/UE4Editor-MobileLauncherProfileWizard.dll (API version 3709383).
LogModuleManager: Display: Found up-to-date module file ../../../Engine/Plugins/Editor/PluginBrowser/Binaries/Win64/UE4Editor-PluginBrowser.dll (API version 3709383).
LogModuleManager: Display: Found up-to-date module file ../../../Engine/Plugins/Editor/SpeedTreeImporter/Binaries/Win64/UE4Editor-SpeedTreeImporter.dll (API version 3709383).
LogModuleManager: Display: Found up-to-date module file ../../../Engine/Plugins/Experimental/AlembicImporter/Binaries/Win64/UE4Editor-AlembicImporter.dll (API version 3709383).
LogModuleManager: Display: Found up-to-date module file ../../../Engine/Plugins/Experimental/AlembicImporter/Binaries/Win64/UE4Editor-AlembicLibrary.dll (API version 3709383).
LogModuleManager: Display: Found up-to-date module file ../../../Engine/Plugins/Experimental/CharacterAI/Binaries/Win64/UE4Editor-CharacterAI.dll (API version 3709383).
LogModuleManager: Display: Found up-to-date module file ../../../Engine/Plugins/Experimental/HTML5Networking/Binaries/Win64/UE4Editor-HTML5Networking.dll (API version 3709383).
LogModuleManager: Display: Found up-to-date module file ../../../Engine/Plugins/Media/AndroidMedia/Binaries/Win64/UE4Editor-AndroidMediaEditor.dll (API version 3709383).
LogModuleManager: Display: Found up-to-date module file ../../../Engine/Plugins/Media/AndroidMedia/Binaries/Win64/UE4Editor-AndroidMediaFactory.dll (API version 3709383).
LogModuleManager: Display: Found up-to-date module file ../../../Engine/Plugins/Media/AvfMedia/Binaries/Win64/UE4Editor-AvfMediaEditor.dll (API version 3709383).
LogModuleManager: Display: Found up-to-date module file ../../../Engine/Plugins/Media/AvfMedia/Binaries/Win64/UE4Editor-AvfMediaFactory.dll (API version 3709383).
LogModuleManager: Display: Found up-to-date module file ../../../Engine/Plugins/Media/AvfMedia/Binaries/Win64/UE4Editor-AvfMediaFactory.dll (API version 3709383).
LogModuleManager: Display: Found up-to-date module file ../../../Engine/Plugins/Media/ImgMedia/Binaries/Win64/UE4Editor-ImgMedia.dll (API version 3709383).
LogModuleManager: Display: Found up-to-date module file ../../../Engine/Plugins/Media/ImgMedia/Binaries/Win64/UE4Editor-ImgMediaEditor.dll (API version 3709383).
LogModuleManager: Display: Found up-to-date module file ../../../Engine/Plugins/Media/ImgMedia/Binaries/Win64/UE4Editor-ImgMediaFactory.dll (API version 3709383).
LogModuleManager: Display: Found up-to-date module file ../../../Engine/Plugins/Media/ImgMedia/Binaries/Win64/UE4Editor-ImgMediaFactory.dll (API version 3709383).
LogModuleManager: Display: Found up-to-date module file ../../../Engine/Plugins/Media/ImgMedia/Binaries/Win64/UE4Editor-OpenExrWrapper.dll (API version 3709383).
LogModuleManager: Display: Found up-to-date module file ../../../Engine/Plugins/Media/MediaCompositing/Binaries/Win64/UE4Editor-MediaCompositing.dll (API version 3709383).
LogModuleManager: Display: Found up-to-date module file ../../../Engine/Plugins/Media/MediaCompositing/Binaries/Win64/UE4Editor-MediaCompositingEditor.dll (API version 3709383).
LogModuleManager: Display: Found up-to-date module file ../../../Engine/Plugins/Media/MediaPlayerEditor/Binaries/Win64/UE4Editor-MediaPlayerEditor.dll (API version 3709383).
LogModuleManager: Display: Found up-to-date module file ../../../Engine/Plugins/Media/WmfMedia/Binaries/Win64/UE4Editor-WmfMedia.dll (API version 3709383).
LogModuleManager: Display: Found up-to-date module file ../../../Engine/Plugins/Media/WmfMedia/Binaries/Win64/UE4Editor-WmfMediaEditor.dll (API version 3709383).
LogModuleManager: Display: Found up-to-date module file ../../../Engine/Plugins/Media/WmfMedia/Binaries/Win64/UE4Editor-WmfMediaFactory.dll (API version 3709383).
LogModuleManager: Display: Found up-to-date module file ../../../Engine/Plugins/Media/WmfMedia/Binaries/Win64/UE4Editor-WmfMediaFactory.dll (API version 3709383).
LogModuleManager: Display: Found up-to-date module file ../../../Engine/Plugins/Messaging/TcpMessaging/Binaries/Win64/UE4Editor-TcpMessaging.dll (API version 3709383).
LogModuleManager: Display: Found up-to-date module file ../../../Engine/Plugins/Messaging/UdpMessaging/Binaries/Win64/UE4Editor-UdpMessaging.dll (API version 3709383).
LogModuleManager: Display: Found up-to-date module file ../../../Engine/Plugins/MovieScene/ActorSequence/Binaries/Win64/UE4Editor-ActorSequence.dll (API version 3709383).
LogModuleManager: Display: Found up-to-date module file ../../../Engine/Plugins/MovieScene/LevelSequenceEditor/Binaries/Win64/UE4Editor-LevelSequenceEditor.dll (API version 3709383).
LogModuleManager: Display: Found up-to-date module file ../../../Engine/Plugins/MovieScene/MatineeToLevelSequence/Binaries/Win64/UE4Editor-MatineeToLevelSequence.dll (API version 3709383).
LogModuleManager: Display: Found up-to-date module file ../../../Engine/Plugins/Runtime/AndroidPermission/Binaries/Win64/UE4Editor-AndroidPermission.dll (API version 3709383).
LogModuleManager: Display: Found up-to-date module file ../../../Engine/Plugins/Online/OnlineSubsystemNull/Binaries/Win64/UE4Editor-OnlineSubsystemNull.dll (API version 3709383).
LogModuleManager: Display: Found up-to-date module file ../../../Engine/Plugins/Runtime/AndroidDeviceProfileSelector/Binaries/Win64/UE4Editor-AndroidDeviceProfileSelector.dll (API version 3709383).
LogModuleManager: Display: Found up-to-date module file ../../../Engine/Plugins/Runtime/AppleARKit/Binaries/Win64/UE4Editor-AppleARKit.dll (API version 3709383).
LogModuleManager: Display: Found up-to-date module file ../../../Engine/Plugins/Runtime/ArchVisCharacter/Binaries/Win64/UE4Editor-ArchVisCharacter.dll (API version 3709383).
LogModuleManager: Display: Found up-to-date module file ../../../Engine/Plugins/Runtime/CableComponent/Binaries/Win64/UE4Editor-CableComponent.dll (API version 3709383).
LogModuleManager: Display: Found up-to-date module file ../../../Engine/Plugins/Runtime/CustomMeshComponent/Binaries/Win64/UE4Editor-CustomMeshComponent.dll (API version 3709383).
LogModuleManager: Display: Found up-to-date module file ../../../Engine/Plugins/Runtime/ExampleDeviceProfileSelector/Binaries/Win64/UE4Editor-ExampleDeviceProfileSelector.dll (API version 3709383).
LogModuleManager: Display: Found up-to-date module file ../../../Engine/Plugins/Runtime/ImmediatePhysics/Binaries/Win64/UE4Editor-ImmediatePhysics.dll (API version 3709383).
LogModuleManager: Display: Found up-to-date module file ../../../Engine/Plugins/Runtime/ImmediatePhysics/Binaries/Win64/UE4Editor-ImmediatePhysicsEditor.dll (API version 3709383).
LogModuleManager: Display: Found up-to-date module file ../../../Engine/Plugins/Runtime/LocationServicesBPLibrary/Binaries/Win64/UE4Editor-LocationServicesBPLibrary.dll (API version 3709383).
LogModuleManager: Display: Found up-to-date module file ../../../Engine/Plugins/Runtime/MobilePatchingUtils/Binaries/Win64/UE4Editor-MobilePatchingUtils.dll (API version 3709383).
LogModuleManager: Display: Found up-to-date module file ../../../Engine/Plugins/Runtime/Oculus/OculusVR/Binaries/Win64/UE4Editor-OculusHMD.dll (API version 3709383).
LogModuleManager: Display: Found up-to-date module file ../../../Engine/Plugins/Runtime/Oculus/OculusVR/Binaries/Win64/UE4Editor-OculusInput.dll (API version 3709383).
LogModuleManager: Display: Found up-to-date module file ../../../Engine/Plugins/Runtime/Oculus/OculusVR/Binaries/Win64/UE4Editor-OculusEditor.dll (API version 3709383).
LogModuleManager: Display: Found up-to-date module file ../../../Engine/Plugins/Runtime/PhysXVehicles/Binaries/Win64/UE4Editor-PhysXVehicles.dll (API version 3709383).
LogModuleManager: Display: Found up-to-date module file ../../../Engine/Plugins/Runtime/PhysXVehicles/Binaries/Win64/UE4Editor-PhysXVehiclesEditor.dll (API version 3709383).
LogModuleManager: Display: Found up-to-date module file ../../../Engine/Plugins/Runtime/ProceduralMeshComponent/Binaries/Win64/UE4Editor-ProceduralMeshComponent.dll (API version 3709383).
LogModuleManager: Display: Found up-to-date module file ../../../Engine/Plugins/Runtime/ProceduralMeshComponent/Binaries/Win64/UE4Editor-ProceduralMeshComponentEditor.dll (API version 3709383).
LogModuleManager: Display: Found up-to-date module file ../../../Engine/Plugins/Runtime/RuntimePhysXCooking/Binaries/Win64/UE4Editor-RuntimePhysXCooking.dll (API version 3709383).
LogModuleManager: Display: Found up-to-date module file ../../../Engine/Plugins/Runtime/Steam/SteamVR/Binaries/Win64/UE4Editor-SteamVR.dll (API version 3709383).
LogModuleManager: Display: Found up-to-date module file ../../../Engine/Plugins/Runtime/Steam/SteamVR/Binaries/Win64/UE4Editor-SteamVRController.dll (API version 3709383).
LogModuleManager: Display: Found up-to-date module file ../../../Engine/Plugins/Runtime/WindowsMoviePlayer/Binaries/Win64/UE4Editor-WindowsMoviePlayer.dll (API version 3709383).
LogPluginManager: Mounting plugin Paper2D
LogPluginManager: Mounting plugin LightPropagationVolume
LogPluginManager: Mounting plugin CodeLiteSourceCodeAccess
LogPluginManager: Mounting plugin GitSourceControl
LogPluginManager: Mounting plugin KDevelopSourceCodeAccess
LogPluginManager: Mounting plugin NullSourceCodeAccess
LogPluginManager: Mounting plugin PerforceSourceControl
LogPluginManager: Mounting plugin SubversionSourceControl
LogPluginManager: Mounting plugin UObjectPlugin
LogPluginManager: Mounting plugin VisualStudioCodeSourceCodeAccess
LogPluginManager: Mounting plugin VisualStudioSourceCodeAccess
LogPluginManager: Mounting plugin XCodeSourceCodeAccess
LogPluginManager: Mounting plugin AssetManagerEditor
LogPluginManager: Mounting plugin AudioCapture
LogPluginManager: Mounting plugin FacialAnimation
LogPluginManager: Mounting plugin GameplayTagsEditor
LogPluginManager: Mounting plugin MobileLauncherProfileWizard
LogPluginManager: Mounting plugin PluginBrowser
LogPluginManager: Mounting plugin SpeedTreeImporter
LogPluginManager: Mounting plugin AlembicImporter
LogPluginManager: Mounting plugin CharacterAI
LogPluginManager: Mounting plugin HTML5Networking
LogPluginManager: Mounting plugin AndroidMedia
LogPluginManager: Mounting plugin AvfMedia
LogPluginManager: Mounting plugin ImgMedia
LogPluginManager: Mounting plugin MediaCompositing
LogPluginManager: Mounting plugin MediaPlayerEditor
LogPluginManager: Mounting plugin WmfMedia
LogPluginManager: Mounting plugin TcpMessaging
LogPluginManager: Mounting plugin UdpMessaging
LogPluginManager: Mounting plugin ActorSequence
LogPluginManager: Mounting plugin LevelSequenceEditor
LogPluginManager: Mounting plugin MatineeToLevelSequence
LogPluginManager: Mounting plugin OnlineSubsystemGooglePlay
LogPluginManager: Mounting plugin OnlineSubsystemIOS
LogPluginManager: Mounting plugin OnlineSubsystem
LogPluginManager: Mounting plugin OnlineSubsystemNull
LogPluginManager: Mounting plugin OnlineSubsystemSteam
LogPluginManager: Mounting plugin OnlineSubsystemUtils
LogPluginManager: Mounting plugin AndroidDeviceProfileSelector
LogPluginManager: Mounting plugin AndroidMoviePlayer
LogPluginManager: Mounting plugin AndroidPermission
LogPluginManager: Mounting plugin AppleARKit
LogPluginManager: Mounting plugin AppleMoviePlayer
LogPluginManager: Mounting plugin ArchVisCharacter
LogPluginManager: Mounting plugin CableComponent
LogPluginManager: Mounting plugin CustomMeshComponent
LogPluginManager: Mounting plugin ExampleDeviceProfileSelector
LogPluginManager: Mounting plugin GoogleCloudMessaging
LogPluginManager: Mounting plugin ImmediatePhysics
LogPluginManager: Mounting plugin IOSDeviceProfileSelector
LogPluginManager: Mounting plugin LinuxDeviceProfileSelector
LogPluginManager: Mounting plugin LocationServicesBPLibrary
LogPluginManager: Mounting plugin MobilePatchingUtils
LogPluginManager: Mounting plugin OculusVR
LogPluginManager: Plugin shader directory ../../../Engine/Plugins/Runtime/Oculus/OculusVR/Shaders found
LogPluginManager: Mapping shader source directory ../../../Engine/Plugins/Runtime/Oculus/OculusVR/Shaders to virtual directory /Plugin/OculusVR
LogPluginManager: Mounting plugin PhysXVehicles
LogPluginManager: Mounting plugin ProceduralMeshComponent
LogPluginManager: Mounting plugin RuntimePhysXCooking
LogPluginManager: Mounting plugin SteamVR
LogPluginManager: Mounting plugin WindowsMoviePlayer
LogInit: Using libcurl 7.47.1
LogInit:  - built for x86_64-pc-win32
LogInit:  - supports SSL with OpenSSL/1.0.2g
LogInit:  - supports HTTP deflate (compression) using libz 1.2.8
LogInit:  - other features:
LogInit:      CURL_VERSION_SSL
LogInit:      CURL_VERSION_LIBZ
LogInit:      CURL_VERSION_IPV6
LogInit:      CURL_VERSION_ASYNCHDNS
LogInit:      CURL_VERSION_LARGEFILE
LogInit:      CURL_VERSION_IDN
LogInit:  CurlRequestOptions (configurable via config and command line):
LogInit:  - bVerifyPeer = false  - Libcurl will NOT verify peer certificate
LogInit:  - bUseHttpProxy = false  - Libcurl will NOT use HTTP proxy
LogInit:  - bDontReuseConnections = false  - Libcurl will reuse connections
LogInit:  - CertBundlePath = nullptr  - Libcurl will use whatever was configured at build time.
LogOnline: Display: STEAM: Loading Steam SDK 1.39
LogInit: WinSock: version 1.1 (2.2), MaxSocks=32767, MaxUdp=65467
LogInit: Build: ++UE4+Release-4.18-CL-3794801
LogInit: Engine Version: 4.18.2-3794801+++UE4+Release-4.18
LogInit: Compatible Engine Version: 4.18.0-3709383+++UE4+Release-4.18
LogInit: Net CL: 3709383
LogDevObjectVersion: Number of dev versions registered: 16
LogDevObjectVersion:   Dev-Blueprints (B0D832E4-1F89-4F0D-ACCF-7EB736FD4AA2): 10
LogDevObjectVersion:   Dev-Build (E1C64328-A22C-4D53-A36C-8E866417BD8C): 0
LogDevObjectVersion:   Dev-Core (375EC13C-06E4-48FB-B500-84F0262A717E): 2
LogDevObjectVersion:   Dev-Editor (E4B068ED-F494-42E9-A231-DA0B2E46BB41): 20
LogDevObjectVersion:   Dev-Framework (CFFC743F-43B0-4480-9391-14DF171D2073): 30
LogDevObjectVersion:   Dev-Mobile (B02B49B5-BB20-44E9-A304-32B752E40360): 0
LogDevObjectVersion:   Dev-Networking (A4E4105C-59A1-49B5-A7C5-40C4547EDFEE): 0
LogDevObjectVersion:   Dev-Online (39C831C9-5AE6-47DC-9A44-9C173E1C8E7C): 0
LogDevObjectVersion:   Dev-Physics (78F01B33-EBEA-4F98-B9B4-84EACCB95AA2): 0
LogDevObjectVersion:   Dev-Platform (6631380F-2D4D-43E0-8009-CF276956A95A): 0
LogDevObjectVersion:   Dev-Rendering (12F88B9F-8875-4AFC-A67C-D90C383ABD29): 20
LogDevObjectVersion:   Dev-Sequencer (7B5AE74C-D270-4C10-A958-57980B212A5A): 4
LogDevObjectVersion:   Dev-VR (D7296918-1DD6-4BDD-9DE2-64A83CC13884): 0
LogDevObjectVersion:   Dev-LoadTimes (C2A15278-BFE7-4AFE-6C17-90FF531DF755): 1
LogDevObjectVersion:   Private-Geometry (6EACA3D4-40EC-4CC1-B786-8BED09428FC5): 1
LogDevObjectVersion:   Dev-AnimPhys (29E575DD-E0A3-4627-9D10-D276232CDCEA): 12
LogInit: Compiled (64-bit): Dec  8 2017 02:04:53
LogInit: Compiled with Visual C++: 19.00.24215.01
LogInit: Build Configuration: Development
LogInit: Branch Name: ++UE4+Release-4.18
LogInit: Command line:  -game
LogInit: Base directory: D:/Programs/Epic Games/UE_4.18/Engine/Binaries/Win64/
LogInit: Installed Engine Build: 1
LogInit: Presizing for max 8388607 objects, including 0 objects not considered by GC, pre-allocating 0 bytes for permanent pool.
LogInit: Object subsystem initialized
[2018.03.22-18.58.24:065][  0]LogInit: Selected Device Profile: [Windows]
[2018.03.22-18.58.24:065][  0]LogInit: Applying CVar settings loaded from the selected device profile: [Windows]
[2018.03.22-18.58.24:077][  0]LogInit: Computer: DESKTOP-GML08TH
[2018.03.22-18.58.24:077][  0]LogInit: User: Energy
[2018.03.22-18.58.24:077][  0]LogInit: CPU Page size=4096, Cores=4
[2018.03.22-18.58.24:077][  0]LogInit: High frequency timer resolution =2.630641 MHz
[2018.03.22-18.58.24:077][  0]LogMemory: Memory total: Physical=11.9GB (12GB approx)
[2018.03.22-18.58.24:077][  0]LogMemory: Platform Memory Stats for Windows
[2018.03.22-18.58.24:077][  0]LogMemory: Process Physical Memory: 304.81 MB used, 304.81 MB peak
[2018.03.22-18.58.24:077][  0]LogMemory: Process Virtual Memory: 285.95 MB used, 285.95 MB peak
[2018.03.22-18.58.24:077][  0]LogMemory: Physical Memory: 6627.87 MB used,  5568.83 MB free, 12196.70 MB total
[2018.03.22-18.58.24:077][  0]LogMemory: Virtual Memory: 798.91 MB used,  5568.83 MB free, 134217728.00 MB total
[2018.03.22-18.58.24:191][  0]LogInit: Using OS detected language (en-US).
[2018.03.22-18.58.24:191][  0]LogInit: Using OS detected locale (en-US).
[2018.03.22-18.58.24:195][  0]LogTextLocalizationManager: No specific localization for 'en-US' exists, so the 'en' localization will be used.
[2018.03.22-18.58.24:646][  0]LogD3D11RHI: D3D11 adapters:
[2018.03.22-18.58.24:697][  0]LogD3D11RHI:    0. 'NVIDIA GeForce GTX 870M' (Feature Level 11_0)
[2018.03.22-18.58.24:697][  0]LogD3D11RHI:       3029/0/6098 MB DedicatedVideo/DedicatedSystem/SharedSystem, Outputs:1, VendorId:0x10de
[2018.03.22-18.58.24:704][  0]LogD3D11RHI:    1. 'Intel(R) HD Graphics 4600' (Feature Level 11_0)
[2018.03.22-18.58.24:704][  0]LogD3D11RHI:       112/0/2048 MB DedicatedVideo/DedicatedSystem/SharedSystem, Outputs:0, VendorId:0x8086
[2018.03.22-18.58.24:707][  0]LogD3D11RHI:    2. 'Microsoft Basic Render Driver' (Feature Level 11_0)
[2018.03.22-18.58.24:707][  0]LogD3D11RHI:       0/0/6098 MB DedicatedVideo/DedicatedSystem/SharedSystem, Outputs:0, VendorId:0x1414
[2018.03.22-18.58.24:707][  0]LogD3D11RHI: Chosen D3D11 Adapter: 0
[2018.03.22-18.58.24:714][  0]LogD3D11RHI: Creating new Direct3DDevice
[2018.03.22-18.58.24:715][  0]LogD3D11RHI:     GPU DeviceId: 0x1199 (for the marketing name, search the web for "GPU Device Id")
[2018.03.22-18.58.24:715][  0]LogWindows: EnumDisplayDevices:
[2018.03.22-18.58.24:715][  0]LogWindows:    0. 'Intel(R) HD Graphics 4600' (P:1 D:1)
[2018.03.22-18.58.24:715][  0]LogWindows:    1. 'Intel(R) HD Graphics 4600' (P:0 D:0)
[2018.03.22-18.58.24:715][  0]LogWindows:    2. 'Intel(R) HD Graphics 4600' (P:0 D:0)
[2018.03.22-18.58.24:715][  0]LogWindows:    3. 'NVIDIA GeForce GTX 870M' (P:0 D:0)
[2018.03.22-18.58.24:715][  0]LogWindows:    4. 'NVIDIA GeForce GTX 870M' (P:0 D:0)
[2018.03.22-18.58.24:715][  0]LogWindows:    5. 'NVIDIA GeForce GTX 870M' (P:0 D:0)
[2018.03.22-18.58.24:715][  0]LogWindows:    6. 'NVIDIA GeForce GTX 870M' (P:0 D:0)
[2018.03.22-18.58.24:715][  0]LogWindows: DebugString: GetVideoDriverDetailsInvalid PrimaryIsNotTheChoosenAdapter GetVideoDriverDetailsInvalid PrimaryIsNotTheChoosenAdapter GetVideoDriverDetailsInvalid PrimaryIsNotTheChoosenAdapter GetVideoDriverDetailsInvalid PrimaryIsNotTheChoosenAdapter GetVideoDriverDetailsInvalid PrimaryIsNotTheChoosenAdapter GetVideoDriverDetailsInvalid PrimaryIsNotTheChoosenAdapter GetVideoDriverDetailsInvalid PrimaryIsNotTheChoosenAdapter FoundDriverCount:0 
[2018.03.22-18.58.24:715][  0]LogD3D11RHI:     Adapter Name: NVIDIA GeForce GTX 870M
[2018.03.22-18.58.24:715][  0]LogD3D11RHI:   Driver Version: Unknown (internal:Unknown, unified:Unknown)
[2018.03.22-18.58.24:715][  0]LogD3D11RHI:      Driver Date: Unknown
[2018.03.22-18.58.24:715][  0]LogRHI: Texture pool is 2120 MB (70% of 3029 MB)
[2018.03.22-18.58.24:748][  0]LogD3D11RHI: Async texture creation enabled
[2018.03.22-18.58.24:810][  0]LogD3D11RHI: GPU Timing Frequency: 1000.000000 (Debug: 2 2)
[2018.03.22-18.58.24:810][  0]LogShaderCompilers: Guid format shader working directory is 19 characters bigger than the processId version (../../../../../../ue4/steam/Intermediate/Shaders/WorkingDirectory/10772/).
[2018.03.22-18.58.24:810][  0]LogShaderCompilers: Cleaned the shader compiler working directory 'C:/Users/Energy/AppData/Local/Temp/UnrealShaderWorkingDir/215B82E043AC7688FA251CBF7970B34F/'.
[2018.03.22-18.58.24:810][  0]LogShaderCompilers: Display: Using Local Shader Compiler.
[2018.03.22-18.58.25:763][  0]LogTemp: Display: Loaded TP WindowsClientTargetPlatform
[2018.03.22-18.58.25:802][  0]LogTemp: Display: Loaded TP WindowsNoEditorTargetPlatform
[2018.03.22-18.58.25:840][  0]LogTemp: Display: Loaded TP WindowsServerTargetPlatform
[2018.03.22-18.58.25:879][  0]LogTemp: Display: Loaded TP WindowsTargetPlatform
[2018.03.22-18.58.25:879][  0]LogTargetPlatformManager: Display: Building Assets For Windows
[2018.03.22-18.58.26:218][  0]LogDerivedDataCache: Display: Max Cache Size: 512 MB
[2018.03.22-18.58.26:284][  0]LogDerivedDataCache: Loaded boot cache 0.07s 77MB C:/Users/Energy/AppData/Local/UnrealEngine/4.18/DerivedDataCache/Boot.ddc.
[2018.03.22-18.58.26:284][  0]LogDerivedDataCache: Display: Loaded Boot cache: C:/Users/Energy/AppData/Local/UnrealEngine/4.18/DerivedDataCache/Boot.ddc
[2018.03.22-18.58.26:284][  0]LogDerivedDataCache: FDerivedDataBackendGraph:  Pak pak cache file ../../../../../../ue4/steam/DerivedDataCache/DDC.ddp not found, will not use a pak cache.
[2018.03.22-18.58.26:284][  0]LogDerivedDataCache: Unable to find inner node Pak for hierarchical cache Hierarchy.
[2018.03.22-18.58.26:284][  0]LogDerivedDataCache: FDerivedDataBackendGraph:  CompressedPak pak cache file ../../../../../../ue4/steam/DerivedDataCache/Compressed.ddp not found, will not use a pak cache.
[2018.03.22-18.58.26:284][  0]LogDerivedDataCache: Unable to find inner node CompressedPak for hierarchical cache Hierarchy.
[2018.03.22-18.58.26:299][  0]LogDerivedDataCache: Display: Pak cache opened for reading ../../../Engine/DerivedDataCache/Compressed.ddp.
[2018.03.22-18.58.26:312][  0]LogDerivedDataCache: Using Local data cache path C:/Users/Energy/AppData/Local/UnrealEngine/Common/DerivedDataCache: Writable
[2018.03.22-18.58.26:322][  0]LogMaterial: Verifying Global Shaders for PCD3D_SM5
[2018.03.22-18.58.26:323][  0]LogSlate: Using Freetype 2.6.0
[2018.03.22-18.58.26:323][  0]LogSlate: SlateFontCache - WITH_FREETYPE: 1, WITH_HARFBUZZ: 1
[2018.03.22-18.58.26:323][  0]LogSlate: SlateFontCache - WITH_FREETYPE: 1, WITH_HARFBUZZ: 1
[2018.03.22-18.58.26:702][  0]LogAssetRegistry: FAssetRegistry took 0.0041 seconds to start up
[2018.03.22-18.58.26:736][  0]LogPackageLocalizationCache: Processed 7 localized package path(s) for 2 prioritized culture(s) in 0.034262 seconds
[2018.03.22-18.58.26:822][  0]LogInit: Selected Device Profile: [Windows]
[2018.03.22-18.58.27:074][  0]LogSimplygon: Simplygon DLL not present - disabling.
[2018.03.22-18.58.27:103][  0]LogMeshReduction: Using SimplygonSwarm for distributed automatic mesh merging
[2018.03.22-18.58.27:103][  0]LogMeshReduction: Using QuadricMeshReduction for automatic static mesh reduction
[2018.03.22-18.58.27:103][  0]LogMeshReduction: No automatic skeletal mesh reduction module available
[2018.03.22-18.58.27:103][  0]LogMeshReduction: No automatic mesh merging module available
[2018.03.22-18.58.27:103][  0]LogMeshMerging: No automatic mesh merging module available
[2018.03.22-18.58.27:123][  0]LogNetVersion: MyProject12 , NetCL: 3709383, EngineNetVer: 2, GameNetVer: 0 (Checksum: 3203290924)
[2018.03.22-18.58.28:545][  0]LogMoviePlayer: Initializing movie player
[2018.03.22-18.58.28:902][  0]LogCollectionManager: Loaded 0 collections in 0.000857 seconds
[2018.03.22-18.58.28:948][  0]LogFileCache: Scanning file cache for directory 'D:/ue4/steam/Saved/Collections/' took 0.01s
[2018.03.22-18.58.28:948][  0]LogFileCache: Scanning file cache for directory 'D:/ue4/steam/Content/Developers/Energy/Collections/' took 0.01s
[2018.03.22-18.58.28:948][  0]LogFileCache: Scanning file cache for directory 'D:/ue4/steam/Content/Collections/' took 0.01s
[2018.03.22-18.58.28:948][  0]LogCollectionManager: Rebuilt the object cache for 0 collections in 0.000000 seconds (found 0 objects)
[2018.03.22-18.58.28:948][  0]LogCollectionManager: Fixed up redirectors for 0 collections in 0.000121 seconds (updated 0 objects)
[2018.03.22-18.58.29:415][  0]SourceControl: Source control is disabled
[2018.03.22-18.58.29:415][  0]SourceControl: Source control is disabled
[2018.03.22-18.58.29:456][  0]SourceControl: Source control is disabled
[2018.03.22-18.58.29:769][  0]LogAndroidPermission: UAndroidPermissionCallbackProxy::GetInstance
[2018.03.22-18.58.29:957][  0]LogOcInput: OculusInput pre-init called
[2018.03.22-18.58.30:037][  0]LogUObjectArray: 38960 objects as part of root set at end of initial load.
[2018.03.22-18.58.30:037][  0]LogUObjectAllocator: 8571456 out of 0 bytes used by permanent object pool.
[2018.03.22-18.58.30:037][  0]LogUObjectArray: CloseDisregardForGC: 0/0 objects in disregard for GC pool
[2018.03.22-18.58.30:129][  0]LogEngine: Initializing Engine...
[2018.03.22-18.58.30:133][  0]LogHMD: Failed to initialize OpenVR with code 110
[2018.03.22-18.58.30:300][  0]LogStats: UGameplayTagsManager::ConstructGameplayTagTree: Construct from data asset -  0.000 s
[2018.03.22-18.58.30:301][  0]LogStats: UGameplayTagsManager::ConstructGameplayTagTree: GameplayTagTreeChangedEvent.Broadcast -  0.000 s
[2018.03.22-18.58.30:309][  0]LogInit: XAudio2 using 'Speakers (High Definition Audio Device)' : 2 channels at 44.1 kHz using 16 bits per sample (channel mask 0x3)
[2018.03.22-18.58.30:328][  0]LogInit: FAudioDevice initialized.
[2018.03.22-18.58.30:504][  0]LogDerivedDataCache: Saved boot cache 0.17s 77MB C:/Users/Energy/AppData/Local/UnrealEngine/4.18/DerivedDataCache/Boot.ddc.
[2018.03.22-18.58.30:512][  0]LogInit: Texture streaming: Enabled
[2018.03.22-18.58.30:526][  0]LogMaterial: Uniform references updated for custom material expression Custom.
[2018.03.22-18.58.30:794][  0]LogProperty: Error: UStructProperty::Serialize Loading: Property 'StructProperty /Game/UI/MainMenu/optionsMenu.optionsMenu_C:playerInfo'. Unknown structure.
[2018.03.22-18.58.30:795][  0]LogProperty: Error: UStructProperty::Serialize Loading: Property 'StructProperty /Game/Blueprints/allLevels/playerSaveGame.playerSaveGame_C:S_PlayerINfo'. Unknown structure.
[2018.03.22-18.58.30:795][  0]LogClass: Warning: Property S_PlayerINfo of S_PlayerINfo has a struct type mismatch (tag STRUCT_REINST_PlayerInfo_0 != prop FallbackStruct) in package:  ../../../../../../ue4/steam/Content/Blueprints/allLevels/playerSaveGame.uasset. If that struct got renamed, add an entry to ActiveStructRedirects.
[2018.03.22-18.58.30:827][  0]LogClass: Warning: Property playerInfo of playerInfo has a struct type mismatch (tag STRUCT_REINST_PlayerInfo_0 != prop FallbackStruct) in package:  ../../../../../../ue4/steam/Content/UI/MainMenu/optionsMenu.uasset. If that struct got renamed, add an entry to ActiveStructRedirects.
[2018.03.22-18.58.30:900][  0]LogClass: Warning: Property S_PlayerINfo of S_PlayerINfo has a struct type mismatch (tag FallbackStruct != prop PlayerInfo) in package:  FObjectReader. If that struct got renamed, add an entry to ActiveStructRedirects.
[2018.03.22-18.58.30:901][  0]LogClass: Warning: Property playerInfo of playerInfo has a struct type mismatch (tag FallbackStruct != prop PlayerInfo) in package:  FObjectReader. If that struct got renamed, add an entry to ActiveStructRedirects.
[2018.03.22-18.58.30:977][  0]LogInit: Display: Game Engine Initialized.
[2018.03.22-18.58.30:977][  0]LogGameplayTags: Display: UGameplayTagsManager::DoneAddingNativeTags. DelegateIsBound: 0
[2018.03.22-18.58.31:096][  0]LogInit: Display: Starting Game.
[2018.03.22-18.58.31:096][  0]LogNet: Browse: /Game/Maps/mainMenu?Name=Player
[2018.03.22-18.58.31:096][  0]LogLoad: LoadMap: /Game/Maps/mainMenu?Name=Player
[2018.03.22-18.58.31:199][  0]LogAIModule: Creating AISystem for world mainMenu
[2018.03.22-18.58.31:413][  0]LogLoad: Game class is 'TopDownGameMode_C'
[2018.03.22-18.58.31:414][  0]LogWorld: Bringing World /Game/Maps/mainMenu.mainMenu up for play (max tick rate 0) at 2018.03.22-11.58.31
[2018.03.22-18.58.31:414][  0]LogWorld: Bringing up level for play took: 0.000550
[2018.03.22-18.58.31:415][  0]LogGameMode: FindPlayerStart: PATHS NOT DEFINED or NO PLAYERSTART with positive rating
[2018.03.22-18.58.31:419][  0]LogLoad: Took 0.322155 seconds to LoadMap(/Game/Maps/mainMenu)
[2018.03.22-18.58.31:558][  0]LogRenderer: Reallocating scene render targets to support 1920x1080 Format 10 NumSamples 1 (Frame:1).
[2018.03.22-18.58.31:558][  0]LogLoad: (Engine Initialization) Total time: 9.41 seconds
[2018.03.22-18.58.31:558][  0]LogLoad: (Engine Initialization) Total Blueprint compile time: 0.00 seconds
[2018.03.22-18.58.31:558][  0]LogExternalProfiler: No external profilers were discovered.  External profiling features will not be available.
[2018.03.22-18.58.31:575][  0]LogWindowsTextInputMethodSystem: Display: IME system now deactivated.
[2018.03.22-18.58.31:578][  0]LogContentStreaming: Texture pool size now 1000 MB
[2018.03.22-18.58.37:671][371]LogSlate: Took 0.000805 seconds to synchronously load lazily loaded font '../../../Engine/Content/Slate/Fonts/Roboto-Regular.ttf' (155K)
[2018.03.22-18.58.43:522][734]LogNetVersion: MyProject12 1.0.0.0, NetCL: 3709383, EngineNetVer: 2, GameNetVer: 0 (Checksum: 878358411)
[2018.03.22-18.58.43:742][748]LogOnline: Verbose: dumping NamedSession: 
[2018.03.22-18.58.43:742][748]LogOnline: Verbose: 	SessionName: GameSession
[2018.03.22-18.58.43:742][748]LogOnline: Verbose: 	HostingPlayerNum: 0
[2018.03.22-18.58.43:742][748]LogOnline: Verbose: 	SessionState: Pending
[2018.03.22-18.58.43:742][748]LogOnline: Verbose: 	RegisteredPlayers: 
[2018.03.22-18.58.43:742][748]LogOnline: Verbose: 	    0 registered players
[2018.03.22-18.58.43:742][748]LogOnline: Verbose: dumping Session: 
[2018.03.22-18.58.43:742][748]LogOnline: Verbose: 	OwningPlayerName: Energy
[2018.03.22-18.58.43:742][748]LogOnline: Verbose: 	OwningPlayerId: Energy [0x110000106CCA440]
[2018.03.22-18.58.43:742][748]LogOnline: Verbose: 	NumOpenPrivateConnections: 0
[2018.03.22-18.58.43:742][748]LogOnline: Verbose: 	NumOpenPublicConnections: 1
[2018.03.22-18.58.43:742][748]LogOnline: Verbose: 	SessionInfo: HostIP: INVALID SteamP2P: 76561198074340416:7777 Type: Lobby session SessionId: Lobby [0x1860000E520049F]
[2018.03.22-18.58.43:742][748]LogOnline: Verbose: dumping SessionSettings: 
[2018.03.22-18.58.43:742][748]LogOnline: Verbose: 	NumPublicConnections: 2
[2018.03.22-18.58.43:742][748]LogOnline: Verbose: 	NumPrivateConnections: 0
[2018.03.22-18.58.43:742][748]LogOnline: Verbose: 	bIsLanMatch: false
[2018.03.22-18.58.43:742][748]LogOnline: Verbose: 	bIsDedicated: false
[2018.03.22-18.58.43:742][748]LogOnline: Verbose: 	bUsesStats: false
[2018.03.22-18.58.43:743][748]LogOnline: Verbose: 	bShouldAdvertise: true
[2018.03.22-18.58.43:743][748]LogOnline: Verbose: 	bAllowJoinInProgress: true
[2018.03.22-18.58.43:743][748]LogOnline: Verbose: 	bAllowInvites: false
[2018.03.22-18.58.43:743][748]LogOnline: Verbose: 	bUsesPresence: true
[2018.03.22-18.58.43:743][748]LogOnline: Verbose: 	bAllowJoinViaPresence: true
[2018.03.22-18.58.43:743][748]LogOnline: Verbose: 	bAllowJoinViaPresenceFriendsOnly: false
[2018.03.22-18.58.43:743][748]LogOnline: Verbose: 	BuildUniqueId: 0x6cd3e102
[2018.03.22-18.58.43:743][748]LogOnline: Verbose: 	Settings:
[2018.03.22-18.58.43:790][748]LogPackageName: SearchForPackageOnDisk took   0.047s to resolve lobby.umap.
[2018.03.22-18.58.43:837][748]LogPackageName: SearchForPackageOnDisk took   0.047s to resolve lobby.umap.
[2018.03.22-18.58.43:837][748]LogNet: Browse: /Game/Maps/lobby?listen
[2018.03.22-18.58.43:838][748]LogLoad: LoadMap: /Game/Maps/lobby?listen
[2018.03.22-18.58.43:973][748]LogProperty: Error: UStructProperty::Serialize Loading: Property 'StructProperty /Game/UI/Lobby/gameSettings.gameSettings_C:ExecuteUbergraph_gameSettings.CallFunc_Array_Get_Item'. Unknown structure.
[2018.03.22-18.58.43:974][748]LogProperty: Error: UStructProperty::Serialize Loading: Property 'StructProperty /Game/UI/Lobby/playerButton.playerButton_C:playerInfo'. Unknown structure.
[2018.03.22-18.58.43:974][748]LogClass: Warning: Property playerInfo of playerInfo has a struct type mismatch (tag STRUCT_REINST_PlayerInfo_0 != prop FallbackStruct) in package:  ../../../../../../ue4/steam/Content/UI/Lobby/playerButton.uasset. If that struct got renamed, add an entry to ActiveStructRedirects.
[2018.03.22-18.58.44:184][748]LogClass: Warning: Property playerInfo of playerInfo has a struct type mismatch (tag FallbackStruct != prop PlayerInfo) in package:  FObjectReader. If that struct got renamed, add an entry to ActiveStructRedirects.
[2018.03.22-18.58.44:337][748]LogAIModule: Creating AISystem for world lobby
[2018.03.22-18.58.44:337][748]LogLoad: Game class is 'lobbyGM_C'
[2018.03.22-18.58.44:337][748]LogTemp: Display: ParseSettings for GameNetDriver
[2018.03.22-18.58.44:337][748]LogTemp: Display: ParseSettings for SteamNetDriver_0
[2018.03.22-18.58.44:337][748]LogTemp: Display: ParseSettings for GameNetDriver
[2018.03.22-18.58.44:338][748]LogNet: Display: SteamNetDriver_0 bound to port 7777
[2018.03.22-18.58.44:338][748]PacketHandlerLog: Loaded PacketHandler component: Engine.EngineHandlerComponentFactory (StatelessConnectHandlerComponent)
[2018.03.22-18.58.44:338][748]LogNet: GameNetDriver SteamNetDriver_0 IpNetDriver listening on port 7777
[2018.03.22-18.58.44:339][748]LogWorld: Bringing World /Game/Maps/lobby.lobby up for play (max tick rate 0) at 2018.03.22-11.58.44
[2018.03.22-18.58.44:340][748]LogWorld: Bringing up level for play took: 0.001399
[2018.03.22-18.58.44:351][748]LogGameMode: Display: Match State Changed from EnteringMap to WaitingToStart
[2018.03.22-18.58.44:351][748]LogGameState: Match State Changed from EnteringMap to WaitingToStart
[2018.03.22-18.58.44:351][748]LogGameMode: Display: Match State Changed from WaitingToStart to InProgress
[2018.03.22-18.58.44:351][748]LogGameState: Match State Changed from WaitingToStart to InProgress
[2018.03.22-18.58.44:353][748]LogLoad: Took 0.515740 seconds to LoadMap(/Game/Maps/lobby)
[2018.03.22-18.58.44:378][749]LogCharacterMovement: Warning: GetSimulationTimeStep() - Max iterations 8 hit while remaining time 0.075921 > MaxSimulationTimeStep (0.050) for '0_base_C_0', movement 'Walking'
[2018.03.22-19.00.08:865][977]LogNet: NotifyAcceptingConnection accepted from: 76561198011701234:7777
[2018.03.22-19.00.08:865][977]LogHandshake: SendConnectChallenge. Timestamp: 85.131538, Cookie: 107210075113200171151065081020194023102108131242177252040068
[2018.03.22-19.00.08:865][977]LogNet: NotifyAcceptingConnection accepted from: 76561198011701234:7777
[2018.03.22-19.00.08:865][977]LogHandshake: SendConnectChallenge. Timestamp: 85.131538, Cookie: 107210075113200171151065081020194023102108131242177252040068
[2018.03.22-19.00.08:865][977]LogNet: NotifyAcceptingConnection accepted from: 76561198011701234:7777
[2018.03.22-19.00.08:865][977]LogHandshake: SendConnectChallenge. Timestamp: 85.131538, Cookie: 107210075113200171151065081020194023102108131242177252040068
[2018.03.22-19.00.08:866][977]LogNet: NotifyAcceptingConnection accepted from: 76561198011701234:7777
[2018.03.22-19.00.08:866][977]LogHandshake: SendConnectChallenge. Timestamp: 85.131538, Cookie: 107210075113200171151065081020194023102108131242177252040068
[2018.03.22-19.00.08:913][980]LogNet: NotifyAcceptingConnection accepted from: 76561198011701234:7777
[2018.03.22-19.00.08:913][980]LogHandshake: SendChallengeAck. InCookie: 107210075113200171151065081020194023102108131242177252040068
[2018.03.22-19.00.08:915][980]LogNet: Server accepting post-challenge connection from: 76561198011701234:7777
[2018.03.22-19.00.08:915][980]PacketHandlerLog: Loaded PacketHandler component: Engine.EngineHandlerComponentFactory (StatelessConnectHandlerComponent)
[2018.03.22-19.00.08:915][980]LogNet: NotifyAcceptedConnection: Name: lobby, TimeStamp: 03/22/18 12:00:08, [UNetConnection] RemoteAddr: 76561198011701234:7777, Name: SteamNetConnection_0, Driver: GameNetDriver SteamNetDriver_0, IsServer: YES, PC: NULL, Owner: NULL
[2018.03.22-19.00.08:915][980]LogNet: AddClientConnection: Added client connection: [UNetConnection] RemoteAddr: 76561198011701234:7777, Name: SteamNetConnection_0, Driver: GameNetDriver SteamNetDriver_0, IsServer: YES, PC: NULL, Owner: NULL
[2018.03.22-19.00.08:915][980]LogHandshake: Received unexpected post-connect handshake packet - resending ack.
[2018.03.22-19.00.08:915][980]LogHandshake: SendChallengeAck. InCookie: 107210075113200171151065081020194023102108131242177252040068
[2018.03.22-19.00.08:915][980]LogHandshake: Received unexpected post-connect handshake packet - resending ack.
[2018.03.22-19.00.08:915][980]LogHandshake: SendChallengeAck. InCookie: 107210075113200171151065081020194023102108131242177252040068
[2018.03.22-19.00.08:915][980]LogHandshake: Received unexpected post-connect handshake packet - resending ack.
[2018.03.22-19.00.08:915][980]LogHandshake: SendChallengeAck. InCookie: 107210075113200171151065081020194023102108131242177252040068
[2018.03.22-19.00.08:978][984]LogNet: NotifyAcceptingChannel Control 0 server World /Game/Maps/lobby.lobby: Accepted
[2018.03.22-19.00.08:978][984]LogNet: Remote platform little endian=1
[2018.03.22-19.00.08:978][984]LogNet: This platform little endian=1
[2018.03.22-19.00.09:058][989]LogNet: Login request: /Game/Maps/mainMenu?Name=Ian userId: 76561198011701234
[2018.03.22-19.00.09:123][993]LogNet: Client netspeed is 10000
[2018.03.22-19.00.14:559][330]LogNet: Join request: /Game/Maps/mainMenu?Name=Ian?SplitscreenCount=1
[2018.03.22-19.00.14:559][330]LogScript: Warning: Accessed None trying to read property K2Node_DynamicCast_As0_Base
	lobbyPlayerController_C /Game/Maps/lobby.lobby:PersistentLevel.lobbyPlayerController_C_1
	Function /Game/Blueprints/lobby/lobbyPlayerController.lobbyPlayerController_C:ExecuteUbergraph_lobbyPlayerController:12FA
[2018.03.22-19.00.14:559][330]LogScript: Warning: Script call stack:
	Function /Game/Blueprints/lobby/lobbyPlayerController.lobbyPlayerController_C:ReceiveBeginPlay
	Function /Game/Blueprints/lobby/lobbyPlayerController.lobbyPlayerController_C:ExecuteUbergraph_lobbyPlayerController

[2018.03.22-19.00.14:559][330]LogScript: Warning: Attempted to assign to None
	lobbyPlayerController_C /Game/Maps/lobby.lobby:PersistentLevel.lobbyPlayerController_C_1
	Function /Game/Blueprints/lobby/lobbyPlayerController.lobbyPlayerController_C:ExecuteUbergraph_lobbyPlayerController:130F
[2018.03.22-19.00.14:559][330]LogScript: Warning: Script call stack:
	Function /Game/Blueprints/lobby/lobbyPlayerController.lobbyPlayerController_C:ReceiveBeginPlay
	Function /Game/Blueprints/lobby/lobbyPlayerController.lobbyPlayerController_C:ExecuteUbergraph_lobbyPlayerController

[2018.03.22-19.00.14:563][330]LogNet: Join succeeded: Ian
[2018.03.22-19.01.21:826][483]LogGameMode: Display: Match State Changed from InProgress to LeavingMap
[2018.03.22-19.01.21:826][483]LogGameState: Match State Changed from InProgress to LeavingMap
[2018.03.22-19.01.21:829][483]LogGameMode: ProcessServerTravel: /Game/Maps/Arena01
[2018.03.22-19.01.21:829][483]LogWorld: SeamlessTravel to: /Game/Maps/Arena01
[2018.03.22-19.01.21:913][484]LogAIModule: Creating AISystem for world travelMap
[2018.03.22-19.01.21:914][484]LogStats:     SeamlessTravel FlushLevelStreaming  -  0.001 s
[2018.03.22-19.01.21:915][484]LogWorld: Bringing World /Game/Maps/travelMap.travelMap up for play (max tick rate 0) at 2018.03.22-12.01.21
[2018.03.22-19.01.21:915][484]LogWorld: Bringing up level for play took: 0.000484
[2018.03.22-19.01.21:915][484]LogWorld: Sending NotifyLoadedWorld for LP: LocalPlayer_0 PC: lobbyPlayerController_C_0
[2018.03.22-19.01.21:915][484]LogNet: Verbose: NotifyLoadedWorld Begin
[2018.03.22-19.01.21:915][484]LogNet: VeryVerbose: GetFunctionCallspace Server calling Server function: ServerNotifyLoadedWorld Local
[2018.03.22-19.01.21:915][484]LogNet: Verbose: NotifyLoadedWorld End
[2018.03.22-19.01.21:915][484]LogWorld: StartLoadingDestination to: /Game/Maps/Arena01
[2018.03.22-19.01.22:440][501]LogAIModule: Creating AISystem for world arena01
[2018.03.22-19.01.22:440][501]LogLoad: Game class is 'gameplayGM_C'
[2018.03.22-19.01.22:441][501]LogStats:     SeamlessTravel FlushLevelStreaming  -  0.000 s
[2018.03.22-19.01.22:443][501]LogMaterial: Warning: Material /Game/3D_ASSETS_DANIEL/V1/New/phong1.phong1 missing bUsedWithInstancedStaticMeshes=True! Default Material will be used in game.
[2018.03.22-19.01.22:443][501]LogMaterial: Warning:      The material will recompile every editor launch until resaved.
[2018.03.22-19.01.22:449][501]LogWorld: Bringing World /Game/Maps/Arena01.arena01 up for play (max tick rate 0) at 2018.03.22-12.01.22
[2018.03.22-19.01.22:449][501]LogWorld: Bringing up level for play took: 0.008747
[2018.03.22-19.01.22:450][501]LogWorld: Sending NotifyLoadedWorld for LP: LocalPlayer_0 PC: lobbyPlayerController_C_0
[2018.03.22-19.01.22:450][501]LogNet: Verbose: NotifyLoadedWorld Begin
[2018.03.22-19.01.22:450][501]LogNet: VeryVerbose: GetFunctionCallspace Server calling Server function: ServerNotifyLoadedWorld Local
[2018.03.22-19.01.22:450][501]LogNet: Verbose: NotifyLoadedWorld End
[2018.03.22-19.01.22:450][501]LogWorld: ----SeamlessTravel finished in 0.62 seconds ------
[2018.03.22-19.01.22:450][501]LogGameMode: >> GameMode::HandleSeamlessTravelPlayer: lobbyPlayerController_C_0 
[2018.03.22-19.01.22:451][501]LogGameMode: << GameMode::HandleSeamlessTravelPlayer: gameplayPC_C_0
[2018.03.22-19.01.22:451][501]LogGameMode: Display: Match State Changed from EnteringMap to WaitingToStart
[2018.03.22-19.01.22:451][501]LogGameState: Match State Changed from EnteringMap to WaitingToStart
[2018.03.22-19.01.22:451][501]LogGameMode: Display: Match State Changed from WaitingToStart to InProgress
[2018.03.22-19.01.22:452][501]LogBlueprintUserMessages: [gameplayPC_C_0] loaded game for arena
[2018.03.22-19.01.22:453][501]LogBlueprintUserMessages: [gameplayGM_C_0] 1
[2018.03.22-19.01.22:454][501]LogGameState: Match State Changed from WaitingToStart to InProgress
[2018.03.22-19.01.22:454][501]LogScript: Warning: Accessed None trying to read property currentSpellCast
	gameplayPC_C /Game/Maps/Arena01.arena01:PersistentLevel.gameplayPC_C_0
	Function /Game/Blueprints/gameplay/gameplayPC.gameplayPC_C:ExecuteUbergraph_gameplayPC:0984
[2018.03.22-19.01.22:454][501]LogScript: Warning: Script call stack:
	Function /Game/Blueprints/gameplay/gameplayPC.gameplayPC_C:ReceiveTick
	Function /Game/Blueprints/gameplay/gameplayPC.gameplayPC_C:ExecuteUbergraph_gameplayPC

[2018.03.22-19.01.22:454][501]LogScript: Warning: Accessed None
	gameplayPC_C /Game/Maps/Arena01.arena01:PersistentLevel.gameplayPC_C_0
	Function /Game/Blueprints/gameplay/gameplayPC.gameplayPC_C:ExecuteUbergraph_gameplayPC:0999
[2018.03.22-19.01.22:454][501]LogScript: Warning: Script call stack:
	Function /Game/Blueprints/gameplay/gameplayPC.gameplayPC_C:ReceiveTick
	Function /Game/Blueprints/gameplay/gameplayPC.gameplayPC_C:ExecuteUbergraph_gameplayPC

[2018.03.22-19.01.22:454][501]LogScript: Warning: Accessed None trying to read property currentSpellCast
	gameplayPC_C /Game/Maps/Arena01.arena01:PersistentLevel.gameplayPC_C_0
	Function /Game/Blueprints/gameplay/gameplayPC.gameplayPC_C:ExecuteUbergraph_gameplayPC:09CC
[2018.03.22-19.01.22:454][501]LogScript: Warning: Script call stack:
	Function /Game/Blueprints/gameplay/gameplayPC.gameplayPC_C:ReceiveTick
	Function /Game/Blueprints/gameplay/gameplayPC.gameplayPC_C:ExecuteUbergraph_gameplayPC

[2018.03.22-19.01.22:454][501]LogScript: Warning: Accessed None
	gameplayPC_C /Game/Maps/Arena01.arena01:PersistentLevel.gameplayPC_C_0
	Function /Game/Blueprints/gameplay/gameplayPC.gameplayPC_C:ExecuteUbergraph_gameplayPC:09E1
[2018.03.22-19.01.22:454][501]LogScript: Warning: Script call stack:
	Function /Game/Blueprints/gameplay/gameplayPC.gameplayPC_C:ReceiveTick
	Function /Game/Blueprints/gameplay/gameplayPC.gameplayPC_C:ExecuteUbergraph_gameplayPC

[2018.03.22-19.01.22:454][501]LogScript: Warning: Accessed None trying to read property currentSpellCast
	gameplayPC_C /Game/Maps/Arena01.arena01:PersistentLevel.gameplayPC_C_0
	Function /Game/Blueprints/gameplay/gameplayPC.gameplayPC_C:ExecuteUbergraph_gameplayPC:0324
[2018.03.22-19.01.22:454][501]LogScript: Warning: Script call stack:
	Function /Game/Blueprints/gameplay/gameplayPC.gameplayPC_C:ReceiveTick
	Function /Game/Blueprints/gameplay/gameplayPC.gameplayPC_C:ExecuteUbergraph_gameplayPC

[2018.03.22-19.01.22:458][502]LogScript: Warning: Accessed None trying to read property currentSpellCast
	gameplayPC_C /Game/Maps/Arena01.arena01:PersistentLevel.gameplayPC_C_0
	Function /Game/Blueprints/gameplay/gameplayPC.gameplayPC_C:ExecuteUbergraph_gameplayPC:0984
[2018.03.22-19.01.22:458][502]LogScript: Warning: Script call stack:
	Function /Game/Blueprints/gameplay/gameplayPC.gameplayPC_C:ReceiveTick
	Function /Game/Blueprints/gameplay/gameplayPC.gameplayPC_C:ExecuteUbergraph_gameplayPC

[2018.03.22-19.01.22:458][502]LogScript: Warning: Accessed None
	gameplayPC_C /Game/Maps/Arena01.arena01:PersistentLevel.gameplayPC_C_0
	Function /Game/Blueprints/gameplay/gameplayPC.gameplayPC_C:ExecuteUbergraph_gameplayPC:0999
[2018.03.22-19.01.22:458][502]LogScript: Warning: Script call stack:
	Function /Game/Blueprints/gameplay/gameplayPC.gameplayPC_C:ReceiveTick
	Function /Game/Blueprints/gameplay/gameplayPC.gameplayPC_C:ExecuteUbergraph_gameplayPC

[2018.03.22-19.01.22:458][502]LogScript: Warning: Accessed None trying to read property currentSpellCast
	gameplayPC_C /Game/Maps/Arena01.arena01:PersistentLevel.gameplayPC_C_0
	Function /Game/Blueprints/gameplay/gameplayPC.gameplayPC_C:ExecuteUbergraph_gameplayPC:09CC
[2018.03.22-19.01.22:458][502]LogScript: Warning: Script call stack:
	Function /Game/Blueprints/gameplay/gameplayPC.gameplayPC_C:ReceiveTick
	Function /Game/Blueprints/gameplay/gameplayPC.gameplayPC_C:ExecuteUbergraph_gameplayPC

[2018.03.22-19.01.22:458][502]LogScript: Warning: Accessed None
	gameplayPC_C /Game/Maps/Arena01.arena01:PersistentLevel.gameplayPC_C_0
	Function /Game/Blueprints/gameplay/gameplayPC.gameplayPC_C:ExecuteUbergraph_gameplayPC:09E1
[2018.03.22-19.01.22:458][502]LogScript: Warning: Script call stack:
	Function /Game/Blueprints/gameplay/gameplayPC.gameplayPC_C:ReceiveTick
	Function /Game/Blueprints/gameplay/gameplayPC.gameplayPC_C:ExecuteUbergraph_gameplayPC

[2018.03.22-19.01.22:458][502]LogScript: Warning: Accessed None trying to read property currentSpellCast
	gameplayPC_C /Game/Maps/Arena01.arena01:PersistentLevel.gameplayPC_C_0
	Function /Game/Blueprints/gameplay/gameplayPC.gameplayPC_C:ExecuteUbergraph_gameplayPC:0324
[2018.03.22-19.01.22:458][502]LogScript: Warning: Script call stack:
	Function /Game/Blueprints/gameplay/gameplayPC.gameplayPC_C:ReceiveTick
	Function /Game/Blueprints/gameplay/gameplayPC.gameplayPC_C:ExecuteUbergraph_gameplayPC

[2018.03.22-19.01.22:460][503]LogRenderer: Reallocating scene render targets to support 128x128 Format 10 NumSamples 1 (Frame:0).
[2018.03.22-19.01.22:526][503]LogRenderer: Reallocating scene render targets to support 1920x1080 Format 10 NumSamples 1 (Frame:1).
[2018.03.22-19.01.22:602][503]LogScript: Warning: Accessed None trying to read property currentSpellCast
	gameplayPC_C /Game/Maps/Arena01.arena01:PersistentLevel.gameplayPC_C_0
	Function /Game/Blueprints/gameplay/gameplayPC.gameplayPC_C:ExecuteUbergraph_gameplayPC:0984
[2018.03.22-19.01.22:602][503]LogScript: Warning: Script call stack:
	Function /Game/Blueprints/gameplay/gameplayPC.gameplayPC_C:ReceiveTick
	Function /Game/Blueprints/gameplay/gameplayPC.gameplayPC_C:ExecuteUbergraph_gameplayPC

[2018.03.22-19.01.22:602][503]LogScript: Warning: Accessed None
	gameplayPC_C /Game/Maps/Arena01.arena01:PersistentLevel.gameplayPC_C_0
	Function /Game/Blueprints/gameplay/gameplayPC.gameplayPC_C:ExecuteUbergraph_gameplayPC:0999
[2018.03.22-19.01.22:602][503]LogScript: Warning: Script call stack:
	Function /Game/Blueprints/gameplay/gameplayPC.gameplayPC_C:ReceiveTick
	Function /Game/Blueprints/gameplay/gameplayPC.gameplayPC_C:ExecuteUbergraph_gameplayPC

[2018.03.22-19.01.22:602][503]LogScript: Warning: Accessed None trying to read property currentSpellCast
	gameplayPC_C /Game/Maps/Arena01.arena01:PersistentLevel.gameplayPC_C_0
	Function /Game/Blueprints/gameplay/gameplayPC.gameplayPC_C:ExecuteUbergraph_gameplayPC:09CC
[2018.03.22-19.01.22:602][503]LogScript: Warning: Script call stack:
	Function /Game/Blueprints/gameplay/gameplayPC.gameplayPC_C:ReceiveTick
	Function /Game/Blueprints/gameplay/gameplayPC.gameplayPC_C:ExecuteUbergraph_gameplayPC

[2018.03.22-19.01.22:602][503]LogScript: Warning: Accessed None
	gameplayPC_C /Game/Maps/Arena01.arena01:PersistentLevel.gameplayPC_C_0
	Function /Game/Blueprints/gameplay/gameplayPC.gameplayPC_C:ExecuteUbergraph_gameplayPC:09E1
[2018.03.22-19.01.22:602][503]LogScript: Warning: Script call stack:
	Function /Game/Blueprints/gameplay/gameplayPC.gameplayPC_C:ReceiveTick
	Function /Game/Blueprints/gameplay/gameplayPC.gameplayPC_C:ExecuteUbergraph_gameplayPC

[2018.03.22-19.01.22:602][503]LogScript: Warning: Accessed None trying to read property currentSpellCast
	gameplayPC_C /Game/Maps/Arena01.arena01:PersistentLevel.gameplayPC_C_0
	Function /Game/Blueprints/gameplay/gameplayPC.gameplayPC_C:ExecuteUbergraph_gameplayPC:0324
[2018.03.22-19.01.22:602][503]LogScript: Warning: Script call stack:
	Function /Game/Blueprints/gameplay/gameplayPC.gameplayPC_C:ReceiveTick
	Function /Game/Blueprints/gameplay/gameplayPC.gameplayPC_C:ExecuteUbergraph_gameplayPC

[2018.03.22-19.01.22:683][504]LogScript: Warning: Accessed None trying to read property currentSpellCast
	gameplayPC_C /Game/Maps/Arena01.arena01:PersistentLevel.gameplayPC_C_0
	Function /Game/Blueprints/gameplay/gameplayPC.gameplayPC_C:ExecuteUbergraph_gameplayPC:0984
[2018.03.22-19.01.22:683][504]LogScript: Warning: Script call stack:
	Function /Game/Blueprints/gameplay/gameplayPC.gameplayPC_C:ReceiveTick
	Function /Game/Blueprints/gameplay/gameplayPC.gameplayPC_C:ExecuteUbergraph_gameplayPC

[2018.03.22-19.01.22:683][504]LogScript: Warning: Accessed None
	gameplayPC_C /Game/Maps/Arena01.arena01:PersistentLevel.gameplayPC_C_0
	Function /Game/Blueprints/gameplay/gameplayPC.gameplayPC_C:ExecuteUbergraph_gameplayPC:0999
[2018.03.22-19.01.22:683][504]LogScript: Warning: Script call stack:
	Function /Game/Blueprints/gameplay/gameplayPC.gameplayPC_C:ReceiveTick
	Function /Game/Blueprints/gameplay/gameplayPC.gameplayPC_C:ExecuteUbergraph_gameplayPC

[2018.03.22-19.02.11:503][423]LogGameMode: >> GameMode::HandleSeamlessTravelPlayer: lobbyPlayerController_C_1 
[2018.03.22-19.02.11:504][423]LogGameMode: << GameMode::HandleSeamlessTravelPlayer: gameplayPC_C_1
[2018.03.22-19.02.11:505][423]LogScript: Warning: Accessed None trying to read property currentSpellCast
	gameplayPC_C /Game/Maps/Arena01.arena01:PersistentLevel.gameplayPC_C_1
	Function /Game/Blueprints/gameplay/gameplayPC.gameplayPC_C:ExecuteUbergraph_gameplayPC:0984
[2018.03.22-19.02.11:505][423]LogScript: Warning: Script call stack:
	Function /Game/Blueprints/gameplay/gameplayPC.gameplayPC_C:ReceiveTick
	Function /Game/Blueprints/gameplay/gameplayPC.gameplayPC_C:ExecuteUbergraph_gameplayPC

[2018.03.22-19.02.11:505][423]LogScript: Warning: Accessed None
	gameplayPC_C /Game/Maps/Arena01.arena01:PersistentLevel.gameplayPC_C_1
	Function /Game/Blueprints/gameplay/gameplayPC.gameplayPC_C:ExecuteUbergraph_gameplayPC:0999
[2018.03.22-19.02.11:505][423]LogScript: Warning: Script call stack:
	Function /Game/Blueprints/gameplay/gameplayPC.gameplayPC_C:ReceiveTick
	Function /Game/Blueprints/gameplay/gameplayPC.gameplayPC_C:ExecuteUbergraph_gameplayPC

[2018.03.22-19.02.11:505][423]LogScript: Warning: Accessed None trying to read property currentSpellCast
	gameplayPC_C /Game/Maps/Arena01.arena01:PersistentLevel.gameplayPC_C_1
	Function /Game/Blueprints/gameplay/gameplayPC.gameplayPC_C:ExecuteUbergraph_gameplayPC:09CC
[2018.03.22-19.02.11:505][423]LogScript: Warning: Script call stack:
	Function /Game/Blueprints/gameplay/gameplayPC.gameplayPC_C:ReceiveTick
	Function /Game/Blueprints/gameplay/gameplayPC.gameplayPC_C:ExecuteUbergraph_gameplayPC

[2018.03.22-19.02.11:505][423]LogScript: Warning: Accessed None
	gameplayPC_C /Game/Maps/Arena01.arena01:PersistentLevel.gameplayPC_C_1
	Function /Game/Blueprints/gameplay/gameplayPC.gameplayPC_C:ExecuteUbergraph_gameplayPC:09E1
[2018.03.22-19.02.11:505][423]LogScript: Warning: Script call stack:
	Function /Game/Blueprints/gameplay/gameplayPC.gameplayPC_C:ReceiveTick
	Function /Game/Blueprints/gameplay/gameplayPC.gameplayPC_C:ExecuteUbergraph_gameplayPC

[2018.03.22-19.02.11:505][423]LogScript: Warning: Accessed None trying to read property currentSpellCast
	gameplayPC_C /Game/Maps/Arena01.arena01:PersistentLevel.gameplayPC_C_1
	Function /Game/Blueprints/gameplay/gameplayPC.gameplayPC_C:ExecuteUbergraph_gameplayPC:0324
[2018.03.22-19.02.11:505][423]LogScript: Warning: Script call stack:
	Function /Game/Blueprints/gameplay/gameplayPC.gameplayPC_C:ReceiveTick
	Function /Game/Blueprints/gameplay/gameplayPC.gameplayPC_C:ExecuteUbergraph_gameplayPC

[2018.03.22-19.02.11:558][424]LogScript: Warning: Accessed None trying to read property currentSpellCast
	gameplayPC_C /Game/Maps/Arena01.arena01:PersistentLevel.gameplayPC_C_1
	Function /Game/Blueprints/gameplay/gameplayPC.gameplayPC_C:ExecuteUbergraph_gameplayPC:0984
[2018.03.22-19.02.11:558][424]LogScript: Warning: Script call stack:
	Function /Game/Blueprints/gameplay/gameplayPC.gameplayPC_C:ReceiveTick
	Function /Game/Blueprints/gameplay/gameplayPC.gameplayPC_C:ExecuteUbergraph_gameplayPC

[2018.03.22-19.02.11:558][424]LogScript: Warning: Accessed None
	gameplayPC_C /Game/Maps/Arena01.arena01:PersistentLevel.gameplayPC_C_1
	Function /Game/Blueprints/gameplay/gameplayPC.gameplayPC_C:ExecuteUbergraph_gameplayPC:0999
[2018.03.22-19.02.11:558][424]LogScript: Warning: Script call stack:
	Function /Game/Blueprints/gameplay/gameplayPC.gameplayPC_C:ReceiveTick
	Function /Game/Blueprints/gameplay/gameplayPC.gameplayPC_C:ExecuteUbergraph_gameplayPC

[2018.03.22-19.02.11:558][424]LogScript: Warning: Accessed None trying to read property currentSpellCast
	gameplayPC_C /Game/Maps/Arena01.arena01:PersistentLevel.gameplayPC_C_1
	Function /Game/Blueprints/gameplay/gameplayPC.gameplayPC_C:ExecuteUbergraph_gameplayPC:09CC
[2018.03.22-19.02.11:558][424]LogScript: Warning: Script call stack:
	Function /Game/Blueprints/gameplay/gameplayPC.gameplayPC_C:ReceiveTick
	Function /Game/Blueprints/gameplay/gameplayPC.gameplayPC_C:ExecuteUbergraph_gameplayPC

[2018.03.22-19.02.11:558][424]LogScript: Warning: Accessed None
	gameplayPC_C /Game/Maps/Arena01.arena01:PersistentLevel.gameplayPC_C_1
	Function /Game/Blueprints/gameplay/gameplayPC.gameplayPC_C:ExecuteUbergraph_gameplayPC:09E1
[2018.03.22-19.02.11:558][424]LogScript: Warning: Script call stack:
	Function /Game/Blueprints/gameplay/gameplayPC.gameplayPC_C:ReceiveTick
	Function /Game/Blueprints/gameplay/gameplayPC.gameplayPC_C:ExecuteUbergraph_gameplayPC

[2018.03.22-19.02.11:558][424]LogScript: Warning: Accessed None trying to read property currentSpellCast
	gameplayPC_C /Game/Maps/Arena01.arena01:PersistentLevel.gameplayPC_C_1
	Function /Game/Blueprints/gameplay/gameplayPC.gameplayPC_C:ExecuteUbergraph_gameplayPC:0324
[2018.03.22-19.02.11:558][424]LogScript: Warning: Script call stack:
	Function /Game/Blueprints/gameplay/gameplayPC.gameplayPC_C:ReceiveTick
	Function /Game/Blueprints/gameplay/gameplayPC.gameplayPC_C:ExecuteUbergraph_gameplayPC

[2018.03.22-19.02.11:610][425]LogScript: Warning: Accessed None trying to read property currentSpellCast
	gameplayPC_C /Game/Maps/Arena01.arena01:PersistentLevel.gameplayPC_C_1
	Function /Game/Blueprints/gameplay/gameplayPC.gameplayPC_C:ExecuteUbergraph_gameplayPC:0984
[2018.03.22-19.02.11:610][425]LogScript: Warning: Script call stack:
	Function /Game/Blueprints/gameplay/gameplayPC.gameplayPC_C:ReceiveTick
	Function /Game/Blueprints/gameplay/gameplayPC.gameplayPC_C:ExecuteUbergraph_gameplayPC

[2018.03.22-19.02.11:610][425]LogScript: Warning: Accessed None
	gameplayPC_C /Game/Maps/Arena01.arena01:PersistentLevel.gameplayPC_C_1
	Function /Game/Blueprints/gameplay/gameplayPC.gameplayPC_C:ExecuteUbergraph_gameplayPC:0999
[2018.03.22-19.02.11:610][425]LogScript: Warning: Script call stack:
	Function /Game/Blueprints/gameplay/gameplayPC.gameplayPC_C:ReceiveTick
	Function /Game/Blueprints/gameplay/gameplayPC.gameplayPC_C:ExecuteUbergraph_gameplayPC

[2018.03.22-19.02.11:610][425]LogScript: Warning: Accessed None trying to read property currentSpellCast
	gameplayPC_C /Game/Maps/Arena01.arena01:PersistentLevel.gameplayPC_C_1
	Function /Game/Blueprints/gameplay/gameplayPC.gameplayPC_C:ExecuteUbergraph_gameplayPC:09CC
[2018.03.22-19.02.11:610][425]LogScript: Warning: Script call stack:
	Function /Game/Blueprints/gameplay/gameplayPC.gameplayPC_C:ReceiveTick
	Function /Game/Blueprints/gameplay/gameplayPC.gameplayPC_C:ExecuteUbergraph_gameplayPC

[2018.03.22-19.02.11:610][425]LogScript: Warning: Accessed None
	gameplayPC_C /Game/Maps/Arena01.arena01:PersistentLevel.gameplayPC_C_1
	Function /Game/Blueprints/gameplay/gameplayPC.gameplayPC_C:ExecuteUbergraph_gameplayPC:09E1
[2018.03.22-19.02.11:610][425]LogScript: Warning: Script call stack:
	Function /Game/Blueprints/gameplay/gameplayPC.gameplayPC_C:ReceiveTick
	Function /Game/Blueprints/gameplay/gameplayPC.gameplayPC_C:ExecuteUbergraph_gameplayPC

[2018.03.22-19.02.11:610][425]LogScript: Warning: Accessed None trying to read property currentSpellCast
	gameplayPC_C /Game/Maps/Arena01.arena01:PersistentLevel.gameplayPC_C_1
	Function /Game/Blueprints/gameplay/gameplayPC.gameplayPC_C:ExecuteUbergraph_gameplayPC:0324
[2018.03.22-19.02.11:610][425]LogScript: Warning: Script call stack:
	Function /Game/Blueprints/gameplay/gameplayPC.gameplayPC_C:ReceiveTick
	Function /Game/Blueprints/gameplay/gameplayPC.gameplayPC_C:ExecuteUbergraph_gameplayPC

[2018.03.22-19.02.11:664][426]LogScript: Warning: Accessed None trying to read property currentSpellCast
	gameplayPC_C /Game/Maps/Arena01.arena01:PersistentLevel.gameplayPC_C_1
	Function /Game/Blueprints/gameplay/gameplayPC.gameplayPC_C:ExecuteUbergraph_gameplayPC:0984
[2018.03.22-19.02.11:664][426]LogScript: Warning: Script call stack:
	Function /Game/Blueprints/gameplay/gameplayPC.gameplayPC_C:ReceiveTick
	Function /Game/Blueprints/gameplay/gameplayPC.gameplayPC_C:ExecuteUbergraph_gameplayPC

[2018.03.22-19.02.11:664][426]LogScript: Warning: Accessed None
	gameplayPC_C /Game/Maps/Arena01.arena01:PersistentLevel.gameplayPC_C_1
	Function /Game/Blueprints/gameplay/gameplayPC.gameplayPC_C:ExecuteUbergraph_gameplayPC:0999
[2018.03.22-19.02.11:664][426]LogScript: Warning: Script call stack:
	Function /Game/Blueprints/gameplay/gameplayPC.gameplayPC_C:ReceiveTick
	Function /Game/Blueprints/gameplay/gameplayPC.gameplayPC_C:ExecuteUbergraph_gameplayPC

[2018.03.22-19.02.14:386][477]LogScriptCore: Warning: Script Msg: DestroySession - Invalid player state
[2018.03.22-19.02.14:387][477]LogNet: Server connection received: ActorChannelFailure
[2018.03.22-19.04.18:197][694]LogBlueprintUserMessages: [aoeSpell_C_0] 0
[2018.03.22-19.04.18:200][695]LogBlueprintUserMessages: [aoeSpell_C_0] 0
[2018.03.22-19.04.18:251][696]LogBlueprintUserMessages: [aoeSpell_C_0] 0
[2018.03.22-19.04.18:307][697]LogBlueprintUserMessages: [aoeSpell_C_0] 0
[2018.03.22-19.04.18:364][698]LogBlueprintUserMessages: [aoeSpell_C_0] 0
[2018.03.22-19.04.18:421][699]LogBlueprintUserMessages: [aoeSpell_C_0] 0
[2018.03.22-19.04.18:478][700]LogBlueprintUserMessages: [aoeSpell_C_0] 1
[2018.03.22-19.04.18:535][701]LogBlueprintUserMessages: [aoeSpell_C_0] 1
[2018.03.22-19.04.18:594][702]LogBlueprintUserMessages: [aoeSpell_C_0] 1
[2018.03.22-19.04.18:649][703]LogBlueprintUserMessages: [aoeSpell_C_0] 1
[2018.03.22-19.04.18:705][704]LogBlueprintUserMessages: [aoeSpell_C_0] 1
[2018.03.22-19.04.18:762][705]LogBlueprintUserMessages: [aoeSpell_C_0] 1
[2018.03.22-19.04.18:819][706]LogBlueprintUserMessages: [aoeSpell_C_0] 2
[2018.03.22-19.04.18:876][707]LogBlueprintUserMessages: [aoeSpell_C_0] 2
[2018.03.22-19.04.18:933][708]LogBlueprintUserMessages: [aoeSpell_C_0] 2
[2018.03.22-19.04.18:990][709]LogBlueprintUserMessages: [aoeSpell_C_0] 2
[2018.03.22-19.04.19:046][710]LogBlueprintUserMessages: [aoeSpell_C_0] 2
[2018.03.22-19.04.19:104][711]LogBlueprintUserMessages: [aoeSpell_C_0] 2
[2018.03.22-19.04.19:161][712]LogBlueprintUserMessages: [aoeSpell_C_0] 3
[2018.03.22-19.04.19:218][713]LogBlueprintUserMessages: [aoeSpell_C_0] 3
[2018.03.22-19.04.19:276][714]LogBlueprintUserMessages: [aoeSpell_C_0] 3
[2018.03.22-19.04.19:332][715]LogBlueprintUserMessages: [aoeSpell_C_0] 3
[2018.03.22-19.04.19:389][716]LogBlueprintUserMessages: [aoeSpell_C_0] 3
[2018.03.22-19.04.19:447][717]LogBlueprintUserMessages: [aoeSpell_C_0] 3
[2018.03.22-19.04.19:505][718]LogBlueprintUserMessages: [aoeSpell_C_0] 4
[2018.03.22-19.04.19:561][719]LogBlueprintUserMessages: [aoeSpell_C_0] 4
[2018.03.22-19.04.19:618][720]LogBlueprintUserMessages: [aoeSpell_C_0] 4
[2018.03.22-19.04.19:675][721]LogBlueprintUserMessages: [aoeSpell_C_0] 4
[2018.03.22-19.04.19:732][722]LogBlueprintUserMessages: [aoeSpell_C_0] 4
[2018.03.22-19.04.19:789][723]LogBlueprintUserMessages: [aoeSpell_C_0] 4
[2018.03.22-19.04.52:842][301]LogBlueprintUserMessages: [aoeSpell_C_1] 0
[2018.03.22-19.04.52:897][302]LogBlueprintUserMessages: [aoeSpell_C_1] 0
[2018.03.22-19.04.52:954][303]LogBlueprintUserMessages: [aoeSpell_C_1] 0
[2018.03.22-19.04.53:010][304]LogBlueprintUserMessages: [aoeSpell_C_1] 0
[2018.03.22-19.04.53:067][305]LogBlueprintUserMessages: [aoeSpell_C_1] 0
[2018.03.22-19.04.53:124][306]LogBlueprintUserMessages: [aoeSpell_C_1] 0
[2018.03.22-19.04.53:181][307]LogBlueprintUserMessages: [aoeSpell_C_1] 1
[2018.03.22-19.04.53:238][308]LogBlueprintUserMessages: [aoeSpell_C_1] 1
[2018.03.22-19.04.53:295][309]LogBlueprintUserMessages: [aoeSpell_C_1] 1
[2018.03.22-19.04.53:352][310]LogBlueprintUserMessages: [aoeSpell_C_1] 1
[2018.03.22-19.04.53:409][311]LogBlueprintUserMessages: [aoeSpell_C_1] 1
[2018.03.22-19.04.53:465][312]LogBlueprintUserMessages: [aoeSpell_C_1] 1
[2018.03.22-19.04.53:522][313]LogBlueprintUserMessages: [aoeSpell_C_1] 2
[2018.03.22-19.04.53:579][314]LogBlueprintUserMessages: [aoeSpell_C_1] 2
[2018.03.22-19.04.53:636][315]LogBlueprintUserMessages: [aoeSpell_C_1] 2
[2018.03.22-19.04.53:694][316]LogBlueprintUserMessages: [aoeSpell_C_1] 2
[2018.03.22-19.04.53:751][317]LogBlueprintUserMessages: [aoeSpell_C_1] 2
[2018.03.22-19.04.53:808][318]LogBlueprintUserMessages: [aoeSpell_C_1] 2
[2018.03.22-19.04.53:865][319]LogBlueprintUserMessages: [aoeSpell_C_1] 3
[2018.03.22-19.04.53:922][320]LogBlueprintUserMessages: [aoeSpell_C_1] 3
[2018.03.22-19.04.53:979][321]LogBlueprintUserMessages: [aoeSpell_C_1] 3
[2018.03.22-19.04.54:036][322]LogBlueprintUserMessages: [aoeSpell_C_1] 3
[2018.03.22-19.04.54:094][323]LogBlueprintUserMessages: [aoeSpell_C_1] 3
[2018.03.22-19.04.54:151][324]LogBlueprintUserMessages: [aoeSpell_C_1] 3
[2018.03.22-19.04.54:209][325]LogBlueprintUserMessages: [aoeSpell_C_1] 4
[2018.03.22-19.04.54:265][326]LogBlueprintUserMessages: [aoeSpell_C_1] 4
[2018.03.22-19.04.54:323][327]LogBlueprintUserMessages: [aoeSpell_C_1] 4
[2018.03.22-19.04.54:380][328]LogBlueprintUserMessages: [aoeSpell_C_1] 4
[2018.03.22-19.04.54:437][329]LogBlueprintUserMessages: [aoeSpell_C_1] 4
[2018.03.22-19.04.54:495][330]LogBlueprintUserMessages: [aoeSpell_C_1] 4
[2018.03.22-19.05.06:687][544]LogBlueprintUserMessages: [aoeSpell_C_2] 0
[2018.03.22-19.05.06:742][545]LogBlueprintUserMessages: [aoeSpell_C_2] 0
[2018.03.22-19.05.06:799][546]LogBlueprintUserMessages: [aoeSpell_C_2] 0
[2018.03.22-19.05.06:855][547]LogBlueprintUserMessages: [aoeSpell_C_2] 0
[2018.03.22-19.05.06:912][548]LogBlueprintUserMessages: [aoeSpell_C_2] 0
[2018.03.22-19.05.06:969][549]LogBlueprintUserMessages: [aoeSpell_C_2] 0
[2018.03.22-19.05.07:026][550]LogBlueprintUserMessages: [aoeSpell_C_2] 1
[2018.03.22-19.05.07:082][551]LogBlueprintUserMessages: [aoeSpell_C_2] 1
[2018.03.22-19.05.07:139][552]LogBlueprintUserMessages: [aoeSpell_C_2] 1
[2018.03.22-19.05.07:196][553]LogBlueprintUserMessages: [aoeSpell_C_2] 1
[2018.03.22-19.05.07:252][554]LogBlueprintUserMessages: [aoeSpell_C_2] 1
[2018.03.22-19.05.07:309][555]LogBlueprintUserMessages: [aoeSpell_C_2] 1
[2018.03.22-19.05.07:366][556]LogBlueprintUserMessages: [aoeSpell_C_2] 2
[2018.03.22-19.05.07:423][557]LogBlueprintUserMessages: [aoeSpell_C_2] 2
[2018.03.22-19.05.07:479][558]LogBlueprintUserMessages: [aoeSpell_C_2] 2
[2018.03.22-19.05.07:536][559]LogBlueprintUserMessages: [aoeSpell_C_2] 2
[2018.03.22-19.05.07:593][560]LogBlueprintUserMessages: [aoeSpell_C_2] 2
[2018.03.22-19.05.07:650][561]LogBlueprintUserMessages: [aoeSpell_C_2] 2
[2018.03.22-19.05.07:707][562]LogBlueprintUserMessages: [aoeSpell_C_2] 3
[2018.03.22-19.05.07:764][563]LogBlueprintUserMessages: [aoeSpell_C_2] 3
[2018.03.22-19.05.07:821][564]LogBlueprintUserMessages: [aoeSpell_C_2] 3
[2018.03.22-19.05.07:880][565]LogBlueprintUserMessages: [aoeSpell_C_2] 3
[2018.03.22-19.05.07:937][566]LogBlueprintUserMessages: [aoeSpell_C_2] 3
[2018.03.22-19.05.07:994][567]LogBlueprintUserMessages: [aoeSpell_C_2] 3
[2018.03.22-19.05.08:051][568]LogBlueprintUserMessages: [aoeSpell_C_2] 4
[2018.03.22-19.05.08:107][569]LogBlueprintUserMessages: [aoeSpell_C_2] 4
[2018.03.22-19.05.08:165][570]LogBlueprintUserMessages: [aoeSpell_C_2] 4
[2018.03.22-19.05.08:222][571]LogBlueprintUserMessages: [aoeSpell_C_2] 4
[2018.03.22-19.05.08:279][572]LogBlueprintUserMessages: [aoeSpell_C_2] 4
[2018.03.22-19.05.08:336][573]LogBlueprintUserMessages: [aoeSpell_C_2] 4
[2018.03.22-19.05.12:845][652]LogBlueprintUserMessages: [aoeSpell_C_3] 0
[2018.03.22-19.05.12:902][653]LogBlueprintUserMessages: [aoeSpell_C_3] 0
[2018.03.22-19.05.12:959][654]LogBlueprintUserMessages: [aoeSpell_C_3] 0
[2018.03.22-19.05.13:015][655]LogBlueprintUserMessages: [aoeSpell_C_3] 0
[2018.03.22-19.05.13:073][656]LogBlueprintUserMessages: [aoeSpell_C_3] 0
[2018.03.22-19.05.13:130][657]LogBlueprintUserMessages: [aoeSpell_C_3] 0
[2018.03.22-19.05.13:188][658]LogBlueprintUserMessages: [aoeSpell_C_3] 1
[2018.03.22-19.05.13:246][659]LogBlueprintUserMessages: [aoeSpell_C_3] 1
[2018.03.22-19.05.13:302][660]LogBlueprintUserMessages: [aoeSpell_C_3] 1
[2018.03.22-19.05.13:360][661]LogBlueprintUserMessages: [aoeSpell_C_3] 1
[2018.03.22-19.05.13:416][662]LogBlueprintUserMessages: [aoeSpell_C_3] 1
[2018.03.22-19.05.13:473][663]LogBlueprintUserMessages: [aoeSpell_C_3] 1
[2018.03.22-19.05.13:530][664]LogBlueprintUserMessages: [aoeSpell_C_3] 2
[2018.03.22-19.05.13:588][665]LogBlueprintUserMessages: [aoeSpell_C_3] 2
[2018.03.22-19.05.13:644][666]LogBlueprintUserMessages: [aoeSpell_C_3] 2
[2018.03.22-19.05.13:701][667]LogBlueprintUserMessages: [aoeSpell_C_3] 2
[2018.03.22-19.05.13:759][668]LogBlueprintUserMessages: [aoeSpell_C_3] 2
[2018.03.22-19.05.13:815][669]LogBlueprintUserMessages: [aoeSpell_C_3] 2
[2018.03.22-19.05.13:872][670]LogBlueprintUserMessages: [aoeSpell_C_3] 3
[2018.03.22-19.05.13:929][671]LogBlueprintUserMessages: [aoeSpell_C_3] 3
[2018.03.22-19.05.13:986][672]LogBlueprintUserMessages: [aoeSpell_C_3] 3
[2018.03.22-19.05.14:042][673]LogBlueprintUserMessages: [aoeSpell_C_3] 3
[2018.03.22-19.05.14:099][674]LogBlueprintUserMessages: [aoeSpell_C_3] 3
[2018.03.22-19.05.14:156][675]LogBlueprintUserMessages: [aoeSpell_C_3] 3
[2018.03.22-19.05.14:214][676]LogBlueprintUserMessages: [aoeSpell_C_3] 4
[2018.03.22-19.05.14:272][677]LogBlueprintUserMessages: [aoeSpell_C_3] 4
[2018.03.22-19.05.14:328][678]LogBlueprintUserMessages: [aoeSpell_C_3] 4
[2018.03.22-19.05.14:385][679]LogBlueprintUserMessages: [aoeSpell_C_3] 4
[2018.03.22-19.05.14:443][680]LogBlueprintUserMessages: [aoeSpell_C_3] 4
[2018.03.22-19.05.14:501][681]LogBlueprintUserMessages: [aoeSpell_C_3] 4
[2018.03.22-19.05.28:827][931]LogBlueprintUserMessages: [aoeSpell_C_4] 0
[2018.03.22-19.05.28:882][932]LogBlueprintUserMessages: [aoeSpell_C_4] 0
[2018.03.22-19.05.28:939][933]LogBlueprintUserMessages: [aoeSpell_C_4] 0
[2018.03.22-19.05.28:996][934]LogBlueprintUserMessages: [aoeSpell_C_4] 0
[2018.03.22-19.05.29:053][935]LogBlueprintUserMessages: [aoeSpell_C_4] 0
[2018.03.22-19.05.29:110][936]LogBlueprintUserMessages: [aoeSpell_C_4] 0
[2018.03.22-19.05.29:167][937]LogBlueprintUserMessages: [aoeSpell_C_4] 1
[2018.03.22-19.05.29:224][938]LogBlueprintUserMessages: [aoeSpell_C_4] 1
[2018.03.22-19.05.29:281][939]LogBlueprintUserMessages: [aoeSpell_C_4] 1
[2018.03.22-19.05.29:337][940]LogBlueprintUserMessages: [aoeSpell_C_4] 1
[2018.03.22-19.05.29:394][941]LogBlueprintUserMessages: [aoeSpell_C_4] 1
[2018.03.22-19.05.29:452][942]LogBlueprintUserMessages: [aoeSpell_C_4] 1
[2018.03.22-19.05.29:509][943]LogBlueprintUserMessages: [aoeSpell_C_4] 2
[2018.03.22-19.05.29:565][944]LogBlueprintUserMessages: [aoeSpell_C_4] 2
[2018.03.22-19.05.29:623][945]LogBlueprintUserMessages: [aoeSpell_C_4] 2
[2018.03.22-19.05.29:680][946]LogBlueprintUserMessages: [aoeSpell_C_4] 2
[2018.03.22-19.05.29:736][947]LogBlueprintUserMessages: [aoeSpell_C_4] 2
[2018.03.22-19.05.29:793][948]LogBlueprintUserMessages: [aoeSpell_C_4] 2
[2018.03.22-19.05.29:851][949]LogBlueprintUserMessages: [aoeSpell_C_4] 3
[2018.03.22-19.05.29:909][950]LogBlueprintUserMessages: [aoeSpell_C_4] 3
[2018.03.22-19.05.29:967][951]LogBlueprintUserMessages: [aoeSpell_C_4] 3
[2018.03.22-19.05.30:024][952]LogBlueprintUserMessages: [aoeSpell_C_4] 3
[2018.03.22-19.05.30:081][953]LogBlueprintUserMessages: [aoeSpell_C_4] 3
[2018.03.22-19.05.30:137][954]LogBlueprintUserMessages: [aoeSpell_C_4] 3
[2018.03.22-19.05.30:196][955]LogBlueprintUserMessages: [aoeSpell_C_4] 4
[2018.03.22-19.05.30:252][956]LogBlueprintUserMessages: [aoeSpell_C_4] 4
[2018.03.22-19.05.30:309][957]LogBlueprintUserMessages: [aoeSpell_C_4] 4
[2018.03.22-19.05.30:366][958]LogBlueprintUserMessages: [aoeSpell_C_4] 4
[2018.03.22-19.05.30:422][959]LogBlueprintUserMessages: [aoeSpell_C_4] 4
[2018.03.22-19.05.30:480][960]LogBlueprintUserMessages: [aoeSpell_C_4] 4
[2018.03.22-19.08.09:493][740]Closing by request
[2018.03.22-19.08.09:493][740]LogWindows: FPlatformMisc::RequestExit(0)
[2018.03.22-19.08.09:608][741]LogNet: World NetDriver shutdown SteamNetDriver_0 [GameNetDriver]
[2018.03.22-19.08.09:608][741]LogNet: DestroyNamedNetDriver SteamNetDriver_0 [GameNetDriver]
[2018.03.22-19.08.09:609][741]LogNet: UNetConnection::Cleanup: Closing open connection. [UNetConnection] RemoteAddr: 76561198011701234:7777, Name: SteamNetConnection_0, Driver: GameNetDriver SteamNetDriver_0, IsServer: YES, PC: gameplayPC_C_1, Owner: gameplayPC_C_1
[2018.03.22-19.08.09:609][741]LogNet: UNetConnection::Close: [UNetConnection] RemoteAddr: 76561198011701234:7777, Name: SteamNetConnection_0, Driver: GameNetDriver SteamNetDriver_0, IsServer: YES, PC: gameplayPC_C_1, Owner: gameplayPC_C_1, Channels: 11, Time: 2018.03.22-19.08.09
[2018.03.22-19.08.09:609][741]LogNet: UChannel::Close: Sending CloseBunch. ChIndex == 0. Name: [UChannel] ChIndex: 0, Closing: 0 [UNetConnection] RemoteAddr: 76561198011701234:7777, Name: SteamNetConnection_0, Driver: GameNetDriver SteamNetDriver_0, IsServer: YES, PC: gameplayPC_C_1, Owner: gameplayPC_C_1
[2018.03.22-19.08.09:609][741]LogExit: GameNetDriver SteamNetDriver_0 shut down
[2018.03.22-19.08.10:401][741]LogExit: Preparing to exit.
[2018.03.22-19.08.10:401][741]LogMoviePlayer: Shutting down movie player
[2018.03.22-19.08.10:456][741]LogExit: Game engine shut down
[2018.03.22-19.08.10:532][741]LogExit: Object subsystem successfully closed.
[2018.03.22-19.08.10:552][741]LogD3D11RHI: Shutdown
[2018.03.22-19.08.10:552][741]LogD3D11RHI: CleanupD3DDevice
[2018.03.22-19.08.10:554][741]LogD3D11RHI: ~FD3D11DynamicRHI
[2018.03.22-19.08.10:558][741]LogModuleManager: Shutting down and abandoning module SequenceRecorderSections (314)
[2018.03.22-19.08.10:558][741]LogModuleManager: Shutting down and abandoning module SequenceRecorder (312)
[2018.03.22-19.08.10:558][741]LogModuleManager: Shutting down and abandoning module AutomationController (310)
[2018.03.22-19.08.10:558][741]LogModuleManager: Shutting down and abandoning module AutomationWorker (308)
[2018.03.22-19.08.10:558][741]LogModuleManager: Shutting down and abandoning module AIModule (306)
[2018.03.22-19.08.10:558][741]LogModuleManager: Shutting down and abandoning module GameplayDebugger (305)
[2018.03.22-19.08.10:559][741]LogModuleManager: Shutting down and abandoning module AITestSuite (303)
[2018.03.22-19.08.10:559][741]LogModuleManager: Shutting down and abandoning module WmfMediaFactory (300)
[2018.03.22-19.08.10:559][741]LogModuleManager: Shutting down and abandoning module OpenExrWrapper (298)
[2018.03.22-19.08.10:559][741]LogModuleManager: Shutting down and abandoning module ImgMediaFactory (296)
[2018.03.22-19.08.10:559][741]LogModuleManager: Shutting down and abandoning module AvfMediaFactory (294)
[2018.03.22-19.08.10:559][741]LogModuleManager: Shutting down and abandoning module CharacterAI (292)
[2018.03.22-19.08.10:559][741]LogModuleManager: Shutting down and abandoning module SessionServices (290)
[2018.03.22-19.08.10:559][741]LogModuleManager: Shutting down and abandoning module MovieSceneCapture (288)
[2018.03.22-19.08.10:559][741]LogModuleManager: Shutting down and abandoning module MovieSceneTracks (286)
[2018.03.22-19.08.10:559][741]LogModuleManager: Shutting down and abandoning module MovieScene (284)
[2018.03.22-19.08.10:559][741]LogModuleManager: Shutting down and abandoning module GeometryCache (282)
[2018.03.22-19.08.10:559][741]LogModuleManager: Shutting down and abandoning module GeometryCacheEd (281)
[2018.03.22-19.08.10:559][741]LogModuleManager: Shutting down and abandoning module StreamingPauseRendering (278)
[2018.03.22-19.08.10:559][741]LogModuleManager: Shutting down and abandoning module PortalServices (276)
[2018.03.22-19.08.10:559][741]LogModuleManager: Shutting down and abandoning module PortalRpc (274)
[2018.03.22-19.08.10:559][741]LogModuleManager: Shutting down and abandoning module MessagingRpc (272)
[2018.03.22-19.08.10:559][741]LogModuleManager: Shutting down and abandoning module ProfilerService (270)
[2018.03.22-19.08.10:705][741]LogModuleManager: Shutting down and abandoning module TaskGraph (268)
[2018.03.22-19.08.10:705][741]LogModuleManager: Shutting down and abandoning module SteamVRController (266)
[2018.03.22-19.08.10:705][741]LogModuleManager: Shutting down and abandoning module ProceduralMeshComponent (264)
[2018.03.22-19.08.10:705][741]LogModuleManager: Shutting down and abandoning module OculusInput (262)
[2018.03.22-19.08.10:705][741]LogModuleManager: Shutting down and abandoning module MobilePatchingUtils (260)
[2018.03.22-19.08.10:705][741]LogModuleManager: Shutting down and abandoning module CustomMeshComponent (258)
[2018.03.22-19.08.10:705][741]LogModuleManager: Shutting down and abandoning module CableComponent (256)
[2018.03.22-19.08.10:705][741]LogModuleManager: Shutting down and abandoning module ArchVisCharacter (254)
[2018.03.22-19.08.10:705][741]LogModuleManager: Shutting down and abandoning module AndroidPermission (252)
[2018.03.22-19.08.10:705][741]LogModuleManager: Shutting down and abandoning module ActorSequence (248)
[2018.03.22-19.08.10:705][741]LogModuleManager: Shutting down and abandoning module MediaCompositing (246)
[2018.03.22-19.08.10:705][741]LogModuleManager: Shutting down and abandoning module HTML5Networking (244)
[2018.03.22-19.08.10:705][741]LogModuleManager: Shutting down and abandoning module VisualStudioSourceCodeAccess (242)
[2018.03.22-19.08.10:705][741]LogModuleManager: Shutting down and abandoning module HotReload (241)
[2018.03.22-19.08.10:705][741]LogModuleManager: Shutting down and abandoning module VisualStudioCodeSourceCodeAccess (238)
[2018.03.22-19.08.10:705][741]LogModuleManager: Shutting down and abandoning module UObjectPlugin (236)
[2018.03.22-19.08.10:705][741]LogModuleManager: Shutting down and abandoning module SubversionSourceControl (234)
[2018.03.22-19.08.10:705][741]LogModuleManager: Shutting down and abandoning module PerforceSourceControl (232)
[2018.03.22-19.08.10:705][741]LogModuleManager: Shutting down and abandoning module SourceControl (231)
[2018.03.22-19.08.10:705][741]LogModuleManager: Shutting down and abandoning module RuntimePhysXCooking (228)
[2018.03.22-19.08.10:705][741]LogModuleManager: Shutting down and abandoning module PhysXVehiclesEditor (226)
[2018.03.22-19.08.10:705][741]LogModuleManager: Shutting down and abandoning module PhysXVehicles (224)
[2018.03.22-19.08.10:705][741]LogModuleManager: Shutting down and abandoning module LocationServicesBPLibrary (222)
[2018.03.22-19.08.10:705][741]LogModuleManager: Shutting down and abandoning module ImmediatePhysicsEditor (220)
[2018.03.22-19.08.10:705][741]LogModuleManager: Shutting down and abandoning module ImmediatePhysics (218)
[2018.03.22-19.08.10:705][741]LogModuleManager: Shutting down and abandoning module UdpMessaging (216)
[2018.03.22-19.08.10:705][741]LogModuleManager: Shutting down and abandoning module TcpMessaging (214)
[2018.03.22-19.08.10:705][741]LogModuleManager: Shutting down and abandoning module GameplayTagsEditor (212)
[2018.03.22-19.08.10:705][741]LogModuleManager: Shutting down and abandoning module FacialAnimation (210)
[2018.03.22-19.08.10:705][741]LogModuleManager: Shutting down and abandoning module AssetManagerEditor (208)
[2018.03.22-19.08.10:705][741]LogModuleManager: Shutting down and abandoning module GraphEditor (207)
[2018.03.22-19.08.10:705][741]LogModuleManager: Shutting down and abandoning module ContentBrowser (205)
[2018.03.22-19.08.10:705][741]LogModuleManager: Shutting down and abandoning module CollectionManager (204)
[2018.03.22-19.08.10:705][741]LogDirectoryWatcher: A directory notification for 'D:/ue4/steam/Content/Collections/' was aborted.
[2018.03.22-19.08.10:705][741]LogDirectoryWatcher: A directory notification for 'D:/ue4/steam/Content/Developers/Energy/Collections/' was aborted.
[2018.03.22-19.08.10:705][741]LogDirectoryWatcher: A directory notification for 'D:/ue4/steam/Saved/Collections/' was aborted.
[2018.03.22-19.08.10:705][741]LogModuleManager: Shutting down and abandoning module DirectoryWatcher (203)
[2018.03.22-19.08.10:705][741]LogModuleManager: Shutting down and abandoning module LightPropagationVolumeRuntime (198)
[2018.03.22-19.08.10:705][741]LogModuleManager: Shutting down and abandoning module Paper2D (196)
[2018.03.22-19.08.10:705][741]LogModuleManager: Shutting down and abandoning module WindowsMoviePlayer (194)
[2018.03.22-19.08.10:705][741]LogModuleManager: Shutting down and abandoning module WmfMedia (192)
[2018.03.22-19.08.10:708][741]LogModuleManager: Shutting down and abandoning module ImgMedia (190)
[2018.03.22-19.08.10:708][741]LogModuleManager: Shutting down and abandoning module PacketHandler (188)
[2018.03.22-19.08.10:708][741]LogModuleManager: Shutting down and abandoning module ClothingSystemEditor (186)
[2018.03.22-19.08.10:708][741]LogModuleManager: Shutting down and abandoning module ClothingSystemRuntime (184)
[2018.03.22-19.08.10:708][741]LogModuleManager: Shutting down and abandoning module MediaAssets (182)
[2018.03.22-19.08.10:708][741]LogModuleManager: Shutting down and abandoning module Media (181)
[2018.03.22-19.08.10:714][741]LogModuleManager: Shutting down and abandoning module Overlay (178)
[2018.03.22-19.08.10:714][741]LogModuleManager: Shutting down and abandoning module OverlayEditor (177)
[2018.03.22-19.08.10:714][741]LogModuleManager: Shutting down and abandoning module VREditor (174)
[2018.03.22-19.08.10:714][741]LogModuleManager: Shutting down and abandoning module StringTableEditor (172)
[2018.03.22-19.08.10:714][741]LogModuleManager: Shutting down and abandoning module GameplayTasksEditor (170)
[2018.03.22-19.08.10:714][741]LogModuleManager: Shutting down and abandoning module BehaviorTreeEditor (168)
[2018.03.22-19.08.10:714][741]LogModuleManager: Shutting down and abandoning module FunctionalTesting (166)
[2018.03.22-19.08.10:714][741]LogModuleManager: Shutting down and abandoning module CollisionAnalyzer (164)
[2018.03.22-19.08.10:714][741]LogModuleManager: Shutting down and abandoning module WorkspaceMenuStructure (163)
[2018.03.22-19.08.10:714][741]LogModuleManager: Shutting down and abandoning module UMG (160)
[2018.03.22-19.08.10:714][741]LogModuleManager: Shutting down and abandoning module UMGEditor (159)
[2018.03.22-19.08.10:714][741]LogModuleManager: Shutting down and abandoning module Sequencer (158)
[2018.03.22-19.08.10:714][741]LogModuleManager: Shutting down and abandoning module MessageLog (155)
[2018.03.22-19.08.10:714][741]LogModuleManager: Shutting down and abandoning module SlateReflector (150)
[2018.03.22-19.08.10:714][741]LogModuleManager: Shutting down and abandoning module Slate (148)
[2018.03.22-19.08.10:714][741]LogModuleManager: Shutting down and abandoning module EditorStyle (146)
[2018.03.22-19.08.10:716][741]LogModuleManager: Shutting down and abandoning module MRMesh (144)
[2018.03.22-19.08.10:716][741]LogModuleManager: Shutting down and abandoning module Messaging (142)
[2018.03.22-19.08.10:716][741]LogModuleManager: Shutting down and abandoning module SourceCodeAccess (140)
[2018.03.22-19.08.10:716][741]LogModuleManager: Shutting down and abandoning module HeadMountedDisplay (138)
[2018.03.22-19.08.10:716][741]LogModuleManager: Shutting down and abandoning module XAudio2 (136)
[2018.03.22-19.08.10:716][741]LogModuleManager: Shutting down and abandoning module Networking (134)
[2018.03.22-19.08.10:716][741]LogModuleManager: Shutting down and abandoning module Core (132)
[2018.03.22-19.08.10:716][741]LogModuleManager: Shutting down and abandoning module LevelSequence (130)
[2018.03.22-19.08.10:716][741]LogModuleManager: Shutting down and abandoning module KismetCompiler (128)
[2018.03.22-19.08.10:716][741]LogModuleManager: Shutting down and abandoning module MeshUtilities (126)
[2018.03.22-19.08.10:716][741]LogModuleManager: Shutting down and abandoning module MeshMergeUtilities (125)
[2018.03.22-19.08.10:716][741]LogModuleManager: Shutting down and abandoning module MeshReductionInterface (124)
[2018.03.22-19.08.10:716][741]LogModuleManager: Shutting down and abandoning module SimplygonSwarm (123)
[2018.03.22-19.08.10:716][741]LogModuleManager: Shutting down and abandoning module SimplygonMeshReduction (121)
[2018.03.22-19.08.10:716][741]LogModuleManager: Shutting down and abandoning module QuadricMeshReduction (119)
[2018.03.22-19.08.10:716][741]LogModuleManager: Shutting down and abandoning module MaterialBaking (115)
[2018.03.22-19.08.10:716][741]LogModuleManager: Shutting down and abandoning module DerivedDataCache (110)
[2018.03.22-19.08.10:769][741]LogDerivedDataCache: Shutdown
[2018.03.22-19.08.10:769][741]LogModuleManager: Shutting down and abandoning module TargetPlatform (108)
[2018.03.22-19.08.10:769][741]LogModuleManager: Shutting down and abandoning module VulkanShaderFormat (107)
[2018.03.22-19.08.10:769][741]LogModuleManager: Shutting down and abandoning module ShaderFormatVectorVM (105)
[2018.03.22-19.08.10:769][741]LogModuleManager: Shutting down and abandoning module ShaderFormatOpenGL (103)
[2018.03.22-19.08.10:769][741]LogModuleManager: Shutting down and abandoning module ShaderFormatD3D (101)
[2018.03.22-19.08.10:769][741]LogModuleManager: Shutting down and abandoning module MetalShaderFormat (99)
[2018.03.22-19.08.10:769][741]LogModuleManager: Shutting down and abandoning module TextureFormatUncompressed (97)
[2018.03.22-19.08.10:769][741]LogModuleManager: Shutting down and abandoning module TextureFormatPVR (95)
[2018.03.22-19.08.10:769][741]LogModuleManager: Shutting down and abandoning module TextureFormatDXT (93)
[2018.03.22-19.08.10:769][741]LogModuleManager: Shutting down and abandoning module TextureFormatIntelISPCTexComp (91)
[2018.03.22-19.08.10:769][741]LogModuleManager: Shutting down and abandoning module TextureFormatASTC (89)
[2018.03.22-19.08.10:769][741]LogModuleManager: Shutting down and abandoning module ImageWrapper (88)
[2018.03.22-19.08.10:769][741]LogModuleManager: Shutting down and abandoning module TextureFormatAndroid (85)
[2018.03.22-19.08.10:769][741]LogModuleManager: Shutting down and abandoning module AudioFormatOpus (83)
[2018.03.22-19.08.10:769][741]LogModuleManager: Shutting down and abandoning module AudioFormatOgg (81)
[2018.03.22-19.08.10:769][741]LogModuleManager: Shutting down and abandoning module AudioFormatADPCM (79)
[2018.03.22-19.08.10:769][741]LogModuleManager: Shutting down and abandoning module WindowsTargetPlatform (77)
[2018.03.22-19.08.10:769][741]LogModuleManager: Shutting down and abandoning module WindowsServerTargetPlatform (75)
[2018.03.22-19.08.10:769][741]LogModuleManager: Shutting down and abandoning module WindowsNoEditorTargetPlatform (73)
[2018.03.22-19.08.10:769][741]LogModuleManager: Shutting down and abandoning module WindowsClientTargetPlatform (71)
[2018.03.22-19.08.10:769][741]LogModuleManager: Shutting down and abandoning module InputCore (68)
[2018.03.22-19.08.10:770][741]LogModuleManager: Shutting down and abandoning module Settings (66)
[2018.03.22-19.08.10:770][741]LogModuleManager: Shutting down and abandoning module PhysXCooking (64)
[2018.03.22-19.08.10:770][741]LogModuleManager: Shutting down and abandoning module SteamVR (62)
[2018.03.22-19.08.10:770][741]LogModuleManager: Shutting down and abandoning module OculusHMD (60)
[2018.03.22-19.08.10:770][741]LogModuleManager: Shutting down and abandoning module ExampleDeviceProfileSelector (58)
[2018.03.22-19.08.10:770][741]LogModuleManager: Shutting down and abandoning module AppleARKit (56)
[2018.03.22-19.08.10:770][741]LogModuleManager: Shutting down and abandoning module AugmentedReality (55)
[2018.03.22-19.08.10:770][741]LogModuleManager: Shutting down and abandoning module OnlineBlueprintSupport (52)
[2018.03.22-19.08.10:770][741]LogModuleManager: Shutting down and abandoning module OnlineSubsystem (48)
[2018.03.22-19.08.10:770][741]LogOnline: Display: STEAM: OnlineSubsystemSteam::Shutdown()
[2018.03.22-19.08.10:770][741]LogOnline: Display: OSS: FOnlineAsyncTaskManager::Stop() ActiveTask:0000000000000000 Tasks[4/0]
[2018.03.22-19.08.10:797][741]LogOnline: Display: OSS: FOnlineAsyncTaskManager::Exit() started
[2018.03.22-19.08.10:797][741]LogOnline: Display: OSS: FOnlineAsyncTaskManager::Exit() finished
[2018.03.22-19.08.10:797][741]LogOnline: Display: STEAM: OnlineSubsystemSteam::Shutdown()
[2018.03.22-19.08.10:797][741]LogModuleManager: Shutting down and abandoning module XMPP (43)
[2018.03.22-19.08.10:797][741]LogModuleManager: Shutting down and abandoning module HTTP (41)
[2018.03.22-19.08.10:803][741]LogModuleManager: Shutting down and abandoning module SSL (40)
[2018.03.22-19.08.10:804][741]LogModuleManager: Shutting down and abandoning module AnimationModifiers (36)
[2018.03.22-19.08.10:804][741]LogModuleManager: Shutting down and abandoning module PropertyEditor (35)
[2018.03.22-19.08.10:804][741]LogModuleManager: Shutting down and abandoning module AudioEditor (32)
[2018.03.22-19.08.10:804][741]LogModuleManager: Shutting down and abandoning module TextureCompressor (30)
[2018.03.22-19.08.10:805][741]LogModuleManager: Shutting down and abandoning module ShaderCore (28)
[2018.03.22-19.08.10:805][741]LogModuleManager: Shutting down and abandoning module Landscape (26)
[2018.03.22-19.08.10:805][741]LogModuleManager: Shutting down and abandoning module SlateRHIRenderer (24)
[2018.03.22-19.08.10:805][741]LogModuleManager: Shutting down and abandoning module OpenGLDrv (22)
[2018.03.22-19.08.10:805][741]LogModuleManager: Shutting down and abandoning module D3D11RHI (20)
[2018.03.22-19.08.10:805][741]LogModuleManager: Shutting down and abandoning module AnimGraphRuntime (18)
[2018.03.22-19.08.10:805][741]LogModuleManager: Shutting down and abandoning module Renderer (16)
[2018.03.22-19.08.10:805][741]LogModuleManager: Shutting down and abandoning module Engine (14)
[2018.03.22-19.08.10:805][741]LogModuleManager: Shutting down and abandoning module CoreUObject (12)
[2018.03.22-19.08.10:805][741]LogModuleManager: Shutting down and abandoning module NetworkFile (10)
[2018.03.22-19.08.10:805][741]LogModuleManager: Shutting down and abandoning module CookedIterativeFile (8)
[2018.03.22-19.08.10:805][741]LogModuleManager: Shutting down and abandoning module StreamingFile (6)
[2018.03.22-19.08.10:805][741]LogModuleManager: Shutting down and abandoning module SandboxFile (4)
[2018.03.22-19.08.10:805][741]LogModuleManager: Shutting down and abandoning module PakFile (2)
[2018.03.22-19.08.10:808][741]LogExit: Exiting.
[2018.03.22-19.08.10:809][741]Log file closed, 03/22/18 12:08:10
