Log file open, 04/02/18 11:27:36
LogWindows: Failed to load 'aqProf.dll' (GetLastError=126)
LogWindows: File 'aqProf.dll' does not exist
LogWindows: Failed to load 'VSPerf140.dll' (GetLastError=126)
LogWindows: File 'VSPerf140.dll' does not exist
LogWindows: Failed to load 'VtuneApi.dll' (GetLastError=126)
LogWindows: File 'VtuneApi.dll' does not exist
LogWindows: Failed to load 'VtuneApi32e.dll' (GetLastError=126)
LogWindows: File 'VtuneApi32e.dll' does not exist
LogInit: Display: Running engine for game: MyProject12
LogPlatformFile: Not using cached read wrapper
LogInit: Display: RandInit(-318195419) SRandInit(-318195419).
LogInit: Read version file with build ID '3709383'
LogInit: Overriding engine version to CL 3794801, compatible CL 3709383
LogInit: Registered custom module enumerator with build ID '3709383'
LogTaskGraph: Started task graph with 5 named threads and 14 total threads with 3 sets of task threads.
LogStats: Stats thread started at 0.165467
LogD3D11RHI: Aftermath initialized
LogModuleManager: Display: Found up-to-date module file ../../../Engine/Plugins/Online/OnlineSubsystemSteam/Binaries/Win64/UE4Editor-OnlineSubsystemSteam.dll (API version 3709383).
LogModuleManager: Display: Found up-to-date module file ../../../Engine/Plugins/Online/OnlineSubsystem/Binaries/Win64/UE4Editor-OnlineSubsystem.dll (API version 3709383).
LogModuleManager: Display: Found up-to-date module file ../../../Engine/Plugins/Online/OnlineSubsystemUtils/Binaries/Win64/UE4Editor-OnlineSubsystemUtils.dll (API version 3709383).
LogModuleManager: Display: Found up-to-date module file ../../../Engine/Plugins/Online/OnlineSubsystemUtils/Binaries/Win64/UE4Editor-OnlineBlueprintSupport.dll (API version 3709383).
LogModuleManager: Display: Found up-to-date module file ../../../Engine/Plugins/2D/Paper2D/Binaries/Win64/UE4Editor-Paper2D.dll (API version 3709383).
LogModuleManager: Display: Found up-to-date module file ../../../Engine/Plugins/2D/Paper2D/Binaries/Win64/UE4Editor-Paper2DEditor.dll (API version 3709383).
LogModuleManager: Display: Found up-to-date module file ../../../Engine/Plugins/2D/Paper2D/Binaries/Win64/UE4Editor-PaperSpriteSheetImporter.dll (API version 3709383).
LogModuleManager: Display: Found up-to-date module file ../../../Engine/Plugins/2D/Paper2D/Binaries/Win64/UE4Editor-PaperTiledImporter.dll (API version 3709383).
LogModuleManager: Display: Found up-to-date module file ../../../Engine/Plugins/2D/Paper2D/Binaries/Win64/UE4Editor-SmartSnapping.dll (API version 3709383).
LogModuleManager: Display: Found up-to-date module file ../../../Engine/Plugins/Blendables/LightPropagationVolume/Binaries/Win64/UE4Editor-LightPropagationVolumeRuntime.dll (API version 3709383).
LogModuleManager: Display: Found up-to-date module file ../../../Engine/Plugins/Blendables/LightPropagationVolume/Binaries/Win64/UE4Editor-LightPropagationVolumeEditor.dll (API version 3709383).
LogModuleManager: Display: Found up-to-date module file ../../../Engine/Plugins/Developer/GitSourceControl/Binaries/Win64/UE4Editor-GitSourceControl.dll (API version 3709383).
LogModuleManager: Display: Found up-to-date module file ../../../Engine/Plugins/Developer/PerforceSourceControl/Binaries/Win64/UE4Editor-PerforceSourceControl.dll (API version 3709383).
LogModuleManager: Display: Found up-to-date module file ../../../Engine/Plugins/Developer/SubversionSourceControl/Binaries/Win64/UE4Editor-SubversionSourceControl.dll (API version 3709383).
LogModuleManager: Display: Found up-to-date module file ../../../Engine/Plugins/Developer/UObjectPlugin/Binaries/Win64/UE4Editor-UObjectPlugin.dll (API version 3709383).
LogModuleManager: Display: Found up-to-date module file ../../../Engine/Plugins/Developer/VisualStudioCodeSourceCodeAccess/Binaries/Win64/UE4Editor-VisualStudioCodeSourceCodeAccess.dll (API version 3709383).
LogModuleManager: Display: Found up-to-date module file ../../../Engine/Plugins/Developer/VisualStudioSourceCodeAccess/Binaries/Win64/UE4Editor-VisualStudioSourceCodeAccess.dll (API version 3709383).
LogModuleManager: Display: Found up-to-date module file ../../../Engine/Plugins/Editor/AssetManagerEditor/Binaries/Win64/UE4Editor-AssetManagerEditor.dll (API version 3709383).
LogModuleManager: Display: Found up-to-date module file ../../../Engine/Plugins/Editor/AudioCapture/Binaries/Win64/UE4Editor-AudioCapture.dll (API version 3709383).
LogModuleManager: Display: Found up-to-date module file ../../../Engine/Plugins/Editor/FacialAnimation/Binaries/Win64/UE4Editor-FacialAnimation.dll (API version 3709383).
LogModuleManager: Display: Found up-to-date module file ../../../Engine/Plugins/Editor/FacialAnimation/Binaries/Win64/UE4Editor-FacialAnimationEditor.dll (API version 3709383).
LogModuleManager: Display: Found up-to-date module file ../../../Engine/Plugins/Editor/GameplayTagsEditor/Binaries/Win64/UE4Editor-GameplayTagsEditor.dll (API version 3709383).
LogModuleManager: Display: Found up-to-date module file ../../../Engine/Plugins/Editor/MobileLauncherProfileWizard/Binaries/Win64/UE4Editor-MobileLauncherProfileWizard.dll (API version 3709383).
LogModuleManager: Display: Found up-to-date module file ../../../Engine/Plugins/Editor/PluginBrowser/Binaries/Win64/UE4Editor-PluginBrowser.dll (API version 3709383).
LogModuleManager: Display: Found up-to-date module file ../../../Engine/Plugins/Editor/SpeedTreeImporter/Binaries/Win64/UE4Editor-SpeedTreeImporter.dll (API version 3709383).
LogModuleManager: Display: Found up-to-date module file ../../../Engine/Plugins/Experimental/AlembicImporter/Binaries/Win64/UE4Editor-AlembicImporter.dll (API version 3709383).
LogModuleManager: Display: Found up-to-date module file ../../../Engine/Plugins/Experimental/AlembicImporter/Binaries/Win64/UE4Editor-AlembicLibrary.dll (API version 3709383).
LogModuleManager: Display: Found up-to-date module file ../../../Engine/Plugins/Experimental/CharacterAI/Binaries/Win64/UE4Editor-CharacterAI.dll (API version 3709383).
LogModuleManager: Display: Found up-to-date module file ../../../Engine/Plugins/Experimental/HTML5Networking/Binaries/Win64/UE4Editor-HTML5Networking.dll (API version 3709383).
LogModuleManager: Display: Found up-to-date module file ../../../Engine/Plugins/Media/AndroidMedia/Binaries/Win64/UE4Editor-AndroidMediaEditor.dll (API version 3709383).
LogModuleManager: Display: Found up-to-date module file ../../../Engine/Plugins/Media/AndroidMedia/Binaries/Win64/UE4Editor-AndroidMediaFactory.dll (API version 3709383).
LogModuleManager: Display: Found up-to-date module file ../../../Engine/Plugins/Media/AvfMedia/Binaries/Win64/UE4Editor-AvfMediaEditor.dll (API version 3709383).
LogModuleManager: Display: Found up-to-date module file ../../../Engine/Plugins/Media/AvfMedia/Binaries/Win64/UE4Editor-AvfMediaFactory.dll (API version 3709383).
LogModuleManager: Display: Found up-to-date module file ../../../Engine/Plugins/Media/AvfMedia/Binaries/Win64/UE4Editor-AvfMediaFactory.dll (API version 3709383).
LogModuleManager: Display: Found up-to-date module file ../../../Engine/Plugins/Media/ImgMedia/Binaries/Win64/UE4Editor-ImgMedia.dll (API version 3709383).
LogModuleManager: Display: Found up-to-date module file ../../../Engine/Plugins/Media/ImgMedia/Binaries/Win64/UE4Editor-ImgMediaEditor.dll (API version 3709383).
LogModuleManager: Display: Found up-to-date module file ../../../Engine/Plugins/Media/ImgMedia/Binaries/Win64/UE4Editor-ImgMediaFactory.dll (API version 3709383).
LogModuleManager: Display: Found up-to-date module file ../../../Engine/Plugins/Media/ImgMedia/Binaries/Win64/UE4Editor-ImgMediaFactory.dll (API version 3709383).
LogModuleManager: Display: Found up-to-date module file ../../../Engine/Plugins/Media/ImgMedia/Binaries/Win64/UE4Editor-OpenExrWrapper.dll (API version 3709383).
LogModuleManager: Display: Found up-to-date module file ../../../Engine/Plugins/Media/MediaCompositing/Binaries/Win64/UE4Editor-MediaCompositing.dll (API version 3709383).
LogModuleManager: Display: Found up-to-date module file ../../../Engine/Plugins/Media/MediaCompositing/Binaries/Win64/UE4Editor-MediaCompositingEditor.dll (API version 3709383).
LogModuleManager: Display: Found up-to-date module file ../../../Engine/Plugins/Media/MediaPlayerEditor/Binaries/Win64/UE4Editor-MediaPlayerEditor.dll (API version 3709383).
LogModuleManager: Display: Found up-to-date module file ../../../Engine/Plugins/Media/WmfMedia/Binaries/Win64/UE4Editor-WmfMedia.dll (API version 3709383).
LogModuleManager: Display: Found up-to-date module file ../../../Engine/Plugins/Media/WmfMedia/Binaries/Win64/UE4Editor-WmfMediaEditor.dll (API version 3709383).
LogModuleManager: Display: Found up-to-date module file ../../../Engine/Plugins/Media/WmfMedia/Binaries/Win64/UE4Editor-WmfMediaFactory.dll (API version 3709383).
LogModuleManager: Display: Found up-to-date module file ../../../Engine/Plugins/Media/WmfMedia/Binaries/Win64/UE4Editor-WmfMediaFactory.dll (API version 3709383).
LogModuleManager: Display: Found up-to-date module file ../../../Engine/Plugins/Messaging/TcpMessaging/Binaries/Win64/UE4Editor-TcpMessaging.dll (API version 3709383).
LogModuleManager: Display: Found up-to-date module file ../../../Engine/Plugins/Messaging/UdpMessaging/Binaries/Win64/UE4Editor-UdpMessaging.dll (API version 3709383).
LogModuleManager: Display: Found up-to-date module file ../../../Engine/Plugins/MovieScene/ActorSequence/Binaries/Win64/UE4Editor-ActorSequence.dll (API version 3709383).
LogModuleManager: Display: Found up-to-date module file ../../../Engine/Plugins/MovieScene/LevelSequenceEditor/Binaries/Win64/UE4Editor-LevelSequenceEditor.dll (API version 3709383).
LogModuleManager: Display: Found up-to-date module file ../../../Engine/Plugins/MovieScene/MatineeToLevelSequence/Binaries/Win64/UE4Editor-MatineeToLevelSequence.dll (API version 3709383).
LogModuleManager: Display: Found up-to-date module file ../../../Engine/Plugins/Runtime/AndroidPermission/Binaries/Win64/UE4Editor-AndroidPermission.dll (API version 3709383).
LogModuleManager: Display: Found up-to-date module file ../../../Engine/Plugins/Online/OnlineSubsystemNull/Binaries/Win64/UE4Editor-OnlineSubsystemNull.dll (API version 3709383).
LogModuleManager: Display: Found up-to-date module file ../../../Engine/Plugins/Runtime/AndroidDeviceProfileSelector/Binaries/Win64/UE4Editor-AndroidDeviceProfileSelector.dll (API version 3709383).
LogModuleManager: Display: Found up-to-date module file ../../../Engine/Plugins/Runtime/AppleARKit/Binaries/Win64/UE4Editor-AppleARKit.dll (API version 3709383).
LogModuleManager: Display: Found up-to-date module file ../../../Engine/Plugins/Runtime/ArchVisCharacter/Binaries/Win64/UE4Editor-ArchVisCharacter.dll (API version 3709383).
LogModuleManager: Display: Found up-to-date module file ../../../Engine/Plugins/Runtime/CableComponent/Binaries/Win64/UE4Editor-CableComponent.dll (API version 3709383).
LogModuleManager: Display: Found up-to-date module file ../../../Engine/Plugins/Runtime/CustomMeshComponent/Binaries/Win64/UE4Editor-CustomMeshComponent.dll (API version 3709383).
LogModuleManager: Display: Found up-to-date module file ../../../Engine/Plugins/Runtime/ExampleDeviceProfileSelector/Binaries/Win64/UE4Editor-ExampleDeviceProfileSelector.dll (API version 3709383).
LogModuleManager: Display: Found up-to-date module file ../../../Engine/Plugins/Runtime/ImmediatePhysics/Binaries/Win64/UE4Editor-ImmediatePhysics.dll (API version 3709383).
LogModuleManager: Display: Found up-to-date module file ../../../Engine/Plugins/Runtime/ImmediatePhysics/Binaries/Win64/UE4Editor-ImmediatePhysicsEditor.dll (API version 3709383).
LogModuleManager: Display: Found up-to-date module file ../../../Engine/Plugins/Runtime/LocationServicesBPLibrary/Binaries/Win64/UE4Editor-LocationServicesBPLibrary.dll (API version 3709383).
LogModuleManager: Display: Found up-to-date module file ../../../Engine/Plugins/Runtime/MobilePatchingUtils/Binaries/Win64/UE4Editor-MobilePatchingUtils.dll (API version 3709383).
LogModuleManager: Display: Found up-to-date module file ../../../Engine/Plugins/Runtime/Oculus/OculusVR/Binaries/Win64/UE4Editor-OculusHMD.dll (API version 3709383).
LogModuleManager: Display: Found up-to-date module file ../../../Engine/Plugins/Runtime/Oculus/OculusVR/Binaries/Win64/UE4Editor-OculusInput.dll (API version 3709383).
LogModuleManager: Display: Found up-to-date module file ../../../Engine/Plugins/Runtime/Oculus/OculusVR/Binaries/Win64/UE4Editor-OculusEditor.dll (API version 3709383).
LogModuleManager: Display: Found up-to-date module file ../../../Engine/Plugins/Runtime/PhysXVehicles/Binaries/Win64/UE4Editor-PhysXVehicles.dll (API version 3709383).
LogModuleManager: Display: Found up-to-date module file ../../../Engine/Plugins/Runtime/PhysXVehicles/Binaries/Win64/UE4Editor-PhysXVehiclesEditor.dll (API version 3709383).
LogModuleManager: Display: Found up-to-date module file ../../../Engine/Plugins/Runtime/ProceduralMeshComponent/Binaries/Win64/UE4Editor-ProceduralMeshComponent.dll (API version 3709383).
LogModuleManager: Display: Found up-to-date module file ../../../Engine/Plugins/Runtime/ProceduralMeshComponent/Binaries/Win64/UE4Editor-ProceduralMeshComponentEditor.dll (API version 3709383).
LogModuleManager: Display: Found up-to-date module file ../../../Engine/Plugins/Runtime/RuntimePhysXCooking/Binaries/Win64/UE4Editor-RuntimePhysXCooking.dll (API version 3709383).
LogModuleManager: Display: Found up-to-date module file ../../../Engine/Plugins/Runtime/Steam/SteamVR/Binaries/Win64/UE4Editor-SteamVR.dll (API version 3709383).
LogModuleManager: Display: Found up-to-date module file ../../../Engine/Plugins/Runtime/Steam/SteamVR/Binaries/Win64/UE4Editor-SteamVRController.dll (API version 3709383).
LogModuleManager: Display: Found up-to-date module file ../../../Engine/Plugins/Runtime/WindowsMoviePlayer/Binaries/Win64/UE4Editor-WindowsMoviePlayer.dll (API version 3709383).
LogPluginManager: Mounting plugin Paper2D
LogPluginManager: Mounting plugin LightPropagationVolume
LogPluginManager: Mounting plugin CodeLiteSourceCodeAccess
LogPluginManager: Mounting plugin GitSourceControl
LogPluginManager: Mounting plugin KDevelopSourceCodeAccess
LogPluginManager: Mounting plugin NullSourceCodeAccess
LogPluginManager: Mounting plugin PerforceSourceControl
LogPluginManager: Mounting plugin SubversionSourceControl
LogPluginManager: Mounting plugin UObjectPlugin
LogPluginManager: Mounting plugin VisualStudioCodeSourceCodeAccess
LogPluginManager: Mounting plugin VisualStudioSourceCodeAccess
LogPluginManager: Mounting plugin XCodeSourceCodeAccess
LogPluginManager: Mounting plugin AssetManagerEditor
LogPluginManager: Mounting plugin AudioCapture
LogPluginManager: Mounting plugin FacialAnimation
LogPluginManager: Mounting plugin GameplayTagsEditor
LogPluginManager: Mounting plugin MobileLauncherProfileWizard
LogPluginManager: Mounting plugin PluginBrowser
LogPluginManager: Mounting plugin SpeedTreeImporter
LogPluginManager: Mounting plugin AlembicImporter
LogPluginManager: Mounting plugin CharacterAI
LogPluginManager: Mounting plugin HTML5Networking
LogPluginManager: Mounting plugin AndroidMedia
LogPluginManager: Mounting plugin AvfMedia
LogPluginManager: Mounting plugin ImgMedia
LogPluginManager: Mounting plugin MediaCompositing
LogPluginManager: Mounting plugin MediaPlayerEditor
LogPluginManager: Mounting plugin WmfMedia
LogPluginManager: Mounting plugin TcpMessaging
LogPluginManager: Mounting plugin UdpMessaging
LogPluginManager: Mounting plugin ActorSequence
LogPluginManager: Mounting plugin LevelSequenceEditor
LogPluginManager: Mounting plugin MatineeToLevelSequence
LogPluginManager: Mounting plugin OnlineSubsystemGooglePlay
LogPluginManager: Mounting plugin OnlineSubsystemIOS
LogPluginManager: Mounting plugin OnlineSubsystem
LogPluginManager: Mounting plugin OnlineSubsystemNull
LogPluginManager: Mounting plugin OnlineSubsystemSteam
LogPluginManager: Mounting plugin OnlineSubsystemUtils
LogPluginManager: Mounting plugin AndroidDeviceProfileSelector
LogPluginManager: Mounting plugin AndroidMoviePlayer
LogPluginManager: Mounting plugin AndroidPermission
LogPluginManager: Mounting plugin AppleARKit
LogPluginManager: Mounting plugin AppleMoviePlayer
LogPluginManager: Mounting plugin ArchVisCharacter
LogPluginManager: Mounting plugin CableComponent
LogPluginManager: Mounting plugin CustomMeshComponent
LogPluginManager: Mounting plugin ExampleDeviceProfileSelector
LogPluginManager: Mounting plugin GoogleCloudMessaging
LogPluginManager: Mounting plugin ImmediatePhysics
LogPluginManager: Mounting plugin IOSDeviceProfileSelector
LogPluginManager: Mounting plugin LinuxDeviceProfileSelector
LogPluginManager: Mounting plugin LocationServicesBPLibrary
LogPluginManager: Mounting plugin MobilePatchingUtils
LogPluginManager: Mounting plugin OculusVR
LogPluginManager: Plugin shader directory ../../../Engine/Plugins/Runtime/Oculus/OculusVR/Shaders found
LogPluginManager: Mapping shader source directory ../../../Engine/Plugins/Runtime/Oculus/OculusVR/Shaders to virtual directory /Plugin/OculusVR
LogPluginManager: Mounting plugin PhysXVehicles
LogPluginManager: Mounting plugin ProceduralMeshComponent
LogPluginManager: Mounting plugin RuntimePhysXCooking
LogPluginManager: Mounting plugin SteamVR
LogPluginManager: Mounting plugin WindowsMoviePlayer
LogInit: Using libcurl 7.47.1
LogInit:  - built for x86_64-pc-win32
LogInit:  - supports SSL with OpenSSL/1.0.2g
LogInit:  - supports HTTP deflate (compression) using libz 1.2.8
LogInit:  - other features:
LogInit:      CURL_VERSION_SSL
LogInit:      CURL_VERSION_LIBZ
LogInit:      CURL_VERSION_IPV6
LogInit:      CURL_VERSION_ASYNCHDNS
LogInit:      CURL_VERSION_LARGEFILE
LogInit:      CURL_VERSION_IDN
LogInit:  CurlRequestOptions (configurable via config and command line):
LogInit:  - bVerifyPeer = false  - Libcurl will NOT verify peer certificate
LogInit:  - bUseHttpProxy = false  - Libcurl will NOT use HTTP proxy
LogInit:  - bDontReuseConnections = false  - Libcurl will reuse connections
LogInit:  - CertBundlePath = nullptr  - Libcurl will use whatever was configured at build time.
LogOnline: Display: STEAM: Loading Steam SDK 1.39
LogInit: WinSock: version 1.1 (2.2), MaxSocks=32767, MaxUdp=65467
LogInit: Build: ++UE4+Release-4.18-CL-3794801
LogInit: Engine Version: 4.18.2-3794801+++UE4+Release-4.18
LogInit: Compatible Engine Version: 4.18.0-3709383+++UE4+Release-4.18
LogInit: Net CL: 3709383
LogDevObjectVersion: Number of dev versions registered: 16
LogDevObjectVersion:   Dev-Blueprints (B0D832E4-1F89-4F0D-ACCF-7EB736FD4AA2): 10
LogDevObjectVersion:   Dev-Build (E1C64328-A22C-4D53-A36C-8E866417BD8C): 0
LogDevObjectVersion:   Dev-Core (375EC13C-06E4-48FB-B500-84F0262A717E): 2
LogDevObjectVersion:   Dev-Editor (E4B068ED-F494-42E9-A231-DA0B2E46BB41): 20
LogDevObjectVersion:   Dev-Framework (CFFC743F-43B0-4480-9391-14DF171D2073): 30
LogDevObjectVersion:   Dev-Mobile (B02B49B5-BB20-44E9-A304-32B752E40360): 0
LogDevObjectVersion:   Dev-Networking (A4E4105C-59A1-49B5-A7C5-40C4547EDFEE): 0
LogDevObjectVersion:   Dev-Online (39C831C9-5AE6-47DC-9A44-9C173E1C8E7C): 0
LogDevObjectVersion:   Dev-Physics (78F01B33-EBEA-4F98-B9B4-84EACCB95AA2): 0
LogDevObjectVersion:   Dev-Platform (6631380F-2D4D-43E0-8009-CF276956A95A): 0
LogDevObjectVersion:   Dev-Rendering (12F88B9F-8875-4AFC-A67C-D90C383ABD29): 20
LogDevObjectVersion:   Dev-Sequencer (7B5AE74C-D270-4C10-A958-57980B212A5A): 4
LogDevObjectVersion:   Dev-VR (D7296918-1DD6-4BDD-9DE2-64A83CC13884): 0
LogDevObjectVersion:   Dev-LoadTimes (C2A15278-BFE7-4AFE-6C17-90FF531DF755): 1
LogDevObjectVersion:   Private-Geometry (6EACA3D4-40EC-4CC1-B786-8BED09428FC5): 1
LogDevObjectVersion:   Dev-AnimPhys (29E575DD-E0A3-4627-9D10-D276232CDCEA): 12
LogInit: Compiled (64-bit): Dec  8 2017 02:04:53
LogInit: Compiled with Visual C++: 19.00.24215.01
LogInit: Build Configuration: Development
LogInit: Branch Name: ++UE4+Release-4.18
LogInit: Command line:  -game
LogInit: Base directory: D:/Programs/Epic Games/UE_4.18/Engine/Binaries/Win64/
LogInit: Installed Engine Build: 1
LogInit: Presizing for max 8388607 objects, including 0 objects not considered by GC, pre-allocating 0 bytes for permanent pool.
LogInit: Object subsystem initialized
[2018.04.02-18.27.37:576][  0]LogInit: Selected Device Profile: [Windows]
[2018.04.02-18.27.37:576][  0]LogInit: Applying CVar settings loaded from the selected device profile: [Windows]
[2018.04.02-18.27.37:588][  0]LogInit: Computer: DESKTOP-GML08TH
[2018.04.02-18.27.37:588][  0]LogInit: User: Energy
[2018.04.02-18.27.37:588][  0]LogInit: CPU Page size=4096, Cores=4
[2018.04.02-18.27.37:588][  0]LogInit: High frequency timer resolution =2.630641 MHz
[2018.04.02-18.27.37:588][  0]LogMemory: Memory total: Physical=11.9GB (12GB approx)
[2018.04.02-18.27.37:588][  0]LogMemory: Platform Memory Stats for Windows
[2018.04.02-18.27.37:588][  0]LogMemory: Process Physical Memory: 304.85 MB used, 304.85 MB peak
[2018.04.02-18.27.37:588][  0]LogMemory: Process Virtual Memory: 283.93 MB used, 283.93 MB peak
[2018.04.02-18.27.37:588][  0]LogMemory: Physical Memory: 5594.38 MB used,  6602.32 MB free, 12196.70 MB total
[2018.04.02-18.27.37:588][  0]LogMemory: Virtual Memory: 796.84 MB used,  6602.32 MB free, 134217728.00 MB total
[2018.04.02-18.27.37:695][  0]LogInit: Using OS detected language (en-US).
[2018.04.02-18.27.37:695][  0]LogInit: Using OS detected locale (en-US).
[2018.04.02-18.27.37:698][  0]LogTextLocalizationManager: No specific localization for 'en-US' exists, so the 'en' localization will be used.
[2018.04.02-18.27.38:183][  0]LogD3D11RHI: D3D11 adapters:
[2018.04.02-18.27.38:235][  0]LogD3D11RHI:    0. 'NVIDIA GeForce GTX 870M' (Feature Level 11_0)
[2018.04.02-18.27.38:235][  0]LogD3D11RHI:       3029/0/6098 MB DedicatedVideo/DedicatedSystem/SharedSystem, Outputs:1, VendorId:0x10de
[2018.04.02-18.27.38:242][  0]LogD3D11RHI:    1. 'Intel(R) HD Graphics 4600' (Feature Level 11_0)
[2018.04.02-18.27.38:242][  0]LogD3D11RHI:       112/0/2048 MB DedicatedVideo/DedicatedSystem/SharedSystem, Outputs:0, VendorId:0x8086
[2018.04.02-18.27.38:245][  0]LogD3D11RHI:    2. 'Microsoft Basic Render Driver' (Feature Level 11_0)
[2018.04.02-18.27.38:245][  0]LogD3D11RHI:       0/0/6098 MB DedicatedVideo/DedicatedSystem/SharedSystem, Outputs:0, VendorId:0x1414
[2018.04.02-18.27.38:245][  0]LogD3D11RHI: Chosen D3D11 Adapter: 0
[2018.04.02-18.27.38:254][  0]LogD3D11RHI: Creating new Direct3DDevice
[2018.04.02-18.27.38:255][  0]LogD3D11RHI:     GPU DeviceId: 0x1199 (for the marketing name, search the web for "GPU Device Id")
[2018.04.02-18.27.38:255][  0]LogWindows: EnumDisplayDevices:
[2018.04.02-18.27.38:255][  0]LogWindows:    0. 'Intel(R) HD Graphics 4600' (P:1 D:1)
[2018.04.02-18.27.38:255][  0]LogWindows:    1. 'Intel(R) HD Graphics 4600' (P:0 D:0)
[2018.04.02-18.27.38:255][  0]LogWindows:    2. 'Intel(R) HD Graphics 4600' (P:0 D:0)
[2018.04.02-18.27.38:255][  0]LogWindows:    3. 'NVIDIA GeForce GTX 870M' (P:0 D:0)
[2018.04.02-18.27.38:255][  0]LogWindows:    4. 'NVIDIA GeForce GTX 870M' (P:0 D:0)
[2018.04.02-18.27.38:255][  0]LogWindows:    5. 'NVIDIA GeForce GTX 870M' (P:0 D:0)
[2018.04.02-18.27.38:256][  0]LogWindows:    6. 'NVIDIA GeForce GTX 870M' (P:0 D:0)
[2018.04.02-18.27.38:256][  0]LogWindows: DebugString: GetVideoDriverDetailsInvalid PrimaryIsNotTheChoosenAdapter GetVideoDriverDetailsInvalid PrimaryIsNotTheChoosenAdapter GetVideoDriverDetailsInvalid PrimaryIsNotTheChoosenAdapter GetVideoDriverDetailsInvalid PrimaryIsNotTheChoosenAdapter GetVideoDriverDetailsInvalid PrimaryIsNotTheChoosenAdapter GetVideoDriverDetailsInvalid PrimaryIsNotTheChoosenAdapter GetVideoDriverDetailsInvalid PrimaryIsNotTheChoosenAdapter FoundDriverCount:0 
[2018.04.02-18.27.38:256][  0]LogD3D11RHI:     Adapter Name: NVIDIA GeForce GTX 870M
[2018.04.02-18.27.38:256][  0]LogD3D11RHI:   Driver Version: Unknown (internal:Unknown, unified:Unknown)
[2018.04.02-18.27.38:256][  0]LogD3D11RHI:      Driver Date: Unknown
[2018.04.02-18.27.38:256][  0]LogRHI: Texture pool is 2120 MB (70% of 3029 MB)
[2018.04.02-18.27.38:288][  0]LogD3D11RHI: Async texture creation enabled
[2018.04.02-18.27.38:494][  0]LogD3D11RHI: GPU Timing Frequency: 1000.000000 (Debug: 2 2)
[2018.04.02-18.27.38:494][  0]LogShaderCompilers: Guid format shader working directory is 20 characters bigger than the processId version (../../../../../../ue4/steam/Intermediate/Shaders/WorkingDirectory/5696/).
[2018.04.02-18.27.38:495][  0]LogShaderCompilers: Cleaned the shader compiler working directory 'C:/Users/Energy/AppData/Local/Temp/UnrealShaderWorkingDir/FF54D56145540BFAAC7A6A8BAC44E8A1/'.
[2018.04.02-18.27.38:495][  0]LogShaderCompilers: Display: Using Local Shader Compiler.
[2018.04.02-18.27.39:427][  0]LogTemp: Display: Loaded TP WindowsClientTargetPlatform
[2018.04.02-18.27.39:466][  0]LogTemp: Display: Loaded TP WindowsNoEditorTargetPlatform
[2018.04.02-18.27.39:504][  0]LogTemp: Display: Loaded TP WindowsServerTargetPlatform
[2018.04.02-18.27.39:542][  0]LogTemp: Display: Loaded TP WindowsTargetPlatform
[2018.04.02-18.27.39:542][  0]LogTargetPlatformManager: Display: Building Assets For Windows
[2018.04.02-18.27.39:860][  0]LogDerivedDataCache: Display: Max Cache Size: 512 MB
[2018.04.02-18.27.39:928][  0]LogDerivedDataCache: Loaded boot cache 0.07s 77MB C:/Users/Energy/AppData/Local/UnrealEngine/4.18/DerivedDataCache/Boot.ddc.
[2018.04.02-18.27.39:928][  0]LogDerivedDataCache: Display: Loaded Boot cache: C:/Users/Energy/AppData/Local/UnrealEngine/4.18/DerivedDataCache/Boot.ddc
[2018.04.02-18.27.39:928][  0]LogDerivedDataCache: FDerivedDataBackendGraph:  Pak pak cache file ../../../../../../ue4/steam/DerivedDataCache/DDC.ddp not found, will not use a pak cache.
[2018.04.02-18.27.39:928][  0]LogDerivedDataCache: Unable to find inner node Pak for hierarchical cache Hierarchy.
[2018.04.02-18.27.39:928][  0]LogDerivedDataCache: FDerivedDataBackendGraph:  CompressedPak pak cache file ../../../../../../ue4/steam/DerivedDataCache/Compressed.ddp not found, will not use a pak cache.
[2018.04.02-18.27.39:928][  0]LogDerivedDataCache: Unable to find inner node CompressedPak for hierarchical cache Hierarchy.
[2018.04.02-18.27.39:944][  0]LogDerivedDataCache: Display: Pak cache opened for reading ../../../Engine/DerivedDataCache/Compressed.ddp.
[2018.04.02-18.27.39:956][  0]LogDerivedDataCache: Using Local data cache path C:/Users/Energy/AppData/Local/UnrealEngine/Common/DerivedDataCache: Writable
[2018.04.02-18.27.39:966][  0]LogMaterial: Verifying Global Shaders for PCD3D_SM5
[2018.04.02-18.27.39:966][  0]LogSlate: Using Freetype 2.6.0
[2018.04.02-18.27.39:967][  0]LogSlate: SlateFontCache - WITH_FREETYPE: 1, WITH_HARFBUZZ: 1
[2018.04.02-18.27.39:967][  0]LogSlate: SlateFontCache - WITH_FREETYPE: 1, WITH_HARFBUZZ: 1
[2018.04.02-18.27.40:336][  0]LogAssetRegistry: FAssetRegistry took 0.0041 seconds to start up
[2018.04.02-18.27.40:377][  0]LogPackageLocalizationCache: Processed 7 localized package path(s) for 2 prioritized culture(s) in 0.041174 seconds
[2018.04.02-18.27.40:461][  0]LogInit: Selected Device Profile: [Windows]
[2018.04.02-18.27.40:704][  0]LogSimplygon: Simplygon DLL not present - disabling.
[2018.04.02-18.27.40:731][  0]LogMeshReduction: Using SimplygonSwarm for distributed automatic mesh merging
[2018.04.02-18.27.40:731][  0]LogMeshReduction: Using QuadricMeshReduction for automatic static mesh reduction
[2018.04.02-18.27.40:731][  0]LogMeshReduction: No automatic skeletal mesh reduction module available
[2018.04.02-18.27.40:731][  0]LogMeshReduction: No automatic mesh merging module available
[2018.04.02-18.27.40:731][  0]LogMeshMerging: No automatic mesh merging module available
[2018.04.02-18.27.40:752][  0]LogNetVersion: MyProject12 , NetCL: 3709383, EngineNetVer: 2, GameNetVer: 0 (Checksum: 3203290924)
[2018.04.02-18.27.42:060][  0]LogMoviePlayer: Initializing movie player
[2018.04.02-18.27.42:119][  0]LogWindowsTextInputMethodSystem: Display: IME system now deactivated.
[2018.04.02-18.27.42:119][  0]LogWindowsTextInputMethodSystem: Display: IME system now deactivated.
[2018.04.02-18.27.42:473][  0]LogCollectionManager: Loaded 0 collections in 0.000944 seconds
[2018.04.02-18.27.42:517][  0]LogFileCache: Scanning file cache for directory 'D:/ue4/steam/Saved/Collections/' took 0.01s
[2018.04.02-18.27.42:517][  0]LogFileCache: Scanning file cache for directory 'D:/ue4/steam/Content/Developers/Energy/Collections/' took 0.01s
[2018.04.02-18.27.42:517][  0]LogFileCache: Scanning file cache for directory 'D:/ue4/steam/Content/Collections/' took 0.01s
[2018.04.02-18.27.42:517][  0]LogCollectionManager: Rebuilt the object cache for 0 collections in 0.000000 seconds (found 0 objects)
[2018.04.02-18.27.42:517][  0]LogCollectionManager: Fixed up redirectors for 0 collections in 0.000070 seconds (updated 0 objects)
[2018.04.02-18.27.42:961][  0]SourceControl: Source control is disabled
[2018.04.02-18.27.42:961][  0]SourceControl: Source control is disabled
[2018.04.02-18.27.42:998][  0]SourceControl: Source control is disabled
[2018.04.02-18.27.43:277][  0]LogAndroidPermission: UAndroidPermissionCallbackProxy::GetInstance
[2018.04.02-18.27.43:463][  0]LogOcInput: OculusInput pre-init called
[2018.04.02-18.27.43:543][  0]LogUObjectArray: 38960 objects as part of root set at end of initial load.
[2018.04.02-18.27.43:543][  0]LogUObjectAllocator: 8571448 out of 0 bytes used by permanent object pool.
[2018.04.02-18.27.43:543][  0]LogUObjectArray: CloseDisregardForGC: 0/0 objects in disregard for GC pool
[2018.04.02-18.27.43:625][  0]LogEngine: Initializing Engine...
[2018.04.02-18.27.43:628][  0]LogHMD: Failed to initialize OpenVR with code 110
[2018.04.02-18.27.43:789][  0]LogStats: UGameplayTagsManager::ConstructGameplayTagTree: Construct from data asset -  0.000 s
[2018.04.02-18.27.43:790][  0]LogStats: UGameplayTagsManager::ConstructGameplayTagTree: GameplayTagTreeChangedEvent.Broadcast -  0.000 s
[2018.04.02-18.27.43:796][  0]LogInit: XAudio2 using 'Speakers (High Definition Audio Device)' : 2 channels at 44.1 kHz using 16 bits per sample (channel mask 0x3)
[2018.04.02-18.27.43:812][  0]LogInit: FAudioDevice initialized.
[2018.04.02-18.27.43:898][  0]LogDerivedDataCache: Saved boot cache 0.07s 77MB C:/Users/Energy/AppData/Local/UnrealEngine/4.18/DerivedDataCache/Boot.ddc.
[2018.04.02-18.27.43:905][  0]LogInit: Texture streaming: Enabled
[2018.04.02-18.27.43:921][  0]LogMaterial: Uniform references updated for custom material expression Custom.
[2018.04.02-18.27.44:198][  0]LogProperty: Error: UStructProperty::Serialize Loading: Property 'StructProperty /Game/UI/MainMenu/optionsMenu.optionsMenu_C:playerInfo'. Unknown structure.
[2018.04.02-18.27.44:199][  0]LogProperty: Error: UStructProperty::Serialize Loading: Property 'StructProperty /Game/Blueprints/allLevels/playerSaveGame.playerSaveGame_C:S_PlayerINfo'. Unknown structure.
[2018.04.02-18.27.44:200][  0]LogClass: Warning: Property S_PlayerINfo of S_PlayerINfo has a struct type mismatch (tag STRUCT_REINST_PlayerInfo_0 != prop FallbackStruct) in package:  ../../../../../../ue4/steam/Content/Blueprints/allLevels/playerSaveGame.uasset. If that struct got renamed, add an entry to ActiveStructRedirects.
[2018.04.02-18.27.44:232][  0]LogClass: Warning: Property playerInfo of playerInfo has a struct type mismatch (tag STRUCT_REINST_PlayerInfo_0 != prop FallbackStruct) in package:  ../../../../../../ue4/steam/Content/UI/MainMenu/optionsMenu.uasset. If that struct got renamed, add an entry to ActiveStructRedirects.
[2018.04.02-18.27.44:297][  0]LogClass: Warning: Property S_PlayerINfo of S_PlayerINfo has a struct type mismatch (tag FallbackStruct != prop PlayerInfo) in package:  FObjectReader. If that struct got renamed, add an entry to ActiveStructRedirects.
[2018.04.02-18.27.44:298][  0]LogClass: Warning: Property playerInfo of playerInfo has a struct type mismatch (tag FallbackStruct != prop PlayerInfo) in package:  FObjectReader. If that struct got renamed, add an entry to ActiveStructRedirects.
[2018.04.02-18.27.44:374][  0]LogInit: Display: Game Engine Initialized.
[2018.04.02-18.27.44:374][  0]LogGameplayTags: Display: UGameplayTagsManager::DoneAddingNativeTags. DelegateIsBound: 0
[2018.04.02-18.27.44:502][  0]LogInit: Display: Starting Game.
[2018.04.02-18.27.44:502][  0]LogNet: Browse: /Game/Maps/mainMenu?Name=Player
[2018.04.02-18.27.44:502][  0]LogLoad: LoadMap: /Game/Maps/mainMenu?Name=Player
[2018.04.02-18.27.44:606][  0]LogAIModule: Creating AISystem for world mainMenu
[2018.04.02-18.27.44:812][  0]LogLoad: Game class is 'TopDownGameMode_C'
[2018.04.02-18.27.44:813][  0]LogWorld: Bringing World /Game/Maps/mainMenu.mainMenu up for play (max tick rate 0) at 2018.04.02-11.27.44
[2018.04.02-18.27.44:813][  0]LogWorld: Bringing up level for play took: 0.000569
[2018.04.02-18.27.44:814][  0]LogGameMode: FindPlayerStart: PATHS NOT DEFINED or NO PLAYERSTART with positive rating
[2018.04.02-18.27.44:818][  0]LogLoad: Took 0.315325 seconds to LoadMap(/Game/Maps/mainMenu)
[2018.04.02-18.27.44:953][  0]LogRenderer: Reallocating scene render targets to support 1920x1080 Format 10 NumSamples 1 (Frame:1).
[2018.04.02-18.27.44:953][  0]LogLoad: (Engine Initialization) Total time: 9.26 seconds
[2018.04.02-18.27.44:953][  0]LogLoad: (Engine Initialization) Total Blueprint compile time: 0.00 seconds
[2018.04.02-18.27.44:953][  0]LogExternalProfiler: No external profilers were discovered.  External profiling features will not be available.
[2018.04.02-18.27.44:973][  0]LogContentStreaming: Texture pool size now 1000 MB
[2018.04.02-18.27.50:667][339]LogOnline: Warning: STEAM: Unable to parse search result for lobby 'Lobby [0x1860000E7510103]'
[2018.04.02-18.27.50:667][339]LogNetVersion: MyProject12 1.0.0.0, NetCL: 3709383, EngineNetVer: 2, GameNetVer: 0 (Checksum: 878358411)
[2018.04.02-18.27.50:667][339]LogOnline: Warning: Unknown or unsupported data type from Steam key data currentmembers 3
[2018.04.02-18.27.50:668][339]LogOnline: Warning: STEAM: Failed to parse setting from key currentmembers value 3
[2018.04.02-18.27.50:668][339]LogOnline: Warning: Unknown or unsupported data type from Steam key data guid 1e667e70-48b4-4825-a76a-e4ed1762e109
[2018.04.02-18.27.50:668][339]LogOnline: Warning: STEAM: Failed to parse setting from key guid value 1e667e70-48b4-4825-a76a-e4ed1762e109
[2018.04.02-18.27.50:668][339]LogOnline: Warning: Unknown or unsupported data type from Steam key data name The Forest Gamesshu (King_Razor)
[2018.04.02-18.27.50:668][339]LogOnline: Warning: STEAM: Failed to parse setting from key name value The Forest Gamesshu (King_Razor)
[2018.04.02-18.27.50:668][339]LogOnline: Warning: Unknown or unsupported data type from Steam key data __gameserverIP 0
[2018.04.02-18.27.50:668][339]LogOnline: Warning: STEAM: Failed to parse setting from key __gameserverIP value 0
[2018.04.02-18.27.50:668][339]LogOnline: Warning: Unknown or unsupported data type from Steam key data __gameserverPort 0
[2018.04.02-18.27.50:668][339]LogOnline: Warning: STEAM: Failed to parse setting from key __gameserverPort value 0
[2018.04.02-18.27.50:668][339]LogOnline: Warning: Unknown or unsupported data type from Steam key data __gameserverSteamID 90114076595960835
[2018.04.02-18.27.50:668][339]LogOnline: Warning: STEAM: Failed to parse setting from key __gameserverSteamID value 90114076595960835
[2018.04.02-18.27.50:668][339]LogOnline: Warning: STEAM: Unable to parse search result for lobby 'Lobby [0x1860000E74F6352]'
[2018.04.02-18.27.50:668][339]LogOnline: Warning: Unknown or unsupported data type from Steam key data 10000012 11600
[2018.04.02-18.27.50:668][339]LogOnline: Warning: STEAM: Failed to parse setting from key 10000012 value 11600
[2018.04.02-18.27.50:668][339]LogOnline: Warning: Unknown or unsupported data type from Steam key data 10000015 259
[2018.04.02-18.27.50:668][339]LogOnline: Warning: STEAM: Failed to parse setting from key 10000015 value 259
[2018.04.02-18.27.50:668][339]LogOnline: Warning: Unknown or unsupported data type from Steam key data 10000017 0
[2018.04.02-18.27.50:668][339]LogOnline: Warning: STEAM: Failed to parse setting from key 10000017 value 0
[2018.04.02-18.27.50:668][339]LogOnline: Warning: Unknown or unsupported data type from Steam key data 1000003c 14
[2018.04.02-18.27.50:668][339]LogOnline: Warning: STEAM: Failed to parse setting from key 1000003c value 14
[2018.04.02-18.27.50:668][339]LogOnline: Warning: Unknown or unsupported data type from Steam key data 1000003d 131072
[2018.04.02-18.27.50:668][339]LogOnline: Warning: STEAM: Failed to parse setting from key 1000003d value 131072
[2018.04.02-18.27.50:668][339]LogOnline: Warning: Unknown or unsupported data type from Steam key data 10000050 0
[2018.04.02-18.27.50:668][339]LogOnline: Warning: STEAM: Failed to parse setting from key 10000050 value 0
[2018.04.02-18.27.50:668][339]LogOnline: Warning: Unknown or unsupported data type from Steam key data 10000052 1000
[2018.04.02-18.27.50:668][339]LogOnline: Warning: STEAM: Failed to parse setting from key 10000052 value 1000
[2018.04.02-18.27.50:668][339]LogOnline: Warning: Unknown or unsupported data type from Steam key data 10000088 124
[2018.04.02-18.27.50:668][339]LogOnline: Warning: STEAM: Failed to parse setting from key 10000088 value 124
[2018.04.02-18.27.50:669][339]LogOnline: Warning: Unknown or unsupported data type from Steam key data 10000089 3
[2018.04.02-18.27.50:669][339]LogOnline: Warning: STEAM: Failed to parse setting from key 10000089 value 3
[2018.04.02-18.27.50:669][339]LogOnline: Warning: Unknown or unsupported data type from Steam key data 1000008a -2
[2018.04.02-18.27.50:669][339]LogOnline: Warning: STEAM: Failed to parse setting from key 1000008a value -2
[2018.04.02-18.27.50:669][339]LogOnline: Warning: Unknown or unsupported data type from Steam key data 1000008b -883284736
[2018.04.02-18.27.50:669][339]LogOnline: Warning: STEAM: Failed to parse setting from key 1000008b value -883284736
[2018.04.02-18.27.50:669][339]LogOnline: Warning: Unknown or unsupported data type from Steam key data 1000008c 0
[2018.04.02-18.27.50:669][339]LogOnline: Warning: STEAM: Failed to parse setting from key 1000008c value 0
[2018.04.02-18.27.50:669][339]LogOnline: Warning: Unknown or unsupported data type from Steam key data 1000008d 0
[2018.04.02-18.27.50:669][339]LogOnline: Warning: STEAM: Failed to parse setting from key 1000008d value 0
[2018.04.02-18.27.50:669][339]LogOnline: Warning: Unknown or unsupported data type from Steam key data 100000aa 2
[2018.04.02-18.27.50:669][339]LogOnline: Warning: STEAM: Failed to parse setting from key 100000aa value 2
[2018.04.02-18.27.50:669][339]LogOnline: Warning: Unknown or unsupported data type from Steam key data 2000003b 0
[2018.04.02-18.27.50:669][339]LogOnline: Warning: STEAM: Failed to parse setting from key 2000003b value 0
[2018.04.02-18.27.50:669][339]LogOnline: Warning: Unknown or unsupported data type from Steam key data 20000083 0
[2018.04.02-18.27.50:669][339]LogOnline: Warning: STEAM: Failed to parse setting from key 20000083 value 0
[2018.04.02-18.27.50:669][339]LogOnline: Warning: Unknown or unsupported data type from Steam key data 20000084 0
[2018.04.02-18.27.50:669][339]LogOnline: Warning: STEAM: Failed to parse setting from key 20000084 value 0
[2018.04.02-18.27.50:669][339]LogOnline: Warning: Unknown or unsupported data type from Steam key data 20000085 0
[2018.04.02-18.27.50:669][339]LogOnline: Warning: STEAM: Failed to parse setting from key 20000085 value 0
[2018.04.02-18.27.50:669][339]LogOnline: Warning: Unknown or unsupported data type from Steam key data 20000086 0
[2018.04.02-18.27.50:669][339]LogOnline: Warning: STEAM: Failed to parse setting from key 20000086 value 0
[2018.04.02-18.27.50:669][339]LogOnline: Warning: Unknown or unsupported data type from Steam key data 20000087 0
[2018.04.02-18.27.50:669][339]LogOnline: Warning: STEAM: Failed to parse setting from key 20000087 value 0
[2018.04.02-18.27.50:669][339]LogOnline: Warning: Unknown or unsupported data type from Steam key data 800a 0
[2018.04.02-18.27.50:669][339]LogOnline: Warning: STEAM: Failed to parse setting from key 800a value 0
[2018.04.02-18.27.50:669][339]LogOnline: Warning: Unknown or unsupported data type from Steam key data 800b 0
[2018.04.02-18.27.50:669][339]LogOnline: Warning: STEAM: Failed to parse setting from key 800b value 0
[2018.04.02-18.27.50:669][339]LogOnline: Warning: Unknown or unsupported data type from Steam key data 9 0
[2018.04.02-18.27.50:669][339]LogOnline: Warning: STEAM: Failed to parse setting from key 9 value 0
[2018.04.02-18.27.50:669][339]LogOnline: Warning: Unknown or unsupported data type from Steam key data name TronDarknees
[2018.04.02-18.27.50:669][339]LogOnline: Warning: STEAM: Failed to parse setting from key name value TronDarknees
[2018.04.02-18.27.50:669][339]LogOnline: Warning: Unknown or unsupported data type from Steam key data owner 76561198209792137
[2018.04.02-18.27.50:669][339]LogOnline: Warning: STEAM: Failed to parse setting from key owner value 76561198209792137
[2018.04.02-18.27.50:669][339]LogOnline: Warning: Unknown or unsupported data type from Steam key data players_cnt 2
[2018.04.02-18.27.50:669][339]LogOnline: Warning: STEAM: Failed to parse setting from key players_cnt value 2
[2018.04.02-18.27.50:669][339]LogOnline: Warning: STEAM: Unable to parse search result for lobby 'Lobby [0x1860000E74FD505]'
[2018.04.02-18.27.50:670][339]LogOnline: Warning: Unknown or unsupported data type from Steam key data 1000000c I45
[2018.04.02-18.27.50:670][339]LogOnline: Warning: STEAM: Failed to parse setting from key 1000000c value I45
[2018.04.02-18.27.50:670][339]LogOnline: Warning: Unknown or unsupported data type from Steam key data 1000000d I7
[2018.04.02-18.27.50:670][339]LogOnline: Warning: STEAM: Failed to parse setting from key 1000000d value I7
[2018.04.02-18.27.50:670][339]LogOnline: Warning: Unknown or unsupported data type from Steam key data 10000010 I0
[2018.04.02-18.27.50:670][339]LogOnline: Warning: STEAM: Failed to parse setting from key 10000010 value I0
[2018.04.02-18.27.50:670][339]LogOnline: Warning: Unknown or unsupported data type from Steam key data 10000011 I-1
[2018.04.02-18.27.50:670][339]LogOnline: Warning: STEAM: Failed to parse setting from key 10000011 value I-1
[2018.04.02-18.27.50:670][339]LogOnline: Warning: Unknown or unsupported data type from Steam key data 10000012 I0
[2018.04.02-18.27.50:670][339]LogOnline: Warning: STEAM: Failed to parse setting from key 10000012 value I0
[2018.04.02-18.27.50:670][339]LogOnline: Warning: Unknown or unsupported data type from Steam key data 10000013 I0
[2018.04.02-18.27.50:670][339]LogOnline: Warning: STEAM: Failed to parse setting from key 10000013 value I0
[2018.04.02-18.27.50:670][339]LogOnline: Warning: Unknown or unsupported data type from Steam key data 10000014 I0
[2018.04.02-18.27.50:670][339]LogOnline: Warning: STEAM: Failed to parse setting from key 10000014 value I0
[2018.04.02-18.27.50:670][339]LogOnline: Warning: Unknown or unsupported data type from Steam key data 2000000e I3544385890265674032
[2018.04.02-18.27.50:670][339]LogOnline: Warning: STEAM: Failed to parse setting from key 2000000e value I3544385890265674032
[2018.04.02-18.27.50:670][339]LogOnline: Warning: Unknown or unsupported data type from Steam key data 2000000f I3977023052862153776
[2018.04.02-18.27.50:670][339]LogOnline: Warning: STEAM: Failed to parse setting from key 2000000f value I3977023052862153776
[2018.04.02-18.27.50:670][339]LogOnline: Warning: Unknown or unsupported data type from Steam key data 20000015 I0
[2018.04.02-18.27.50:670][339]LogOnline: Warning: STEAM: Failed to parse setting from key 20000015 value I0
[2018.04.02-18.27.50:670][339]LogOnline: Warning: Unknown or unsupported data type from Steam key data 20000017 I0
[2018.04.02-18.27.50:670][339]LogOnline: Warning: STEAM: Failed to parse setting from key 20000017 value I0
[2018.04.02-18.27.50:670][339]LogOnline: Warning: Unknown or unsupported data type from Steam key data 20000018 I0
[2018.04.02-18.27.50:670][339]LogOnline: Warning: STEAM: Failed to parse setting from key 20000018 value I0
[2018.04.02-18.27.50:670][339]LogOnline: Warning: Unknown or unsupported data type from Steam key data 20000019 I0
[2018.04.02-18.27.50:670][339]LogOnline: Warning: STEAM: Failed to parse setting from key 20000019 value I0
[2018.04.02-18.27.50:670][339]LogOnline: Warning: Unknown or unsupported data type from Steam key data 2000001a I0
[2018.04.02-18.27.50:670][339]LogOnline: Warning: STEAM: Failed to parse setting from key 2000001a value I0
[2018.04.02-18.27.50:670][339]LogOnline: Warning: Unknown or unsupported data type from Steam key data 2000001b I0
[2018.04.02-18.27.50:670][339]LogOnline: Warning: STEAM: Failed to parse setting from key 2000001b value I0
[2018.04.02-18.27.50:671][339]LogOnline: Warning: STEAM: Unable to parse search result for lobby 'Lobby [0x1860000E74F9C7C]'
[2018.04.02-18.27.50:671][339]LogOnline: Warning: STEAM: Unable to parse search result for lobby 'Lobby [0x1860000E750424A]'
[2018.04.02-18.27.50:671][339]LogOnline: Warning: STEAM: Removed incompatible build: ServerBuildUniqueId = 0x00000117, GetBuildUniqueId() = 0x6cd3e102
[2018.04.02-18.27.50:671][339]LogOnline: Warning: STEAM: Unable to parse search result for lobby 'Lobby [0x1860000E74CF7E4]'
[2018.04.02-18.27.50:671][339]LogOnline: Warning: Unknown or unsupported data type from Steam key data country_code US
[2018.04.02-18.27.50:671][339]LogOnline: Warning: STEAM: Failed to parse setting from key country_code value US
[2018.04.02-18.27.50:671][339]LogOnline: Warning: Unknown or unsupported data type from Steam key data difficulty harder
[2018.04.02-18.27.50:671][339]LogOnline: Warning: STEAM: Failed to parse setting from key difficulty value harder
[2018.04.02-18.27.50:671][339]LogOnline: Warning: Unknown or unsupported data type from Steam key data eac_authorized true
[2018.04.02-18.27.50:671][339]LogOnline: Warning: STEAM: Failed to parse setting from key eac_authorized value true
[2018.04.02-18.27.50:672][339]LogOnline: Warning: Unknown or unsupported data type from Steam key data game_mode adventure
[2018.04.02-18.27.50:672][339]LogOnline: Warning: STEAM: Failed to parse setting from key game_mode value adventure
[2018.04.02-18.27.50:672][339]LogOnline: Warning: Unknown or unsupported data type from Steam key data Host 110000107c9d4c7
[2018.04.02-18.27.50:672][339]LogOnline: Warning: STEAM: Failed to parse setting from key Host value 110000107c9d4c7
[2018.04.02-18.27.50:672][339]LogOnline: Warning: Unknown or unsupported data type from Steam key data is_private true
[2018.04.02-18.27.50:672][339]LogOnline: Warning: STEAM: Failed to parse setting from key is_private value true
[2018.04.02-18.27.50:672][339]LogOnline: Warning: Unknown or unsupported data type from Steam key data level_key military
[2018.04.02-18.27.50:672][339]LogOnline: Warning: STEAM: Failed to parse setting from key level_key value military
[2018.04.02-18.27.50:672][339]LogOnline: Warning: Unknown or unsupported data type from Steam key data matchmaking false
[2018.04.02-18.27.50:672][339]LogOnline: Warning: STEAM: Failed to parse setting from key matchmaking value false
[2018.04.02-18.27.50:672][339]LogOnline: Warning: Unknown or unsupported data type from Steam key data network_hash 3eb6c421ceefa742
[2018.04.02-18.27.50:672][339]LogOnline: Warning: STEAM: Failed to parse setting from key network_hash value 3eb6c421ceefa742
[2018.04.02-18.27.50:672][339]LogOnline: Warning: Unknown or unsupported data type from Steam key data num_players 2
[2018.04.02-18.27.50:672][339]LogOnline: Warning: STEAM: Failed to parse setting from key num_players value 2
[2018.04.02-18.27.50:672][339]LogOnline: Warning: Unknown or unsupported data type from Steam key data player_slot_1 0:0
[2018.04.02-18.27.50:672][339]LogOnline: Warning: STEAM: Failed to parse setting from key player_slot_1 value 0:0
[2018.04.02-18.27.50:672][339]LogOnline: Warning: Unknown or unsupported data type from Steam key data player_slot_2 1100001081d219d:1
[2018.04.02-18.27.50:672][339]LogOnline: Warning: STEAM: Failed to parse setting from key player_slot_2 value 1100001081d219d:1
[2018.04.02-18.27.50:672][339]LogOnline: Warning: Unknown or unsupported data type from Steam key data player_slot_3 0:0
[2018.04.02-18.27.50:672][339]LogOnline: Warning: STEAM: Failed to parse setting from key player_slot_3 value 0:0
[2018.04.02-18.27.50:672][339]LogOnline: Warning: Unknown or unsupported data type from Steam key data player_slot_4 110000107c9d4c7:1
[2018.04.02-18.27.50:672][339]LogOnline: Warning: STEAM: Failed to parse setting from key player_slot_4 value 110000107c9d4c7:1
[2018.04.02-18.27.50:672][339]LogOnline: Warning: Unknown or unsupported data type from Steam key data player_slot_5 0:0
[2018.04.02-18.27.50:672][339]LogOnline: Warning: STEAM: Failed to parse setting from key player_slot_5 value 0:0
[2018.04.02-18.27.50:672][339]LogOnline: Warning: Unknown or unsupported data type from Steam key data player_slot_6 0:0
[2018.04.02-18.27.50:672][339]LogOnline: Warning: STEAM: Failed to parse setting from key player_slot_6 value 0:0
[2018.04.02-18.27.50:672][339]LogOnline: Warning: Unknown or unsupported data type from Steam key data quick_game false
[2018.04.02-18.27.50:672][339]LogOnline: Warning: STEAM: Failed to parse setting from key quick_game value false
[2018.04.02-18.27.50:672][339]LogOnline: Warning: Unknown or unsupported data type from Steam key data selected_level_key military
[2018.04.02-18.27.50:672][339]LogOnline: Warning: STEAM: Failed to parse setting from key selected_level_key value military
[2018.04.02-18.27.50:672][339]LogOnline: Warning: Unknown or unsupported data type from Steam key data twitch_enabled false
[2018.04.02-18.27.50:672][339]LogOnline: Warning: STEAM: Failed to parse setting from key twitch_enabled value false
[2018.04.02-18.27.50:672][339]LogOnline: Warning: Unknown or unsupported data type from Steam key data unique_server_name Peak Male Boofy
[2018.04.02-18.27.50:672][339]LogOnline: Warning: STEAM: Failed to parse setting from key unique_server_name value Peak Male Boofy
[2018.04.02-18.27.50:672][339]LogOnline: Warning: STEAM: Unable to parse search result for lobby 'Lobby [0x1860000E750DFFB]'
[2018.04.02-18.27.50:673][339]LogOnline: Warning: STEAM: Removed incompatible build: ServerBuildUniqueId = 0x00000110, GetBuildUniqueId() = 0x6cd3e102
[2018.04.02-18.27.50:673][339]LogOnline: Warning: STEAM: Unable to parse search result for lobby 'Lobby [0x1860000E751120A]'
[2018.04.02-18.27.50:673][339]LogOnline: Warning: STEAM: Removed incompatible build: ServerBuildUniqueId = 0x485b1f4f, GetBuildUniqueId() = 0x6cd3e102
[2018.04.02-18.27.50:673][339]LogOnline: Warning: STEAM: Unable to parse search result for lobby 'Lobby [0x1860000E750FC82]'
[2018.04.02-18.27.50:673][339]LogOnline: Warning: Unknown or unsupported data type from Steam key data 10000012 11102
[2018.04.02-18.27.50:673][339]LogOnline: Warning: STEAM: Failed to parse setting from key 10000012 value 11102
[2018.04.02-18.27.50:673][339]LogOnline: Warning: Unknown or unsupported data type from Steam key data 10000015 67109633
[2018.04.02-18.27.50:673][339]LogOnline: Warning: STEAM: Failed to parse setting from key 10000015 value 67109633
[2018.04.02-18.27.50:673][339]LogOnline: Warning: Unknown or unsupported data type from Steam key data 10000017 0
[2018.04.02-18.27.50:673][339]LogOnline: Warning: STEAM: Failed to parse setting from key 10000017 value 0
[2018.04.02-18.27.50:674][339]LogOnline: Warning: Unknown or unsupported data type from Steam key data 1000003c 60
[2018.04.02-18.27.50:674][339]LogOnline: Warning: STEAM: Failed to parse setting from key 1000003c value 60
[2018.04.02-18.27.50:674][339]LogOnline: Warning: Unknown or unsupported data type from Steam key data 1000003d 262144
[2018.04.02-18.27.50:674][339]LogOnline: Warning: STEAM: Failed to parse setting from key 1000003d value 262144
[2018.04.02-18.27.50:674][339]LogOnline: Warning: Unknown or unsupported data type from Steam key data 10000050 0
[2018.04.02-18.27.50:674][339]LogOnline: Warning: STEAM: Failed to parse setting from key 10000050 value 0
[2018.04.02-18.27.50:674][339]LogOnline: Warning: Unknown or unsupported data type from Steam key data 10000052 989
[2018.04.02-18.27.50:674][339]LogOnline: Warning: STEAM: Failed to parse setting from key 10000052 value 989
[2018.04.02-18.27.50:674][339]LogOnline: Warning: Unknown or unsupported data type from Steam key data 10000088 16777215
[2018.04.02-18.27.50:674][339]LogOnline: Warning: STEAM: Failed to parse setting from key 10000088 value 16777215
[2018.04.02-18.27.50:674][339]LogOnline: Warning: Unknown or unsupported data type from Steam key data 10000089 100
[2018.04.02-18.27.50:674][339]LogOnline: Warning: STEAM: Failed to parse setting from key 10000089 value 100
[2018.04.02-18.27.50:674][339]LogOnline: Warning: Unknown or unsupported data type from Steam key data 1000008a 17
[2018.04.02-18.27.50:674][339]LogOnline: Warning: STEAM: Failed to parse setting from key 1000008a value 17
[2018.04.02-18.27.50:674][339]LogOnline: Warning: Unknown or unsupported data type from Steam key data 1000008b -1
[2018.04.02-18.27.50:674][339]LogOnline: Warning: STEAM: Failed to parse setting from key 1000008b value -1
[2018.04.02-18.27.50:674][339]LogOnline: Warning: Unknown or unsupported data type from Steam key data 1000008c 0
[2018.04.02-18.27.50:674][339]LogOnline: Warning: STEAM: Failed to parse setting from key 1000008c value 0
[2018.04.02-18.27.50:674][339]LogOnline: Warning: Unknown or unsupported data type from Steam key data 1000008d 2
[2018.04.02-18.27.50:674][339]LogOnline: Warning: STEAM: Failed to parse setting from key 1000008d value 2
[2018.04.02-18.27.50:674][339]LogOnline: Warning: Unknown or unsupported data type from Steam key data 100000aa 1
[2018.04.02-18.27.50:674][339]LogOnline: Warning: STEAM: Failed to parse setting from key 100000aa value 1
[2018.04.02-18.27.50:674][339]LogOnline: Warning: Unknown or unsupported data type from Steam key data 2000003b 0
[2018.04.02-18.27.50:674][339]LogOnline: Warning: STEAM: Failed to parse setting from key 2000003b value 0
[2018.04.02-18.27.50:674][339]LogOnline: Warning: Unknown or unsupported data type from Steam key data 20000083 0
[2018.04.02-18.27.50:674][339]LogOnline: Warning: STEAM: Failed to parse setting from key 20000083 value 0
[2018.04.02-18.27.50:674][339]LogOnline: Warning: Unknown or unsupported data type from Steam key data 20000084 0
[2018.04.02-18.27.50:674][339]LogOnline: Warning: STEAM: Failed to parse setting from key 20000084 value 0
[2018.04.02-18.27.50:674][339]LogOnline: Warning: Unknown or unsupported data type from Steam key data 20000085 0
[2018.04.02-18.27.50:674][339]LogOnline: Warning: STEAM: Failed to parse setting from key 20000085 value 0
[2018.04.02-18.27.50:674][339]LogOnline: Warning: Unknown or unsupported data type from Steam key data 20000086 0
[2018.04.02-18.27.50:674][339]LogOnline: Warning: STEAM: Failed to parse setting from key 20000086 value 0
[2018.04.02-18.27.50:674][339]LogOnline: Warning: Unknown or unsupported data type from Steam key data 20000087 0
[2018.04.02-18.27.50:674][339]LogOnline: Warning: STEAM: Failed to parse setting from key 20000087 value 0
[2018.04.02-18.27.50:674][339]LogOnline: Warning: Unknown or unsupported data type from Steam key data 800a 0
[2018.04.02-18.27.50:674][339]LogOnline: Warning: STEAM: Failed to parse setting from key 800a value 0
[2018.04.02-18.27.50:674][339]LogOnline: Warning: Unknown or unsupported data type from Steam key data 800b 0
[2018.04.02-18.27.50:674][339]LogOnline: Warning: STEAM: Failed to parse setting from key 800b value 0
[2018.04.02-18.27.50:674][339]LogOnline: Warning: Unknown or unsupported data type from Steam key data 9 0
[2018.04.02-18.27.50:674][339]LogOnline: Warning: STEAM: Failed to parse setting from key 9 value 0
[2018.04.02-18.27.50:675][339]LogOnline: Warning: Unknown or unsupported data type from Steam key data name SavageTurtle23
[2018.04.02-18.27.50:675][339]LogOnline: Warning: STEAM: Failed to parse setting from key name value SavageTurtle23
[2018.04.02-18.27.50:675][339]LogOnline: Warning: Unknown or unsupported data type from Steam key data owner 76561198418308953
[2018.04.02-18.27.50:675][339]LogOnline: Warning: STEAM: Failed to parse setting from key owner value 76561198418308953
[2018.04.02-18.27.50:675][339]LogOnline: Warning: Unknown or unsupported data type from Steam key data players_cnt 1
[2018.04.02-18.27.50:675][339]LogOnline: Warning: STEAM: Failed to parse setting from key players_cnt value 1
[2018.04.02-18.27.50:675][339]LogOnline: Warning: STEAM: Unable to parse search result for lobby 'Lobby [0x1860000E750444B]'
[2018.04.02-18.27.50:675][339]LogOnline: Warning: STEAM: Unable to parse search result for lobby 'Lobby [0x1860000E750D276]'
[2018.04.02-18.27.51:924][413]LogNet: Browse: steam.76561198074340416//Game/Maps/mainMenu
[2018.04.02-18.27.51:948][413]LogTemp: Display: ParseSettings for GameNetDriver
[2018.04.02-18.27.51:948][413]LogTemp: Display: ParseSettings for SteamNetDriver_0
[2018.04.02-18.27.51:949][413]LogTemp: Display: ParseSettings for PendingNetDriver
[2018.04.02-18.27.51:949][413]LogNet: Display: SteamNetDriver_0 bound to port 7777
[2018.04.02-18.27.51:949][413]PacketHandlerLog: Loaded PacketHandler component: Engine.EngineHandlerComponentFactory (StatelessConnectHandlerComponent)
[2018.04.02-18.27.51:949][413]LogNet: Game client on port 7777, rate 10000
[2018.04.02-18.27.51:949][413]LogSockets: Warning: Blocked FSocketSteamworks::SendTo call, directed at localhost
[2018.04.02-18.27.52:951][476]LogSockets: Warning: Blocked FSocketSteamworks::SendTo call, directed at localhost
[2018.04.02-18.27.53:921][537]LogVoiceEngine: Warning: Dropping voice data due to network layer not processing fast enough
[2018.04.02-18.27.53:951][538]LogSockets: Warning: Blocked FSocketSteamworks::SendTo call, directed at localhost
[2018.04.02-18.27.54:967][601]LogSockets: Warning: Blocked FSocketSteamworks::SendTo call, directed at localhost
[2018.04.02-18.27.55:808][654]LogVoiceEngine: Warning: Dropping voice data due to network layer not processing fast enough
[2018.04.02-18.27.55:983][664]LogSockets: Warning: Blocked FSocketSteamworks::SendTo call, directed at localhost
[2018.04.02-18.27.56:999][727]LogSockets: Warning: Blocked FSocketSteamworks::SendTo call, directed at localhost
[2018.04.02-18.27.57:744][774]LogVoiceEngine: Warning: Dropping voice data due to network layer not processing fast enough
[2018.04.02-18.27.58:000][789]LogSockets: Warning: Blocked FSocketSteamworks::SendTo call, directed at localhost
[2018.04.02-18.27.58:213][796]LogBlueprintUserMessages: [TopDownController_C_0] X=0.000 Y=0.000 Z=0.000
[2018.04.02-18.27.58:213][796]LogBlueprintUserMessages: [TopDownController_C_0] TopDownController
[2018.04.02-18.27.59:006][846]LogSockets: Warning: Blocked FSocketSteamworks::SendTo call, directed at localhost
[2018.04.02-18.27.59:685][889]LogVoiceEngine: Warning: Dropping voice data due to network layer not processing fast enough
[2018.04.02-18.28.00:023][909]LogSockets: Warning: Blocked FSocketSteamworks::SendTo call, directed at localhost
[2018.04.02-18.28.01:039][972]LogSockets: Warning: Blocked FSocketSteamworks::SendTo call, directed at localhost
[2018.04.02-18.28.01:767][ 18]LogVoiceEngine: Warning: Dropping voice data due to network layer not processing fast enough
[2018.04.02-18.28.02:055][ 35]LogSockets: Warning: Blocked FSocketSteamworks::SendTo call, directed at localhost
[2018.04.02-18.28.03:071][ 98]LogSockets: Warning: Blocked FSocketSteamworks::SendTo call, directed at localhost
[2018.04.02-18.28.03:701][138]LogVoiceEngine: Warning: Dropping voice data due to network layer not processing fast enough
[2018.04.02-18.28.04:071][160]LogSockets: Warning: Blocked FSocketSteamworks::SendTo call, directed at localhost
[2018.04.02-18.28.05:087][223]LogSockets: Warning: Blocked FSocketSteamworks::SendTo call, directed at localhost
[2018.04.02-18.28.05:573][254]LogVoiceEngine: Warning: Dropping voice data due to network layer not processing fast enough
[2018.04.02-18.28.06:103][286]LogSockets: Warning: Blocked FSocketSteamworks::SendTo call, directed at localhost
[2018.04.02-18.28.07:119][349]LogSockets: Warning: Blocked FSocketSteamworks::SendTo call, directed at localhost
[2018.04.02-18.28.07:459][371]LogVoiceEngine: Warning: Dropping voice data due to network layer not processing fast enough
[2018.04.02-18.28.08:136][412]LogSockets: Warning: Blocked FSocketSteamworks::SendTo call, directed at localhost
[2018.04.02-18.28.09:152][475]LogSockets: Warning: Blocked FSocketSteamworks::SendTo call, directed at localhost
[2018.04.02-18.28.09:395][491]LogVoiceEngine: Warning: Dropping voice data due to network layer not processing fast enough
[2018.04.02-18.28.10:168][538]LogSockets: Warning: Blocked FSocketSteamworks::SendTo call, directed at localhost
[2018.04.02-18.28.10:290][544]LogWindowsTextInputMethodSystem: Display: IME system now deactivated.
[2018.04.02-18.28.10:290][544]LogWindowsTextInputMethodSystem: Display: IME system now deactivated.
[2018.04.02-18.28.10:294][544]LogWindowsTextInputMethodSystem: Display: IME system now deactivated.
[2018.04.02-18.28.10:294][544]LogWindowsTextInputMethodSystem: Display: IME system now deactivated.
[2018.04.02-18.28.10:299][544]LogEngine: All Windows Closed
[2018.04.02-18.28.10:299][544]LogWindows: FPlatformMisc::RequestExit(0)
[2018.04.02-18.28.10:303][545]LogNet: UNetConnection::Close: [UNetConnection] RemoteAddr: 76561198074340416:7777, Name: SteamNetConnection_0, Driver: PendingNetDriver SteamNetDriver_0, IsServer: NO, PC: NULL, Owner: NULL, Channels: 2, Time: 2018.04.02-18.28.10
[2018.04.02-18.28.10:303][545]LogNet: UChannel::Close: Sending CloseBunch. ChIndex == 0. Name: [UChannel] ChIndex: 0, Closing: 0 [UNetConnection] RemoteAddr: 76561198074340416:7777, Name: SteamNetConnection_0, Driver: PendingNetDriver SteamNetDriver_0, IsServer: NO, PC: NULL, Owner: NULL
[2018.04.02-18.28.10:303][545]LogNet: DestroyNamedNetDriver SteamNetDriver_0 [PendingNetDriver]
[2018.04.02-18.28.10:303][545]LogExit: PendingNetDriver SteamNetDriver_0 shut down
[2018.04.02-18.28.10:646][545]LogExit: Preparing to exit.
[2018.04.02-18.28.10:646][545]LogMoviePlayer: Shutting down movie player
[2018.04.02-18.28.10:665][545]LogNet: UChannel::CleanUp: ChIndex == 0. Closing connection. [UChannel] ChIndex: 0, Closing: 0 [UNetConnection] RemoteAddr: 76561198074340416:7777, Name: None, Driver: PendingNetDriver None, IsServer: NO, PC: NULL, Owner: NULL
[2018.04.02-18.28.10:673][545]LogExit: Game engine shut down
[2018.04.02-18.28.10:722][545]LogExit: Object subsystem successfully closed.
[2018.04.02-18.28.10:739][545]LogD3D11RHI: Shutdown
[2018.04.02-18.28.10:739][545]LogD3D11RHI: CleanupD3DDevice
[2018.04.02-18.28.10:740][545]LogD3D11RHI: ~FD3D11DynamicRHI
[2018.04.02-18.28.10:744][545]LogModuleManager: Shutting down and abandoning module SequenceRecorderSections (314)
[2018.04.02-18.28.10:744][545]LogModuleManager: Shutting down and abandoning module SequenceRecorder (312)
[2018.04.02-18.28.10:744][545]LogModuleManager: Shutting down and abandoning module AutomationController (310)
[2018.04.02-18.28.10:744][545]LogModuleManager: Shutting down and abandoning module AutomationWorker (308)
[2018.04.02-18.28.10:744][545]LogModuleManager: Shutting down and abandoning module AIModule (306)
[2018.04.02-18.28.10:744][545]LogModuleManager: Shutting down and abandoning module GameplayDebugger (305)
[2018.04.02-18.28.10:744][545]LogModuleManager: Shutting down and abandoning module AITestSuite (303)
[2018.04.02-18.28.10:744][545]LogModuleManager: Shutting down and abandoning module WmfMediaFactory (300)
[2018.04.02-18.28.10:744][545]LogModuleManager: Shutting down and abandoning module OpenExrWrapper (298)
[2018.04.02-18.28.10:744][545]LogModuleManager: Shutting down and abandoning module ImgMediaFactory (296)
[2018.04.02-18.28.10:744][545]LogModuleManager: Shutting down and abandoning module AvfMediaFactory (294)
[2018.04.02-18.28.10:744][545]LogModuleManager: Shutting down and abandoning module CharacterAI (292)
[2018.04.02-18.28.10:744][545]LogModuleManager: Shutting down and abandoning module SessionServices (290)
[2018.04.02-18.28.10:744][545]LogModuleManager: Shutting down and abandoning module MovieSceneCapture (288)
[2018.04.02-18.28.10:744][545]LogModuleManager: Shutting down and abandoning module MovieSceneTracks (286)
[2018.04.02-18.28.10:744][545]LogModuleManager: Shutting down and abandoning module MovieScene (284)
[2018.04.02-18.28.10:744][545]LogModuleManager: Shutting down and abandoning module GeometryCache (282)
[2018.04.02-18.28.10:744][545]LogModuleManager: Shutting down and abandoning module GeometryCacheEd (281)
[2018.04.02-18.28.10:744][545]LogModuleManager: Shutting down and abandoning module StreamingPauseRendering (278)
[2018.04.02-18.28.10:744][545]LogModuleManager: Shutting down and abandoning module PortalServices (276)
[2018.04.02-18.28.10:744][545]LogModuleManager: Shutting down and abandoning module PortalRpc (274)
[2018.04.02-18.28.10:744][545]LogModuleManager: Shutting down and abandoning module MessagingRpc (272)
[2018.04.02-18.28.10:744][545]LogModuleManager: Shutting down and abandoning module ProfilerService (270)
[2018.04.02-18.28.10:871][545]LogModuleManager: Shutting down and abandoning module TaskGraph (268)
[2018.04.02-18.28.10:871][545]LogModuleManager: Shutting down and abandoning module SteamVRController (266)
[2018.04.02-18.28.10:871][545]LogModuleManager: Shutting down and abandoning module ProceduralMeshComponent (264)
[2018.04.02-18.28.10:871][545]LogModuleManager: Shutting down and abandoning module OculusInput (262)
[2018.04.02-18.28.10:871][545]LogModuleManager: Shutting down and abandoning module MobilePatchingUtils (260)
[2018.04.02-18.28.10:871][545]LogModuleManager: Shutting down and abandoning module CustomMeshComponent (258)
[2018.04.02-18.28.10:871][545]LogModuleManager: Shutting down and abandoning module CableComponent (256)
[2018.04.02-18.28.10:871][545]LogModuleManager: Shutting down and abandoning module ArchVisCharacter (254)
[2018.04.02-18.28.10:871][545]LogModuleManager: Shutting down and abandoning module AndroidPermission (252)
[2018.04.02-18.28.10:871][545]LogModuleManager: Shutting down and abandoning module ActorSequence (248)
[2018.04.02-18.28.10:871][545]LogModuleManager: Shutting down and abandoning module MediaCompositing (246)
[2018.04.02-18.28.10:871][545]LogModuleManager: Shutting down and abandoning module HTML5Networking (244)
[2018.04.02-18.28.10:871][545]LogModuleManager: Shutting down and abandoning module VisualStudioSourceCodeAccess (242)
[2018.04.02-18.28.10:871][545]LogModuleManager: Shutting down and abandoning module HotReload (241)
[2018.04.02-18.28.10:871][545]LogDirectoryWatcher: A directory notification for 'D:/ue4/steam/Binaries/Win64' was aborted.
[2018.04.02-18.28.10:871][545]LogModuleManager: Shutting down and abandoning module VisualStudioCodeSourceCodeAccess (238)
[2018.04.02-18.28.10:871][545]LogModuleManager: Shutting down and abandoning module UObjectPlugin (236)
[2018.04.02-18.28.10:871][545]LogModuleManager: Shutting down and abandoning module SubversionSourceControl (234)
[2018.04.02-18.28.10:872][545]LogModuleManager: Shutting down and abandoning module PerforceSourceControl (232)
[2018.04.02-18.28.10:872][545]LogModuleManager: Shutting down and abandoning module SourceControl (231)
[2018.04.02-18.28.10:872][545]LogModuleManager: Shutting down and abandoning module RuntimePhysXCooking (228)
[2018.04.02-18.28.10:872][545]LogModuleManager: Shutting down and abandoning module PhysXVehiclesEditor (226)
[2018.04.02-18.28.10:872][545]LogModuleManager: Shutting down and abandoning module PhysXVehicles (224)
[2018.04.02-18.28.10:872][545]LogModuleManager: Shutting down and abandoning module LocationServicesBPLibrary (222)
[2018.04.02-18.28.10:872][545]LogModuleManager: Shutting down and abandoning module ImmediatePhysicsEditor (220)
[2018.04.02-18.28.10:872][545]LogModuleManager: Shutting down and abandoning module ImmediatePhysics (218)
[2018.04.02-18.28.10:872][545]LogModuleManager: Shutting down and abandoning module UdpMessaging (216)
[2018.04.02-18.28.10:872][545]LogModuleManager: Shutting down and abandoning module TcpMessaging (214)
[2018.04.02-18.28.10:872][545]LogModuleManager: Shutting down and abandoning module GameplayTagsEditor (212)
[2018.04.02-18.28.10:872][545]LogModuleManager: Shutting down and abandoning module FacialAnimation (210)
[2018.04.02-18.28.10:872][545]LogModuleManager: Shutting down and abandoning module AssetManagerEditor (208)
[2018.04.02-18.28.10:872][545]LogModuleManager: Shutting down and abandoning module GraphEditor (207)
[2018.04.02-18.28.10:872][545]LogModuleManager: Shutting down and abandoning module ContentBrowser (205)
[2018.04.02-18.28.10:872][545]LogModuleManager: Shutting down and abandoning module CollectionManager (204)
[2018.04.02-18.28.10:872][545]LogDirectoryWatcher: A directory notification for 'D:/ue4/steam/Content/Collections/' was aborted.
[2018.04.02-18.28.10:872][545]LogDirectoryWatcher: A directory notification for 'D:/ue4/steam/Content/Developers/Energy/Collections/' was aborted.
[2018.04.02-18.28.10:872][545]LogDirectoryWatcher: A directory notification for 'D:/ue4/steam/Saved/Collections/' was aborted.
[2018.04.02-18.28.10:872][545]LogModuleManager: Shutting down and abandoning module DirectoryWatcher (203)
[2018.04.02-18.28.10:872][545]LogModuleManager: Shutting down and abandoning module LightPropagationVolumeRuntime (198)
[2018.04.02-18.28.10:872][545]LogModuleManager: Shutting down and abandoning module Paper2D (196)
[2018.04.02-18.28.10:872][545]LogModuleManager: Shutting down and abandoning module WindowsMoviePlayer (194)
[2018.04.02-18.28.10:872][545]LogModuleManager: Shutting down and abandoning module WmfMedia (192)
[2018.04.02-18.28.10:873][545]LogModuleManager: Shutting down and abandoning module ImgMedia (190)
[2018.04.02-18.28.10:873][545]LogModuleManager: Shutting down and abandoning module PacketHandler (188)
[2018.04.02-18.28.10:873][545]LogModuleManager: Shutting down and abandoning module ClothingSystemEditor (186)
[2018.04.02-18.28.10:873][545]LogModuleManager: Shutting down and abandoning module ClothingSystemRuntime (184)
[2018.04.02-18.28.10:873][545]LogModuleManager: Shutting down and abandoning module MediaAssets (182)
[2018.04.02-18.28.10:873][545]LogModuleManager: Shutting down and abandoning module Media (181)
[2018.04.02-18.28.10:879][545]LogModuleManager: Shutting down and abandoning module Overlay (178)
[2018.04.02-18.28.10:879][545]LogModuleManager: Shutting down and abandoning module OverlayEditor (177)
[2018.04.02-18.28.10:879][545]LogModuleManager: Shutting down and abandoning module VREditor (174)
[2018.04.02-18.28.10:879][545]LogModuleManager: Shutting down and abandoning module StringTableEditor (172)
[2018.04.02-18.28.10:879][545]LogModuleManager: Shutting down and abandoning module GameplayTasksEditor (170)
[2018.04.02-18.28.10:879][545]LogModuleManager: Shutting down and abandoning module BehaviorTreeEditor (168)
[2018.04.02-18.28.10:879][545]LogModuleManager: Shutting down and abandoning module FunctionalTesting (166)
[2018.04.02-18.28.10:879][545]LogModuleManager: Shutting down and abandoning module CollisionAnalyzer (164)
[2018.04.02-18.28.10:879][545]LogModuleManager: Shutting down and abandoning module WorkspaceMenuStructure (163)
[2018.04.02-18.28.10:879][545]LogModuleManager: Shutting down and abandoning module UMG (160)
[2018.04.02-18.28.10:879][545]LogModuleManager: Shutting down and abandoning module UMGEditor (159)
[2018.04.02-18.28.10:879][545]LogModuleManager: Shutting down and abandoning module Sequencer (158)
[2018.04.02-18.28.10:879][545]LogModuleManager: Shutting down and abandoning module MessageLog (155)
[2018.04.02-18.28.10:879][545]LogModuleManager: Shutting down and abandoning module SlateReflector (150)
[2018.04.02-18.28.10:879][545]LogModuleManager: Shutting down and abandoning module Slate (148)
[2018.04.02-18.28.10:879][545]LogModuleManager: Shutting down and abandoning module EditorStyle (146)
[2018.04.02-18.28.10:881][545]LogModuleManager: Shutting down and abandoning module MRMesh (144)
[2018.04.02-18.28.10:881][545]LogModuleManager: Shutting down and abandoning module Messaging (142)
[2018.04.02-18.28.10:881][545]LogModuleManager: Shutting down and abandoning module SourceCodeAccess (140)
[2018.04.02-18.28.10:881][545]LogModuleManager: Shutting down and abandoning module HeadMountedDisplay (138)
[2018.04.02-18.28.10:881][545]LogModuleManager: Shutting down and abandoning module XAudio2 (136)
[2018.04.02-18.28.10:881][545]LogModuleManager: Shutting down and abandoning module Networking (134)
[2018.04.02-18.28.10:881][545]LogModuleManager: Shutting down and abandoning module Core (132)
[2018.04.02-18.28.10:881][545]LogModuleManager: Shutting down and abandoning module LevelSequence (130)
[2018.04.02-18.28.10:881][545]LogModuleManager: Shutting down and abandoning module KismetCompiler (128)
[2018.04.02-18.28.10:881][545]LogModuleManager: Shutting down and abandoning module MeshUtilities (126)
[2018.04.02-18.28.10:881][545]LogModuleManager: Shutting down and abandoning module MeshMergeUtilities (125)
[2018.04.02-18.28.10:881][545]LogModuleManager: Shutting down and abandoning module MeshReductionInterface (124)
[2018.04.02-18.28.10:881][545]LogModuleManager: Shutting down and abandoning module SimplygonSwarm (123)
[2018.04.02-18.28.10:881][545]LogModuleManager: Shutting down and abandoning module SimplygonMeshReduction (121)
[2018.04.02-18.28.10:881][545]LogModuleManager: Shutting down and abandoning module QuadricMeshReduction (119)
[2018.04.02-18.28.10:881][545]LogModuleManager: Shutting down and abandoning module MaterialBaking (115)
[2018.04.02-18.28.10:881][545]LogModuleManager: Shutting down and abandoning module DerivedDataCache (110)
[2018.04.02-18.28.10:975][545]LogDerivedDataCache: Shutdown
[2018.04.02-18.28.10:975][545]LogModuleManager: Shutting down and abandoning module TargetPlatform (108)
[2018.04.02-18.28.10:975][545]LogModuleManager: Shutting down and abandoning module VulkanShaderFormat (107)
[2018.04.02-18.28.10:976][545]LogModuleManager: Shutting down and abandoning module ShaderFormatVectorVM (105)
[2018.04.02-18.28.10:976][545]LogModuleManager: Shutting down and abandoning module ShaderFormatOpenGL (103)
[2018.04.02-18.28.10:976][545]LogModuleManager: Shutting down and abandoning module ShaderFormatD3D (101)
[2018.04.02-18.28.10:976][545]LogModuleManager: Shutting down and abandoning module MetalShaderFormat (99)
[2018.04.02-18.28.10:976][545]LogModuleManager: Shutting down and abandoning module TextureFormatUncompressed (97)
[2018.04.02-18.28.10:976][545]LogModuleManager: Shutting down and abandoning module TextureFormatPVR (95)
[2018.04.02-18.28.10:976][545]LogModuleManager: Shutting down and abandoning module TextureFormatDXT (93)
[2018.04.02-18.28.10:976][545]LogModuleManager: Shutting down and abandoning module TextureFormatIntelISPCTexComp (91)
[2018.04.02-18.28.10:976][545]LogModuleManager: Shutting down and abandoning module TextureFormatASTC (89)
[2018.04.02-18.28.10:976][545]LogModuleManager: Shutting down and abandoning module ImageWrapper (88)
[2018.04.02-18.28.10:976][545]LogModuleManager: Shutting down and abandoning module TextureFormatAndroid (85)
[2018.04.02-18.28.10:976][545]LogModuleManager: Shutting down and abandoning module AudioFormatOpus (83)
[2018.04.02-18.28.10:976][545]LogModuleManager: Shutting down and abandoning module AudioFormatOgg (81)
[2018.04.02-18.28.10:976][545]LogModuleManager: Shutting down and abandoning module AudioFormatADPCM (79)
[2018.04.02-18.28.10:976][545]LogModuleManager: Shutting down and abandoning module WindowsTargetPlatform (77)
[2018.04.02-18.28.10:976][545]LogModuleManager: Shutting down and abandoning module WindowsServerTargetPlatform (75)
[2018.04.02-18.28.10:976][545]LogModuleManager: Shutting down and abandoning module WindowsNoEditorTargetPlatform (73)
[2018.04.02-18.28.10:976][545]LogModuleManager: Shutting down and abandoning module WindowsClientTargetPlatform (71)
[2018.04.02-18.28.10:976][545]LogModuleManager: Shutting down and abandoning module InputCore (68)
[2018.04.02-18.28.10:976][545]LogModuleManager: Shutting down and abandoning module Settings (66)
[2018.04.02-18.28.10:976][545]LogModuleManager: Shutting down and abandoning module PhysXCooking (64)
[2018.04.02-18.28.10:976][545]LogModuleManager: Shutting down and abandoning module SteamVR (62)
[2018.04.02-18.28.10:976][545]LogModuleManager: Shutting down and abandoning module OculusHMD (60)
[2018.04.02-18.28.10:976][545]LogModuleManager: Shutting down and abandoning module ExampleDeviceProfileSelector (58)
[2018.04.02-18.28.10:976][545]LogModuleManager: Shutting down and abandoning module AppleARKit (56)
[2018.04.02-18.28.10:976][545]LogModuleManager: Shutting down and abandoning module AugmentedReality (55)
[2018.04.02-18.28.10:976][545]LogModuleManager: Shutting down and abandoning module OnlineBlueprintSupport (52)
[2018.04.02-18.28.10:976][545]LogModuleManager: Shutting down and abandoning module OnlineSubsystem (48)
[2018.04.02-18.28.10:976][545]LogOnline: Display: STEAM: OnlineSubsystemSteam::Shutdown()
[2018.04.02-18.28.10:976][545]LogOnline: Display: OSS: FOnlineAsyncTaskManager::Stop() ActiveTask:0000000000000000 Tasks[0/0]
[2018.04.02-18.28.10:992][545]LogOnline: Display: OSS: FOnlineAsyncTaskManager::Exit() started
[2018.04.02-18.28.10:992][545]LogOnline: Display: OSS: FOnlineAsyncTaskManager::Exit() finished
[2018.04.02-18.28.10:992][545]LogOnline: Display: STEAM: OnlineSubsystemSteam::Shutdown()
[2018.04.02-18.28.10:992][545]LogModuleManager: Shutting down and abandoning module XMPP (43)
[2018.04.02-18.28.10:992][545]LogModuleManager: Shutting down and abandoning module HTTP (41)
[2018.04.02-18.28.11:008][545]LogModuleManager: Shutting down and abandoning module SSL (40)
[2018.04.02-18.28.11:009][545]LogModuleManager: Shutting down and abandoning module AnimationModifiers (36)
[2018.04.02-18.28.11:009][545]LogModuleManager: Shutting down and abandoning module PropertyEditor (35)
[2018.04.02-18.28.11:009][545]LogModuleManager: Shutting down and abandoning module AudioEditor (32)
[2018.04.02-18.28.11:009][545]LogModuleManager: Shutting down and abandoning module TextureCompressor (30)
[2018.04.02-18.28.11:010][545]LogModuleManager: Shutting down and abandoning module ShaderCore (28)
[2018.04.02-18.28.11:010][545]LogModuleManager: Shutting down and abandoning module Landscape (26)
[2018.04.02-18.28.11:010][545]LogModuleManager: Shutting down and abandoning module SlateRHIRenderer (24)
[2018.04.02-18.28.11:010][545]LogModuleManager: Shutting down and abandoning module OpenGLDrv (22)
[2018.04.02-18.28.11:010][545]LogModuleManager: Shutting down and abandoning module D3D11RHI (20)
[2018.04.02-18.28.11:010][545]LogModuleManager: Shutting down and abandoning module AnimGraphRuntime (18)
[2018.04.02-18.28.11:010][545]LogModuleManager: Shutting down and abandoning module Renderer (16)
[2018.04.02-18.28.11:010][545]LogModuleManager: Shutting down and abandoning module Engine (14)
[2018.04.02-18.28.11:010][545]LogModuleManager: Shutting down and abandoning module CoreUObject (12)
[2018.04.02-18.28.11:010][545]LogModuleManager: Shutting down and abandoning module NetworkFile (10)
[2018.04.02-18.28.11:010][545]LogModuleManager: Shutting down and abandoning module CookedIterativeFile (8)
[2018.04.02-18.28.11:010][545]LogModuleManager: Shutting down and abandoning module StreamingFile (6)
[2018.04.02-18.28.11:010][545]LogModuleManager: Shutting down and abandoning module SandboxFile (4)
[2018.04.02-18.28.11:010][545]LogModuleManager: Shutting down and abandoning module PakFile (2)
[2018.04.02-18.28.11:012][545]LogExit: Exiting.
[2018.04.02-18.28.11:014][545]Log file closed, 04/02/18 11:28:11
