Log file open, 02/10/18 10:50:57
LogWindows: Failed to load 'aqProf.dll' (GetLastError=126)
LogWindows: File 'aqProf.dll' does not exist
LogWindows: Failed to load 'VSPerf140.dll' (GetLastError=126)
LogWindows: File 'VSPerf140.dll' does not exist
LogWindows: Failed to load 'VtuneApi.dll' (GetLastError=126)
LogWindows: File 'VtuneApi.dll' does not exist
LogWindows: Failed to load 'VtuneApi32e.dll' (GetLastError=126)
LogWindows: File 'VtuneApi32e.dll' does not exist
LogInit: Display: Running engine for game: MyProject12
LogPlatformFile: Not using cached read wrapper
LogInit: Display: RandInit(-211643854) SRandInit(-211643854).
LogInit: Read version file with build ID '3709383'
LogInit: Overriding engine version to CL 3832480, compatible CL 3709383
LogInit: Registered custom module enumerator with build ID '3709383'
LogTaskGraph: Started task graph with 5 named threads and 14 total threads with 3 sets of task threads.
LogStats: Stats thread started at 1.031855
LogD3D11RHI: Aftermath initialized
LogModuleManager: Display: Found up-to-date module file ../../../Engine/Plugins/Online/OnlineSubsystemSteam/Binaries/Win64/UE4Editor-OnlineSubsystemSteam.dll (API version 3709383).
LogModuleManager: Display: Found up-to-date module file ../../../Engine/Plugins/Online/OnlineSubsystem/Binaries/Win64/UE4Editor-OnlineSubsystem.dll (API version 3709383).
LogModuleManager: Display: Found up-to-date module file ../../../Engine/Plugins/Online/OnlineSubsystemUtils/Binaries/Win64/UE4Editor-OnlineSubsystemUtils.dll (API version 3709383).
LogModuleManager: Display: Found up-to-date module file ../../../Engine/Plugins/Online/OnlineSubsystemUtils/Binaries/Win64/UE4Editor-OnlineBlueprintSupport.dll (API version 3709383).
LogModuleManager: Display: Found up-to-date module file ../../../Engine/Plugins/2D/Paper2D/Binaries/Win64/UE4Editor-Paper2D.dll (API version 3709383).
LogModuleManager: Display: Found up-to-date module file ../../../Engine/Plugins/2D/Paper2D/Binaries/Win64/UE4Editor-Paper2DEditor.dll (API version 3709383).
LogModuleManager: Display: Found up-to-date module file ../../../Engine/Plugins/2D/Paper2D/Binaries/Win64/UE4Editor-PaperSpriteSheetImporter.dll (API version 3709383).
LogModuleManager: Display: Found up-to-date module file ../../../Engine/Plugins/2D/Paper2D/Binaries/Win64/UE4Editor-PaperTiledImporter.dll (API version 3709383).
LogModuleManager: Display: Found up-to-date module file ../../../Engine/Plugins/2D/Paper2D/Binaries/Win64/UE4Editor-SmartSnapping.dll (API version 3709383).
LogModuleManager: Display: Found up-to-date module file ../../../Engine/Plugins/Blendables/LightPropagationVolume/Binaries/Win64/UE4Editor-LightPropagationVolumeRuntime.dll (API version 3709383).
LogModuleManager: Display: Found up-to-date module file ../../../Engine/Plugins/Blendables/LightPropagationVolume/Binaries/Win64/UE4Editor-LightPropagationVolumeEditor.dll (API version 3709383).
LogModuleManager: Display: Found up-to-date module file ../../../Engine/Plugins/Developer/GitSourceControl/Binaries/Win64/UE4Editor-GitSourceControl.dll (API version 3709383).
LogModuleManager: Display: Found up-to-date module file ../../../Engine/Plugins/Developer/PerforceSourceControl/Binaries/Win64/UE4Editor-PerforceSourceControl.dll (API version 3709383).
LogModuleManager: Display: Found up-to-date module file ../../../Engine/Plugins/Developer/SubversionSourceControl/Binaries/Win64/UE4Editor-SubversionSourceControl.dll (API version 3709383).
LogModuleManager: Display: Found up-to-date module file ../../../Engine/Plugins/Developer/UObjectPlugin/Binaries/Win64/UE4Editor-UObjectPlugin.dll (API version 3709383).
LogModuleManager: Display: Found up-to-date module file ../../../Engine/Plugins/Developer/VisualStudioCodeSourceCodeAccess/Binaries/Win64/UE4Editor-VisualStudioCodeSourceCodeAccess.dll (API version 3709383).
LogModuleManager: Display: Found up-to-date module file ../../../Engine/Plugins/Developer/VisualStudioSourceCodeAccess/Binaries/Win64/UE4Editor-VisualStudioSourceCodeAccess.dll (API version 3709383).
LogModuleManager: Display: Found up-to-date module file ../../../Engine/Plugins/Editor/AssetManagerEditor/Binaries/Win64/UE4Editor-AssetManagerEditor.dll (API version 3709383).
LogModuleManager: Display: Found up-to-date module file ../../../Engine/Plugins/Editor/AudioCapture/Binaries/Win64/UE4Editor-AudioCapture.dll (API version 3709383).
LogModuleManager: Display: Found up-to-date module file ../../../Engine/Plugins/Editor/FacialAnimation/Binaries/Win64/UE4Editor-FacialAnimation.dll (API version 3709383).
LogModuleManager: Display: Found up-to-date module file ../../../Engine/Plugins/Editor/FacialAnimation/Binaries/Win64/UE4Editor-FacialAnimationEditor.dll (API version 3709383).
LogModuleManager: Display: Found up-to-date module file ../../../Engine/Plugins/Editor/GameplayTagsEditor/Binaries/Win64/UE4Editor-GameplayTagsEditor.dll (API version 3709383).
LogModuleManager: Display: Found up-to-date module file ../../../Engine/Plugins/Editor/MobileLauncherProfileWizard/Binaries/Win64/UE4Editor-MobileLauncherProfileWizard.dll (API version 3709383).
LogModuleManager: Display: Found up-to-date module file ../../../Engine/Plugins/Editor/PluginBrowser/Binaries/Win64/UE4Editor-PluginBrowser.dll (API version 3709383).
LogModuleManager: Display: Found up-to-date module file ../../../Engine/Plugins/Editor/SpeedTreeImporter/Binaries/Win64/UE4Editor-SpeedTreeImporter.dll (API version 3709383).
LogModuleManager: Display: Found up-to-date module file ../../../Engine/Plugins/Experimental/AlembicImporter/Binaries/Win64/UE4Editor-AlembicImporter.dll (API version 3709383).
LogModuleManager: Display: Found up-to-date module file ../../../Engine/Plugins/Experimental/AlembicImporter/Binaries/Win64/UE4Editor-AlembicLibrary.dll (API version 3709383).
LogModuleManager: Display: Found up-to-date module file ../../../Engine/Plugins/Experimental/CharacterAI/Binaries/Win64/UE4Editor-CharacterAI.dll (API version 3709383).
LogModuleManager: Display: Found up-to-date module file ../../../Engine/Plugins/Experimental/HTML5Networking/Binaries/Win64/UE4Editor-HTML5Networking.dll (API version 3709383).
LogModuleManager: Display: Found up-to-date module file ../../../Engine/Plugins/Media/AndroidMedia/Binaries/Win64/UE4Editor-AndroidMediaEditor.dll (API version 3709383).
LogModuleManager: Display: Found up-to-date module file ../../../Engine/Plugins/Media/AndroidMedia/Binaries/Win64/UE4Editor-AndroidMediaFactory.dll (API version 3709383).
LogModuleManager: Display: Found up-to-date module file ../../../Engine/Plugins/Media/AvfMedia/Binaries/Win64/UE4Editor-AvfMediaEditor.dll (API version 3709383).
LogModuleManager: Display: Found up-to-date module file ../../../Engine/Plugins/Media/AvfMedia/Binaries/Win64/UE4Editor-AvfMediaFactory.dll (API version 3709383).
LogModuleManager: Display: Found up-to-date module file ../../../Engine/Plugins/Media/AvfMedia/Binaries/Win64/UE4Editor-AvfMediaFactory.dll (API version 3709383).
LogModuleManager: Display: Found up-to-date module file ../../../Engine/Plugins/Media/ImgMedia/Binaries/Win64/UE4Editor-ImgMedia.dll (API version 3709383).
LogModuleManager: Display: Found up-to-date module file ../../../Engine/Plugins/Media/ImgMedia/Binaries/Win64/UE4Editor-ImgMediaEditor.dll (API version 3709383).
LogModuleManager: Display: Found up-to-date module file ../../../Engine/Plugins/Media/ImgMedia/Binaries/Win64/UE4Editor-ImgMediaFactory.dll (API version 3709383).
LogModuleManager: Display: Found up-to-date module file ../../../Engine/Plugins/Media/ImgMedia/Binaries/Win64/UE4Editor-ImgMediaFactory.dll (API version 3709383).
LogModuleManager: Display: Found up-to-date module file ../../../Engine/Plugins/Media/ImgMedia/Binaries/Win64/UE4Editor-OpenExrWrapper.dll (API version 3709383).
LogModuleManager: Display: Found up-to-date module file ../../../Engine/Plugins/Media/MediaCompositing/Binaries/Win64/UE4Editor-MediaCompositing.dll (API version 3709383).
LogModuleManager: Display: Found up-to-date module file ../../../Engine/Plugins/Media/MediaCompositing/Binaries/Win64/UE4Editor-MediaCompositingEditor.dll (API version 3709383).
LogModuleManager: Display: Found up-to-date module file ../../../Engine/Plugins/Media/MediaPlayerEditor/Binaries/Win64/UE4Editor-MediaPlayerEditor.dll (API version 3709383).
LogModuleManager: Display: Found up-to-date module file ../../../Engine/Plugins/Media/WmfMedia/Binaries/Win64/UE4Editor-WmfMedia.dll (API version 3709383).
LogModuleManager: Display: Found up-to-date module file ../../../Engine/Plugins/Media/WmfMedia/Binaries/Win64/UE4Editor-WmfMediaEditor.dll (API version 3709383).
LogModuleManager: Display: Found up-to-date module file ../../../Engine/Plugins/Media/WmfMedia/Binaries/Win64/UE4Editor-WmfMediaFactory.dll (API version 3709383).
LogModuleManager: Display: Found up-to-date module file ../../../Engine/Plugins/Media/WmfMedia/Binaries/Win64/UE4Editor-WmfMediaFactory.dll (API version 3709383).
LogModuleManager: Display: Found up-to-date module file ../../../Engine/Plugins/Messaging/TcpMessaging/Binaries/Win64/UE4Editor-TcpMessaging.dll (API version 3709383).
LogModuleManager: Display: Found up-to-date module file ../../../Engine/Plugins/Messaging/UdpMessaging/Binaries/Win64/UE4Editor-UdpMessaging.dll (API version 3709383).
LogModuleManager: Display: Found up-to-date module file ../../../Engine/Plugins/MovieScene/ActorSequence/Binaries/Win64/UE4Editor-ActorSequence.dll (API version 3709383).
LogModuleManager: Display: Found up-to-date module file ../../../Engine/Plugins/MovieScene/LevelSequenceEditor/Binaries/Win64/UE4Editor-LevelSequenceEditor.dll (API version 3709383).
LogModuleManager: Display: Found up-to-date module file ../../../Engine/Plugins/MovieScene/MatineeToLevelSequence/Binaries/Win64/UE4Editor-MatineeToLevelSequence.dll (API version 3709383).
LogModuleManager: Display: Found up-to-date module file ../../../Engine/Plugins/Runtime/AndroidPermission/Binaries/Win64/UE4Editor-AndroidPermission.dll (API version 3709383).
LogModuleManager: Display: Found up-to-date module file ../../../Engine/Plugins/Online/OnlineSubsystemNull/Binaries/Win64/UE4Editor-OnlineSubsystemNull.dll (API version 3709383).
LogModuleManager: Display: Found up-to-date module file ../../../Engine/Plugins/Runtime/AndroidDeviceProfileSelector/Binaries/Win64/UE4Editor-AndroidDeviceProfileSelector.dll (API version 3709383).
LogModuleManager: Display: Found up-to-date module file ../../../Engine/Plugins/Runtime/AppleARKit/Binaries/Win64/UE4Editor-AppleARKit.dll (API version 3709383).
LogModuleManager: Display: Found up-to-date module file ../../../Engine/Plugins/Runtime/ArchVisCharacter/Binaries/Win64/UE4Editor-ArchVisCharacter.dll (API version 3709383).
LogModuleManager: Display: Found up-to-date module file ../../../Engine/Plugins/Runtime/CableComponent/Binaries/Win64/UE4Editor-CableComponent.dll (API version 3709383).
LogModuleManager: Display: Found up-to-date module file ../../../Engine/Plugins/Runtime/CustomMeshComponent/Binaries/Win64/UE4Editor-CustomMeshComponent.dll (API version 3709383).
LogModuleManager: Display: Found up-to-date module file ../../../Engine/Plugins/Runtime/ExampleDeviceProfileSelector/Binaries/Win64/UE4Editor-ExampleDeviceProfileSelector.dll (API version 3709383).
LogModuleManager: Display: Found up-to-date module file ../../../Engine/Plugins/Runtime/ImmediatePhysics/Binaries/Win64/UE4Editor-ImmediatePhysics.dll (API version 3709383).
LogModuleManager: Display: Found up-to-date module file ../../../Engine/Plugins/Runtime/ImmediatePhysics/Binaries/Win64/UE4Editor-ImmediatePhysicsEditor.dll (API version 3709383).
LogModuleManager: Display: Found up-to-date module file ../../../Engine/Plugins/Runtime/LocationServicesBPLibrary/Binaries/Win64/UE4Editor-LocationServicesBPLibrary.dll (API version 3709383).
LogModuleManager: Display: Found up-to-date module file ../../../Engine/Plugins/Runtime/MobilePatchingUtils/Binaries/Win64/UE4Editor-MobilePatchingUtils.dll (API version 3709383).
LogModuleManager: Display: Found up-to-date module file ../../../Engine/Plugins/Runtime/Oculus/OculusVR/Binaries/Win64/UE4Editor-OculusHMD.dll (API version 3709383).
LogModuleManager: Display: Found up-to-date module file ../../../Engine/Plugins/Runtime/Oculus/OculusVR/Binaries/Win64/UE4Editor-OculusInput.dll (API version 3709383).
LogModuleManager: Display: Found up-to-date module file ../../../Engine/Plugins/Runtime/Oculus/OculusVR/Binaries/Win64/UE4Editor-OculusEditor.dll (API version 3709383).
LogModuleManager: Display: Found up-to-date module file ../../../Engine/Plugins/Runtime/PhysXVehicles/Binaries/Win64/UE4Editor-PhysXVehicles.dll (API version 3709383).
LogModuleManager: Display: Found up-to-date module file ../../../Engine/Plugins/Runtime/PhysXVehicles/Binaries/Win64/UE4Editor-PhysXVehiclesEditor.dll (API version 3709383).
LogModuleManager: Display: Found up-to-date module file ../../../Engine/Plugins/Runtime/ProceduralMeshComponent/Binaries/Win64/UE4Editor-ProceduralMeshComponent.dll (API version 3709383).
LogModuleManager: Display: Found up-to-date module file ../../../Engine/Plugins/Runtime/ProceduralMeshComponent/Binaries/Win64/UE4Editor-ProceduralMeshComponentEditor.dll (API version 3709383).
LogModuleManager: Display: Found up-to-date module file ../../../Engine/Plugins/Runtime/RuntimePhysXCooking/Binaries/Win64/UE4Editor-RuntimePhysXCooking.dll (API version 3709383).
LogModuleManager: Display: Found up-to-date module file ../../../Engine/Plugins/Runtime/Steam/SteamVR/Binaries/Win64/UE4Editor-SteamVR.dll (API version 3709383).
LogModuleManager: Display: Found up-to-date module file ../../../Engine/Plugins/Runtime/Steam/SteamVR/Binaries/Win64/UE4Editor-SteamVRController.dll (API version 3709383).
LogModuleManager: Display: Found up-to-date module file ../../../Engine/Plugins/Runtime/WindowsMoviePlayer/Binaries/Win64/UE4Editor-WindowsMoviePlayer.dll (API version 3709383).
LogPluginManager: Mounting plugin Paper2D
LogPluginManager: Mounting plugin LightPropagationVolume
LogPluginManager: Mounting plugin CodeLiteSourceCodeAccess
LogPluginManager: Mounting plugin GitSourceControl
LogPluginManager: Mounting plugin KDevelopSourceCodeAccess
LogPluginManager: Mounting plugin NullSourceCodeAccess
LogPluginManager: Mounting plugin PerforceSourceControl
LogPluginManager: Mounting plugin SubversionSourceControl
LogPluginManager: Mounting plugin UObjectPlugin
LogPluginManager: Mounting plugin VisualStudioCodeSourceCodeAccess
LogPluginManager: Mounting plugin VisualStudioSourceCodeAccess
LogPluginManager: Mounting plugin XCodeSourceCodeAccess
LogPluginManager: Mounting plugin AssetManagerEditor
LogPluginManager: Mounting plugin AudioCapture
LogPluginManager: Mounting plugin FacialAnimation
LogPluginManager: Mounting plugin GameplayTagsEditor
LogPluginManager: Mounting plugin MobileLauncherProfileWizard
LogPluginManager: Mounting plugin PluginBrowser
LogPluginManager: Mounting plugin SpeedTreeImporter
LogPluginManager: Mounting plugin AlembicImporter
LogPluginManager: Mounting plugin CharacterAI
LogPluginManager: Mounting plugin HTML5Networking
LogPluginManager: Mounting plugin AndroidMedia
LogPluginManager: Mounting plugin AvfMedia
LogPluginManager: Mounting plugin ImgMedia
LogPluginManager: Mounting plugin MediaCompositing
LogPluginManager: Mounting plugin MediaPlayerEditor
LogPluginManager: Mounting plugin WmfMedia
LogPluginManager: Mounting plugin TcpMessaging
LogPluginManager: Mounting plugin UdpMessaging
LogPluginManager: Mounting plugin ActorSequence
LogPluginManager: Mounting plugin LevelSequenceEditor
LogPluginManager: Mounting plugin MatineeToLevelSequence
LogPluginManager: Mounting plugin OnlineSubsystemGooglePlay
LogPluginManager: Mounting plugin OnlineSubsystemIOS
LogPluginManager: Mounting plugin OnlineSubsystem
LogPluginManager: Mounting plugin OnlineSubsystemNull
LogPluginManager: Mounting plugin OnlineSubsystemSteam
LogPluginManager: Mounting plugin OnlineSubsystemUtils
LogPluginManager: Mounting plugin AndroidDeviceProfileSelector
LogPluginManager: Mounting plugin AndroidMoviePlayer
LogPluginManager: Mounting plugin AndroidPermission
LogPluginManager: Mounting plugin AppleARKit
LogPluginManager: Mounting plugin AppleMoviePlayer
LogPluginManager: Mounting plugin ArchVisCharacter
LogPluginManager: Mounting plugin CableComponent
LogPluginManager: Mounting plugin CustomMeshComponent
LogPluginManager: Mounting plugin ExampleDeviceProfileSelector
LogPluginManager: Mounting plugin GoogleCloudMessaging
LogPluginManager: Mounting plugin ImmediatePhysics
LogPluginManager: Mounting plugin IOSDeviceProfileSelector
LogPluginManager: Mounting plugin LinuxDeviceProfileSelector
LogPluginManager: Mounting plugin LocationServicesBPLibrary
LogPluginManager: Mounting plugin MobilePatchingUtils
LogPluginManager: Mounting plugin OculusVR
LogPluginManager: Plugin shader directory ../../../Engine/Plugins/Runtime/Oculus/OculusVR/Shaders found
LogPluginManager: Mapping shader source directory ../../../Engine/Plugins/Runtime/Oculus/OculusVR/Shaders to virtual directory /Plugin/OculusVR
LogPluginManager: Mounting plugin PhysXVehicles
LogPluginManager: Mounting plugin ProceduralMeshComponent
LogPluginManager: Mounting plugin RuntimePhysXCooking
LogPluginManager: Mounting plugin SteamVR
LogPluginManager: Mounting plugin WindowsMoviePlayer
LogInit: Using libcurl 7.47.1
LogInit:  - built for x86_64-pc-win32
LogInit:  - supports SSL with OpenSSL/1.0.2g
LogInit:  - supports HTTP deflate (compression) using libz 1.2.8
LogInit:  - other features:
LogInit:      CURL_VERSION_SSL
LogInit:      CURL_VERSION_LIBZ
LogInit:      CURL_VERSION_IPV6
LogInit:      CURL_VERSION_ASYNCHDNS
LogInit:      CURL_VERSION_LARGEFILE
LogInit:      CURL_VERSION_IDN
LogInit:  CurlRequestOptions (configurable via config and command line):
LogInit:  - bVerifyPeer = false  - Libcurl will NOT verify peer certificate
LogInit:  - bUseHttpProxy = false  - Libcurl will NOT use HTTP proxy
LogInit:  - bDontReuseConnections = false  - Libcurl will reuse connections
LogInit:  - CertBundlePath = nullptr  - Libcurl will use whatever was configured at build time.
LogOnline: Display: STEAM: Loading Steam SDK 1.39
LogOnline: Warning: STEAM: Steam API disabled!
LogOnline: Display: STEAM: OnlineSubsystemSteam::Shutdown()
LogInit: WinSock: version 1.1 (2.2), MaxSocks=32767, MaxUdp=65467
LogInit: Build: ++UE4+Release-4.18-CL-3832480
LogInit: Engine Version: 4.18.3-3832480+++UE4+Release-4.18
LogInit: Compatible Engine Version: 4.18.0-3709383+++UE4+Release-4.18
LogInit: Net CL: 3709383
LogDevObjectVersion: Number of dev versions registered: 16
LogDevObjectVersion:   Dev-Blueprints (B0D832E4-1F89-4F0D-ACCF-7EB736FD4AA2): 10
LogDevObjectVersion:   Dev-Build (E1C64328-A22C-4D53-A36C-8E866417BD8C): 0
LogDevObjectVersion:   Dev-Core (375EC13C-06E4-48FB-B500-84F0262A717E): 2
LogDevObjectVersion:   Dev-Editor (E4B068ED-F494-42E9-A231-DA0B2E46BB41): 20
LogDevObjectVersion:   Dev-Framework (CFFC743F-43B0-4480-9391-14DF171D2073): 30
LogDevObjectVersion:   Dev-Mobile (B02B49B5-BB20-44E9-A304-32B752E40360): 0
LogDevObjectVersion:   Dev-Networking (A4E4105C-59A1-49B5-A7C5-40C4547EDFEE): 0
LogDevObjectVersion:   Dev-Online (39C831C9-5AE6-47DC-9A44-9C173E1C8E7C): 0
LogDevObjectVersion:   Dev-Physics (78F01B33-EBEA-4F98-B9B4-84EACCB95AA2): 0
LogDevObjectVersion:   Dev-Platform (6631380F-2D4D-43E0-8009-CF276956A95A): 0
LogDevObjectVersion:   Dev-Rendering (12F88B9F-8875-4AFC-A67C-D90C383ABD29): 20
LogDevObjectVersion:   Dev-Sequencer (7B5AE74C-D270-4C10-A958-57980B212A5A): 4
LogDevObjectVersion:   Dev-VR (D7296918-1DD6-4BDD-9DE2-64A83CC13884): 0
LogDevObjectVersion:   Dev-LoadTimes (C2A15278-BFE7-4AFE-6C17-90FF531DF755): 1
LogDevObjectVersion:   Private-Geometry (6EACA3D4-40EC-4CC1-B786-8BED09428FC5): 1
LogDevObjectVersion:   Dev-AnimPhys (29E575DD-E0A3-4627-9D10-D276232CDCEA): 12
LogInit: Compiled (64-bit): Jan 12 2018 02:04:55
LogInit: Compiled with Visual C++: 19.00.24215.01
LogInit: Build Configuration: Development
LogInit: Branch Name: ++UE4+Release-4.18
LogInit: Command line:  
LogInit: Base directory: C:/Program Files/Epic Games/UE_4.18/Engine/Binaries/Win64/
LogInit: Installed Engine Build: 1
LogInit: Presizing for max 8388607 objects, including 0 objects not considered by GC, pre-allocating 0 bytes for permanent pool.
LogInit: Object subsystem initialized
[2018.02.10-18.51.02:189][  0]LogInit: Selected Device Profile: [Windows]
[2018.02.10-18.51.02:189][  0]LogInit: Applying CVar settings loaded from the selected device profile: [Windows]
[2018.02.10-18.51.02:237][  0]LogInit: Computer: DESKTOP-3HTVB4G
[2018.02.10-18.51.02:238][  0]LogInit: User: Polymake
[2018.02.10-18.51.02:238][  0]LogInit: CPU Page size=4096, Cores=4
[2018.02.10-18.51.02:238][  0]LogInit: High frequency timer resolution =2.272934 MHz
[2018.02.10-18.51.02:238][  0]LogMemory: Memory total: Physical=8.0GB (8GB approx)
[2018.02.10-18.51.02:238][  0]LogMemory: Platform Memory Stats for Windows
[2018.02.10-18.51.02:238][  0]LogMemory: Process Physical Memory: 275.13 MB used, 275.13 MB peak
[2018.02.10-18.51.02:238][  0]LogMemory: Process Virtual Memory: 264.11 MB used, 264.11 MB peak
[2018.02.10-18.51.02:238][  0]LogMemory: Physical Memory: 3819.75 MB used,  4371.43 MB free, 8191.18 MB total
[2018.02.10-18.51.02:238][  0]LogMemory: Virtual Memory: 641.25 MB used,  4371.43 MB free, 134217728.00 MB total
[2018.02.10-18.51.03:076][  0]LogInit: Using OS detected language (en-US).
[2018.02.10-18.51.03:076][  0]LogInit: Using OS detected locale (en-US).
[2018.02.10-18.51.03:193][  0]LogTextLocalizationManager: No specific localization for 'en-US' exists, so the 'en' localization will be used.
[2018.02.10-18.51.04:199][  0]LogInit: Setting process to per monitor DPI aware
[2018.02.10-18.51.08:776][  0]LogD3D11RHI: D3D11 adapters:
[2018.02.10-18.51.08:868][  0]LogD3D11RHI:    0. 'NVIDIA GeForce GTX 1050 Ti' (Feature Level 11_0)
[2018.02.10-18.51.08:868][  0]LogD3D11RHI:       4029/0/4095 MB DedicatedVideo/DedicatedSystem/SharedSystem, Outputs:1, VendorId:0x10de
[2018.02.10-18.51.08:871][  0]LogD3D11RHI:    1. 'Microsoft Basic Render Driver' (Feature Level 11_0)
[2018.02.10-18.51.08:871][  0]LogD3D11RHI:       0/0/4095 MB DedicatedVideo/DedicatedSystem/SharedSystem, Outputs:0, VendorId:0x1414
[2018.02.10-18.51.08:871][  0]LogD3D11RHI: Chosen D3D11 Adapter: 0
[2018.02.10-18.51.08:925][  0]LogD3D11RHI: Creating new Direct3DDevice
[2018.02.10-18.51.08:926][  0]LogD3D11RHI:     GPU DeviceId: 0x1c82 (for the marketing name, search the web for "GPU Device Id")
[2018.02.10-18.51.08:926][  0]LogWindows: EnumDisplayDevices:
[2018.02.10-18.51.08:926][  0]LogWindows:    0. 'NVIDIA GeForce GTX 1050 Ti' (P:0 D:0)
[2018.02.10-18.51.08:927][  0]LogWindows:    1. 'NVIDIA GeForce GTX 1050 Ti' (P:1 D:1)
[2018.02.10-18.51.08:927][  0]LogWindows:    2. 'NVIDIA GeForce GTX 1050 Ti' (P:0 D:0)
[2018.02.10-18.51.08:928][  0]LogWindows:    3. 'NVIDIA GeForce GTX 1050 Ti' (P:0 D:0)
[2018.02.10-18.51.08:928][  0]LogWindows: DebugString: FoundDriverCount:4 
[2018.02.10-18.51.08:928][  0]LogD3D11RHI:     Adapter Name: NVIDIA GeForce GTX 1050 Ti
[2018.02.10-18.51.08:928][  0]LogD3D11RHI:   Driver Version: 388.31 (internal:23.21.13.8831, unified:388.31)
[2018.02.10-18.51.08:928][  0]LogD3D11RHI:      Driver Date: 11-14-2017
[2018.02.10-18.51.08:928][  0]LogRHI: Texture pool is 2820 MB (70% of 4029 MB)
[2018.02.10-18.51.08:982][  0]LogD3D11RHI: Async texture creation enabled
[2018.02.10-18.51.09:027][  0]LogD3D11RHI: GPU Timing Frequency: 1000.000000 (Debug: 2 1)
[2018.02.10-18.51.09:081][  0]LogShaderCompilers: Guid format shader working directory is 14 characters bigger than the processId version (../../../../../../UE4/steam/steam/Intermediate/Shaders/WorkingDirectory/109268/).
[2018.02.10-18.51.09:081][  0]LogShaderCompilers: Cleaned the shader compiler working directory 'C:/Users/Polymake/AppData/Local/Temp/UnrealShaderWorkingDir/A4892D414414918E259453B266051532/'.
[2018.02.10-18.51.09:082][  0]LogShaderCompilers: Display: Using Local Shader Compiler.
[2018.02.10-18.51.14:422][  0]LogTemp: Display: Loaded TP AllDesktopTargetPlatform
[2018.02.10-18.51.14:590][  0]LogTemp: Display: Loaded TP MacClientTargetPlatform
[2018.02.10-18.51.14:759][  0]LogTemp: Display: Loaded TP MacNoEditorTargetPlatform
[2018.02.10-18.51.14:927][  0]LogTemp: Display: Loaded TP MacServerTargetPlatform
[2018.02.10-18.51.15:100][  0]LogTemp: Display: Loaded TP MacTargetPlatform
[2018.02.10-18.51.15:264][  0]LogTemp: Display: Loaded TP WindowsClientTargetPlatform
[2018.02.10-18.51.15:428][  0]LogTemp: Display: Loaded TP WindowsNoEditorTargetPlatform
[2018.02.10-18.51.15:592][  0]LogTemp: Display: Loaded TP WindowsServerTargetPlatform
[2018.02.10-18.51.15:741][  0]LogTemp: Display: Loaded TP WindowsTargetPlatform
[2018.02.10-18.51.15:899][  0]LogTemp: Display: Loaded TP Android_ASTCTargetPlatform
[2018.02.10-18.51.16:060][  0]LogTemp: Display: Loaded TP Android_ATCTargetPlatform
[2018.02.10-18.51.16:222][  0]LogTemp: Display: Loaded TP Android_DXTTargetPlatform
[2018.02.10-18.51.16:381][  0]LogTemp: Display: Loaded TP Android_ETC1TargetPlatform
[2018.02.10-18.51.16:541][  0]LogTemp: Display: Loaded TP Android_ETC2TargetPlatform
[2018.02.10-18.51.16:882][  0]LogTemp: Display: Loaded TP Android_MultiTargetPlatform
[2018.02.10-18.51.16:882][  0]LogTemp: Display: Loaded TP Android_PVRTCTargetPlatform
[2018.02.10-18.51.17:054][  0]LogTemp: Display: Loaded TP AndroidTargetPlatform
[2018.02.10-18.51.17:196][  0]LogTemp: Display: Loaded TP HTML5TargetPlatform
[2018.02.10-18.51.17:457][  0]LogTemp: Display: Loaded TP IOSTargetPlatform
[2018.02.10-18.51.17:544][  0]LogTemp: Display: Loaded TP TVOSTargetPlatform
[2018.02.10-18.51.17:703][  0]LogTemp: Display: Loaded TP LinuxClientTargetPlatform
[2018.02.10-18.51.17:867][  0]LogTemp: Display: Loaded TP LinuxNoEditorTargetPlatform
[2018.02.10-18.51.18:027][  0]LogTemp: Display: Loaded TP LinuxServerTargetPlatform
[2018.02.10-18.51.18:191][  0]LogTemp: Display: Loaded TP LinuxTargetPlatform
[2018.02.10-18.51.18:192][  0]LogTargetPlatformManager: Display: Building Assets For Windows
[2018.02.10-18.51.19:886][  0]LogDerivedDataCache: Display: Max Cache Size: 512 MB
[2018.02.10-18.51.20:628][  0]LogDerivedDataCache: Loaded boot cache 0.74s 78MB C:/Users/Polymake/AppData/Local/UnrealEngine/4.18/DerivedDataCache/Boot.ddc.
[2018.02.10-18.51.20:628][  0]LogDerivedDataCache: Display: Loaded Boot cache: C:/Users/Polymake/AppData/Local/UnrealEngine/4.18/DerivedDataCache/Boot.ddc
[2018.02.10-18.51.20:628][  0]LogDerivedDataCache: FDerivedDataBackendGraph:  Pak pak cache file ../../../../../../UE4/steam/steam/DerivedDataCache/DDC.ddp not found, will not use a pak cache.
[2018.02.10-18.51.20:628][  0]LogDerivedDataCache: Unable to find inner node Pak for hierarchical cache Hierarchy.
[2018.02.10-18.51.20:628][  0]LogDerivedDataCache: FDerivedDataBackendGraph:  CompressedPak pak cache file ../../../../../../UE4/steam/steam/DerivedDataCache/Compressed.ddp not found, will not use a pak cache.
[2018.02.10-18.51.20:628][  0]LogDerivedDataCache: Unable to find inner node CompressedPak for hierarchical cache Hierarchy.
[2018.02.10-18.51.20:680][  0]LogDerivedDataCache: Display: Pak cache opened for reading ../../../Engine/DerivedDataCache/Compressed.ddp.
[2018.02.10-18.51.20:694][  0]LogDerivedDataCache: Using Local data cache path C:/Users/Polymake/AppData/Local/UnrealEngine/Common/DerivedDataCache: Writable
[2018.02.10-18.51.20:724][  0]LogMaterial: Verifying Global Shaders for PCD3D_SM5
[2018.02.10-18.51.20:731][  0]LogSlate: Using Freetype 2.6.0
[2018.02.10-18.51.20:763][  0]LogSlate: SlateFontCache - WITH_FREETYPE: 1, WITH_HARFBUZZ: 1
[2018.02.10-18.51.20:764][  0]LogSlate: SlateFontCache - WITH_FREETYPE: 1, WITH_HARFBUZZ: 1
[2018.02.10-18.51.22:632][  0]LogInit: Selected Device Profile: [Windows]
[2018.02.10-18.51.24:036][  0]LogSimplygon: Simplygon DLL not present - disabling.
[2018.02.10-18.51.24:187][  0]LogMeshReduction: Using SimplygonSwarm for distributed automatic mesh merging
[2018.02.10-18.51.24:188][  0]LogMeshReduction: Using QuadricMeshReduction for automatic static mesh reduction
[2018.02.10-18.51.24:188][  0]LogMeshReduction: No automatic skeletal mesh reduction module available
[2018.02.10-18.51.24:188][  0]LogMeshReduction: No automatic mesh merging module available
[2018.02.10-18.51.24:188][  0]LogMeshMerging: No automatic mesh merging module available
[2018.02.10-18.51.24:317][  0]LogNetVersion: MyProject12 , NetCL: 3709383, EngineNetVer: 2, GameNetVer: 0 (Checksum: 3203290924)
[2018.02.10-18.51.25:202][  0]LogAssetRegistry: FAssetRegistry took 0.0375 seconds to start up
[2018.02.10-18.51.27:599][  0]LogPackageLocalizationCache: Processed 7 localized package path(s) for 2 prioritized culture(s) in 0.153208 seconds
[2018.02.10-18.51.27:613][  0]LogUObjectArray: 35877 objects as part of root set at end of initial load.
[2018.02.10-18.51.27:613][  0]LogUObjectAllocator: 7577640 out of 0 bytes used by permanent object pool.
[2018.02.10-18.51.27:613][  0]LogUObjectArray: CloseDisregardForGC: 0/0 objects in disregard for GC pool
[2018.02.10-18.51.42:003][  0]LogTcpMessaging: Initializing TcpMessaging bridge
[2018.02.10-18.51.42:116][  0]LogUdpMessaging: Initializing bridge on interface 0.0.0.0:0 to multicast group 230.0.0.1:6666.
[2018.02.10-18.51.44:436][  0]LogMaterial: Uniform references updated for custom material expression Custom.
[2018.02.10-18.51.45:951][  0]SourceControl: Source control is disabled
[2018.02.10-18.51.45:952][  0]SourceControl: Source control is disabled
[2018.02.10-18.51.46:135][  0]SourceControl: Source control is disabled
[2018.02.10-18.51.46:310][  0]SourceControl: Source control is disabled
[2018.02.10-18.51.48:893][  0]LogAndroidPermission: UAndroidPermissionCallbackProxy::GetInstance
[2018.02.10-18.51.49:750][  0]LogOcInput: OculusInput pre-init called
[2018.02.10-18.51.50:703][  0]LogEngine: Initializing Engine...
[2018.02.10-18.51.50:711][  0]LogHMD: Failed to initialize OpenVR with code 110
[2018.02.10-18.51.51:700][  0]LogStats: UGameplayTagsManager::ConstructGameplayTagTree: Construct from data asset -  0.000 s
[2018.02.10-18.51.51:700][  0]LogStats: UGameplayTagsManager::ConstructGameplayTagTree: GameplayTagTreeChangedEvent.Broadcast -  0.000 s
[2018.02.10-18.51.52:184][  0]LogAIModule: Creating AISystem for world Untitled
[2018.02.10-18.51.52:218][  0]LogInit: XAudio2 using 'Headset Earphone (Corsair VOID Surround USB Sound Adaptor)' : 2 channels at 48 kHz using 16 bits per sample (channel mask 0x3)
[2018.02.10-18.51.52:246][  0]LogInit: FAudioDevice initialized.
[2018.02.10-18.51.52:447][  0]LogDerivedDataCache: Saved boot cache 0.20s 78MB C:/Users/Polymake/AppData/Local/UnrealEngine/4.18/DerivedDataCache/Boot.ddc.
[2018.02.10-18.51.52:498][  0]LogInit: Texture streaming: Enabled
[2018.02.10-18.51.52:879][  0]LogEngineSessionManager: EngineSessionManager initialized
[2018.02.10-18.51.53:404][  0]LogInit: Transaction tracking system initialized
[2018.02.10-18.51.54:661][  0]BlueprintLog: New page: Editor Load
[2018.02.10-18.51.58:218][  0]LocalizationService: Localization service is disabled
[2018.02.10-18.52.01:417][  0]LogConsoleResponse: Display: 
[2018.02.10-18.52.02:639][  0]LogCook: Display: Max memory allowance for cook 16384mb min free memory 0mb
[2018.02.10-18.52.02:639][  0]LogCook: Display: Mobile HDR setting 1
[2018.02.10-18.52.02:640][  0]LogGameplayTags: Display: UGameplayTagsManager::DoneAddingNativeTags. DelegateIsBound: 0
[2018.02.10-18.52.03:678][  0]LogFileCache: Scanning file cache for directory 'C:/UE4/steam/steam/Content/' took 0.03s
[2018.02.10-18.52.06:804][  0]SourceControl: Source control is disabled
[2018.02.10-18.52.06:807][  0]Cmd: MAP LOAD FILE="../../../../../../UE4/steam/steam/Content/Maps/mainMenu.umap" TEMPLATE=0 SHOWPROGRESS=1 FEATURELEVEL=3
[2018.02.10-18.52.06:818][  0]LightingResults: New page: Lighting Build
[2018.02.10-18.52.06:965][  0]MapCheck: New page: Map Check
[2018.02.10-18.52.06:965][  0]LightingResults: New page: Lighting Build
[2018.02.10-18.52.07:214][  0]LogProperty: Error: UStructProperty::Serialize Loading: Property 'StructProperty /Game/UI/MainMenu/optionsMenu.optionsMenu_C:playerInfo'. Unknown structure.
[2018.02.10-18.52.07:236][  0]LogProperty: Error: UStructProperty::Serialize Loading: Property 'StructProperty /Game/Blueprints/allLevels/playerSaveGame.playerSaveGame_C:S_PlayerINfo'. Unknown structure.
[2018.02.10-18.52.07:236][  0]LogClass: Warning: Property S_PlayerINfo of S_PlayerINfo has a struct type mismatch (tag STRUCT_REINST_PlayerInfo_0 != prop FallbackStruct) in package:  ../../../../../../UE4/steam/steam/Content/Blueprints/allLevels/playerSaveGame.uasset. If that struct got renamed, add an entry to ActiveStructRedirects.
[2018.02.10-18.52.07:486][  0]LogClass: Warning: Property playerInfo of playerInfo has a struct type mismatch (tag STRUCT_REINST_PlayerInfo_0 != prop FallbackStruct) in package:  ../../../../../../UE4/steam/steam/Content/UI/MainMenu/optionsMenu.uasset. If that struct got renamed, add an entry to ActiveStructRedirects.
[2018.02.10-18.52.07:693][  0]LogClass: Warning: Property S_PlayerINfo of S_PlayerINfo has a struct type mismatch (tag FallbackStruct != prop PlayerInfo) in package:  FObjectReader. If that struct got renamed, add an entry to ActiveStructRedirects.
[2018.02.10-18.52.07:695][  0]LogClass: Warning: Property playerInfo of playerInfo has a struct type mismatch (tag FallbackStruct != prop PlayerInfo) in package:  FObjectReader. If that struct got renamed, add an entry to ActiveStructRedirects.
[2018.02.10-18.52.08:178][  0]LogAIModule: Creating AISystem for world mainMenu
[2018.02.10-18.52.08:185][  0]LogEditorServer: Finished looking for orphan Actors (0.000 secs)
[2018.02.10-18.52.08:225][  0]Cmd: MAP CHECKDEP NOCLEARLOG
[2018.02.10-18.52.08:376][  0]MapCheck: Map check complete: 0 Error(s), 0 Warning(s), took 151.253ms to complete.
[2018.02.10-18.52.08:377][  0]LogFileHelpers: Loading map 'mainMenu' took 1.571
[2018.02.10-18.52.08:838][  0]LogCollectionManager: Loaded 0 collections in 0.003622 seconds
[2018.02.10-18.52.09:051][  0]LogFileCache: Scanning file cache for directory 'C:/UE4/steam/steam/Saved/Collections/' took 0.01s
[2018.02.10-18.52.09:051][  0]LogFileCache: Scanning file cache for directory 'C:/UE4/steam/steam/Content/Developers/Polymake/Collections/' took 0.01s
[2018.02.10-18.52.09:051][  0]LogFileCache: Scanning file cache for directory 'C:/UE4/steam/steam/Content/Collections/' took 0.01s
[2018.02.10-18.52.09:051][  0]LogCollectionManager: Rebuilt the GUID cache for 0 collections in 0.000001 seconds
[2018.02.10-18.52.09:077][  0]LogContentBrowser: Native class hierarchy populated in 0.0227 seconds. Added 2365 classes and 522 folders.
[2018.02.10-18.52.09:309][  0]LogContentBrowser: Native class hierarchy updated for 'WidgetCarousel' in 0.0005 seconds. Added 0 classes and 0 folders.
[2018.02.10-18.52.10:120][  0]LogContentBrowser: Native class hierarchy updated for 'AddContentDialog' in 0.0006 seconds. Added 0 classes and 0 folders.
[2018.02.10-18.52.10:273][  0]LogContentBrowser: Native class hierarchy updated for 'SceneOutliner' in 0.0005 seconds. Added 1 classes and 2 folders.
[2018.02.10-18.52.10:602][  0]LogSlate: Took 0.032541 seconds to synchronously load lazily loaded font '../../../Engine/Content/Slate/Fonts/Roboto-Regular.ttf' (155K)
[2018.02.10-18.52.10:625][  0]LogSlate: Took 0.017307 seconds to synchronously load lazily loaded font '../../../Engine/Content/Slate/Fonts/Roboto-Bold.ttf' (160K)
[2018.02.10-18.52.10:647][  0]LogSlate: Took 0.010274 seconds to synchronously load lazily loaded font '../../../Engine/Content/Editor/Slate/Fonts/FontAwesome.ttf' (139K)
[2018.02.10-18.52.11:052][  0]LogRenderer: Reallocating scene render targets to support 1244x660 Format 10 NumSamples 1 (Frame:1).
[2018.02.10-18.52.11:721][  0]LogContentBrowser: Native class hierarchy updated for 'HierarchicalLODOutliner' in 0.0005 seconds. Added 1 classes and 2 folders.
[2018.02.10-18.52.11:721][  0]LogLoad: (Engine Initialization) Total time: 79.70 seconds
[2018.02.10-18.52.11:721][  0]LogLoad: (Engine Initialization) Total Blueprint compile time: 0.00 seconds
[2018.02.10-18.52.11:722][  0]LogExternalProfiler: No external profilers were discovered.  External profiling features will not be available.
[2018.02.10-18.52.11:786][  0]LogContentStreaming: Texture pool size now 1000 MB
[2018.02.10-18.52.12:068][  3]LogSlate: Took 0.010475 seconds to synchronously load lazily loaded font '../../../Engine/Content/Slate/Fonts/Roboto-Light.ttf' (159K)
[2018.02.10-18.52.12:100][  4]LogAssetRegistry: Asset discovery search completed in 46.9201 seconds
[2018.02.10-18.52.12:112][  4]LogCollectionManager: Rebuilt the object cache for 0 collections in 0.000001 seconds (found 0 objects)
[2018.02.10-18.52.12:112][  4]LogCollectionManager: Fixed up redirectors for 0 collections in 0.000135 seconds (updated 0 objects)
[2018.02.10-18.52.12:795][ 47]LogSlate: Took 0.000579 seconds to synchronously load lazily loaded font '../../../Engine/Content/Slate/Fonts/Roboto-Light.ttf' (159K)
[2018.02.10-18.57.58:204][283]LogWindowsTextInputMethodSystem: Display: IME system now deactivated.
[2018.02.10-18.57.58:209][283]LogWindowsTextInputMethodSystem: Display: IME system now deactivated.
[2018.02.10-18.57.58:548][284]Cmd: QUIT_EDITOR
[2018.02.10-18.57.58:624][284]LogExit: Preparing to exit.
[2018.02.10-18.57.59:346][284]LogDirectoryWatcher: A directory notification for 'C:/UE4/steam/steam/Content/' was aborted.
[2018.02.10-18.57.59:382][284]LogExit: Editor shut down
[2018.02.10-18.57.59:398][284]LogExit: Transaction tracking system shut down
[2018.02.10-18.57.59:625][284]LogDirectoryWatcher: A directory notification for '../../../Engine/Content/' was aborted.
[2018.02.10-18.57.59:626][284]LogDirectoryWatcher: A directory notification for '../../../../../../UE4/steam/steam/Content/' was aborted.
[2018.02.10-18.57.59:626][284]LogDirectoryWatcher: A directory notification for '../../../Engine/Plugins/2D/Paper2D/Content/' was aborted.
[2018.02.10-18.57.59:626][284]LogDirectoryWatcher: A directory notification for '../../../Engine/Plugins/Media/MediaCompositing/Content/' was aborted.
[2018.02.10-18.57.59:626][284]LogDirectoryWatcher: A directory notification for '../../../Engine/Plugins/Runtime/AppleARKit/Content/' was aborted.
[2018.02.10-18.57.59:626][284]LogDirectoryWatcher: A directory notification for '../../../Engine/Plugins/Runtime/Oculus/OculusVR/Content/' was aborted.
[2018.02.10-18.57.59:626][284]LogDirectoryWatcher: A directory notification for '../../../Engine/Plugins/Runtime/Steam/SteamVR/Content/' was aborted.
[2018.02.10-18.57.59:753][284]LogExit: Object subsystem successfully closed.
[2018.02.10-18.57.59:776][284]LogD3D11RHI: Shutdown
[2018.02.10-18.57.59:776][284]LogD3D11RHI: CleanupD3DDevice
[2018.02.10-18.57.59:780][284]LogD3D11RHI: ~FD3D11DynamicRHI
[2018.02.10-18.57.59:839][284]LogModuleManager: Shutting down and abandoning module HierarchicalLODOutliner (550)
[2018.02.10-18.57.59:839][284]LogModuleManager: Shutting down and abandoning module SceneOutliner (548)
[2018.02.10-18.57.59:839][284]LogModuleManager: Shutting down and abandoning module AddContentDialog (546)
[2018.02.10-18.57.59:840][284]LogDirectoryWatcher: A directory notification for 'C:/Program Files/Epic Games/UE_4.18/FeaturePacks/' was aborted.
[2018.02.10-18.57.59:843][284]LogModuleManager: Shutting down and abandoning module WidgetCarousel (545)
[2018.02.10-18.57.59:843][284]LogModuleManager: Shutting down and abandoning module EditorWidgets (542)
[2018.02.10-18.57.59:843][284]LogModuleManager: Shutting down and abandoning module CollectionManager (540)
[2018.02.10-18.57.59:843][284]LogDirectoryWatcher: A directory notification for 'C:/UE4/steam/steam/Content/Collections/' was aborted.
[2018.02.10-18.57.59:844][284]LogDirectoryWatcher: A directory notification for 'C:/UE4/steam/steam/Content/Developers/Polymake/Collections/' was aborted.
[2018.02.10-18.57.59:844][284]LogDirectoryWatcher: A directory notification for 'C:/UE4/steam/steam/Saved/Collections/' was aborted.
[2018.02.10-18.57.59:844][284]LogModuleManager: Shutting down and abandoning module StatsViewer (538)
[2018.02.10-18.57.59:845][284]LogModuleManager: Shutting down and abandoning module FoliageEdit (536)
[2018.02.10-18.57.59:845][284]LogModuleManager: Shutting down and abandoning module LandscapeEditor (534)
[2018.02.10-18.57.59:847][284]LogModuleManager: Shutting down and abandoning module MeshPaintMode (532)
[2018.02.10-18.57.59:847][284]LogModuleManager: Shutting down and abandoning module SceneDepthPickerMode (530)
[2018.02.10-18.57.59:847][284]LogModuleManager: Shutting down and abandoning module ActorPickerMode (528)
[2018.02.10-18.57.59:847][284]LogModuleManager: Shutting down and abandoning module GeometryMode (526)
[2018.02.10-18.57.59:847][284]LogModuleManager: Shutting down and abandoning module TextureAlignMode (524)
[2018.02.10-18.57.59:847][284]LogModuleManager: Shutting down and abandoning module BspMode (522)
[2018.02.10-18.57.59:847][284]LogModuleManager: Shutting down and abandoning module PIEPreviewDeviceProfileSelector (520)
[2018.02.10-18.57.59:848][284]LogModuleManager: Shutting down and abandoning module HardwareSurvey (518)
[2018.02.10-18.57.59:848][284]LogModuleManager: Shutting down and abandoning module SequenceRecorderSections (516)
[2018.02.10-18.57.59:848][284]LogModuleManager: Shutting down and abandoning module AutomationWorker (514)
[2018.02.10-18.57.59:848][284]LogModuleManager: Shutting down and abandoning module MatineeToLevelSequence (512)
[2018.02.10-18.57.59:848][284]LogModuleManager: Shutting down and abandoning module LevelSequenceEditor (510)
[2018.02.10-18.57.59:851][284]LogModuleManager: Shutting down and abandoning module PlacementMode (509)
[2018.02.10-18.57.59:851][284]LogModuleManager: Shutting down and abandoning module WmfMediaFactory (506)
[2018.02.10-18.57.59:851][284]LogModuleManager: Shutting down and abandoning module WmfMediaEditor (504)
[2018.02.10-18.57.59:851][284]LogModuleManager: Shutting down and abandoning module OpenExrWrapper (502)
[2018.02.10-18.57.59:851][284]LogModuleManager: Shutting down and abandoning module ImgMediaFactory (500)
[2018.02.10-18.57.59:851][284]LogModuleManager: Shutting down and abandoning module ImgMediaEditor (498)
[2018.02.10-18.57.59:851][284]LogModuleManager: Shutting down and abandoning module AvfMediaFactory (496)
[2018.02.10-18.57.59:851][284]LogModuleManager: Shutting down and abandoning module AvfMediaEditor (494)
[2018.02.10-18.57.59:851][284]LogModuleManager: Shutting down and abandoning module AndroidMediaFactory (492)
[2018.02.10-18.57.59:851][284]LogModuleManager: Shutting down and abandoning module AndroidMediaEditor (490)
[2018.02.10-18.57.59:851][284]LogModuleManager: Shutting down and abandoning module CharacterAI (488)
[2018.02.10-18.57.59:851][284]LogModuleManager: Shutting down and abandoning module AudioCapture (486)
[2018.02.10-18.57.59:851][284]LogModuleManager: Shutting down and abandoning module SequenceRecorder (485)
[2018.02.10-18.57.59:851][284]LogModuleManager: Shutting down and abandoning module SmartSnapping (482)
[2018.02.10-18.57.59:851][284]LogModuleManager: Shutting down and abandoning module SessionServices (480)
[2018.02.10-18.57.59:851][284]LogModuleManager: Shutting down and abandoning module ViewportSnapping (478)
[2018.02.10-18.57.59:851][284]LogModuleManager: Shutting down and abandoning module ViewportInteraction (476)
[2018.02.10-18.57.59:851][284]LogModuleManager: Shutting down and abandoning module ClothPainter (474)
[2018.02.10-18.57.59:852][284]LogModuleManager: Shutting down and abandoning module SkeletalMeshEditor (473)
[2018.02.10-18.57.59:854][284]LogModuleManager: Shutting down and abandoning module LogVisualizer (470)
[2018.02.10-18.57.59:856][284]LogModuleManager: Shutting down and abandoning module IntroTutorials (468)
[2018.02.10-18.57.59:858][284]LogModuleManager: Shutting down and abandoning module GameProjectGeneration (467)
[2018.02.10-18.57.59:859][284]LogModuleManager: Shutting down and abandoning module IOSPlatformEditor (464)
[2018.02.10-18.57.59:859][284]LogModuleManager: Shutting down and abandoning module HTML5PlatformEditor (462)
[2018.02.10-18.57.59:859][284]LogModuleManager: Shutting down and abandoning module AndroidPlatformEditor (460)
[2018.02.10-18.57.59:859][284]LogModuleManager: Shutting down and abandoning module AndroidDeviceDetection (459)
[2018.02.10-18.58.00:018][284]LogModuleManager: Shutting down and abandoning module WindowsPlatformEditor (456)
[2018.02.10-18.58.00:018][284]LogModuleManager: Shutting down and abandoning module IOSRuntimeSettings (454)
[2018.02.10-18.58.00:018][284]LogModuleManager: Shutting down and abandoning module AndroidRuntimeSettings (452)
[2018.02.10-18.58.00:018][284]LogModuleManager: Shutting down and abandoning module InputBindingEditor (450)
[2018.02.10-18.58.00:019][284]LogModuleManager: Shutting down and abandoning module MergeActors (448)
[2018.02.10-18.58.00:020][284]LogModuleManager: Shutting down and abandoning module SizeMap (446)
[2018.02.10-18.58.00:020][284]LogModuleManager: Shutting down and abandoning module TreeMap (444)
[2018.02.10-18.58.00:021][284]LogModuleManager: Shutting down and abandoning module ReferenceViewer (442)
[2018.02.10-18.58.00:021][284]LogModuleManager: Shutting down and abandoning module LocalizationDashboard (440)
[2018.02.10-18.58.00:022][284]LogModuleManager: Shutting down and abandoning module LocalizationService (439)
[2018.02.10-18.58.00:022][284]LogModuleManager: Shutting down and abandoning module HardwareTargeting (436)
[2018.02.10-18.58.00:022][284]LogModuleManager: Shutting down and abandoning module DeviceProfileEditor (434)
[2018.02.10-18.58.00:023][284]LogModuleManager: Shutting down and abandoning module UndoHistory (432)
[2018.02.10-18.58.00:023][284]LogModuleManager: Shutting down and abandoning module XmlParser (430)
[2018.02.10-18.58.00:023][284]LogModuleManager: Shutting down and abandoning module Blutility (428)
[2018.02.10-18.58.00:023][284]LogModuleManager: Shutting down and abandoning module ProjectSettingsViewer (426)
[2018.02.10-18.58.00:023][284]LogModuleManager: Shutting down and abandoning module ProjectTargetPlatformEditor (425)
[2018.02.10-18.58.00:023][284]LogModuleManager: Shutting down and abandoning module EditorSettingsViewer (422)
[2018.02.10-18.58.00:023][284]LogModuleManager: Shutting down and abandoning module SettingsEditor (420)
[2018.02.10-18.58.00:024][284]LogModuleManager: Shutting down and abandoning module ProjectLauncher (418)
[2018.02.10-18.58.00:026][284]LogModuleManager: Shutting down and abandoning module SessionFrontend (416)
[2018.02.10-18.58.00:027][284]LogModuleManager: Shutting down and abandoning module ProfilerClient (414)
[2018.02.10-18.58.00:028][284]LogModuleManager: Shutting down and abandoning module DeviceManager (412)
[2018.02.10-18.58.00:028][284]LogModuleManager: Shutting down and abandoning module TargetDeviceServices (411)
[2018.02.10-18.58.00:083][284]LogModuleManager: Shutting down and abandoning module AutomationController (408)
[2018.02.10-18.58.00:083][284]LogModuleManager: Shutting down and abandoning module AutomationWindow (406)
[2018.02.10-18.58.00:088][284]LogModuleManager: Shutting down and abandoning module Layers (404)
[2018.02.10-18.58.00:090][284]LogModuleManager: Shutting down and abandoning module ComponentVisualizers (402)
[2018.02.10-18.58.00:090][284]LogModuleManager: Shutting down and abandoning module DetailCustomizations (400)
[2018.02.10-18.58.00:090][284]LogModuleManager: Shutting down and abandoning module PackagesDialog (398)
[2018.02.10-18.58.00:091][284]LogModuleManager: Shutting down and abandoning module Persona (396)
[2018.02.10-18.58.00:094][284]LogModuleManager: Shutting down and abandoning module AdvancedPreviewScene (395)
[2018.02.10-18.58.00:094][284]LogModuleManager: Shutting down and abandoning module AnimGraph (393)
[2018.02.10-18.58.00:094][284]LogModuleManager: Shutting down and abandoning module Kismet (390)
[2018.02.10-18.58.00:097][284]LogModuleManager: Shutting down and abandoning module ClassViewer (388)
[2018.02.10-18.58.00:097][284]LogModuleManager: Shutting down and abandoning module Toolbox (386)
[2018.02.10-18.58.00:097][284]LogModuleManager: Shutting down and abandoning module ModuleUI (384)
[2018.02.10-18.58.00:098][284]LogModuleManager: Shutting down and abandoning module MovieSceneTools (382)
[2018.02.10-18.58.00:099][284]LogModuleManager: Shutting down and abandoning module OutputLog (380)
[2018.02.10-18.58.00:100][284]LogModuleManager: Shutting down and abandoning module GammaUI (378)
[2018.02.10-18.58.00:101][284]LogModuleManager: Shutting down and abandoning module Documentation (376)
[2018.02.10-18.58.00:101][284]LogModuleManager: Shutting down and abandoning module MovieSceneTracks (374)
[2018.02.10-18.58.00:101][284]LogModuleManager: Shutting down and abandoning module MovieScene (372)
[2018.02.10-18.58.00:101][284]LogModuleManager: Shutting down and abandoning module StreamingPauseRendering (370)
[2018.02.10-18.58.00:101][284]LogModuleManager: Shutting down and abandoning module LauncherPlatform (368)
[2018.02.10-18.58.00:101][284]LogModuleManager: Shutting down and abandoning module AnalyticsET (366)
[2018.02.10-18.58.00:101][284]LogModuleManager: Shutting down and abandoning module PortalServices (364)
[2018.02.10-18.58.00:101][284]LogModuleManager: Shutting down and abandoning module PortalRpc (362)
[2018.02.10-18.58.00:101][284]LogModuleManager: Shutting down and abandoning module MessagingRpc (360)
[2018.02.10-18.58.00:101][284]LogModuleManager: Shutting down and abandoning module AIModule (358)
[2018.02.10-18.58.00:101][284]LogModuleManager: Shutting down and abandoning module GameplayDebugger (357)
[2018.02.10-18.58.00:101][284]LogModuleManager: Shutting down and abandoning module AITestSuite (355)
[2018.02.10-18.58.00:101][284]LogModuleManager: Shutting down and abandoning module DesktopPlatform (352)
[2018.02.10-18.58.00:101][284]LogModuleManager: Shutting down and abandoning module ProfilerService (350)
[2018.02.10-18.58.00:144][284]LogModuleManager: Shutting down and abandoning module TaskGraph (348)
[2018.02.10-18.58.00:144][284]LogModuleManager: Shutting down and abandoning module SteamVRController (346)
[2018.02.10-18.58.00:144][284]LogModuleManager: Shutting down and abandoning module ProceduralMeshComponentEditor (344)
[2018.02.10-18.58.00:144][284]LogModuleManager: Shutting down and abandoning module ProceduralMeshComponent (342)
[2018.02.10-18.58.00:144][284]LogModuleManager: Shutting down and abandoning module OculusInput (340)
[2018.02.10-18.58.00:144][284]LogModuleManager: Shutting down and abandoning module MobilePatchingUtils (338)
[2018.02.10-18.58.00:144][284]LogModuleManager: Shutting down and abandoning module CustomMeshComponent (336)
[2018.02.10-18.58.00:144][284]LogModuleManager: Shutting down and abandoning module CableComponent (334)
[2018.02.10-18.58.00:144][284]LogModuleManager: Shutting down and abandoning module ArchVisCharacter (332)
[2018.02.10-18.58.00:144][284]LogModuleManager: Shutting down and abandoning module AndroidPermission (330)
[2018.02.10-18.58.00:144][284]LogModuleManager: Shutting down and abandoning module ActorSequence (328)
[2018.02.10-18.58.00:144][284]LogModuleManager: Shutting down and abandoning module MediaPlayerEditor (326)
[2018.02.10-18.58.00:148][284]LogModuleManager: Shutting down and abandoning module MediaCompositingEditor (324)
[2018.02.10-18.58.00:148][284]LogModuleManager: Shutting down and abandoning module MediaCompositing (322)
[2018.02.10-18.58.00:148][284]LogModuleManager: Shutting down and abandoning module HTML5Networking (320)
[2018.02.10-18.58.00:148][284]LogModuleManager: Shutting down and abandoning module AlembicImporter (318)
[2018.02.10-18.58.00:149][284]LogModuleManager: Shutting down and abandoning module AlembicLibrary (317)
[2018.02.10-18.58.00:149][284]LogModuleManager: Shutting down and abandoning module GeometryCache (316)
[2018.02.10-18.58.00:149][284]LogModuleManager: Shutting down and abandoning module GeometryCacheEd (315)
[2018.02.10-18.58.00:149][284]LogModuleManager: Shutting down and abandoning module SpeedTreeImporter (310)
[2018.02.10-18.58.00:149][284]LogModuleManager: Shutting down and abandoning module PluginBrowser (308)
[2018.02.10-18.58.00:151][284]LogModuleManager: Shutting down and abandoning module MobileLauncherProfileWizard (306)
[2018.02.10-18.58.00:153][284]LogModuleManager: Shutting down and abandoning module VisualStudioSourceCodeAccess (304)
[2018.02.10-18.58.00:153][284]LogModuleManager: Shutting down and abandoning module VisualStudioCodeSourceCodeAccess (302)
[2018.02.10-18.58.00:153][284]LogModuleManager: Shutting down and abandoning module UObjectPlugin (300)
[2018.02.10-18.58.00:153][284]LogModuleManager: Shutting down and abandoning module SubversionSourceControl (298)
[2018.02.10-18.58.00:153][284]LogModuleManager: Shutting down and abandoning module PerforceSourceControl (296)
[2018.02.10-18.58.00:153][284]LogModuleManager: Shutting down and abandoning module GitSourceControl (294)
[2018.02.10-18.58.00:154][284]LogModuleManager: Shutting down and abandoning module SourceControl (293)
[2018.02.10-18.58.00:155][284]LogModuleManager: Shutting down and abandoning module LightPropagationVolumeEditor (290)
[2018.02.10-18.58.00:155][284]LogModuleManager: Shutting down and abandoning module PaperTiledImporter (288)
[2018.02.10-18.58.00:155][284]LogModuleManager: Shutting down and abandoning module PaperSpriteSheetImporter (286)
[2018.02.10-18.58.00:155][284]LogModuleManager: Shutting down and abandoning module Paper2DEditor (284)
[2018.02.10-18.58.00:156][284]LogModuleManager: Shutting down and abandoning module MeshPaint (283)
[2018.02.10-18.58.00:157][284]LogModuleManager: Shutting down and abandoning module LevelEditor (281)
[2018.02.10-18.58.00:159][284]LogModuleManager: Shutting down and abandoning module PixelInspectorModule (280)
[2018.02.10-18.58.00:160][284]LogModuleManager: Shutting down and abandoning module MainFrame (278)
[2018.02.10-18.58.00:161][284]LogModuleManager: Shutting down and abandoning module HotReload (277)
[2018.02.10-18.58.00:162][284]LogModuleManager: Shutting down and abandoning module RuntimePhysXCooking (272)
[2018.02.10-18.58.00:162][284]LogModuleManager: Shutting down and abandoning module PhysXVehiclesEditor (270)
[2018.02.10-18.58.00:162][284]LogModuleManager: Shutting down and abandoning module PhysXVehicles (268)
[2018.02.10-18.58.00:162][284]LogModuleManager: Shutting down and abandoning module OculusEditor (266)
[2018.02.10-18.58.00:162][284]LogModuleManager: Shutting down and abandoning module LocationServicesBPLibrary (264)
[2018.02.10-18.58.00:162][284]LogModuleManager: Shutting down and abandoning module ImmediatePhysicsEditor (262)
[2018.02.10-18.58.00:162][284]LogModuleManager: Shutting down and abandoning module ImmediatePhysics (260)
[2018.02.10-18.58.00:162][284]LogModuleManager: Shutting down and abandoning module UdpMessaging (258)
[2018.02.10-18.58.00:263][284]LogModuleManager: Shutting down and abandoning module TcpMessaging (256)
[2018.02.10-18.58.00:363][284]LogModuleManager: Shutting down and abandoning module GameplayTagsEditor (254)
[2018.02.10-18.58.00:364][284]LogModuleManager: Shutting down and abandoning module FacialAnimationEditor (252)
[2018.02.10-18.58.00:364][284]LogModuleManager: Shutting down and abandoning module FacialAnimation (250)
[2018.02.10-18.58.00:364][284]LogModuleManager: Shutting down and abandoning module AssetManagerEditor (248)
[2018.02.10-18.58.00:364][284]LogModuleManager: Shutting down and abandoning module GraphEditor (247)
[2018.02.10-18.58.00:364][284]LogModuleManager: Shutting down and abandoning module ContentBrowser (245)
[2018.02.10-18.58.00:367][284]LogModuleManager: Shutting down and abandoning module LightPropagationVolumeRuntime (242)
[2018.02.10-18.58.00:367][284]LogModuleManager: Shutting down and abandoning module Paper2D (240)
[2018.02.10-18.58.00:367][284]LogModuleManager: Shutting down and abandoning module WindowsMoviePlayer (238)
[2018.02.10-18.58.00:367][284]LogModuleManager: Shutting down and abandoning module WmfMedia (236)
[2018.02.10-18.58.00:367][284]LogModuleManager: Shutting down and abandoning module ImgMedia (234)
[2018.02.10-18.58.00:367][284]LogModuleManager: Shutting down and abandoning module PacketHandler (232)
[2018.02.10-18.58.00:367][284]LogModuleManager: Shutting down and abandoning module ClothingSystemEditor (230)
[2018.02.10-18.58.00:367][284]LogModuleManager: Shutting down and abandoning module ClothingSystemRuntime (228)
[2018.02.10-18.58.00:367][284]LogModuleManager: Shutting down and abandoning module MediaAssets (226)
[2018.02.10-18.58.00:367][284]LogModuleManager: Shutting down and abandoning module Media (225)
[2018.02.10-18.58.00:374][284]LogModuleManager: Shutting down and abandoning module Overlay (222)
[2018.02.10-18.58.00:374][284]LogModuleManager: Shutting down and abandoning module OverlayEditor (221)
[2018.02.10-18.58.00:374][284]LogModuleManager: Shutting down and abandoning module VREditor (218)
[2018.02.10-18.58.00:375][284]LogModuleManager: Shutting down and abandoning module StringTableEditor (216)
[2018.02.10-18.58.00:376][284]LogModuleManager: Shutting down and abandoning module GameplayTasksEditor (214)
[2018.02.10-18.58.00:376][284]LogModuleManager: Shutting down and abandoning module BehaviorTreeEditor (212)
[2018.02.10-18.58.00:376][284]LogModuleManager: Shutting down and abandoning module FunctionalTesting (210)
[2018.02.10-18.58.00:376][284]LogModuleManager: Shutting down and abandoning module CollisionAnalyzer (208)
[2018.02.10-18.58.00:376][284]LogModuleManager: Shutting down and abandoning module WorkspaceMenuStructure (207)
[2018.02.10-18.58.00:376][284]LogModuleManager: Shutting down and abandoning module UMG (204)
[2018.02.10-18.58.00:376][284]LogModuleManager: Shutting down and abandoning module UMGEditor (203)
[2018.02.10-18.58.00:377][284]LogModuleManager: Shutting down and abandoning module Sequencer (202)
[2018.02.10-18.58.00:377][284]LogModuleManager: Shutting down and abandoning module MessageLog (199)
[2018.02.10-18.58.00:378][284]LogModuleManager: Shutting down and abandoning module SlateReflector (194)
[2018.02.10-18.58.00:378][284]LogModuleManager: Shutting down and abandoning module Slate (192)
[2018.02.10-18.58.00:378][284]LogModuleManager: Shutting down and abandoning module EditorStyle (190)
[2018.02.10-18.58.00:383][284]LogModuleManager: Shutting down and abandoning module MRMesh (188)
[2018.02.10-18.58.00:383][284]LogModuleManager: Shutting down and abandoning module SourceCodeAccess (186)
[2018.02.10-18.58.00:383][284]LogModuleManager: Shutting down and abandoning module HeadMountedDisplay (184)
[2018.02.10-18.58.00:383][284]LogModuleManager: Shutting down and abandoning module XAudio2 (182)
[2018.02.10-18.58.00:383][284]LogModuleManager: Shutting down and abandoning module Networking (180)
[2018.02.10-18.58.00:383][284]LogModuleManager: Shutting down and abandoning module Core (178)
[2018.02.10-18.58.00:383][284]LogModuleManager: Shutting down and abandoning module LevelSequence (174)
[2018.02.10-18.58.00:383][284]LogModuleManager: Shutting down and abandoning module DirectoryWatcher (172)
[2018.02.10-18.58.00:386][284]LogModuleManager: Shutting down and abandoning module KismetCompiler (170)
[2018.02.10-18.58.00:386][284]LogModuleManager: Shutting down and abandoning module MeshUtilities (168)
[2018.02.10-18.58.00:386][284]LogModuleManager: Shutting down and abandoning module MeshMergeUtilities (167)
[2018.02.10-18.58.00:386][284]LogModuleManager: Shutting down and abandoning module MeshReductionInterface (166)
[2018.02.10-18.58.00:386][284]LogModuleManager: Shutting down and abandoning module SimplygonSwarm (165)
[2018.02.10-18.58.00:386][284]LogModuleManager: Shutting down and abandoning module SimplygonMeshReduction (163)
[2018.02.10-18.58.00:386][284]LogModuleManager: Shutting down and abandoning module QuadricMeshReduction (161)
[2018.02.10-18.58.00:386][284]LogModuleManager: Shutting down and abandoning module MaterialBaking (157)
[2018.02.10-18.58.00:386][284]LogModuleManager: Shutting down and abandoning module DerivedDataCache (154)
[2018.02.10-18.58.00:442][284]LogDerivedDataCache: Shutdown
[2018.02.10-18.58.00:442][284]LogModuleManager: Shutting down and abandoning module TargetPlatform (152)
[2018.02.10-18.58.00:442][284]LogModuleManager: Shutting down and abandoning module VulkanShaderFormat (151)
[2018.02.10-18.58.00:442][284]LogModuleManager: Shutting down and abandoning module ShaderFormatVectorVM (149)
[2018.02.10-18.58.00:443][284]LogModuleManager: Shutting down and abandoning module ShaderFormatOpenGL (147)
[2018.02.10-18.58.00:443][284]LogModuleManager: Shutting down and abandoning module ShaderFormatD3D (145)
[2018.02.10-18.58.00:443][284]LogModuleManager: Shutting down and abandoning module MetalShaderFormat (143)
[2018.02.10-18.58.00:443][284]LogModuleManager: Shutting down and abandoning module TextureFormatUncompressed (141)
[2018.02.10-18.58.00:443][284]LogModuleManager: Shutting down and abandoning module TextureFormatPVR (139)
[2018.02.10-18.58.00:443][284]LogModuleManager: Shutting down and abandoning module TextureFormatDXT (137)
[2018.02.10-18.58.00:443][284]LogModuleManager: Shutting down and abandoning module TextureFormatIntelISPCTexComp (135)
[2018.02.10-18.58.00:443][284]LogModuleManager: Shutting down and abandoning module TextureFormatASTC (133)
[2018.02.10-18.58.00:443][284]LogModuleManager: Shutting down and abandoning module ImageWrapper (132)
[2018.02.10-18.58.00:443][284]LogModuleManager: Shutting down and abandoning module TextureFormatAndroid (129)
[2018.02.10-18.58.00:443][284]LogModuleManager: Shutting down and abandoning module AudioFormatOpus (127)
[2018.02.10-18.58.00:443][284]LogModuleManager: Shutting down and abandoning module AudioFormatOgg (125)
[2018.02.10-18.58.00:443][284]LogModuleManager: Shutting down and abandoning module AudioFormatADPCM (123)
[2018.02.10-18.58.00:443][284]LogModuleManager: Shutting down and abandoning module LinuxTargetPlatform (121)
[2018.02.10-18.58.00:443][284]LogModuleManager: Shutting down and abandoning module LinuxServerTargetPlatform (119)
[2018.02.10-18.58.00:443][284]LogModuleManager: Shutting down and abandoning module LinuxNoEditorTargetPlatform (117)
[2018.02.10-18.58.00:443][284]LogModuleManager: Shutting down and abandoning module LinuxClientTargetPlatform (115)
[2018.02.10-18.58.00:443][284]LogModuleManager: Shutting down and abandoning module TVOSTargetPlatform (113)
[2018.02.10-18.58.00:443][284]LogModuleManager: Shutting down and abandoning module Messaging (111)
[2018.02.10-18.58.00:444][284]LogModuleManager: Shutting down and abandoning module IOSTargetPlatform (109)
[2018.02.10-18.58.00:444][284]LogModuleManager: Shutting down and abandoning module HTML5TargetPlatform (107)
[2018.02.10-18.58.00:444][284]LogModuleManager: Shutting down and abandoning module AndroidTargetPlatform (105)
[2018.02.10-18.58.00:444][284]LogModuleManager: Shutting down and abandoning module Android_PVRTCTargetPlatform (103)
[2018.02.10-18.58.00:444][284]LogModuleManager: Shutting down and abandoning module Android_MultiTargetPlatform (101)
[2018.02.10-18.58.00:444][284]LogModuleManager: Shutting down and abandoning module Android_ETC2TargetPlatform (99)
[2018.02.10-18.58.00:444][284]LogModuleManager: Shutting down and abandoning module Android_ETC1TargetPlatform (97)
[2018.02.10-18.58.00:444][284]LogModuleManager: Shutting down and abandoning module Android_DXTTargetPlatform (95)
[2018.02.10-18.58.00:444][284]LogModuleManager: Shutting down and abandoning module Android_ATCTargetPlatform (93)
[2018.02.10-18.58.00:444][284]LogModuleManager: Shutting down and abandoning module Android_ASTCTargetPlatform (91)
[2018.02.10-18.58.00:444][284]LogModuleManager: Shutting down and abandoning module WindowsTargetPlatform (89)
[2018.02.10-18.58.00:444][284]LogModuleManager: Shutting down and abandoning module WindowsServerTargetPlatform (87)
[2018.02.10-18.58.00:444][284]LogModuleManager: Shutting down and abandoning module WindowsNoEditorTargetPlatform (85)
[2018.02.10-18.58.00:444][284]LogModuleManager: Shutting down and abandoning module WindowsClientTargetPlatform (83)
[2018.02.10-18.58.00:444][284]LogModuleManager: Shutting down and abandoning module MacTargetPlatform (81)
[2018.02.10-18.58.00:444][284]LogModuleManager: Shutting down and abandoning module MacServerTargetPlatform (79)
[2018.02.10-18.58.00:444][284]LogModuleManager: Shutting down and abandoning module MacNoEditorTargetPlatform (77)
[2018.02.10-18.58.00:444][284]LogModuleManager: Shutting down and abandoning module MacClientTargetPlatform (75)
[2018.02.10-18.58.00:444][284]LogModuleManager: Shutting down and abandoning module AllDesktopTargetPlatform (73)
[2018.02.10-18.58.00:444][284]LogModuleManager: Shutting down and abandoning module InputCore (70)
[2018.02.10-18.58.00:444][284]LogModuleManager: Shutting down and abandoning module Settings (68)
[2018.02.10-18.58.00:444][284]LogModuleManager: Shutting down and abandoning module PhysXCooking (66)
[2018.02.10-18.58.00:444][284]LogModuleManager: Shutting down and abandoning module SteamVR (64)
[2018.02.10-18.58.00:445][284]LogModuleManager: Shutting down and abandoning module OculusHMD (62)
[2018.02.10-18.58.00:445][284]LogModuleManager: Shutting down and abandoning module ExampleDeviceProfileSelector (60)
[2018.02.10-18.58.00:445][284]LogModuleManager: Shutting down and abandoning module AppleARKit (58)
[2018.02.10-18.58.00:445][284]LogModuleManager: Shutting down and abandoning module AugmentedReality (57)
[2018.02.10-18.58.00:445][284]LogModuleManager: Shutting down and abandoning module OnlineBlueprintSupport (54)
[2018.02.10-18.58.00:445][284]LogModuleManager: Shutting down and abandoning module OnlineSubsystem (50)
[2018.02.10-18.58.00:445][284]LogOnline: Display: OSS: FOnlineSubsystemNull::Shutdown()
[2018.02.10-18.58.00:445][284]LogOnline: Display: OSS: FOnlineAsyncTaskManager::Stop() ActiveTask:0000000000000000 Tasks[0/0]
[2018.02.10-18.58.00:447][284]LogOnline: Display: OSS: FOnlineAsyncTaskManager::Exit() started
[2018.02.10-18.58.00:447][284]LogOnline: Display: OSS: FOnlineAsyncTaskManager::Exit() finished
[2018.02.10-18.58.00:447][284]LogModuleManager: Shutting down and abandoning module XMPP (43)
[2018.02.10-18.58.00:447][284]LogModuleManager: Shutting down and abandoning module HTTP (41)
[2018.02.10-18.58.00:447][284]LogHttp: Display: Http module shutting down, but needs to wait on 1 outstanding Http requests:
[2018.02.10-18.58.00:448][284]LogHttp: Display: 	verb=[POST] url=[https://datarouter.ol.epicgames.com/datarouter/api/v1/public/data?SessionID=%7B82BE8FDA-403C-412E-D219-EA85F46F4458%7D&AppID=UEEditor.Rocket.Release&AppVersion=4.18.3-3832480%2B%2B%2BUE4%2BRelease-4.18&UserID=237aaea74e78b8f840900da3ea618b78%7Ce2a335f1a7a447ebadf0dc00688835c6%7C3e13b120-8d89-4893-88c9-28efd199c41b&AppEnvironment=datacollector-binary&UploadType=eteventstream] status=Processing
[2018.02.10-18.58.00:467][284]LogModuleManager: Shutting down and abandoning module SSL (40)
[2018.02.10-18.58.00:470][284]LogModuleManager: Shutting down and abandoning module AnimationModifiers (36)
[2018.02.10-18.58.00:470][284]LogModuleManager: Shutting down and abandoning module PropertyEditor (35)
[2018.02.10-18.58.00:470][284]LogModuleManager: Shutting down and abandoning module AudioEditor (32)
[2018.02.10-18.58.00:470][284]LogModuleManager: Shutting down and abandoning module TextureCompressor (30)
[2018.02.10-18.58.00:471][284]LogModuleManager: Shutting down and abandoning module ShaderCore (28)
[2018.02.10-18.58.00:471][284]LogModuleManager: Shutting down and abandoning module Landscape (26)
[2018.02.10-18.58.00:471][284]LogModuleManager: Shutting down and abandoning module SlateRHIRenderer (24)
[2018.02.10-18.58.00:473][284]LogModuleManager: Shutting down and abandoning module OpenGLDrv (22)
[2018.02.10-18.58.00:473][284]LogModuleManager: Shutting down and abandoning module D3D11RHI (20)
[2018.02.10-18.58.00:473][284]LogModuleManager: Shutting down and abandoning module AnimGraphRuntime (18)
[2018.02.10-18.58.00:473][284]LogModuleManager: Shutting down and abandoning module Renderer (16)
[2018.02.10-18.58.00:473][284]LogModuleManager: Shutting down and abandoning module Engine (14)
[2018.02.10-18.58.00:473][284]LogModuleManager: Shutting down and abandoning module CoreUObject (12)
[2018.02.10-18.58.00:473][284]LogModuleManager: Shutting down and abandoning module NetworkFile (10)
[2018.02.10-18.58.00:473][284]LogModuleManager: Shutting down and abandoning module CookedIterativeFile (8)
[2018.02.10-18.58.00:473][284]LogModuleManager: Shutting down and abandoning module StreamingFile (6)
[2018.02.10-18.58.00:473][284]LogModuleManager: Shutting down and abandoning module SandboxFile (4)
[2018.02.10-18.58.00:473][284]LogModuleManager: Shutting down and abandoning module PakFile (2)
[2018.02.10-18.58.00:481][284]LogExit: Exiting.
[2018.02.10-18.58.00:523][284]Log file closed, 02/10/18 10:58:00
